[2025-03-06T23:40:22.398+0100] {processor.py:186} INFO - Started process (PID=56444) to work on /home/erij/Erij_Mazouz_4DS8_churn_ml_project/venv/lib/python3.8/site-packages/airflow/example_dags/subdags/subdag.py
[2025-03-06T23:40:22.399+0100] {processor.py:914} INFO - Processing file /home/erij/Erij_Mazouz_4DS8_churn_ml_project/venv/lib/python3.8/site-packages/airflow/example_dags/subdags/subdag.py for tasks to queue
[2025-03-06T23:40:22.401+0100] {logging_mixin.py:190} INFO - [2025-03-06T23:40:22.401+0100] {dagbag.py:588} INFO - Filling up the DagBag from /home/erij/Erij_Mazouz_4DS8_churn_ml_project/venv/lib/python3.8/site-packages/airflow/example_dags/subdags/subdag.py
[2025-03-06T23:40:22.403+0100] {processor.py:927} WARNING - No viable dags retrieved from /home/erij/Erij_Mazouz_4DS8_churn_ml_project/venv/lib/python3.8/site-packages/airflow/example_dags/subdags/subdag.py
[2025-03-06T23:40:22.410+0100] {processor.py:208} INFO - Processing /home/erij/Erij_Mazouz_4DS8_churn_ml_project/venv/lib/python3.8/site-packages/airflow/example_dags/subdags/subdag.py took 0.017 seconds
[2025-03-06T23:41:37.311+0100] {processor.py:186} INFO - Started process (PID=56632) to work on /home/erij/Erij_Mazouz_4DS8_churn_ml_project/venv/lib/python3.8/site-packages/airflow/example_dags/subdags/subdag.py
[2025-03-06T23:41:37.313+0100] {processor.py:914} INFO - Processing file /home/erij/Erij_Mazouz_4DS8_churn_ml_project/venv/lib/python3.8/site-packages/airflow/example_dags/subdags/subdag.py for tasks to queue
[2025-03-06T23:41:37.315+0100] {logging_mixin.py:190} INFO - [2025-03-06T23:41:37.315+0100] {dagbag.py:588} INFO - Filling up the DagBag from /home/erij/Erij_Mazouz_4DS8_churn_ml_project/venv/lib/python3.8/site-packages/airflow/example_dags/subdags/subdag.py
[2025-03-06T23:41:37.317+0100] {processor.py:927} WARNING - No viable dags retrieved from /home/erij/Erij_Mazouz_4DS8_churn_ml_project/venv/lib/python3.8/site-packages/airflow/example_dags/subdags/subdag.py
[2025-03-06T23:41:37.324+0100] {processor.py:208} INFO - Processing /home/erij/Erij_Mazouz_4DS8_churn_ml_project/venv/lib/python3.8/site-packages/airflow/example_dags/subdags/subdag.py took 0.018 seconds
[2025-03-06T23:42:56.276+0100] {processor.py:186} INFO - Started process (PID=56811) to work on /home/erij/Erij_Mazouz_4DS8_churn_ml_project/venv/lib/python3.8/site-packages/airflow/example_dags/subdags/subdag.py
[2025-03-06T23:42:56.277+0100] {processor.py:914} INFO - Processing file /home/erij/Erij_Mazouz_4DS8_churn_ml_project/venv/lib/python3.8/site-packages/airflow/example_dags/subdags/subdag.py for tasks to queue
[2025-03-06T23:42:56.279+0100] {logging_mixin.py:190} INFO - [2025-03-06T23:42:56.279+0100] {dagbag.py:588} INFO - Filling up the DagBag from /home/erij/Erij_Mazouz_4DS8_churn_ml_project/venv/lib/python3.8/site-packages/airflow/example_dags/subdags/subdag.py
[2025-03-06T23:42:56.281+0100] {processor.py:927} WARNING - No viable dags retrieved from /home/erij/Erij_Mazouz_4DS8_churn_ml_project/venv/lib/python3.8/site-packages/airflow/example_dags/subdags/subdag.py
[2025-03-06T23:42:56.289+0100] {processor.py:208} INFO - Processing /home/erij/Erij_Mazouz_4DS8_churn_ml_project/venv/lib/python3.8/site-packages/airflow/example_dags/subdags/subdag.py took 0.018 seconds
[2025-03-06T23:44:14.408+0100] {processor.py:186} INFO - Started process (PID=56983) to work on /home/erij/Erij_Mazouz_4DS8_churn_ml_project/venv/lib/python3.8/site-packages/airflow/example_dags/subdags/subdag.py
[2025-03-06T23:44:14.411+0100] {processor.py:914} INFO - Processing file /home/erij/Erij_Mazouz_4DS8_churn_ml_project/venv/lib/python3.8/site-packages/airflow/example_dags/subdags/subdag.py for tasks to queue
[2025-03-06T23:44:14.413+0100] {logging_mixin.py:190} INFO - [2025-03-06T23:44:14.413+0100] {dagbag.py:588} INFO - Filling up the DagBag from /home/erij/Erij_Mazouz_4DS8_churn_ml_project/venv/lib/python3.8/site-packages/airflow/example_dags/subdags/subdag.py
[2025-03-06T23:44:14.415+0100] {processor.py:927} WARNING - No viable dags retrieved from /home/erij/Erij_Mazouz_4DS8_churn_ml_project/venv/lib/python3.8/site-packages/airflow/example_dags/subdags/subdag.py
[2025-03-06T23:44:14.424+0100] {processor.py:208} INFO - Processing /home/erij/Erij_Mazouz_4DS8_churn_ml_project/venv/lib/python3.8/site-packages/airflow/example_dags/subdags/subdag.py took 0.021 seconds
[2025-03-06T23:45:39.506+0100] {processor.py:186} INFO - Started process (PID=57201) to work on /home/erij/Erij_Mazouz_4DS8_churn_ml_project/venv/lib/python3.8/site-packages/airflow/example_dags/subdags/subdag.py
[2025-03-06T23:45:39.507+0100] {processor.py:914} INFO - Processing file /home/erij/Erij_Mazouz_4DS8_churn_ml_project/venv/lib/python3.8/site-packages/airflow/example_dags/subdags/subdag.py for tasks to queue
[2025-03-06T23:45:39.509+0100] {logging_mixin.py:190} INFO - [2025-03-06T23:45:39.508+0100] {dagbag.py:588} INFO - Filling up the DagBag from /home/erij/Erij_Mazouz_4DS8_churn_ml_project/venv/lib/python3.8/site-packages/airflow/example_dags/subdags/subdag.py
[2025-03-06T23:45:39.510+0100] {processor.py:927} WARNING - No viable dags retrieved from /home/erij/Erij_Mazouz_4DS8_churn_ml_project/venv/lib/python3.8/site-packages/airflow/example_dags/subdags/subdag.py
[2025-03-06T23:45:39.518+0100] {processor.py:208} INFO - Processing /home/erij/Erij_Mazouz_4DS8_churn_ml_project/venv/lib/python3.8/site-packages/airflow/example_dags/subdags/subdag.py took 0.017 seconds
[2025-03-06T23:46:38.004+0100] {processor.py:186} INFO - Started process (PID=57319) to work on /home/erij/Erij_Mazouz_4DS8_churn_ml_project/venv/lib/python3.8/site-packages/airflow/example_dags/subdags/subdag.py
[2025-03-06T23:46:38.007+0100] {processor.py:914} INFO - Processing file /home/erij/Erij_Mazouz_4DS8_churn_ml_project/venv/lib/python3.8/site-packages/airflow/example_dags/subdags/subdag.py for tasks to queue
[2025-03-06T23:46:38.009+0100] {logging_mixin.py:190} INFO - [2025-03-06T23:46:38.008+0100] {dagbag.py:588} INFO - Filling up the DagBag from /home/erij/Erij_Mazouz_4DS8_churn_ml_project/venv/lib/python3.8/site-packages/airflow/example_dags/subdags/subdag.py
[2025-03-06T23:46:38.010+0100] {processor.py:927} WARNING - No viable dags retrieved from /home/erij/Erij_Mazouz_4DS8_churn_ml_project/venv/lib/python3.8/site-packages/airflow/example_dags/subdags/subdag.py
[2025-03-06T23:46:38.017+0100] {processor.py:208} INFO - Processing /home/erij/Erij_Mazouz_4DS8_churn_ml_project/venv/lib/python3.8/site-packages/airflow/example_dags/subdags/subdag.py took 0.018 seconds
[2025-03-06T23:48:02.126+0100] {processor.py:186} INFO - Started process (PID=57496) to work on /home/erij/Erij_Mazouz_4DS8_churn_ml_project/venv/lib/python3.8/site-packages/airflow/example_dags/subdags/subdag.py
[2025-03-06T23:48:02.128+0100] {processor.py:914} INFO - Processing file /home/erij/Erij_Mazouz_4DS8_churn_ml_project/venv/lib/python3.8/site-packages/airflow/example_dags/subdags/subdag.py for tasks to queue
[2025-03-06T23:48:02.130+0100] {logging_mixin.py:190} INFO - [2025-03-06T23:48:02.130+0100] {dagbag.py:588} INFO - Filling up the DagBag from /home/erij/Erij_Mazouz_4DS8_churn_ml_project/venv/lib/python3.8/site-packages/airflow/example_dags/subdags/subdag.py
[2025-03-06T23:48:02.132+0100] {processor.py:927} WARNING - No viable dags retrieved from /home/erij/Erij_Mazouz_4DS8_churn_ml_project/venv/lib/python3.8/site-packages/airflow/example_dags/subdags/subdag.py
[2025-03-06T23:48:02.140+0100] {processor.py:208} INFO - Processing /home/erij/Erij_Mazouz_4DS8_churn_ml_project/venv/lib/python3.8/site-packages/airflow/example_dags/subdags/subdag.py took 0.019 seconds
[2025-03-06T23:49:26.245+0100] {processor.py:186} INFO - Started process (PID=57665) to work on /home/erij/Erij_Mazouz_4DS8_churn_ml_project/venv/lib/python3.8/site-packages/airflow/example_dags/subdags/subdag.py
[2025-03-06T23:49:26.247+0100] {processor.py:914} INFO - Processing file /home/erij/Erij_Mazouz_4DS8_churn_ml_project/venv/lib/python3.8/site-packages/airflow/example_dags/subdags/subdag.py for tasks to queue
[2025-03-06T23:49:26.249+0100] {logging_mixin.py:190} INFO - [2025-03-06T23:49:26.249+0100] {dagbag.py:588} INFO - Filling up the DagBag from /home/erij/Erij_Mazouz_4DS8_churn_ml_project/venv/lib/python3.8/site-packages/airflow/example_dags/subdags/subdag.py
[2025-03-06T23:49:26.251+0100] {processor.py:927} WARNING - No viable dags retrieved from /home/erij/Erij_Mazouz_4DS8_churn_ml_project/venv/lib/python3.8/site-packages/airflow/example_dags/subdags/subdag.py
[2025-03-06T23:49:26.259+0100] {processor.py:208} INFO - Processing /home/erij/Erij_Mazouz_4DS8_churn_ml_project/venv/lib/python3.8/site-packages/airflow/example_dags/subdags/subdag.py took 0.019 seconds
[2025-03-06T23:50:48.403+0100] {processor.py:186} INFO - Started process (PID=57836) to work on /home/erij/Erij_Mazouz_4DS8_churn_ml_project/venv/lib/python3.8/site-packages/airflow/example_dags/subdags/subdag.py
[2025-03-06T23:50:48.405+0100] {processor.py:914} INFO - Processing file /home/erij/Erij_Mazouz_4DS8_churn_ml_project/venv/lib/python3.8/site-packages/airflow/example_dags/subdags/subdag.py for tasks to queue
[2025-03-06T23:50:48.407+0100] {logging_mixin.py:190} INFO - [2025-03-06T23:50:48.406+0100] {dagbag.py:588} INFO - Filling up the DagBag from /home/erij/Erij_Mazouz_4DS8_churn_ml_project/venv/lib/python3.8/site-packages/airflow/example_dags/subdags/subdag.py
[2025-03-06T23:50:48.408+0100] {processor.py:927} WARNING - No viable dags retrieved from /home/erij/Erij_Mazouz_4DS8_churn_ml_project/venv/lib/python3.8/site-packages/airflow/example_dags/subdags/subdag.py
[2025-03-06T23:50:48.416+0100] {processor.py:208} INFO - Processing /home/erij/Erij_Mazouz_4DS8_churn_ml_project/venv/lib/python3.8/site-packages/airflow/example_dags/subdags/subdag.py took 0.017 seconds
[2025-03-06T23:52:12.178+0100] {processor.py:186} INFO - Started process (PID=58000) to work on /home/erij/Erij_Mazouz_4DS8_churn_ml_project/venv/lib/python3.8/site-packages/airflow/example_dags/subdags/subdag.py
[2025-03-06T23:52:12.180+0100] {processor.py:914} INFO - Processing file /home/erij/Erij_Mazouz_4DS8_churn_ml_project/venv/lib/python3.8/site-packages/airflow/example_dags/subdags/subdag.py for tasks to queue
[2025-03-06T23:52:12.182+0100] {logging_mixin.py:190} INFO - [2025-03-06T23:52:12.182+0100] {dagbag.py:588} INFO - Filling up the DagBag from /home/erij/Erij_Mazouz_4DS8_churn_ml_project/venv/lib/python3.8/site-packages/airflow/example_dags/subdags/subdag.py
[2025-03-06T23:52:12.184+0100] {processor.py:927} WARNING - No viable dags retrieved from /home/erij/Erij_Mazouz_4DS8_churn_ml_project/venv/lib/python3.8/site-packages/airflow/example_dags/subdags/subdag.py
[2025-03-06T23:52:12.192+0100] {processor.py:208} INFO - Processing /home/erij/Erij_Mazouz_4DS8_churn_ml_project/venv/lib/python3.8/site-packages/airflow/example_dags/subdags/subdag.py took 0.020 seconds
[2025-03-06T23:53:37.323+0100] {processor.py:186} INFO - Started process (PID=58186) to work on /home/erij/Erij_Mazouz_4DS8_churn_ml_project/venv/lib/python3.8/site-packages/airflow/example_dags/subdags/subdag.py
[2025-03-06T23:53:37.325+0100] {processor.py:914} INFO - Processing file /home/erij/Erij_Mazouz_4DS8_churn_ml_project/venv/lib/python3.8/site-packages/airflow/example_dags/subdags/subdag.py for tasks to queue
[2025-03-06T23:53:37.327+0100] {logging_mixin.py:190} INFO - [2025-03-06T23:53:37.327+0100] {dagbag.py:588} INFO - Filling up the DagBag from /home/erij/Erij_Mazouz_4DS8_churn_ml_project/venv/lib/python3.8/site-packages/airflow/example_dags/subdags/subdag.py
[2025-03-06T23:53:37.329+0100] {processor.py:927} WARNING - No viable dags retrieved from /home/erij/Erij_Mazouz_4DS8_churn_ml_project/venv/lib/python3.8/site-packages/airflow/example_dags/subdags/subdag.py
[2025-03-06T23:53:37.336+0100] {processor.py:208} INFO - Processing /home/erij/Erij_Mazouz_4DS8_churn_ml_project/venv/lib/python3.8/site-packages/airflow/example_dags/subdags/subdag.py took 0.018 seconds
[2025-03-06T23:54:35.712+0100] {processor.py:186} INFO - Started process (PID=58568) to work on /home/erij/Erij_Mazouz_4DS8_churn_ml_project/venv/lib/python3.8/site-packages/airflow/example_dags/subdags/subdag.py
[2025-03-06T23:54:35.713+0100] {processor.py:914} INFO - Processing file /home/erij/Erij_Mazouz_4DS8_churn_ml_project/venv/lib/python3.8/site-packages/airflow/example_dags/subdags/subdag.py for tasks to queue
[2025-03-06T23:54:35.715+0100] {logging_mixin.py:190} INFO - [2025-03-06T23:54:35.715+0100] {dagbag.py:588} INFO - Filling up the DagBag from /home/erij/Erij_Mazouz_4DS8_churn_ml_project/venv/lib/python3.8/site-packages/airflow/example_dags/subdags/subdag.py
[2025-03-06T23:54:35.717+0100] {processor.py:927} WARNING - No viable dags retrieved from /home/erij/Erij_Mazouz_4DS8_churn_ml_project/venv/lib/python3.8/site-packages/airflow/example_dags/subdags/subdag.py
[2025-03-06T23:54:35.728+0100] {processor.py:208} INFO - Processing /home/erij/Erij_Mazouz_4DS8_churn_ml_project/venv/lib/python3.8/site-packages/airflow/example_dags/subdags/subdag.py took 0.022 seconds
[2025-03-06T23:56:03.643+0100] {processor.py:186} INFO - Started process (PID=59180) to work on /home/erij/Erij_Mazouz_4DS8_churn_ml_project/venv/lib/python3.8/site-packages/airflow/example_dags/subdags/subdag.py
[2025-03-06T23:56:03.645+0100] {processor.py:914} INFO - Processing file /home/erij/Erij_Mazouz_4DS8_churn_ml_project/venv/lib/python3.8/site-packages/airflow/example_dags/subdags/subdag.py for tasks to queue
[2025-03-06T23:56:03.647+0100] {logging_mixin.py:190} INFO - [2025-03-06T23:56:03.646+0100] {dagbag.py:588} INFO - Filling up the DagBag from /home/erij/Erij_Mazouz_4DS8_churn_ml_project/venv/lib/python3.8/site-packages/airflow/example_dags/subdags/subdag.py
[2025-03-06T23:56:03.648+0100] {processor.py:927} WARNING - No viable dags retrieved from /home/erij/Erij_Mazouz_4DS8_churn_ml_project/venv/lib/python3.8/site-packages/airflow/example_dags/subdags/subdag.py
[2025-03-06T23:56:03.656+0100] {processor.py:208} INFO - Processing /home/erij/Erij_Mazouz_4DS8_churn_ml_project/venv/lib/python3.8/site-packages/airflow/example_dags/subdags/subdag.py took 0.018 seconds
[2025-03-06T23:57:25.756+0100] {processor.py:186} INFO - Started process (PID=59378) to work on /home/erij/Erij_Mazouz_4DS8_churn_ml_project/venv/lib/python3.8/site-packages/airflow/example_dags/subdags/subdag.py
[2025-03-06T23:57:25.757+0100] {processor.py:914} INFO - Processing file /home/erij/Erij_Mazouz_4DS8_churn_ml_project/venv/lib/python3.8/site-packages/airflow/example_dags/subdags/subdag.py for tasks to queue
[2025-03-06T23:57:25.760+0100] {logging_mixin.py:190} INFO - [2025-03-06T23:57:25.759+0100] {dagbag.py:588} INFO - Filling up the DagBag from /home/erij/Erij_Mazouz_4DS8_churn_ml_project/venv/lib/python3.8/site-packages/airflow/example_dags/subdags/subdag.py
[2025-03-06T23:57:25.761+0100] {processor.py:927} WARNING - No viable dags retrieved from /home/erij/Erij_Mazouz_4DS8_churn_ml_project/venv/lib/python3.8/site-packages/airflow/example_dags/subdags/subdag.py
[2025-03-06T23:57:25.769+0100] {processor.py:208} INFO - Processing /home/erij/Erij_Mazouz_4DS8_churn_ml_project/venv/lib/python3.8/site-packages/airflow/example_dags/subdags/subdag.py took 0.019 seconds
[2025-03-06T23:58:46.247+0100] {processor.py:186} INFO - Started process (PID=59590) to work on /home/erij/Erij_Mazouz_4DS8_churn_ml_project/venv/lib/python3.8/site-packages/airflow/example_dags/subdags/subdag.py
[2025-03-06T23:58:46.249+0100] {processor.py:914} INFO - Processing file /home/erij/Erij_Mazouz_4DS8_churn_ml_project/venv/lib/python3.8/site-packages/airflow/example_dags/subdags/subdag.py for tasks to queue
[2025-03-06T23:58:46.251+0100] {logging_mixin.py:190} INFO - [2025-03-06T23:58:46.251+0100] {dagbag.py:588} INFO - Filling up the DagBag from /home/erij/Erij_Mazouz_4DS8_churn_ml_project/venv/lib/python3.8/site-packages/airflow/example_dags/subdags/subdag.py
[2025-03-06T23:58:46.253+0100] {processor.py:927} WARNING - No viable dags retrieved from /home/erij/Erij_Mazouz_4DS8_churn_ml_project/venv/lib/python3.8/site-packages/airflow/example_dags/subdags/subdag.py
[2025-03-06T23:58:46.261+0100] {processor.py:208} INFO - Processing /home/erij/Erij_Mazouz_4DS8_churn_ml_project/venv/lib/python3.8/site-packages/airflow/example_dags/subdags/subdag.py took 0.019 seconds
[2025-03-07T00:00:01.782+0100] {processor.py:186} INFO - Started process (PID=59810) to work on /home/erij/Erij_Mazouz_4DS8_churn_ml_project/venv/lib/python3.8/site-packages/airflow/example_dags/subdags/subdag.py
[2025-03-07T00:00:01.783+0100] {processor.py:914} INFO - Processing file /home/erij/Erij_Mazouz_4DS8_churn_ml_project/venv/lib/python3.8/site-packages/airflow/example_dags/subdags/subdag.py for tasks to queue
[2025-03-07T00:00:01.785+0100] {logging_mixin.py:190} INFO - [2025-03-07T00:00:01.785+0100] {dagbag.py:588} INFO - Filling up the DagBag from /home/erij/Erij_Mazouz_4DS8_churn_ml_project/venv/lib/python3.8/site-packages/airflow/example_dags/subdags/subdag.py
[2025-03-07T00:00:01.787+0100] {processor.py:927} WARNING - No viable dags retrieved from /home/erij/Erij_Mazouz_4DS8_churn_ml_project/venv/lib/python3.8/site-packages/airflow/example_dags/subdags/subdag.py
[2025-03-07T00:00:01.796+0100] {processor.py:208} INFO - Processing /home/erij/Erij_Mazouz_4DS8_churn_ml_project/venv/lib/python3.8/site-packages/airflow/example_dags/subdags/subdag.py took 0.019 seconds
[2025-03-07T00:01:22.248+0100] {processor.py:186} INFO - Started process (PID=60091) to work on /home/erij/Erij_Mazouz_4DS8_churn_ml_project/venv/lib/python3.8/site-packages/airflow/example_dags/subdags/subdag.py
[2025-03-07T00:01:22.250+0100] {processor.py:914} INFO - Processing file /home/erij/Erij_Mazouz_4DS8_churn_ml_project/venv/lib/python3.8/site-packages/airflow/example_dags/subdags/subdag.py for tasks to queue
[2025-03-07T00:01:22.253+0100] {logging_mixin.py:190} INFO - [2025-03-07T00:01:22.252+0100] {dagbag.py:588} INFO - Filling up the DagBag from /home/erij/Erij_Mazouz_4DS8_churn_ml_project/venv/lib/python3.8/site-packages/airflow/example_dags/subdags/subdag.py
[2025-03-07T00:01:22.255+0100] {processor.py:927} WARNING - No viable dags retrieved from /home/erij/Erij_Mazouz_4DS8_churn_ml_project/venv/lib/python3.8/site-packages/airflow/example_dags/subdags/subdag.py
[2025-03-07T00:01:22.264+0100] {processor.py:208} INFO - Processing /home/erij/Erij_Mazouz_4DS8_churn_ml_project/venv/lib/python3.8/site-packages/airflow/example_dags/subdags/subdag.py took 0.022 seconds
[2025-03-07T00:02:47.598+0100] {processor.py:186} INFO - Started process (PID=60384) to work on /home/erij/Erij_Mazouz_4DS8_churn_ml_project/venv/lib/python3.8/site-packages/airflow/example_dags/subdags/subdag.py
[2025-03-07T00:02:47.601+0100] {processor.py:914} INFO - Processing file /home/erij/Erij_Mazouz_4DS8_churn_ml_project/venv/lib/python3.8/site-packages/airflow/example_dags/subdags/subdag.py for tasks to queue
[2025-03-07T00:02:47.602+0100] {logging_mixin.py:190} INFO - [2025-03-07T00:02:47.602+0100] {dagbag.py:588} INFO - Filling up the DagBag from /home/erij/Erij_Mazouz_4DS8_churn_ml_project/venv/lib/python3.8/site-packages/airflow/example_dags/subdags/subdag.py
[2025-03-07T00:02:47.604+0100] {processor.py:927} WARNING - No viable dags retrieved from /home/erij/Erij_Mazouz_4DS8_churn_ml_project/venv/lib/python3.8/site-packages/airflow/example_dags/subdags/subdag.py
[2025-03-07T00:02:47.612+0100] {processor.py:208} INFO - Processing /home/erij/Erij_Mazouz_4DS8_churn_ml_project/venv/lib/python3.8/site-packages/airflow/example_dags/subdags/subdag.py took 0.021 seconds
