[2025-03-01T00:10:43.299+0100] {local_task_job_runner.py:123} INFO - ::group::Pre task execution logs
[2025-03-01T00:10:43.307+0100] {taskinstance.py:2614} INFO - Dependencies all met for dep_context=non-requeueable deps ti=<TaskInstance: ml_project_dag.evaluate_model manual__2025-02-28T23:10:14.700480+00:00 [queued]>
[2025-03-01T00:10:43.313+0100] {taskinstance.py:2614} INFO - Dependencies all met for dep_context=requeueable deps ti=<TaskInstance: ml_project_dag.evaluate_model manual__2025-02-28T23:10:14.700480+00:00 [queued]>
[2025-03-01T00:10:43.313+0100] {taskinstance.py:2867} INFO - Starting attempt 1 of 1
[2025-03-01T00:10:43.326+0100] {taskinstance.py:2890} INFO - Executing <Task(PythonOperator): evaluate_model> on 2025-02-28 23:10:14.700480+00:00
[2025-03-01T00:10:43.330+0100] {standard_task_runner.py:72} INFO - Started process 14394 to run task
[2025-03-01T00:10:43.334+0100] {standard_task_runner.py:104} INFO - Running: ['airflow', 'tasks', 'run', 'ml_project_dag', 'evaluate_model', 'manual__2025-02-28T23:10:14.700480+00:00', '--job-id', '107', '--raw', '--subdir', 'DAGS_FOLDER/ml_project_dag.py', '--cfg-path', '/tmp/tmpshhpayb7']
[2025-03-01T00:10:43.335+0100] {standard_task_runner.py:105} INFO - Job 107: Subtask evaluate_model
[2025-03-01T00:10:43.370+0100] {task_command.py:467} INFO - Running <TaskInstance: ml_project_dag.evaluate_model manual__2025-02-28T23:10:14.700480+00:00 [running]> on host LAPTOP-M4D67JM4.
[2025-03-01T00:10:43.420+0100] {taskinstance.py:3134} INFO - Exporting env vars: AIRFLOW_CTX_DAG_OWNER='airflow' AIRFLOW_CTX_DAG_ID='ml_project_dag' AIRFLOW_CTX_TASK_ID='evaluate_model' AIRFLOW_CTX_EXECUTION_DATE='2025-02-28T23:10:14.700480+00:00' AIRFLOW_CTX_TRY_NUMBER='1' AIRFLOW_CTX_DAG_RUN_ID='manual__2025-02-28T23:10:14.700480+00:00'
[2025-03-01T00:10:43.421+0100] {logging_mixin.py:190} INFO - Task instance is in running state
[2025-03-01T00:10:43.421+0100] {logging_mixin.py:190} INFO -  Previous state of the Task instance: queued
[2025-03-01T00:10:43.422+0100] {logging_mixin.py:190} INFO - Current task name:evaluate_model state:running start_date:2025-02-28 23:10:43.308210+00:00
[2025-03-01T00:10:43.422+0100] {logging_mixin.py:190} INFO - Dag name:ml_project_dag and current dag run status:running
[2025-03-01T00:10:43.422+0100] {taskinstance.py:732} INFO - ::endgroup::
[2025-03-01T00:10:43.589+0100] {logging_mixin.py:190} WARNING - /home/erij/Erij_Mazouz_4DS8_churn_ml_project/venv/lib/python3.8/site-packages/sklearn/metrics/_plot/confusion_matrix.py:136 UserWarning: Starting a Matplotlib GUI outside of the main thread will likely fail.
[2025-03-01T00:10:43.817+0100] {logging_mixin.py:190} INFO - Accuracy score: 86.55804480651732
[2025-03-01T00:10:43.817+0100] {logging_mixin.py:190} INFO - Classification Report:
              precision    recall  f1-score   support

           0       0.92      0.93      0.92       425
           1       0.50      0.45      0.48        66

    accuracy                           0.87       491
   macro avg       0.71      0.69      0.70       491
weighted avg       0.86      0.87      0.86       491
[2025-03-01T00:10:43.818+0100] {logging_mixin.py:190} INFO - Confusion matrix saved as 'confusion_matrix.png'
[2025-03-01T00:10:43.818+0100] {logging_mixin.py:190} INFO - Accuracy: 0.8655804480651731
[2025-03-01T00:10:43.818+0100] {logging_mixin.py:190} INFO - Classification Report:
              precision    recall  f1-score   support

           0       0.92      0.93      0.92       425
           1       0.50      0.45      0.48        66

    accuracy                           0.87       491
   macro avg       0.71      0.69      0.70       491
weighted avg       0.86      0.87      0.86       491
[2025-03-01T00:10:43.818+0100] {python.py:240} INFO - Done. Returned value was: None
[2025-03-01T00:10:43.828+0100] {taskinstance.py:341} INFO - ::group::Post task execution logs
[2025-03-01T00:10:43.828+0100] {taskinstance.py:353} INFO - Marking task as SUCCESS. dag_id=ml_project_dag, task_id=evaluate_model, run_id=manual__2025-02-28T23:10:14.700480+00:00, execution_date=20250228T231014, start_date=20250228T231043, end_date=20250228T231043
[2025-03-01T00:10:43.850+0100] {logging_mixin.py:190} INFO - Task instance in success state
[2025-03-01T00:10:43.851+0100] {logging_mixin.py:190} INFO -  Previous state of the Task instance: running
[2025-03-01T00:10:43.851+0100] {logging_mixin.py:190} INFO - Dag name:ml_project_dag queued_at:2025-02-28 23:10:14.711039+00:00
[2025-03-01T00:10:43.851+0100] {logging_mixin.py:190} INFO - Task hostname:LAPTOP-M4D67JM4. operator:PythonOperator
[2025-03-01T00:10:43.870+0100] {local_task_job_runner.py:266} INFO - Task exited with return code 0
[2025-03-01T00:10:43.885+0100] {taskinstance.py:3901} INFO - 1 downstream tasks scheduled from follow-on schedule check
[2025-03-01T00:10:43.890+0100] {local_task_job_runner.py:245} INFO - ::endgroup::
