[2025-02-28T23:51:41.585+0100] {local_task_job_runner.py:123} INFO - ::group::Pre task execution logs
[2025-02-28T23:51:41.593+0100] {taskinstance.py:2614} INFO - Dependencies all met for dep_context=non-requeueable deps ti=<TaskInstance: ml_project_dag.make_predictions manual__2025-02-28T22:51:13.564183+00:00 [queued]>
[2025-02-28T23:51:41.597+0100] {taskinstance.py:2614} INFO - Dependencies all met for dep_context=requeueable deps ti=<TaskInstance: ml_project_dag.make_predictions manual__2025-02-28T22:51:13.564183+00:00 [queued]>
[2025-02-28T23:51:41.597+0100] {taskinstance.py:2867} INFO - Starting attempt 1 of 1
[2025-02-28T23:51:41.610+0100] {taskinstance.py:2890} INFO - Executing <Task(PythonOperator): make_predictions> on 2025-02-28 22:51:13.564183+00:00
[2025-02-28T23:51:41.614+0100] {standard_task_runner.py:72} INFO - Started process 12376 to run task
[2025-02-28T23:51:41.618+0100] {standard_task_runner.py:104} INFO - Running: ['airflow', 'tasks', 'run', 'ml_project_dag', 'make_predictions', 'manual__2025-02-28T22:51:13.564183+00:00', '--job-id', '99', '--raw', '--subdir', 'DAGS_FOLDER/ml_project_dag.py', '--cfg-path', '/tmp/tmpkxt8qd3l']
[2025-02-28T23:51:41.619+0100] {standard_task_runner.py:105} INFO - Job 99: Subtask make_predictions
[2025-02-28T23:51:41.651+0100] {task_command.py:467} INFO - Running <TaskInstance: ml_project_dag.make_predictions manual__2025-02-28T22:51:13.564183+00:00 [running]> on host LAPTOP-M4D67JM4.
[2025-02-28T23:51:41.699+0100] {taskinstance.py:3134} INFO - Exporting env vars: AIRFLOW_CTX_DAG_OWNER='airflow' AIRFLOW_CTX_DAG_ID='ml_project_dag' AIRFLOW_CTX_TASK_ID='make_predictions' AIRFLOW_CTX_EXECUTION_DATE='2025-02-28T22:51:13.564183+00:00' AIRFLOW_CTX_TRY_NUMBER='1' AIRFLOW_CTX_DAG_RUN_ID='manual__2025-02-28T22:51:13.564183+00:00'
[2025-02-28T23:51:41.700+0100] {logging_mixin.py:190} INFO - Task instance is in running state
[2025-02-28T23:51:41.700+0100] {logging_mixin.py:190} INFO -  Previous state of the Task instance: queued
[2025-02-28T23:51:41.700+0100] {logging_mixin.py:190} INFO - Current task name:make_predictions state:running start_date:2025-02-28 22:51:41.593351+00:00
[2025-02-28T23:51:41.700+0100] {logging_mixin.py:190} INFO - Dag name:ml_project_dag and current dag run status:running
[2025-02-28T23:51:41.700+0100] {taskinstance.py:732} INFO - ::endgroup::
[2025-02-28T23:51:41.831+0100] {logging_mixin.py:190} INFO - Prediction function called!
[2025-02-28T23:51:41.835+0100] {logging_mixin.py:190} INFO - Prediction result: 0
[2025-02-28T23:51:41.836+0100] {logging_mixin.py:190} INFO - Predictions: [0 0 0 0 0 0 0 0 0 0 0 0 0 0 0 0 0 0 0 0 0 0 0 0 0 0 0 0 1 0 0 0 0 0 0 0 1
 0 0 0 0 0 0 0 0 0 1 0 1 1 1 1 0 0 0 0 0 0 0 0 0 1 0 0 0 0 0 0 0 0 0 0 0 0
 0 1 0 1 0 0 0 0 0 0 0 0 0 0 0 0 0 0 1 1 0 0 0 0 0 0 0 1 0 0 0 0 0 0 0 0 0
 0 0 0 1 0 0 0 0 0 1 1 0 1 0 1 0 0 0 1 0 0 0 1 0 0 0 0 0 0 0 0 0 0 0 0 0 0
 0 0 0 0 0 0 0 0 0 0 0 0 0 0 0 0 0 0 0 1 0 0 0 0 0 0 0 1 0 0 0 0 1 0 0 1 0
 0 0 0 0 1 1 0 0 0 0 0 0 0 0 0 1 0 0 0 0 0 0 0 0 0 0 0 0 0 0 0 0 0 0 0 0 0
 0 0 0 0 0 0 0 0 0 0 0 0 1 0 0 0 0 0 0 0 0 0 0 0 0 0 0 0 0 1 0 1 0 0 1 0 0
 0 0 1 0 0 0 0 0 0 0 0 0 0 0 0 0 0 0 0 0 0 0 0 0 0 0 0 0 1 1 0 0 0 0 0 0 0
 0 0 0 1 0 0 1 0 1 0 0 0 0 0 0 0 0 0 0 1 0 0 0 1 0 0 1 0 0 0 0 0 0 0 1 0 0
 1 0 0 0 0 0 0 0 0 0 0 0 0 0 0 0 0 0 0 0 0 0 0 0 0 0 0 0 0 1 0 0 1 0 0 0 0
 0 0 0 0 0 0 0 0 0 0 0 0 0 0 0 0 1 0 0 0 0 0 0 0 0 0 1 0 0 0 0 1 0 1 0 0 0
 0 0 0 0 0 0 0 1 0 0 0 0 0 1 0 0 1 1 0 0 0 0 0 0 0 0 0 1 1 0 1 0 0 0 0 0 1
 0 0 0 1 0 0 0 0 0 0 0 0 0 0 0 0 0 0 0 0 0 0 0 0 0 1 0 0 0 0 0 0 0 0 0 0 0
 1 0 0 0 0 1 0 0 0 0]
[2025-02-28T23:51:41.836+0100] {python.py:240} INFO - Done. Returned value was: None
[2025-02-28T23:51:41.840+0100] {taskinstance.py:341} INFO - ::group::Post task execution logs
[2025-02-28T23:51:41.840+0100] {taskinstance.py:353} INFO - Marking task as SUCCESS. dag_id=ml_project_dag, task_id=make_predictions, run_id=manual__2025-02-28T22:51:13.564183+00:00, execution_date=20250228T225113, start_date=20250228T225141, end_date=20250228T225141
[2025-02-28T23:51:41.857+0100] {logging_mixin.py:190} INFO - Task instance in success state
[2025-02-28T23:51:41.857+0100] {logging_mixin.py:190} INFO -  Previous state of the Task instance: running
[2025-02-28T23:51:41.858+0100] {logging_mixin.py:190} INFO - Dag name:ml_project_dag queued_at:2025-02-28 22:51:13.574922+00:00
[2025-02-28T23:51:41.858+0100] {logging_mixin.py:190} INFO - Task hostname:LAPTOP-M4D67JM4. operator:PythonOperator
[2025-02-28T23:51:41.872+0100] {local_task_job_runner.py:266} INFO - Task exited with return code 0
[2025-02-28T23:51:41.882+0100] {taskinstance.py:3901} INFO - 1 downstream tasks scheduled from follow-on schedule check
[2025-02-28T23:51:41.888+0100] {local_task_job_runner.py:245} INFO - ::endgroup::
