[2025-02-27T14:57:56.835+0100] {local_task_job_runner.py:123} INFO - ::group::Pre task execution logs
[2025-02-27T14:57:56.843+0100] {taskinstance.py:2614} INFO - Dependencies all met for dep_context=non-requeueable deps ti=<TaskInstance: ml_project_dag.train_model manual__2025-02-27T13:57:39.925789+00:00 [queued]>
[2025-02-27T14:57:56.848+0100] {taskinstance.py:2614} INFO - Dependencies all met for dep_context=requeueable deps ti=<TaskInstance: ml_project_dag.train_model manual__2025-02-27T13:57:39.925789+00:00 [queued]>
[2025-02-27T14:57:56.848+0100] {taskinstance.py:2867} INFO - Starting attempt 1 of 1
[2025-02-27T14:57:56.859+0100] {taskinstance.py:2890} INFO - Executing <Task(PythonOperator): train_model> on 2025-02-27 13:57:39.925789+00:00
[2025-02-27T14:57:56.864+0100] {standard_task_runner.py:72} INFO - Started process 4868 to run task
[2025-02-27T14:57:56.868+0100] {standard_task_runner.py:104} INFO - Running: ['airflow', 'tasks', 'run', 'ml_project_dag', 'train_model', 'manual__2025-02-27T13:57:39.925789+00:00', '--job-id', '31', '--raw', '--subdir', 'DAGS_FOLDER/ml_project_dag.py', '--cfg-path', '/tmp/tmp6wrxyua_']
[2025-02-27T14:57:56.869+0100] {standard_task_runner.py:105} INFO - Job 31: Subtask train_model
[2025-02-27T14:57:56.902+0100] {task_command.py:467} INFO - Running <TaskInstance: ml_project_dag.train_model manual__2025-02-27T13:57:39.925789+00:00 [running]> on host LAPTOP-M4D67JM4.
[2025-02-27T14:57:56.955+0100] {taskinstance.py:3134} INFO - Exporting env vars: AIRFLOW_CTX_DAG_OWNER='airflow' AIRFLOW_CTX_DAG_ID='ml_project_dag' AIRFLOW_CTX_TASK_ID='train_model' AIRFLOW_CTX_EXECUTION_DATE='2025-02-27T13:57:39.925789+00:00' AIRFLOW_CTX_TRY_NUMBER='1' AIRFLOW_CTX_DAG_RUN_ID='manual__2025-02-27T13:57:39.925789+00:00'
[2025-02-27T14:57:56.956+0100] {logging_mixin.py:190} INFO - Task instance is in running state
[2025-02-27T14:57:56.957+0100] {logging_mixin.py:190} INFO -  Previous state of the Task instance: queued
[2025-02-27T14:57:56.957+0100] {logging_mixin.py:190} INFO - Current task name:train_model state:running start_date:2025-02-27 13:57:56.843636+00:00
[2025-02-27T14:57:56.957+0100] {logging_mixin.py:190} INFO - Dag name:ml_project_dag and current dag run status:running
[2025-02-27T14:57:56.957+0100] {taskinstance.py:732} INFO - ::endgroup::
[2025-02-27T14:57:57.484+0100] {logging_mixin.py:190} INFO - GBM Model trained and saved
[2025-02-27T14:57:57.485+0100] {logging_mixin.py:190} INFO - Model trained: GradientBoostingClassifier(random_state=42)
[2025-02-27T14:57:57.485+0100] {python.py:240} INFO - Done. Returned value was: None
[2025-02-27T14:57:57.488+0100] {taskinstance.py:341} INFO - ::group::Post task execution logs
[2025-02-27T14:57:57.488+0100] {taskinstance.py:353} INFO - Marking task as SUCCESS. dag_id=ml_project_dag, task_id=train_model, run_id=manual__2025-02-27T13:57:39.925789+00:00, execution_date=20250227T135739, start_date=20250227T135756, end_date=20250227T135757
[2025-02-27T14:57:57.503+0100] {logging_mixin.py:190} INFO - Task instance in success state
[2025-02-27T14:57:57.503+0100] {logging_mixin.py:190} INFO -  Previous state of the Task instance: running
[2025-02-27T14:57:57.503+0100] {logging_mixin.py:190} INFO - Dag name:ml_project_dag queued_at:2025-02-27 13:57:39.938444+00:00
[2025-02-27T14:57:57.503+0100] {logging_mixin.py:190} INFO - Task hostname:LAPTOP-M4D67JM4. operator:PythonOperator
[2025-02-27T14:57:57.524+0100] {local_task_job_runner.py:266} INFO - Task exited with return code 0
[2025-02-27T14:57:57.538+0100] {taskinstance.py:3901} INFO - 1 downstream tasks scheduled from follow-on schedule check
[2025-02-27T14:57:57.543+0100] {local_task_job_runner.py:245} INFO - ::endgroup::
