[2025-03-06T23:40:06.044+0100] {local_task_job_runner.py:123} INFO - ::group::Pre task execution logs
[2025-03-06T23:40:06.055+0100] {taskinstance.py:2614} INFO - Dependencies all met for dep_context=non-requeueable deps ti=<TaskInstance: ml_project_dag.evaluate_model manual__2025-03-06T22:39:35.737395+00:00 [queued]>
[2025-03-06T23:40:06.063+0100] {taskinstance.py:2614} INFO - Dependencies all met for dep_context=requeueable deps ti=<TaskInstance: ml_project_dag.evaluate_model manual__2025-03-06T22:39:35.737395+00:00 [queued]>
[2025-03-06T23:40:06.063+0100] {taskinstance.py:2867} INFO - Starting attempt 1 of 1
[2025-03-06T23:40:06.076+0100] {taskinstance.py:2890} INFO - Executing <Task(PythonOperator): evaluate_model> on 2025-03-06 22:39:35.737395+00:00
[2025-03-06T23:40:06.085+0100] {standard_task_runner.py:72} INFO - Started process 56326 to run task
[2025-03-06T23:40:06.089+0100] {standard_task_runner.py:104} INFO - Running: ['airflow', 'tasks', 'run', 'ml_project_dag', 'evaluate_model', 'manual__2025-03-06T22:39:35.737395+00:00', '--job-id', '134', '--raw', '--subdir', 'DAGS_FOLDER/ml_project_dag.py', '--cfg-path', '/tmp/tmpppqid8e8']
[2025-03-06T23:40:06.090+0100] {standard_task_runner.py:105} INFO - Job 134: Subtask evaluate_model
[2025-03-06T23:40:06.128+0100] {task_command.py:467} INFO - Running <TaskInstance: ml_project_dag.evaluate_model manual__2025-03-06T22:39:35.737395+00:00 [running]> on host LAPTOP-M4D67JM4.
[2025-03-06T23:40:06.189+0100] {taskinstance.py:3134} INFO - Exporting env vars: AIRFLOW_CTX_DAG_OWNER='airflow' AIRFLOW_CTX_DAG_ID='ml_project_dag' AIRFLOW_CTX_TASK_ID='evaluate_model' AIRFLOW_CTX_EXECUTION_DATE='2025-03-06T22:39:35.737395+00:00' AIRFLOW_CTX_TRY_NUMBER='1' AIRFLOW_CTX_DAG_RUN_ID='manual__2025-03-06T22:39:35.737395+00:00'
[2025-03-06T23:40:06.191+0100] {logging_mixin.py:190} INFO - Task instance is in running state
[2025-03-06T23:40:06.191+0100] {logging_mixin.py:190} INFO -  Previous state of the Task instance: queued
[2025-03-06T23:40:06.191+0100] {logging_mixin.py:190} INFO - Current task name:evaluate_model state:running start_date:2025-03-06 22:40:06.056106+00:00
[2025-03-06T23:40:06.191+0100] {logging_mixin.py:190} INFO - Dag name:ml_project_dag and current dag run status:running
[2025-03-06T23:40:06.192+0100] {taskinstance.py:732} INFO - ::endgroup::
[2025-03-06T23:40:06.405+0100] {logging_mixin.py:190} WARNING - /home/erij/Erij_Mazouz_4DS8_churn_ml_project/venv/lib/python3.8/site-packages/sklearn/metrics/_plot/confusion_matrix.py:136 UserWarning: Starting a Matplotlib GUI outside of the main thread will likely fail.
[2025-03-06T23:40:06.699+0100] {logging_mixin.py:190} INFO - Accuracy score: 86.55804480651732
[2025-03-06T23:40:06.700+0100] {logging_mixin.py:190} INFO - Classification Report:
              precision    recall  f1-score   support

           0       0.92      0.93      0.92       425
           1       0.50      0.45      0.48        66

    accuracy                           0.87       491
   macro avg       0.71      0.69      0.70       491
weighted avg       0.86      0.87      0.86       491
[2025-03-06T23:40:06.700+0100] {logging_mixin.py:190} INFO - Confusion matrix saved as 'confusion_matrix.png'
[2025-03-06T23:40:06.700+0100] {logging_mixin.py:190} INFO - Accuracy: 0.8655804480651731
[2025-03-06T23:40:06.701+0100] {logging_mixin.py:190} INFO - Classification Report:
              precision    recall  f1-score   support

           0       0.92      0.93      0.92       425
           1       0.50      0.45      0.48        66

    accuracy                           0.87       491
   macro avg       0.71      0.69      0.70       491
weighted avg       0.86      0.87      0.86       491
[2025-03-06T23:40:06.701+0100] {python.py:240} INFO - Done. Returned value was: None
[2025-03-06T23:40:06.710+0100] {taskinstance.py:341} INFO - ::group::Post task execution logs
[2025-03-06T23:40:06.710+0100] {taskinstance.py:353} INFO - Marking task as SUCCESS. dag_id=ml_project_dag, task_id=evaluate_model, run_id=manual__2025-03-06T22:39:35.737395+00:00, execution_date=20250306T223935, start_date=20250306T224006, end_date=20250306T224006
[2025-03-06T23:40:06.736+0100] {logging_mixin.py:190} INFO - Task instance in success state
[2025-03-06T23:40:06.736+0100] {logging_mixin.py:190} INFO -  Previous state of the Task instance: running
[2025-03-06T23:40:06.737+0100] {logging_mixin.py:190} INFO - Dag name:ml_project_dag queued_at:2025-03-06 22:39:35.755263+00:00
[2025-03-06T23:40:06.737+0100] {logging_mixin.py:190} INFO - Task hostname:LAPTOP-M4D67JM4. operator:PythonOperator
[2025-03-06T23:40:06.785+0100] {local_task_job_runner.py:266} INFO - Task exited with return code 0
[2025-03-06T23:40:06.801+0100] {taskinstance.py:3901} INFO - 1 downstream tasks scheduled from follow-on schedule check
[2025-03-06T23:40:06.806+0100] {local_task_job_runner.py:245} INFO - ::endgroup::
