[2025-03-06T23:38:21.788+0100] {processor.py:186} INFO - Started process (PID=55466) to work on /home/erij/airflow/dags/ml_project_dag.py
[2025-03-06T23:38:21.789+0100] {processor.py:914} INFO - Processing file /home/erij/airflow/dags/ml_project_dag.py for tasks to queue
[2025-03-06T23:38:21.792+0100] {logging_mixin.py:190} INFO - [2025-03-06T23:38:21.791+0100] {dagbag.py:588} INFO - Filling up the DagBag from /home/erij/airflow/dags/ml_project_dag.py
[2025-03-06T23:38:23.562+0100] {processor.py:925} INFO - DAG(s) 'ml_project_dag' retrieved from /home/erij/airflow/dags/ml_project_dag.py
[2025-03-06T23:38:23.585+0100] {logging_mixin.py:190} INFO - [2025-03-06T23:38:23.584+0100] {dag.py:3239} INFO - Sync 1 DAGs
[2025-03-06T23:38:23.606+0100] {logging_mixin.py:190} INFO - [2025-03-06T23:38:23.605+0100] {dag.py:4180} INFO - Setting next_dagrun for ml_project_dag to 2025-03-05 00:00:00+00:00, run_after=2025-03-06 00:00:00+00:00
[2025-03-06T23:38:23.624+0100] {processor.py:208} INFO - Processing /home/erij/airflow/dags/ml_project_dag.py took 1.846 seconds
[2025-03-06T23:40:23.534+0100] {processor.py:186} INFO - Started process (PID=56445) to work on /home/erij/airflow/dags/ml_project_dag.py
[2025-03-06T23:40:23.536+0100] {processor.py:914} INFO - Processing file /home/erij/airflow/dags/ml_project_dag.py for tasks to queue
[2025-03-06T23:40:23.538+0100] {logging_mixin.py:190} INFO - [2025-03-06T23:40:23.538+0100] {dagbag.py:588} INFO - Filling up the DagBag from /home/erij/airflow/dags/ml_project_dag.py
[2025-03-06T23:40:24.861+0100] {processor.py:925} INFO - DAG(s) 'ml_project_dag' retrieved from /home/erij/airflow/dags/ml_project_dag.py
[2025-03-06T23:40:24.873+0100] {logging_mixin.py:190} INFO - [2025-03-06T23:40:24.873+0100] {dag.py:3239} INFO - Sync 1 DAGs
[2025-03-06T23:40:24.889+0100] {logging_mixin.py:190} INFO - [2025-03-06T23:40:24.889+0100] {dag.py:4180} INFO - Setting next_dagrun for ml_project_dag to 2025-03-06 00:00:00+00:00, run_after=2025-03-07 00:00:00+00:00
[2025-03-06T23:40:24.906+0100] {processor.py:208} INFO - Processing /home/erij/airflow/dags/ml_project_dag.py took 1.378 seconds
[2025-03-06T23:41:07.796+0100] {processor.py:186} INFO - Started process (PID=56551) to work on /home/erij/airflow/dags/ml_project_dag.py
[2025-03-06T23:41:07.797+0100] {processor.py:914} INFO - Processing file /home/erij/airflow/dags/ml_project_dag.py for tasks to queue
[2025-03-06T23:41:07.798+0100] {logging_mixin.py:190} INFO - [2025-03-06T23:41:07.798+0100] {dagbag.py:588} INFO - Filling up the DagBag from /home/erij/airflow/dags/ml_project_dag.py
[2025-03-06T23:41:09.114+0100] {processor.py:925} INFO - DAG(s) 'ml_project_dag' retrieved from /home/erij/airflow/dags/ml_project_dag.py
[2025-03-06T23:41:09.126+0100] {logging_mixin.py:190} INFO - [2025-03-06T23:41:09.126+0100] {dag.py:3239} INFO - Sync 1 DAGs
[2025-03-06T23:41:09.144+0100] {logging_mixin.py:190} INFO - [2025-03-06T23:41:09.144+0100] {dag.py:4180} INFO - Setting next_dagrun for ml_project_dag to 2025-03-06 00:00:00+00:00, run_after=2025-03-07 00:00:00+00:00
[2025-03-06T23:41:09.161+0100] {processor.py:208} INFO - Processing /home/erij/airflow/dags/ml_project_dag.py took 1.370 seconds
[2025-03-06T23:42:04.811+0100] {processor.py:186} INFO - Started process (PID=56694) to work on /home/erij/airflow/dags/ml_project_dag.py
[2025-03-06T23:42:04.813+0100] {processor.py:914} INFO - Processing file /home/erij/airflow/dags/ml_project_dag.py for tasks to queue
[2025-03-06T23:42:04.815+0100] {logging_mixin.py:190} INFO - [2025-03-06T23:42:04.815+0100] {dagbag.py:588} INFO - Filling up the DagBag from /home/erij/airflow/dags/ml_project_dag.py
[2025-03-06T23:42:06.179+0100] {processor.py:925} INFO - DAG(s) 'ml_project_dag' retrieved from /home/erij/airflow/dags/ml_project_dag.py
[2025-03-06T23:42:06.193+0100] {logging_mixin.py:190} INFO - [2025-03-06T23:42:06.193+0100] {dag.py:3239} INFO - Sync 1 DAGs
[2025-03-06T23:42:06.213+0100] {logging_mixin.py:190} INFO - [2025-03-06T23:42:06.213+0100] {dag.py:4180} INFO - Setting next_dagrun for ml_project_dag to 2025-03-06 00:00:00+00:00, run_after=2025-03-07 00:00:00+00:00
[2025-03-06T23:42:06.235+0100] {processor.py:208} INFO - Processing /home/erij/airflow/dags/ml_project_dag.py took 1.428 seconds
[2025-03-06T23:42:57.410+0100] {processor.py:186} INFO - Started process (PID=56812) to work on /home/erij/airflow/dags/ml_project_dag.py
[2025-03-06T23:42:57.412+0100] {processor.py:914} INFO - Processing file /home/erij/airflow/dags/ml_project_dag.py for tasks to queue
[2025-03-06T23:42:57.415+0100] {logging_mixin.py:190} INFO - [2025-03-06T23:42:57.414+0100] {dagbag.py:588} INFO - Filling up the DagBag from /home/erij/airflow/dags/ml_project_dag.py
[2025-03-06T23:42:58.694+0100] {processor.py:925} INFO - DAG(s) 'ml_project_dag' retrieved from /home/erij/airflow/dags/ml_project_dag.py
[2025-03-06T23:42:58.706+0100] {logging_mixin.py:190} INFO - [2025-03-06T23:42:58.706+0100] {dag.py:3239} INFO - Sync 1 DAGs
[2025-03-06T23:42:58.723+0100] {logging_mixin.py:190} INFO - [2025-03-06T23:42:58.723+0100] {dag.py:4180} INFO - Setting next_dagrun for ml_project_dag to 2025-03-06 00:00:00+00:00, run_after=2025-03-07 00:00:00+00:00
[2025-03-06T23:42:58.740+0100] {processor.py:208} INFO - Processing /home/erij/airflow/dags/ml_project_dag.py took 1.334 seconds
[2025-03-06T23:43:49.825+0100] {processor.py:186} INFO - Started process (PID=56925) to work on /home/erij/airflow/dags/ml_project_dag.py
[2025-03-06T23:43:49.827+0100] {processor.py:914} INFO - Processing file /home/erij/airflow/dags/ml_project_dag.py for tasks to queue
[2025-03-06T23:43:49.829+0100] {logging_mixin.py:190} INFO - [2025-03-06T23:43:49.829+0100] {dagbag.py:588} INFO - Filling up the DagBag from /home/erij/airflow/dags/ml_project_dag.py
[2025-03-06T23:43:51.246+0100] {processor.py:925} INFO - DAG(s) 'ml_project_dag' retrieved from /home/erij/airflow/dags/ml_project_dag.py
[2025-03-06T23:43:51.260+0100] {logging_mixin.py:190} INFO - [2025-03-06T23:43:51.260+0100] {dag.py:3239} INFO - Sync 1 DAGs
[2025-03-06T23:43:51.282+0100] {logging_mixin.py:190} INFO - [2025-03-06T23:43:51.281+0100] {dag.py:4180} INFO - Setting next_dagrun for ml_project_dag to 2025-03-06 00:00:00+00:00, run_after=2025-03-07 00:00:00+00:00
[2025-03-06T23:43:51.300+0100] {processor.py:208} INFO - Processing /home/erij/airflow/dags/ml_project_dag.py took 1.482 seconds
[2025-03-06T23:44:43.207+0100] {processor.py:186} INFO - Started process (PID=57081) to work on /home/erij/airflow/dags/ml_project_dag.py
[2025-03-06T23:44:43.215+0100] {processor.py:914} INFO - Processing file /home/erij/airflow/dags/ml_project_dag.py for tasks to queue
[2025-03-06T23:44:43.217+0100] {logging_mixin.py:190} INFO - [2025-03-06T23:44:43.216+0100] {dagbag.py:588} INFO - Filling up the DagBag from /home/erij/airflow/dags/ml_project_dag.py
[2025-03-06T23:44:44.482+0100] {processor.py:925} INFO - DAG(s) 'ml_project_dag' retrieved from /home/erij/airflow/dags/ml_project_dag.py
[2025-03-06T23:44:44.494+0100] {logging_mixin.py:190} INFO - [2025-03-06T23:44:44.494+0100] {dag.py:3239} INFO - Sync 1 DAGs
[2025-03-06T23:44:44.512+0100] {logging_mixin.py:190} INFO - [2025-03-06T23:44:44.512+0100] {dag.py:4180} INFO - Setting next_dagrun for ml_project_dag to 2025-03-06 00:00:00+00:00, run_after=2025-03-07 00:00:00+00:00
[2025-03-06T23:44:44.534+0100] {processor.py:208} INFO - Processing /home/erij/airflow/dags/ml_project_dag.py took 1.331 seconds
[2025-03-06T23:45:40.638+0100] {processor.py:186} INFO - Started process (PID=57204) to work on /home/erij/airflow/dags/ml_project_dag.py
[2025-03-06T23:45:40.641+0100] {processor.py:914} INFO - Processing file /home/erij/airflow/dags/ml_project_dag.py for tasks to queue
[2025-03-06T23:45:40.643+0100] {logging_mixin.py:190} INFO - [2025-03-06T23:45:40.642+0100] {dagbag.py:588} INFO - Filling up the DagBag from /home/erij/airflow/dags/ml_project_dag.py
[2025-03-06T23:45:41.915+0100] {processor.py:925} INFO - DAG(s) 'ml_project_dag' retrieved from /home/erij/airflow/dags/ml_project_dag.py
[2025-03-06T23:45:41.927+0100] {logging_mixin.py:190} INFO - [2025-03-06T23:45:41.926+0100] {dag.py:3239} INFO - Sync 1 DAGs
[2025-03-06T23:45:41.943+0100] {logging_mixin.py:190} INFO - [2025-03-06T23:45:41.943+0100] {dag.py:4180} INFO - Setting next_dagrun for ml_project_dag to 2025-03-06 00:00:00+00:00, run_after=2025-03-07 00:00:00+00:00
[2025-03-06T23:45:41.974+0100] {processor.py:208} INFO - Processing /home/erij/airflow/dags/ml_project_dag.py took 1.341 seconds
[2025-03-06T23:46:38.608+0100] {processor.py:186} INFO - Started process (PID=57320) to work on /home/erij/airflow/dags/ml_project_dag.py
[2025-03-06T23:46:38.609+0100] {processor.py:914} INFO - Processing file /home/erij/airflow/dags/ml_project_dag.py for tasks to queue
[2025-03-06T23:46:38.611+0100] {logging_mixin.py:190} INFO - [2025-03-06T23:46:38.610+0100] {dagbag.py:588} INFO - Filling up the DagBag from /home/erij/airflow/dags/ml_project_dag.py
[2025-03-06T23:46:39.837+0100] {processor.py:925} INFO - DAG(s) 'ml_project_dag' retrieved from /home/erij/airflow/dags/ml_project_dag.py
[2025-03-06T23:46:39.848+0100] {logging_mixin.py:190} INFO - [2025-03-06T23:46:39.847+0100] {dag.py:3239} INFO - Sync 1 DAGs
[2025-03-06T23:46:39.863+0100] {logging_mixin.py:190} INFO - [2025-03-06T23:46:39.863+0100] {dag.py:4180} INFO - Setting next_dagrun for ml_project_dag to 2025-03-06 00:00:00+00:00, run_after=2025-03-07 00:00:00+00:00
[2025-03-06T23:46:39.880+0100] {processor.py:208} INFO - Processing /home/erij/airflow/dags/ml_project_dag.py took 1.277 seconds
[2025-03-06T23:47:33.547+0100] {processor.py:186} INFO - Started process (PID=57432) to work on /home/erij/airflow/dags/ml_project_dag.py
[2025-03-06T23:47:33.549+0100] {processor.py:914} INFO - Processing file /home/erij/airflow/dags/ml_project_dag.py for tasks to queue
[2025-03-06T23:47:33.551+0100] {logging_mixin.py:190} INFO - [2025-03-06T23:47:33.550+0100] {dagbag.py:588} INFO - Filling up the DagBag from /home/erij/airflow/dags/ml_project_dag.py
[2025-03-06T23:47:34.777+0100] {processor.py:925} INFO - DAG(s) 'ml_project_dag' retrieved from /home/erij/airflow/dags/ml_project_dag.py
[2025-03-06T23:47:34.788+0100] {logging_mixin.py:190} INFO - [2025-03-06T23:47:34.788+0100] {dag.py:3239} INFO - Sync 1 DAGs
[2025-03-06T23:47:34.803+0100] {logging_mixin.py:190} INFO - [2025-03-06T23:47:34.803+0100] {dag.py:4180} INFO - Setting next_dagrun for ml_project_dag to 2025-03-06 00:00:00+00:00, run_after=2025-03-07 00:00:00+00:00
[2025-03-06T23:47:34.820+0100] {processor.py:208} INFO - Processing /home/erij/airflow/dags/ml_project_dag.py took 1.278 seconds
[2025-03-06T23:48:31.889+0100] {processor.py:186} INFO - Started process (PID=57549) to work on /home/erij/airflow/dags/ml_project_dag.py
[2025-03-06T23:48:31.892+0100] {processor.py:914} INFO - Processing file /home/erij/airflow/dags/ml_project_dag.py for tasks to queue
[2025-03-06T23:48:31.894+0100] {logging_mixin.py:190} INFO - [2025-03-06T23:48:31.893+0100] {dagbag.py:588} INFO - Filling up the DagBag from /home/erij/airflow/dags/ml_project_dag.py
[2025-03-06T23:48:33.118+0100] {processor.py:925} INFO - DAG(s) 'ml_project_dag' retrieved from /home/erij/airflow/dags/ml_project_dag.py
[2025-03-06T23:48:33.130+0100] {logging_mixin.py:190} INFO - [2025-03-06T23:48:33.129+0100] {dag.py:3239} INFO - Sync 1 DAGs
[2025-03-06T23:48:33.145+0100] {logging_mixin.py:190} INFO - [2025-03-06T23:48:33.145+0100] {dag.py:4180} INFO - Setting next_dagrun for ml_project_dag to 2025-03-06 00:00:00+00:00, run_after=2025-03-07 00:00:00+00:00
[2025-03-06T23:48:33.163+0100] {processor.py:208} INFO - Processing /home/erij/airflow/dags/ml_project_dag.py took 1.278 seconds
[2025-03-06T23:49:27.383+0100] {processor.py:186} INFO - Started process (PID=57666) to work on /home/erij/airflow/dags/ml_project_dag.py
[2025-03-06T23:49:27.385+0100] {processor.py:914} INFO - Processing file /home/erij/airflow/dags/ml_project_dag.py for tasks to queue
[2025-03-06T23:49:27.386+0100] {logging_mixin.py:190} INFO - [2025-03-06T23:49:27.386+0100] {dagbag.py:588} INFO - Filling up the DagBag from /home/erij/airflow/dags/ml_project_dag.py
[2025-03-06T23:49:28.573+0100] {processor.py:925} INFO - DAG(s) 'ml_project_dag' retrieved from /home/erij/airflow/dags/ml_project_dag.py
[2025-03-06T23:49:28.583+0100] {logging_mixin.py:190} INFO - [2025-03-06T23:49:28.583+0100] {dag.py:3239} INFO - Sync 1 DAGs
[2025-03-06T23:49:28.599+0100] {logging_mixin.py:190} INFO - [2025-03-06T23:49:28.599+0100] {dag.py:4180} INFO - Setting next_dagrun for ml_project_dag to 2025-03-06 00:00:00+00:00, run_after=2025-03-07 00:00:00+00:00
[2025-03-06T23:49:28.617+0100] {processor.py:208} INFO - Processing /home/erij/airflow/dags/ml_project_dag.py took 1.240 seconds
[2025-03-06T23:50:22.139+0100] {processor.py:186} INFO - Started process (PID=57773) to work on /home/erij/airflow/dags/ml_project_dag.py
[2025-03-06T23:50:22.141+0100] {processor.py:914} INFO - Processing file /home/erij/airflow/dags/ml_project_dag.py for tasks to queue
[2025-03-06T23:50:22.143+0100] {logging_mixin.py:190} INFO - [2025-03-06T23:50:22.142+0100] {dagbag.py:588} INFO - Filling up the DagBag from /home/erij/airflow/dags/ml_project_dag.py
[2025-03-06T23:50:23.437+0100] {processor.py:925} INFO - DAG(s) 'ml_project_dag' retrieved from /home/erij/airflow/dags/ml_project_dag.py
[2025-03-06T23:50:23.448+0100] {logging_mixin.py:190} INFO - [2025-03-06T23:50:23.448+0100] {dag.py:3239} INFO - Sync 1 DAGs
[2025-03-06T23:50:23.464+0100] {logging_mixin.py:190} INFO - [2025-03-06T23:50:23.463+0100] {dag.py:4180} INFO - Setting next_dagrun for ml_project_dag to 2025-03-06 00:00:00+00:00, run_after=2025-03-07 00:00:00+00:00
[2025-03-06T23:50:23.480+0100] {processor.py:208} INFO - Processing /home/erij/airflow/dags/ml_project_dag.py took 1.346 seconds
[2025-03-06T23:51:17.457+0100] {processor.py:186} INFO - Started process (PID=57889) to work on /home/erij/airflow/dags/ml_project_dag.py
[2025-03-06T23:51:17.458+0100] {processor.py:914} INFO - Processing file /home/erij/airflow/dags/ml_project_dag.py for tasks to queue
[2025-03-06T23:51:17.460+0100] {logging_mixin.py:190} INFO - [2025-03-06T23:51:17.459+0100] {dagbag.py:588} INFO - Filling up the DagBag from /home/erij/airflow/dags/ml_project_dag.py
[2025-03-06T23:51:18.681+0100] {processor.py:925} INFO - DAG(s) 'ml_project_dag' retrieved from /home/erij/airflow/dags/ml_project_dag.py
[2025-03-06T23:51:18.694+0100] {logging_mixin.py:190} INFO - [2025-03-06T23:51:18.693+0100] {dag.py:3239} INFO - Sync 1 DAGs
[2025-03-06T23:51:18.711+0100] {logging_mixin.py:190} INFO - [2025-03-06T23:51:18.711+0100] {dag.py:4180} INFO - Setting next_dagrun for ml_project_dag to 2025-03-06 00:00:00+00:00, run_after=2025-03-07 00:00:00+00:00
[2025-03-06T23:51:18.730+0100] {processor.py:208} INFO - Processing /home/erij/airflow/dags/ml_project_dag.py took 1.278 seconds
[2025-03-06T23:52:13.314+0100] {processor.py:186} INFO - Started process (PID=58001) to work on /home/erij/airflow/dags/ml_project_dag.py
[2025-03-06T23:52:13.317+0100] {processor.py:914} INFO - Processing file /home/erij/airflow/dags/ml_project_dag.py for tasks to queue
[2025-03-06T23:52:13.318+0100] {logging_mixin.py:190} INFO - [2025-03-06T23:52:13.318+0100] {dagbag.py:588} INFO - Filling up the DagBag from /home/erij/airflow/dags/ml_project_dag.py
[2025-03-06T23:52:14.776+0100] {processor.py:925} INFO - DAG(s) 'ml_project_dag' retrieved from /home/erij/airflow/dags/ml_project_dag.py
[2025-03-06T23:52:14.788+0100] {logging_mixin.py:190} INFO - [2025-03-06T23:52:14.788+0100] {dag.py:3239} INFO - Sync 1 DAGs
[2025-03-06T23:52:14.806+0100] {logging_mixin.py:190} INFO - [2025-03-06T23:52:14.806+0100] {dag.py:4180} INFO - Setting next_dagrun for ml_project_dag to 2025-03-06 00:00:00+00:00, run_after=2025-03-07 00:00:00+00:00
[2025-03-06T23:52:14.823+0100] {processor.py:208} INFO - Processing /home/erij/airflow/dags/ml_project_dag.py took 1.514 seconds
[2025-03-06T23:53:09.911+0100] {processor.py:186} INFO - Started process (PID=58117) to work on /home/erij/airflow/dags/ml_project_dag.py
[2025-03-06T23:53:09.913+0100] {processor.py:914} INFO - Processing file /home/erij/airflow/dags/ml_project_dag.py for tasks to queue
[2025-03-06T23:53:09.915+0100] {logging_mixin.py:190} INFO - [2025-03-06T23:53:09.915+0100] {dagbag.py:588} INFO - Filling up the DagBag from /home/erij/airflow/dags/ml_project_dag.py
[2025-03-06T23:53:11.244+0100] {processor.py:925} INFO - DAG(s) 'ml_project_dag' retrieved from /home/erij/airflow/dags/ml_project_dag.py
[2025-03-06T23:53:11.259+0100] {logging_mixin.py:190} INFO - [2025-03-06T23:53:11.258+0100] {dag.py:3239} INFO - Sync 1 DAGs
[2025-03-06T23:53:11.277+0100] {logging_mixin.py:190} INFO - [2025-03-06T23:53:11.277+0100] {dag.py:4180} INFO - Setting next_dagrun for ml_project_dag to 2025-03-06 00:00:00+00:00, run_after=2025-03-07 00:00:00+00:00
[2025-03-06T23:53:11.297+0100] {processor.py:208} INFO - Processing /home/erij/airflow/dags/ml_project_dag.py took 1.391 seconds
[2025-03-06T23:54:07.568+0100] {processor.py:186} INFO - Started process (PID=58256) to work on /home/erij/airflow/dags/ml_project_dag.py
[2025-03-06T23:54:07.570+0100] {processor.py:914} INFO - Processing file /home/erij/airflow/dags/ml_project_dag.py for tasks to queue
[2025-03-06T23:54:07.572+0100] {logging_mixin.py:190} INFO - [2025-03-06T23:54:07.572+0100] {dagbag.py:588} INFO - Filling up the DagBag from /home/erij/airflow/dags/ml_project_dag.py
[2025-03-06T23:54:08.855+0100] {processor.py:925} INFO - DAG(s) 'ml_project_dag' retrieved from /home/erij/airflow/dags/ml_project_dag.py
[2025-03-06T23:54:08.865+0100] {logging_mixin.py:190} INFO - [2025-03-06T23:54:08.865+0100] {dag.py:3239} INFO - Sync 1 DAGs
[2025-03-06T23:54:08.879+0100] {logging_mixin.py:190} INFO - [2025-03-06T23:54:08.879+0100] {dag.py:4180} INFO - Setting next_dagrun for ml_project_dag to 2025-03-06 00:00:00+00:00, run_after=2025-03-07 00:00:00+00:00
[2025-03-06T23:54:08.896+0100] {processor.py:208} INFO - Processing /home/erij/airflow/dags/ml_project_dag.py took 1.334 seconds
[2025-03-06T23:55:03.848+0100] {processor.py:186} INFO - Started process (PID=58624) to work on /home/erij/airflow/dags/ml_project_dag.py
[2025-03-06T23:55:03.850+0100] {processor.py:914} INFO - Processing file /home/erij/airflow/dags/ml_project_dag.py for tasks to queue
[2025-03-06T23:55:03.852+0100] {logging_mixin.py:190} INFO - [2025-03-06T23:55:03.852+0100] {dagbag.py:588} INFO - Filling up the DagBag from /home/erij/airflow/dags/ml_project_dag.py
[2025-03-06T23:55:05.705+0100] {processor.py:925} INFO - DAG(s) 'ml_project_dag' retrieved from /home/erij/airflow/dags/ml_project_dag.py
[2025-03-06T23:55:05.727+0100] {logging_mixin.py:190} INFO - [2025-03-06T23:55:05.726+0100] {dag.py:3239} INFO - Sync 1 DAGs
[2025-03-06T23:55:05.764+0100] {logging_mixin.py:190} INFO - [2025-03-06T23:55:05.763+0100] {dag.py:4180} INFO - Setting next_dagrun for ml_project_dag to 2025-03-06 00:00:00+00:00, run_after=2025-03-07 00:00:00+00:00
[2025-03-06T23:55:05.788+0100] {processor.py:208} INFO - Processing /home/erij/airflow/dags/ml_project_dag.py took 1.945 seconds
[2025-03-06T23:56:04.777+0100] {processor.py:186} INFO - Started process (PID=59188) to work on /home/erij/airflow/dags/ml_project_dag.py
[2025-03-06T23:56:04.778+0100] {processor.py:914} INFO - Processing file /home/erij/airflow/dags/ml_project_dag.py for tasks to queue
[2025-03-06T23:56:04.779+0100] {logging_mixin.py:190} INFO - [2025-03-06T23:56:04.779+0100] {dagbag.py:588} INFO - Filling up the DagBag from /home/erij/airflow/dags/ml_project_dag.py
[2025-03-06T23:56:06.069+0100] {processor.py:925} INFO - DAG(s) 'ml_project_dag' retrieved from /home/erij/airflow/dags/ml_project_dag.py
[2025-03-06T23:56:06.081+0100] {logging_mixin.py:190} INFO - [2025-03-06T23:56:06.080+0100] {dag.py:3239} INFO - Sync 1 DAGs
[2025-03-06T23:56:06.097+0100] {logging_mixin.py:190} INFO - [2025-03-06T23:56:06.096+0100] {dag.py:4180} INFO - Setting next_dagrun for ml_project_dag to 2025-03-06 00:00:00+00:00, run_after=2025-03-07 00:00:00+00:00
[2025-03-06T23:56:06.114+0100] {processor.py:208} INFO - Processing /home/erij/airflow/dags/ml_project_dag.py took 1.342 seconds
[2025-03-06T23:56:59.776+0100] {processor.py:186} INFO - Started process (PID=59311) to work on /home/erij/airflow/dags/ml_project_dag.py
[2025-03-06T23:56:59.777+0100] {processor.py:914} INFO - Processing file /home/erij/airflow/dags/ml_project_dag.py for tasks to queue
[2025-03-06T23:56:59.779+0100] {logging_mixin.py:190} INFO - [2025-03-06T23:56:59.779+0100] {dagbag.py:588} INFO - Filling up the DagBag from /home/erij/airflow/dags/ml_project_dag.py
[2025-03-06T23:57:01.123+0100] {processor.py:925} INFO - DAG(s) 'ml_project_dag' retrieved from /home/erij/airflow/dags/ml_project_dag.py
[2025-03-06T23:57:01.136+0100] {logging_mixin.py:190} INFO - [2025-03-06T23:57:01.136+0100] {dag.py:3239} INFO - Sync 1 DAGs
[2025-03-06T23:57:01.153+0100] {logging_mixin.py:190} INFO - [2025-03-06T23:57:01.152+0100] {dag.py:4180} INFO - Setting next_dagrun for ml_project_dag to 2025-03-06 00:00:00+00:00, run_after=2025-03-07 00:00:00+00:00
[2025-03-06T23:57:01.169+0100] {processor.py:208} INFO - Processing /home/erij/airflow/dags/ml_project_dag.py took 1.398 seconds
[2025-03-06T23:57:55.066+0100] {processor.py:186} INFO - Started process (PID=59446) to work on /home/erij/airflow/dags/ml_project_dag.py
[2025-03-06T23:57:55.068+0100] {processor.py:914} INFO - Processing file /home/erij/airflow/dags/ml_project_dag.py for tasks to queue
[2025-03-06T23:57:55.070+0100] {logging_mixin.py:190} INFO - [2025-03-06T23:57:55.070+0100] {dagbag.py:588} INFO - Filling up the DagBag from /home/erij/airflow/dags/ml_project_dag.py
[2025-03-06T23:57:56.586+0100] {processor.py:925} INFO - DAG(s) 'ml_project_dag' retrieved from /home/erij/airflow/dags/ml_project_dag.py
[2025-03-06T23:57:56.601+0100] {logging_mixin.py:190} INFO - [2025-03-06T23:57:56.600+0100] {dag.py:3239} INFO - Sync 1 DAGs
[2025-03-06T23:57:56.625+0100] {logging_mixin.py:190} INFO - [2025-03-06T23:57:56.625+0100] {dag.py:4180} INFO - Setting next_dagrun for ml_project_dag to 2025-03-06 00:00:00+00:00, run_after=2025-03-07 00:00:00+00:00
[2025-03-06T23:57:56.642+0100] {processor.py:208} INFO - Processing /home/erij/airflow/dags/ml_project_dag.py took 1.584 seconds
[2025-03-06T23:58:47.250+0100] {processor.py:186} INFO - Started process (PID=59592) to work on /home/erij/airflow/dags/ml_project_dag.py
[2025-03-06T23:58:47.252+0100] {processor.py:914} INFO - Processing file /home/erij/airflow/dags/ml_project_dag.py for tasks to queue
[2025-03-06T23:58:47.254+0100] {logging_mixin.py:190} INFO - [2025-03-06T23:58:47.253+0100] {dagbag.py:588} INFO - Filling up the DagBag from /home/erij/airflow/dags/ml_project_dag.py
[2025-03-06T23:58:48.618+0100] {processor.py:925} INFO - DAG(s) 'ml_project_dag' retrieved from /home/erij/airflow/dags/ml_project_dag.py
[2025-03-06T23:58:48.632+0100] {logging_mixin.py:190} INFO - [2025-03-06T23:58:48.631+0100] {dag.py:3239} INFO - Sync 1 DAGs
[2025-03-06T23:58:48.649+0100] {logging_mixin.py:190} INFO - [2025-03-06T23:58:48.649+0100] {dag.py:4180} INFO - Setting next_dagrun for ml_project_dag to 2025-03-06 00:00:00+00:00, run_after=2025-03-07 00:00:00+00:00
[2025-03-06T23:58:48.671+0100] {processor.py:208} INFO - Processing /home/erij/airflow/dags/ml_project_dag.py took 1.426 seconds
[2025-03-06T23:59:37.218+0100] {processor.py:186} INFO - Started process (PID=59734) to work on /home/erij/airflow/dags/ml_project_dag.py
[2025-03-06T23:59:37.221+0100] {processor.py:914} INFO - Processing file /home/erij/airflow/dags/ml_project_dag.py for tasks to queue
[2025-03-06T23:59:37.223+0100] {logging_mixin.py:190} INFO - [2025-03-06T23:59:37.223+0100] {dagbag.py:588} INFO - Filling up the DagBag from /home/erij/airflow/dags/ml_project_dag.py
[2025-03-06T23:59:38.831+0100] {processor.py:925} INFO - DAG(s) 'ml_project_dag' retrieved from /home/erij/airflow/dags/ml_project_dag.py
[2025-03-06T23:59:38.843+0100] {logging_mixin.py:190} INFO - [2025-03-06T23:59:38.843+0100] {dag.py:3239} INFO - Sync 1 DAGs
[2025-03-06T23:59:38.859+0100] {logging_mixin.py:190} INFO - [2025-03-06T23:59:38.858+0100] {dag.py:4180} INFO - Setting next_dagrun for ml_project_dag to 2025-03-06 00:00:00+00:00, run_after=2025-03-07 00:00:00+00:00
[2025-03-06T23:59:38.875+0100] {processor.py:208} INFO - Processing /home/erij/airflow/dags/ml_project_dag.py took 1.661 seconds
[2025-03-07T00:00:30.023+0100] {processor.py:186} INFO - Started process (PID=59919) to work on /home/erij/airflow/dags/ml_project_dag.py
[2025-03-07T00:00:30.026+0100] {processor.py:914} INFO - Processing file /home/erij/airflow/dags/ml_project_dag.py for tasks to queue
[2025-03-07T00:00:30.028+0100] {logging_mixin.py:190} INFO - [2025-03-07T00:00:30.027+0100] {dagbag.py:588} INFO - Filling up the DagBag from /home/erij/airflow/dags/ml_project_dag.py
[2025-03-07T00:00:31.456+0100] {processor.py:925} INFO - DAG(s) 'ml_project_dag' retrieved from /home/erij/airflow/dags/ml_project_dag.py
[2025-03-07T00:00:31.470+0100] {logging_mixin.py:190} INFO - [2025-03-07T00:00:31.470+0100] {dag.py:3239} INFO - Sync 1 DAGs
[2025-03-07T00:00:31.488+0100] {logging_mixin.py:190} INFO - [2025-03-07T00:00:31.488+0100] {dag.py:4180} INFO - Setting next_dagrun for ml_project_dag to 2025-03-06 00:00:00+00:00, run_after=2025-03-07 00:00:00+00:00
[2025-03-07T00:00:31.512+0100] {processor.py:208} INFO - Processing /home/erij/airflow/dags/ml_project_dag.py took 1.494 seconds
[2025-03-07T00:01:22.755+0100] {processor.py:186} INFO - Started process (PID=60092) to work on /home/erij/airflow/dags/ml_project_dag.py
[2025-03-07T00:01:22.757+0100] {processor.py:914} INFO - Processing file /home/erij/airflow/dags/ml_project_dag.py for tasks to queue
[2025-03-07T00:01:22.759+0100] {logging_mixin.py:190} INFO - [2025-03-07T00:01:22.759+0100] {dagbag.py:588} INFO - Filling up the DagBag from /home/erij/airflow/dags/ml_project_dag.py
[2025-03-07T00:01:24.177+0100] {processor.py:925} INFO - DAG(s) 'ml_project_dag' retrieved from /home/erij/airflow/dags/ml_project_dag.py
[2025-03-07T00:01:24.190+0100] {logging_mixin.py:190} INFO - [2025-03-07T00:01:24.190+0100] {dag.py:3239} INFO - Sync 1 DAGs
[2025-03-07T00:01:24.207+0100] {logging_mixin.py:190} INFO - [2025-03-07T00:01:24.207+0100] {dag.py:4180} INFO - Setting next_dagrun for ml_project_dag to 2025-03-06 00:00:00+00:00, run_after=2025-03-07 00:00:00+00:00
[2025-03-07T00:01:24.224+0100] {processor.py:208} INFO - Processing /home/erij/airflow/dags/ml_project_dag.py took 1.475 seconds
[2025-03-07T00:02:20.464+0100] {processor.py:186} INFO - Started process (PID=60310) to work on /home/erij/airflow/dags/ml_project_dag.py
[2025-03-07T00:02:20.467+0100] {processor.py:914} INFO - Processing file /home/erij/airflow/dags/ml_project_dag.py for tasks to queue
[2025-03-07T00:02:20.469+0100] {logging_mixin.py:190} INFO - [2025-03-07T00:02:20.468+0100] {dagbag.py:588} INFO - Filling up the DagBag from /home/erij/airflow/dags/ml_project_dag.py
[2025-03-07T00:02:21.859+0100] {processor.py:925} INFO - DAG(s) 'ml_project_dag' retrieved from /home/erij/airflow/dags/ml_project_dag.py
[2025-03-07T00:02:21.871+0100] {logging_mixin.py:190} INFO - [2025-03-07T00:02:21.871+0100] {dag.py:3239} INFO - Sync 1 DAGs
[2025-03-07T00:02:21.888+0100] {logging_mixin.py:190} INFO - [2025-03-07T00:02:21.887+0100] {dag.py:4180} INFO - Setting next_dagrun for ml_project_dag to 2025-03-06 00:00:00+00:00, run_after=2025-03-07 00:00:00+00:00
[2025-03-07T00:02:21.904+0100] {processor.py:208} INFO - Processing /home/erij/airflow/dags/ml_project_dag.py took 1.445 seconds
