[2025-02-28T23:40:04.963+0100] {local_task_job_runner.py:123} INFO - ::group::Pre task execution logs
[2025-02-28T23:40:04.969+0100] {taskinstance.py:2614} INFO - Dependencies all met for dep_context=non-requeueable deps ti=<TaskInstance: ml_project_dag.check_formatting manual__2025-02-28T22:40:00.629698+00:00 [queued]>
[2025-02-28T23:40:04.973+0100] {taskinstance.py:2614} INFO - Dependencies all met for dep_context=requeueable deps ti=<TaskInstance: ml_project_dag.check_formatting manual__2025-02-28T22:40:00.629698+00:00 [queued]>
[2025-02-28T23:40:04.973+0100] {taskinstance.py:2867} INFO - Starting attempt 1 of 1
[2025-02-28T23:40:04.987+0100] {taskinstance.py:2890} INFO - Executing <Task(PythonOperator): check_formatting> on 2025-02-28 22:40:00.629698+00:00
[2025-02-28T23:40:04.992+0100] {standard_task_runner.py:72} INFO - Started process 10449 to run task
[2025-02-28T23:40:04.996+0100] {standard_task_runner.py:104} INFO - Running: ['airflow', 'tasks', 'run', 'ml_project_dag', 'check_formatting', 'manual__2025-02-28T22:40:00.629698+00:00', '--job-id', '84', '--raw', '--subdir', 'DAGS_FOLDER/ml_project_dag.py', '--cfg-path', '/tmp/tmp4e6rik4b']
[2025-02-28T23:40:04.996+0100] {standard_task_runner.py:105} INFO - Job 84: Subtask check_formatting
[2025-02-28T23:40:05.034+0100] {task_command.py:467} INFO - Running <TaskInstance: ml_project_dag.check_formatting manual__2025-02-28T22:40:00.629698+00:00 [running]> on host LAPTOP-M4D67JM4.
[2025-02-28T23:40:05.089+0100] {taskinstance.py:3134} INFO - Exporting env vars: AIRFLOW_CTX_DAG_OWNER='airflow' AIRFLOW_CTX_DAG_ID='ml_project_dag' AIRFLOW_CTX_TASK_ID='check_formatting' AIRFLOW_CTX_EXECUTION_DATE='2025-02-28T22:40:00.629698+00:00' AIRFLOW_CTX_TRY_NUMBER='1' AIRFLOW_CTX_DAG_RUN_ID='manual__2025-02-28T22:40:00.629698+00:00'
[2025-02-28T23:40:05.090+0100] {logging_mixin.py:190} INFO - Task instance is in running state
[2025-02-28T23:40:05.090+0100] {logging_mixin.py:190} INFO -  Previous state of the Task instance: queued
[2025-02-28T23:40:05.090+0100] {logging_mixin.py:190} INFO - Current task name:check_formatting state:running start_date:2025-02-28 22:40:04.970029+00:00
[2025-02-28T23:40:05.091+0100] {logging_mixin.py:190} INFO - Dag name:ml_project_dag and current dag run status:running
[2025-02-28T23:40:05.091+0100] {taskinstance.py:732} INFO - ::endgroup::
[2025-02-28T23:40:05.292+0100] {python.py:240} INFO - Done. Returned value was: None
[2025-02-28T23:40:05.298+0100] {taskinstance.py:341} INFO - ::group::Post task execution logs
[2025-02-28T23:40:05.298+0100] {taskinstance.py:353} INFO - Marking task as SUCCESS. dag_id=ml_project_dag, task_id=check_formatting, run_id=manual__2025-02-28T22:40:00.629698+00:00, execution_date=20250228T224000, start_date=20250228T224004, end_date=20250228T224005
[2025-02-28T23:40:05.315+0100] {logging_mixin.py:190} INFO - Task instance in success state
[2025-02-28T23:40:05.315+0100] {logging_mixin.py:190} INFO -  Previous state of the Task instance: running
[2025-02-28T23:40:05.315+0100] {logging_mixin.py:190} INFO - Dag name:ml_project_dag queued_at:2025-02-28 22:40:00.640265+00:00
[2025-02-28T23:40:05.315+0100] {logging_mixin.py:190} INFO - Task hostname:LAPTOP-M4D67JM4. operator:PythonOperator
[2025-02-28T23:40:05.330+0100] {local_task_job_runner.py:266} INFO - Task exited with return code 0
[2025-02-28T23:40:05.345+0100] {taskinstance.py:3901} INFO - 1 downstream tasks scheduled from follow-on schedule check
[2025-02-28T23:40:05.349+0100] {local_task_job_runner.py:245} INFO - ::endgroup::
