[2025-03-06T23:40:20.904+0100] {processor.py:186} INFO - Started process (PID=56441) to work on /home/erij/Erij_Mazouz_4DS8_churn_ml_project/venv/lib/python3.8/site-packages/airflow/example_dags/plugins/listener_plugin.py
[2025-03-06T23:40:20.905+0100] {processor.py:914} INFO - Processing file /home/erij/Erij_Mazouz_4DS8_churn_ml_project/venv/lib/python3.8/site-packages/airflow/example_dags/plugins/listener_plugin.py for tasks to queue
[2025-03-06T23:40:20.906+0100] {logging_mixin.py:190} INFO - [2025-03-06T23:40:20.906+0100] {dagbag.py:588} INFO - Filling up the DagBag from /home/erij/Erij_Mazouz_4DS8_churn_ml_project/venv/lib/python3.8/site-packages/airflow/example_dags/plugins/listener_plugin.py
[2025-03-06T23:40:20.908+0100] {processor.py:927} WARNING - No viable dags retrieved from /home/erij/Erij_Mazouz_4DS8_churn_ml_project/venv/lib/python3.8/site-packages/airflow/example_dags/plugins/listener_plugin.py
[2025-03-06T23:40:20.916+0100] {processor.py:208} INFO - Processing /home/erij/Erij_Mazouz_4DS8_churn_ml_project/venv/lib/python3.8/site-packages/airflow/example_dags/plugins/listener_plugin.py took 0.018 seconds
[2025-03-06T23:41:33.918+0100] {processor.py:186} INFO - Started process (PID=56618) to work on /home/erij/Erij_Mazouz_4DS8_churn_ml_project/venv/lib/python3.8/site-packages/airflow/example_dags/plugins/listener_plugin.py
[2025-03-06T23:41:33.920+0100] {processor.py:914} INFO - Processing file /home/erij/Erij_Mazouz_4DS8_churn_ml_project/venv/lib/python3.8/site-packages/airflow/example_dags/plugins/listener_plugin.py for tasks to queue
[2025-03-06T23:41:33.922+0100] {logging_mixin.py:190} INFO - [2025-03-06T23:41:33.922+0100] {dagbag.py:588} INFO - Filling up the DagBag from /home/erij/Erij_Mazouz_4DS8_churn_ml_project/venv/lib/python3.8/site-packages/airflow/example_dags/plugins/listener_plugin.py
[2025-03-06T23:41:33.924+0100] {processor.py:927} WARNING - No viable dags retrieved from /home/erij/Erij_Mazouz_4DS8_churn_ml_project/venv/lib/python3.8/site-packages/airflow/example_dags/plugins/listener_plugin.py
[2025-03-06T23:41:33.932+0100] {processor.py:208} INFO - Processing /home/erij/Erij_Mazouz_4DS8_churn_ml_project/venv/lib/python3.8/site-packages/airflow/example_dags/plugins/listener_plugin.py took 0.019 seconds
[2025-03-06T23:42:29.384+0100] {processor.py:186} INFO - Started process (PID=56755) to work on /home/erij/Erij_Mazouz_4DS8_churn_ml_project/venv/lib/python3.8/site-packages/airflow/example_dags/plugins/listener_plugin.py
[2025-03-06T23:42:29.387+0100] {processor.py:914} INFO - Processing file /home/erij/Erij_Mazouz_4DS8_churn_ml_project/venv/lib/python3.8/site-packages/airflow/example_dags/plugins/listener_plugin.py for tasks to queue
[2025-03-06T23:42:29.389+0100] {logging_mixin.py:190} INFO - [2025-03-06T23:42:29.389+0100] {dagbag.py:588} INFO - Filling up the DagBag from /home/erij/Erij_Mazouz_4DS8_churn_ml_project/venv/lib/python3.8/site-packages/airflow/example_dags/plugins/listener_plugin.py
[2025-03-06T23:42:29.391+0100] {processor.py:927} WARNING - No viable dags retrieved from /home/erij/Erij_Mazouz_4DS8_churn_ml_project/venv/lib/python3.8/site-packages/airflow/example_dags/plugins/listener_plugin.py
[2025-03-06T23:42:29.398+0100] {processor.py:208} INFO - Processing /home/erij/Erij_Mazouz_4DS8_churn_ml_project/venv/lib/python3.8/site-packages/airflow/example_dags/plugins/listener_plugin.py took 0.018 seconds
[2025-03-06T23:43:48.687+0100] {processor.py:186} INFO - Started process (PID=56924) to work on /home/erij/Erij_Mazouz_4DS8_churn_ml_project/venv/lib/python3.8/site-packages/airflow/example_dags/plugins/listener_plugin.py
[2025-03-06T23:43:48.690+0100] {processor.py:914} INFO - Processing file /home/erij/Erij_Mazouz_4DS8_churn_ml_project/venv/lib/python3.8/site-packages/airflow/example_dags/plugins/listener_plugin.py for tasks to queue
[2025-03-06T23:43:48.692+0100] {logging_mixin.py:190} INFO - [2025-03-06T23:43:48.691+0100] {dagbag.py:588} INFO - Filling up the DagBag from /home/erij/Erij_Mazouz_4DS8_churn_ml_project/venv/lib/python3.8/site-packages/airflow/example_dags/plugins/listener_plugin.py
[2025-03-06T23:43:48.694+0100] {processor.py:927} WARNING - No viable dags retrieved from /home/erij/Erij_Mazouz_4DS8_churn_ml_project/venv/lib/python3.8/site-packages/airflow/example_dags/plugins/listener_plugin.py
[2025-03-06T23:43:48.703+0100] {processor.py:208} INFO - Processing /home/erij/Erij_Mazouz_4DS8_churn_ml_project/venv/lib/python3.8/site-packages/airflow/example_dags/plugins/listener_plugin.py took 0.021 seconds
[2025-03-06T23:45:09.665+0100] {processor.py:186} INFO - Started process (PID=57145) to work on /home/erij/Erij_Mazouz_4DS8_churn_ml_project/venv/lib/python3.8/site-packages/airflow/example_dags/plugins/listener_plugin.py
[2025-03-06T23:45:09.673+0100] {processor.py:914} INFO - Processing file /home/erij/Erij_Mazouz_4DS8_churn_ml_project/venv/lib/python3.8/site-packages/airflow/example_dags/plugins/listener_plugin.py for tasks to queue
[2025-03-06T23:45:09.675+0100] {logging_mixin.py:190} INFO - [2025-03-06T23:45:09.674+0100] {dagbag.py:588} INFO - Filling up the DagBag from /home/erij/Erij_Mazouz_4DS8_churn_ml_project/venv/lib/python3.8/site-packages/airflow/example_dags/plugins/listener_plugin.py
[2025-03-06T23:45:09.676+0100] {processor.py:927} WARNING - No viable dags retrieved from /home/erij/Erij_Mazouz_4DS8_churn_ml_project/venv/lib/python3.8/site-packages/airflow/example_dags/plugins/listener_plugin.py
[2025-03-06T23:45:09.684+0100] {processor.py:208} INFO - Processing /home/erij/Erij_Mazouz_4DS8_churn_ml_project/venv/lib/python3.8/site-packages/airflow/example_dags/plugins/listener_plugin.py took 0.024 seconds
[2025-03-06T23:46:08.917+0100] {processor.py:186} INFO - Started process (PID=57268) to work on /home/erij/Erij_Mazouz_4DS8_churn_ml_project/venv/lib/python3.8/site-packages/airflow/example_dags/plugins/listener_plugin.py
[2025-03-06T23:46:08.919+0100] {processor.py:914} INFO - Processing file /home/erij/Erij_Mazouz_4DS8_churn_ml_project/venv/lib/python3.8/site-packages/airflow/example_dags/plugins/listener_plugin.py for tasks to queue
[2025-03-06T23:46:08.921+0100] {logging_mixin.py:190} INFO - [2025-03-06T23:46:08.921+0100] {dagbag.py:588} INFO - Filling up the DagBag from /home/erij/Erij_Mazouz_4DS8_churn_ml_project/venv/lib/python3.8/site-packages/airflow/example_dags/plugins/listener_plugin.py
[2025-03-06T23:46:08.923+0100] {processor.py:927} WARNING - No viable dags retrieved from /home/erij/Erij_Mazouz_4DS8_churn_ml_project/venv/lib/python3.8/site-packages/airflow/example_dags/plugins/listener_plugin.py
[2025-03-06T23:46:08.930+0100] {processor.py:208} INFO - Processing /home/erij/Erij_Mazouz_4DS8_churn_ml_project/venv/lib/python3.8/site-packages/airflow/example_dags/plugins/listener_plugin.py took 0.019 seconds
[2025-03-06T23:47:31.258+0100] {processor.py:186} INFO - Started process (PID=57430) to work on /home/erij/Erij_Mazouz_4DS8_churn_ml_project/venv/lib/python3.8/site-packages/airflow/example_dags/plugins/listener_plugin.py
[2025-03-06T23:47:31.260+0100] {processor.py:914} INFO - Processing file /home/erij/Erij_Mazouz_4DS8_churn_ml_project/venv/lib/python3.8/site-packages/airflow/example_dags/plugins/listener_plugin.py for tasks to queue
[2025-03-06T23:47:31.261+0100] {logging_mixin.py:190} INFO - [2025-03-06T23:47:31.261+0100] {dagbag.py:588} INFO - Filling up the DagBag from /home/erij/Erij_Mazouz_4DS8_churn_ml_project/venv/lib/python3.8/site-packages/airflow/example_dags/plugins/listener_plugin.py
[2025-03-06T23:47:31.263+0100] {processor.py:927} WARNING - No viable dags retrieved from /home/erij/Erij_Mazouz_4DS8_churn_ml_project/venv/lib/python3.8/site-packages/airflow/example_dags/plugins/listener_plugin.py
[2025-03-06T23:47:31.271+0100] {processor.py:208} INFO - Processing /home/erij/Erij_Mazouz_4DS8_churn_ml_project/venv/lib/python3.8/site-packages/airflow/example_dags/plugins/listener_plugin.py took 0.018 seconds
[2025-03-06T23:48:29.628+0100] {processor.py:186} INFO - Started process (PID=57547) to work on /home/erij/Erij_Mazouz_4DS8_churn_ml_project/venv/lib/python3.8/site-packages/airflow/example_dags/plugins/listener_plugin.py
[2025-03-06T23:48:29.630+0100] {processor.py:914} INFO - Processing file /home/erij/Erij_Mazouz_4DS8_churn_ml_project/venv/lib/python3.8/site-packages/airflow/example_dags/plugins/listener_plugin.py for tasks to queue
[2025-03-06T23:48:29.632+0100] {logging_mixin.py:190} INFO - [2025-03-06T23:48:29.631+0100] {dagbag.py:588} INFO - Filling up the DagBag from /home/erij/Erij_Mazouz_4DS8_churn_ml_project/venv/lib/python3.8/site-packages/airflow/example_dags/plugins/listener_plugin.py
[2025-03-06T23:48:29.633+0100] {processor.py:927} WARNING - No viable dags retrieved from /home/erij/Erij_Mazouz_4DS8_churn_ml_project/venv/lib/python3.8/site-packages/airflow/example_dags/plugins/listener_plugin.py
[2025-03-06T23:48:29.641+0100] {processor.py:208} INFO - Processing /home/erij/Erij_Mazouz_4DS8_churn_ml_project/venv/lib/python3.8/site-packages/airflow/example_dags/plugins/listener_plugin.py took 0.019 seconds
[2025-03-06T23:49:25.607+0100] {processor.py:186} INFO - Started process (PID=57664) to work on /home/erij/Erij_Mazouz_4DS8_churn_ml_project/venv/lib/python3.8/site-packages/airflow/example_dags/plugins/listener_plugin.py
[2025-03-06T23:49:25.609+0100] {processor.py:914} INFO - Processing file /home/erij/Erij_Mazouz_4DS8_churn_ml_project/venv/lib/python3.8/site-packages/airflow/example_dags/plugins/listener_plugin.py for tasks to queue
[2025-03-06T23:49:25.611+0100] {logging_mixin.py:190} INFO - [2025-03-06T23:49:25.611+0100] {dagbag.py:588} INFO - Filling up the DagBag from /home/erij/Erij_Mazouz_4DS8_churn_ml_project/venv/lib/python3.8/site-packages/airflow/example_dags/plugins/listener_plugin.py
[2025-03-06T23:49:25.613+0100] {processor.py:927} WARNING - No viable dags retrieved from /home/erij/Erij_Mazouz_4DS8_churn_ml_project/venv/lib/python3.8/site-packages/airflow/example_dags/plugins/listener_plugin.py
[2025-03-06T23:49:25.620+0100] {processor.py:208} INFO - Processing /home/erij/Erij_Mazouz_4DS8_churn_ml_project/venv/lib/python3.8/site-packages/airflow/example_dags/plugins/listener_plugin.py took 0.017 seconds
[2025-03-06T23:50:47.269+0100] {processor.py:186} INFO - Started process (PID=57835) to work on /home/erij/Erij_Mazouz_4DS8_churn_ml_project/venv/lib/python3.8/site-packages/airflow/example_dags/plugins/listener_plugin.py
[2025-03-06T23:50:47.271+0100] {processor.py:914} INFO - Processing file /home/erij/Erij_Mazouz_4DS8_churn_ml_project/venv/lib/python3.8/site-packages/airflow/example_dags/plugins/listener_plugin.py for tasks to queue
[2025-03-06T23:50:47.274+0100] {logging_mixin.py:190} INFO - [2025-03-06T23:50:47.273+0100] {dagbag.py:588} INFO - Filling up the DagBag from /home/erij/Erij_Mazouz_4DS8_churn_ml_project/venv/lib/python3.8/site-packages/airflow/example_dags/plugins/listener_plugin.py
[2025-03-06T23:50:47.276+0100] {processor.py:927} WARNING - No viable dags retrieved from /home/erij/Erij_Mazouz_4DS8_churn_ml_project/venv/lib/python3.8/site-packages/airflow/example_dags/plugins/listener_plugin.py
[2025-03-06T23:50:47.285+0100] {processor.py:208} INFO - Processing /home/erij/Erij_Mazouz_4DS8_churn_ml_project/venv/lib/python3.8/site-packages/airflow/example_dags/plugins/listener_plugin.py took 0.021 seconds
[2025-03-06T23:51:43.619+0100] {processor.py:186} INFO - Started process (PID=57944) to work on /home/erij/Erij_Mazouz_4DS8_churn_ml_project/venv/lib/python3.8/site-packages/airflow/example_dags/plugins/listener_plugin.py
[2025-03-06T23:51:43.621+0100] {processor.py:914} INFO - Processing file /home/erij/Erij_Mazouz_4DS8_churn_ml_project/venv/lib/python3.8/site-packages/airflow/example_dags/plugins/listener_plugin.py for tasks to queue
[2025-03-06T23:51:43.623+0100] {logging_mixin.py:190} INFO - [2025-03-06T23:51:43.622+0100] {dagbag.py:588} INFO - Filling up the DagBag from /home/erij/Erij_Mazouz_4DS8_churn_ml_project/venv/lib/python3.8/site-packages/airflow/example_dags/plugins/listener_plugin.py
[2025-03-06T23:51:43.625+0100] {processor.py:927} WARNING - No viable dags retrieved from /home/erij/Erij_Mazouz_4DS8_churn_ml_project/venv/lib/python3.8/site-packages/airflow/example_dags/plugins/listener_plugin.py
[2025-03-06T23:51:43.632+0100] {processor.py:208} INFO - Processing /home/erij/Erij_Mazouz_4DS8_churn_ml_project/venv/lib/python3.8/site-packages/airflow/example_dags/plugins/listener_plugin.py took 0.019 seconds
[2025-03-06T23:53:07.647+0100] {processor.py:186} INFO - Started process (PID=58115) to work on /home/erij/Erij_Mazouz_4DS8_churn_ml_project/venv/lib/python3.8/site-packages/airflow/example_dags/plugins/listener_plugin.py
[2025-03-06T23:53:07.649+0100] {processor.py:914} INFO - Processing file /home/erij/Erij_Mazouz_4DS8_churn_ml_project/venv/lib/python3.8/site-packages/airflow/example_dags/plugins/listener_plugin.py for tasks to queue
[2025-03-06T23:53:07.651+0100] {logging_mixin.py:190} INFO - [2025-03-06T23:53:07.651+0100] {dagbag.py:588} INFO - Filling up the DagBag from /home/erij/Erij_Mazouz_4DS8_churn_ml_project/venv/lib/python3.8/site-packages/airflow/example_dags/plugins/listener_plugin.py
[2025-03-06T23:53:07.653+0100] {processor.py:927} WARNING - No viable dags retrieved from /home/erij/Erij_Mazouz_4DS8_churn_ml_project/venv/lib/python3.8/site-packages/airflow/example_dags/plugins/listener_plugin.py
[2025-03-06T23:53:07.661+0100] {processor.py:208} INFO - Processing /home/erij/Erij_Mazouz_4DS8_churn_ml_project/venv/lib/python3.8/site-packages/airflow/example_dags/plugins/listener_plugin.py took 0.019 seconds
[2025-03-06T23:54:05.301+0100] {processor.py:186} INFO - Started process (PID=58252) to work on /home/erij/Erij_Mazouz_4DS8_churn_ml_project/venv/lib/python3.8/site-packages/airflow/example_dags/plugins/listener_plugin.py
[2025-03-06T23:54:05.304+0100] {processor.py:914} INFO - Processing file /home/erij/Erij_Mazouz_4DS8_churn_ml_project/venv/lib/python3.8/site-packages/airflow/example_dags/plugins/listener_plugin.py for tasks to queue
[2025-03-06T23:54:05.306+0100] {logging_mixin.py:190} INFO - [2025-03-06T23:54:05.305+0100] {dagbag.py:588} INFO - Filling up the DagBag from /home/erij/Erij_Mazouz_4DS8_churn_ml_project/venv/lib/python3.8/site-packages/airflow/example_dags/plugins/listener_plugin.py
[2025-03-06T23:54:05.307+0100] {processor.py:927} WARNING - No viable dags retrieved from /home/erij/Erij_Mazouz_4DS8_churn_ml_project/venv/lib/python3.8/site-packages/airflow/example_dags/plugins/listener_plugin.py
[2025-03-06T23:54:05.316+0100] {processor.py:208} INFO - Processing /home/erij/Erij_Mazouz_4DS8_churn_ml_project/venv/lib/python3.8/site-packages/airflow/example_dags/plugins/listener_plugin.py took 0.019 seconds
[2025-03-06T23:55:01.899+0100] {processor.py:186} INFO - Started process (PID=58621) to work on /home/erij/Erij_Mazouz_4DS8_churn_ml_project/venv/lib/python3.8/site-packages/airflow/example_dags/plugins/listener_plugin.py
[2025-03-06T23:55:01.906+0100] {processor.py:914} INFO - Processing file /home/erij/Erij_Mazouz_4DS8_churn_ml_project/venv/lib/python3.8/site-packages/airflow/example_dags/plugins/listener_plugin.py for tasks to queue
[2025-03-06T23:55:01.917+0100] {logging_mixin.py:190} INFO - [2025-03-06T23:55:01.916+0100] {dagbag.py:588} INFO - Filling up the DagBag from /home/erij/Erij_Mazouz_4DS8_churn_ml_project/venv/lib/python3.8/site-packages/airflow/example_dags/plugins/listener_plugin.py
[2025-03-06T23:55:01.928+0100] {processor.py:927} WARNING - No viable dags retrieved from /home/erij/Erij_Mazouz_4DS8_churn_ml_project/venv/lib/python3.8/site-packages/airflow/example_dags/plugins/listener_plugin.py
[2025-03-06T23:55:01.973+0100] {processor.py:208} INFO - Processing /home/erij/Erij_Mazouz_4DS8_churn_ml_project/venv/lib/python3.8/site-packages/airflow/example_dags/plugins/listener_plugin.py took 0.107 seconds
[2025-03-06T23:56:01.555+0100] {processor.py:186} INFO - Started process (PID=59177) to work on /home/erij/Erij_Mazouz_4DS8_churn_ml_project/venv/lib/python3.8/site-packages/airflow/example_dags/plugins/listener_plugin.py
[2025-03-06T23:56:01.556+0100] {processor.py:914} INFO - Processing file /home/erij/Erij_Mazouz_4DS8_churn_ml_project/venv/lib/python3.8/site-packages/airflow/example_dags/plugins/listener_plugin.py for tasks to queue
[2025-03-06T23:56:01.558+0100] {logging_mixin.py:190} INFO - [2025-03-06T23:56:01.558+0100] {dagbag.py:588} INFO - Filling up the DagBag from /home/erij/Erij_Mazouz_4DS8_churn_ml_project/venv/lib/python3.8/site-packages/airflow/example_dags/plugins/listener_plugin.py
[2025-03-06T23:56:01.561+0100] {processor.py:927} WARNING - No viable dags retrieved from /home/erij/Erij_Mazouz_4DS8_churn_ml_project/venv/lib/python3.8/site-packages/airflow/example_dags/plugins/listener_plugin.py
[2025-03-06T23:56:01.568+0100] {processor.py:208} INFO - Processing /home/erij/Erij_Mazouz_4DS8_churn_ml_project/venv/lib/python3.8/site-packages/airflow/example_dags/plugins/listener_plugin.py took 0.019 seconds
[2025-03-06T23:56:56.473+0100] {processor.py:186} INFO - Started process (PID=59308) to work on /home/erij/Erij_Mazouz_4DS8_churn_ml_project/venv/lib/python3.8/site-packages/airflow/example_dags/plugins/listener_plugin.py
[2025-03-06T23:56:56.474+0100] {processor.py:914} INFO - Processing file /home/erij/Erij_Mazouz_4DS8_churn_ml_project/venv/lib/python3.8/site-packages/airflow/example_dags/plugins/listener_plugin.py for tasks to queue
[2025-03-06T23:56:56.476+0100] {logging_mixin.py:190} INFO - [2025-03-06T23:56:56.476+0100] {dagbag.py:588} INFO - Filling up the DagBag from /home/erij/Erij_Mazouz_4DS8_churn_ml_project/venv/lib/python3.8/site-packages/airflow/example_dags/plugins/listener_plugin.py
[2025-03-06T23:56:56.478+0100] {processor.py:927} WARNING - No viable dags retrieved from /home/erij/Erij_Mazouz_4DS8_churn_ml_project/venv/lib/python3.8/site-packages/airflow/example_dags/plugins/listener_plugin.py
[2025-03-06T23:56:56.485+0100] {processor.py:208} INFO - Processing /home/erij/Erij_Mazouz_4DS8_churn_ml_project/venv/lib/python3.8/site-packages/airflow/example_dags/plugins/listener_plugin.py took 0.018 seconds
[2025-03-06T23:57:54.734+0100] {processor.py:186} INFO - Started process (PID=59445) to work on /home/erij/Erij_Mazouz_4DS8_churn_ml_project/venv/lib/python3.8/site-packages/airflow/example_dags/plugins/listener_plugin.py
[2025-03-06T23:57:54.737+0100] {processor.py:914} INFO - Processing file /home/erij/Erij_Mazouz_4DS8_churn_ml_project/venv/lib/python3.8/site-packages/airflow/example_dags/plugins/listener_plugin.py for tasks to queue
[2025-03-06T23:57:54.740+0100] {logging_mixin.py:190} INFO - [2025-03-06T23:57:54.739+0100] {dagbag.py:588} INFO - Filling up the DagBag from /home/erij/Erij_Mazouz_4DS8_churn_ml_project/venv/lib/python3.8/site-packages/airflow/example_dags/plugins/listener_plugin.py
[2025-03-06T23:57:54.743+0100] {processor.py:927} WARNING - No viable dags retrieved from /home/erij/Erij_Mazouz_4DS8_churn_ml_project/venv/lib/python3.8/site-packages/airflow/example_dags/plugins/listener_plugin.py
[2025-03-06T23:57:54.758+0100] {processor.py:208} INFO - Processing /home/erij/Erij_Mazouz_4DS8_churn_ml_project/venv/lib/python3.8/site-packages/airflow/example_dags/plugins/listener_plugin.py took 0.032 seconds
[2025-03-06T23:59:11.492+0100] {processor.py:186} INFO - Started process (PID=59665) to work on /home/erij/Erij_Mazouz_4DS8_churn_ml_project/venv/lib/python3.8/site-packages/airflow/example_dags/plugins/listener_plugin.py
[2025-03-06T23:59:11.494+0100] {processor.py:914} INFO - Processing file /home/erij/Erij_Mazouz_4DS8_churn_ml_project/venv/lib/python3.8/site-packages/airflow/example_dags/plugins/listener_plugin.py for tasks to queue
[2025-03-06T23:59:11.496+0100] {logging_mixin.py:190} INFO - [2025-03-06T23:59:11.495+0100] {dagbag.py:588} INFO - Filling up the DagBag from /home/erij/Erij_Mazouz_4DS8_churn_ml_project/venv/lib/python3.8/site-packages/airflow/example_dags/plugins/listener_plugin.py
[2025-03-06T23:59:11.498+0100] {processor.py:927} WARNING - No viable dags retrieved from /home/erij/Erij_Mazouz_4DS8_churn_ml_project/venv/lib/python3.8/site-packages/airflow/example_dags/plugins/listener_plugin.py
[2025-03-06T23:59:11.506+0100] {processor.py:208} INFO - Processing /home/erij/Erij_Mazouz_4DS8_churn_ml_project/venv/lib/python3.8/site-packages/airflow/example_dags/plugins/listener_plugin.py took 0.019 seconds
[2025-03-07T00:00:29.823+0100] {processor.py:186} INFO - Started process (PID=59918) to work on /home/erij/Erij_Mazouz_4DS8_churn_ml_project/venv/lib/python3.8/site-packages/airflow/example_dags/plugins/listener_plugin.py
[2025-03-07T00:00:29.826+0100] {processor.py:914} INFO - Processing file /home/erij/Erij_Mazouz_4DS8_churn_ml_project/venv/lib/python3.8/site-packages/airflow/example_dags/plugins/listener_plugin.py for tasks to queue
[2025-03-07T00:00:29.828+0100] {logging_mixin.py:190} INFO - [2025-03-07T00:00:29.828+0100] {dagbag.py:588} INFO - Filling up the DagBag from /home/erij/Erij_Mazouz_4DS8_churn_ml_project/venv/lib/python3.8/site-packages/airflow/example_dags/plugins/listener_plugin.py
[2025-03-07T00:00:29.830+0100] {processor.py:927} WARNING - No viable dags retrieved from /home/erij/Erij_Mazouz_4DS8_churn_ml_project/venv/lib/python3.8/site-packages/airflow/example_dags/plugins/listener_plugin.py
[2025-03-07T00:00:29.837+0100] {processor.py:208} INFO - Processing /home/erij/Erij_Mazouz_4DS8_churn_ml_project/venv/lib/python3.8/site-packages/airflow/example_dags/plugins/listener_plugin.py took 0.020 seconds
[2025-03-07T00:01:49.882+0100] {processor.py:186} INFO - Started process (PID=60163) to work on /home/erij/Erij_Mazouz_4DS8_churn_ml_project/venv/lib/python3.8/site-packages/airflow/example_dags/plugins/listener_plugin.py
[2025-03-07T00:01:49.885+0100] {processor.py:914} INFO - Processing file /home/erij/Erij_Mazouz_4DS8_churn_ml_project/venv/lib/python3.8/site-packages/airflow/example_dags/plugins/listener_plugin.py for tasks to queue
[2025-03-07T00:01:49.887+0100] {logging_mixin.py:190} INFO - [2025-03-07T00:01:49.886+0100] {dagbag.py:588} INFO - Filling up the DagBag from /home/erij/Erij_Mazouz_4DS8_churn_ml_project/venv/lib/python3.8/site-packages/airflow/example_dags/plugins/listener_plugin.py
[2025-03-07T00:01:49.890+0100] {processor.py:927} WARNING - No viable dags retrieved from /home/erij/Erij_Mazouz_4DS8_churn_ml_project/venv/lib/python3.8/site-packages/airflow/example_dags/plugins/listener_plugin.py
[2025-03-07T00:01:49.898+0100] {processor.py:208} INFO - Processing /home/erij/Erij_Mazouz_4DS8_churn_ml_project/venv/lib/python3.8/site-packages/airflow/example_dags/plugins/listener_plugin.py took 0.022 seconds
[2025-03-07T00:02:46.843+0100] {processor.py:186} INFO - Started process (PID=60383) to work on /home/erij/Erij_Mazouz_4DS8_churn_ml_project/venv/lib/python3.8/site-packages/airflow/example_dags/plugins/listener_plugin.py
[2025-03-07T00:02:46.844+0100] {processor.py:914} INFO - Processing file /home/erij/Erij_Mazouz_4DS8_churn_ml_project/venv/lib/python3.8/site-packages/airflow/example_dags/plugins/listener_plugin.py for tasks to queue
[2025-03-07T00:02:46.846+0100] {logging_mixin.py:190} INFO - [2025-03-07T00:02:46.846+0100] {dagbag.py:588} INFO - Filling up the DagBag from /home/erij/Erij_Mazouz_4DS8_churn_ml_project/venv/lib/python3.8/site-packages/airflow/example_dags/plugins/listener_plugin.py
[2025-03-07T00:02:46.848+0100] {processor.py:927} WARNING - No viable dags retrieved from /home/erij/Erij_Mazouz_4DS8_churn_ml_project/venv/lib/python3.8/site-packages/airflow/example_dags/plugins/listener_plugin.py
[2025-03-07T00:02:46.856+0100] {processor.py:208} INFO - Processing /home/erij/Erij_Mazouz_4DS8_churn_ml_project/venv/lib/python3.8/site-packages/airflow/example_dags/plugins/listener_plugin.py took 0.019 seconds
