[2025-03-06T23:40:19.770+0100] {processor.py:186} INFO - Started process (PID=56438) to work on /home/erij/Erij_Mazouz_4DS8_churn_ml_project/venv/lib/python3.8/site-packages/airflow/example_dags/plugins/workday.py
[2025-03-06T23:40:19.771+0100] {processor.py:914} INFO - Processing file /home/erij/Erij_Mazouz_4DS8_churn_ml_project/venv/lib/python3.8/site-packages/airflow/example_dags/plugins/workday.py for tasks to queue
[2025-03-06T23:40:19.773+0100] {logging_mixin.py:190} INFO - [2025-03-06T23:40:19.773+0100] {dagbag.py:588} INFO - Filling up the DagBag from /home/erij/Erij_Mazouz_4DS8_churn_ml_project/venv/lib/python3.8/site-packages/airflow/example_dags/plugins/workday.py
[2025-03-06T23:40:19.775+0100] {processor.py:927} WARNING - No viable dags retrieved from /home/erij/Erij_Mazouz_4DS8_churn_ml_project/venv/lib/python3.8/site-packages/airflow/example_dags/plugins/workday.py
[2025-03-06T23:40:19.784+0100] {processor.py:208} INFO - Processing /home/erij/Erij_Mazouz_4DS8_churn_ml_project/venv/lib/python3.8/site-packages/airflow/example_dags/plugins/workday.py took 0.020 seconds
[2025-03-06T23:41:32.777+0100] {processor.py:186} INFO - Started process (PID=56616) to work on /home/erij/Erij_Mazouz_4DS8_churn_ml_project/venv/lib/python3.8/site-packages/airflow/example_dags/plugins/workday.py
[2025-03-06T23:41:32.779+0100] {processor.py:914} INFO - Processing file /home/erij/Erij_Mazouz_4DS8_churn_ml_project/venv/lib/python3.8/site-packages/airflow/example_dags/plugins/workday.py for tasks to queue
[2025-03-06T23:41:32.781+0100] {logging_mixin.py:190} INFO - [2025-03-06T23:41:32.781+0100] {dagbag.py:588} INFO - Filling up the DagBag from /home/erij/Erij_Mazouz_4DS8_churn_ml_project/venv/lib/python3.8/site-packages/airflow/example_dags/plugins/workday.py
[2025-03-06T23:41:32.783+0100] {processor.py:927} WARNING - No viable dags retrieved from /home/erij/Erij_Mazouz_4DS8_churn_ml_project/venv/lib/python3.8/site-packages/airflow/example_dags/plugins/workday.py
[2025-03-06T23:41:32.791+0100] {processor.py:208} INFO - Processing /home/erij/Erij_Mazouz_4DS8_churn_ml_project/venv/lib/python3.8/site-packages/airflow/example_dags/plugins/workday.py took 0.019 seconds
[2025-03-06T23:42:28.270+0100] {processor.py:186} INFO - Started process (PID=56754) to work on /home/erij/Erij_Mazouz_4DS8_churn_ml_project/venv/lib/python3.8/site-packages/airflow/example_dags/plugins/workday.py
[2025-03-06T23:42:28.272+0100] {processor.py:914} INFO - Processing file /home/erij/Erij_Mazouz_4DS8_churn_ml_project/venv/lib/python3.8/site-packages/airflow/example_dags/plugins/workday.py for tasks to queue
[2025-03-06T23:42:28.274+0100] {logging_mixin.py:190} INFO - [2025-03-06T23:42:28.274+0100] {dagbag.py:588} INFO - Filling up the DagBag from /home/erij/Erij_Mazouz_4DS8_churn_ml_project/venv/lib/python3.8/site-packages/airflow/example_dags/plugins/workday.py
[2025-03-06T23:42:28.276+0100] {processor.py:927} WARNING - No viable dags retrieved from /home/erij/Erij_Mazouz_4DS8_churn_ml_project/venv/lib/python3.8/site-packages/airflow/example_dags/plugins/workday.py
[2025-03-06T23:42:28.285+0100] {processor.py:208} INFO - Processing /home/erij/Erij_Mazouz_4DS8_churn_ml_project/venv/lib/python3.8/site-packages/airflow/example_dags/plugins/workday.py took 0.020 seconds
[2025-03-06T23:43:47.555+0100] {processor.py:186} INFO - Started process (PID=56923) to work on /home/erij/Erij_Mazouz_4DS8_churn_ml_project/venv/lib/python3.8/site-packages/airflow/example_dags/plugins/workday.py
[2025-03-06T23:43:47.557+0100] {processor.py:914} INFO - Processing file /home/erij/Erij_Mazouz_4DS8_churn_ml_project/venv/lib/python3.8/site-packages/airflow/example_dags/plugins/workday.py for tasks to queue
[2025-03-06T23:43:47.559+0100] {logging_mixin.py:190} INFO - [2025-03-06T23:43:47.559+0100] {dagbag.py:588} INFO - Filling up the DagBag from /home/erij/Erij_Mazouz_4DS8_churn_ml_project/venv/lib/python3.8/site-packages/airflow/example_dags/plugins/workday.py
[2025-03-06T23:43:47.561+0100] {processor.py:927} WARNING - No viable dags retrieved from /home/erij/Erij_Mazouz_4DS8_churn_ml_project/venv/lib/python3.8/site-packages/airflow/example_dags/plugins/workday.py
[2025-03-06T23:43:47.568+0100] {processor.py:208} INFO - Processing /home/erij/Erij_Mazouz_4DS8_churn_ml_project/venv/lib/python3.8/site-packages/airflow/example_dags/plugins/workday.py took 0.018 seconds
[2025-03-06T23:45:08.534+0100] {processor.py:186} INFO - Started process (PID=57144) to work on /home/erij/Erij_Mazouz_4DS8_churn_ml_project/venv/lib/python3.8/site-packages/airflow/example_dags/plugins/workday.py
[2025-03-06T23:45:08.538+0100] {processor.py:914} INFO - Processing file /home/erij/Erij_Mazouz_4DS8_churn_ml_project/venv/lib/python3.8/site-packages/airflow/example_dags/plugins/workday.py for tasks to queue
[2025-03-06T23:45:08.539+0100] {logging_mixin.py:190} INFO - [2025-03-06T23:45:08.539+0100] {dagbag.py:588} INFO - Filling up the DagBag from /home/erij/Erij_Mazouz_4DS8_churn_ml_project/venv/lib/python3.8/site-packages/airflow/example_dags/plugins/workday.py
[2025-03-06T23:45:08.542+0100] {processor.py:927} WARNING - No viable dags retrieved from /home/erij/Erij_Mazouz_4DS8_churn_ml_project/venv/lib/python3.8/site-packages/airflow/example_dags/plugins/workday.py
[2025-03-06T23:45:08.549+0100] {processor.py:208} INFO - Processing /home/erij/Erij_Mazouz_4DS8_churn_ml_project/venv/lib/python3.8/site-packages/airflow/example_dags/plugins/workday.py took 0.019 seconds
[2025-03-06T23:46:07.750+0100] {processor.py:186} INFO - Started process (PID=57267) to work on /home/erij/Erij_Mazouz_4DS8_churn_ml_project/venv/lib/python3.8/site-packages/airflow/example_dags/plugins/workday.py
[2025-03-06T23:46:07.765+0100] {processor.py:914} INFO - Processing file /home/erij/Erij_Mazouz_4DS8_churn_ml_project/venv/lib/python3.8/site-packages/airflow/example_dags/plugins/workday.py for tasks to queue
[2025-03-06T23:46:07.766+0100] {logging_mixin.py:190} INFO - [2025-03-06T23:46:07.766+0100] {dagbag.py:588} INFO - Filling up the DagBag from /home/erij/Erij_Mazouz_4DS8_churn_ml_project/venv/lib/python3.8/site-packages/airflow/example_dags/plugins/workday.py
[2025-03-06T23:46:07.769+0100] {processor.py:927} WARNING - No viable dags retrieved from /home/erij/Erij_Mazouz_4DS8_churn_ml_project/venv/lib/python3.8/site-packages/airflow/example_dags/plugins/workday.py
[2025-03-06T23:46:07.777+0100] {processor.py:208} INFO - Processing /home/erij/Erij_Mazouz_4DS8_churn_ml_project/venv/lib/python3.8/site-packages/airflow/example_dags/plugins/workday.py took 0.032 seconds
[2025-03-06T23:47:03.813+0100] {processor.py:186} INFO - Started process (PID=57378) to work on /home/erij/Erij_Mazouz_4DS8_churn_ml_project/venv/lib/python3.8/site-packages/airflow/example_dags/plugins/workday.py
[2025-03-06T23:47:03.815+0100] {processor.py:914} INFO - Processing file /home/erij/Erij_Mazouz_4DS8_churn_ml_project/venv/lib/python3.8/site-packages/airflow/example_dags/plugins/workday.py for tasks to queue
[2025-03-06T23:47:03.817+0100] {logging_mixin.py:190} INFO - [2025-03-06T23:47:03.816+0100] {dagbag.py:588} INFO - Filling up the DagBag from /home/erij/Erij_Mazouz_4DS8_churn_ml_project/venv/lib/python3.8/site-packages/airflow/example_dags/plugins/workday.py
[2025-03-06T23:47:03.819+0100] {processor.py:927} WARNING - No viable dags retrieved from /home/erij/Erij_Mazouz_4DS8_churn_ml_project/venv/lib/python3.8/site-packages/airflow/example_dags/plugins/workday.py
[2025-03-06T23:47:03.826+0100] {processor.py:208} INFO - Processing /home/erij/Erij_Mazouz_4DS8_churn_ml_project/venv/lib/python3.8/site-packages/airflow/example_dags/plugins/workday.py took 0.018 seconds
[2025-03-06T23:48:28.491+0100] {processor.py:186} INFO - Started process (PID=57546) to work on /home/erij/Erij_Mazouz_4DS8_churn_ml_project/venv/lib/python3.8/site-packages/airflow/example_dags/plugins/workday.py
[2025-03-06T23:48:28.494+0100] {processor.py:914} INFO - Processing file /home/erij/Erij_Mazouz_4DS8_churn_ml_project/venv/lib/python3.8/site-packages/airflow/example_dags/plugins/workday.py for tasks to queue
[2025-03-06T23:48:28.496+0100] {logging_mixin.py:190} INFO - [2025-03-06T23:48:28.495+0100] {dagbag.py:588} INFO - Filling up the DagBag from /home/erij/Erij_Mazouz_4DS8_churn_ml_project/venv/lib/python3.8/site-packages/airflow/example_dags/plugins/workday.py
[2025-03-06T23:48:28.498+0100] {processor.py:927} WARNING - No viable dags retrieved from /home/erij/Erij_Mazouz_4DS8_churn_ml_project/venv/lib/python3.8/site-packages/airflow/example_dags/plugins/workday.py
[2025-03-06T23:48:28.505+0100] {processor.py:208} INFO - Processing /home/erij/Erij_Mazouz_4DS8_churn_ml_project/venv/lib/python3.8/site-packages/airflow/example_dags/plugins/workday.py took 0.018 seconds
[2025-03-06T23:49:24.468+0100] {processor.py:186} INFO - Started process (PID=57663) to work on /home/erij/Erij_Mazouz_4DS8_churn_ml_project/venv/lib/python3.8/site-packages/airflow/example_dags/plugins/workday.py
[2025-03-06T23:49:24.470+0100] {processor.py:914} INFO - Processing file /home/erij/Erij_Mazouz_4DS8_churn_ml_project/venv/lib/python3.8/site-packages/airflow/example_dags/plugins/workday.py for tasks to queue
[2025-03-06T23:49:24.472+0100] {logging_mixin.py:190} INFO - [2025-03-06T23:49:24.471+0100] {dagbag.py:588} INFO - Filling up the DagBag from /home/erij/Erij_Mazouz_4DS8_churn_ml_project/venv/lib/python3.8/site-packages/airflow/example_dags/plugins/workday.py
[2025-03-06T23:49:24.474+0100] {processor.py:927} WARNING - No viable dags retrieved from /home/erij/Erij_Mazouz_4DS8_churn_ml_project/venv/lib/python3.8/site-packages/airflow/example_dags/plugins/workday.py
[2025-03-06T23:49:24.481+0100] {processor.py:208} INFO - Processing /home/erij/Erij_Mazouz_4DS8_churn_ml_project/venv/lib/python3.8/site-packages/airflow/example_dags/plugins/workday.py took 0.018 seconds
[2025-03-06T23:50:20.260+0100] {processor.py:186} INFO - Started process (PID=57771) to work on /home/erij/Erij_Mazouz_4DS8_churn_ml_project/venv/lib/python3.8/site-packages/airflow/example_dags/plugins/workday.py
[2025-03-06T23:50:20.262+0100] {processor.py:914} INFO - Processing file /home/erij/Erij_Mazouz_4DS8_churn_ml_project/venv/lib/python3.8/site-packages/airflow/example_dags/plugins/workday.py for tasks to queue
[2025-03-06T23:50:20.263+0100] {logging_mixin.py:190} INFO - [2025-03-06T23:50:20.263+0100] {dagbag.py:588} INFO - Filling up the DagBag from /home/erij/Erij_Mazouz_4DS8_churn_ml_project/venv/lib/python3.8/site-packages/airflow/example_dags/plugins/workday.py
[2025-03-06T23:50:20.265+0100] {processor.py:927} WARNING - No viable dags retrieved from /home/erij/Erij_Mazouz_4DS8_churn_ml_project/venv/lib/python3.8/site-packages/airflow/example_dags/plugins/workday.py
[2025-03-06T23:50:20.273+0100] {processor.py:208} INFO - Processing /home/erij/Erij_Mazouz_4DS8_churn_ml_project/venv/lib/python3.8/site-packages/airflow/example_dags/plugins/workday.py took 0.018 seconds
[2025-03-06T23:51:42.487+0100] {processor.py:186} INFO - Started process (PID=57943) to work on /home/erij/Erij_Mazouz_4DS8_churn_ml_project/venv/lib/python3.8/site-packages/airflow/example_dags/plugins/workday.py
[2025-03-06T23:51:42.489+0100] {processor.py:914} INFO - Processing file /home/erij/Erij_Mazouz_4DS8_churn_ml_project/venv/lib/python3.8/site-packages/airflow/example_dags/plugins/workday.py for tasks to queue
[2025-03-06T23:51:42.491+0100] {logging_mixin.py:190} INFO - [2025-03-06T23:51:42.491+0100] {dagbag.py:588} INFO - Filling up the DagBag from /home/erij/Erij_Mazouz_4DS8_churn_ml_project/venv/lib/python3.8/site-packages/airflow/example_dags/plugins/workday.py
[2025-03-06T23:51:42.493+0100] {processor.py:927} WARNING - No viable dags retrieved from /home/erij/Erij_Mazouz_4DS8_churn_ml_project/venv/lib/python3.8/site-packages/airflow/example_dags/plugins/workday.py
[2025-03-06T23:51:42.502+0100] {processor.py:208} INFO - Processing /home/erij/Erij_Mazouz_4DS8_churn_ml_project/venv/lib/python3.8/site-packages/airflow/example_dags/plugins/workday.py took 0.020 seconds
[2025-03-06T23:52:39.709+0100] {processor.py:186} INFO - Started process (PID=58063) to work on /home/erij/Erij_Mazouz_4DS8_churn_ml_project/venv/lib/python3.8/site-packages/airflow/example_dags/plugins/workday.py
[2025-03-06T23:52:39.711+0100] {processor.py:914} INFO - Processing file /home/erij/Erij_Mazouz_4DS8_churn_ml_project/venv/lib/python3.8/site-packages/airflow/example_dags/plugins/workday.py for tasks to queue
[2025-03-06T23:52:39.713+0100] {logging_mixin.py:190} INFO - [2025-03-06T23:52:39.713+0100] {dagbag.py:588} INFO - Filling up the DagBag from /home/erij/Erij_Mazouz_4DS8_churn_ml_project/venv/lib/python3.8/site-packages/airflow/example_dags/plugins/workday.py
[2025-03-06T23:52:39.716+0100] {processor.py:927} WARNING - No viable dags retrieved from /home/erij/Erij_Mazouz_4DS8_churn_ml_project/venv/lib/python3.8/site-packages/airflow/example_dags/plugins/workday.py
[2025-03-06T23:52:39.725+0100] {processor.py:208} INFO - Processing /home/erij/Erij_Mazouz_4DS8_churn_ml_project/venv/lib/python3.8/site-packages/airflow/example_dags/plugins/workday.py took 0.021 seconds
[2025-03-06T23:53:36.740+0100] {processor.py:186} INFO - Started process (PID=58185) to work on /home/erij/Erij_Mazouz_4DS8_churn_ml_project/venv/lib/python3.8/site-packages/airflow/example_dags/plugins/workday.py
[2025-03-06T23:53:36.743+0100] {processor.py:914} INFO - Processing file /home/erij/Erij_Mazouz_4DS8_churn_ml_project/venv/lib/python3.8/site-packages/airflow/example_dags/plugins/workday.py for tasks to queue
[2025-03-06T23:53:36.745+0100] {logging_mixin.py:190} INFO - [2025-03-06T23:53:36.744+0100] {dagbag.py:588} INFO - Filling up the DagBag from /home/erij/Erij_Mazouz_4DS8_churn_ml_project/venv/lib/python3.8/site-packages/airflow/example_dags/plugins/workday.py
[2025-03-06T23:53:36.747+0100] {processor.py:927} WARNING - No viable dags retrieved from /home/erij/Erij_Mazouz_4DS8_churn_ml_project/venv/lib/python3.8/site-packages/airflow/example_dags/plugins/workday.py
[2025-03-06T23:53:36.755+0100] {processor.py:208} INFO - Processing /home/erij/Erij_Mazouz_4DS8_churn_ml_project/venv/lib/python3.8/site-packages/airflow/example_dags/plugins/workday.py took 0.020 seconds
[2025-03-06T23:54:33.439+0100] {processor.py:186} INFO - Started process (PID=58559) to work on /home/erij/Erij_Mazouz_4DS8_churn_ml_project/venv/lib/python3.8/site-packages/airflow/example_dags/plugins/workday.py
[2025-03-06T23:54:33.441+0100] {processor.py:914} INFO - Processing file /home/erij/Erij_Mazouz_4DS8_churn_ml_project/venv/lib/python3.8/site-packages/airflow/example_dags/plugins/workday.py for tasks to queue
[2025-03-06T23:54:33.443+0100] {logging_mixin.py:190} INFO - [2025-03-06T23:54:33.443+0100] {dagbag.py:588} INFO - Filling up the DagBag from /home/erij/Erij_Mazouz_4DS8_churn_ml_project/venv/lib/python3.8/site-packages/airflow/example_dags/plugins/workday.py
[2025-03-06T23:54:33.445+0100] {processor.py:927} WARNING - No viable dags retrieved from /home/erij/Erij_Mazouz_4DS8_churn_ml_project/venv/lib/python3.8/site-packages/airflow/example_dags/plugins/workday.py
[2025-03-06T23:54:33.453+0100] {processor.py:208} INFO - Processing /home/erij/Erij_Mazouz_4DS8_churn_ml_project/venv/lib/python3.8/site-packages/airflow/example_dags/plugins/workday.py took 0.018 seconds
[2025-03-06T23:55:32.249+0100] {processor.py:186} INFO - Started process (PID=59084) to work on /home/erij/Erij_Mazouz_4DS8_churn_ml_project/venv/lib/python3.8/site-packages/airflow/example_dags/plugins/workday.py
[2025-03-06T23:55:32.252+0100] {processor.py:914} INFO - Processing file /home/erij/Erij_Mazouz_4DS8_churn_ml_project/venv/lib/python3.8/site-packages/airflow/example_dags/plugins/workday.py for tasks to queue
[2025-03-06T23:55:32.255+0100] {logging_mixin.py:190} INFO - [2025-03-06T23:55:32.254+0100] {dagbag.py:588} INFO - Filling up the DagBag from /home/erij/Erij_Mazouz_4DS8_churn_ml_project/venv/lib/python3.8/site-packages/airflow/example_dags/plugins/workday.py
[2025-03-06T23:55:32.258+0100] {processor.py:927} WARNING - No viable dags retrieved from /home/erij/Erij_Mazouz_4DS8_churn_ml_project/venv/lib/python3.8/site-packages/airflow/example_dags/plugins/workday.py
[2025-03-06T23:55:32.269+0100] {processor.py:208} INFO - Processing /home/erij/Erij_Mazouz_4DS8_churn_ml_project/venv/lib/python3.8/site-packages/airflow/example_dags/plugins/workday.py took 0.030 seconds
[2025-03-06T23:56:32.334+0100] {processor.py:186} INFO - Started process (PID=59251) to work on /home/erij/Erij_Mazouz_4DS8_churn_ml_project/venv/lib/python3.8/site-packages/airflow/example_dags/plugins/workday.py
[2025-03-06T23:56:32.336+0100] {processor.py:914} INFO - Processing file /home/erij/Erij_Mazouz_4DS8_churn_ml_project/venv/lib/python3.8/site-packages/airflow/example_dags/plugins/workday.py for tasks to queue
[2025-03-06T23:56:32.338+0100] {logging_mixin.py:190} INFO - [2025-03-06T23:56:32.337+0100] {dagbag.py:588} INFO - Filling up the DagBag from /home/erij/Erij_Mazouz_4DS8_churn_ml_project/venv/lib/python3.8/site-packages/airflow/example_dags/plugins/workday.py
[2025-03-06T23:56:32.340+0100] {processor.py:927} WARNING - No viable dags retrieved from /home/erij/Erij_Mazouz_4DS8_churn_ml_project/venv/lib/python3.8/site-packages/airflow/example_dags/plugins/workday.py
[2025-03-06T23:56:32.348+0100] {processor.py:208} INFO - Processing /home/erij/Erij_Mazouz_4DS8_churn_ml_project/venv/lib/python3.8/site-packages/airflow/example_dags/plugins/workday.py took 0.020 seconds
[2025-03-06T23:57:53.597+0100] {processor.py:186} INFO - Started process (PID=59437) to work on /home/erij/Erij_Mazouz_4DS8_churn_ml_project/venv/lib/python3.8/site-packages/airflow/example_dags/plugins/workday.py
[2025-03-06T23:57:53.599+0100] {processor.py:914} INFO - Processing file /home/erij/Erij_Mazouz_4DS8_churn_ml_project/venv/lib/python3.8/site-packages/airflow/example_dags/plugins/workday.py for tasks to queue
[2025-03-06T23:57:53.601+0100] {logging_mixin.py:190} INFO - [2025-03-06T23:57:53.601+0100] {dagbag.py:588} INFO - Filling up the DagBag from /home/erij/Erij_Mazouz_4DS8_churn_ml_project/venv/lib/python3.8/site-packages/airflow/example_dags/plugins/workday.py
[2025-03-06T23:57:53.604+0100] {processor.py:927} WARNING - No viable dags retrieved from /home/erij/Erij_Mazouz_4DS8_churn_ml_project/venv/lib/python3.8/site-packages/airflow/example_dags/plugins/workday.py
[2025-03-06T23:57:53.613+0100] {processor.py:208} INFO - Processing /home/erij/Erij_Mazouz_4DS8_churn_ml_project/venv/lib/python3.8/site-packages/airflow/example_dags/plugins/workday.py took 0.022 seconds
[2025-03-06T23:59:10.361+0100] {processor.py:186} INFO - Started process (PID=59662) to work on /home/erij/Erij_Mazouz_4DS8_churn_ml_project/venv/lib/python3.8/site-packages/airflow/example_dags/plugins/workday.py
[2025-03-06T23:59:10.363+0100] {processor.py:914} INFO - Processing file /home/erij/Erij_Mazouz_4DS8_churn_ml_project/venv/lib/python3.8/site-packages/airflow/example_dags/plugins/workday.py for tasks to queue
[2025-03-06T23:59:10.365+0100] {logging_mixin.py:190} INFO - [2025-03-06T23:59:10.364+0100] {dagbag.py:588} INFO - Filling up the DagBag from /home/erij/Erij_Mazouz_4DS8_churn_ml_project/venv/lib/python3.8/site-packages/airflow/example_dags/plugins/workday.py
[2025-03-06T23:59:10.368+0100] {processor.py:927} WARNING - No viable dags retrieved from /home/erij/Erij_Mazouz_4DS8_churn_ml_project/venv/lib/python3.8/site-packages/airflow/example_dags/plugins/workday.py
[2025-03-06T23:59:10.376+0100] {processor.py:208} INFO - Processing /home/erij/Erij_Mazouz_4DS8_churn_ml_project/venv/lib/python3.8/site-packages/airflow/example_dags/plugins/workday.py took 0.020 seconds
[2025-03-07T00:00:28.691+0100] {processor.py:186} INFO - Started process (PID=59916) to work on /home/erij/Erij_Mazouz_4DS8_churn_ml_project/venv/lib/python3.8/site-packages/airflow/example_dags/plugins/workday.py
[2025-03-07T00:00:28.693+0100] {processor.py:914} INFO - Processing file /home/erij/Erij_Mazouz_4DS8_churn_ml_project/venv/lib/python3.8/site-packages/airflow/example_dags/plugins/workday.py for tasks to queue
[2025-03-07T00:00:28.695+0100] {logging_mixin.py:190} INFO - [2025-03-07T00:00:28.695+0100] {dagbag.py:588} INFO - Filling up the DagBag from /home/erij/Erij_Mazouz_4DS8_churn_ml_project/venv/lib/python3.8/site-packages/airflow/example_dags/plugins/workday.py
[2025-03-07T00:00:28.697+0100] {processor.py:927} WARNING - No viable dags retrieved from /home/erij/Erij_Mazouz_4DS8_churn_ml_project/venv/lib/python3.8/site-packages/airflow/example_dags/plugins/workday.py
[2025-03-07T00:00:28.705+0100] {processor.py:208} INFO - Processing /home/erij/Erij_Mazouz_4DS8_churn_ml_project/venv/lib/python3.8/site-packages/airflow/example_dags/plugins/workday.py took 0.018 seconds
[2025-03-07T00:01:49.488+0100] {processor.py:186} INFO - Started process (PID=60162) to work on /home/erij/Erij_Mazouz_4DS8_churn_ml_project/venv/lib/python3.8/site-packages/airflow/example_dags/plugins/workday.py
[2025-03-07T00:01:49.491+0100] {processor.py:914} INFO - Processing file /home/erij/Erij_Mazouz_4DS8_churn_ml_project/venv/lib/python3.8/site-packages/airflow/example_dags/plugins/workday.py for tasks to queue
[2025-03-07T00:01:49.493+0100] {logging_mixin.py:190} INFO - [2025-03-07T00:01:49.492+0100] {dagbag.py:588} INFO - Filling up the DagBag from /home/erij/Erij_Mazouz_4DS8_churn_ml_project/venv/lib/python3.8/site-packages/airflow/example_dags/plugins/workday.py
[2025-03-07T00:01:49.495+0100] {processor.py:927} WARNING - No viable dags retrieved from /home/erij/Erij_Mazouz_4DS8_churn_ml_project/venv/lib/python3.8/site-packages/airflow/example_dags/plugins/workday.py
[2025-03-07T00:01:49.504+0100] {processor.py:208} INFO - Processing /home/erij/Erij_Mazouz_4DS8_churn_ml_project/venv/lib/python3.8/site-packages/airflow/example_dags/plugins/workday.py took 0.022 seconds
[2025-03-07T00:02:45.707+0100] {processor.py:186} INFO - Started process (PID=60382) to work on /home/erij/Erij_Mazouz_4DS8_churn_ml_project/venv/lib/python3.8/site-packages/airflow/example_dags/plugins/workday.py
[2025-03-07T00:02:45.708+0100] {processor.py:914} INFO - Processing file /home/erij/Erij_Mazouz_4DS8_churn_ml_project/venv/lib/python3.8/site-packages/airflow/example_dags/plugins/workday.py for tasks to queue
[2025-03-07T00:02:45.710+0100] {logging_mixin.py:190} INFO - [2025-03-07T00:02:45.710+0100] {dagbag.py:588} INFO - Filling up the DagBag from /home/erij/Erij_Mazouz_4DS8_churn_ml_project/venv/lib/python3.8/site-packages/airflow/example_dags/plugins/workday.py
[2025-03-07T00:02:45.712+0100] {processor.py:927} WARNING - No viable dags retrieved from /home/erij/Erij_Mazouz_4DS8_churn_ml_project/venv/lib/python3.8/site-packages/airflow/example_dags/plugins/workday.py
[2025-03-07T00:02:45.720+0100] {processor.py:208} INFO - Processing /home/erij/Erij_Mazouz_4DS8_churn_ml_project/venv/lib/python3.8/site-packages/airflow/example_dags/plugins/workday.py took 0.018 seconds
