[2025-02-28T22:05:56.802+0100] {local_task_job_runner.py:123} INFO - ::group::Pre task execution logs
[2025-02-28T22:05:56.810+0100] {taskinstance.py:2614} INFO - Dependencies all met for dep_context=non-requeueable deps ti=<TaskInstance: ml_project_dag.make_predictions scheduled__2025-02-27T00:00:00+00:00 [queued]>
[2025-02-28T22:05:56.815+0100] {taskinstance.py:2614} INFO - Dependencies all met for dep_context=requeueable deps ti=<TaskInstance: ml_project_dag.make_predictions scheduled__2025-02-27T00:00:00+00:00 [queued]>
[2025-02-28T22:05:56.815+0100] {taskinstance.py:2867} INFO - Starting attempt 1 of 1
[2025-02-28T22:05:56.827+0100] {taskinstance.py:2890} INFO - Executing <Task(PythonOperator): make_predictions> on 2025-02-27 00:00:00+00:00
[2025-02-28T22:05:56.831+0100] {standard_task_runner.py:72} INFO - Started process 1731 to run task
[2025-02-28T22:05:56.834+0100] {standard_task_runner.py:104} INFO - Running: ['airflow', 'tasks', 'run', 'ml_project_dag', 'make_predictions', 'scheduled__2025-02-27T00:00:00+00:00', '--job-id', '60', '--raw', '--subdir', 'DAGS_FOLDER/ml_project_dag.py', '--cfg-path', '/tmp/tmpivmii_k2']
[2025-02-28T22:05:56.835+0100] {standard_task_runner.py:105} INFO - Job 60: Subtask make_predictions
[2025-02-28T22:05:56.861+0100] {task_command.py:467} INFO - Running <TaskInstance: ml_project_dag.make_predictions scheduled__2025-02-27T00:00:00+00:00 [running]> on host LAPTOP-M4D67JM4.
[2025-02-28T22:05:56.908+0100] {taskinstance.py:3134} INFO - Exporting env vars: AIRFLOW_CTX_DAG_OWNER='airflow' AIRFLOW_CTX_DAG_ID='ml_project_dag' AIRFLOW_CTX_TASK_ID='make_predictions' AIRFLOW_CTX_EXECUTION_DATE='2025-02-27T00:00:00+00:00' AIRFLOW_CTX_TRY_NUMBER='1' AIRFLOW_CTX_DAG_RUN_ID='scheduled__2025-02-27T00:00:00+00:00'
[2025-02-28T22:05:56.909+0100] {logging_mixin.py:190} INFO - Task instance is in running state
[2025-02-28T22:05:56.909+0100] {logging_mixin.py:190} INFO -  Previous state of the Task instance: queued
[2025-02-28T22:05:56.909+0100] {logging_mixin.py:190} INFO - Current task name:make_predictions state:running start_date:2025-02-28 21:05:56.810838+00:00
[2025-02-28T22:05:56.909+0100] {logging_mixin.py:190} INFO - Dag name:ml_project_dag and current dag run status:running
[2025-02-28T22:05:56.909+0100] {taskinstance.py:732} INFO - ::endgroup::
[2025-02-28T22:05:57.038+0100] {logging_mixin.py:190} INFO - Prediction function called!
[2025-02-28T22:05:57.042+0100] {logging_mixin.py:190} INFO - Prediction result: 0
[2025-02-28T22:05:57.043+0100] {logging_mixin.py:190} INFO - Predictions: [0 0 0 0 0 0 0 0 0 0 0 0 0 0 0 0 0 0 0 0 0 0 0 0 0 0 0 0 1 0 0 0 0 0 0 0 1
 0 0 0 0 0 0 0 0 0 1 0 1 1 1 1 0 0 0 0 0 0 0 0 0 1 0 0 0 0 0 0 0 0 0 0 0 0
 0 1 0 1 0 0 0 0 0 0 0 0 0 0 0 0 0 0 1 1 0 0 0 0 0 0 0 1 0 0 0 0 0 0 0 0 0
 0 0 0 1 0 0 0 0 0 1 1 0 1 0 1 0 0 0 1 0 0 0 1 0 0 0 0 0 0 0 0 0 0 0 0 0 0
 0 0 0 0 0 0 0 0 0 0 0 0 0 0 0 0 0 0 0 1 0 0 0 0 0 0 0 1 0 0 0 0 1 0 0 1 0
 0 0 0 0 1 1 0 0 0 0 0 0 0 0 0 1 0 0 0 0 0 0 0 0 0 0 0 0 0 0 0 0 0 0 0 0 0
 0 0 0 0 0 0 0 0 0 0 0 0 1 0 0 0 0 0 0 0 0 0 0 0 0 0 0 0 0 1 0 1 0 0 1 0 0
 0 0 1 0 0 0 0 0 0 0 0 0 0 0 0 0 0 0 0 0 0 0 0 0 0 0 0 0 1 1 0 0 0 0 0 0 0
 0 0 0 1 0 0 1 0 1 0 0 0 0 0 0 0 0 0 0 1 0 0 0 1 0 0 1 0 0 0 0 0 0 0 1 0 0
 1 0 0 0 0 0 0 0 0 0 0 0 0 0 0 0 0 0 0 0 0 0 0 0 0 0 0 0 0 1 0 0 1 0 0 0 0
 0 0 0 0 0 0 0 0 0 0 0 0 0 0 0 0 1 0 0 0 0 0 0 0 0 0 1 0 0 0 0 1 0 1 0 0 0
 0 0 0 0 0 0 0 1 0 0 0 0 0 1 0 0 1 1 0 0 0 0 0 0 0 0 0 1 1 0 1 0 0 0 0 0 1
 0 0 0 1 0 0 0 0 0 0 0 0 0 0 0 0 0 0 0 0 0 0 0 0 0 1 0 0 0 0 0 0 0 0 0 0 0
 1 0 0 0 0 1 0 0 0 0]
[2025-02-28T22:05:57.043+0100] {python.py:240} INFO - Done. Returned value was: None
[2025-02-28T22:05:57.046+0100] {taskinstance.py:341} INFO - ::group::Post task execution logs
[2025-02-28T22:05:57.046+0100] {taskinstance.py:353} INFO - Marking task as SUCCESS. dag_id=ml_project_dag, task_id=make_predictions, run_id=scheduled__2025-02-27T00:00:00+00:00, execution_date=20250227T000000, start_date=20250228T210556, end_date=20250228T210557
[2025-02-28T22:05:57.063+0100] {logging_mixin.py:190} INFO - Task instance in success state
[2025-02-28T22:05:57.064+0100] {logging_mixin.py:190} INFO -  Previous state of the Task instance: running
[2025-02-28T22:05:57.064+0100] {logging_mixin.py:190} INFO - Dag name:ml_project_dag queued_at:2025-02-28 21:05:30.869440+00:00
[2025-02-28T22:05:57.064+0100] {logging_mixin.py:190} INFO - Task hostname:LAPTOP-M4D67JM4. operator:PythonOperator
[2025-02-28T22:05:57.089+0100] {local_task_job_runner.py:266} INFO - Task exited with return code 0
[2025-02-28T22:05:57.098+0100] {taskinstance.py:3901} INFO - 1 downstream tasks scheduled from follow-on schedule check
[2025-02-28T22:05:57.103+0100] {local_task_job_runner.py:245} INFO - ::endgroup::
