[2025-02-27T10:30:26.996+0100] {executor_loader.py:258} INFO - Loaded executor: SequentialExecutor
[2025-02-27T10:30:27.041+0100] {scheduler_job_runner.py:950} INFO - Starting the scheduler
[2025-02-27T10:30:27.041+0100] {scheduler_job_runner.py:957} INFO - Processing each file at most -1 times
[2025-02-27T10:30:27.049+0100] {manager.py:174} INFO - Launched DagFileProcessorManager with pid: 17074
[2025-02-27T10:30:27.051+0100] {scheduler_job_runner.py:1949} INFO - Adopting or resetting orphaned tasks for active dag runs
[2025-02-27T10:30:27.055+0100] {settings.py:63} INFO - Configured default timezone UTC
[2025-02-27T10:30:27.062+0100] {scheduler_job_runner.py:1972} INFO - Marked 1 SchedulerJob instances as failed
[2025-02-27T10:30:27.080+0100] {manager.py:406} WARNING - Because we cannot use more than 1 thread (parsing_processes = 2) when using sqlite. So we set parallelism to 1.
[2025-02-27T10:38:43.632+0100] {job.py:229} INFO - Heartbeat recovered after 260.25 seconds
[2025-02-27T10:38:43.918+0100] {manager.py:537} INFO - DAG tutorial is missing and will be deactivated.
[2025-02-27T10:38:43.921+0100] {manager.py:549} INFO - Deactivated 1 DAGs which are no longer present in file.
[2025-02-27T10:38:43.925+0100] {manager.py:553} INFO - Deleted DAG tutorial in serialized_dag table
[2025-02-27T10:39:44.028+0100] {scheduler_job_runner.py:1949} INFO - Adopting or resetting orphaned tasks for active dag runs
[2025-02-27T10:44:44.161+0100] {scheduler_job_runner.py:1949} INFO - Adopting or resetting orphaned tasks for active dag runs
[2025-02-27T11:40:02.928+0100] {job.py:229} INFO - Heartbeat recovered after 3183.05 seconds
[2025-02-27T11:42:43.809+0100] {scheduler_job_runner.py:1949} INFO - Adopting or resetting orphaned tasks for active dag runs
[2025-02-27T11:47:44.042+0100] {scheduler_job_runner.py:1949} INFO - Adopting or resetting orphaned tasks for active dag runs
[2025-02-27T11:52:44.183+0100] {scheduler_job_runner.py:1949} INFO - Adopting or resetting orphaned tasks for active dag runs
[2025-02-27T11:57:44.326+0100] {scheduler_job_runner.py:1949} INFO - Adopting or resetting orphaned tasks for active dag runs
[2025-02-27T12:02:44.462+0100] {scheduler_job_runner.py:1949} INFO - Adopting or resetting orphaned tasks for active dag runs
[2025-02-27T12:02:44.465+0100] {scheduler_job_runner.py:1972} INFO - Marked 1 SchedulerJob instances as failed
