[2025-03-06T23:39:06.111+0100] {processor.py:186} INFO - Started process (PID=55903) to work on /home/erij/Erij_Mazouz_4DS8_churn_ml_project/venv/lib/python3.8/site-packages/airflow/example_dags/example_python_decorator.py
[2025-03-06T23:39:06.112+0100] {processor.py:914} INFO - Processing file /home/erij/Erij_Mazouz_4DS8_churn_ml_project/venv/lib/python3.8/site-packages/airflow/example_dags/example_python_decorator.py for tasks to queue
[2025-03-06T23:39:06.115+0100] {logging_mixin.py:190} INFO - [2025-03-06T23:39:06.114+0100] {dagbag.py:588} INFO - Filling up the DagBag from /home/erij/Erij_Mazouz_4DS8_churn_ml_project/venv/lib/python3.8/site-packages/airflow/example_dags/example_python_decorator.py
[2025-03-06T23:39:06.132+0100] {processor.py:925} INFO - DAG(s) 'example_python_decorator' retrieved from /home/erij/Erij_Mazouz_4DS8_churn_ml_project/venv/lib/python3.8/site-packages/airflow/example_dags/example_python_decorator.py
[2025-03-06T23:39:06.249+0100] {logging_mixin.py:190} INFO - [2025-03-06T23:39:06.249+0100] {dag.py:3239} INFO - Sync 1 DAGs
[2025-03-06T23:39:06.264+0100] {logging_mixin.py:190} INFO - [2025-03-06T23:39:06.264+0100] {dag.py:4180} INFO - Setting next_dagrun for example_python_decorator to None, run_after=None
[2025-03-06T23:39:06.326+0100] {processor.py:208} INFO - Processing /home/erij/Erij_Mazouz_4DS8_churn_ml_project/venv/lib/python3.8/site-packages/airflow/example_dags/example_python_decorator.py took 0.222 seconds
[2025-03-06T23:40:33.389+0100] {processor.py:186} INFO - Started process (PID=56479) to work on /home/erij/Erij_Mazouz_4DS8_churn_ml_project/venv/lib/python3.8/site-packages/airflow/example_dags/example_python_decorator.py
[2025-03-06T23:40:33.390+0100] {processor.py:914} INFO - Processing file /home/erij/Erij_Mazouz_4DS8_churn_ml_project/venv/lib/python3.8/site-packages/airflow/example_dags/example_python_decorator.py for tasks to queue
[2025-03-06T23:40:33.392+0100] {logging_mixin.py:190} INFO - [2025-03-06T23:40:33.392+0100] {dagbag.py:588} INFO - Filling up the DagBag from /home/erij/Erij_Mazouz_4DS8_churn_ml_project/venv/lib/python3.8/site-packages/airflow/example_dags/example_python_decorator.py
[2025-03-06T23:40:33.405+0100] {processor.py:925} INFO - DAG(s) 'example_python_decorator' retrieved from /home/erij/Erij_Mazouz_4DS8_churn_ml_project/venv/lib/python3.8/site-packages/airflow/example_dags/example_python_decorator.py
[2025-03-06T23:40:33.421+0100] {logging_mixin.py:190} INFO - [2025-03-06T23:40:33.421+0100] {dag.py:3239} INFO - Sync 1 DAGs
[2025-03-06T23:40:33.432+0100] {logging_mixin.py:190} INFO - [2025-03-06T23:40:33.432+0100] {dag.py:4180} INFO - Setting next_dagrun for example_python_decorator to None, run_after=None
[2025-03-06T23:40:33.448+0100] {processor.py:208} INFO - Processing /home/erij/Erij_Mazouz_4DS8_churn_ml_project/venv/lib/python3.8/site-packages/airflow/example_dags/example_python_decorator.py took 0.064 seconds
[2025-03-06T23:41:18.542+0100] {processor.py:186} INFO - Started process (PID=56585) to work on /home/erij/Erij_Mazouz_4DS8_churn_ml_project/venv/lib/python3.8/site-packages/airflow/example_dags/example_python_decorator.py
[2025-03-06T23:41:18.544+0100] {processor.py:914} INFO - Processing file /home/erij/Erij_Mazouz_4DS8_churn_ml_project/venv/lib/python3.8/site-packages/airflow/example_dags/example_python_decorator.py for tasks to queue
[2025-03-06T23:41:18.546+0100] {logging_mixin.py:190} INFO - [2025-03-06T23:41:18.546+0100] {dagbag.py:588} INFO - Filling up the DagBag from /home/erij/Erij_Mazouz_4DS8_churn_ml_project/venv/lib/python3.8/site-packages/airflow/example_dags/example_python_decorator.py
[2025-03-06T23:41:18.559+0100] {processor.py:925} INFO - DAG(s) 'example_python_decorator' retrieved from /home/erij/Erij_Mazouz_4DS8_churn_ml_project/venv/lib/python3.8/site-packages/airflow/example_dags/example_python_decorator.py
[2025-03-06T23:41:18.574+0100] {logging_mixin.py:190} INFO - [2025-03-06T23:41:18.574+0100] {dag.py:3239} INFO - Sync 1 DAGs
[2025-03-06T23:41:18.585+0100] {logging_mixin.py:190} INFO - [2025-03-06T23:41:18.584+0100] {dag.py:4180} INFO - Setting next_dagrun for example_python_decorator to None, run_after=None
[2025-03-06T23:41:18.601+0100] {processor.py:208} INFO - Processing /home/erij/Erij_Mazouz_4DS8_churn_ml_project/venv/lib/python3.8/site-packages/airflow/example_dags/example_python_decorator.py took 0.063 seconds
[2025-03-06T23:42:13.955+0100] {processor.py:186} INFO - Started process (PID=56723) to work on /home/erij/Erij_Mazouz_4DS8_churn_ml_project/venv/lib/python3.8/site-packages/airflow/example_dags/example_python_decorator.py
[2025-03-06T23:42:13.958+0100] {processor.py:914} INFO - Processing file /home/erij/Erij_Mazouz_4DS8_churn_ml_project/venv/lib/python3.8/site-packages/airflow/example_dags/example_python_decorator.py for tasks to queue
[2025-03-06T23:42:13.960+0100] {logging_mixin.py:190} INFO - [2025-03-06T23:42:13.959+0100] {dagbag.py:588} INFO - Filling up the DagBag from /home/erij/Erij_Mazouz_4DS8_churn_ml_project/venv/lib/python3.8/site-packages/airflow/example_dags/example_python_decorator.py
[2025-03-06T23:42:13.973+0100] {processor.py:925} INFO - DAG(s) 'example_python_decorator' retrieved from /home/erij/Erij_Mazouz_4DS8_churn_ml_project/venv/lib/python3.8/site-packages/airflow/example_dags/example_python_decorator.py
[2025-03-06T23:42:13.988+0100] {logging_mixin.py:190} INFO - [2025-03-06T23:42:13.988+0100] {dag.py:3239} INFO - Sync 1 DAGs
[2025-03-06T23:42:13.999+0100] {logging_mixin.py:190} INFO - [2025-03-06T23:42:13.999+0100] {dag.py:4180} INFO - Setting next_dagrun for example_python_decorator to None, run_after=None
[2025-03-06T23:42:14.018+0100] {processor.py:208} INFO - Processing /home/erij/Erij_Mazouz_4DS8_churn_ml_project/venv/lib/python3.8/site-packages/airflow/example_dags/example_python_decorator.py took 0.068 seconds
[2025-03-06T23:43:07.699+0100] {processor.py:186} INFO - Started process (PID=56846) to work on /home/erij/Erij_Mazouz_4DS8_churn_ml_project/venv/lib/python3.8/site-packages/airflow/example_dags/example_python_decorator.py
[2025-03-06T23:43:07.700+0100] {processor.py:914} INFO - Processing file /home/erij/Erij_Mazouz_4DS8_churn_ml_project/venv/lib/python3.8/site-packages/airflow/example_dags/example_python_decorator.py for tasks to queue
[2025-03-06T23:43:07.701+0100] {logging_mixin.py:190} INFO - [2025-03-06T23:43:07.701+0100] {dagbag.py:588} INFO - Filling up the DagBag from /home/erij/Erij_Mazouz_4DS8_churn_ml_project/venv/lib/python3.8/site-packages/airflow/example_dags/example_python_decorator.py
[2025-03-06T23:43:07.713+0100] {processor.py:925} INFO - DAG(s) 'example_python_decorator' retrieved from /home/erij/Erij_Mazouz_4DS8_churn_ml_project/venv/lib/python3.8/site-packages/airflow/example_dags/example_python_decorator.py
[2025-03-06T23:43:07.725+0100] {logging_mixin.py:190} INFO - [2025-03-06T23:43:07.725+0100] {dag.py:3239} INFO - Sync 1 DAGs
[2025-03-06T23:43:07.735+0100] {logging_mixin.py:190} INFO - [2025-03-06T23:43:07.735+0100] {dag.py:4180} INFO - Setting next_dagrun for example_python_decorator to None, run_after=None
[2025-03-06T23:43:07.752+0100] {processor.py:208} INFO - Processing /home/erij/Erij_Mazouz_4DS8_churn_ml_project/venv/lib/python3.8/site-packages/airflow/example_dags/example_python_decorator.py took 0.058 seconds
[2025-03-06T23:44:00.106+0100] {processor.py:186} INFO - Started process (PID=56961) to work on /home/erij/Erij_Mazouz_4DS8_churn_ml_project/venv/lib/python3.8/site-packages/airflow/example_dags/example_python_decorator.py
[2025-03-06T23:44:00.107+0100] {processor.py:914} INFO - Processing file /home/erij/Erij_Mazouz_4DS8_churn_ml_project/venv/lib/python3.8/site-packages/airflow/example_dags/example_python_decorator.py for tasks to queue
[2025-03-06T23:44:00.109+0100] {logging_mixin.py:190} INFO - [2025-03-06T23:44:00.109+0100] {dagbag.py:588} INFO - Filling up the DagBag from /home/erij/Erij_Mazouz_4DS8_churn_ml_project/venv/lib/python3.8/site-packages/airflow/example_dags/example_python_decorator.py
[2025-03-06T23:44:00.124+0100] {processor.py:925} INFO - DAG(s) 'example_python_decorator' retrieved from /home/erij/Erij_Mazouz_4DS8_churn_ml_project/venv/lib/python3.8/site-packages/airflow/example_dags/example_python_decorator.py
[2025-03-06T23:44:00.139+0100] {logging_mixin.py:190} INFO - [2025-03-06T23:44:00.139+0100] {dag.py:3239} INFO - Sync 1 DAGs
[2025-03-06T23:44:00.151+0100] {logging_mixin.py:190} INFO - [2025-03-06T23:44:00.151+0100] {dag.py:4180} INFO - Setting next_dagrun for example_python_decorator to None, run_after=None
[2025-03-06T23:44:00.170+0100] {processor.py:208} INFO - Processing /home/erij/Erij_Mazouz_4DS8_churn_ml_project/venv/lib/python3.8/site-packages/airflow/example_dags/example_python_decorator.py took 0.069 seconds
[2025-03-06T23:44:54.186+0100] {processor.py:186} INFO - Started process (PID=57112) to work on /home/erij/Erij_Mazouz_4DS8_churn_ml_project/venv/lib/python3.8/site-packages/airflow/example_dags/example_python_decorator.py
[2025-03-06T23:44:54.194+0100] {processor.py:914} INFO - Processing file /home/erij/Erij_Mazouz_4DS8_churn_ml_project/venv/lib/python3.8/site-packages/airflow/example_dags/example_python_decorator.py for tasks to queue
[2025-03-06T23:44:54.196+0100] {logging_mixin.py:190} INFO - [2025-03-06T23:44:54.196+0100] {dagbag.py:588} INFO - Filling up the DagBag from /home/erij/Erij_Mazouz_4DS8_churn_ml_project/venv/lib/python3.8/site-packages/airflow/example_dags/example_python_decorator.py
[2025-03-06T23:44:54.208+0100] {processor.py:925} INFO - DAG(s) 'example_python_decorator' retrieved from /home/erij/Erij_Mazouz_4DS8_churn_ml_project/venv/lib/python3.8/site-packages/airflow/example_dags/example_python_decorator.py
[2025-03-06T23:44:54.221+0100] {logging_mixin.py:190} INFO - [2025-03-06T23:44:54.220+0100] {dag.py:3239} INFO - Sync 1 DAGs
[2025-03-06T23:44:54.230+0100] {logging_mixin.py:190} INFO - [2025-03-06T23:44:54.230+0100] {dag.py:4180} INFO - Setting next_dagrun for example_python_decorator to None, run_after=None
[2025-03-06T23:44:54.254+0100] {processor.py:208} INFO - Processing /home/erij/Erij_Mazouz_4DS8_churn_ml_project/venv/lib/python3.8/site-packages/airflow/example_dags/example_python_decorator.py took 0.072 seconds
[2025-03-06T23:45:51.655+0100] {processor.py:186} INFO - Started process (PID=57235) to work on /home/erij/Erij_Mazouz_4DS8_churn_ml_project/venv/lib/python3.8/site-packages/airflow/example_dags/example_python_decorator.py
[2025-03-06T23:45:51.658+0100] {processor.py:914} INFO - Processing file /home/erij/Erij_Mazouz_4DS8_churn_ml_project/venv/lib/python3.8/site-packages/airflow/example_dags/example_python_decorator.py for tasks to queue
[2025-03-06T23:45:51.659+0100] {logging_mixin.py:190} INFO - [2025-03-06T23:45:51.659+0100] {dagbag.py:588} INFO - Filling up the DagBag from /home/erij/Erij_Mazouz_4DS8_churn_ml_project/venv/lib/python3.8/site-packages/airflow/example_dags/example_python_decorator.py
[2025-03-06T23:45:51.671+0100] {processor.py:925} INFO - DAG(s) 'example_python_decorator' retrieved from /home/erij/Erij_Mazouz_4DS8_churn_ml_project/venv/lib/python3.8/site-packages/airflow/example_dags/example_python_decorator.py
[2025-03-06T23:45:51.685+0100] {logging_mixin.py:190} INFO - [2025-03-06T23:45:51.684+0100] {dag.py:3239} INFO - Sync 1 DAGs
[2025-03-06T23:45:51.695+0100] {logging_mixin.py:190} INFO - [2025-03-06T23:45:51.695+0100] {dag.py:4180} INFO - Setting next_dagrun for example_python_decorator to None, run_after=None
[2025-03-06T23:45:51.730+0100] {processor.py:208} INFO - Processing /home/erij/Erij_Mazouz_4DS8_churn_ml_project/venv/lib/python3.8/site-packages/airflow/example_dags/example_python_decorator.py took 0.079 seconds
[2025-03-06T23:46:48.380+0100] {processor.py:186} INFO - Started process (PID=57354) to work on /home/erij/Erij_Mazouz_4DS8_churn_ml_project/venv/lib/python3.8/site-packages/airflow/example_dags/example_python_decorator.py
[2025-03-06T23:46:48.381+0100] {processor.py:914} INFO - Processing file /home/erij/Erij_Mazouz_4DS8_churn_ml_project/venv/lib/python3.8/site-packages/airflow/example_dags/example_python_decorator.py for tasks to queue
[2025-03-06T23:46:48.383+0100] {logging_mixin.py:190} INFO - [2025-03-06T23:46:48.382+0100] {dagbag.py:588} INFO - Filling up the DagBag from /home/erij/Erij_Mazouz_4DS8_churn_ml_project/venv/lib/python3.8/site-packages/airflow/example_dags/example_python_decorator.py
[2025-03-06T23:46:48.394+0100] {processor.py:925} INFO - DAG(s) 'example_python_decorator' retrieved from /home/erij/Erij_Mazouz_4DS8_churn_ml_project/venv/lib/python3.8/site-packages/airflow/example_dags/example_python_decorator.py
[2025-03-06T23:46:48.407+0100] {logging_mixin.py:190} INFO - [2025-03-06T23:46:48.407+0100] {dag.py:3239} INFO - Sync 1 DAGs
[2025-03-06T23:46:48.417+0100] {logging_mixin.py:190} INFO - [2025-03-06T23:46:48.417+0100] {dag.py:4180} INFO - Setting next_dagrun for example_python_decorator to None, run_after=None
[2025-03-06T23:46:48.434+0100] {processor.py:208} INFO - Processing /home/erij/Erij_Mazouz_4DS8_churn_ml_project/venv/lib/python3.8/site-packages/airflow/example_dags/example_python_decorator.py took 0.058 seconds
[2025-03-06T23:47:43.118+0100] {processor.py:186} INFO - Started process (PID=57463) to work on /home/erij/Erij_Mazouz_4DS8_churn_ml_project/venv/lib/python3.8/site-packages/airflow/example_dags/example_python_decorator.py
[2025-03-06T23:47:43.120+0100] {processor.py:914} INFO - Processing file /home/erij/Erij_Mazouz_4DS8_churn_ml_project/venv/lib/python3.8/site-packages/airflow/example_dags/example_python_decorator.py for tasks to queue
[2025-03-06T23:47:43.122+0100] {logging_mixin.py:190} INFO - [2025-03-06T23:47:43.122+0100] {dagbag.py:588} INFO - Filling up the DagBag from /home/erij/Erij_Mazouz_4DS8_churn_ml_project/venv/lib/python3.8/site-packages/airflow/example_dags/example_python_decorator.py
[2025-03-06T23:47:43.133+0100] {processor.py:925} INFO - DAG(s) 'example_python_decorator' retrieved from /home/erij/Erij_Mazouz_4DS8_churn_ml_project/venv/lib/python3.8/site-packages/airflow/example_dags/example_python_decorator.py
[2025-03-06T23:47:43.146+0100] {logging_mixin.py:190} INFO - [2025-03-06T23:47:43.146+0100] {dag.py:3239} INFO - Sync 1 DAGs
[2025-03-06T23:47:43.158+0100] {logging_mixin.py:190} INFO - [2025-03-06T23:47:43.158+0100] {dag.py:4180} INFO - Setting next_dagrun for example_python_decorator to None, run_after=None
[2025-03-06T23:47:43.177+0100] {processor.py:208} INFO - Processing /home/erij/Erij_Mazouz_4DS8_churn_ml_project/venv/lib/python3.8/site-packages/airflow/example_dags/example_python_decorator.py took 0.063 seconds
[2025-03-06T23:48:41.639+0100] {processor.py:186} INFO - Started process (PID=57581) to work on /home/erij/Erij_Mazouz_4DS8_churn_ml_project/venv/lib/python3.8/site-packages/airflow/example_dags/example_python_decorator.py
[2025-03-06T23:48:41.640+0100] {processor.py:914} INFO - Processing file /home/erij/Erij_Mazouz_4DS8_churn_ml_project/venv/lib/python3.8/site-packages/airflow/example_dags/example_python_decorator.py for tasks to queue
[2025-03-06T23:48:41.642+0100] {logging_mixin.py:190} INFO - [2025-03-06T23:48:41.642+0100] {dagbag.py:588} INFO - Filling up the DagBag from /home/erij/Erij_Mazouz_4DS8_churn_ml_project/venv/lib/python3.8/site-packages/airflow/example_dags/example_python_decorator.py
[2025-03-06T23:48:41.656+0100] {processor.py:925} INFO - DAG(s) 'example_python_decorator' retrieved from /home/erij/Erij_Mazouz_4DS8_churn_ml_project/venv/lib/python3.8/site-packages/airflow/example_dags/example_python_decorator.py
[2025-03-06T23:48:41.669+0100] {logging_mixin.py:190} INFO - [2025-03-06T23:48:41.669+0100] {dag.py:3239} INFO - Sync 1 DAGs
[2025-03-06T23:48:41.680+0100] {logging_mixin.py:190} INFO - [2025-03-06T23:48:41.680+0100] {dag.py:4180} INFO - Setting next_dagrun for example_python_decorator to None, run_after=None
[2025-03-06T23:48:41.698+0100] {processor.py:208} INFO - Processing /home/erij/Erij_Mazouz_4DS8_churn_ml_project/venv/lib/python3.8/site-packages/airflow/example_dags/example_python_decorator.py took 0.063 seconds
[2025-03-06T23:49:36.381+0100] {processor.py:186} INFO - Started process (PID=57697) to work on /home/erij/Erij_Mazouz_4DS8_churn_ml_project/venv/lib/python3.8/site-packages/airflow/example_dags/example_python_decorator.py
[2025-03-06T23:49:36.383+0100] {processor.py:914} INFO - Processing file /home/erij/Erij_Mazouz_4DS8_churn_ml_project/venv/lib/python3.8/site-packages/airflow/example_dags/example_python_decorator.py for tasks to queue
[2025-03-06T23:49:36.385+0100] {logging_mixin.py:190} INFO - [2025-03-06T23:49:36.385+0100] {dagbag.py:588} INFO - Filling up the DagBag from /home/erij/Erij_Mazouz_4DS8_churn_ml_project/venv/lib/python3.8/site-packages/airflow/example_dags/example_python_decorator.py
[2025-03-06T23:49:36.400+0100] {processor.py:925} INFO - DAG(s) 'example_python_decorator' retrieved from /home/erij/Erij_Mazouz_4DS8_churn_ml_project/venv/lib/python3.8/site-packages/airflow/example_dags/example_python_decorator.py
[2025-03-06T23:49:36.417+0100] {logging_mixin.py:190} INFO - [2025-03-06T23:49:36.417+0100] {dag.py:3239} INFO - Sync 1 DAGs
[2025-03-06T23:49:36.430+0100] {logging_mixin.py:190} INFO - [2025-03-06T23:49:36.430+0100] {dag.py:4180} INFO - Setting next_dagrun for example_python_decorator to None, run_after=None
[2025-03-06T23:49:36.449+0100] {processor.py:208} INFO - Processing /home/erij/Erij_Mazouz_4DS8_churn_ml_project/venv/lib/python3.8/site-packages/airflow/example_dags/example_python_decorator.py took 0.074 seconds
[2025-03-06T23:50:31.279+0100] {processor.py:186} INFO - Started process (PID=57804) to work on /home/erij/Erij_Mazouz_4DS8_churn_ml_project/venv/lib/python3.8/site-packages/airflow/example_dags/example_python_decorator.py
[2025-03-06T23:50:31.281+0100] {processor.py:914} INFO - Processing file /home/erij/Erij_Mazouz_4DS8_churn_ml_project/venv/lib/python3.8/site-packages/airflow/example_dags/example_python_decorator.py for tasks to queue
[2025-03-06T23:50:31.283+0100] {logging_mixin.py:190} INFO - [2025-03-06T23:50:31.282+0100] {dagbag.py:588} INFO - Filling up the DagBag from /home/erij/Erij_Mazouz_4DS8_churn_ml_project/venv/lib/python3.8/site-packages/airflow/example_dags/example_python_decorator.py
[2025-03-06T23:50:31.297+0100] {processor.py:925} INFO - DAG(s) 'example_python_decorator' retrieved from /home/erij/Erij_Mazouz_4DS8_churn_ml_project/venv/lib/python3.8/site-packages/airflow/example_dags/example_python_decorator.py
[2025-03-06T23:50:31.312+0100] {logging_mixin.py:190} INFO - [2025-03-06T23:50:31.312+0100] {dag.py:3239} INFO - Sync 1 DAGs
[2025-03-06T23:50:31.323+0100] {logging_mixin.py:190} INFO - [2025-03-06T23:50:31.323+0100] {dag.py:4180} INFO - Setting next_dagrun for example_python_decorator to None, run_after=None
[2025-03-06T23:50:31.341+0100] {processor.py:208} INFO - Processing /home/erij/Erij_Mazouz_4DS8_churn_ml_project/venv/lib/python3.8/site-packages/airflow/example_dags/example_python_decorator.py took 0.067 seconds
[2025-03-06T23:51:27.204+0100] {processor.py:186} INFO - Started process (PID=57920) to work on /home/erij/Erij_Mazouz_4DS8_churn_ml_project/venv/lib/python3.8/site-packages/airflow/example_dags/example_python_decorator.py
[2025-03-06T23:51:27.206+0100] {processor.py:914} INFO - Processing file /home/erij/Erij_Mazouz_4DS8_churn_ml_project/venv/lib/python3.8/site-packages/airflow/example_dags/example_python_decorator.py for tasks to queue
[2025-03-06T23:51:27.208+0100] {logging_mixin.py:190} INFO - [2025-03-06T23:51:27.207+0100] {dagbag.py:588} INFO - Filling up the DagBag from /home/erij/Erij_Mazouz_4DS8_churn_ml_project/venv/lib/python3.8/site-packages/airflow/example_dags/example_python_decorator.py
[2025-03-06T23:51:27.221+0100] {processor.py:925} INFO - DAG(s) 'example_python_decorator' retrieved from /home/erij/Erij_Mazouz_4DS8_churn_ml_project/venv/lib/python3.8/site-packages/airflow/example_dags/example_python_decorator.py
[2025-03-06T23:51:27.234+0100] {logging_mixin.py:190} INFO - [2025-03-06T23:51:27.234+0100] {dag.py:3239} INFO - Sync 1 DAGs
[2025-03-06T23:51:27.245+0100] {logging_mixin.py:190} INFO - [2025-03-06T23:51:27.245+0100] {dag.py:4180} INFO - Setting next_dagrun for example_python_decorator to None, run_after=None
[2025-03-06T23:51:27.263+0100] {processor.py:208} INFO - Processing /home/erij/Erij_Mazouz_4DS8_churn_ml_project/venv/lib/python3.8/site-packages/airflow/example_dags/example_python_decorator.py took 0.064 seconds
[2025-03-06T23:52:22.482+0100] {processor.py:186} INFO - Started process (PID=58032) to work on /home/erij/Erij_Mazouz_4DS8_churn_ml_project/venv/lib/python3.8/site-packages/airflow/example_dags/example_python_decorator.py
[2025-03-06T23:52:22.483+0100] {processor.py:914} INFO - Processing file /home/erij/Erij_Mazouz_4DS8_churn_ml_project/venv/lib/python3.8/site-packages/airflow/example_dags/example_python_decorator.py for tasks to queue
[2025-03-06T23:52:22.486+0100] {logging_mixin.py:190} INFO - [2025-03-06T23:52:22.485+0100] {dagbag.py:588} INFO - Filling up the DagBag from /home/erij/Erij_Mazouz_4DS8_churn_ml_project/venv/lib/python3.8/site-packages/airflow/example_dags/example_python_decorator.py
[2025-03-06T23:52:22.500+0100] {processor.py:925} INFO - DAG(s) 'example_python_decorator' retrieved from /home/erij/Erij_Mazouz_4DS8_churn_ml_project/venv/lib/python3.8/site-packages/airflow/example_dags/example_python_decorator.py
[2025-03-06T23:52:22.515+0100] {logging_mixin.py:190} INFO - [2025-03-06T23:52:22.515+0100] {dag.py:3239} INFO - Sync 1 DAGs
[2025-03-06T23:52:22.527+0100] {logging_mixin.py:190} INFO - [2025-03-06T23:52:22.526+0100] {dag.py:4180} INFO - Setting next_dagrun for example_python_decorator to None, run_after=None
[2025-03-06T23:52:22.543+0100] {processor.py:208} INFO - Processing /home/erij/Erij_Mazouz_4DS8_churn_ml_project/venv/lib/python3.8/site-packages/airflow/example_dags/example_python_decorator.py took 0.066 seconds
[2025-03-06T23:53:20.219+0100] {processor.py:186} INFO - Started process (PID=58148) to work on /home/erij/Erij_Mazouz_4DS8_churn_ml_project/venv/lib/python3.8/site-packages/airflow/example_dags/example_python_decorator.py
[2025-03-06T23:53:20.222+0100] {processor.py:914} INFO - Processing file /home/erij/Erij_Mazouz_4DS8_churn_ml_project/venv/lib/python3.8/site-packages/airflow/example_dags/example_python_decorator.py for tasks to queue
[2025-03-06T23:53:20.224+0100] {logging_mixin.py:190} INFO - [2025-03-06T23:53:20.223+0100] {dagbag.py:588} INFO - Filling up the DagBag from /home/erij/Erij_Mazouz_4DS8_churn_ml_project/venv/lib/python3.8/site-packages/airflow/example_dags/example_python_decorator.py
[2025-03-06T23:53:20.236+0100] {processor.py:925} INFO - DAG(s) 'example_python_decorator' retrieved from /home/erij/Erij_Mazouz_4DS8_churn_ml_project/venv/lib/python3.8/site-packages/airflow/example_dags/example_python_decorator.py
[2025-03-06T23:53:20.248+0100] {logging_mixin.py:190} INFO - [2025-03-06T23:53:20.248+0100] {dag.py:3239} INFO - Sync 1 DAGs
[2025-03-06T23:53:20.260+0100] {logging_mixin.py:190} INFO - [2025-03-06T23:53:20.260+0100] {dag.py:4180} INFO - Setting next_dagrun for example_python_decorator to None, run_after=None
[2025-03-06T23:53:20.280+0100] {processor.py:208} INFO - Processing /home/erij/Erij_Mazouz_4DS8_churn_ml_project/venv/lib/python3.8/site-packages/airflow/example_dags/example_python_decorator.py took 0.067 seconds
[2025-03-06T23:54:18.793+0100] {processor.py:186} INFO - Started process (PID=58528) to work on /home/erij/Erij_Mazouz_4DS8_churn_ml_project/venv/lib/python3.8/site-packages/airflow/example_dags/example_python_decorator.py
[2025-03-06T23:54:18.796+0100] {processor.py:914} INFO - Processing file /home/erij/Erij_Mazouz_4DS8_churn_ml_project/venv/lib/python3.8/site-packages/airflow/example_dags/example_python_decorator.py for tasks to queue
[2025-03-06T23:54:18.798+0100] {logging_mixin.py:190} INFO - [2025-03-06T23:54:18.797+0100] {dagbag.py:588} INFO - Filling up the DagBag from /home/erij/Erij_Mazouz_4DS8_churn_ml_project/venv/lib/python3.8/site-packages/airflow/example_dags/example_python_decorator.py
[2025-03-06T23:54:18.812+0100] {processor.py:925} INFO - DAG(s) 'example_python_decorator' retrieved from /home/erij/Erij_Mazouz_4DS8_churn_ml_project/venv/lib/python3.8/site-packages/airflow/example_dags/example_python_decorator.py
[2025-03-06T23:54:18.827+0100] {logging_mixin.py:190} INFO - [2025-03-06T23:54:18.827+0100] {dag.py:3239} INFO - Sync 1 DAGs
[2025-03-06T23:54:18.840+0100] {logging_mixin.py:190} INFO - [2025-03-06T23:54:18.840+0100] {dag.py:4180} INFO - Setting next_dagrun for example_python_decorator to None, run_after=None
[2025-03-06T23:54:18.858+0100] {processor.py:208} INFO - Processing /home/erij/Erij_Mazouz_4DS8_churn_ml_project/venv/lib/python3.8/site-packages/airflow/example_dags/example_python_decorator.py took 0.070 seconds
[2025-03-06T23:55:15.134+0100] {processor.py:186} INFO - Started process (PID=59017) to work on /home/erij/Erij_Mazouz_4DS8_churn_ml_project/venv/lib/python3.8/site-packages/airflow/example_dags/example_python_decorator.py
[2025-03-06T23:55:15.136+0100] {processor.py:914} INFO - Processing file /home/erij/Erij_Mazouz_4DS8_churn_ml_project/venv/lib/python3.8/site-packages/airflow/example_dags/example_python_decorator.py for tasks to queue
[2025-03-06T23:55:15.138+0100] {logging_mixin.py:190} INFO - [2025-03-06T23:55:15.138+0100] {dagbag.py:588} INFO - Filling up the DagBag from /home/erij/Erij_Mazouz_4DS8_churn_ml_project/venv/lib/python3.8/site-packages/airflow/example_dags/example_python_decorator.py
[2025-03-06T23:55:15.158+0100] {processor.py:925} INFO - DAG(s) 'example_python_decorator' retrieved from /home/erij/Erij_Mazouz_4DS8_churn_ml_project/venv/lib/python3.8/site-packages/airflow/example_dags/example_python_decorator.py
[2025-03-06T23:55:15.178+0100] {logging_mixin.py:190} INFO - [2025-03-06T23:55:15.178+0100] {dag.py:3239} INFO - Sync 1 DAGs
[2025-03-06T23:55:15.193+0100] {logging_mixin.py:190} INFO - [2025-03-06T23:55:15.193+0100] {dag.py:4180} INFO - Setting next_dagrun for example_python_decorator to None, run_after=None
[2025-03-06T23:55:15.213+0100] {processor.py:208} INFO - Processing /home/erij/Erij_Mazouz_4DS8_churn_ml_project/venv/lib/python3.8/site-packages/airflow/example_dags/example_python_decorator.py took 0.085 seconds
[2025-03-06T23:56:14.911+0100] {processor.py:186} INFO - Started process (PID=59221) to work on /home/erij/Erij_Mazouz_4DS8_churn_ml_project/venv/lib/python3.8/site-packages/airflow/example_dags/example_python_decorator.py
[2025-03-06T23:56:14.914+0100] {processor.py:914} INFO - Processing file /home/erij/Erij_Mazouz_4DS8_churn_ml_project/venv/lib/python3.8/site-packages/airflow/example_dags/example_python_decorator.py for tasks to queue
[2025-03-06T23:56:14.916+0100] {logging_mixin.py:190} INFO - [2025-03-06T23:56:14.915+0100] {dagbag.py:588} INFO - Filling up the DagBag from /home/erij/Erij_Mazouz_4DS8_churn_ml_project/venv/lib/python3.8/site-packages/airflow/example_dags/example_python_decorator.py
[2025-03-06T23:56:14.928+0100] {processor.py:925} INFO - DAG(s) 'example_python_decorator' retrieved from /home/erij/Erij_Mazouz_4DS8_churn_ml_project/venv/lib/python3.8/site-packages/airflow/example_dags/example_python_decorator.py
[2025-03-06T23:56:14.940+0100] {logging_mixin.py:190} INFO - [2025-03-06T23:56:14.940+0100] {dag.py:3239} INFO - Sync 1 DAGs
[2025-03-06T23:56:14.950+0100] {logging_mixin.py:190} INFO - [2025-03-06T23:56:14.950+0100] {dag.py:4180} INFO - Setting next_dagrun for example_python_decorator to None, run_after=None
[2025-03-06T23:56:14.968+0100] {processor.py:208} INFO - Processing /home/erij/Erij_Mazouz_4DS8_churn_ml_project/venv/lib/python3.8/site-packages/airflow/example_dags/example_python_decorator.py took 0.061 seconds
[2025-03-06T23:57:10.012+0100] {processor.py:186} INFO - Started process (PID=59344) to work on /home/erij/Erij_Mazouz_4DS8_churn_ml_project/venv/lib/python3.8/site-packages/airflow/example_dags/example_python_decorator.py
[2025-03-06T23:57:10.015+0100] {processor.py:914} INFO - Processing file /home/erij/Erij_Mazouz_4DS8_churn_ml_project/venv/lib/python3.8/site-packages/airflow/example_dags/example_python_decorator.py for tasks to queue
[2025-03-06T23:57:10.016+0100] {logging_mixin.py:190} INFO - [2025-03-06T23:57:10.016+0100] {dagbag.py:588} INFO - Filling up the DagBag from /home/erij/Erij_Mazouz_4DS8_churn_ml_project/venv/lib/python3.8/site-packages/airflow/example_dags/example_python_decorator.py
[2025-03-06T23:57:10.030+0100] {processor.py:925} INFO - DAG(s) 'example_python_decorator' retrieved from /home/erij/Erij_Mazouz_4DS8_churn_ml_project/venv/lib/python3.8/site-packages/airflow/example_dags/example_python_decorator.py
[2025-03-06T23:57:10.045+0100] {logging_mixin.py:190} INFO - [2025-03-06T23:57:10.045+0100] {dag.py:3239} INFO - Sync 1 DAGs
[2025-03-06T23:57:10.056+0100] {logging_mixin.py:190} INFO - [2025-03-06T23:57:10.056+0100] {dag.py:4180} INFO - Setting next_dagrun for example_python_decorator to None, run_after=None
[2025-03-06T23:57:10.075+0100] {processor.py:208} INFO - Processing /home/erij/Erij_Mazouz_4DS8_churn_ml_project/venv/lib/python3.8/site-packages/airflow/example_dags/example_python_decorator.py took 0.068 seconds
[2025-03-06T23:58:05.947+0100] {processor.py:186} INFO - Started process (PID=59482) to work on /home/erij/Erij_Mazouz_4DS8_churn_ml_project/venv/lib/python3.8/site-packages/airflow/example_dags/example_python_decorator.py
[2025-03-06T23:58:05.949+0100] {processor.py:914} INFO - Processing file /home/erij/Erij_Mazouz_4DS8_churn_ml_project/venv/lib/python3.8/site-packages/airflow/example_dags/example_python_decorator.py for tasks to queue
[2025-03-06T23:58:05.951+0100] {logging_mixin.py:190} INFO - [2025-03-06T23:58:05.951+0100] {dagbag.py:588} INFO - Filling up the DagBag from /home/erij/Erij_Mazouz_4DS8_churn_ml_project/venv/lib/python3.8/site-packages/airflow/example_dags/example_python_decorator.py
[2025-03-06T23:58:05.965+0100] {processor.py:925} INFO - DAG(s) 'example_python_decorator' retrieved from /home/erij/Erij_Mazouz_4DS8_churn_ml_project/venv/lib/python3.8/site-packages/airflow/example_dags/example_python_decorator.py
[2025-03-06T23:58:05.987+0100] {logging_mixin.py:190} INFO - [2025-03-06T23:58:05.987+0100] {dag.py:3239} INFO - Sync 1 DAGs
[2025-03-06T23:58:06.001+0100] {logging_mixin.py:190} INFO - [2025-03-06T23:58:06.000+0100] {dag.py:4180} INFO - Setting next_dagrun for example_python_decorator to None, run_after=None
[2025-03-06T23:58:06.018+0100] {processor.py:208} INFO - Processing /home/erij/Erij_Mazouz_4DS8_churn_ml_project/venv/lib/python3.8/site-packages/airflow/example_dags/example_python_decorator.py took 0.076 seconds
[2025-03-06T23:58:57.218+0100] {processor.py:186} INFO - Started process (PID=59630) to work on /home/erij/Erij_Mazouz_4DS8_churn_ml_project/venv/lib/python3.8/site-packages/airflow/example_dags/example_python_decorator.py
[2025-03-06T23:58:57.220+0100] {processor.py:914} INFO - Processing file /home/erij/Erij_Mazouz_4DS8_churn_ml_project/venv/lib/python3.8/site-packages/airflow/example_dags/example_python_decorator.py for tasks to queue
[2025-03-06T23:58:57.222+0100] {logging_mixin.py:190} INFO - [2025-03-06T23:58:57.222+0100] {dagbag.py:588} INFO - Filling up the DagBag from /home/erij/Erij_Mazouz_4DS8_churn_ml_project/venv/lib/python3.8/site-packages/airflow/example_dags/example_python_decorator.py
[2025-03-06T23:58:57.236+0100] {processor.py:925} INFO - DAG(s) 'example_python_decorator' retrieved from /home/erij/Erij_Mazouz_4DS8_churn_ml_project/venv/lib/python3.8/site-packages/airflow/example_dags/example_python_decorator.py
[2025-03-06T23:58:57.249+0100] {logging_mixin.py:190} INFO - [2025-03-06T23:58:57.248+0100] {dag.py:3239} INFO - Sync 1 DAGs
[2025-03-06T23:58:57.261+0100] {logging_mixin.py:190} INFO - [2025-03-06T23:58:57.260+0100] {dag.py:4180} INFO - Setting next_dagrun for example_python_decorator to None, run_after=None
[2025-03-06T23:58:57.280+0100] {processor.py:208} INFO - Processing /home/erij/Erij_Mazouz_4DS8_churn_ml_project/venv/lib/python3.8/site-packages/airflow/example_dags/example_python_decorator.py took 0.066 seconds
[2025-03-06T23:59:47.487+0100] {processor.py:186} INFO - Started process (PID=59771) to work on /home/erij/Erij_Mazouz_4DS8_churn_ml_project/venv/lib/python3.8/site-packages/airflow/example_dags/example_python_decorator.py
[2025-03-06T23:59:47.489+0100] {processor.py:914} INFO - Processing file /home/erij/Erij_Mazouz_4DS8_churn_ml_project/venv/lib/python3.8/site-packages/airflow/example_dags/example_python_decorator.py for tasks to queue
[2025-03-06T23:59:47.491+0100] {logging_mixin.py:190} INFO - [2025-03-06T23:59:47.491+0100] {dagbag.py:588} INFO - Filling up the DagBag from /home/erij/Erij_Mazouz_4DS8_churn_ml_project/venv/lib/python3.8/site-packages/airflow/example_dags/example_python_decorator.py
[2025-03-06T23:59:47.505+0100] {processor.py:925} INFO - DAG(s) 'example_python_decorator' retrieved from /home/erij/Erij_Mazouz_4DS8_churn_ml_project/venv/lib/python3.8/site-packages/airflow/example_dags/example_python_decorator.py
[2025-03-06T23:59:47.519+0100] {logging_mixin.py:190} INFO - [2025-03-06T23:59:47.519+0100] {dag.py:3239} INFO - Sync 1 DAGs
[2025-03-06T23:59:47.531+0100] {logging_mixin.py:190} INFO - [2025-03-06T23:59:47.531+0100] {dag.py:4180} INFO - Setting next_dagrun for example_python_decorator to None, run_after=None
[2025-03-06T23:59:47.550+0100] {processor.py:208} INFO - Processing /home/erij/Erij_Mazouz_4DS8_churn_ml_project/venv/lib/python3.8/site-packages/airflow/example_dags/example_python_decorator.py took 0.068 seconds
[2025-03-07T00:00:41.124+0100] {processor.py:186} INFO - Started process (PID=59969) to work on /home/erij/Erij_Mazouz_4DS8_churn_ml_project/venv/lib/python3.8/site-packages/airflow/example_dags/example_python_decorator.py
[2025-03-07T00:00:41.126+0100] {processor.py:914} INFO - Processing file /home/erij/Erij_Mazouz_4DS8_churn_ml_project/venv/lib/python3.8/site-packages/airflow/example_dags/example_python_decorator.py for tasks to queue
[2025-03-07T00:00:41.128+0100] {logging_mixin.py:190} INFO - [2025-03-07T00:00:41.128+0100] {dagbag.py:588} INFO - Filling up the DagBag from /home/erij/Erij_Mazouz_4DS8_churn_ml_project/venv/lib/python3.8/site-packages/airflow/example_dags/example_python_decorator.py
[2025-03-07T00:00:41.140+0100] {processor.py:925} INFO - DAG(s) 'example_python_decorator' retrieved from /home/erij/Erij_Mazouz_4DS8_churn_ml_project/venv/lib/python3.8/site-packages/airflow/example_dags/example_python_decorator.py
[2025-03-07T00:00:41.154+0100] {logging_mixin.py:190} INFO - [2025-03-07T00:00:41.153+0100] {dag.py:3239} INFO - Sync 1 DAGs
[2025-03-07T00:00:41.167+0100] {logging_mixin.py:190} INFO - [2025-03-07T00:00:41.166+0100] {dag.py:4180} INFO - Setting next_dagrun for example_python_decorator to None, run_after=None
[2025-03-07T00:00:41.184+0100] {processor.py:208} INFO - Processing /home/erij/Erij_Mazouz_4DS8_churn_ml_project/venv/lib/python3.8/site-packages/airflow/example_dags/example_python_decorator.py took 0.065 seconds
[2025-03-07T00:01:33.517+0100] {processor.py:186} INFO - Started process (PID=60129) to work on /home/erij/Erij_Mazouz_4DS8_churn_ml_project/venv/lib/python3.8/site-packages/airflow/example_dags/example_python_decorator.py
[2025-03-07T00:01:33.518+0100] {processor.py:914} INFO - Processing file /home/erij/Erij_Mazouz_4DS8_churn_ml_project/venv/lib/python3.8/site-packages/airflow/example_dags/example_python_decorator.py for tasks to queue
[2025-03-07T00:01:33.520+0100] {logging_mixin.py:190} INFO - [2025-03-07T00:01:33.520+0100] {dagbag.py:588} INFO - Filling up the DagBag from /home/erij/Erij_Mazouz_4DS8_churn_ml_project/venv/lib/python3.8/site-packages/airflow/example_dags/example_python_decorator.py
[2025-03-07T00:01:33.533+0100] {processor.py:925} INFO - DAG(s) 'example_python_decorator' retrieved from /home/erij/Erij_Mazouz_4DS8_churn_ml_project/venv/lib/python3.8/site-packages/airflow/example_dags/example_python_decorator.py
[2025-03-07T00:01:33.548+0100] {logging_mixin.py:190} INFO - [2025-03-07T00:01:33.548+0100] {dag.py:3239} INFO - Sync 1 DAGs
[2025-03-07T00:01:33.559+0100] {logging_mixin.py:190} INFO - [2025-03-07T00:01:33.559+0100] {dag.py:4180} INFO - Setting next_dagrun for example_python_decorator to None, run_after=None
[2025-03-07T00:01:33.578+0100] {processor.py:208} INFO - Processing /home/erij/Erij_Mazouz_4DS8_churn_ml_project/venv/lib/python3.8/site-packages/airflow/example_dags/example_python_decorator.py took 0.065 seconds
[2025-03-07T00:02:30.433+0100] {processor.py:186} INFO - Started process (PID=60347) to work on /home/erij/Erij_Mazouz_4DS8_churn_ml_project/venv/lib/python3.8/site-packages/airflow/example_dags/example_python_decorator.py
[2025-03-07T00:02:30.434+0100] {processor.py:914} INFO - Processing file /home/erij/Erij_Mazouz_4DS8_churn_ml_project/venv/lib/python3.8/site-packages/airflow/example_dags/example_python_decorator.py for tasks to queue
[2025-03-07T00:02:30.436+0100] {logging_mixin.py:190} INFO - [2025-03-07T00:02:30.436+0100] {dagbag.py:588} INFO - Filling up the DagBag from /home/erij/Erij_Mazouz_4DS8_churn_ml_project/venv/lib/python3.8/site-packages/airflow/example_dags/example_python_decorator.py
[2025-03-07T00:02:30.450+0100] {processor.py:925} INFO - DAG(s) 'example_python_decorator' retrieved from /home/erij/Erij_Mazouz_4DS8_churn_ml_project/venv/lib/python3.8/site-packages/airflow/example_dags/example_python_decorator.py
[2025-03-07T00:02:30.465+0100] {logging_mixin.py:190} INFO - [2025-03-07T00:02:30.465+0100] {dag.py:3239} INFO - Sync 1 DAGs
[2025-03-07T00:02:30.476+0100] {logging_mixin.py:190} INFO - [2025-03-07T00:02:30.475+0100] {dag.py:4180} INFO - Setting next_dagrun for example_python_decorator to None, run_after=None
[2025-03-07T00:02:30.492+0100] {processor.py:208} INFO - Processing /home/erij/Erij_Mazouz_4DS8_churn_ml_project/venv/lib/python3.8/site-packages/airflow/example_dags/example_python_decorator.py took 0.065 seconds
