[2025-03-06T23:39:25.127+0100] {processor.py:186} INFO - Started process (PID=55942) to work on /home/erij/Erij_Mazouz_4DS8_churn_ml_project/venv/lib/python3.8/site-packages/airflow/example_dags/example_branch_labels.py
[2025-03-06T23:39:25.127+0100] {processor.py:914} INFO - Processing file /home/erij/Erij_Mazouz_4DS8_churn_ml_project/venv/lib/python3.8/site-packages/airflow/example_dags/example_branch_labels.py for tasks to queue
[2025-03-06T23:39:25.129+0100] {logging_mixin.py:190} INFO - [2025-03-06T23:39:25.129+0100] {dagbag.py:588} INFO - Filling up the DagBag from /home/erij/Erij_Mazouz_4DS8_churn_ml_project/venv/lib/python3.8/site-packages/airflow/example_dags/example_branch_labels.py
[2025-03-06T23:39:25.139+0100] {processor.py:925} INFO - DAG(s) 'example_branch_labels' retrieved from /home/erij/Erij_Mazouz_4DS8_churn_ml_project/venv/lib/python3.8/site-packages/airflow/example_dags/example_branch_labels.py
[2025-03-06T23:39:25.152+0100] {logging_mixin.py:190} INFO - [2025-03-06T23:39:25.152+0100] {dag.py:3239} INFO - Sync 1 DAGs
[2025-03-06T23:39:25.171+0100] {logging_mixin.py:190} INFO - [2025-03-06T23:39:25.170+0100] {dag.py:4180} INFO - Setting next_dagrun for example_branch_labels to 2025-03-05 00:00:00+00:00, run_after=2025-03-06 00:00:00+00:00
[2025-03-06T23:39:25.191+0100] {processor.py:208} INFO - Processing /home/erij/Erij_Mazouz_4DS8_churn_ml_project/venv/lib/python3.8/site-packages/airflow/example_dags/example_branch_labels.py took 0.069 seconds
[2025-03-06T23:40:51.694+0100] {processor.py:186} INFO - Started process (PID=56521) to work on /home/erij/Erij_Mazouz_4DS8_churn_ml_project/venv/lib/python3.8/site-packages/airflow/example_dags/example_branch_labels.py
[2025-03-06T23:40:51.696+0100] {processor.py:914} INFO - Processing file /home/erij/Erij_Mazouz_4DS8_churn_ml_project/venv/lib/python3.8/site-packages/airflow/example_dags/example_branch_labels.py for tasks to queue
[2025-03-06T23:40:51.698+0100] {logging_mixin.py:190} INFO - [2025-03-06T23:40:51.698+0100] {dagbag.py:588} INFO - Filling up the DagBag from /home/erij/Erij_Mazouz_4DS8_churn_ml_project/venv/lib/python3.8/site-packages/airflow/example_dags/example_branch_labels.py
[2025-03-06T23:40:51.706+0100] {processor.py:925} INFO - DAG(s) 'example_branch_labels' retrieved from /home/erij/Erij_Mazouz_4DS8_churn_ml_project/venv/lib/python3.8/site-packages/airflow/example_dags/example_branch_labels.py
[2025-03-06T23:40:51.718+0100] {logging_mixin.py:190} INFO - [2025-03-06T23:40:51.718+0100] {dag.py:3239} INFO - Sync 1 DAGs
[2025-03-06T23:40:51.735+0100] {logging_mixin.py:190} INFO - [2025-03-06T23:40:51.735+0100] {dag.py:4180} INFO - Setting next_dagrun for example_branch_labels to 2025-03-05 00:00:00+00:00, run_after=2025-03-06 00:00:00+00:00
[2025-03-06T23:40:51.753+0100] {processor.py:208} INFO - Processing /home/erij/Erij_Mazouz_4DS8_churn_ml_project/venv/lib/python3.8/site-packages/airflow/example_dags/example_branch_labels.py took 0.064 seconds
[2025-03-06T23:41:49.365+0100] {processor.py:186} INFO - Started process (PID=56658) to work on /home/erij/Erij_Mazouz_4DS8_churn_ml_project/venv/lib/python3.8/site-packages/airflow/example_dags/example_branch_labels.py
[2025-03-06T23:41:49.368+0100] {processor.py:914} INFO - Processing file /home/erij/Erij_Mazouz_4DS8_churn_ml_project/venv/lib/python3.8/site-packages/airflow/example_dags/example_branch_labels.py for tasks to queue
[2025-03-06T23:41:49.370+0100] {logging_mixin.py:190} INFO - [2025-03-06T23:41:49.370+0100] {dagbag.py:588} INFO - Filling up the DagBag from /home/erij/Erij_Mazouz_4DS8_churn_ml_project/venv/lib/python3.8/site-packages/airflow/example_dags/example_branch_labels.py
[2025-03-06T23:41:49.379+0100] {processor.py:925} INFO - DAG(s) 'example_branch_labels' retrieved from /home/erij/Erij_Mazouz_4DS8_churn_ml_project/venv/lib/python3.8/site-packages/airflow/example_dags/example_branch_labels.py
[2025-03-06T23:41:49.394+0100] {logging_mixin.py:190} INFO - [2025-03-06T23:41:49.393+0100] {dag.py:3239} INFO - Sync 1 DAGs
[2025-03-06T23:41:49.412+0100] {logging_mixin.py:190} INFO - [2025-03-06T23:41:49.412+0100] {dag.py:4180} INFO - Setting next_dagrun for example_branch_labels to 2025-03-05 00:00:00+00:00, run_after=2025-03-06 00:00:00+00:00
[2025-03-06T23:41:49.429+0100] {processor.py:208} INFO - Processing /home/erij/Erij_Mazouz_4DS8_churn_ml_project/venv/lib/python3.8/site-packages/airflow/example_dags/example_branch_labels.py took 0.070 seconds
[2025-03-06T23:42:43.503+0100] {processor.py:186} INFO - Started process (PID=56776) to work on /home/erij/Erij_Mazouz_4DS8_churn_ml_project/venv/lib/python3.8/site-packages/airflow/example_dags/example_branch_labels.py
[2025-03-06T23:42:43.505+0100] {processor.py:914} INFO - Processing file /home/erij/Erij_Mazouz_4DS8_churn_ml_project/venv/lib/python3.8/site-packages/airflow/example_dags/example_branch_labels.py for tasks to queue
[2025-03-06T23:42:43.507+0100] {logging_mixin.py:190} INFO - [2025-03-06T23:42:43.507+0100] {dagbag.py:588} INFO - Filling up the DagBag from /home/erij/Erij_Mazouz_4DS8_churn_ml_project/venv/lib/python3.8/site-packages/airflow/example_dags/example_branch_labels.py
[2025-03-06T23:42:43.515+0100] {processor.py:925} INFO - DAG(s) 'example_branch_labels' retrieved from /home/erij/Erij_Mazouz_4DS8_churn_ml_project/venv/lib/python3.8/site-packages/airflow/example_dags/example_branch_labels.py
[2025-03-06T23:42:43.526+0100] {logging_mixin.py:190} INFO - [2025-03-06T23:42:43.526+0100] {dag.py:3239} INFO - Sync 1 DAGs
[2025-03-06T23:42:43.543+0100] {logging_mixin.py:190} INFO - [2025-03-06T23:42:43.543+0100] {dag.py:4180} INFO - Setting next_dagrun for example_branch_labels to 2025-03-05 00:00:00+00:00, run_after=2025-03-06 00:00:00+00:00
[2025-03-06T23:42:43.562+0100] {processor.py:208} INFO - Processing /home/erij/Erij_Mazouz_4DS8_churn_ml_project/venv/lib/python3.8/site-packages/airflow/example_dags/example_branch_labels.py took 0.064 seconds
[2025-03-06T23:43:36.136+0100] {processor.py:186} INFO - Started process (PID=56903) to work on /home/erij/Erij_Mazouz_4DS8_churn_ml_project/venv/lib/python3.8/site-packages/airflow/example_dags/example_branch_labels.py
[2025-03-06T23:43:36.138+0100] {processor.py:914} INFO - Processing file /home/erij/Erij_Mazouz_4DS8_churn_ml_project/venv/lib/python3.8/site-packages/airflow/example_dags/example_branch_labels.py for tasks to queue
[2025-03-06T23:43:36.141+0100] {logging_mixin.py:190} INFO - [2025-03-06T23:43:36.140+0100] {dagbag.py:588} INFO - Filling up the DagBag from /home/erij/Erij_Mazouz_4DS8_churn_ml_project/venv/lib/python3.8/site-packages/airflow/example_dags/example_branch_labels.py
[2025-03-06T23:43:36.152+0100] {processor.py:925} INFO - DAG(s) 'example_branch_labels' retrieved from /home/erij/Erij_Mazouz_4DS8_churn_ml_project/venv/lib/python3.8/site-packages/airflow/example_dags/example_branch_labels.py
[2025-03-06T23:43:36.165+0100] {logging_mixin.py:190} INFO - [2025-03-06T23:43:36.164+0100] {dag.py:3239} INFO - Sync 1 DAGs
[2025-03-06T23:43:36.183+0100] {logging_mixin.py:190} INFO - [2025-03-06T23:43:36.182+0100] {dag.py:4180} INFO - Setting next_dagrun for example_branch_labels to 2025-03-05 00:00:00+00:00, run_after=2025-03-06 00:00:00+00:00
[2025-03-06T23:43:36.201+0100] {processor.py:208} INFO - Processing /home/erij/Erij_Mazouz_4DS8_churn_ml_project/venv/lib/python3.8/site-packages/airflow/example_dags/example_branch_labels.py took 0.071 seconds
[2025-03-06T23:44:27.559+0100] {processor.py:186} INFO - Started process (PID=57051) to work on /home/erij/Erij_Mazouz_4DS8_churn_ml_project/venv/lib/python3.8/site-packages/airflow/example_dags/example_branch_labels.py
[2025-03-06T23:44:27.561+0100] {processor.py:914} INFO - Processing file /home/erij/Erij_Mazouz_4DS8_churn_ml_project/venv/lib/python3.8/site-packages/airflow/example_dags/example_branch_labels.py for tasks to queue
[2025-03-06T23:44:27.563+0100] {logging_mixin.py:190} INFO - [2025-03-06T23:44:27.563+0100] {dagbag.py:588} INFO - Filling up the DagBag from /home/erij/Erij_Mazouz_4DS8_churn_ml_project/venv/lib/python3.8/site-packages/airflow/example_dags/example_branch_labels.py
[2025-03-06T23:44:27.575+0100] {processor.py:925} INFO - DAG(s) 'example_branch_labels' retrieved from /home/erij/Erij_Mazouz_4DS8_churn_ml_project/venv/lib/python3.8/site-packages/airflow/example_dags/example_branch_labels.py
[2025-03-06T23:44:27.592+0100] {logging_mixin.py:190} INFO - [2025-03-06T23:44:27.592+0100] {dag.py:3239} INFO - Sync 1 DAGs
[2025-03-06T23:44:27.612+0100] {logging_mixin.py:190} INFO - [2025-03-06T23:44:27.612+0100] {dag.py:4180} INFO - Setting next_dagrun for example_branch_labels to 2025-03-05 00:00:00+00:00, run_after=2025-03-06 00:00:00+00:00
[2025-03-06T23:44:27.657+0100] {processor.py:208} INFO - Processing /home/erij/Erij_Mazouz_4DS8_churn_ml_project/venv/lib/python3.8/site-packages/airflow/example_dags/example_branch_labels.py took 0.103 seconds
[2025-03-06T23:45:23.692+0100] {processor.py:186} INFO - Started process (PID=57170) to work on /home/erij/Erij_Mazouz_4DS8_churn_ml_project/venv/lib/python3.8/site-packages/airflow/example_dags/example_branch_labels.py
[2025-03-06T23:45:23.694+0100] {processor.py:914} INFO - Processing file /home/erij/Erij_Mazouz_4DS8_churn_ml_project/venv/lib/python3.8/site-packages/airflow/example_dags/example_branch_labels.py for tasks to queue
[2025-03-06T23:45:23.696+0100] {logging_mixin.py:190} INFO - [2025-03-06T23:45:23.696+0100] {dagbag.py:588} INFO - Filling up the DagBag from /home/erij/Erij_Mazouz_4DS8_churn_ml_project/venv/lib/python3.8/site-packages/airflow/example_dags/example_branch_labels.py
[2025-03-06T23:45:23.704+0100] {processor.py:925} INFO - DAG(s) 'example_branch_labels' retrieved from /home/erij/Erij_Mazouz_4DS8_churn_ml_project/venv/lib/python3.8/site-packages/airflow/example_dags/example_branch_labels.py
[2025-03-06T23:45:23.717+0100] {logging_mixin.py:190} INFO - [2025-03-06T23:45:23.717+0100] {dag.py:3239} INFO - Sync 1 DAGs
[2025-03-06T23:45:23.735+0100] {logging_mixin.py:190} INFO - [2025-03-06T23:45:23.735+0100] {dag.py:4180} INFO - Setting next_dagrun for example_branch_labels to 2025-03-05 00:00:00+00:00, run_after=2025-03-06 00:00:00+00:00
[2025-03-06T23:45:23.763+0100] {processor.py:208} INFO - Processing /home/erij/Erij_Mazouz_4DS8_churn_ml_project/venv/lib/python3.8/site-packages/airflow/example_dags/example_branch_labels.py took 0.076 seconds
[2025-03-06T23:46:22.689+0100] {processor.py:186} INFO - Started process (PID=57290) to work on /home/erij/Erij_Mazouz_4DS8_churn_ml_project/venv/lib/python3.8/site-packages/airflow/example_dags/example_branch_labels.py
[2025-03-06T23:46:22.691+0100] {processor.py:914} INFO - Processing file /home/erij/Erij_Mazouz_4DS8_churn_ml_project/venv/lib/python3.8/site-packages/airflow/example_dags/example_branch_labels.py for tasks to queue
[2025-03-06T23:46:22.693+0100] {logging_mixin.py:190} INFO - [2025-03-06T23:46:22.693+0100] {dagbag.py:588} INFO - Filling up the DagBag from /home/erij/Erij_Mazouz_4DS8_churn_ml_project/venv/lib/python3.8/site-packages/airflow/example_dags/example_branch_labels.py
[2025-03-06T23:46:22.701+0100] {processor.py:925} INFO - DAG(s) 'example_branch_labels' retrieved from /home/erij/Erij_Mazouz_4DS8_churn_ml_project/venv/lib/python3.8/site-packages/airflow/example_dags/example_branch_labels.py
[2025-03-06T23:46:22.712+0100] {logging_mixin.py:190} INFO - [2025-03-06T23:46:22.712+0100] {dag.py:3239} INFO - Sync 1 DAGs
[2025-03-06T23:46:22.728+0100] {logging_mixin.py:190} INFO - [2025-03-06T23:46:22.728+0100] {dag.py:4180} INFO - Setting next_dagrun for example_branch_labels to 2025-03-05 00:00:00+00:00, run_after=2025-03-06 00:00:00+00:00
[2025-03-06T23:46:22.745+0100] {processor.py:208} INFO - Processing /home/erij/Erij_Mazouz_4DS8_churn_ml_project/venv/lib/python3.8/site-packages/airflow/example_dags/example_branch_labels.py took 0.061 seconds
[2025-03-06T23:47:18.105+0100] {processor.py:186} INFO - Started process (PID=57406) to work on /home/erij/Erij_Mazouz_4DS8_churn_ml_project/venv/lib/python3.8/site-packages/airflow/example_dags/example_branch_labels.py
[2025-03-06T23:47:18.108+0100] {processor.py:914} INFO - Processing file /home/erij/Erij_Mazouz_4DS8_churn_ml_project/venv/lib/python3.8/site-packages/airflow/example_dags/example_branch_labels.py for tasks to queue
[2025-03-06T23:47:18.109+0100] {logging_mixin.py:190} INFO - [2025-03-06T23:47:18.109+0100] {dagbag.py:588} INFO - Filling up the DagBag from /home/erij/Erij_Mazouz_4DS8_churn_ml_project/venv/lib/python3.8/site-packages/airflow/example_dags/example_branch_labels.py
[2025-03-06T23:47:18.117+0100] {processor.py:925} INFO - DAG(s) 'example_branch_labels' retrieved from /home/erij/Erij_Mazouz_4DS8_churn_ml_project/venv/lib/python3.8/site-packages/airflow/example_dags/example_branch_labels.py
[2025-03-06T23:47:18.129+0100] {logging_mixin.py:190} INFO - [2025-03-06T23:47:18.128+0100] {dag.py:3239} INFO - Sync 1 DAGs
[2025-03-06T23:47:18.145+0100] {logging_mixin.py:190} INFO - [2025-03-06T23:47:18.145+0100] {dag.py:4180} INFO - Setting next_dagrun for example_branch_labels to 2025-03-05 00:00:00+00:00, run_after=2025-03-06 00:00:00+00:00
[2025-03-06T23:47:18.162+0100] {processor.py:208} INFO - Processing /home/erij/Erij_Mazouz_4DS8_churn_ml_project/venv/lib/python3.8/site-packages/airflow/example_dags/example_branch_labels.py took 0.062 seconds
[2025-03-06T23:48:16.468+0100] {processor.py:186} INFO - Started process (PID=57526) to work on /home/erij/Erij_Mazouz_4DS8_churn_ml_project/venv/lib/python3.8/site-packages/airflow/example_dags/example_branch_labels.py
[2025-03-06T23:48:16.470+0100] {processor.py:914} INFO - Processing file /home/erij/Erij_Mazouz_4DS8_churn_ml_project/venv/lib/python3.8/site-packages/airflow/example_dags/example_branch_labels.py for tasks to queue
[2025-03-06T23:48:16.471+0100] {logging_mixin.py:190} INFO - [2025-03-06T23:48:16.471+0100] {dagbag.py:588} INFO - Filling up the DagBag from /home/erij/Erij_Mazouz_4DS8_churn_ml_project/venv/lib/python3.8/site-packages/airflow/example_dags/example_branch_labels.py
[2025-03-06T23:48:16.479+0100] {processor.py:925} INFO - DAG(s) 'example_branch_labels' retrieved from /home/erij/Erij_Mazouz_4DS8_churn_ml_project/venv/lib/python3.8/site-packages/airflow/example_dags/example_branch_labels.py
[2025-03-06T23:48:16.491+0100] {logging_mixin.py:190} INFO - [2025-03-06T23:48:16.491+0100] {dag.py:3239} INFO - Sync 1 DAGs
[2025-03-06T23:48:16.506+0100] {logging_mixin.py:190} INFO - [2025-03-06T23:48:16.506+0100] {dag.py:4180} INFO - Setting next_dagrun for example_branch_labels to 2025-03-05 00:00:00+00:00, run_after=2025-03-06 00:00:00+00:00
[2025-03-06T23:48:16.523+0100] {processor.py:208} INFO - Processing /home/erij/Erij_Mazouz_4DS8_churn_ml_project/venv/lib/python3.8/site-packages/airflow/example_dags/example_branch_labels.py took 0.060 seconds
[2025-03-06T23:49:13.683+0100] {processor.py:186} INFO - Started process (PID=57636) to work on /home/erij/Erij_Mazouz_4DS8_churn_ml_project/venv/lib/python3.8/site-packages/airflow/example_dags/example_branch_labels.py
[2025-03-06T23:49:13.686+0100] {processor.py:914} INFO - Processing file /home/erij/Erij_Mazouz_4DS8_churn_ml_project/venv/lib/python3.8/site-packages/airflow/example_dags/example_branch_labels.py for tasks to queue
[2025-03-06T23:49:13.687+0100] {logging_mixin.py:190} INFO - [2025-03-06T23:49:13.687+0100] {dagbag.py:588} INFO - Filling up the DagBag from /home/erij/Erij_Mazouz_4DS8_churn_ml_project/venv/lib/python3.8/site-packages/airflow/example_dags/example_branch_labels.py
[2025-03-06T23:49:13.696+0100] {processor.py:925} INFO - DAG(s) 'example_branch_labels' retrieved from /home/erij/Erij_Mazouz_4DS8_churn_ml_project/venv/lib/python3.8/site-packages/airflow/example_dags/example_branch_labels.py
[2025-03-06T23:49:13.708+0100] {logging_mixin.py:190} INFO - [2025-03-06T23:49:13.708+0100] {dag.py:3239} INFO - Sync 1 DAGs
[2025-03-06T23:49:13.724+0100] {logging_mixin.py:190} INFO - [2025-03-06T23:49:13.724+0100] {dag.py:4180} INFO - Setting next_dagrun for example_branch_labels to 2025-03-05 00:00:00+00:00, run_after=2025-03-06 00:00:00+00:00
[2025-03-06T23:49:13.741+0100] {processor.py:208} INFO - Processing /home/erij/Erij_Mazouz_4DS8_churn_ml_project/venv/lib/python3.8/site-packages/airflow/example_dags/example_branch_labels.py took 0.063 seconds
[2025-03-06T23:50:06.714+0100] {processor.py:186} INFO - Started process (PID=57750) to work on /home/erij/Erij_Mazouz_4DS8_churn_ml_project/venv/lib/python3.8/site-packages/airflow/example_dags/example_branch_labels.py
[2025-03-06T23:50:06.715+0100] {processor.py:914} INFO - Processing file /home/erij/Erij_Mazouz_4DS8_churn_ml_project/venv/lib/python3.8/site-packages/airflow/example_dags/example_branch_labels.py for tasks to queue
[2025-03-06T23:50:06.717+0100] {logging_mixin.py:190} INFO - [2025-03-06T23:50:06.717+0100] {dagbag.py:588} INFO - Filling up the DagBag from /home/erij/Erij_Mazouz_4DS8_churn_ml_project/venv/lib/python3.8/site-packages/airflow/example_dags/example_branch_labels.py
[2025-03-06T23:50:06.727+0100] {processor.py:925} INFO - DAG(s) 'example_branch_labels' retrieved from /home/erij/Erij_Mazouz_4DS8_churn_ml_project/venv/lib/python3.8/site-packages/airflow/example_dags/example_branch_labels.py
[2025-03-06T23:50:06.741+0100] {logging_mixin.py:190} INFO - [2025-03-06T23:50:06.740+0100] {dag.py:3239} INFO - Sync 1 DAGs
[2025-03-06T23:50:06.759+0100] {logging_mixin.py:190} INFO - [2025-03-06T23:50:06.759+0100] {dag.py:4180} INFO - Setting next_dagrun for example_branch_labels to 2025-03-05 00:00:00+00:00, run_after=2025-03-06 00:00:00+00:00
[2025-03-06T23:50:06.778+0100] {processor.py:208} INFO - Processing /home/erij/Erij_Mazouz_4DS8_churn_ml_project/venv/lib/python3.8/site-packages/airflow/example_dags/example_branch_labels.py took 0.069 seconds
[2025-03-06T23:51:03.171+0100] {processor.py:186} INFO - Started process (PID=57857) to work on /home/erij/Erij_Mazouz_4DS8_churn_ml_project/venv/lib/python3.8/site-packages/airflow/example_dags/example_branch_labels.py
[2025-03-06T23:51:03.173+0100] {processor.py:914} INFO - Processing file /home/erij/Erij_Mazouz_4DS8_churn_ml_project/venv/lib/python3.8/site-packages/airflow/example_dags/example_branch_labels.py for tasks to queue
[2025-03-06T23:51:03.175+0100] {logging_mixin.py:190} INFO - [2025-03-06T23:51:03.175+0100] {dagbag.py:588} INFO - Filling up the DagBag from /home/erij/Erij_Mazouz_4DS8_churn_ml_project/venv/lib/python3.8/site-packages/airflow/example_dags/example_branch_labels.py
[2025-03-06T23:51:03.183+0100] {processor.py:925} INFO - DAG(s) 'example_branch_labels' retrieved from /home/erij/Erij_Mazouz_4DS8_churn_ml_project/venv/lib/python3.8/site-packages/airflow/example_dags/example_branch_labels.py
[2025-03-06T23:51:03.195+0100] {logging_mixin.py:190} INFO - [2025-03-06T23:51:03.195+0100] {dag.py:3239} INFO - Sync 1 DAGs
[2025-03-06T23:51:03.212+0100] {logging_mixin.py:190} INFO - [2025-03-06T23:51:03.212+0100] {dag.py:4180} INFO - Setting next_dagrun for example_branch_labels to 2025-03-05 00:00:00+00:00, run_after=2025-03-06 00:00:00+00:00
[2025-03-06T23:51:03.228+0100] {processor.py:208} INFO - Processing /home/erij/Erij_Mazouz_4DS8_churn_ml_project/venv/lib/python3.8/site-packages/airflow/example_dags/example_branch_labels.py took 0.062 seconds
[2025-03-06T23:51:58.032+0100] {processor.py:186} INFO - Started process (PID=57973) to work on /home/erij/Erij_Mazouz_4DS8_churn_ml_project/venv/lib/python3.8/site-packages/airflow/example_dags/example_branch_labels.py
[2025-03-06T23:51:58.035+0100] {processor.py:914} INFO - Processing file /home/erij/Erij_Mazouz_4DS8_churn_ml_project/venv/lib/python3.8/site-packages/airflow/example_dags/example_branch_labels.py for tasks to queue
[2025-03-06T23:51:58.037+0100] {logging_mixin.py:190} INFO - [2025-03-06T23:51:58.036+0100] {dagbag.py:588} INFO - Filling up the DagBag from /home/erij/Erij_Mazouz_4DS8_churn_ml_project/venv/lib/python3.8/site-packages/airflow/example_dags/example_branch_labels.py
[2025-03-06T23:51:58.045+0100] {processor.py:925} INFO - DAG(s) 'example_branch_labels' retrieved from /home/erij/Erij_Mazouz_4DS8_churn_ml_project/venv/lib/python3.8/site-packages/airflow/example_dags/example_branch_labels.py
[2025-03-06T23:51:58.059+0100] {logging_mixin.py:190} INFO - [2025-03-06T23:51:58.059+0100] {dag.py:3239} INFO - Sync 1 DAGs
[2025-03-06T23:51:58.076+0100] {logging_mixin.py:190} INFO - [2025-03-06T23:51:58.076+0100] {dag.py:4180} INFO - Setting next_dagrun for example_branch_labels to 2025-03-05 00:00:00+00:00, run_after=2025-03-06 00:00:00+00:00
[2025-03-06T23:51:58.094+0100] {processor.py:208} INFO - Processing /home/erij/Erij_Mazouz_4DS8_churn_ml_project/venv/lib/python3.8/site-packages/airflow/example_dags/example_branch_labels.py took 0.067 seconds
[2025-03-06T23:52:54.486+0100] {processor.py:186} INFO - Started process (PID=58093) to work on /home/erij/Erij_Mazouz_4DS8_churn_ml_project/venv/lib/python3.8/site-packages/airflow/example_dags/example_branch_labels.py
[2025-03-06T23:52:54.488+0100] {processor.py:914} INFO - Processing file /home/erij/Erij_Mazouz_4DS8_churn_ml_project/venv/lib/python3.8/site-packages/airflow/example_dags/example_branch_labels.py for tasks to queue
[2025-03-06T23:52:54.490+0100] {logging_mixin.py:190} INFO - [2025-03-06T23:52:54.490+0100] {dagbag.py:588} INFO - Filling up the DagBag from /home/erij/Erij_Mazouz_4DS8_churn_ml_project/venv/lib/python3.8/site-packages/airflow/example_dags/example_branch_labels.py
[2025-03-06T23:52:54.500+0100] {processor.py:925} INFO - DAG(s) 'example_branch_labels' retrieved from /home/erij/Erij_Mazouz_4DS8_churn_ml_project/venv/lib/python3.8/site-packages/airflow/example_dags/example_branch_labels.py
[2025-03-06T23:52:54.515+0100] {logging_mixin.py:190} INFO - [2025-03-06T23:52:54.515+0100] {dag.py:3239} INFO - Sync 1 DAGs
[2025-03-06T23:52:54.536+0100] {logging_mixin.py:190} INFO - [2025-03-06T23:52:54.535+0100] {dag.py:4180} INFO - Setting next_dagrun for example_branch_labels to 2025-03-05 00:00:00+00:00, run_after=2025-03-06 00:00:00+00:00
[2025-03-06T23:52:54.554+0100] {processor.py:208} INFO - Processing /home/erij/Erij_Mazouz_4DS8_churn_ml_project/venv/lib/python3.8/site-packages/airflow/example_dags/example_branch_labels.py took 0.073 seconds
[2025-03-06T23:53:51.210+0100] {processor.py:186} INFO - Started process (PID=58215) to work on /home/erij/Erij_Mazouz_4DS8_churn_ml_project/venv/lib/python3.8/site-packages/airflow/example_dags/example_branch_labels.py
[2025-03-06T23:53:51.212+0100] {processor.py:914} INFO - Processing file /home/erij/Erij_Mazouz_4DS8_churn_ml_project/venv/lib/python3.8/site-packages/airflow/example_dags/example_branch_labels.py for tasks to queue
[2025-03-06T23:53:51.214+0100] {logging_mixin.py:190} INFO - [2025-03-06T23:53:51.213+0100] {dagbag.py:588} INFO - Filling up the DagBag from /home/erij/Erij_Mazouz_4DS8_churn_ml_project/venv/lib/python3.8/site-packages/airflow/example_dags/example_branch_labels.py
[2025-03-06T23:53:51.222+0100] {processor.py:925} INFO - DAG(s) 'example_branch_labels' retrieved from /home/erij/Erij_Mazouz_4DS8_churn_ml_project/venv/lib/python3.8/site-packages/airflow/example_dags/example_branch_labels.py
[2025-03-06T23:53:51.233+0100] {logging_mixin.py:190} INFO - [2025-03-06T23:53:51.233+0100] {dag.py:3239} INFO - Sync 1 DAGs
[2025-03-06T23:53:51.250+0100] {logging_mixin.py:190} INFO - [2025-03-06T23:53:51.250+0100] {dag.py:4180} INFO - Setting next_dagrun for example_branch_labels to 2025-03-05 00:00:00+00:00, run_after=2025-03-06 00:00:00+00:00
[2025-03-06T23:53:51.268+0100] {processor.py:208} INFO - Processing /home/erij/Erij_Mazouz_4DS8_churn_ml_project/venv/lib/python3.8/site-packages/airflow/example_dags/example_branch_labels.py took 0.062 seconds
[2025-03-06T23:54:48.991+0100] {processor.py:186} INFO - Started process (PID=58591) to work on /home/erij/Erij_Mazouz_4DS8_churn_ml_project/venv/lib/python3.8/site-packages/airflow/example_dags/example_branch_labels.py
[2025-03-06T23:54:48.993+0100] {processor.py:914} INFO - Processing file /home/erij/Erij_Mazouz_4DS8_churn_ml_project/venv/lib/python3.8/site-packages/airflow/example_dags/example_branch_labels.py for tasks to queue
[2025-03-06T23:54:48.995+0100] {logging_mixin.py:190} INFO - [2025-03-06T23:54:48.995+0100] {dagbag.py:588} INFO - Filling up the DagBag from /home/erij/Erij_Mazouz_4DS8_churn_ml_project/venv/lib/python3.8/site-packages/airflow/example_dags/example_branch_labels.py
[2025-03-06T23:54:49.003+0100] {processor.py:925} INFO - DAG(s) 'example_branch_labels' retrieved from /home/erij/Erij_Mazouz_4DS8_churn_ml_project/venv/lib/python3.8/site-packages/airflow/example_dags/example_branch_labels.py
[2025-03-06T23:54:49.017+0100] {logging_mixin.py:190} INFO - [2025-03-06T23:54:49.017+0100] {dag.py:3239} INFO - Sync 1 DAGs
[2025-03-06T23:54:49.035+0100] {logging_mixin.py:190} INFO - [2025-03-06T23:54:49.035+0100] {dag.py:4180} INFO - Setting next_dagrun for example_branch_labels to 2025-03-05 00:00:00+00:00, run_after=2025-03-06 00:00:00+00:00
[2025-03-06T23:54:49.053+0100] {processor.py:208} INFO - Processing /home/erij/Erij_Mazouz_4DS8_churn_ml_project/venv/lib/python3.8/site-packages/airflow/example_dags/example_branch_labels.py took 0.068 seconds
[2025-03-06T23:55:46.777+0100] {processor.py:186} INFO - Started process (PID=59153) to work on /home/erij/Erij_Mazouz_4DS8_churn_ml_project/venv/lib/python3.8/site-packages/airflow/example_dags/example_branch_labels.py
[2025-03-06T23:55:46.780+0100] {processor.py:914} INFO - Processing file /home/erij/Erij_Mazouz_4DS8_churn_ml_project/venv/lib/python3.8/site-packages/airflow/example_dags/example_branch_labels.py for tasks to queue
[2025-03-06T23:55:46.782+0100] {logging_mixin.py:190} INFO - [2025-03-06T23:55:46.781+0100] {dagbag.py:588} INFO - Filling up the DagBag from /home/erij/Erij_Mazouz_4DS8_churn_ml_project/venv/lib/python3.8/site-packages/airflow/example_dags/example_branch_labels.py
[2025-03-06T23:55:46.790+0100] {processor.py:925} INFO - DAG(s) 'example_branch_labels' retrieved from /home/erij/Erij_Mazouz_4DS8_churn_ml_project/venv/lib/python3.8/site-packages/airflow/example_dags/example_branch_labels.py
[2025-03-06T23:55:46.802+0100] {logging_mixin.py:190} INFO - [2025-03-06T23:55:46.801+0100] {dag.py:3239} INFO - Sync 1 DAGs
[2025-03-06T23:55:46.818+0100] {logging_mixin.py:190} INFO - [2025-03-06T23:55:46.817+0100] {dag.py:4180} INFO - Setting next_dagrun for example_branch_labels to 2025-03-05 00:00:00+00:00, run_after=2025-03-06 00:00:00+00:00
[2025-03-06T23:55:46.834+0100] {processor.py:208} INFO - Processing /home/erij/Erij_Mazouz_4DS8_churn_ml_project/venv/lib/python3.8/site-packages/airflow/example_dags/example_branch_labels.py took 0.062 seconds
[2025-03-06T23:56:43.208+0100] {processor.py:186} INFO - Started process (PID=59275) to work on /home/erij/Erij_Mazouz_4DS8_churn_ml_project/venv/lib/python3.8/site-packages/airflow/example_dags/example_branch_labels.py
[2025-03-06T23:56:43.210+0100] {processor.py:914} INFO - Processing file /home/erij/Erij_Mazouz_4DS8_churn_ml_project/venv/lib/python3.8/site-packages/airflow/example_dags/example_branch_labels.py for tasks to queue
[2025-03-06T23:56:43.212+0100] {logging_mixin.py:190} INFO - [2025-03-06T23:56:43.212+0100] {dagbag.py:588} INFO - Filling up the DagBag from /home/erij/Erij_Mazouz_4DS8_churn_ml_project/venv/lib/python3.8/site-packages/airflow/example_dags/example_branch_labels.py
[2025-03-06T23:56:43.220+0100] {processor.py:925} INFO - DAG(s) 'example_branch_labels' retrieved from /home/erij/Erij_Mazouz_4DS8_churn_ml_project/venv/lib/python3.8/site-packages/airflow/example_dags/example_branch_labels.py
[2025-03-06T23:56:43.233+0100] {logging_mixin.py:190} INFO - [2025-03-06T23:56:43.233+0100] {dag.py:3239} INFO - Sync 1 DAGs
[2025-03-06T23:56:43.250+0100] {logging_mixin.py:190} INFO - [2025-03-06T23:56:43.250+0100] {dag.py:4180} INFO - Setting next_dagrun for example_branch_labels to 2025-03-05 00:00:00+00:00, run_after=2025-03-06 00:00:00+00:00
[2025-03-06T23:56:43.266+0100] {processor.py:208} INFO - Processing /home/erij/Erij_Mazouz_4DS8_churn_ml_project/venv/lib/python3.8/site-packages/airflow/example_dags/example_branch_labels.py took 0.063 seconds
[2025-03-06T23:57:37.039+0100] {processor.py:186} INFO - Started process (PID=59406) to work on /home/erij/Erij_Mazouz_4DS8_churn_ml_project/venv/lib/python3.8/site-packages/airflow/example_dags/example_branch_labels.py
[2025-03-06T23:57:37.041+0100] {processor.py:914} INFO - Processing file /home/erij/Erij_Mazouz_4DS8_churn_ml_project/venv/lib/python3.8/site-packages/airflow/example_dags/example_branch_labels.py for tasks to queue
[2025-03-06T23:57:37.043+0100] {logging_mixin.py:190} INFO - [2025-03-06T23:57:37.043+0100] {dagbag.py:588} INFO - Filling up the DagBag from /home/erij/Erij_Mazouz_4DS8_churn_ml_project/venv/lib/python3.8/site-packages/airflow/example_dags/example_branch_labels.py
[2025-03-06T23:57:37.053+0100] {processor.py:925} INFO - DAG(s) 'example_branch_labels' retrieved from /home/erij/Erij_Mazouz_4DS8_churn_ml_project/venv/lib/python3.8/site-packages/airflow/example_dags/example_branch_labels.py
[2025-03-06T23:57:37.069+0100] {logging_mixin.py:190} INFO - [2025-03-06T23:57:37.068+0100] {dag.py:3239} INFO - Sync 1 DAGs
[2025-03-06T23:57:37.088+0100] {logging_mixin.py:190} INFO - [2025-03-06T23:57:37.087+0100] {dag.py:4180} INFO - Setting next_dagrun for example_branch_labels to 2025-03-05 00:00:00+00:00, run_after=2025-03-06 00:00:00+00:00
[2025-03-06T23:57:37.104+0100] {processor.py:208} INFO - Processing /home/erij/Erij_Mazouz_4DS8_churn_ml_project/venv/lib/python3.8/site-packages/airflow/example_dags/example_branch_labels.py took 0.071 seconds
[2025-03-06T23:58:32.063+0100] {processor.py:186} INFO - Started process (PID=59549) to work on /home/erij/Erij_Mazouz_4DS8_churn_ml_project/venv/lib/python3.8/site-packages/airflow/example_dags/example_branch_labels.py
[2025-03-06T23:58:32.065+0100] {processor.py:914} INFO - Processing file /home/erij/Erij_Mazouz_4DS8_churn_ml_project/venv/lib/python3.8/site-packages/airflow/example_dags/example_branch_labels.py for tasks to queue
[2025-03-06T23:58:32.067+0100] {logging_mixin.py:190} INFO - [2025-03-06T23:58:32.067+0100] {dagbag.py:588} INFO - Filling up the DagBag from /home/erij/Erij_Mazouz_4DS8_churn_ml_project/venv/lib/python3.8/site-packages/airflow/example_dags/example_branch_labels.py
[2025-03-06T23:58:32.077+0100] {processor.py:925} INFO - DAG(s) 'example_branch_labels' retrieved from /home/erij/Erij_Mazouz_4DS8_churn_ml_project/venv/lib/python3.8/site-packages/airflow/example_dags/example_branch_labels.py
[2025-03-06T23:58:32.090+0100] {logging_mixin.py:190} INFO - [2025-03-06T23:58:32.090+0100] {dag.py:3239} INFO - Sync 1 DAGs
[2025-03-06T23:58:32.106+0100] {logging_mixin.py:190} INFO - [2025-03-06T23:58:32.106+0100] {dag.py:4180} INFO - Setting next_dagrun for example_branch_labels to 2025-03-05 00:00:00+00:00, run_after=2025-03-06 00:00:00+00:00
[2025-03-06T23:58:32.123+0100] {processor.py:208} INFO - Processing /home/erij/Erij_Mazouz_4DS8_churn_ml_project/venv/lib/python3.8/site-packages/airflow/example_dags/example_branch_labels.py took 0.064 seconds
[2025-03-06T23:59:21.771+0100] {processor.py:186} INFO - Started process (PID=59692) to work on /home/erij/Erij_Mazouz_4DS8_churn_ml_project/venv/lib/python3.8/site-packages/airflow/example_dags/example_branch_labels.py
[2025-03-06T23:59:21.772+0100] {processor.py:914} INFO - Processing file /home/erij/Erij_Mazouz_4DS8_churn_ml_project/venv/lib/python3.8/site-packages/airflow/example_dags/example_branch_labels.py for tasks to queue
[2025-03-06T23:59:21.774+0100] {logging_mixin.py:190} INFO - [2025-03-06T23:59:21.774+0100] {dagbag.py:588} INFO - Filling up the DagBag from /home/erij/Erij_Mazouz_4DS8_churn_ml_project/venv/lib/python3.8/site-packages/airflow/example_dags/example_branch_labels.py
[2025-03-06T23:59:21.783+0100] {processor.py:925} INFO - DAG(s) 'example_branch_labels' retrieved from /home/erij/Erij_Mazouz_4DS8_churn_ml_project/venv/lib/python3.8/site-packages/airflow/example_dags/example_branch_labels.py
[2025-03-06T23:59:21.794+0100] {logging_mixin.py:190} INFO - [2025-03-06T23:59:21.794+0100] {dag.py:3239} INFO - Sync 1 DAGs
[2025-03-06T23:59:21.810+0100] {logging_mixin.py:190} INFO - [2025-03-06T23:59:21.809+0100] {dag.py:4180} INFO - Setting next_dagrun for example_branch_labels to 2025-03-05 00:00:00+00:00, run_after=2025-03-06 00:00:00+00:00
[2025-03-06T23:59:21.826+0100] {processor.py:208} INFO - Processing /home/erij/Erij_Mazouz_4DS8_churn_ml_project/venv/lib/python3.8/site-packages/airflow/example_dags/example_branch_labels.py took 0.060 seconds
[2025-03-07T00:00:14.398+0100] {processor.py:186} INFO - Started process (PID=59871) to work on /home/erij/Erij_Mazouz_4DS8_churn_ml_project/venv/lib/python3.8/site-packages/airflow/example_dags/example_branch_labels.py
[2025-03-07T00:00:14.399+0100] {processor.py:914} INFO - Processing file /home/erij/Erij_Mazouz_4DS8_churn_ml_project/venv/lib/python3.8/site-packages/airflow/example_dags/example_branch_labels.py for tasks to queue
[2025-03-07T00:00:14.402+0100] {logging_mixin.py:190} INFO - [2025-03-07T00:00:14.402+0100] {dagbag.py:588} INFO - Filling up the DagBag from /home/erij/Erij_Mazouz_4DS8_churn_ml_project/venv/lib/python3.8/site-packages/airflow/example_dags/example_branch_labels.py
[2025-03-07T00:00:14.414+0100] {processor.py:925} INFO - DAG(s) 'example_branch_labels' retrieved from /home/erij/Erij_Mazouz_4DS8_churn_ml_project/venv/lib/python3.8/site-packages/airflow/example_dags/example_branch_labels.py
[2025-03-07T00:00:14.429+0100] {logging_mixin.py:190} INFO - [2025-03-07T00:00:14.429+0100] {dag.py:3239} INFO - Sync 1 DAGs
[2025-03-07T00:00:14.449+0100] {logging_mixin.py:190} INFO - [2025-03-07T00:00:14.448+0100] {dag.py:4180} INFO - Setting next_dagrun for example_branch_labels to 2025-03-05 00:00:00+00:00, run_after=2025-03-06 00:00:00+00:00
[2025-03-07T00:00:14.465+0100] {processor.py:208} INFO - Processing /home/erij/Erij_Mazouz_4DS8_churn_ml_project/venv/lib/python3.8/site-packages/airflow/example_dags/example_branch_labels.py took 0.073 seconds
[2025-03-07T00:01:07.316+0100] {processor.py:186} INFO - Started process (PID=60051) to work on /home/erij/Erij_Mazouz_4DS8_churn_ml_project/venv/lib/python3.8/site-packages/airflow/example_dags/example_branch_labels.py
[2025-03-07T00:01:07.317+0100] {processor.py:914} INFO - Processing file /home/erij/Erij_Mazouz_4DS8_churn_ml_project/venv/lib/python3.8/site-packages/airflow/example_dags/example_branch_labels.py for tasks to queue
[2025-03-07T00:01:07.319+0100] {logging_mixin.py:190} INFO - [2025-03-07T00:01:07.319+0100] {dagbag.py:588} INFO - Filling up the DagBag from /home/erij/Erij_Mazouz_4DS8_churn_ml_project/venv/lib/python3.8/site-packages/airflow/example_dags/example_branch_labels.py
[2025-03-07T00:01:07.328+0100] {processor.py:925} INFO - DAG(s) 'example_branch_labels' retrieved from /home/erij/Erij_Mazouz_4DS8_churn_ml_project/venv/lib/python3.8/site-packages/airflow/example_dags/example_branch_labels.py
[2025-03-07T00:01:07.341+0100] {logging_mixin.py:190} INFO - [2025-03-07T00:01:07.341+0100] {dag.py:3239} INFO - Sync 1 DAGs
[2025-03-07T00:01:07.363+0100] {logging_mixin.py:190} INFO - [2025-03-07T00:01:07.363+0100] {dag.py:4180} INFO - Setting next_dagrun for example_branch_labels to 2025-03-05 00:00:00+00:00, run_after=2025-03-06 00:00:00+00:00
[2025-03-07T00:01:07.380+0100] {processor.py:208} INFO - Processing /home/erij/Erij_Mazouz_4DS8_churn_ml_project/venv/lib/python3.8/site-packages/airflow/example_dags/example_branch_labels.py took 0.069 seconds
[2025-03-07T00:02:02.336+0100] {processor.py:186} INFO - Started process (PID=60222) to work on /home/erij/Erij_Mazouz_4DS8_churn_ml_project/venv/lib/python3.8/site-packages/airflow/example_dags/example_branch_labels.py
[2025-03-07T00:02:02.337+0100] {processor.py:914} INFO - Processing file /home/erij/Erij_Mazouz_4DS8_churn_ml_project/venv/lib/python3.8/site-packages/airflow/example_dags/example_branch_labels.py for tasks to queue
[2025-03-07T00:02:02.339+0100] {logging_mixin.py:190} INFO - [2025-03-07T00:02:02.339+0100] {dagbag.py:588} INFO - Filling up the DagBag from /home/erij/Erij_Mazouz_4DS8_churn_ml_project/venv/lib/python3.8/site-packages/airflow/example_dags/example_branch_labels.py
[2025-03-07T00:02:02.351+0100] {processor.py:925} INFO - DAG(s) 'example_branch_labels' retrieved from /home/erij/Erij_Mazouz_4DS8_churn_ml_project/venv/lib/python3.8/site-packages/airflow/example_dags/example_branch_labels.py
[2025-03-07T00:02:02.369+0100] {logging_mixin.py:190} INFO - [2025-03-07T00:02:02.368+0100] {dag.py:3239} INFO - Sync 1 DAGs
[2025-03-07T00:02:02.394+0100] {logging_mixin.py:190} INFO - [2025-03-07T00:02:02.394+0100] {dag.py:4180} INFO - Setting next_dagrun for example_branch_labels to 2025-03-05 00:00:00+00:00, run_after=2025-03-06 00:00:00+00:00
[2025-03-07T00:02:02.413+0100] {processor.py:208} INFO - Processing /home/erij/Erij_Mazouz_4DS8_churn_ml_project/venv/lib/python3.8/site-packages/airflow/example_dags/example_branch_labels.py took 0.084 seconds
[2025-03-07T00:03:00.165+0100] {processor.py:186} INFO - Started process (PID=60438) to work on /home/erij/Erij_Mazouz_4DS8_churn_ml_project/venv/lib/python3.8/site-packages/airflow/example_dags/example_branch_labels.py
[2025-03-07T00:03:00.167+0100] {processor.py:914} INFO - Processing file /home/erij/Erij_Mazouz_4DS8_churn_ml_project/venv/lib/python3.8/site-packages/airflow/example_dags/example_branch_labels.py for tasks to queue
[2025-03-07T00:03:00.169+0100] {logging_mixin.py:190} INFO - [2025-03-07T00:03:00.169+0100] {dagbag.py:588} INFO - Filling up the DagBag from /home/erij/Erij_Mazouz_4DS8_churn_ml_project/venv/lib/python3.8/site-packages/airflow/example_dags/example_branch_labels.py
[2025-03-07T00:03:00.178+0100] {processor.py:925} INFO - DAG(s) 'example_branch_labels' retrieved from /home/erij/Erij_Mazouz_4DS8_churn_ml_project/venv/lib/python3.8/site-packages/airflow/example_dags/example_branch_labels.py
[2025-03-07T00:03:00.193+0100] {logging_mixin.py:190} INFO - [2025-03-07T00:03:00.193+0100] {dag.py:3239} INFO - Sync 1 DAGs
[2025-03-07T00:03:00.215+0100] {logging_mixin.py:190} INFO - [2025-03-07T00:03:00.215+0100] {dag.py:4180} INFO - Setting next_dagrun for example_branch_labels to 2025-03-05 00:00:00+00:00, run_after=2025-03-06 00:00:00+00:00
[2025-03-07T00:03:00.233+0100] {processor.py:208} INFO - Processing /home/erij/Erij_Mazouz_4DS8_churn_ml_project/venv/lib/python3.8/site-packages/airflow/example_dags/example_branch_labels.py took 0.073 seconds
