[2025-03-06T23:39:30.587+0100] {processor.py:186} INFO - Started process (PID=55948) to work on /home/erij/Erij_Mazouz_4DS8_churn_ml_project/venv/lib/python3.8/site-packages/airflow/example_dags/example_short_circuit_operator.py
[2025-03-06T23:39:30.587+0100] {processor.py:914} INFO - Processing file /home/erij/Erij_Mazouz_4DS8_churn_ml_project/venv/lib/python3.8/site-packages/airflow/example_dags/example_short_circuit_operator.py for tasks to queue
[2025-03-06T23:39:30.589+0100] {logging_mixin.py:190} INFO - [2025-03-06T23:39:30.589+0100] {dagbag.py:588} INFO - Filling up the DagBag from /home/erij/Erij_Mazouz_4DS8_churn_ml_project/venv/lib/python3.8/site-packages/airflow/example_dags/example_short_circuit_operator.py
[2025-03-06T23:39:30.596+0100] {processor.py:925} INFO - DAG(s) 'example_short_circuit_operator' retrieved from /home/erij/Erij_Mazouz_4DS8_churn_ml_project/venv/lib/python3.8/site-packages/airflow/example_dags/example_short_circuit_operator.py
[2025-03-06T23:39:30.610+0100] {logging_mixin.py:190} INFO - [2025-03-06T23:39:30.610+0100] {dag.py:3239} INFO - Sync 1 DAGs
[2025-03-06T23:39:30.621+0100] {logging_mixin.py:190} INFO - [2025-03-06T23:39:30.621+0100] {dag.py:4180} INFO - Setting next_dagrun for example_short_circuit_operator to None, run_after=None
[2025-03-06T23:39:30.640+0100] {processor.py:208} INFO - Processing /home/erij/Erij_Mazouz_4DS8_churn_ml_project/venv/lib/python3.8/site-packages/airflow/example_dags/example_short_circuit_operator.py took 0.058 seconds
[2025-03-06T23:40:57.815+0100] {processor.py:186} INFO - Started process (PID=56534) to work on /home/erij/Erij_Mazouz_4DS8_churn_ml_project/venv/lib/python3.8/site-packages/airflow/example_dags/example_short_circuit_operator.py
[2025-03-06T23:40:57.817+0100] {processor.py:914} INFO - Processing file /home/erij/Erij_Mazouz_4DS8_churn_ml_project/venv/lib/python3.8/site-packages/airflow/example_dags/example_short_circuit_operator.py for tasks to queue
[2025-03-06T23:40:57.819+0100] {logging_mixin.py:190} INFO - [2025-03-06T23:40:57.819+0100] {dagbag.py:588} INFO - Filling up the DagBag from /home/erij/Erij_Mazouz_4DS8_churn_ml_project/venv/lib/python3.8/site-packages/airflow/example_dags/example_short_circuit_operator.py
[2025-03-06T23:40:57.827+0100] {processor.py:925} INFO - DAG(s) 'example_short_circuit_operator' retrieved from /home/erij/Erij_Mazouz_4DS8_churn_ml_project/venv/lib/python3.8/site-packages/airflow/example_dags/example_short_circuit_operator.py
[2025-03-06T23:40:57.843+0100] {logging_mixin.py:190} INFO - [2025-03-06T23:40:57.842+0100] {dag.py:3239} INFO - Sync 1 DAGs
[2025-03-06T23:40:57.854+0100] {logging_mixin.py:190} INFO - [2025-03-06T23:40:57.854+0100] {dag.py:4180} INFO - Setting next_dagrun for example_short_circuit_operator to None, run_after=None
[2025-03-06T23:40:57.873+0100] {processor.py:208} INFO - Processing /home/erij/Erij_Mazouz_4DS8_churn_ml_project/venv/lib/python3.8/site-packages/airflow/example_dags/example_short_circuit_operator.py took 0.063 seconds
[2025-03-06T23:41:54.499+0100] {processor.py:186} INFO - Started process (PID=56677) to work on /home/erij/Erij_Mazouz_4DS8_churn_ml_project/venv/lib/python3.8/site-packages/airflow/example_dags/example_short_circuit_operator.py
[2025-03-06T23:41:54.501+0100] {processor.py:914} INFO - Processing file /home/erij/Erij_Mazouz_4DS8_churn_ml_project/venv/lib/python3.8/site-packages/airflow/example_dags/example_short_circuit_operator.py for tasks to queue
[2025-03-06T23:41:54.503+0100] {logging_mixin.py:190} INFO - [2025-03-06T23:41:54.503+0100] {dagbag.py:588} INFO - Filling up the DagBag from /home/erij/Erij_Mazouz_4DS8_churn_ml_project/venv/lib/python3.8/site-packages/airflow/example_dags/example_short_circuit_operator.py
[2025-03-06T23:41:54.510+0100] {processor.py:925} INFO - DAG(s) 'example_short_circuit_operator' retrieved from /home/erij/Erij_Mazouz_4DS8_churn_ml_project/venv/lib/python3.8/site-packages/airflow/example_dags/example_short_circuit_operator.py
[2025-03-06T23:41:54.524+0100] {logging_mixin.py:190} INFO - [2025-03-06T23:41:54.524+0100] {dag.py:3239} INFO - Sync 1 DAGs
[2025-03-06T23:41:54.534+0100] {logging_mixin.py:190} INFO - [2025-03-06T23:41:54.534+0100] {dag.py:4180} INFO - Setting next_dagrun for example_short_circuit_operator to None, run_after=None
[2025-03-06T23:41:54.551+0100] {processor.py:208} INFO - Processing /home/erij/Erij_Mazouz_4DS8_churn_ml_project/venv/lib/python3.8/site-packages/airflow/example_dags/example_short_circuit_operator.py took 0.056 seconds
[2025-03-06T23:42:49.387+0100] {processor.py:186} INFO - Started process (PID=56792) to work on /home/erij/Erij_Mazouz_4DS8_churn_ml_project/venv/lib/python3.8/site-packages/airflow/example_dags/example_short_circuit_operator.py
[2025-03-06T23:42:49.389+0100] {processor.py:914} INFO - Processing file /home/erij/Erij_Mazouz_4DS8_churn_ml_project/venv/lib/python3.8/site-packages/airflow/example_dags/example_short_circuit_operator.py for tasks to queue
[2025-03-06T23:42:49.391+0100] {logging_mixin.py:190} INFO - [2025-03-06T23:42:49.391+0100] {dagbag.py:588} INFO - Filling up the DagBag from /home/erij/Erij_Mazouz_4DS8_churn_ml_project/venv/lib/python3.8/site-packages/airflow/example_dags/example_short_circuit_operator.py
[2025-03-06T23:42:49.400+0100] {processor.py:925} INFO - DAG(s) 'example_short_circuit_operator' retrieved from /home/erij/Erij_Mazouz_4DS8_churn_ml_project/venv/lib/python3.8/site-packages/airflow/example_dags/example_short_circuit_operator.py
[2025-03-06T23:42:49.415+0100] {logging_mixin.py:190} INFO - [2025-03-06T23:42:49.414+0100] {dag.py:3239} INFO - Sync 1 DAGs
[2025-03-06T23:42:49.426+0100] {logging_mixin.py:190} INFO - [2025-03-06T23:42:49.425+0100] {dag.py:4180} INFO - Setting next_dagrun for example_short_circuit_operator to None, run_after=None
[2025-03-06T23:42:49.444+0100] {processor.py:208} INFO - Processing /home/erij/Erij_Mazouz_4DS8_churn_ml_project/venv/lib/python3.8/site-packages/airflow/example_dags/example_short_circuit_operator.py took 0.062 seconds
[2025-03-06T23:43:41.273+0100] {processor.py:186} INFO - Started process (PID=56909) to work on /home/erij/Erij_Mazouz_4DS8_churn_ml_project/venv/lib/python3.8/site-packages/airflow/example_dags/example_short_circuit_operator.py
[2025-03-06T23:43:41.275+0100] {processor.py:914} INFO - Processing file /home/erij/Erij_Mazouz_4DS8_churn_ml_project/venv/lib/python3.8/site-packages/airflow/example_dags/example_short_circuit_operator.py for tasks to queue
[2025-03-06T23:43:41.277+0100] {logging_mixin.py:190} INFO - [2025-03-06T23:43:41.277+0100] {dagbag.py:588} INFO - Filling up the DagBag from /home/erij/Erij_Mazouz_4DS8_churn_ml_project/venv/lib/python3.8/site-packages/airflow/example_dags/example_short_circuit_operator.py
[2025-03-06T23:43:41.284+0100] {processor.py:925} INFO - DAG(s) 'example_short_circuit_operator' retrieved from /home/erij/Erij_Mazouz_4DS8_churn_ml_project/venv/lib/python3.8/site-packages/airflow/example_dags/example_short_circuit_operator.py
[2025-03-06T23:43:41.298+0100] {logging_mixin.py:190} INFO - [2025-03-06T23:43:41.298+0100] {dag.py:3239} INFO - Sync 1 DAGs
[2025-03-06T23:43:41.309+0100] {logging_mixin.py:190} INFO - [2025-03-06T23:43:41.309+0100] {dag.py:4180} INFO - Setting next_dagrun for example_short_circuit_operator to None, run_after=None
[2025-03-06T23:43:41.327+0100] {processor.py:208} INFO - Processing /home/erij/Erij_Mazouz_4DS8_churn_ml_project/venv/lib/python3.8/site-packages/airflow/example_dags/example_short_circuit_operator.py took 0.059 seconds
[2025-03-06T23:44:33.954+0100] {processor.py:186} INFO - Started process (PID=57064) to work on /home/erij/Erij_Mazouz_4DS8_churn_ml_project/venv/lib/python3.8/site-packages/airflow/example_dags/example_short_circuit_operator.py
[2025-03-06T23:44:33.957+0100] {processor.py:914} INFO - Processing file /home/erij/Erij_Mazouz_4DS8_churn_ml_project/venv/lib/python3.8/site-packages/airflow/example_dags/example_short_circuit_operator.py for tasks to queue
[2025-03-06T23:44:33.958+0100] {logging_mixin.py:190} INFO - [2025-03-06T23:44:33.958+0100] {dagbag.py:588} INFO - Filling up the DagBag from /home/erij/Erij_Mazouz_4DS8_churn_ml_project/venv/lib/python3.8/site-packages/airflow/example_dags/example_short_circuit_operator.py
[2025-03-06T23:44:33.965+0100] {processor.py:925} INFO - DAG(s) 'example_short_circuit_operator' retrieved from /home/erij/Erij_Mazouz_4DS8_churn_ml_project/venv/lib/python3.8/site-packages/airflow/example_dags/example_short_circuit_operator.py
[2025-03-06T23:44:33.979+0100] {logging_mixin.py:190} INFO - [2025-03-06T23:44:33.979+0100] {dag.py:3239} INFO - Sync 1 DAGs
[2025-03-06T23:44:33.988+0100] {logging_mixin.py:190} INFO - [2025-03-06T23:44:33.988+0100] {dag.py:4180} INFO - Setting next_dagrun for example_short_circuit_operator to None, run_after=None
[2025-03-06T23:44:34.013+0100] {processor.py:208} INFO - Processing /home/erij/Erij_Mazouz_4DS8_churn_ml_project/venv/lib/python3.8/site-packages/airflow/example_dags/example_short_circuit_operator.py took 0.063 seconds
[2025-03-06T23:45:30.056+0100] {processor.py:186} INFO - Started process (PID=57185) to work on /home/erij/Erij_Mazouz_4DS8_churn_ml_project/venv/lib/python3.8/site-packages/airflow/example_dags/example_short_circuit_operator.py
[2025-03-06T23:45:30.062+0100] {processor.py:914} INFO - Processing file /home/erij/Erij_Mazouz_4DS8_churn_ml_project/venv/lib/python3.8/site-packages/airflow/example_dags/example_short_circuit_operator.py for tasks to queue
[2025-03-06T23:45:30.063+0100] {logging_mixin.py:190} INFO - [2025-03-06T23:45:30.063+0100] {dagbag.py:588} INFO - Filling up the DagBag from /home/erij/Erij_Mazouz_4DS8_churn_ml_project/venv/lib/python3.8/site-packages/airflow/example_dags/example_short_circuit_operator.py
[2025-03-06T23:45:30.070+0100] {processor.py:925} INFO - DAG(s) 'example_short_circuit_operator' retrieved from /home/erij/Erij_Mazouz_4DS8_churn_ml_project/venv/lib/python3.8/site-packages/airflow/example_dags/example_short_circuit_operator.py
[2025-03-06T23:45:30.084+0100] {logging_mixin.py:190} INFO - [2025-03-06T23:45:30.084+0100] {dag.py:3239} INFO - Sync 1 DAGs
[2025-03-06T23:45:30.094+0100] {logging_mixin.py:190} INFO - [2025-03-06T23:45:30.094+0100] {dag.py:4180} INFO - Setting next_dagrun for example_short_circuit_operator to None, run_after=None
[2025-03-06T23:45:30.120+0100] {processor.py:208} INFO - Processing /home/erij/Erij_Mazouz_4DS8_churn_ml_project/venv/lib/python3.8/site-packages/airflow/example_dags/example_short_circuit_operator.py took 0.069 seconds
[2025-03-06T23:46:28.462+0100] {processor.py:186} INFO - Started process (PID=57303) to work on /home/erij/Erij_Mazouz_4DS8_churn_ml_project/venv/lib/python3.8/site-packages/airflow/example_dags/example_short_circuit_operator.py
[2025-03-06T23:46:28.465+0100] {processor.py:914} INFO - Processing file /home/erij/Erij_Mazouz_4DS8_churn_ml_project/venv/lib/python3.8/site-packages/airflow/example_dags/example_short_circuit_operator.py for tasks to queue
[2025-03-06T23:46:28.466+0100] {logging_mixin.py:190} INFO - [2025-03-06T23:46:28.466+0100] {dagbag.py:588} INFO - Filling up the DagBag from /home/erij/Erij_Mazouz_4DS8_churn_ml_project/venv/lib/python3.8/site-packages/airflow/example_dags/example_short_circuit_operator.py
[2025-03-06T23:46:28.474+0100] {processor.py:925} INFO - DAG(s) 'example_short_circuit_operator' retrieved from /home/erij/Erij_Mazouz_4DS8_churn_ml_project/venv/lib/python3.8/site-packages/airflow/example_dags/example_short_circuit_operator.py
[2025-03-06T23:46:28.489+0100] {logging_mixin.py:190} INFO - [2025-03-06T23:46:28.488+0100] {dag.py:3239} INFO - Sync 1 DAGs
[2025-03-06T23:46:28.499+0100] {logging_mixin.py:190} INFO - [2025-03-06T23:46:28.499+0100] {dag.py:4180} INFO - Setting next_dagrun for example_short_circuit_operator to None, run_after=None
[2025-03-06T23:46:28.517+0100] {processor.py:208} INFO - Processing /home/erij/Erij_Mazouz_4DS8_churn_ml_project/venv/lib/python3.8/site-packages/airflow/example_dags/example_short_circuit_operator.py took 0.060 seconds
[2025-03-06T23:47:23.959+0100] {processor.py:186} INFO - Started process (PID=57412) to work on /home/erij/Erij_Mazouz_4DS8_churn_ml_project/venv/lib/python3.8/site-packages/airflow/example_dags/example_short_circuit_operator.py
[2025-03-06T23:47:23.960+0100] {processor.py:914} INFO - Processing file /home/erij/Erij_Mazouz_4DS8_churn_ml_project/venv/lib/python3.8/site-packages/airflow/example_dags/example_short_circuit_operator.py for tasks to queue
[2025-03-06T23:47:23.962+0100] {logging_mixin.py:190} INFO - [2025-03-06T23:47:23.962+0100] {dagbag.py:588} INFO - Filling up the DagBag from /home/erij/Erij_Mazouz_4DS8_churn_ml_project/venv/lib/python3.8/site-packages/airflow/example_dags/example_short_circuit_operator.py
[2025-03-06T23:47:23.969+0100] {processor.py:925} INFO - DAG(s) 'example_short_circuit_operator' retrieved from /home/erij/Erij_Mazouz_4DS8_churn_ml_project/venv/lib/python3.8/site-packages/airflow/example_dags/example_short_circuit_operator.py
[2025-03-06T23:47:23.983+0100] {logging_mixin.py:190} INFO - [2025-03-06T23:47:23.983+0100] {dag.py:3239} INFO - Sync 1 DAGs
[2025-03-06T23:47:23.995+0100] {logging_mixin.py:190} INFO - [2025-03-06T23:47:23.995+0100] {dag.py:4180} INFO - Setting next_dagrun for example_short_circuit_operator to None, run_after=None
[2025-03-06T23:47:24.012+0100] {processor.py:208} INFO - Processing /home/erij/Erij_Mazouz_4DS8_churn_ml_project/venv/lib/python3.8/site-packages/airflow/example_dags/example_short_circuit_operator.py took 0.059 seconds
[2025-03-06T23:48:22.159+0100] {processor.py:186} INFO - Started process (PID=57532) to work on /home/erij/Erij_Mazouz_4DS8_churn_ml_project/venv/lib/python3.8/site-packages/airflow/example_dags/example_short_circuit_operator.py
[2025-03-06T23:48:22.162+0100] {processor.py:914} INFO - Processing file /home/erij/Erij_Mazouz_4DS8_churn_ml_project/venv/lib/python3.8/site-packages/airflow/example_dags/example_short_circuit_operator.py for tasks to queue
[2025-03-06T23:48:22.164+0100] {logging_mixin.py:190} INFO - [2025-03-06T23:48:22.163+0100] {dagbag.py:588} INFO - Filling up the DagBag from /home/erij/Erij_Mazouz_4DS8_churn_ml_project/venv/lib/python3.8/site-packages/airflow/example_dags/example_short_circuit_operator.py
[2025-03-06T23:48:22.170+0100] {processor.py:925} INFO - DAG(s) 'example_short_circuit_operator' retrieved from /home/erij/Erij_Mazouz_4DS8_churn_ml_project/venv/lib/python3.8/site-packages/airflow/example_dags/example_short_circuit_operator.py
[2025-03-06T23:48:22.183+0100] {logging_mixin.py:190} INFO - [2025-03-06T23:48:22.183+0100] {dag.py:3239} INFO - Sync 1 DAGs
[2025-03-06T23:48:22.193+0100] {logging_mixin.py:190} INFO - [2025-03-06T23:48:22.193+0100] {dag.py:4180} INFO - Setting next_dagrun for example_short_circuit_operator to None, run_after=None
[2025-03-06T23:48:22.209+0100] {processor.py:208} INFO - Processing /home/erij/Erij_Mazouz_4DS8_churn_ml_project/venv/lib/python3.8/site-packages/airflow/example_dags/example_short_circuit_operator.py took 0.054 seconds
[2025-03-06T23:49:18.380+0100] {processor.py:186} INFO - Started process (PID=57649) to work on /home/erij/Erij_Mazouz_4DS8_churn_ml_project/venv/lib/python3.8/site-packages/airflow/example_dags/example_short_circuit_operator.py
[2025-03-06T23:49:18.381+0100] {processor.py:914} INFO - Processing file /home/erij/Erij_Mazouz_4DS8_churn_ml_project/venv/lib/python3.8/site-packages/airflow/example_dags/example_short_circuit_operator.py for tasks to queue
[2025-03-06T23:49:18.383+0100] {logging_mixin.py:190} INFO - [2025-03-06T23:49:18.383+0100] {dagbag.py:588} INFO - Filling up the DagBag from /home/erij/Erij_Mazouz_4DS8_churn_ml_project/venv/lib/python3.8/site-packages/airflow/example_dags/example_short_circuit_operator.py
[2025-03-06T23:49:18.391+0100] {processor.py:925} INFO - DAG(s) 'example_short_circuit_operator' retrieved from /home/erij/Erij_Mazouz_4DS8_churn_ml_project/venv/lib/python3.8/site-packages/airflow/example_dags/example_short_circuit_operator.py
[2025-03-06T23:49:18.405+0100] {logging_mixin.py:190} INFO - [2025-03-06T23:49:18.405+0100] {dag.py:3239} INFO - Sync 1 DAGs
[2025-03-06T23:49:18.415+0100] {logging_mixin.py:190} INFO - [2025-03-06T23:49:18.415+0100] {dag.py:4180} INFO - Setting next_dagrun for example_short_circuit_operator to None, run_after=None
[2025-03-06T23:49:18.433+0100] {processor.py:208} INFO - Processing /home/erij/Erij_Mazouz_4DS8_churn_ml_project/venv/lib/python3.8/site-packages/airflow/example_dags/example_short_circuit_operator.py took 0.060 seconds
[2025-03-06T23:50:12.992+0100] {processor.py:186} INFO - Started process (PID=57756) to work on /home/erij/Erij_Mazouz_4DS8_churn_ml_project/venv/lib/python3.8/site-packages/airflow/example_dags/example_short_circuit_operator.py
[2025-03-06T23:50:12.993+0100] {processor.py:914} INFO - Processing file /home/erij/Erij_Mazouz_4DS8_churn_ml_project/venv/lib/python3.8/site-packages/airflow/example_dags/example_short_circuit_operator.py for tasks to queue
[2025-03-06T23:50:12.995+0100] {logging_mixin.py:190} INFO - [2025-03-06T23:50:12.994+0100] {dagbag.py:588} INFO - Filling up the DagBag from /home/erij/Erij_Mazouz_4DS8_churn_ml_project/venv/lib/python3.8/site-packages/airflow/example_dags/example_short_circuit_operator.py
[2025-03-06T23:50:13.002+0100] {processor.py:925} INFO - DAG(s) 'example_short_circuit_operator' retrieved from /home/erij/Erij_Mazouz_4DS8_churn_ml_project/venv/lib/python3.8/site-packages/airflow/example_dags/example_short_circuit_operator.py
[2025-03-06T23:50:13.015+0100] {logging_mixin.py:190} INFO - [2025-03-06T23:50:13.015+0100] {dag.py:3239} INFO - Sync 1 DAGs
[2025-03-06T23:50:13.026+0100] {logging_mixin.py:190} INFO - [2025-03-06T23:50:13.025+0100] {dag.py:4180} INFO - Setting next_dagrun for example_short_circuit_operator to None, run_after=None
[2025-03-06T23:50:13.042+0100] {processor.py:208} INFO - Processing /home/erij/Erij_Mazouz_4DS8_churn_ml_project/venv/lib/python3.8/site-packages/airflow/example_dags/example_short_circuit_operator.py took 0.054 seconds
[2025-03-06T23:51:08.667+0100] {processor.py:186} INFO - Started process (PID=57870) to work on /home/erij/Erij_Mazouz_4DS8_churn_ml_project/venv/lib/python3.8/site-packages/airflow/example_dags/example_short_circuit_operator.py
[2025-03-06T23:51:08.669+0100] {processor.py:914} INFO - Processing file /home/erij/Erij_Mazouz_4DS8_churn_ml_project/venv/lib/python3.8/site-packages/airflow/example_dags/example_short_circuit_operator.py for tasks to queue
[2025-03-06T23:51:08.671+0100] {logging_mixin.py:190} INFO - [2025-03-06T23:51:08.671+0100] {dagbag.py:588} INFO - Filling up the DagBag from /home/erij/Erij_Mazouz_4DS8_churn_ml_project/venv/lib/python3.8/site-packages/airflow/example_dags/example_short_circuit_operator.py
[2025-03-06T23:51:08.679+0100] {processor.py:925} INFO - DAG(s) 'example_short_circuit_operator' retrieved from /home/erij/Erij_Mazouz_4DS8_churn_ml_project/venv/lib/python3.8/site-packages/airflow/example_dags/example_short_circuit_operator.py
[2025-03-06T23:51:08.694+0100] {logging_mixin.py:190} INFO - [2025-03-06T23:51:08.693+0100] {dag.py:3239} INFO - Sync 1 DAGs
[2025-03-06T23:51:08.704+0100] {logging_mixin.py:190} INFO - [2025-03-06T23:51:08.704+0100] {dag.py:4180} INFO - Setting next_dagrun for example_short_circuit_operator to None, run_after=None
[2025-03-06T23:51:08.723+0100] {processor.py:208} INFO - Processing /home/erij/Erij_Mazouz_4DS8_churn_ml_project/venv/lib/python3.8/site-packages/airflow/example_dags/example_short_circuit_operator.py took 0.061 seconds
[2025-03-06T23:52:03.609+0100] {processor.py:186} INFO - Started process (PID=57980) to work on /home/erij/Erij_Mazouz_4DS8_churn_ml_project/venv/lib/python3.8/site-packages/airflow/example_dags/example_short_circuit_operator.py
[2025-03-06T23:52:03.612+0100] {processor.py:914} INFO - Processing file /home/erij/Erij_Mazouz_4DS8_churn_ml_project/venv/lib/python3.8/site-packages/airflow/example_dags/example_short_circuit_operator.py for tasks to queue
[2025-03-06T23:52:03.613+0100] {logging_mixin.py:190} INFO - [2025-03-06T23:52:03.613+0100] {dagbag.py:588} INFO - Filling up the DagBag from /home/erij/Erij_Mazouz_4DS8_churn_ml_project/venv/lib/python3.8/site-packages/airflow/example_dags/example_short_circuit_operator.py
[2025-03-06T23:52:03.620+0100] {processor.py:925} INFO - DAG(s) 'example_short_circuit_operator' retrieved from /home/erij/Erij_Mazouz_4DS8_churn_ml_project/venv/lib/python3.8/site-packages/airflow/example_dags/example_short_circuit_operator.py
[2025-03-06T23:52:03.633+0100] {logging_mixin.py:190} INFO - [2025-03-06T23:52:03.633+0100] {dag.py:3239} INFO - Sync 1 DAGs
[2025-03-06T23:52:03.643+0100] {logging_mixin.py:190} INFO - [2025-03-06T23:52:03.643+0100] {dag.py:4180} INFO - Setting next_dagrun for example_short_circuit_operator to None, run_after=None
[2025-03-06T23:52:03.661+0100] {processor.py:208} INFO - Processing /home/erij/Erij_Mazouz_4DS8_churn_ml_project/venv/lib/python3.8/site-packages/airflow/example_dags/example_short_circuit_operator.py took 0.056 seconds
[2025-03-06T23:52:59.979+0100] {processor.py:186} INFO - Started process (PID=58099) to work on /home/erij/Erij_Mazouz_4DS8_churn_ml_project/venv/lib/python3.8/site-packages/airflow/example_dags/example_short_circuit_operator.py
[2025-03-06T23:52:59.981+0100] {processor.py:914} INFO - Processing file /home/erij/Erij_Mazouz_4DS8_churn_ml_project/venv/lib/python3.8/site-packages/airflow/example_dags/example_short_circuit_operator.py for tasks to queue
[2025-03-06T23:52:59.983+0100] {logging_mixin.py:190} INFO - [2025-03-06T23:52:59.982+0100] {dagbag.py:588} INFO - Filling up the DagBag from /home/erij/Erij_Mazouz_4DS8_churn_ml_project/venv/lib/python3.8/site-packages/airflow/example_dags/example_short_circuit_operator.py
[2025-03-06T23:52:59.990+0100] {processor.py:925} INFO - DAG(s) 'example_short_circuit_operator' retrieved from /home/erij/Erij_Mazouz_4DS8_churn_ml_project/venv/lib/python3.8/site-packages/airflow/example_dags/example_short_circuit_operator.py
[2025-03-06T23:53:00.006+0100] {logging_mixin.py:190} INFO - [2025-03-06T23:53:00.006+0100] {dag.py:3239} INFO - Sync 1 DAGs
[2025-03-06T23:53:00.018+0100] {logging_mixin.py:190} INFO - [2025-03-06T23:53:00.018+0100] {dag.py:4180} INFO - Setting next_dagrun for example_short_circuit_operator to None, run_after=None
[2025-03-06T23:53:00.037+0100] {processor.py:208} INFO - Processing /home/erij/Erij_Mazouz_4DS8_churn_ml_project/venv/lib/python3.8/site-packages/airflow/example_dags/example_short_circuit_operator.py took 0.063 seconds
[2025-03-06T23:53:57.402+0100] {processor.py:186} INFO - Started process (PID=58233) to work on /home/erij/Erij_Mazouz_4DS8_churn_ml_project/venv/lib/python3.8/site-packages/airflow/example_dags/example_short_circuit_operator.py
[2025-03-06T23:53:57.405+0100] {processor.py:914} INFO - Processing file /home/erij/Erij_Mazouz_4DS8_churn_ml_project/venv/lib/python3.8/site-packages/airflow/example_dags/example_short_circuit_operator.py for tasks to queue
[2025-03-06T23:53:57.407+0100] {logging_mixin.py:190} INFO - [2025-03-06T23:53:57.406+0100] {dagbag.py:588} INFO - Filling up the DagBag from /home/erij/Erij_Mazouz_4DS8_churn_ml_project/venv/lib/python3.8/site-packages/airflow/example_dags/example_short_circuit_operator.py
[2025-03-06T23:53:57.415+0100] {processor.py:925} INFO - DAG(s) 'example_short_circuit_operator' retrieved from /home/erij/Erij_Mazouz_4DS8_churn_ml_project/venv/lib/python3.8/site-packages/airflow/example_dags/example_short_circuit_operator.py
[2025-03-06T23:53:57.428+0100] {logging_mixin.py:190} INFO - [2025-03-06T23:53:57.428+0100] {dag.py:3239} INFO - Sync 1 DAGs
[2025-03-06T23:53:57.438+0100] {logging_mixin.py:190} INFO - [2025-03-06T23:53:57.438+0100] {dag.py:4180} INFO - Setting next_dagrun for example_short_circuit_operator to None, run_after=None
[2025-03-06T23:53:57.455+0100] {processor.py:208} INFO - Processing /home/erij/Erij_Mazouz_4DS8_churn_ml_project/venv/lib/python3.8/site-packages/airflow/example_dags/example_short_circuit_operator.py took 0.058 seconds
[2025-03-06T23:54:54.843+0100] {processor.py:186} INFO - Started process (PID=58604) to work on /home/erij/Erij_Mazouz_4DS8_churn_ml_project/venv/lib/python3.8/site-packages/airflow/example_dags/example_short_circuit_operator.py
[2025-03-06T23:54:54.846+0100] {processor.py:914} INFO - Processing file /home/erij/Erij_Mazouz_4DS8_churn_ml_project/venv/lib/python3.8/site-packages/airflow/example_dags/example_short_circuit_operator.py for tasks to queue
[2025-03-06T23:54:54.847+0100] {logging_mixin.py:190} INFO - [2025-03-06T23:54:54.847+0100] {dagbag.py:588} INFO - Filling up the DagBag from /home/erij/Erij_Mazouz_4DS8_churn_ml_project/venv/lib/python3.8/site-packages/airflow/example_dags/example_short_circuit_operator.py
[2025-03-06T23:54:54.855+0100] {processor.py:925} INFO - DAG(s) 'example_short_circuit_operator' retrieved from /home/erij/Erij_Mazouz_4DS8_churn_ml_project/venv/lib/python3.8/site-packages/airflow/example_dags/example_short_circuit_operator.py
[2025-03-06T23:54:54.868+0100] {logging_mixin.py:190} INFO - [2025-03-06T23:54:54.868+0100] {dag.py:3239} INFO - Sync 1 DAGs
[2025-03-06T23:54:54.878+0100] {logging_mixin.py:190} INFO - [2025-03-06T23:54:54.877+0100] {dag.py:4180} INFO - Setting next_dagrun for example_short_circuit_operator to None, run_after=None
[2025-03-06T23:54:54.895+0100] {processor.py:208} INFO - Processing /home/erij/Erij_Mazouz_4DS8_churn_ml_project/venv/lib/python3.8/site-packages/airflow/example_dags/example_short_circuit_operator.py took 0.057 seconds
[2025-03-06T23:55:53.051+0100] {processor.py:186} INFO - Started process (PID=59160) to work on /home/erij/Erij_Mazouz_4DS8_churn_ml_project/venv/lib/python3.8/site-packages/airflow/example_dags/example_short_circuit_operator.py
[2025-03-06T23:55:53.053+0100] {processor.py:914} INFO - Processing file /home/erij/Erij_Mazouz_4DS8_churn_ml_project/venv/lib/python3.8/site-packages/airflow/example_dags/example_short_circuit_operator.py for tasks to queue
[2025-03-06T23:55:53.055+0100] {logging_mixin.py:190} INFO - [2025-03-06T23:55:53.055+0100] {dagbag.py:588} INFO - Filling up the DagBag from /home/erij/Erij_Mazouz_4DS8_churn_ml_project/venv/lib/python3.8/site-packages/airflow/example_dags/example_short_circuit_operator.py
[2025-03-06T23:55:53.063+0100] {processor.py:925} INFO - DAG(s) 'example_short_circuit_operator' retrieved from /home/erij/Erij_Mazouz_4DS8_churn_ml_project/venv/lib/python3.8/site-packages/airflow/example_dags/example_short_circuit_operator.py
[2025-03-06T23:55:53.079+0100] {logging_mixin.py:190} INFO - [2025-03-06T23:55:53.079+0100] {dag.py:3239} INFO - Sync 1 DAGs
[2025-03-06T23:55:53.092+0100] {logging_mixin.py:190} INFO - [2025-03-06T23:55:53.092+0100] {dag.py:4180} INFO - Setting next_dagrun for example_short_circuit_operator to None, run_after=None
[2025-03-06T23:55:53.110+0100] {processor.py:208} INFO - Processing /home/erij/Erij_Mazouz_4DS8_churn_ml_project/venv/lib/python3.8/site-packages/airflow/example_dags/example_short_circuit_operator.py took 0.066 seconds
[2025-03-06T23:56:48.348+0100] {processor.py:186} INFO - Started process (PID=59288) to work on /home/erij/Erij_Mazouz_4DS8_churn_ml_project/venv/lib/python3.8/site-packages/airflow/example_dags/example_short_circuit_operator.py
[2025-03-06T23:56:48.350+0100] {processor.py:914} INFO - Processing file /home/erij/Erij_Mazouz_4DS8_churn_ml_project/venv/lib/python3.8/site-packages/airflow/example_dags/example_short_circuit_operator.py for tasks to queue
[2025-03-06T23:56:48.352+0100] {logging_mixin.py:190} INFO - [2025-03-06T23:56:48.352+0100] {dagbag.py:588} INFO - Filling up the DagBag from /home/erij/Erij_Mazouz_4DS8_churn_ml_project/venv/lib/python3.8/site-packages/airflow/example_dags/example_short_circuit_operator.py
[2025-03-06T23:56:48.361+0100] {processor.py:925} INFO - DAG(s) 'example_short_circuit_operator' retrieved from /home/erij/Erij_Mazouz_4DS8_churn_ml_project/venv/lib/python3.8/site-packages/airflow/example_dags/example_short_circuit_operator.py
[2025-03-06T23:56:48.377+0100] {logging_mixin.py:190} INFO - [2025-03-06T23:56:48.377+0100] {dag.py:3239} INFO - Sync 1 DAGs
[2025-03-06T23:56:48.389+0100] {logging_mixin.py:190} INFO - [2025-03-06T23:56:48.389+0100] {dag.py:4180} INFO - Setting next_dagrun for example_short_circuit_operator to None, run_after=None
[2025-03-06T23:56:48.406+0100] {processor.py:208} INFO - Processing /home/erij/Erij_Mazouz_4DS8_churn_ml_project/venv/lib/python3.8/site-packages/airflow/example_dags/example_short_circuit_operator.py took 0.064 seconds
[2025-03-06T23:57:43.213+0100] {processor.py:186} INFO - Started process (PID=59414) to work on /home/erij/Erij_Mazouz_4DS8_churn_ml_project/venv/lib/python3.8/site-packages/airflow/example_dags/example_short_circuit_operator.py
[2025-03-06T23:57:43.215+0100] {processor.py:914} INFO - Processing file /home/erij/Erij_Mazouz_4DS8_churn_ml_project/venv/lib/python3.8/site-packages/airflow/example_dags/example_short_circuit_operator.py for tasks to queue
[2025-03-06T23:57:43.217+0100] {logging_mixin.py:190} INFO - [2025-03-06T23:57:43.217+0100] {dagbag.py:588} INFO - Filling up the DagBag from /home/erij/Erij_Mazouz_4DS8_churn_ml_project/venv/lib/python3.8/site-packages/airflow/example_dags/example_short_circuit_operator.py
[2025-03-06T23:57:43.226+0100] {processor.py:925} INFO - DAG(s) 'example_short_circuit_operator' retrieved from /home/erij/Erij_Mazouz_4DS8_churn_ml_project/venv/lib/python3.8/site-packages/airflow/example_dags/example_short_circuit_operator.py
[2025-03-06T23:57:43.243+0100] {logging_mixin.py:190} INFO - [2025-03-06T23:57:43.243+0100] {dag.py:3239} INFO - Sync 1 DAGs
[2025-03-06T23:57:43.256+0100] {logging_mixin.py:190} INFO - [2025-03-06T23:57:43.256+0100] {dag.py:4180} INFO - Setting next_dagrun for example_short_circuit_operator to None, run_after=None
[2025-03-06T23:57:43.275+0100] {processor.py:208} INFO - Processing /home/erij/Erij_Mazouz_4DS8_churn_ml_project/venv/lib/python3.8/site-packages/airflow/example_dags/example_short_circuit_operator.py took 0.067 seconds
[2025-03-06T23:58:37.116+0100] {processor.py:186} INFO - Started process (PID=59567) to work on /home/erij/Erij_Mazouz_4DS8_churn_ml_project/venv/lib/python3.8/site-packages/airflow/example_dags/example_short_circuit_operator.py
[2025-03-06T23:58:37.118+0100] {processor.py:914} INFO - Processing file /home/erij/Erij_Mazouz_4DS8_churn_ml_project/venv/lib/python3.8/site-packages/airflow/example_dags/example_short_circuit_operator.py for tasks to queue
[2025-03-06T23:58:37.120+0100] {logging_mixin.py:190} INFO - [2025-03-06T23:58:37.119+0100] {dagbag.py:588} INFO - Filling up the DagBag from /home/erij/Erij_Mazouz_4DS8_churn_ml_project/venv/lib/python3.8/site-packages/airflow/example_dags/example_short_circuit_operator.py
[2025-03-06T23:58:37.128+0100] {processor.py:925} INFO - DAG(s) 'example_short_circuit_operator' retrieved from /home/erij/Erij_Mazouz_4DS8_churn_ml_project/venv/lib/python3.8/site-packages/airflow/example_dags/example_short_circuit_operator.py
[2025-03-06T23:58:37.145+0100] {logging_mixin.py:190} INFO - [2025-03-06T23:58:37.145+0100] {dag.py:3239} INFO - Sync 1 DAGs
[2025-03-06T23:58:37.158+0100] {logging_mixin.py:190} INFO - [2025-03-06T23:58:37.158+0100] {dag.py:4180} INFO - Setting next_dagrun for example_short_circuit_operator to None, run_after=None
[2025-03-06T23:58:37.176+0100] {processor.py:208} INFO - Processing /home/erij/Erij_Mazouz_4DS8_churn_ml_project/venv/lib/python3.8/site-packages/airflow/example_dags/example_short_circuit_operator.py took 0.066 seconds
[2025-03-06T23:59:27.942+0100] {processor.py:186} INFO - Started process (PID=59708) to work on /home/erij/Erij_Mazouz_4DS8_churn_ml_project/venv/lib/python3.8/site-packages/airflow/example_dags/example_short_circuit_operator.py
[2025-03-06T23:59:27.944+0100] {processor.py:914} INFO - Processing file /home/erij/Erij_Mazouz_4DS8_churn_ml_project/venv/lib/python3.8/site-packages/airflow/example_dags/example_short_circuit_operator.py for tasks to queue
[2025-03-06T23:59:27.946+0100] {logging_mixin.py:190} INFO - [2025-03-06T23:59:27.946+0100] {dagbag.py:588} INFO - Filling up the DagBag from /home/erij/Erij_Mazouz_4DS8_churn_ml_project/venv/lib/python3.8/site-packages/airflow/example_dags/example_short_circuit_operator.py
[2025-03-06T23:59:27.953+0100] {processor.py:925} INFO - DAG(s) 'example_short_circuit_operator' retrieved from /home/erij/Erij_Mazouz_4DS8_churn_ml_project/venv/lib/python3.8/site-packages/airflow/example_dags/example_short_circuit_operator.py
[2025-03-06T23:59:27.967+0100] {logging_mixin.py:190} INFO - [2025-03-06T23:59:27.967+0100] {dag.py:3239} INFO - Sync 1 DAGs
[2025-03-06T23:59:27.978+0100] {logging_mixin.py:190} INFO - [2025-03-06T23:59:27.978+0100] {dag.py:4180} INFO - Setting next_dagrun for example_short_circuit_operator to None, run_after=None
[2025-03-06T23:59:27.994+0100] {processor.py:208} INFO - Processing /home/erij/Erij_Mazouz_4DS8_churn_ml_project/venv/lib/python3.8/site-packages/airflow/example_dags/example_short_circuit_operator.py took 0.059 seconds
[2025-03-07T00:00:19.890+0100] {processor.py:186} INFO - Started process (PID=59889) to work on /home/erij/Erij_Mazouz_4DS8_churn_ml_project/venv/lib/python3.8/site-packages/airflow/example_dags/example_short_circuit_operator.py
[2025-03-07T00:00:19.891+0100] {processor.py:914} INFO - Processing file /home/erij/Erij_Mazouz_4DS8_churn_ml_project/venv/lib/python3.8/site-packages/airflow/example_dags/example_short_circuit_operator.py for tasks to queue
[2025-03-07T00:00:19.893+0100] {logging_mixin.py:190} INFO - [2025-03-07T00:00:19.893+0100] {dagbag.py:588} INFO - Filling up the DagBag from /home/erij/Erij_Mazouz_4DS8_churn_ml_project/venv/lib/python3.8/site-packages/airflow/example_dags/example_short_circuit_operator.py
[2025-03-07T00:00:19.901+0100] {processor.py:925} INFO - DAG(s) 'example_short_circuit_operator' retrieved from /home/erij/Erij_Mazouz_4DS8_churn_ml_project/venv/lib/python3.8/site-packages/airflow/example_dags/example_short_circuit_operator.py
[2025-03-07T00:00:19.914+0100] {logging_mixin.py:190} INFO - [2025-03-07T00:00:19.914+0100] {dag.py:3239} INFO - Sync 1 DAGs
[2025-03-07T00:00:19.925+0100] {logging_mixin.py:190} INFO - [2025-03-07T00:00:19.925+0100] {dag.py:4180} INFO - Setting next_dagrun for example_short_circuit_operator to None, run_after=None
[2025-03-07T00:00:19.952+0100] {processor.py:208} INFO - Processing /home/erij/Erij_Mazouz_4DS8_churn_ml_project/venv/lib/python3.8/site-packages/airflow/example_dags/example_short_circuit_operator.py took 0.067 seconds
[2025-03-07T00:01:12.471+0100] {processor.py:186} INFO - Started process (PID=60073) to work on /home/erij/Erij_Mazouz_4DS8_churn_ml_project/venv/lib/python3.8/site-packages/airflow/example_dags/example_short_circuit_operator.py
[2025-03-07T00:01:12.473+0100] {processor.py:914} INFO - Processing file /home/erij/Erij_Mazouz_4DS8_churn_ml_project/venv/lib/python3.8/site-packages/airflow/example_dags/example_short_circuit_operator.py for tasks to queue
[2025-03-07T00:01:12.475+0100] {logging_mixin.py:190} INFO - [2025-03-07T00:01:12.474+0100] {dagbag.py:588} INFO - Filling up the DagBag from /home/erij/Erij_Mazouz_4DS8_churn_ml_project/venv/lib/python3.8/site-packages/airflow/example_dags/example_short_circuit_operator.py
[2025-03-07T00:01:12.482+0100] {processor.py:925} INFO - DAG(s) 'example_short_circuit_operator' retrieved from /home/erij/Erij_Mazouz_4DS8_churn_ml_project/venv/lib/python3.8/site-packages/airflow/example_dags/example_short_circuit_operator.py
[2025-03-07T00:01:12.495+0100] {logging_mixin.py:190} INFO - [2025-03-07T00:01:12.495+0100] {dag.py:3239} INFO - Sync 1 DAGs
[2025-03-07T00:01:12.506+0100] {logging_mixin.py:190} INFO - [2025-03-07T00:01:12.506+0100] {dag.py:4180} INFO - Setting next_dagrun for example_short_circuit_operator to None, run_after=None
[2025-03-07T00:01:12.523+0100] {processor.py:208} INFO - Processing /home/erij/Erij_Mazouz_4DS8_churn_ml_project/venv/lib/python3.8/site-packages/airflow/example_dags/example_short_circuit_operator.py took 0.057 seconds
[2025-03-07T00:02:06.731+0100] {processor.py:186} INFO - Started process (PID=60238) to work on /home/erij/Erij_Mazouz_4DS8_churn_ml_project/venv/lib/python3.8/site-packages/airflow/example_dags/example_short_circuit_operator.py
[2025-03-07T00:02:06.734+0100] {processor.py:914} INFO - Processing file /home/erij/Erij_Mazouz_4DS8_churn_ml_project/venv/lib/python3.8/site-packages/airflow/example_dags/example_short_circuit_operator.py for tasks to queue
[2025-03-07T00:02:06.736+0100] {logging_mixin.py:190} INFO - [2025-03-07T00:02:06.735+0100] {dagbag.py:588} INFO - Filling up the DagBag from /home/erij/Erij_Mazouz_4DS8_churn_ml_project/venv/lib/python3.8/site-packages/airflow/example_dags/example_short_circuit_operator.py
[2025-03-07T00:02:06.743+0100] {processor.py:925} INFO - DAG(s) 'example_short_circuit_operator' retrieved from /home/erij/Erij_Mazouz_4DS8_churn_ml_project/venv/lib/python3.8/site-packages/airflow/example_dags/example_short_circuit_operator.py
[2025-03-07T00:02:06.757+0100] {logging_mixin.py:190} INFO - [2025-03-07T00:02:06.756+0100] {dag.py:3239} INFO - Sync 1 DAGs
[2025-03-07T00:02:06.767+0100] {logging_mixin.py:190} INFO - [2025-03-07T00:02:06.767+0100] {dag.py:4180} INFO - Setting next_dagrun for example_short_circuit_operator to None, run_after=None
[2025-03-07T00:02:06.783+0100] {processor.py:208} INFO - Processing /home/erij/Erij_Mazouz_4DS8_churn_ml_project/venv/lib/python3.8/site-packages/airflow/example_dags/example_short_circuit_operator.py took 0.057 seconds
[2025-03-07T00:03:05.975+0100] {processor.py:186} INFO - Started process (PID=60451) to work on /home/erij/Erij_Mazouz_4DS8_churn_ml_project/venv/lib/python3.8/site-packages/airflow/example_dags/example_short_circuit_operator.py
[2025-03-07T00:03:05.977+0100] {processor.py:914} INFO - Processing file /home/erij/Erij_Mazouz_4DS8_churn_ml_project/venv/lib/python3.8/site-packages/airflow/example_dags/example_short_circuit_operator.py for tasks to queue
[2025-03-07T00:03:05.979+0100] {logging_mixin.py:190} INFO - [2025-03-07T00:03:05.978+0100] {dagbag.py:588} INFO - Filling up the DagBag from /home/erij/Erij_Mazouz_4DS8_churn_ml_project/venv/lib/python3.8/site-packages/airflow/example_dags/example_short_circuit_operator.py
[2025-03-07T00:03:05.986+0100] {processor.py:925} INFO - DAG(s) 'example_short_circuit_operator' retrieved from /home/erij/Erij_Mazouz_4DS8_churn_ml_project/venv/lib/python3.8/site-packages/airflow/example_dags/example_short_circuit_operator.py
[2025-03-07T00:03:06.002+0100] {logging_mixin.py:190} INFO - [2025-03-07T00:03:06.002+0100] {dag.py:3239} INFO - Sync 1 DAGs
[2025-03-07T00:03:06.014+0100] {logging_mixin.py:190} INFO - [2025-03-07T00:03:06.014+0100] {dag.py:4180} INFO - Setting next_dagrun for example_short_circuit_operator to None, run_after=None
[2025-03-07T00:03:06.033+0100] {processor.py:208} INFO - Processing /home/erij/Erij_Mazouz_4DS8_churn_ml_project/venv/lib/python3.8/site-packages/airflow/example_dags/example_short_circuit_operator.py took 0.063 seconds
