[2025-03-06T23:39:04.939+0100] {processor.py:186} INFO - Started process (PID=55898) to work on /home/erij/Erij_Mazouz_4DS8_churn_ml_project/venv/lib/python3.8/site-packages/airflow/example_dags/example_setup_teardown_taskflow.py
[2025-03-06T23:39:04.940+0100] {processor.py:914} INFO - Processing file /home/erij/Erij_Mazouz_4DS8_churn_ml_project/venv/lib/python3.8/site-packages/airflow/example_dags/example_setup_teardown_taskflow.py for tasks to queue
[2025-03-06T23:39:04.943+0100] {logging_mixin.py:190} INFO - [2025-03-06T23:39:04.942+0100] {dagbag.py:588} INFO - Filling up the DagBag from /home/erij/Erij_Mazouz_4DS8_churn_ml_project/venv/lib/python3.8/site-packages/airflow/example_dags/example_setup_teardown_taskflow.py
[2025-03-06T23:39:04.955+0100] {processor.py:925} INFO - DAG(s) 'example_setup_teardown_taskflow' retrieved from /home/erij/Erij_Mazouz_4DS8_churn_ml_project/venv/lib/python3.8/site-packages/airflow/example_dags/example_setup_teardown_taskflow.py
[2025-03-06T23:39:04.974+0100] {logging_mixin.py:190} INFO - [2025-03-06T23:39:04.974+0100] {dag.py:3239} INFO - Sync 1 DAGs
[2025-03-06T23:39:04.990+0100] {logging_mixin.py:190} INFO - [2025-03-06T23:39:04.989+0100] {dag.py:4180} INFO - Setting next_dagrun for example_setup_teardown_taskflow to None, run_after=None
[2025-03-06T23:39:05.010+0100] {processor.py:208} INFO - Processing /home/erij/Erij_Mazouz_4DS8_churn_ml_project/venv/lib/python3.8/site-packages/airflow/example_dags/example_setup_teardown_taskflow.py took 0.077 seconds
[2025-03-06T23:40:32.254+0100] {processor.py:186} INFO - Started process (PID=56478) to work on /home/erij/Erij_Mazouz_4DS8_churn_ml_project/venv/lib/python3.8/site-packages/airflow/example_dags/example_setup_teardown_taskflow.py
[2025-03-06T23:40:32.257+0100] {processor.py:914} INFO - Processing file /home/erij/Erij_Mazouz_4DS8_churn_ml_project/venv/lib/python3.8/site-packages/airflow/example_dags/example_setup_teardown_taskflow.py for tasks to queue
[2025-03-06T23:40:32.259+0100] {logging_mixin.py:190} INFO - [2025-03-06T23:40:32.258+0100] {dagbag.py:588} INFO - Filling up the DagBag from /home/erij/Erij_Mazouz_4DS8_churn_ml_project/venv/lib/python3.8/site-packages/airflow/example_dags/example_setup_teardown_taskflow.py
[2025-03-06T23:40:32.269+0100] {processor.py:925} INFO - DAG(s) 'example_setup_teardown_taskflow' retrieved from /home/erij/Erij_Mazouz_4DS8_churn_ml_project/venv/lib/python3.8/site-packages/airflow/example_dags/example_setup_teardown_taskflow.py
[2025-03-06T23:40:32.285+0100] {logging_mixin.py:190} INFO - [2025-03-06T23:40:32.285+0100] {dag.py:3239} INFO - Sync 1 DAGs
[2025-03-06T23:40:32.298+0100] {logging_mixin.py:190} INFO - [2025-03-06T23:40:32.298+0100] {dag.py:4180} INFO - Setting next_dagrun for example_setup_teardown_taskflow to None, run_after=None
[2025-03-06T23:40:32.316+0100] {processor.py:208} INFO - Processing /home/erij/Erij_Mazouz_4DS8_churn_ml_project/venv/lib/python3.8/site-packages/airflow/example_dags/example_setup_teardown_taskflow.py took 0.068 seconds
[2025-03-06T23:41:17.403+0100] {processor.py:186} INFO - Started process (PID=56583) to work on /home/erij/Erij_Mazouz_4DS8_churn_ml_project/venv/lib/python3.8/site-packages/airflow/example_dags/example_setup_teardown_taskflow.py
[2025-03-06T23:41:17.405+0100] {processor.py:914} INFO - Processing file /home/erij/Erij_Mazouz_4DS8_churn_ml_project/venv/lib/python3.8/site-packages/airflow/example_dags/example_setup_teardown_taskflow.py for tasks to queue
[2025-03-06T23:41:17.407+0100] {logging_mixin.py:190} INFO - [2025-03-06T23:41:17.406+0100] {dagbag.py:588} INFO - Filling up the DagBag from /home/erij/Erij_Mazouz_4DS8_churn_ml_project/venv/lib/python3.8/site-packages/airflow/example_dags/example_setup_teardown_taskflow.py
[2025-03-06T23:41:17.417+0100] {processor.py:925} INFO - DAG(s) 'example_setup_teardown_taskflow' retrieved from /home/erij/Erij_Mazouz_4DS8_churn_ml_project/venv/lib/python3.8/site-packages/airflow/example_dags/example_setup_teardown_taskflow.py
[2025-03-06T23:41:17.433+0100] {logging_mixin.py:190} INFO - [2025-03-06T23:41:17.433+0100] {dag.py:3239} INFO - Sync 1 DAGs
[2025-03-06T23:41:17.445+0100] {logging_mixin.py:190} INFO - [2025-03-06T23:41:17.444+0100] {dag.py:4180} INFO - Setting next_dagrun for example_setup_teardown_taskflow to None, run_after=None
[2025-03-06T23:41:17.463+0100] {processor.py:208} INFO - Processing /home/erij/Erij_Mazouz_4DS8_churn_ml_project/venv/lib/python3.8/site-packages/airflow/example_dags/example_setup_teardown_taskflow.py took 0.066 seconds
[2025-03-06T23:42:13.220+0100] {processor.py:186} INFO - Started process (PID=56721) to work on /home/erij/Erij_Mazouz_4DS8_churn_ml_project/venv/lib/python3.8/site-packages/airflow/example_dags/example_setup_teardown_taskflow.py
[2025-03-06T23:42:13.222+0100] {processor.py:914} INFO - Processing file /home/erij/Erij_Mazouz_4DS8_churn_ml_project/venv/lib/python3.8/site-packages/airflow/example_dags/example_setup_teardown_taskflow.py for tasks to queue
[2025-03-06T23:42:13.224+0100] {logging_mixin.py:190} INFO - [2025-03-06T23:42:13.224+0100] {dagbag.py:588} INFO - Filling up the DagBag from /home/erij/Erij_Mazouz_4DS8_churn_ml_project/venv/lib/python3.8/site-packages/airflow/example_dags/example_setup_teardown_taskflow.py
[2025-03-06T23:42:13.236+0100] {processor.py:925} INFO - DAG(s) 'example_setup_teardown_taskflow' retrieved from /home/erij/Erij_Mazouz_4DS8_churn_ml_project/venv/lib/python3.8/site-packages/airflow/example_dags/example_setup_teardown_taskflow.py
[2025-03-06T23:42:13.253+0100] {logging_mixin.py:190} INFO - [2025-03-06T23:42:13.253+0100] {dag.py:3239} INFO - Sync 1 DAGs
[2025-03-06T23:42:13.267+0100] {logging_mixin.py:190} INFO - [2025-03-06T23:42:13.266+0100] {dag.py:4180} INFO - Setting next_dagrun for example_setup_teardown_taskflow to None, run_after=None
[2025-03-06T23:42:13.286+0100] {processor.py:208} INFO - Processing /home/erij/Erij_Mazouz_4DS8_churn_ml_project/venv/lib/python3.8/site-packages/airflow/example_dags/example_setup_teardown_taskflow.py took 0.072 seconds
[2025-03-06T23:43:06.573+0100] {processor.py:186} INFO - Started process (PID=56845) to work on /home/erij/Erij_Mazouz_4DS8_churn_ml_project/venv/lib/python3.8/site-packages/airflow/example_dags/example_setup_teardown_taskflow.py
[2025-03-06T23:43:06.577+0100] {processor.py:914} INFO - Processing file /home/erij/Erij_Mazouz_4DS8_churn_ml_project/venv/lib/python3.8/site-packages/airflow/example_dags/example_setup_teardown_taskflow.py for tasks to queue
[2025-03-06T23:43:06.579+0100] {logging_mixin.py:190} INFO - [2025-03-06T23:43:06.579+0100] {dagbag.py:588} INFO - Filling up the DagBag from /home/erij/Erij_Mazouz_4DS8_churn_ml_project/venv/lib/python3.8/site-packages/airflow/example_dags/example_setup_teardown_taskflow.py
[2025-03-06T23:43:06.589+0100] {processor.py:925} INFO - DAG(s) 'example_setup_teardown_taskflow' retrieved from /home/erij/Erij_Mazouz_4DS8_churn_ml_project/venv/lib/python3.8/site-packages/airflow/example_dags/example_setup_teardown_taskflow.py
[2025-03-06T23:43:06.604+0100] {logging_mixin.py:190} INFO - [2025-03-06T23:43:06.604+0100] {dag.py:3239} INFO - Sync 1 DAGs
[2025-03-06T23:43:06.615+0100] {logging_mixin.py:190} INFO - [2025-03-06T23:43:06.615+0100] {dag.py:4180} INFO - Setting next_dagrun for example_setup_teardown_taskflow to None, run_after=None
[2025-03-06T23:43:06.634+0100] {processor.py:208} INFO - Processing /home/erij/Erij_Mazouz_4DS8_churn_ml_project/venv/lib/python3.8/site-packages/airflow/example_dags/example_setup_teardown_taskflow.py took 0.074 seconds
[2025-03-06T23:43:58.971+0100] {processor.py:186} INFO - Started process (PID=56959) to work on /home/erij/Erij_Mazouz_4DS8_churn_ml_project/venv/lib/python3.8/site-packages/airflow/example_dags/example_setup_teardown_taskflow.py
[2025-03-06T23:43:58.973+0100] {processor.py:914} INFO - Processing file /home/erij/Erij_Mazouz_4DS8_churn_ml_project/venv/lib/python3.8/site-packages/airflow/example_dags/example_setup_teardown_taskflow.py for tasks to queue
[2025-03-06T23:43:58.975+0100] {logging_mixin.py:190} INFO - [2025-03-06T23:43:58.975+0100] {dagbag.py:588} INFO - Filling up the DagBag from /home/erij/Erij_Mazouz_4DS8_churn_ml_project/venv/lib/python3.8/site-packages/airflow/example_dags/example_setup_teardown_taskflow.py
[2025-03-06T23:43:58.984+0100] {processor.py:925} INFO - DAG(s) 'example_setup_teardown_taskflow' retrieved from /home/erij/Erij_Mazouz_4DS8_churn_ml_project/venv/lib/python3.8/site-packages/airflow/example_dags/example_setup_teardown_taskflow.py
[2025-03-06T23:43:58.997+0100] {logging_mixin.py:190} INFO - [2025-03-06T23:43:58.997+0100] {dag.py:3239} INFO - Sync 1 DAGs
[2025-03-06T23:43:59.008+0100] {logging_mixin.py:190} INFO - [2025-03-06T23:43:59.007+0100] {dag.py:4180} INFO - Setting next_dagrun for example_setup_teardown_taskflow to None, run_after=None
[2025-03-06T23:43:59.026+0100] {processor.py:208} INFO - Processing /home/erij/Erij_Mazouz_4DS8_churn_ml_project/venv/lib/python3.8/site-packages/airflow/example_dags/example_setup_teardown_taskflow.py took 0.060 seconds
[2025-03-06T23:44:53.056+0100] {processor.py:186} INFO - Started process (PID=57111) to work on /home/erij/Erij_Mazouz_4DS8_churn_ml_project/venv/lib/python3.8/site-packages/airflow/example_dags/example_setup_teardown_taskflow.py
[2025-03-06T23:44:53.057+0100] {processor.py:914} INFO - Processing file /home/erij/Erij_Mazouz_4DS8_churn_ml_project/venv/lib/python3.8/site-packages/airflow/example_dags/example_setup_teardown_taskflow.py for tasks to queue
[2025-03-06T23:44:53.059+0100] {logging_mixin.py:190} INFO - [2025-03-06T23:44:53.059+0100] {dagbag.py:588} INFO - Filling up the DagBag from /home/erij/Erij_Mazouz_4DS8_churn_ml_project/venv/lib/python3.8/site-packages/airflow/example_dags/example_setup_teardown_taskflow.py
[2025-03-06T23:44:53.068+0100] {processor.py:925} INFO - DAG(s) 'example_setup_teardown_taskflow' retrieved from /home/erij/Erij_Mazouz_4DS8_churn_ml_project/venv/lib/python3.8/site-packages/airflow/example_dags/example_setup_teardown_taskflow.py
[2025-03-06T23:44:53.081+0100] {logging_mixin.py:190} INFO - [2025-03-06T23:44:53.081+0100] {dag.py:3239} INFO - Sync 1 DAGs
[2025-03-06T23:44:53.091+0100] {logging_mixin.py:190} INFO - [2025-03-06T23:44:53.091+0100] {dag.py:4180} INFO - Setting next_dagrun for example_setup_teardown_taskflow to None, run_after=None
[2025-03-06T23:44:53.115+0100] {processor.py:208} INFO - Processing /home/erij/Erij_Mazouz_4DS8_churn_ml_project/venv/lib/python3.8/site-packages/airflow/example_dags/example_setup_teardown_taskflow.py took 0.064 seconds
[2025-03-06T23:45:50.525+0100] {processor.py:186} INFO - Started process (PID=57234) to work on /home/erij/Erij_Mazouz_4DS8_churn_ml_project/venv/lib/python3.8/site-packages/airflow/example_dags/example_setup_teardown_taskflow.py
[2025-03-06T23:45:50.537+0100] {processor.py:914} INFO - Processing file /home/erij/Erij_Mazouz_4DS8_churn_ml_project/venv/lib/python3.8/site-packages/airflow/example_dags/example_setup_teardown_taskflow.py for tasks to queue
[2025-03-06T23:45:50.539+0100] {logging_mixin.py:190} INFO - [2025-03-06T23:45:50.538+0100] {dagbag.py:588} INFO - Filling up the DagBag from /home/erij/Erij_Mazouz_4DS8_churn_ml_project/venv/lib/python3.8/site-packages/airflow/example_dags/example_setup_teardown_taskflow.py
[2025-03-06T23:45:50.549+0100] {processor.py:925} INFO - DAG(s) 'example_setup_teardown_taskflow' retrieved from /home/erij/Erij_Mazouz_4DS8_churn_ml_project/venv/lib/python3.8/site-packages/airflow/example_dags/example_setup_teardown_taskflow.py
[2025-03-06T23:45:50.562+0100] {logging_mixin.py:190} INFO - [2025-03-06T23:45:50.562+0100] {dag.py:3239} INFO - Sync 1 DAGs
[2025-03-06T23:45:50.572+0100] {logging_mixin.py:190} INFO - [2025-03-06T23:45:50.571+0100] {dag.py:4180} INFO - Setting next_dagrun for example_setup_teardown_taskflow to None, run_after=None
[2025-03-06T23:45:50.597+0100] {processor.py:208} INFO - Processing /home/erij/Erij_Mazouz_4DS8_churn_ml_project/venv/lib/python3.8/site-packages/airflow/example_dags/example_setup_teardown_taskflow.py took 0.078 seconds
[2025-03-06T23:46:47.248+0100] {processor.py:186} INFO - Started process (PID=57353) to work on /home/erij/Erij_Mazouz_4DS8_churn_ml_project/venv/lib/python3.8/site-packages/airflow/example_dags/example_setup_teardown_taskflow.py
[2025-03-06T23:46:47.250+0100] {processor.py:914} INFO - Processing file /home/erij/Erij_Mazouz_4DS8_churn_ml_project/venv/lib/python3.8/site-packages/airflow/example_dags/example_setup_teardown_taskflow.py for tasks to queue
[2025-03-06T23:46:47.252+0100] {logging_mixin.py:190} INFO - [2025-03-06T23:46:47.252+0100] {dagbag.py:588} INFO - Filling up the DagBag from /home/erij/Erij_Mazouz_4DS8_churn_ml_project/venv/lib/python3.8/site-packages/airflow/example_dags/example_setup_teardown_taskflow.py
[2025-03-06T23:46:47.261+0100] {processor.py:925} INFO - DAG(s) 'example_setup_teardown_taskflow' retrieved from /home/erij/Erij_Mazouz_4DS8_churn_ml_project/venv/lib/python3.8/site-packages/airflow/example_dags/example_setup_teardown_taskflow.py
[2025-03-06T23:46:47.275+0100] {logging_mixin.py:190} INFO - [2025-03-06T23:46:47.274+0100] {dag.py:3239} INFO - Sync 1 DAGs
[2025-03-06T23:46:47.285+0100] {logging_mixin.py:190} INFO - [2025-03-06T23:46:47.285+0100] {dag.py:4180} INFO - Setting next_dagrun for example_setup_teardown_taskflow to None, run_after=None
[2025-03-06T23:46:47.302+0100] {processor.py:208} INFO - Processing /home/erij/Erij_Mazouz_4DS8_churn_ml_project/venv/lib/python3.8/site-packages/airflow/example_dags/example_setup_teardown_taskflow.py took 0.058 seconds
[2025-03-06T23:47:42.701+0100] {processor.py:186} INFO - Started process (PID=57462) to work on /home/erij/Erij_Mazouz_4DS8_churn_ml_project/venv/lib/python3.8/site-packages/airflow/example_dags/example_setup_teardown_taskflow.py
[2025-03-06T23:47:42.703+0100] {processor.py:914} INFO - Processing file /home/erij/Erij_Mazouz_4DS8_churn_ml_project/venv/lib/python3.8/site-packages/airflow/example_dags/example_setup_teardown_taskflow.py for tasks to queue
[2025-03-06T23:47:42.705+0100] {logging_mixin.py:190} INFO - [2025-03-06T23:47:42.705+0100] {dagbag.py:588} INFO - Filling up the DagBag from /home/erij/Erij_Mazouz_4DS8_churn_ml_project/venv/lib/python3.8/site-packages/airflow/example_dags/example_setup_teardown_taskflow.py
[2025-03-06T23:47:42.723+0100] {processor.py:925} INFO - DAG(s) 'example_setup_teardown_taskflow' retrieved from /home/erij/Erij_Mazouz_4DS8_churn_ml_project/venv/lib/python3.8/site-packages/airflow/example_dags/example_setup_teardown_taskflow.py
[2025-03-06T23:47:42.738+0100] {logging_mixin.py:190} INFO - [2025-03-06T23:47:42.737+0100] {dag.py:3239} INFO - Sync 1 DAGs
[2025-03-06T23:47:42.749+0100] {logging_mixin.py:190} INFO - [2025-03-06T23:47:42.748+0100] {dag.py:4180} INFO - Setting next_dagrun for example_setup_teardown_taskflow to None, run_after=None
[2025-03-06T23:47:42.766+0100] {processor.py:208} INFO - Processing /home/erij/Erij_Mazouz_4DS8_churn_ml_project/venv/lib/python3.8/site-packages/airflow/example_dags/example_setup_teardown_taskflow.py took 0.070 seconds
[2025-03-06T23:48:40.509+0100] {processor.py:186} INFO - Started process (PID=57580) to work on /home/erij/Erij_Mazouz_4DS8_churn_ml_project/venv/lib/python3.8/site-packages/airflow/example_dags/example_setup_teardown_taskflow.py
[2025-03-06T23:48:40.512+0100] {processor.py:914} INFO - Processing file /home/erij/Erij_Mazouz_4DS8_churn_ml_project/venv/lib/python3.8/site-packages/airflow/example_dags/example_setup_teardown_taskflow.py for tasks to queue
[2025-03-06T23:48:40.513+0100] {logging_mixin.py:190} INFO - [2025-03-06T23:48:40.513+0100] {dagbag.py:588} INFO - Filling up the DagBag from /home/erij/Erij_Mazouz_4DS8_churn_ml_project/venv/lib/python3.8/site-packages/airflow/example_dags/example_setup_teardown_taskflow.py
[2025-03-06T23:48:40.523+0100] {processor.py:925} INFO - DAG(s) 'example_setup_teardown_taskflow' retrieved from /home/erij/Erij_Mazouz_4DS8_churn_ml_project/venv/lib/python3.8/site-packages/airflow/example_dags/example_setup_teardown_taskflow.py
[2025-03-06T23:48:40.536+0100] {logging_mixin.py:190} INFO - [2025-03-06T23:48:40.536+0100] {dag.py:3239} INFO - Sync 1 DAGs
[2025-03-06T23:48:40.546+0100] {logging_mixin.py:190} INFO - [2025-03-06T23:48:40.546+0100] {dag.py:4180} INFO - Setting next_dagrun for example_setup_teardown_taskflow to None, run_after=None
[2025-03-06T23:48:40.564+0100] {processor.py:208} INFO - Processing /home/erij/Erij_Mazouz_4DS8_churn_ml_project/venv/lib/python3.8/site-packages/airflow/example_dags/example_setup_teardown_taskflow.py took 0.061 seconds
[2025-03-06T23:49:35.891+0100] {processor.py:186} INFO - Started process (PID=57696) to work on /home/erij/Erij_Mazouz_4DS8_churn_ml_project/venv/lib/python3.8/site-packages/airflow/example_dags/example_setup_teardown_taskflow.py
[2025-03-06T23:49:35.892+0100] {processor.py:914} INFO - Processing file /home/erij/Erij_Mazouz_4DS8_churn_ml_project/venv/lib/python3.8/site-packages/airflow/example_dags/example_setup_teardown_taskflow.py for tasks to queue
[2025-03-06T23:49:35.894+0100] {logging_mixin.py:190} INFO - [2025-03-06T23:49:35.893+0100] {dagbag.py:588} INFO - Filling up the DagBag from /home/erij/Erij_Mazouz_4DS8_churn_ml_project/venv/lib/python3.8/site-packages/airflow/example_dags/example_setup_teardown_taskflow.py
[2025-03-06T23:49:35.904+0100] {processor.py:925} INFO - DAG(s) 'example_setup_teardown_taskflow' retrieved from /home/erij/Erij_Mazouz_4DS8_churn_ml_project/venv/lib/python3.8/site-packages/airflow/example_dags/example_setup_teardown_taskflow.py
[2025-03-06T23:49:35.920+0100] {logging_mixin.py:190} INFO - [2025-03-06T23:49:35.920+0100] {dag.py:3239} INFO - Sync 1 DAGs
[2025-03-06T23:49:35.932+0100] {logging_mixin.py:190} INFO - [2025-03-06T23:49:35.932+0100] {dag.py:4180} INFO - Setting next_dagrun for example_setup_teardown_taskflow to None, run_after=None
[2025-03-06T23:49:35.952+0100] {processor.py:208} INFO - Processing /home/erij/Erij_Mazouz_4DS8_churn_ml_project/venv/lib/python3.8/site-packages/airflow/example_dags/example_setup_teardown_taskflow.py took 0.067 seconds
[2025-03-06T23:50:30.699+0100] {processor.py:186} INFO - Started process (PID=57803) to work on /home/erij/Erij_Mazouz_4DS8_churn_ml_project/venv/lib/python3.8/site-packages/airflow/example_dags/example_setup_teardown_taskflow.py
[2025-03-06T23:50:30.701+0100] {processor.py:914} INFO - Processing file /home/erij/Erij_Mazouz_4DS8_churn_ml_project/venv/lib/python3.8/site-packages/airflow/example_dags/example_setup_teardown_taskflow.py for tasks to queue
[2025-03-06T23:50:30.702+0100] {logging_mixin.py:190} INFO - [2025-03-06T23:50:30.702+0100] {dagbag.py:588} INFO - Filling up the DagBag from /home/erij/Erij_Mazouz_4DS8_churn_ml_project/venv/lib/python3.8/site-packages/airflow/example_dags/example_setup_teardown_taskflow.py
[2025-03-06T23:50:30.712+0100] {processor.py:925} INFO - DAG(s) 'example_setup_teardown_taskflow' retrieved from /home/erij/Erij_Mazouz_4DS8_churn_ml_project/venv/lib/python3.8/site-packages/airflow/example_dags/example_setup_teardown_taskflow.py
[2025-03-06T23:50:30.727+0100] {logging_mixin.py:190} INFO - [2025-03-06T23:50:30.727+0100] {dag.py:3239} INFO - Sync 1 DAGs
[2025-03-06T23:50:30.740+0100] {logging_mixin.py:190} INFO - [2025-03-06T23:50:30.740+0100] {dag.py:4180} INFO - Setting next_dagrun for example_setup_teardown_taskflow to None, run_after=None
[2025-03-06T23:50:30.760+0100] {processor.py:208} INFO - Processing /home/erij/Erij_Mazouz_4DS8_churn_ml_project/venv/lib/python3.8/site-packages/airflow/example_dags/example_setup_teardown_taskflow.py took 0.067 seconds
[2025-03-06T23:51:26.072+0100] {processor.py:186} INFO - Started process (PID=57919) to work on /home/erij/Erij_Mazouz_4DS8_churn_ml_project/venv/lib/python3.8/site-packages/airflow/example_dags/example_setup_teardown_taskflow.py
[2025-03-06T23:51:26.074+0100] {processor.py:914} INFO - Processing file /home/erij/Erij_Mazouz_4DS8_churn_ml_project/venv/lib/python3.8/site-packages/airflow/example_dags/example_setup_teardown_taskflow.py for tasks to queue
[2025-03-06T23:51:26.076+0100] {logging_mixin.py:190} INFO - [2025-03-06T23:51:26.075+0100] {dagbag.py:588} INFO - Filling up the DagBag from /home/erij/Erij_Mazouz_4DS8_churn_ml_project/venv/lib/python3.8/site-packages/airflow/example_dags/example_setup_teardown_taskflow.py
[2025-03-06T23:51:26.085+0100] {processor.py:925} INFO - DAG(s) 'example_setup_teardown_taskflow' retrieved from /home/erij/Erij_Mazouz_4DS8_churn_ml_project/venv/lib/python3.8/site-packages/airflow/example_dags/example_setup_teardown_taskflow.py
[2025-03-06T23:51:26.098+0100] {logging_mixin.py:190} INFO - [2025-03-06T23:51:26.098+0100] {dag.py:3239} INFO - Sync 1 DAGs
[2025-03-06T23:51:26.108+0100] {logging_mixin.py:190} INFO - [2025-03-06T23:51:26.108+0100] {dag.py:4180} INFO - Setting next_dagrun for example_setup_teardown_taskflow to None, run_after=None
[2025-03-06T23:51:26.125+0100] {processor.py:208} INFO - Processing /home/erij/Erij_Mazouz_4DS8_churn_ml_project/venv/lib/python3.8/site-packages/airflow/example_dags/example_setup_teardown_taskflow.py took 0.058 seconds
[2025-03-06T23:52:21.350+0100] {processor.py:186} INFO - Started process (PID=58031) to work on /home/erij/Erij_Mazouz_4DS8_churn_ml_project/venv/lib/python3.8/site-packages/airflow/example_dags/example_setup_teardown_taskflow.py
[2025-03-06T23:52:21.353+0100] {processor.py:914} INFO - Processing file /home/erij/Erij_Mazouz_4DS8_churn_ml_project/venv/lib/python3.8/site-packages/airflow/example_dags/example_setup_teardown_taskflow.py for tasks to queue
[2025-03-06T23:52:21.355+0100] {logging_mixin.py:190} INFO - [2025-03-06T23:52:21.355+0100] {dagbag.py:588} INFO - Filling up the DagBag from /home/erij/Erij_Mazouz_4DS8_churn_ml_project/venv/lib/python3.8/site-packages/airflow/example_dags/example_setup_teardown_taskflow.py
[2025-03-06T23:52:21.367+0100] {processor.py:925} INFO - DAG(s) 'example_setup_teardown_taskflow' retrieved from /home/erij/Erij_Mazouz_4DS8_churn_ml_project/venv/lib/python3.8/site-packages/airflow/example_dags/example_setup_teardown_taskflow.py
[2025-03-06T23:52:21.387+0100] {logging_mixin.py:190} INFO - [2025-03-06T23:52:21.386+0100] {dag.py:3239} INFO - Sync 1 DAGs
[2025-03-06T23:52:21.400+0100] {logging_mixin.py:190} INFO - [2025-03-06T23:52:21.399+0100] {dag.py:4180} INFO - Setting next_dagrun for example_setup_teardown_taskflow to None, run_after=None
[2025-03-06T23:52:21.419+0100] {processor.py:208} INFO - Processing /home/erij/Erij_Mazouz_4DS8_churn_ml_project/venv/lib/python3.8/site-packages/airflow/example_dags/example_setup_teardown_taskflow.py took 0.074 seconds
[2025-03-06T23:53:19.069+0100] {processor.py:186} INFO - Started process (PID=58147) to work on /home/erij/Erij_Mazouz_4DS8_churn_ml_project/venv/lib/python3.8/site-packages/airflow/example_dags/example_setup_teardown_taskflow.py
[2025-03-06T23:53:19.071+0100] {processor.py:914} INFO - Processing file /home/erij/Erij_Mazouz_4DS8_churn_ml_project/venv/lib/python3.8/site-packages/airflow/example_dags/example_setup_teardown_taskflow.py for tasks to queue
[2025-03-06T23:53:19.074+0100] {logging_mixin.py:190} INFO - [2025-03-06T23:53:19.074+0100] {dagbag.py:588} INFO - Filling up the DagBag from /home/erij/Erij_Mazouz_4DS8_churn_ml_project/venv/lib/python3.8/site-packages/airflow/example_dags/example_setup_teardown_taskflow.py
[2025-03-06T23:53:19.088+0100] {processor.py:925} INFO - DAG(s) 'example_setup_teardown_taskflow' retrieved from /home/erij/Erij_Mazouz_4DS8_churn_ml_project/venv/lib/python3.8/site-packages/airflow/example_dags/example_setup_teardown_taskflow.py
[2025-03-06T23:53:19.107+0100] {logging_mixin.py:190} INFO - [2025-03-06T23:53:19.107+0100] {dag.py:3239} INFO - Sync 1 DAGs
[2025-03-06T23:53:19.122+0100] {logging_mixin.py:190} INFO - [2025-03-06T23:53:19.122+0100] {dag.py:4180} INFO - Setting next_dagrun for example_setup_teardown_taskflow to None, run_after=None
[2025-03-06T23:53:19.148+0100] {processor.py:208} INFO - Processing /home/erij/Erij_Mazouz_4DS8_churn_ml_project/venv/lib/python3.8/site-packages/airflow/example_dags/example_setup_teardown_taskflow.py took 0.087 seconds
[2025-03-06T23:54:17.565+0100] {processor.py:186} INFO - Started process (PID=58516) to work on /home/erij/Erij_Mazouz_4DS8_churn_ml_project/venv/lib/python3.8/site-packages/airflow/example_dags/example_setup_teardown_taskflow.py
[2025-03-06T23:54:17.567+0100] {processor.py:914} INFO - Processing file /home/erij/Erij_Mazouz_4DS8_churn_ml_project/venv/lib/python3.8/site-packages/airflow/example_dags/example_setup_teardown_taskflow.py for tasks to queue
[2025-03-06T23:54:17.571+0100] {logging_mixin.py:190} INFO - [2025-03-06T23:54:17.571+0100] {dagbag.py:588} INFO - Filling up the DagBag from /home/erij/Erij_Mazouz_4DS8_churn_ml_project/venv/lib/python3.8/site-packages/airflow/example_dags/example_setup_teardown_taskflow.py
[2025-03-06T23:54:17.589+0100] {processor.py:925} INFO - DAG(s) 'example_setup_teardown_taskflow' retrieved from /home/erij/Erij_Mazouz_4DS8_churn_ml_project/venv/lib/python3.8/site-packages/airflow/example_dags/example_setup_teardown_taskflow.py
[2025-03-06T23:54:17.609+0100] {logging_mixin.py:190} INFO - [2025-03-06T23:54:17.609+0100] {dag.py:3239} INFO - Sync 1 DAGs
[2025-03-06T23:54:17.628+0100] {logging_mixin.py:190} INFO - [2025-03-06T23:54:17.627+0100] {dag.py:4180} INFO - Setting next_dagrun for example_setup_teardown_taskflow to None, run_after=None
[2025-03-06T23:54:17.659+0100] {processor.py:208} INFO - Processing /home/erij/Erij_Mazouz_4DS8_churn_ml_project/venv/lib/python3.8/site-packages/airflow/example_dags/example_setup_teardown_taskflow.py took 0.104 seconds
[2025-03-06T23:55:13.999+0100] {processor.py:186} INFO - Started process (PID=59007) to work on /home/erij/Erij_Mazouz_4DS8_churn_ml_project/venv/lib/python3.8/site-packages/airflow/example_dags/example_setup_teardown_taskflow.py
[2025-03-06T23:55:14.000+0100] {processor.py:914} INFO - Processing file /home/erij/Erij_Mazouz_4DS8_churn_ml_project/venv/lib/python3.8/site-packages/airflow/example_dags/example_setup_teardown_taskflow.py for tasks to queue
[2025-03-06T23:55:14.001+0100] {logging_mixin.py:190} INFO - [2025-03-06T23:55:14.001+0100] {dagbag.py:588} INFO - Filling up the DagBag from /home/erij/Erij_Mazouz_4DS8_churn_ml_project/venv/lib/python3.8/site-packages/airflow/example_dags/example_setup_teardown_taskflow.py
[2025-03-06T23:55:14.011+0100] {processor.py:925} INFO - DAG(s) 'example_setup_teardown_taskflow' retrieved from /home/erij/Erij_Mazouz_4DS8_churn_ml_project/venv/lib/python3.8/site-packages/airflow/example_dags/example_setup_teardown_taskflow.py
[2025-03-06T23:55:14.024+0100] {logging_mixin.py:190} INFO - [2025-03-06T23:55:14.024+0100] {dag.py:3239} INFO - Sync 1 DAGs
[2025-03-06T23:55:14.037+0100] {logging_mixin.py:190} INFO - [2025-03-06T23:55:14.037+0100] {dag.py:4180} INFO - Setting next_dagrun for example_setup_teardown_taskflow to None, run_after=None
[2025-03-06T23:55:14.055+0100] {processor.py:208} INFO - Processing /home/erij/Erij_Mazouz_4DS8_churn_ml_project/venv/lib/python3.8/site-packages/airflow/example_dags/example_setup_teardown_taskflow.py took 0.062 seconds
[2025-03-06T23:56:13.775+0100] {processor.py:186} INFO - Started process (PID=59213) to work on /home/erij/Erij_Mazouz_4DS8_churn_ml_project/venv/lib/python3.8/site-packages/airflow/example_dags/example_setup_teardown_taskflow.py
[2025-03-06T23:56:13.776+0100] {processor.py:914} INFO - Processing file /home/erij/Erij_Mazouz_4DS8_churn_ml_project/venv/lib/python3.8/site-packages/airflow/example_dags/example_setup_teardown_taskflow.py for tasks to queue
[2025-03-06T23:56:13.778+0100] {logging_mixin.py:190} INFO - [2025-03-06T23:56:13.778+0100] {dagbag.py:588} INFO - Filling up the DagBag from /home/erij/Erij_Mazouz_4DS8_churn_ml_project/venv/lib/python3.8/site-packages/airflow/example_dags/example_setup_teardown_taskflow.py
[2025-03-06T23:56:13.787+0100] {processor.py:925} INFO - DAG(s) 'example_setup_teardown_taskflow' retrieved from /home/erij/Erij_Mazouz_4DS8_churn_ml_project/venv/lib/python3.8/site-packages/airflow/example_dags/example_setup_teardown_taskflow.py
[2025-03-06T23:56:13.800+0100] {logging_mixin.py:190} INFO - [2025-03-06T23:56:13.800+0100] {dag.py:3239} INFO - Sync 1 DAGs
[2025-03-06T23:56:13.810+0100] {logging_mixin.py:190} INFO - [2025-03-06T23:56:13.810+0100] {dag.py:4180} INFO - Setting next_dagrun for example_setup_teardown_taskflow to None, run_after=None
[2025-03-06T23:56:13.827+0100] {processor.py:208} INFO - Processing /home/erij/Erij_Mazouz_4DS8_churn_ml_project/venv/lib/python3.8/site-packages/airflow/example_dags/example_setup_teardown_taskflow.py took 0.057 seconds
[2025-03-06T23:57:08.868+0100] {processor.py:186} INFO - Started process (PID=59343) to work on /home/erij/Erij_Mazouz_4DS8_churn_ml_project/venv/lib/python3.8/site-packages/airflow/example_dags/example_setup_teardown_taskflow.py
[2025-03-06T23:57:08.870+0100] {processor.py:914} INFO - Processing file /home/erij/Erij_Mazouz_4DS8_churn_ml_project/venv/lib/python3.8/site-packages/airflow/example_dags/example_setup_teardown_taskflow.py for tasks to queue
[2025-03-06T23:57:08.874+0100] {logging_mixin.py:190} INFO - [2025-03-06T23:57:08.874+0100] {dagbag.py:588} INFO - Filling up the DagBag from /home/erij/Erij_Mazouz_4DS8_churn_ml_project/venv/lib/python3.8/site-packages/airflow/example_dags/example_setup_teardown_taskflow.py
[2025-03-06T23:57:08.886+0100] {processor.py:925} INFO - DAG(s) 'example_setup_teardown_taskflow' retrieved from /home/erij/Erij_Mazouz_4DS8_churn_ml_project/venv/lib/python3.8/site-packages/airflow/example_dags/example_setup_teardown_taskflow.py
[2025-03-06T23:57:08.905+0100] {logging_mixin.py:190} INFO - [2025-03-06T23:57:08.904+0100] {dag.py:3239} INFO - Sync 1 DAGs
[2025-03-06T23:57:08.920+0100] {logging_mixin.py:190} INFO - [2025-03-06T23:57:08.919+0100] {dag.py:4180} INFO - Setting next_dagrun for example_setup_teardown_taskflow to None, run_after=None
[2025-03-06T23:57:08.940+0100] {processor.py:208} INFO - Processing /home/erij/Erij_Mazouz_4DS8_churn_ml_project/venv/lib/python3.8/site-packages/airflow/example_dags/example_setup_teardown_taskflow.py took 0.079 seconds
[2025-03-06T23:58:04.814+0100] {processor.py:186} INFO - Started process (PID=59480) to work on /home/erij/Erij_Mazouz_4DS8_churn_ml_project/venv/lib/python3.8/site-packages/airflow/example_dags/example_setup_teardown_taskflow.py
[2025-03-06T23:58:04.816+0100] {processor.py:914} INFO - Processing file /home/erij/Erij_Mazouz_4DS8_churn_ml_project/venv/lib/python3.8/site-packages/airflow/example_dags/example_setup_teardown_taskflow.py for tasks to queue
[2025-03-06T23:58:04.818+0100] {logging_mixin.py:190} INFO - [2025-03-06T23:58:04.818+0100] {dagbag.py:588} INFO - Filling up the DagBag from /home/erij/Erij_Mazouz_4DS8_churn_ml_project/venv/lib/python3.8/site-packages/airflow/example_dags/example_setup_teardown_taskflow.py
[2025-03-06T23:58:04.828+0100] {processor.py:925} INFO - DAG(s) 'example_setup_teardown_taskflow' retrieved from /home/erij/Erij_Mazouz_4DS8_churn_ml_project/venv/lib/python3.8/site-packages/airflow/example_dags/example_setup_teardown_taskflow.py
[2025-03-06T23:58:04.841+0100] {logging_mixin.py:190} INFO - [2025-03-06T23:58:04.840+0100] {dag.py:3239} INFO - Sync 1 DAGs
[2025-03-06T23:58:04.851+0100] {logging_mixin.py:190} INFO - [2025-03-06T23:58:04.851+0100] {dag.py:4180} INFO - Setting next_dagrun for example_setup_teardown_taskflow to None, run_after=None
[2025-03-06T23:58:04.868+0100] {processor.py:208} INFO - Processing /home/erij/Erij_Mazouz_4DS8_churn_ml_project/venv/lib/python3.8/site-packages/airflow/example_dags/example_setup_teardown_taskflow.py took 0.059 seconds
[2025-03-06T23:58:56.075+0100] {processor.py:186} INFO - Started process (PID=59628) to work on /home/erij/Erij_Mazouz_4DS8_churn_ml_project/venv/lib/python3.8/site-packages/airflow/example_dags/example_setup_teardown_taskflow.py
[2025-03-06T23:58:56.076+0100] {processor.py:914} INFO - Processing file /home/erij/Erij_Mazouz_4DS8_churn_ml_project/venv/lib/python3.8/site-packages/airflow/example_dags/example_setup_teardown_taskflow.py for tasks to queue
[2025-03-06T23:58:56.078+0100] {logging_mixin.py:190} INFO - [2025-03-06T23:58:56.078+0100] {dagbag.py:588} INFO - Filling up the DagBag from /home/erij/Erij_Mazouz_4DS8_churn_ml_project/venv/lib/python3.8/site-packages/airflow/example_dags/example_setup_teardown_taskflow.py
[2025-03-06T23:58:56.087+0100] {processor.py:925} INFO - DAG(s) 'example_setup_teardown_taskflow' retrieved from /home/erij/Erij_Mazouz_4DS8_churn_ml_project/venv/lib/python3.8/site-packages/airflow/example_dags/example_setup_teardown_taskflow.py
[2025-03-06T23:58:56.100+0100] {logging_mixin.py:190} INFO - [2025-03-06T23:58:56.100+0100] {dag.py:3239} INFO - Sync 1 DAGs
[2025-03-06T23:58:56.110+0100] {logging_mixin.py:190} INFO - [2025-03-06T23:58:56.110+0100] {dag.py:4180} INFO - Setting next_dagrun for example_setup_teardown_taskflow to None, run_after=None
[2025-03-06T23:58:56.126+0100] {processor.py:208} INFO - Processing /home/erij/Erij_Mazouz_4DS8_churn_ml_project/venv/lib/python3.8/site-packages/airflow/example_dags/example_setup_teardown_taskflow.py took 0.056 seconds
[2025-03-06T23:59:46.353+0100] {processor.py:186} INFO - Started process (PID=59770) to work on /home/erij/Erij_Mazouz_4DS8_churn_ml_project/venv/lib/python3.8/site-packages/airflow/example_dags/example_setup_teardown_taskflow.py
[2025-03-06T23:59:46.355+0100] {processor.py:914} INFO - Processing file /home/erij/Erij_Mazouz_4DS8_churn_ml_project/venv/lib/python3.8/site-packages/airflow/example_dags/example_setup_teardown_taskflow.py for tasks to queue
[2025-03-06T23:59:46.357+0100] {logging_mixin.py:190} INFO - [2025-03-06T23:59:46.357+0100] {dagbag.py:588} INFO - Filling up the DagBag from /home/erij/Erij_Mazouz_4DS8_churn_ml_project/venv/lib/python3.8/site-packages/airflow/example_dags/example_setup_teardown_taskflow.py
[2025-03-06T23:59:46.367+0100] {processor.py:925} INFO - DAG(s) 'example_setup_teardown_taskflow' retrieved from /home/erij/Erij_Mazouz_4DS8_churn_ml_project/venv/lib/python3.8/site-packages/airflow/example_dags/example_setup_teardown_taskflow.py
[2025-03-06T23:59:46.381+0100] {logging_mixin.py:190} INFO - [2025-03-06T23:59:46.381+0100] {dag.py:3239} INFO - Sync 1 DAGs
[2025-03-06T23:59:46.392+0100] {logging_mixin.py:190} INFO - [2025-03-06T23:59:46.391+0100] {dag.py:4180} INFO - Setting next_dagrun for example_setup_teardown_taskflow to None, run_after=None
[2025-03-06T23:59:46.410+0100] {processor.py:208} INFO - Processing /home/erij/Erij_Mazouz_4DS8_churn_ml_project/venv/lib/python3.8/site-packages/airflow/example_dags/example_setup_teardown_taskflow.py took 0.062 seconds
[2025-03-07T00:00:39.990+0100] {processor.py:186} INFO - Started process (PID=59968) to work on /home/erij/Erij_Mazouz_4DS8_churn_ml_project/venv/lib/python3.8/site-packages/airflow/example_dags/example_setup_teardown_taskflow.py
[2025-03-07T00:00:39.993+0100] {processor.py:914} INFO - Processing file /home/erij/Erij_Mazouz_4DS8_churn_ml_project/venv/lib/python3.8/site-packages/airflow/example_dags/example_setup_teardown_taskflow.py for tasks to queue
[2025-03-07T00:00:39.994+0100] {logging_mixin.py:190} INFO - [2025-03-07T00:00:39.994+0100] {dagbag.py:588} INFO - Filling up the DagBag from /home/erij/Erij_Mazouz_4DS8_churn_ml_project/venv/lib/python3.8/site-packages/airflow/example_dags/example_setup_teardown_taskflow.py
[2025-03-07T00:00:40.003+0100] {processor.py:925} INFO - DAG(s) 'example_setup_teardown_taskflow' retrieved from /home/erij/Erij_Mazouz_4DS8_churn_ml_project/venv/lib/python3.8/site-packages/airflow/example_dags/example_setup_teardown_taskflow.py
[2025-03-07T00:00:40.017+0100] {logging_mixin.py:190} INFO - [2025-03-07T00:00:40.017+0100] {dag.py:3239} INFO - Sync 1 DAGs
[2025-03-07T00:00:40.028+0100] {logging_mixin.py:190} INFO - [2025-03-07T00:00:40.028+0100] {dag.py:4180} INFO - Setting next_dagrun for example_setup_teardown_taskflow to None, run_after=None
[2025-03-07T00:00:40.047+0100] {processor.py:208} INFO - Processing /home/erij/Erij_Mazouz_4DS8_churn_ml_project/venv/lib/python3.8/site-packages/airflow/example_dags/example_setup_teardown_taskflow.py took 0.062 seconds
[2025-03-07T00:01:32.381+0100] {processor.py:186} INFO - Started process (PID=60128) to work on /home/erij/Erij_Mazouz_4DS8_churn_ml_project/venv/lib/python3.8/site-packages/airflow/example_dags/example_setup_teardown_taskflow.py
[2025-03-07T00:01:32.383+0100] {processor.py:914} INFO - Processing file /home/erij/Erij_Mazouz_4DS8_churn_ml_project/venv/lib/python3.8/site-packages/airflow/example_dags/example_setup_teardown_taskflow.py for tasks to queue
[2025-03-07T00:01:32.385+0100] {logging_mixin.py:190} INFO - [2025-03-07T00:01:32.385+0100] {dagbag.py:588} INFO - Filling up the DagBag from /home/erij/Erij_Mazouz_4DS8_churn_ml_project/venv/lib/python3.8/site-packages/airflow/example_dags/example_setup_teardown_taskflow.py
[2025-03-07T00:01:32.394+0100] {processor.py:925} INFO - DAG(s) 'example_setup_teardown_taskflow' retrieved from /home/erij/Erij_Mazouz_4DS8_churn_ml_project/venv/lib/python3.8/site-packages/airflow/example_dags/example_setup_teardown_taskflow.py
[2025-03-07T00:01:32.407+0100] {logging_mixin.py:190} INFO - [2025-03-07T00:01:32.407+0100] {dag.py:3239} INFO - Sync 1 DAGs
[2025-03-07T00:01:32.417+0100] {logging_mixin.py:190} INFO - [2025-03-07T00:01:32.417+0100] {dag.py:4180} INFO - Setting next_dagrun for example_setup_teardown_taskflow to None, run_after=None
[2025-03-07T00:01:32.436+0100] {processor.py:208} INFO - Processing /home/erij/Erij_Mazouz_4DS8_churn_ml_project/venv/lib/python3.8/site-packages/airflow/example_dags/example_setup_teardown_taskflow.py took 0.059 seconds
[2025-03-07T00:02:29.299+0100] {processor.py:186} INFO - Started process (PID=60346) to work on /home/erij/Erij_Mazouz_4DS8_churn_ml_project/venv/lib/python3.8/site-packages/airflow/example_dags/example_setup_teardown_taskflow.py
[2025-03-07T00:02:29.300+0100] {processor.py:914} INFO - Processing file /home/erij/Erij_Mazouz_4DS8_churn_ml_project/venv/lib/python3.8/site-packages/airflow/example_dags/example_setup_teardown_taskflow.py for tasks to queue
[2025-03-07T00:02:29.302+0100] {logging_mixin.py:190} INFO - [2025-03-07T00:02:29.301+0100] {dagbag.py:588} INFO - Filling up the DagBag from /home/erij/Erij_Mazouz_4DS8_churn_ml_project/venv/lib/python3.8/site-packages/airflow/example_dags/example_setup_teardown_taskflow.py
[2025-03-07T00:02:29.312+0100] {processor.py:925} INFO - DAG(s) 'example_setup_teardown_taskflow' retrieved from /home/erij/Erij_Mazouz_4DS8_churn_ml_project/venv/lib/python3.8/site-packages/airflow/example_dags/example_setup_teardown_taskflow.py
[2025-03-07T00:02:29.326+0100] {logging_mixin.py:190} INFO - [2025-03-07T00:02:29.325+0100] {dag.py:3239} INFO - Sync 1 DAGs
[2025-03-07T00:02:29.337+0100] {logging_mixin.py:190} INFO - [2025-03-07T00:02:29.336+0100] {dag.py:4180} INFO - Setting next_dagrun for example_setup_teardown_taskflow to None, run_after=None
[2025-03-07T00:02:29.354+0100] {processor.py:208} INFO - Processing /home/erij/Erij_Mazouz_4DS8_churn_ml_project/venv/lib/python3.8/site-packages/airflow/example_dags/example_setup_teardown_taskflow.py took 0.060 seconds
