[2025-03-06T23:40:17.398+0100] {processor.py:186} INFO - Started process (PID=56435) to work on /home/erij/Erij_Mazouz_4DS8_churn_ml_project/venv/lib/python3.8/site-packages/airflow/example_dags/example_complex.py
[2025-03-06T23:40:17.399+0100] {processor.py:914} INFO - Processing file /home/erij/Erij_Mazouz_4DS8_churn_ml_project/venv/lib/python3.8/site-packages/airflow/example_dags/example_complex.py for tasks to queue
[2025-03-06T23:40:17.401+0100] {logging_mixin.py:190} INFO - [2025-03-06T23:40:17.400+0100] {dagbag.py:588} INFO - Filling up the DagBag from /home/erij/Erij_Mazouz_4DS8_churn_ml_project/venv/lib/python3.8/site-packages/airflow/example_dags/example_complex.py
[2025-03-06T23:40:17.412+0100] {processor.py:925} INFO - DAG(s) 'example_complex' retrieved from /home/erij/Erij_Mazouz_4DS8_churn_ml_project/venv/lib/python3.8/site-packages/airflow/example_dags/example_complex.py
[2025-03-06T23:40:17.436+0100] {logging_mixin.py:190} INFO - [2025-03-06T23:40:17.435+0100] {dag.py:3239} INFO - Sync 1 DAGs
[2025-03-06T23:40:17.448+0100] {logging_mixin.py:190} INFO - [2025-03-06T23:40:17.448+0100] {dag.py:4180} INFO - Setting next_dagrun for example_complex to None, run_after=None
[2025-03-06T23:40:17.466+0100] {processor.py:208} INFO - Processing /home/erij/Erij_Mazouz_4DS8_churn_ml_project/venv/lib/python3.8/site-packages/airflow/example_dags/example_complex.py took 0.074 seconds
[2025-03-06T23:41:30.507+0100] {processor.py:186} INFO - Started process (PID=56613) to work on /home/erij/Erij_Mazouz_4DS8_churn_ml_project/venv/lib/python3.8/site-packages/airflow/example_dags/example_complex.py
[2025-03-06T23:41:30.509+0100] {processor.py:914} INFO - Processing file /home/erij/Erij_Mazouz_4DS8_churn_ml_project/venv/lib/python3.8/site-packages/airflow/example_dags/example_complex.py for tasks to queue
[2025-03-06T23:41:30.511+0100] {logging_mixin.py:190} INFO - [2025-03-06T23:41:30.511+0100] {dagbag.py:588} INFO - Filling up the DagBag from /home/erij/Erij_Mazouz_4DS8_churn_ml_project/venv/lib/python3.8/site-packages/airflow/example_dags/example_complex.py
[2025-03-06T23:41:30.521+0100] {processor.py:925} INFO - DAG(s) 'example_complex' retrieved from /home/erij/Erij_Mazouz_4DS8_churn_ml_project/venv/lib/python3.8/site-packages/airflow/example_dags/example_complex.py
[2025-03-06T23:41:30.541+0100] {logging_mixin.py:190} INFO - [2025-03-06T23:41:30.540+0100] {dag.py:3239} INFO - Sync 1 DAGs
[2025-03-06T23:41:30.550+0100] {logging_mixin.py:190} INFO - [2025-03-06T23:41:30.550+0100] {dag.py:4180} INFO - Setting next_dagrun for example_complex to None, run_after=None
[2025-03-06T23:41:30.568+0100] {processor.py:208} INFO - Processing /home/erij/Erij_Mazouz_4DS8_churn_ml_project/venv/lib/python3.8/site-packages/airflow/example_dags/example_complex.py took 0.065 seconds
[2025-03-06T23:42:26.008+0100] {processor.py:186} INFO - Started process (PID=56752) to work on /home/erij/Erij_Mazouz_4DS8_churn_ml_project/venv/lib/python3.8/site-packages/airflow/example_dags/example_complex.py
[2025-03-06T23:42:26.009+0100] {processor.py:914} INFO - Processing file /home/erij/Erij_Mazouz_4DS8_churn_ml_project/venv/lib/python3.8/site-packages/airflow/example_dags/example_complex.py for tasks to queue
[2025-03-06T23:42:26.011+0100] {logging_mixin.py:190} INFO - [2025-03-06T23:42:26.011+0100] {dagbag.py:588} INFO - Filling up the DagBag from /home/erij/Erij_Mazouz_4DS8_churn_ml_project/venv/lib/python3.8/site-packages/airflow/example_dags/example_complex.py
[2025-03-06T23:42:26.023+0100] {processor.py:925} INFO - DAG(s) 'example_complex' retrieved from /home/erij/Erij_Mazouz_4DS8_churn_ml_project/venv/lib/python3.8/site-packages/airflow/example_dags/example_complex.py
[2025-03-06T23:42:26.044+0100] {logging_mixin.py:190} INFO - [2025-03-06T23:42:26.044+0100] {dag.py:3239} INFO - Sync 1 DAGs
[2025-03-06T23:42:26.055+0100] {logging_mixin.py:190} INFO - [2025-03-06T23:42:26.054+0100] {dag.py:4180} INFO - Setting next_dagrun for example_complex to None, run_after=None
[2025-03-06T23:42:26.073+0100] {processor.py:208} INFO - Processing /home/erij/Erij_Mazouz_4DS8_churn_ml_project/venv/lib/python3.8/site-packages/airflow/example_dags/example_complex.py took 0.072 seconds
[2025-03-06T23:43:22.384+0100] {processor.py:186} INFO - Started process (PID=56873) to work on /home/erij/Erij_Mazouz_4DS8_churn_ml_project/venv/lib/python3.8/site-packages/airflow/example_dags/example_complex.py
[2025-03-06T23:43:22.387+0100] {processor.py:914} INFO - Processing file /home/erij/Erij_Mazouz_4DS8_churn_ml_project/venv/lib/python3.8/site-packages/airflow/example_dags/example_complex.py for tasks to queue
[2025-03-06T23:43:22.388+0100] {logging_mixin.py:190} INFO - [2025-03-06T23:43:22.388+0100] {dagbag.py:588} INFO - Filling up the DagBag from /home/erij/Erij_Mazouz_4DS8_churn_ml_project/venv/lib/python3.8/site-packages/airflow/example_dags/example_complex.py
[2025-03-06T23:43:22.399+0100] {processor.py:925} INFO - DAG(s) 'example_complex' retrieved from /home/erij/Erij_Mazouz_4DS8_churn_ml_project/venv/lib/python3.8/site-packages/airflow/example_dags/example_complex.py
[2025-03-06T23:43:22.419+0100] {logging_mixin.py:190} INFO - [2025-03-06T23:43:22.419+0100] {dag.py:3239} INFO - Sync 1 DAGs
[2025-03-06T23:43:22.430+0100] {logging_mixin.py:190} INFO - [2025-03-06T23:43:22.430+0100] {dag.py:4180} INFO - Setting next_dagrun for example_complex to None, run_after=None
[2025-03-06T23:43:22.448+0100] {processor.py:208} INFO - Processing /home/erij/Erij_Mazouz_4DS8_churn_ml_project/venv/lib/python3.8/site-packages/airflow/example_dags/example_complex.py took 0.068 seconds
[2025-03-06T23:44:41.789+0100] {processor.py:186} INFO - Started process (PID=57079) to work on /home/erij/Erij_Mazouz_4DS8_churn_ml_project/venv/lib/python3.8/site-packages/airflow/example_dags/example_complex.py
[2025-03-06T23:44:41.814+0100] {processor.py:914} INFO - Processing file /home/erij/Erij_Mazouz_4DS8_churn_ml_project/venv/lib/python3.8/site-packages/airflow/example_dags/example_complex.py for tasks to queue
[2025-03-06T23:44:41.815+0100] {logging_mixin.py:190} INFO - [2025-03-06T23:44:41.815+0100] {dagbag.py:588} INFO - Filling up the DagBag from /home/erij/Erij_Mazouz_4DS8_churn_ml_project/venv/lib/python3.8/site-packages/airflow/example_dags/example_complex.py
[2025-03-06T23:44:41.826+0100] {processor.py:925} INFO - DAG(s) 'example_complex' retrieved from /home/erij/Erij_Mazouz_4DS8_churn_ml_project/venv/lib/python3.8/site-packages/airflow/example_dags/example_complex.py
[2025-03-06T23:44:41.845+0100] {logging_mixin.py:190} INFO - [2025-03-06T23:44:41.845+0100] {dag.py:3239} INFO - Sync 1 DAGs
[2025-03-06T23:44:41.856+0100] {logging_mixin.py:190} INFO - [2025-03-06T23:44:41.856+0100] {dag.py:4180} INFO - Setting next_dagrun for example_complex to None, run_after=None
[2025-03-06T23:44:41.881+0100] {processor.py:208} INFO - Processing /home/erij/Erij_Mazouz_4DS8_churn_ml_project/venv/lib/python3.8/site-packages/airflow/example_dags/example_complex.py took 0.097 seconds
[2025-03-06T23:46:05.457+0100] {processor.py:186} INFO - Started process (PID=57265) to work on /home/erij/Erij_Mazouz_4DS8_churn_ml_project/venv/lib/python3.8/site-packages/airflow/example_dags/example_complex.py
[2025-03-06T23:46:05.458+0100] {processor.py:914} INFO - Processing file /home/erij/Erij_Mazouz_4DS8_churn_ml_project/venv/lib/python3.8/site-packages/airflow/example_dags/example_complex.py for tasks to queue
[2025-03-06T23:46:05.460+0100] {logging_mixin.py:190} INFO - [2025-03-06T23:46:05.460+0100] {dagbag.py:588} INFO - Filling up the DagBag from /home/erij/Erij_Mazouz_4DS8_churn_ml_project/venv/lib/python3.8/site-packages/airflow/example_dags/example_complex.py
[2025-03-06T23:46:05.471+0100] {processor.py:925} INFO - DAG(s) 'example_complex' retrieved from /home/erij/Erij_Mazouz_4DS8_churn_ml_project/venv/lib/python3.8/site-packages/airflow/example_dags/example_complex.py
[2025-03-06T23:46:05.492+0100] {logging_mixin.py:190} INFO - [2025-03-06T23:46:05.491+0100] {dag.py:3239} INFO - Sync 1 DAGs
[2025-03-06T23:46:05.502+0100] {logging_mixin.py:190} INFO - [2025-03-06T23:46:05.502+0100] {dag.py:4180} INFO - Setting next_dagrun for example_complex to None, run_after=None
[2025-03-06T23:46:05.543+0100] {processor.py:208} INFO - Processing /home/erij/Erij_Mazouz_4DS8_churn_ml_project/venv/lib/python3.8/site-packages/airflow/example_dags/example_complex.py took 0.091 seconds
[2025-03-06T23:47:01.552+0100] {processor.py:186} INFO - Started process (PID=57376) to work on /home/erij/Erij_Mazouz_4DS8_churn_ml_project/venv/lib/python3.8/site-packages/airflow/example_dags/example_complex.py
[2025-03-06T23:47:01.554+0100] {processor.py:914} INFO - Processing file /home/erij/Erij_Mazouz_4DS8_churn_ml_project/venv/lib/python3.8/site-packages/airflow/example_dags/example_complex.py for tasks to queue
[2025-03-06T23:47:01.556+0100] {logging_mixin.py:190} INFO - [2025-03-06T23:47:01.555+0100] {dagbag.py:588} INFO - Filling up the DagBag from /home/erij/Erij_Mazouz_4DS8_churn_ml_project/venv/lib/python3.8/site-packages/airflow/example_dags/example_complex.py
[2025-03-06T23:47:01.566+0100] {processor.py:925} INFO - DAG(s) 'example_complex' retrieved from /home/erij/Erij_Mazouz_4DS8_churn_ml_project/venv/lib/python3.8/site-packages/airflow/example_dags/example_complex.py
[2025-03-06T23:47:01.586+0100] {logging_mixin.py:190} INFO - [2025-03-06T23:47:01.586+0100] {dag.py:3239} INFO - Sync 1 DAGs
[2025-03-06T23:47:01.597+0100] {logging_mixin.py:190} INFO - [2025-03-06T23:47:01.596+0100] {dag.py:4180} INFO - Setting next_dagrun for example_complex to None, run_after=None
[2025-03-06T23:47:01.614+0100] {processor.py:208} INFO - Processing /home/erij/Erij_Mazouz_4DS8_churn_ml_project/venv/lib/python3.8/site-packages/airflow/example_dags/example_complex.py took 0.067 seconds
[2025-03-06T23:47:59.272+0100] {processor.py:186} INFO - Started process (PID=57493) to work on /home/erij/Erij_Mazouz_4DS8_churn_ml_project/venv/lib/python3.8/site-packages/airflow/example_dags/example_complex.py
[2025-03-06T23:47:59.274+0100] {processor.py:914} INFO - Processing file /home/erij/Erij_Mazouz_4DS8_churn_ml_project/venv/lib/python3.8/site-packages/airflow/example_dags/example_complex.py for tasks to queue
[2025-03-06T23:47:59.276+0100] {logging_mixin.py:190} INFO - [2025-03-06T23:47:59.276+0100] {dagbag.py:588} INFO - Filling up the DagBag from /home/erij/Erij_Mazouz_4DS8_churn_ml_project/venv/lib/python3.8/site-packages/airflow/example_dags/example_complex.py
[2025-03-06T23:47:59.286+0100] {processor.py:925} INFO - DAG(s) 'example_complex' retrieved from /home/erij/Erij_Mazouz_4DS8_churn_ml_project/venv/lib/python3.8/site-packages/airflow/example_dags/example_complex.py
[2025-03-06T23:47:59.305+0100] {logging_mixin.py:190} INFO - [2025-03-06T23:47:59.304+0100] {dag.py:3239} INFO - Sync 1 DAGs
[2025-03-06T23:47:59.315+0100] {logging_mixin.py:190} INFO - [2025-03-06T23:47:59.315+0100] {dag.py:4180} INFO - Setting next_dagrun for example_complex to None, run_after=None
[2025-03-06T23:47:59.333+0100] {processor.py:208} INFO - Processing /home/erij/Erij_Mazouz_4DS8_churn_ml_project/venv/lib/python3.8/site-packages/airflow/example_dags/example_complex.py took 0.066 seconds
[2025-03-06T23:48:56.973+0100] {processor.py:186} INFO - Started process (PID=57611) to work on /home/erij/Erij_Mazouz_4DS8_churn_ml_project/venv/lib/python3.8/site-packages/airflow/example_dags/example_complex.py
[2025-03-06T23:48:56.975+0100] {processor.py:914} INFO - Processing file /home/erij/Erij_Mazouz_4DS8_churn_ml_project/venv/lib/python3.8/site-packages/airflow/example_dags/example_complex.py for tasks to queue
[2025-03-06T23:48:56.977+0100] {logging_mixin.py:190} INFO - [2025-03-06T23:48:56.977+0100] {dagbag.py:588} INFO - Filling up the DagBag from /home/erij/Erij_Mazouz_4DS8_churn_ml_project/venv/lib/python3.8/site-packages/airflow/example_dags/example_complex.py
[2025-03-06T23:48:56.989+0100] {processor.py:925} INFO - DAG(s) 'example_complex' retrieved from /home/erij/Erij_Mazouz_4DS8_churn_ml_project/venv/lib/python3.8/site-packages/airflow/example_dags/example_complex.py
[2025-03-06T23:48:57.011+0100] {logging_mixin.py:190} INFO - [2025-03-06T23:48:57.011+0100] {dag.py:3239} INFO - Sync 1 DAGs
[2025-03-06T23:48:57.023+0100] {logging_mixin.py:190} INFO - [2025-03-06T23:48:57.023+0100] {dag.py:4180} INFO - Setting next_dagrun for example_complex to None, run_after=None
[2025-03-06T23:48:57.041+0100] {processor.py:208} INFO - Processing /home/erij/Erij_Mazouz_4DS8_churn_ml_project/venv/lib/python3.8/site-packages/airflow/example_dags/example_complex.py took 0.074 seconds
[2025-03-06T23:49:52.465+0100] {processor.py:186} INFO - Started process (PID=57721) to work on /home/erij/Erij_Mazouz_4DS8_churn_ml_project/venv/lib/python3.8/site-packages/airflow/example_dags/example_complex.py
[2025-03-06T23:49:52.466+0100] {processor.py:914} INFO - Processing file /home/erij/Erij_Mazouz_4DS8_churn_ml_project/venv/lib/python3.8/site-packages/airflow/example_dags/example_complex.py for tasks to queue
[2025-03-06T23:49:52.468+0100] {logging_mixin.py:190} INFO - [2025-03-06T23:49:52.468+0100] {dagbag.py:588} INFO - Filling up the DagBag from /home/erij/Erij_Mazouz_4DS8_churn_ml_project/venv/lib/python3.8/site-packages/airflow/example_dags/example_complex.py
[2025-03-06T23:49:52.479+0100] {processor.py:925} INFO - DAG(s) 'example_complex' retrieved from /home/erij/Erij_Mazouz_4DS8_churn_ml_project/venv/lib/python3.8/site-packages/airflow/example_dags/example_complex.py
[2025-03-06T23:49:52.500+0100] {logging_mixin.py:190} INFO - [2025-03-06T23:49:52.499+0100] {dag.py:3239} INFO - Sync 1 DAGs
[2025-03-06T23:49:52.510+0100] {logging_mixin.py:190} INFO - [2025-03-06T23:49:52.510+0100] {dag.py:4180} INFO - Setting next_dagrun for example_complex to None, run_after=None
[2025-03-06T23:49:52.527+0100] {processor.py:208} INFO - Processing /home/erij/Erij_Mazouz_4DS8_churn_ml_project/venv/lib/python3.8/site-packages/airflow/example_dags/example_complex.py took 0.068 seconds
[2025-03-06T23:51:14.899+0100] {processor.py:186} INFO - Started process (PID=57885) to work on /home/erij/Erij_Mazouz_4DS8_churn_ml_project/venv/lib/python3.8/site-packages/airflow/example_dags/example_complex.py
[2025-03-06T23:51:14.901+0100] {processor.py:914} INFO - Processing file /home/erij/Erij_Mazouz_4DS8_churn_ml_project/venv/lib/python3.8/site-packages/airflow/example_dags/example_complex.py for tasks to queue
[2025-03-06T23:51:14.903+0100] {logging_mixin.py:190} INFO - [2025-03-06T23:51:14.902+0100] {dagbag.py:588} INFO - Filling up the DagBag from /home/erij/Erij_Mazouz_4DS8_churn_ml_project/venv/lib/python3.8/site-packages/airflow/example_dags/example_complex.py
[2025-03-06T23:51:14.913+0100] {processor.py:925} INFO - DAG(s) 'example_complex' retrieved from /home/erij/Erij_Mazouz_4DS8_churn_ml_project/venv/lib/python3.8/site-packages/airflow/example_dags/example_complex.py
[2025-03-06T23:51:14.932+0100] {logging_mixin.py:190} INFO - [2025-03-06T23:51:14.932+0100] {dag.py:3239} INFO - Sync 1 DAGs
[2025-03-06T23:51:14.943+0100] {logging_mixin.py:190} INFO - [2025-03-06T23:51:14.942+0100] {dag.py:4180} INFO - Setting next_dagrun for example_complex to None, run_after=None
[2025-03-06T23:51:14.963+0100] {processor.py:208} INFO - Processing /home/erij/Erij_Mazouz_4DS8_churn_ml_project/venv/lib/python3.8/site-packages/airflow/example_dags/example_complex.py took 0.068 seconds
[2025-03-06T23:52:11.041+0100] {processor.py:186} INFO - Started process (PID=57999) to work on /home/erij/Erij_Mazouz_4DS8_churn_ml_project/venv/lib/python3.8/site-packages/airflow/example_dags/example_complex.py
[2025-03-06T23:52:11.044+0100] {processor.py:914} INFO - Processing file /home/erij/Erij_Mazouz_4DS8_churn_ml_project/venv/lib/python3.8/site-packages/airflow/example_dags/example_complex.py for tasks to queue
[2025-03-06T23:52:11.047+0100] {logging_mixin.py:190} INFO - [2025-03-06T23:52:11.046+0100] {dagbag.py:588} INFO - Filling up the DagBag from /home/erij/Erij_Mazouz_4DS8_churn_ml_project/venv/lib/python3.8/site-packages/airflow/example_dags/example_complex.py
[2025-03-06T23:52:11.060+0100] {processor.py:925} INFO - DAG(s) 'example_complex' retrieved from /home/erij/Erij_Mazouz_4DS8_churn_ml_project/venv/lib/python3.8/site-packages/airflow/example_dags/example_complex.py
[2025-03-06T23:52:11.084+0100] {logging_mixin.py:190} INFO - [2025-03-06T23:52:11.084+0100] {dag.py:3239} INFO - Sync 1 DAGs
[2025-03-06T23:52:11.095+0100] {logging_mixin.py:190} INFO - [2025-03-06T23:52:11.095+0100] {dag.py:4180} INFO - Setting next_dagrun for example_complex to None, run_after=None
[2025-03-06T23:52:11.114+0100] {processor.py:208} INFO - Processing /home/erij/Erij_Mazouz_4DS8_churn_ml_project/venv/lib/python3.8/site-packages/airflow/example_dags/example_complex.py took 0.078 seconds
[2025-03-06T23:53:06.504+0100] {processor.py:186} INFO - Started process (PID=58114) to work on /home/erij/Erij_Mazouz_4DS8_churn_ml_project/venv/lib/python3.8/site-packages/airflow/example_dags/example_complex.py
[2025-03-06T23:53:06.507+0100] {processor.py:914} INFO - Processing file /home/erij/Erij_Mazouz_4DS8_churn_ml_project/venv/lib/python3.8/site-packages/airflow/example_dags/example_complex.py for tasks to queue
[2025-03-06T23:53:06.509+0100] {logging_mixin.py:190} INFO - [2025-03-06T23:53:06.508+0100] {dagbag.py:588} INFO - Filling up the DagBag from /home/erij/Erij_Mazouz_4DS8_churn_ml_project/venv/lib/python3.8/site-packages/airflow/example_dags/example_complex.py
[2025-03-06T23:53:06.521+0100] {processor.py:925} INFO - DAG(s) 'example_complex' retrieved from /home/erij/Erij_Mazouz_4DS8_churn_ml_project/venv/lib/python3.8/site-packages/airflow/example_dags/example_complex.py
[2025-03-06T23:53:06.543+0100] {logging_mixin.py:190} INFO - [2025-03-06T23:53:06.543+0100] {dag.py:3239} INFO - Sync 1 DAGs
[2025-03-06T23:53:06.555+0100] {logging_mixin.py:190} INFO - [2025-03-06T23:53:06.555+0100] {dag.py:4180} INFO - Setting next_dagrun for example_complex to None, run_after=None
[2025-03-06T23:53:06.575+0100] {processor.py:208} INFO - Processing /home/erij/Erij_Mazouz_4DS8_churn_ml_project/venv/lib/python3.8/site-packages/airflow/example_dags/example_complex.py took 0.075 seconds
[2025-03-06T23:54:04.169+0100] {processor.py:186} INFO - Started process (PID=58243) to work on /home/erij/Erij_Mazouz_4DS8_churn_ml_project/venv/lib/python3.8/site-packages/airflow/example_dags/example_complex.py
[2025-03-06T23:54:04.171+0100] {processor.py:914} INFO - Processing file /home/erij/Erij_Mazouz_4DS8_churn_ml_project/venv/lib/python3.8/site-packages/airflow/example_dags/example_complex.py for tasks to queue
[2025-03-06T23:54:04.173+0100] {logging_mixin.py:190} INFO - [2025-03-06T23:54:04.173+0100] {dagbag.py:588} INFO - Filling up the DagBag from /home/erij/Erij_Mazouz_4DS8_churn_ml_project/venv/lib/python3.8/site-packages/airflow/example_dags/example_complex.py
[2025-03-06T23:54:04.185+0100] {processor.py:925} INFO - DAG(s) 'example_complex' retrieved from /home/erij/Erij_Mazouz_4DS8_churn_ml_project/venv/lib/python3.8/site-packages/airflow/example_dags/example_complex.py
[2025-03-06T23:54:04.207+0100] {logging_mixin.py:190} INFO - [2025-03-06T23:54:04.207+0100] {dag.py:3239} INFO - Sync 1 DAGs
[2025-03-06T23:54:04.218+0100] {logging_mixin.py:190} INFO - [2025-03-06T23:54:04.218+0100] {dag.py:4180} INFO - Setting next_dagrun for example_complex to None, run_after=None
[2025-03-06T23:54:04.235+0100] {processor.py:208} INFO - Processing /home/erij/Erij_Mazouz_4DS8_churn_ml_project/venv/lib/python3.8/site-packages/airflow/example_dags/example_complex.py took 0.071 seconds
[2025-03-06T23:55:01.437+0100] {processor.py:186} INFO - Started process (PID=58611) to work on /home/erij/Erij_Mazouz_4DS8_churn_ml_project/venv/lib/python3.8/site-packages/airflow/example_dags/example_complex.py
[2025-03-06T23:55:01.438+0100] {processor.py:914} INFO - Processing file /home/erij/Erij_Mazouz_4DS8_churn_ml_project/venv/lib/python3.8/site-packages/airflow/example_dags/example_complex.py for tasks to queue
[2025-03-06T23:55:01.440+0100] {logging_mixin.py:190} INFO - [2025-03-06T23:55:01.440+0100] {dagbag.py:588} INFO - Filling up the DagBag from /home/erij/Erij_Mazouz_4DS8_churn_ml_project/venv/lib/python3.8/site-packages/airflow/example_dags/example_complex.py
[2025-03-06T23:55:01.451+0100] {processor.py:925} INFO - DAG(s) 'example_complex' retrieved from /home/erij/Erij_Mazouz_4DS8_churn_ml_project/venv/lib/python3.8/site-packages/airflow/example_dags/example_complex.py
[2025-03-06T23:55:01.471+0100] {logging_mixin.py:190} INFO - [2025-03-06T23:55:01.471+0100] {dag.py:3239} INFO - Sync 1 DAGs
[2025-03-06T23:55:01.481+0100] {logging_mixin.py:190} INFO - [2025-03-06T23:55:01.481+0100] {dag.py:4180} INFO - Setting next_dagrun for example_complex to None, run_after=None
[2025-03-06T23:55:01.500+0100] {processor.py:208} INFO - Processing /home/erij/Erij_Mazouz_4DS8_churn_ml_project/venv/lib/python3.8/site-packages/airflow/example_dags/example_complex.py took 0.068 seconds
[2025-03-06T23:56:00.420+0100] {processor.py:186} INFO - Started process (PID=59176) to work on /home/erij/Erij_Mazouz_4DS8_churn_ml_project/venv/lib/python3.8/site-packages/airflow/example_dags/example_complex.py
[2025-03-06T23:56:00.421+0100] {processor.py:914} INFO - Processing file /home/erij/Erij_Mazouz_4DS8_churn_ml_project/venv/lib/python3.8/site-packages/airflow/example_dags/example_complex.py for tasks to queue
[2025-03-06T23:56:00.423+0100] {logging_mixin.py:190} INFO - [2025-03-06T23:56:00.422+0100] {dagbag.py:588} INFO - Filling up the DagBag from /home/erij/Erij_Mazouz_4DS8_churn_ml_project/venv/lib/python3.8/site-packages/airflow/example_dags/example_complex.py
[2025-03-06T23:56:00.433+0100] {processor.py:925} INFO - DAG(s) 'example_complex' retrieved from /home/erij/Erij_Mazouz_4DS8_churn_ml_project/venv/lib/python3.8/site-packages/airflow/example_dags/example_complex.py
[2025-03-06T23:56:00.452+0100] {logging_mixin.py:190} INFO - [2025-03-06T23:56:00.452+0100] {dag.py:3239} INFO - Sync 1 DAGs
[2025-03-06T23:56:00.462+0100] {logging_mixin.py:190} INFO - [2025-03-06T23:56:00.461+0100] {dag.py:4180} INFO - Setting next_dagrun for example_complex to None, run_after=None
[2025-03-06T23:56:00.478+0100] {processor.py:208} INFO - Processing /home/erij/Erij_Mazouz_4DS8_churn_ml_project/venv/lib/python3.8/site-packages/airflow/example_dags/example_complex.py took 0.062 seconds
[2025-03-06T23:56:55.342+0100] {processor.py:186} INFO - Started process (PID=59307) to work on /home/erij/Erij_Mazouz_4DS8_churn_ml_project/venv/lib/python3.8/site-packages/airflow/example_dags/example_complex.py
[2025-03-06T23:56:55.344+0100] {processor.py:914} INFO - Processing file /home/erij/Erij_Mazouz_4DS8_churn_ml_project/venv/lib/python3.8/site-packages/airflow/example_dags/example_complex.py for tasks to queue
[2025-03-06T23:56:55.346+0100] {logging_mixin.py:190} INFO - [2025-03-06T23:56:55.345+0100] {dagbag.py:588} INFO - Filling up the DagBag from /home/erij/Erij_Mazouz_4DS8_churn_ml_project/venv/lib/python3.8/site-packages/airflow/example_dags/example_complex.py
[2025-03-06T23:56:55.356+0100] {processor.py:925} INFO - DAG(s) 'example_complex' retrieved from /home/erij/Erij_Mazouz_4DS8_churn_ml_project/venv/lib/python3.8/site-packages/airflow/example_dags/example_complex.py
[2025-03-06T23:56:55.377+0100] {logging_mixin.py:190} INFO - [2025-03-06T23:56:55.377+0100] {dag.py:3239} INFO - Sync 1 DAGs
[2025-03-06T23:56:55.387+0100] {logging_mixin.py:190} INFO - [2025-03-06T23:56:55.387+0100] {dag.py:4180} INFO - Setting next_dagrun for example_complex to None, run_after=None
[2025-03-06T23:56:55.407+0100] {processor.py:208} INFO - Processing /home/erij/Erij_Mazouz_4DS8_churn_ml_project/venv/lib/python3.8/site-packages/airflow/example_dags/example_complex.py took 0.069 seconds
[2025-03-06T23:57:51.314+0100] {processor.py:186} INFO - Started process (PID=59431) to work on /home/erij/Erij_Mazouz_4DS8_churn_ml_project/venv/lib/python3.8/site-packages/airflow/example_dags/example_complex.py
[2025-03-06T23:57:51.316+0100] {processor.py:914} INFO - Processing file /home/erij/Erij_Mazouz_4DS8_churn_ml_project/venv/lib/python3.8/site-packages/airflow/example_dags/example_complex.py for tasks to queue
[2025-03-06T23:57:51.318+0100] {logging_mixin.py:190} INFO - [2025-03-06T23:57:51.318+0100] {dagbag.py:588} INFO - Filling up the DagBag from /home/erij/Erij_Mazouz_4DS8_churn_ml_project/venv/lib/python3.8/site-packages/airflow/example_dags/example_complex.py
[2025-03-06T23:57:51.331+0100] {processor.py:925} INFO - DAG(s) 'example_complex' retrieved from /home/erij/Erij_Mazouz_4DS8_churn_ml_project/venv/lib/python3.8/site-packages/airflow/example_dags/example_complex.py
[2025-03-06T23:57:51.355+0100] {logging_mixin.py:190} INFO - [2025-03-06T23:57:51.354+0100] {dag.py:3239} INFO - Sync 1 DAGs
[2025-03-06T23:57:51.368+0100] {logging_mixin.py:190} INFO - [2025-03-06T23:57:51.368+0100] {dag.py:4180} INFO - Setting next_dagrun for example_complex to None, run_after=None
[2025-03-06T23:57:51.388+0100] {processor.py:208} INFO - Processing /home/erij/Erij_Mazouz_4DS8_churn_ml_project/venv/lib/python3.8/site-packages/airflow/example_dags/example_complex.py took 0.080 seconds
[2025-03-06T23:58:45.117+0100] {processor.py:186} INFO - Started process (PID=59588) to work on /home/erij/Erij_Mazouz_4DS8_churn_ml_project/venv/lib/python3.8/site-packages/airflow/example_dags/example_complex.py
[2025-03-06T23:58:45.119+0100] {processor.py:914} INFO - Processing file /home/erij/Erij_Mazouz_4DS8_churn_ml_project/venv/lib/python3.8/site-packages/airflow/example_dags/example_complex.py for tasks to queue
[2025-03-06T23:58:45.121+0100] {logging_mixin.py:190} INFO - [2025-03-06T23:58:45.120+0100] {dagbag.py:588} INFO - Filling up the DagBag from /home/erij/Erij_Mazouz_4DS8_churn_ml_project/venv/lib/python3.8/site-packages/airflow/example_dags/example_complex.py
[2025-03-06T23:58:45.132+0100] {processor.py:925} INFO - DAG(s) 'example_complex' retrieved from /home/erij/Erij_Mazouz_4DS8_churn_ml_project/venv/lib/python3.8/site-packages/airflow/example_dags/example_complex.py
[2025-03-06T23:58:45.153+0100] {logging_mixin.py:190} INFO - [2025-03-06T23:58:45.153+0100] {dag.py:3239} INFO - Sync 1 DAGs
[2025-03-06T23:58:45.163+0100] {logging_mixin.py:190} INFO - [2025-03-06T23:58:45.163+0100] {dag.py:4180} INFO - Setting next_dagrun for example_complex to None, run_after=None
[2025-03-06T23:58:45.182+0100] {processor.py:208} INFO - Processing /home/erij/Erij_Mazouz_4DS8_churn_ml_project/venv/lib/python3.8/site-packages/airflow/example_dags/example_complex.py took 0.071 seconds
[2025-03-07T00:00:00.640+0100] {processor.py:186} INFO - Started process (PID=59806) to work on /home/erij/Erij_Mazouz_4DS8_churn_ml_project/venv/lib/python3.8/site-packages/airflow/example_dags/example_complex.py
[2025-03-07T00:00:00.643+0100] {processor.py:914} INFO - Processing file /home/erij/Erij_Mazouz_4DS8_churn_ml_project/venv/lib/python3.8/site-packages/airflow/example_dags/example_complex.py for tasks to queue
[2025-03-07T00:00:00.645+0100] {logging_mixin.py:190} INFO - [2025-03-07T00:00:00.644+0100] {dagbag.py:588} INFO - Filling up the DagBag from /home/erij/Erij_Mazouz_4DS8_churn_ml_project/venv/lib/python3.8/site-packages/airflow/example_dags/example_complex.py
[2025-03-07T00:00:00.656+0100] {processor.py:925} INFO - DAG(s) 'example_complex' retrieved from /home/erij/Erij_Mazouz_4DS8_churn_ml_project/venv/lib/python3.8/site-packages/airflow/example_dags/example_complex.py
[2025-03-07T00:00:00.679+0100] {logging_mixin.py:190} INFO - [2025-03-07T00:00:00.679+0100] {dag.py:3239} INFO - Sync 1 DAGs
[2025-03-07T00:00:00.691+0100] {logging_mixin.py:190} INFO - [2025-03-07T00:00:00.691+0100] {dag.py:4180} INFO - Setting next_dagrun for example_complex to None, run_after=None
[2025-03-07T00:00:00.709+0100] {processor.py:208} INFO - Processing /home/erij/Erij_Mazouz_4DS8_churn_ml_project/venv/lib/python3.8/site-packages/airflow/example_dags/example_complex.py took 0.074 seconds
[2025-03-07T00:01:21.316+0100] {processor.py:186} INFO - Started process (PID=60089) to work on /home/erij/Erij_Mazouz_4DS8_churn_ml_project/venv/lib/python3.8/site-packages/airflow/example_dags/example_complex.py
[2025-03-07T00:01:21.318+0100] {processor.py:914} INFO - Processing file /home/erij/Erij_Mazouz_4DS8_churn_ml_project/venv/lib/python3.8/site-packages/airflow/example_dags/example_complex.py for tasks to queue
[2025-03-07T00:01:21.320+0100] {logging_mixin.py:190} INFO - [2025-03-07T00:01:21.319+0100] {dagbag.py:588} INFO - Filling up the DagBag from /home/erij/Erij_Mazouz_4DS8_churn_ml_project/venv/lib/python3.8/site-packages/airflow/example_dags/example_complex.py
[2025-03-07T00:01:21.331+0100] {processor.py:925} INFO - DAG(s) 'example_complex' retrieved from /home/erij/Erij_Mazouz_4DS8_churn_ml_project/venv/lib/python3.8/site-packages/airflow/example_dags/example_complex.py
[2025-03-07T00:01:21.352+0100] {logging_mixin.py:190} INFO - [2025-03-07T00:01:21.352+0100] {dag.py:3239} INFO - Sync 1 DAGs
[2025-03-07T00:01:21.363+0100] {logging_mixin.py:190} INFO - [2025-03-07T00:01:21.363+0100] {dag.py:4180} INFO - Setting next_dagrun for example_complex to None, run_after=None
[2025-03-07T00:01:21.379+0100] {processor.py:208} INFO - Processing /home/erij/Erij_Mazouz_4DS8_churn_ml_project/venv/lib/python3.8/site-packages/airflow/example_dags/example_complex.py took 0.068 seconds
[2025-03-07T00:02:43.440+0100] {processor.py:186} INFO - Started process (PID=60369) to work on /home/erij/Erij_Mazouz_4DS8_churn_ml_project/venv/lib/python3.8/site-packages/airflow/example_dags/example_complex.py
[2025-03-07T00:02:43.443+0100] {processor.py:914} INFO - Processing file /home/erij/Erij_Mazouz_4DS8_churn_ml_project/venv/lib/python3.8/site-packages/airflow/example_dags/example_complex.py for tasks to queue
[2025-03-07T00:02:43.445+0100] {logging_mixin.py:190} INFO - [2025-03-07T00:02:43.444+0100] {dagbag.py:588} INFO - Filling up the DagBag from /home/erij/Erij_Mazouz_4DS8_churn_ml_project/venv/lib/python3.8/site-packages/airflow/example_dags/example_complex.py
[2025-03-07T00:02:43.456+0100] {processor.py:925} INFO - DAG(s) 'example_complex' retrieved from /home/erij/Erij_Mazouz_4DS8_churn_ml_project/venv/lib/python3.8/site-packages/airflow/example_dags/example_complex.py
[2025-03-07T00:02:43.479+0100] {logging_mixin.py:190} INFO - [2025-03-07T00:02:43.479+0100] {dag.py:3239} INFO - Sync 1 DAGs
[2025-03-07T00:02:43.491+0100] {logging_mixin.py:190} INFO - [2025-03-07T00:02:43.491+0100] {dag.py:4180} INFO - Setting next_dagrun for example_complex to None, run_after=None
[2025-03-07T00:02:43.509+0100] {processor.py:208} INFO - Processing /home/erij/Erij_Mazouz_4DS8_churn_ml_project/venv/lib/python3.8/site-packages/airflow/example_dags/example_complex.py took 0.075 seconds
