[2025-03-06T23:39:49.226+0100] {processor.py:186} INFO - Started process (PID=56163) to work on /home/erij/Erij_Mazouz_4DS8_churn_ml_project/venv/lib/python3.8/site-packages/airflow/example_dags/example_inlet_event_extra.py
[2025-03-06T23:39:49.227+0100] {processor.py:914} INFO - Processing file /home/erij/Erij_Mazouz_4DS8_churn_ml_project/venv/lib/python3.8/site-packages/airflow/example_dags/example_inlet_event_extra.py for tasks to queue
[2025-03-06T23:39:49.228+0100] {logging_mixin.py:190} INFO - [2025-03-06T23:39:49.228+0100] {dagbag.py:588} INFO - Filling up the DagBag from /home/erij/Erij_Mazouz_4DS8_churn_ml_project/venv/lib/python3.8/site-packages/airflow/example_dags/example_inlet_event_extra.py
[2025-03-06T23:39:49.239+0100] {processor.py:925} INFO - DAG(s) 'read_dataset_event', 'read_dataset_event_from_classic' retrieved from /home/erij/Erij_Mazouz_4DS8_churn_ml_project/venv/lib/python3.8/site-packages/airflow/example_dags/example_inlet_event_extra.py
[2025-03-06T23:39:49.252+0100] {logging_mixin.py:190} INFO - [2025-03-06T23:39:49.252+0100] {dag.py:3239} INFO - Sync 2 DAGs
[2025-03-06T23:39:49.270+0100] {logging_mixin.py:190} INFO - [2025-03-06T23:39:49.270+0100] {dag.py:4180} INFO - Setting next_dagrun for read_dataset_event to 2025-03-05 00:00:00+00:00, run_after=2025-03-06 00:00:00+00:00
[2025-03-06T23:39:49.274+0100] {logging_mixin.py:190} INFO - [2025-03-06T23:39:49.274+0100] {dag.py:4180} INFO - Setting next_dagrun for read_dataset_event_from_classic to 2025-03-05 00:00:00+00:00, run_after=2025-03-06 00:00:00+00:00
[2025-03-06T23:39:49.291+0100] {processor.py:208} INFO - Processing /home/erij/Erij_Mazouz_4DS8_churn_ml_project/venv/lib/python3.8/site-packages/airflow/example_dags/example_inlet_event_extra.py took 0.070 seconds
[2025-03-06T23:41:07.121+0100] {processor.py:186} INFO - Started process (PID=56550) to work on /home/erij/Erij_Mazouz_4DS8_churn_ml_project/venv/lib/python3.8/site-packages/airflow/example_dags/example_inlet_event_extra.py
[2025-03-06T23:41:07.123+0100] {processor.py:914} INFO - Processing file /home/erij/Erij_Mazouz_4DS8_churn_ml_project/venv/lib/python3.8/site-packages/airflow/example_dags/example_inlet_event_extra.py for tasks to queue
[2025-03-06T23:41:07.126+0100] {logging_mixin.py:190} INFO - [2025-03-06T23:41:07.125+0100] {dagbag.py:588} INFO - Filling up the DagBag from /home/erij/Erij_Mazouz_4DS8_churn_ml_project/venv/lib/python3.8/site-packages/airflow/example_dags/example_inlet_event_extra.py
[2025-03-06T23:41:07.138+0100] {processor.py:925} INFO - DAG(s) 'read_dataset_event_from_classic', 'read_dataset_event' retrieved from /home/erij/Erij_Mazouz_4DS8_churn_ml_project/venv/lib/python3.8/site-packages/airflow/example_dags/example_inlet_event_extra.py
[2025-03-06T23:41:07.155+0100] {logging_mixin.py:190} INFO - [2025-03-06T23:41:07.155+0100] {dag.py:3239} INFO - Sync 2 DAGs
[2025-03-06T23:41:07.175+0100] {logging_mixin.py:190} INFO - [2025-03-06T23:41:07.175+0100] {dag.py:4180} INFO - Setting next_dagrun for read_dataset_event to 2025-03-05 00:00:00+00:00, run_after=2025-03-06 00:00:00+00:00
[2025-03-06T23:41:07.180+0100] {logging_mixin.py:190} INFO - [2025-03-06T23:41:07.180+0100] {dag.py:4180} INFO - Setting next_dagrun for read_dataset_event_from_classic to 2025-03-05 00:00:00+00:00, run_after=2025-03-06 00:00:00+00:00
[2025-03-06T23:41:07.195+0100] {processor.py:208} INFO - Processing /home/erij/Erij_Mazouz_4DS8_churn_ml_project/venv/lib/python3.8/site-packages/airflow/example_dags/example_inlet_event_extra.py took 0.080 seconds
[2025-03-06T23:42:03.666+0100] {processor.py:186} INFO - Started process (PID=56686) to work on /home/erij/Erij_Mazouz_4DS8_churn_ml_project/venv/lib/python3.8/site-packages/airflow/example_dags/example_inlet_event_extra.py
[2025-03-06T23:42:03.667+0100] {processor.py:914} INFO - Processing file /home/erij/Erij_Mazouz_4DS8_churn_ml_project/venv/lib/python3.8/site-packages/airflow/example_dags/example_inlet_event_extra.py for tasks to queue
[2025-03-06T23:42:03.669+0100] {logging_mixin.py:190} INFO - [2025-03-06T23:42:03.669+0100] {dagbag.py:588} INFO - Filling up the DagBag from /home/erij/Erij_Mazouz_4DS8_churn_ml_project/venv/lib/python3.8/site-packages/airflow/example_dags/example_inlet_event_extra.py
[2025-03-06T23:42:03.681+0100] {processor.py:925} INFO - DAG(s) 'read_dataset_event_from_classic', 'read_dataset_event' retrieved from /home/erij/Erij_Mazouz_4DS8_churn_ml_project/venv/lib/python3.8/site-packages/airflow/example_dags/example_inlet_event_extra.py
[2025-03-06T23:42:03.696+0100] {logging_mixin.py:190} INFO - [2025-03-06T23:42:03.696+0100] {dag.py:3239} INFO - Sync 2 DAGs
[2025-03-06T23:42:03.717+0100] {logging_mixin.py:190} INFO - [2025-03-06T23:42:03.717+0100] {dag.py:4180} INFO - Setting next_dagrun for read_dataset_event to 2025-03-05 00:00:00+00:00, run_after=2025-03-06 00:00:00+00:00
[2025-03-06T23:42:03.721+0100] {logging_mixin.py:190} INFO - [2025-03-06T23:42:03.721+0100] {dag.py:4180} INFO - Setting next_dagrun for read_dataset_event_from_classic to 2025-03-05 00:00:00+00:00, run_after=2025-03-06 00:00:00+00:00
[2025-03-06T23:42:03.739+0100] {processor.py:208} INFO - Processing /home/erij/Erij_Mazouz_4DS8_churn_ml_project/venv/lib/python3.8/site-packages/airflow/example_dags/example_inlet_event_extra.py took 0.078 seconds
[2025-03-06T23:43:15.571+0100] {processor.py:186} INFO - Started process (PID=56864) to work on /home/erij/Erij_Mazouz_4DS8_churn_ml_project/venv/lib/python3.8/site-packages/airflow/example_dags/example_inlet_event_extra.py
[2025-03-06T23:43:15.573+0100] {processor.py:914} INFO - Processing file /home/erij/Erij_Mazouz_4DS8_churn_ml_project/venv/lib/python3.8/site-packages/airflow/example_dags/example_inlet_event_extra.py for tasks to queue
[2025-03-06T23:43:15.576+0100] {logging_mixin.py:190} INFO - [2025-03-06T23:43:15.576+0100] {dagbag.py:588} INFO - Filling up the DagBag from /home/erij/Erij_Mazouz_4DS8_churn_ml_project/venv/lib/python3.8/site-packages/airflow/example_dags/example_inlet_event_extra.py
[2025-03-06T23:43:15.587+0100] {processor.py:925} INFO - DAG(s) 'read_dataset_event_from_classic', 'read_dataset_event' retrieved from /home/erij/Erij_Mazouz_4DS8_churn_ml_project/venv/lib/python3.8/site-packages/airflow/example_dags/example_inlet_event_extra.py
[2025-03-06T23:43:15.600+0100] {logging_mixin.py:190} INFO - [2025-03-06T23:43:15.600+0100] {dag.py:3239} INFO - Sync 2 DAGs
[2025-03-06T23:43:15.619+0100] {logging_mixin.py:190} INFO - [2025-03-06T23:43:15.618+0100] {dag.py:4180} INFO - Setting next_dagrun for read_dataset_event to 2025-03-05 00:00:00+00:00, run_after=2025-03-06 00:00:00+00:00
[2025-03-06T23:43:15.622+0100] {logging_mixin.py:190} INFO - [2025-03-06T23:43:15.622+0100] {dag.py:4180} INFO - Setting next_dagrun for read_dataset_event_from_classic to 2025-03-05 00:00:00+00:00, run_after=2025-03-06 00:00:00+00:00
[2025-03-06T23:43:15.637+0100] {processor.py:208} INFO - Processing /home/erij/Erij_Mazouz_4DS8_churn_ml_project/venv/lib/python3.8/site-packages/airflow/example_dags/example_inlet_event_extra.py took 0.072 seconds
[2025-03-06T23:44:09.259+0100] {processor.py:186} INFO - Started process (PID=56977) to work on /home/erij/Erij_Mazouz_4DS8_churn_ml_project/venv/lib/python3.8/site-packages/airflow/example_dags/example_inlet_event_extra.py
[2025-03-06T23:44:09.261+0100] {processor.py:914} INFO - Processing file /home/erij/Erij_Mazouz_4DS8_churn_ml_project/venv/lib/python3.8/site-packages/airflow/example_dags/example_inlet_event_extra.py for tasks to queue
[2025-03-06T23:44:09.263+0100] {logging_mixin.py:190} INFO - [2025-03-06T23:44:09.263+0100] {dagbag.py:588} INFO - Filling up the DagBag from /home/erij/Erij_Mazouz_4DS8_churn_ml_project/venv/lib/python3.8/site-packages/airflow/example_dags/example_inlet_event_extra.py
[2025-03-06T23:44:09.273+0100] {processor.py:925} INFO - DAG(s) 'read_dataset_event', 'read_dataset_event_from_classic' retrieved from /home/erij/Erij_Mazouz_4DS8_churn_ml_project/venv/lib/python3.8/site-packages/airflow/example_dags/example_inlet_event_extra.py
[2025-03-06T23:44:09.285+0100] {logging_mixin.py:190} INFO - [2025-03-06T23:44:09.285+0100] {dag.py:3239} INFO - Sync 2 DAGs
[2025-03-06T23:44:09.302+0100] {logging_mixin.py:190} INFO - [2025-03-06T23:44:09.302+0100] {dag.py:4180} INFO - Setting next_dagrun for read_dataset_event to 2025-03-05 00:00:00+00:00, run_after=2025-03-06 00:00:00+00:00
[2025-03-06T23:44:09.306+0100] {logging_mixin.py:190} INFO - [2025-03-06T23:44:09.305+0100] {dag.py:4180} INFO - Setting next_dagrun for read_dataset_event_from_classic to 2025-03-05 00:00:00+00:00, run_after=2025-03-06 00:00:00+00:00
[2025-03-06T23:44:09.322+0100] {processor.py:208} INFO - Processing /home/erij/Erij_Mazouz_4DS8_churn_ml_project/venv/lib/python3.8/site-packages/airflow/example_dags/example_inlet_event_extra.py took 0.068 seconds
[2025-03-06T23:45:04.356+0100] {processor.py:186} INFO - Started process (PID=57133) to work on /home/erij/Erij_Mazouz_4DS8_churn_ml_project/venv/lib/python3.8/site-packages/airflow/example_dags/example_inlet_event_extra.py
[2025-03-06T23:45:04.360+0100] {processor.py:914} INFO - Processing file /home/erij/Erij_Mazouz_4DS8_churn_ml_project/venv/lib/python3.8/site-packages/airflow/example_dags/example_inlet_event_extra.py for tasks to queue
[2025-03-06T23:45:04.361+0100] {logging_mixin.py:190} INFO - [2025-03-06T23:45:04.361+0100] {dagbag.py:588} INFO - Filling up the DagBag from /home/erij/Erij_Mazouz_4DS8_churn_ml_project/venv/lib/python3.8/site-packages/airflow/example_dags/example_inlet_event_extra.py
[2025-03-06T23:45:04.373+0100] {processor.py:925} INFO - DAG(s) 'read_dataset_event', 'read_dataset_event_from_classic' retrieved from /home/erij/Erij_Mazouz_4DS8_churn_ml_project/venv/lib/python3.8/site-packages/airflow/example_dags/example_inlet_event_extra.py
[2025-03-06T23:45:04.386+0100] {logging_mixin.py:190} INFO - [2025-03-06T23:45:04.386+0100] {dag.py:3239} INFO - Sync 2 DAGs
[2025-03-06T23:45:04.404+0100] {logging_mixin.py:190} INFO - [2025-03-06T23:45:04.403+0100] {dag.py:4180} INFO - Setting next_dagrun for read_dataset_event to 2025-03-05 00:00:00+00:00, run_after=2025-03-06 00:00:00+00:00
[2025-03-06T23:45:04.407+0100] {logging_mixin.py:190} INFO - [2025-03-06T23:45:04.407+0100] {dag.py:4180} INFO - Setting next_dagrun for read_dataset_event_from_classic to 2025-03-05 00:00:00+00:00, run_after=2025-03-06 00:00:00+00:00
[2025-03-06T23:45:04.436+0100] {processor.py:208} INFO - Processing /home/erij/Erij_Mazouz_4DS8_churn_ml_project/venv/lib/python3.8/site-packages/airflow/example_dags/example_inlet_event_extra.py took 0.085 seconds
[2025-03-06T23:46:01.970+0100] {processor.py:186} INFO - Started process (PID=57254) to work on /home/erij/Erij_Mazouz_4DS8_churn_ml_project/venv/lib/python3.8/site-packages/airflow/example_dags/example_inlet_event_extra.py
[2025-03-06T23:46:01.973+0100] {processor.py:914} INFO - Processing file /home/erij/Erij_Mazouz_4DS8_churn_ml_project/venv/lib/python3.8/site-packages/airflow/example_dags/example_inlet_event_extra.py for tasks to queue
[2025-03-06T23:46:01.974+0100] {logging_mixin.py:190} INFO - [2025-03-06T23:46:01.974+0100] {dagbag.py:588} INFO - Filling up the DagBag from /home/erij/Erij_Mazouz_4DS8_churn_ml_project/venv/lib/python3.8/site-packages/airflow/example_dags/example_inlet_event_extra.py
[2025-03-06T23:46:01.984+0100] {processor.py:925} INFO - DAG(s) 'read_dataset_event_from_classic', 'read_dataset_event' retrieved from /home/erij/Erij_Mazouz_4DS8_churn_ml_project/venv/lib/python3.8/site-packages/airflow/example_dags/example_inlet_event_extra.py
[2025-03-06T23:46:01.997+0100] {logging_mixin.py:190} INFO - [2025-03-06T23:46:01.997+0100] {dag.py:3239} INFO - Sync 2 DAGs
[2025-03-06T23:46:02.013+0100] {logging_mixin.py:190} INFO - [2025-03-06T23:46:02.013+0100] {dag.py:4180} INFO - Setting next_dagrun for read_dataset_event to 2025-03-05 00:00:00+00:00, run_after=2025-03-06 00:00:00+00:00
[2025-03-06T23:46:02.016+0100] {logging_mixin.py:190} INFO - [2025-03-06T23:46:02.016+0100] {dag.py:4180} INFO - Setting next_dagrun for read_dataset_event_from_classic to 2025-03-05 00:00:00+00:00, run_after=2025-03-06 00:00:00+00:00
[2025-03-06T23:46:02.048+0100] {processor.py:208} INFO - Processing /home/erij/Erij_Mazouz_4DS8_churn_ml_project/venv/lib/python3.8/site-packages/airflow/example_dags/example_inlet_event_extra.py took 0.082 seconds
[2025-03-06T23:46:57.717+0100] {processor.py:186} INFO - Started process (PID=57372) to work on /home/erij/Erij_Mazouz_4DS8_churn_ml_project/venv/lib/python3.8/site-packages/airflow/example_dags/example_inlet_event_extra.py
[2025-03-06T23:46:57.719+0100] {processor.py:914} INFO - Processing file /home/erij/Erij_Mazouz_4DS8_churn_ml_project/venv/lib/python3.8/site-packages/airflow/example_dags/example_inlet_event_extra.py for tasks to queue
[2025-03-06T23:46:57.721+0100] {logging_mixin.py:190} INFO - [2025-03-06T23:46:57.720+0100] {dagbag.py:588} INFO - Filling up the DagBag from /home/erij/Erij_Mazouz_4DS8_churn_ml_project/venv/lib/python3.8/site-packages/airflow/example_dags/example_inlet_event_extra.py
[2025-03-06T23:46:57.731+0100] {processor.py:925} INFO - DAG(s) 'read_dataset_event_from_classic', 'read_dataset_event' retrieved from /home/erij/Erij_Mazouz_4DS8_churn_ml_project/venv/lib/python3.8/site-packages/airflow/example_dags/example_inlet_event_extra.py
[2025-03-06T23:46:57.742+0100] {logging_mixin.py:190} INFO - [2025-03-06T23:46:57.742+0100] {dag.py:3239} INFO - Sync 2 DAGs
[2025-03-06T23:46:57.759+0100] {logging_mixin.py:190} INFO - [2025-03-06T23:46:57.759+0100] {dag.py:4180} INFO - Setting next_dagrun for read_dataset_event to 2025-03-05 00:00:00+00:00, run_after=2025-03-06 00:00:00+00:00
[2025-03-06T23:46:57.763+0100] {logging_mixin.py:190} INFO - [2025-03-06T23:46:57.763+0100] {dag.py:4180} INFO - Setting next_dagrun for read_dataset_event_from_classic to 2025-03-05 00:00:00+00:00, run_after=2025-03-06 00:00:00+00:00
[2025-03-06T23:46:57.782+0100] {processor.py:208} INFO - Processing /home/erij/Erij_Mazouz_4DS8_churn_ml_project/venv/lib/python3.8/site-packages/airflow/example_dags/example_inlet_event_extra.py took 0.070 seconds
[2025-03-06T23:47:54.140+0100] {processor.py:186} INFO - Started process (PID=57481) to work on /home/erij/Erij_Mazouz_4DS8_churn_ml_project/venv/lib/python3.8/site-packages/airflow/example_dags/example_inlet_event_extra.py
[2025-03-06T23:47:54.142+0100] {processor.py:914} INFO - Processing file /home/erij/Erij_Mazouz_4DS8_churn_ml_project/venv/lib/python3.8/site-packages/airflow/example_dags/example_inlet_event_extra.py for tasks to queue
[2025-03-06T23:47:54.144+0100] {logging_mixin.py:190} INFO - [2025-03-06T23:47:54.143+0100] {dagbag.py:588} INFO - Filling up the DagBag from /home/erij/Erij_Mazouz_4DS8_churn_ml_project/venv/lib/python3.8/site-packages/airflow/example_dags/example_inlet_event_extra.py
[2025-03-06T23:47:54.154+0100] {processor.py:925} INFO - DAG(s) 'read_dataset_event', 'read_dataset_event_from_classic' retrieved from /home/erij/Erij_Mazouz_4DS8_churn_ml_project/venv/lib/python3.8/site-packages/airflow/example_dags/example_inlet_event_extra.py
[2025-03-06T23:47:54.167+0100] {logging_mixin.py:190} INFO - [2025-03-06T23:47:54.167+0100] {dag.py:3239} INFO - Sync 2 DAGs
[2025-03-06T23:47:54.184+0100] {logging_mixin.py:190} INFO - [2025-03-06T23:47:54.184+0100] {dag.py:4180} INFO - Setting next_dagrun for read_dataset_event to 2025-03-05 00:00:00+00:00, run_after=2025-03-06 00:00:00+00:00
[2025-03-06T23:47:54.187+0100] {logging_mixin.py:190} INFO - [2025-03-06T23:47:54.187+0100] {dag.py:4180} INFO - Setting next_dagrun for read_dataset_event_from_classic to 2025-03-05 00:00:00+00:00, run_after=2025-03-06 00:00:00+00:00
[2025-03-06T23:47:54.203+0100] {processor.py:208} INFO - Processing /home/erij/Erij_Mazouz_4DS8_churn_ml_project/venv/lib/python3.8/site-packages/airflow/example_dags/example_inlet_event_extra.py took 0.067 seconds
[2025-03-06T23:48:51.919+0100] {processor.py:186} INFO - Started process (PID=57599) to work on /home/erij/Erij_Mazouz_4DS8_churn_ml_project/venv/lib/python3.8/site-packages/airflow/example_dags/example_inlet_event_extra.py
[2025-03-06T23:48:51.922+0100] {processor.py:914} INFO - Processing file /home/erij/Erij_Mazouz_4DS8_churn_ml_project/venv/lib/python3.8/site-packages/airflow/example_dags/example_inlet_event_extra.py for tasks to queue
[2025-03-06T23:48:51.923+0100] {logging_mixin.py:190} INFO - [2025-03-06T23:48:51.923+0100] {dagbag.py:588} INFO - Filling up the DagBag from /home/erij/Erij_Mazouz_4DS8_churn_ml_project/venv/lib/python3.8/site-packages/airflow/example_dags/example_inlet_event_extra.py
[2025-03-06T23:48:51.934+0100] {processor.py:925} INFO - DAG(s) 'read_dataset_event_from_classic', 'read_dataset_event' retrieved from /home/erij/Erij_Mazouz_4DS8_churn_ml_project/venv/lib/python3.8/site-packages/airflow/example_dags/example_inlet_event_extra.py
[2025-03-06T23:48:51.948+0100] {logging_mixin.py:190} INFO - [2025-03-06T23:48:51.947+0100] {dag.py:3239} INFO - Sync 2 DAGs
[2025-03-06T23:48:51.965+0100] {logging_mixin.py:190} INFO - [2025-03-06T23:48:51.965+0100] {dag.py:4180} INFO - Setting next_dagrun for read_dataset_event to 2025-03-05 00:00:00+00:00, run_after=2025-03-06 00:00:00+00:00
[2025-03-06T23:48:51.968+0100] {logging_mixin.py:190} INFO - [2025-03-06T23:48:51.968+0100] {dag.py:4180} INFO - Setting next_dagrun for read_dataset_event_from_classic to 2025-03-05 00:00:00+00:00, run_after=2025-03-06 00:00:00+00:00
[2025-03-06T23:48:51.984+0100] {processor.py:208} INFO - Processing /home/erij/Erij_Mazouz_4DS8_churn_ml_project/venv/lib/python3.8/site-packages/airflow/example_dags/example_inlet_event_extra.py took 0.070 seconds
[2025-03-06T23:49:47.664+0100] {processor.py:186} INFO - Started process (PID=57716) to work on /home/erij/Erij_Mazouz_4DS8_churn_ml_project/venv/lib/python3.8/site-packages/airflow/example_dags/example_inlet_event_extra.py
[2025-03-06T23:49:47.665+0100] {processor.py:914} INFO - Processing file /home/erij/Erij_Mazouz_4DS8_churn_ml_project/venv/lib/python3.8/site-packages/airflow/example_dags/example_inlet_event_extra.py for tasks to queue
[2025-03-06T23:49:47.667+0100] {logging_mixin.py:190} INFO - [2025-03-06T23:49:47.667+0100] {dagbag.py:588} INFO - Filling up the DagBag from /home/erij/Erij_Mazouz_4DS8_churn_ml_project/venv/lib/python3.8/site-packages/airflow/example_dags/example_inlet_event_extra.py
[2025-03-06T23:49:47.680+0100] {processor.py:925} INFO - DAG(s) 'read_dataset_event', 'read_dataset_event_from_classic' retrieved from /home/erij/Erij_Mazouz_4DS8_churn_ml_project/venv/lib/python3.8/site-packages/airflow/example_dags/example_inlet_event_extra.py
[2025-03-06T23:49:47.697+0100] {logging_mixin.py:190} INFO - [2025-03-06T23:49:47.697+0100] {dag.py:3239} INFO - Sync 2 DAGs
[2025-03-06T23:49:47.720+0100] {logging_mixin.py:190} INFO - [2025-03-06T23:49:47.719+0100] {dag.py:4180} INFO - Setting next_dagrun for read_dataset_event to 2025-03-05 00:00:00+00:00, run_after=2025-03-06 00:00:00+00:00
[2025-03-06T23:49:47.724+0100] {logging_mixin.py:190} INFO - [2025-03-06T23:49:47.724+0100] {dag.py:4180} INFO - Setting next_dagrun for read_dataset_event_from_classic to 2025-03-05 00:00:00+00:00, run_after=2025-03-06 00:00:00+00:00
[2025-03-06T23:49:47.740+0100] {processor.py:208} INFO - Processing /home/erij/Erij_Mazouz_4DS8_churn_ml_project/venv/lib/python3.8/site-packages/airflow/example_dags/example_inlet_event_extra.py took 0.083 seconds
[2025-03-06T23:50:42.702+0100] {processor.py:186} INFO - Started process (PID=57823) to work on /home/erij/Erij_Mazouz_4DS8_churn_ml_project/venv/lib/python3.8/site-packages/airflow/example_dags/example_inlet_event_extra.py
[2025-03-06T23:50:42.704+0100] {processor.py:914} INFO - Processing file /home/erij/Erij_Mazouz_4DS8_churn_ml_project/venv/lib/python3.8/site-packages/airflow/example_dags/example_inlet_event_extra.py for tasks to queue
[2025-03-06T23:50:42.706+0100] {logging_mixin.py:190} INFO - [2025-03-06T23:50:42.706+0100] {dagbag.py:588} INFO - Filling up the DagBag from /home/erij/Erij_Mazouz_4DS8_churn_ml_project/venv/lib/python3.8/site-packages/airflow/example_dags/example_inlet_event_extra.py
[2025-03-06T23:50:42.717+0100] {processor.py:925} INFO - DAG(s) 'read_dataset_event_from_classic', 'read_dataset_event' retrieved from /home/erij/Erij_Mazouz_4DS8_churn_ml_project/venv/lib/python3.8/site-packages/airflow/example_dags/example_inlet_event_extra.py
[2025-03-06T23:50:42.731+0100] {logging_mixin.py:190} INFO - [2025-03-06T23:50:42.730+0100] {dag.py:3239} INFO - Sync 2 DAGs
[2025-03-06T23:50:42.749+0100] {logging_mixin.py:190} INFO - [2025-03-06T23:50:42.749+0100] {dag.py:4180} INFO - Setting next_dagrun for read_dataset_event to 2025-03-05 00:00:00+00:00, run_after=2025-03-06 00:00:00+00:00
[2025-03-06T23:50:42.752+0100] {logging_mixin.py:190} INFO - [2025-03-06T23:50:42.752+0100] {dag.py:4180} INFO - Setting next_dagrun for read_dataset_event_from_classic to 2025-03-05 00:00:00+00:00, run_after=2025-03-06 00:00:00+00:00
[2025-03-06T23:50:42.768+0100] {processor.py:208} INFO - Processing /home/erij/Erij_Mazouz_4DS8_churn_ml_project/venv/lib/python3.8/site-packages/airflow/example_dags/example_inlet_event_extra.py took 0.071 seconds
[2025-03-06T23:51:38.492+0100] {processor.py:186} INFO - Started process (PID=57938) to work on /home/erij/Erij_Mazouz_4DS8_churn_ml_project/venv/lib/python3.8/site-packages/airflow/example_dags/example_inlet_event_extra.py
[2025-03-06T23:51:38.494+0100] {processor.py:914} INFO - Processing file /home/erij/Erij_Mazouz_4DS8_churn_ml_project/venv/lib/python3.8/site-packages/airflow/example_dags/example_inlet_event_extra.py for tasks to queue
[2025-03-06T23:51:38.496+0100] {logging_mixin.py:190} INFO - [2025-03-06T23:51:38.496+0100] {dagbag.py:588} INFO - Filling up the DagBag from /home/erij/Erij_Mazouz_4DS8_churn_ml_project/venv/lib/python3.8/site-packages/airflow/example_dags/example_inlet_event_extra.py
[2025-03-06T23:51:38.506+0100] {processor.py:925} INFO - DAG(s) 'read_dataset_event_from_classic', 'read_dataset_event' retrieved from /home/erij/Erij_Mazouz_4DS8_churn_ml_project/venv/lib/python3.8/site-packages/airflow/example_dags/example_inlet_event_extra.py
[2025-03-06T23:51:38.518+0100] {logging_mixin.py:190} INFO - [2025-03-06T23:51:38.518+0100] {dag.py:3239} INFO - Sync 2 DAGs
[2025-03-06T23:51:38.534+0100] {logging_mixin.py:190} INFO - [2025-03-06T23:51:38.534+0100] {dag.py:4180} INFO - Setting next_dagrun for read_dataset_event to 2025-03-05 00:00:00+00:00, run_after=2025-03-06 00:00:00+00:00
[2025-03-06T23:51:38.538+0100] {logging_mixin.py:190} INFO - [2025-03-06T23:51:38.537+0100] {dag.py:4180} INFO - Setting next_dagrun for read_dataset_event_from_classic to 2025-03-05 00:00:00+00:00, run_after=2025-03-06 00:00:00+00:00
[2025-03-06T23:51:38.553+0100] {processor.py:208} INFO - Processing /home/erij/Erij_Mazouz_4DS8_churn_ml_project/venv/lib/python3.8/site-packages/airflow/example_dags/example_inlet_event_extra.py took 0.066 seconds
[2025-03-06T23:52:33.913+0100] {processor.py:186} INFO - Started process (PID=58050) to work on /home/erij/Erij_Mazouz_4DS8_churn_ml_project/venv/lib/python3.8/site-packages/airflow/example_dags/example_inlet_event_extra.py
[2025-03-06T23:52:33.915+0100] {processor.py:914} INFO - Processing file /home/erij/Erij_Mazouz_4DS8_churn_ml_project/venv/lib/python3.8/site-packages/airflow/example_dags/example_inlet_event_extra.py for tasks to queue
[2025-03-06T23:52:33.917+0100] {logging_mixin.py:190} INFO - [2025-03-06T23:52:33.917+0100] {dagbag.py:588} INFO - Filling up the DagBag from /home/erij/Erij_Mazouz_4DS8_churn_ml_project/venv/lib/python3.8/site-packages/airflow/example_dags/example_inlet_event_extra.py
[2025-03-06T23:52:33.928+0100] {processor.py:925} INFO - DAG(s) 'read_dataset_event_from_classic', 'read_dataset_event' retrieved from /home/erij/Erij_Mazouz_4DS8_churn_ml_project/venv/lib/python3.8/site-packages/airflow/example_dags/example_inlet_event_extra.py
[2025-03-06T23:52:33.942+0100] {logging_mixin.py:190} INFO - [2025-03-06T23:52:33.942+0100] {dag.py:3239} INFO - Sync 2 DAGs
[2025-03-06T23:52:33.959+0100] {logging_mixin.py:190} INFO - [2025-03-06T23:52:33.959+0100] {dag.py:4180} INFO - Setting next_dagrun for read_dataset_event to 2025-03-05 00:00:00+00:00, run_after=2025-03-06 00:00:00+00:00
[2025-03-06T23:52:33.963+0100] {logging_mixin.py:190} INFO - [2025-03-06T23:52:33.963+0100] {dag.py:4180} INFO - Setting next_dagrun for read_dataset_event_from_classic to 2025-03-05 00:00:00+00:00, run_after=2025-03-06 00:00:00+00:00
[2025-03-06T23:52:33.979+0100] {processor.py:208} INFO - Processing /home/erij/Erij_Mazouz_4DS8_churn_ml_project/venv/lib/python3.8/site-packages/airflow/example_dags/example_inlet_event_extra.py took 0.071 seconds
[2025-03-06T23:53:31.053+0100] {processor.py:186} INFO - Started process (PID=58166) to work on /home/erij/Erij_Mazouz_4DS8_churn_ml_project/venv/lib/python3.8/site-packages/airflow/example_dags/example_inlet_event_extra.py
[2025-03-06T23:53:31.055+0100] {processor.py:914} INFO - Processing file /home/erij/Erij_Mazouz_4DS8_churn_ml_project/venv/lib/python3.8/site-packages/airflow/example_dags/example_inlet_event_extra.py for tasks to queue
[2025-03-06T23:53:31.057+0100] {logging_mixin.py:190} INFO - [2025-03-06T23:53:31.056+0100] {dagbag.py:588} INFO - Filling up the DagBag from /home/erij/Erij_Mazouz_4DS8_churn_ml_project/venv/lib/python3.8/site-packages/airflow/example_dags/example_inlet_event_extra.py
[2025-03-06T23:53:31.068+0100] {processor.py:925} INFO - DAG(s) 'read_dataset_event_from_classic', 'read_dataset_event' retrieved from /home/erij/Erij_Mazouz_4DS8_churn_ml_project/venv/lib/python3.8/site-packages/airflow/example_dags/example_inlet_event_extra.py
[2025-03-06T23:53:31.084+0100] {logging_mixin.py:190} INFO - [2025-03-06T23:53:31.083+0100] {dag.py:3239} INFO - Sync 2 DAGs
[2025-03-06T23:53:31.104+0100] {logging_mixin.py:190} INFO - [2025-03-06T23:53:31.104+0100] {dag.py:4180} INFO - Setting next_dagrun for read_dataset_event to 2025-03-05 00:00:00+00:00, run_after=2025-03-06 00:00:00+00:00
[2025-03-06T23:53:31.108+0100] {logging_mixin.py:190} INFO - [2025-03-06T23:53:31.108+0100] {dag.py:4180} INFO - Setting next_dagrun for read_dataset_event_from_classic to 2025-03-05 00:00:00+00:00, run_after=2025-03-06 00:00:00+00:00
[2025-03-06T23:53:31.123+0100] {processor.py:208} INFO - Processing /home/erij/Erij_Mazouz_4DS8_churn_ml_project/venv/lib/python3.8/site-packages/airflow/example_dags/example_inlet_event_extra.py took 0.078 seconds
[2025-03-06T23:54:27.711+0100] {processor.py:186} INFO - Started process (PID=58550) to work on /home/erij/Erij_Mazouz_4DS8_churn_ml_project/venv/lib/python3.8/site-packages/airflow/example_dags/example_inlet_event_extra.py
[2025-03-06T23:54:27.713+0100] {processor.py:914} INFO - Processing file /home/erij/Erij_Mazouz_4DS8_churn_ml_project/venv/lib/python3.8/site-packages/airflow/example_dags/example_inlet_event_extra.py for tasks to queue
[2025-03-06T23:54:27.715+0100] {logging_mixin.py:190} INFO - [2025-03-06T23:54:27.715+0100] {dagbag.py:588} INFO - Filling up the DagBag from /home/erij/Erij_Mazouz_4DS8_churn_ml_project/venv/lib/python3.8/site-packages/airflow/example_dags/example_inlet_event_extra.py
[2025-03-06T23:54:27.726+0100] {processor.py:925} INFO - DAG(s) 'read_dataset_event', 'read_dataset_event_from_classic' retrieved from /home/erij/Erij_Mazouz_4DS8_churn_ml_project/venv/lib/python3.8/site-packages/airflow/example_dags/example_inlet_event_extra.py
[2025-03-06T23:54:27.742+0100] {logging_mixin.py:190} INFO - [2025-03-06T23:54:27.742+0100] {dag.py:3239} INFO - Sync 2 DAGs
[2025-03-06T23:54:27.763+0100] {logging_mixin.py:190} INFO - [2025-03-06T23:54:27.762+0100] {dag.py:4180} INFO - Setting next_dagrun for read_dataset_event to 2025-03-05 00:00:00+00:00, run_after=2025-03-06 00:00:00+00:00
[2025-03-06T23:54:27.766+0100] {logging_mixin.py:190} INFO - [2025-03-06T23:54:27.766+0100] {dag.py:4180} INFO - Setting next_dagrun for read_dataset_event_from_classic to 2025-03-05 00:00:00+00:00, run_after=2025-03-06 00:00:00+00:00
[2025-03-06T23:54:27.785+0100] {processor.py:208} INFO - Processing /home/erij/Erij_Mazouz_4DS8_churn_ml_project/venv/lib/python3.8/site-packages/airflow/example_dags/example_inlet_event_extra.py took 0.080 seconds
[2025-03-06T23:55:26.255+0100] {processor.py:186} INFO - Started process (PID=59040) to work on /home/erij/Erij_Mazouz_4DS8_churn_ml_project/venv/lib/python3.8/site-packages/airflow/example_dags/example_inlet_event_extra.py
[2025-03-06T23:55:26.257+0100] {processor.py:914} INFO - Processing file /home/erij/Erij_Mazouz_4DS8_churn_ml_project/venv/lib/python3.8/site-packages/airflow/example_dags/example_inlet_event_extra.py for tasks to queue
[2025-03-06T23:55:26.259+0100] {logging_mixin.py:190} INFO - [2025-03-06T23:55:26.258+0100] {dagbag.py:588} INFO - Filling up the DagBag from /home/erij/Erij_Mazouz_4DS8_churn_ml_project/venv/lib/python3.8/site-packages/airflow/example_dags/example_inlet_event_extra.py
[2025-03-06T23:55:26.268+0100] {processor.py:925} INFO - DAG(s) 'read_dataset_event', 'read_dataset_event_from_classic' retrieved from /home/erij/Erij_Mazouz_4DS8_churn_ml_project/venv/lib/python3.8/site-packages/airflow/example_dags/example_inlet_event_extra.py
[2025-03-06T23:55:26.281+0100] {logging_mixin.py:190} INFO - [2025-03-06T23:55:26.281+0100] {dag.py:3239} INFO - Sync 2 DAGs
[2025-03-06T23:55:26.297+0100] {logging_mixin.py:190} INFO - [2025-03-06T23:55:26.297+0100] {dag.py:4180} INFO - Setting next_dagrun for read_dataset_event to 2025-03-05 00:00:00+00:00, run_after=2025-03-06 00:00:00+00:00
[2025-03-06T23:55:26.300+0100] {logging_mixin.py:190} INFO - [2025-03-06T23:55:26.300+0100] {dag.py:4180} INFO - Setting next_dagrun for read_dataset_event_from_classic to 2025-03-05 00:00:00+00:00, run_after=2025-03-06 00:00:00+00:00
[2025-03-06T23:55:26.316+0100] {processor.py:208} INFO - Processing /home/erij/Erij_Mazouz_4DS8_churn_ml_project/venv/lib/python3.8/site-packages/airflow/example_dags/example_inlet_event_extra.py took 0.065 seconds
[2025-03-06T23:56:26.389+0100] {processor.py:186} INFO - Started process (PID=59243) to work on /home/erij/Erij_Mazouz_4DS8_churn_ml_project/venv/lib/python3.8/site-packages/airflow/example_dags/example_inlet_event_extra.py
[2025-03-06T23:56:26.391+0100] {processor.py:914} INFO - Processing file /home/erij/Erij_Mazouz_4DS8_churn_ml_project/venv/lib/python3.8/site-packages/airflow/example_dags/example_inlet_event_extra.py for tasks to queue
[2025-03-06T23:56:26.393+0100] {logging_mixin.py:190} INFO - [2025-03-06T23:56:26.392+0100] {dagbag.py:588} INFO - Filling up the DagBag from /home/erij/Erij_Mazouz_4DS8_churn_ml_project/venv/lib/python3.8/site-packages/airflow/example_dags/example_inlet_event_extra.py
[2025-03-06T23:56:26.402+0100] {processor.py:925} INFO - DAG(s) 'read_dataset_event', 'read_dataset_event_from_classic' retrieved from /home/erij/Erij_Mazouz_4DS8_churn_ml_project/venv/lib/python3.8/site-packages/airflow/example_dags/example_inlet_event_extra.py
[2025-03-06T23:56:26.414+0100] {logging_mixin.py:190} INFO - [2025-03-06T23:56:26.413+0100] {dag.py:3239} INFO - Sync 2 DAGs
[2025-03-06T23:56:26.431+0100] {logging_mixin.py:190} INFO - [2025-03-06T23:56:26.431+0100] {dag.py:4180} INFO - Setting next_dagrun for read_dataset_event to 2025-03-05 00:00:00+00:00, run_after=2025-03-06 00:00:00+00:00
[2025-03-06T23:56:26.435+0100] {logging_mixin.py:190} INFO - [2025-03-06T23:56:26.435+0100] {dag.py:4180} INFO - Setting next_dagrun for read_dataset_event_from_classic to 2025-03-05 00:00:00+00:00, run_after=2025-03-06 00:00:00+00:00
[2025-03-06T23:56:26.451+0100] {processor.py:208} INFO - Processing /home/erij/Erij_Mazouz_4DS8_churn_ml_project/venv/lib/python3.8/site-packages/airflow/example_dags/example_inlet_event_extra.py took 0.066 seconds
[2025-03-06T23:57:22.565+0100] {processor.py:186} INFO - Started process (PID=59365) to work on /home/erij/Erij_Mazouz_4DS8_churn_ml_project/venv/lib/python3.8/site-packages/airflow/example_dags/example_inlet_event_extra.py
[2025-03-06T23:57:22.568+0100] {processor.py:914} INFO - Processing file /home/erij/Erij_Mazouz_4DS8_churn_ml_project/venv/lib/python3.8/site-packages/airflow/example_dags/example_inlet_event_extra.py for tasks to queue
[2025-03-06T23:57:22.570+0100] {logging_mixin.py:190} INFO - [2025-03-06T23:57:22.569+0100] {dagbag.py:588} INFO - Filling up the DagBag from /home/erij/Erij_Mazouz_4DS8_churn_ml_project/venv/lib/python3.8/site-packages/airflow/example_dags/example_inlet_event_extra.py
[2025-03-06T23:57:22.582+0100] {processor.py:925} INFO - DAG(s) 'read_dataset_event', 'read_dataset_event_from_classic' retrieved from /home/erij/Erij_Mazouz_4DS8_churn_ml_project/venv/lib/python3.8/site-packages/airflow/example_dags/example_inlet_event_extra.py
[2025-03-06T23:57:22.596+0100] {logging_mixin.py:190} INFO - [2025-03-06T23:57:22.596+0100] {dag.py:3239} INFO - Sync 2 DAGs
[2025-03-06T23:57:22.614+0100] {logging_mixin.py:190} INFO - [2025-03-06T23:57:22.614+0100] {dag.py:4180} INFO - Setting next_dagrun for read_dataset_event to 2025-03-05 00:00:00+00:00, run_after=2025-03-06 00:00:00+00:00
[2025-03-06T23:57:22.618+0100] {logging_mixin.py:190} INFO - [2025-03-06T23:57:22.618+0100] {dag.py:4180} INFO - Setting next_dagrun for read_dataset_event_from_classic to 2025-03-05 00:00:00+00:00, run_after=2025-03-06 00:00:00+00:00
[2025-03-06T23:57:22.634+0100] {processor.py:208} INFO - Processing /home/erij/Erij_Mazouz_4DS8_churn_ml_project/venv/lib/python3.8/site-packages/airflow/example_dags/example_inlet_event_extra.py took 0.073 seconds
[2025-03-06T23:58:17.138+0100] {processor.py:186} INFO - Started process (PID=59512) to work on /home/erij/Erij_Mazouz_4DS8_churn_ml_project/venv/lib/python3.8/site-packages/airflow/example_dags/example_inlet_event_extra.py
[2025-03-06T23:58:17.140+0100] {processor.py:914} INFO - Processing file /home/erij/Erij_Mazouz_4DS8_churn_ml_project/venv/lib/python3.8/site-packages/airflow/example_dags/example_inlet_event_extra.py for tasks to queue
[2025-03-06T23:58:17.142+0100] {logging_mixin.py:190} INFO - [2025-03-06T23:58:17.142+0100] {dagbag.py:588} INFO - Filling up the DagBag from /home/erij/Erij_Mazouz_4DS8_churn_ml_project/venv/lib/python3.8/site-packages/airflow/example_dags/example_inlet_event_extra.py
[2025-03-06T23:58:17.153+0100] {processor.py:925} INFO - DAG(s) 'read_dataset_event_from_classic', 'read_dataset_event' retrieved from /home/erij/Erij_Mazouz_4DS8_churn_ml_project/venv/lib/python3.8/site-packages/airflow/example_dags/example_inlet_event_extra.py
[2025-03-06T23:58:17.165+0100] {logging_mixin.py:190} INFO - [2025-03-06T23:58:17.165+0100] {dag.py:3239} INFO - Sync 2 DAGs
[2025-03-06T23:58:17.181+0100] {logging_mixin.py:190} INFO - [2025-03-06T23:58:17.181+0100] {dag.py:4180} INFO - Setting next_dagrun for read_dataset_event to 2025-03-05 00:00:00+00:00, run_after=2025-03-06 00:00:00+00:00
[2025-03-06T23:58:17.184+0100] {logging_mixin.py:190} INFO - [2025-03-06T23:58:17.184+0100] {dag.py:4180} INFO - Setting next_dagrun for read_dataset_event_from_classic to 2025-03-05 00:00:00+00:00, run_after=2025-03-06 00:00:00+00:00
[2025-03-06T23:58:17.199+0100] {processor.py:208} INFO - Processing /home/erij/Erij_Mazouz_4DS8_churn_ml_project/venv/lib/python3.8/site-packages/airflow/example_dags/example_inlet_event_extra.py took 0.065 seconds
[2025-03-06T23:59:08.955+0100] {processor.py:186} INFO - Started process (PID=59659) to work on /home/erij/Erij_Mazouz_4DS8_churn_ml_project/venv/lib/python3.8/site-packages/airflow/example_dags/example_inlet_event_extra.py
[2025-03-06T23:59:08.957+0100] {processor.py:914} INFO - Processing file /home/erij/Erij_Mazouz_4DS8_churn_ml_project/venv/lib/python3.8/site-packages/airflow/example_dags/example_inlet_event_extra.py for tasks to queue
[2025-03-06T23:59:08.959+0100] {logging_mixin.py:190} INFO - [2025-03-06T23:59:08.959+0100] {dagbag.py:588} INFO - Filling up the DagBag from /home/erij/Erij_Mazouz_4DS8_churn_ml_project/venv/lib/python3.8/site-packages/airflow/example_dags/example_inlet_event_extra.py
[2025-03-06T23:59:08.970+0100] {processor.py:925} INFO - DAG(s) 'read_dataset_event', 'read_dataset_event_from_classic' retrieved from /home/erij/Erij_Mazouz_4DS8_churn_ml_project/venv/lib/python3.8/site-packages/airflow/example_dags/example_inlet_event_extra.py
[2025-03-06T23:59:08.984+0100] {logging_mixin.py:190} INFO - [2025-03-06T23:59:08.984+0100] {dag.py:3239} INFO - Sync 2 DAGs
[2025-03-06T23:59:09.003+0100] {logging_mixin.py:190} INFO - [2025-03-06T23:59:09.003+0100] {dag.py:4180} INFO - Setting next_dagrun for read_dataset_event to 2025-03-05 00:00:00+00:00, run_after=2025-03-06 00:00:00+00:00
[2025-03-06T23:59:09.007+0100] {logging_mixin.py:190} INFO - [2025-03-06T23:59:09.007+0100] {dag.py:4180} INFO - Setting next_dagrun for read_dataset_event_from_classic to 2025-03-05 00:00:00+00:00, run_after=2025-03-06 00:00:00+00:00
[2025-03-06T23:59:09.023+0100] {processor.py:208} INFO - Processing /home/erij/Erij_Mazouz_4DS8_churn_ml_project/venv/lib/python3.8/site-packages/airflow/example_dags/example_inlet_event_extra.py took 0.074 seconds
[2025-03-07T00:00:24.675+0100] {processor.py:186} INFO - Started process (PID=59910) to work on /home/erij/Erij_Mazouz_4DS8_churn_ml_project/venv/lib/python3.8/site-packages/airflow/example_dags/example_inlet_event_extra.py
[2025-03-07T00:00:24.678+0100] {processor.py:914} INFO - Processing file /home/erij/Erij_Mazouz_4DS8_churn_ml_project/venv/lib/python3.8/site-packages/airflow/example_dags/example_inlet_event_extra.py for tasks to queue
[2025-03-07T00:00:24.680+0100] {logging_mixin.py:190} INFO - [2025-03-07T00:00:24.680+0100] {dagbag.py:588} INFO - Filling up the DagBag from /home/erij/Erij_Mazouz_4DS8_churn_ml_project/venv/lib/python3.8/site-packages/airflow/example_dags/example_inlet_event_extra.py
[2025-03-07T00:00:24.690+0100] {processor.py:925} INFO - DAG(s) 'read_dataset_event', 'read_dataset_event_from_classic' retrieved from /home/erij/Erij_Mazouz_4DS8_churn_ml_project/venv/lib/python3.8/site-packages/airflow/example_dags/example_inlet_event_extra.py
[2025-03-07T00:00:24.703+0100] {logging_mixin.py:190} INFO - [2025-03-07T00:00:24.703+0100] {dag.py:3239} INFO - Sync 2 DAGs
[2025-03-07T00:00:24.725+0100] {logging_mixin.py:190} INFO - [2025-03-07T00:00:24.724+0100] {dag.py:4180} INFO - Setting next_dagrun for read_dataset_event to 2025-03-05 00:00:00+00:00, run_after=2025-03-06 00:00:00+00:00
[2025-03-07T00:00:24.729+0100] {logging_mixin.py:190} INFO - [2025-03-07T00:00:24.729+0100] {dag.py:4180} INFO - Setting next_dagrun for read_dataset_event_from_classic to 2025-03-05 00:00:00+00:00, run_after=2025-03-06 00:00:00+00:00
[2025-03-07T00:00:24.753+0100] {processor.py:208} INFO - Processing /home/erij/Erij_Mazouz_4DS8_churn_ml_project/venv/lib/python3.8/site-packages/airflow/example_dags/example_inlet_event_extra.py took 0.083 seconds
[2025-03-07T00:01:18.756+0100] {processor.py:186} INFO - Started process (PID=60086) to work on /home/erij/Erij_Mazouz_4DS8_churn_ml_project/venv/lib/python3.8/site-packages/airflow/example_dags/example_inlet_event_extra.py
[2025-03-07T00:01:18.759+0100] {processor.py:914} INFO - Processing file /home/erij/Erij_Mazouz_4DS8_churn_ml_project/venv/lib/python3.8/site-packages/airflow/example_dags/example_inlet_event_extra.py for tasks to queue
[2025-03-07T00:01:18.761+0100] {logging_mixin.py:190} INFO - [2025-03-07T00:01:18.760+0100] {dagbag.py:588} INFO - Filling up the DagBag from /home/erij/Erij_Mazouz_4DS8_churn_ml_project/venv/lib/python3.8/site-packages/airflow/example_dags/example_inlet_event_extra.py
[2025-03-07T00:01:18.775+0100] {processor.py:925} INFO - DAG(s) 'read_dataset_event', 'read_dataset_event_from_classic' retrieved from /home/erij/Erij_Mazouz_4DS8_churn_ml_project/venv/lib/python3.8/site-packages/airflow/example_dags/example_inlet_event_extra.py
[2025-03-07T00:01:18.790+0100] {logging_mixin.py:190} INFO - [2025-03-07T00:01:18.789+0100] {dag.py:3239} INFO - Sync 2 DAGs
[2025-03-07T00:01:18.807+0100] {logging_mixin.py:190} INFO - [2025-03-07T00:01:18.806+0100] {dag.py:4180} INFO - Setting next_dagrun for read_dataset_event to 2025-03-05 00:00:00+00:00, run_after=2025-03-06 00:00:00+00:00
[2025-03-07T00:01:18.810+0100] {logging_mixin.py:190} INFO - [2025-03-07T00:01:18.810+0100] {dag.py:4180} INFO - Setting next_dagrun for read_dataset_event_from_classic to 2025-03-05 00:00:00+00:00, run_after=2025-03-06 00:00:00+00:00
[2025-03-07T00:01:18.825+0100] {processor.py:208} INFO - Processing /home/erij/Erij_Mazouz_4DS8_churn_ml_project/venv/lib/python3.8/site-packages/airflow/example_dags/example_inlet_event_extra.py took 0.076 seconds
[2025-03-07T00:02:12.962+0100] {processor.py:186} INFO - Started process (PID=60287) to work on /home/erij/Erij_Mazouz_4DS8_churn_ml_project/venv/lib/python3.8/site-packages/airflow/example_dags/example_inlet_event_extra.py
[2025-03-07T00:02:12.965+0100] {processor.py:914} INFO - Processing file /home/erij/Erij_Mazouz_4DS8_churn_ml_project/venv/lib/python3.8/site-packages/airflow/example_dags/example_inlet_event_extra.py for tasks to queue
[2025-03-07T00:02:12.968+0100] {logging_mixin.py:190} INFO - [2025-03-07T00:02:12.967+0100] {dagbag.py:588} INFO - Filling up the DagBag from /home/erij/Erij_Mazouz_4DS8_churn_ml_project/venv/lib/python3.8/site-packages/airflow/example_dags/example_inlet_event_extra.py
[2025-03-07T00:02:12.983+0100] {processor.py:925} INFO - DAG(s) 'read_dataset_event', 'read_dataset_event_from_classic' retrieved from /home/erij/Erij_Mazouz_4DS8_churn_ml_project/venv/lib/python3.8/site-packages/airflow/example_dags/example_inlet_event_extra.py
[2025-03-07T00:02:13.001+0100] {logging_mixin.py:190} INFO - [2025-03-07T00:02:13.001+0100] {dag.py:3239} INFO - Sync 2 DAGs
[2025-03-07T00:02:13.023+0100] {logging_mixin.py:190} INFO - [2025-03-07T00:02:13.023+0100] {dag.py:4180} INFO - Setting next_dagrun for read_dataset_event to 2025-03-05 00:00:00+00:00, run_after=2025-03-06 00:00:00+00:00
[2025-03-07T00:02:13.027+0100] {logging_mixin.py:190} INFO - [2025-03-07T00:02:13.027+0100] {dag.py:4180} INFO - Setting next_dagrun for read_dataset_event_from_classic to 2025-03-05 00:00:00+00:00, run_after=2025-03-06 00:00:00+00:00
[2025-03-07T00:02:13.043+0100] {processor.py:208} INFO - Processing /home/erij/Erij_Mazouz_4DS8_churn_ml_project/venv/lib/python3.8/site-packages/airflow/example_dags/example_inlet_event_extra.py took 0.091 seconds
