[2025-03-06T23:39:30.936+0100] {processor.py:186} INFO - Started process (PID=55950) to work on /home/erij/Erij_Mazouz_4DS8_churn_ml_project/venv/lib/python3.8/site-packages/airflow/example_dags/example_python_operator.py
[2025-03-06T23:39:30.936+0100] {processor.py:914} INFO - Processing file /home/erij/Erij_Mazouz_4DS8_churn_ml_project/venv/lib/python3.8/site-packages/airflow/example_dags/example_python_operator.py for tasks to queue
[2025-03-06T23:39:30.938+0100] {logging_mixin.py:190} INFO - [2025-03-06T23:39:30.938+0100] {dagbag.py:588} INFO - Filling up the DagBag from /home/erij/Erij_Mazouz_4DS8_churn_ml_project/venv/lib/python3.8/site-packages/airflow/example_dags/example_python_operator.py
[2025-03-06T23:39:30.951+0100] {processor.py:925} INFO - DAG(s) 'example_python_operator' retrieved from /home/erij/Erij_Mazouz_4DS8_churn_ml_project/venv/lib/python3.8/site-packages/airflow/example_dags/example_python_operator.py
[2025-03-06T23:39:31.038+0100] {logging_mixin.py:190} INFO - [2025-03-06T23:39:31.037+0100] {dag.py:3239} INFO - Sync 1 DAGs
[2025-03-06T23:39:31.048+0100] {logging_mixin.py:190} INFO - [2025-03-06T23:39:31.048+0100] {dag.py:4180} INFO - Setting next_dagrun for example_python_operator to None, run_after=None
[2025-03-06T23:39:31.070+0100] {processor.py:208} INFO - Processing /home/erij/Erij_Mazouz_4DS8_churn_ml_project/venv/lib/python3.8/site-packages/airflow/example_dags/example_python_operator.py took 0.140 seconds
[2025-03-06T23:41:00.088+0100] {processor.py:186} INFO - Started process (PID=56536) to work on /home/erij/Erij_Mazouz_4DS8_churn_ml_project/venv/lib/python3.8/site-packages/airflow/example_dags/example_python_operator.py
[2025-03-06T23:41:00.090+0100] {processor.py:914} INFO - Processing file /home/erij/Erij_Mazouz_4DS8_churn_ml_project/venv/lib/python3.8/site-packages/airflow/example_dags/example_python_operator.py for tasks to queue
[2025-03-06T23:41:00.092+0100] {logging_mixin.py:190} INFO - [2025-03-06T23:41:00.092+0100] {dagbag.py:588} INFO - Filling up the DagBag from /home/erij/Erij_Mazouz_4DS8_churn_ml_project/venv/lib/python3.8/site-packages/airflow/example_dags/example_python_operator.py
[2025-03-06T23:41:00.102+0100] {processor.py:925} INFO - DAG(s) 'example_python_operator' retrieved from /home/erij/Erij_Mazouz_4DS8_churn_ml_project/venv/lib/python3.8/site-packages/airflow/example_dags/example_python_operator.py
[2025-03-06T23:41:00.116+0100] {logging_mixin.py:190} INFO - [2025-03-06T23:41:00.116+0100] {dag.py:3239} INFO - Sync 1 DAGs
[2025-03-06T23:41:00.126+0100] {logging_mixin.py:190} INFO - [2025-03-06T23:41:00.126+0100] {dag.py:4180} INFO - Setting next_dagrun for example_python_operator to None, run_after=None
[2025-03-06T23:41:00.145+0100] {processor.py:208} INFO - Processing /home/erij/Erij_Mazouz_4DS8_churn_ml_project/venv/lib/python3.8/site-packages/airflow/example_dags/example_python_operator.py took 0.062 seconds
[2025-03-06T23:41:56.765+0100] {processor.py:186} INFO - Started process (PID=56679) to work on /home/erij/Erij_Mazouz_4DS8_churn_ml_project/venv/lib/python3.8/site-packages/airflow/example_dags/example_python_operator.py
[2025-03-06T23:41:56.766+0100] {processor.py:914} INFO - Processing file /home/erij/Erij_Mazouz_4DS8_churn_ml_project/venv/lib/python3.8/site-packages/airflow/example_dags/example_python_operator.py for tasks to queue
[2025-03-06T23:41:56.768+0100] {logging_mixin.py:190} INFO - [2025-03-06T23:41:56.768+0100] {dagbag.py:588} INFO - Filling up the DagBag from /home/erij/Erij_Mazouz_4DS8_churn_ml_project/venv/lib/python3.8/site-packages/airflow/example_dags/example_python_operator.py
[2025-03-06T23:41:56.779+0100] {processor.py:925} INFO - DAG(s) 'example_python_operator' retrieved from /home/erij/Erij_Mazouz_4DS8_churn_ml_project/venv/lib/python3.8/site-packages/airflow/example_dags/example_python_operator.py
[2025-03-06T23:41:56.792+0100] {logging_mixin.py:190} INFO - [2025-03-06T23:41:56.792+0100] {dag.py:3239} INFO - Sync 1 DAGs
[2025-03-06T23:41:56.802+0100] {logging_mixin.py:190} INFO - [2025-03-06T23:41:56.802+0100] {dag.py:4180} INFO - Setting next_dagrun for example_python_operator to None, run_after=None
[2025-03-06T23:41:56.820+0100] {processor.py:208} INFO - Processing /home/erij/Erij_Mazouz_4DS8_churn_ml_project/venv/lib/python3.8/site-packages/airflow/example_dags/example_python_operator.py took 0.059 seconds
[2025-03-06T23:42:50.241+0100] {processor.py:186} INFO - Started process (PID=56798) to work on /home/erij/Erij_Mazouz_4DS8_churn_ml_project/venv/lib/python3.8/site-packages/airflow/example_dags/example_python_operator.py
[2025-03-06T23:42:50.243+0100] {processor.py:914} INFO - Processing file /home/erij/Erij_Mazouz_4DS8_churn_ml_project/venv/lib/python3.8/site-packages/airflow/example_dags/example_python_operator.py for tasks to queue
[2025-03-06T23:42:50.246+0100] {logging_mixin.py:190} INFO - [2025-03-06T23:42:50.246+0100] {dagbag.py:588} INFO - Filling up the DagBag from /home/erij/Erij_Mazouz_4DS8_churn_ml_project/venv/lib/python3.8/site-packages/airflow/example_dags/example_python_operator.py
[2025-03-06T23:42:50.260+0100] {processor.py:925} INFO - DAG(s) 'example_python_operator' retrieved from /home/erij/Erij_Mazouz_4DS8_churn_ml_project/venv/lib/python3.8/site-packages/airflow/example_dags/example_python_operator.py
[2025-03-06T23:42:50.279+0100] {logging_mixin.py:190} INFO - [2025-03-06T23:42:50.279+0100] {dag.py:3239} INFO - Sync 1 DAGs
[2025-03-06T23:42:50.293+0100] {logging_mixin.py:190} INFO - [2025-03-06T23:42:50.292+0100] {dag.py:4180} INFO - Setting next_dagrun for example_python_operator to None, run_after=None
[2025-03-06T23:42:50.316+0100] {processor.py:208} INFO - Processing /home/erij/Erij_Mazouz_4DS8_churn_ml_project/venv/lib/python3.8/site-packages/airflow/example_dags/example_python_operator.py took 0.081 seconds
[2025-03-06T23:43:43.548+0100] {processor.py:186} INFO - Started process (PID=56911) to work on /home/erij/Erij_Mazouz_4DS8_churn_ml_project/venv/lib/python3.8/site-packages/airflow/example_dags/example_python_operator.py
[2025-03-06T23:43:43.550+0100] {processor.py:914} INFO - Processing file /home/erij/Erij_Mazouz_4DS8_churn_ml_project/venv/lib/python3.8/site-packages/airflow/example_dags/example_python_operator.py for tasks to queue
[2025-03-06T23:43:43.552+0100] {logging_mixin.py:190} INFO - [2025-03-06T23:43:43.552+0100] {dagbag.py:588} INFO - Filling up the DagBag from /home/erij/Erij_Mazouz_4DS8_churn_ml_project/venv/lib/python3.8/site-packages/airflow/example_dags/example_python_operator.py
[2025-03-06T23:43:43.563+0100] {processor.py:925} INFO - DAG(s) 'example_python_operator' retrieved from /home/erij/Erij_Mazouz_4DS8_churn_ml_project/venv/lib/python3.8/site-packages/airflow/example_dags/example_python_operator.py
[2025-03-06T23:43:43.579+0100] {logging_mixin.py:190} INFO - [2025-03-06T23:43:43.579+0100] {dag.py:3239} INFO - Sync 1 DAGs
[2025-03-06T23:43:43.590+0100] {logging_mixin.py:190} INFO - [2025-03-06T23:43:43.590+0100] {dag.py:4180} INFO - Setting next_dagrun for example_python_operator to None, run_after=None
[2025-03-06T23:43:43.607+0100] {processor.py:208} INFO - Processing /home/erij/Erij_Mazouz_4DS8_churn_ml_project/venv/lib/python3.8/site-packages/airflow/example_dags/example_python_operator.py took 0.064 seconds
[2025-03-06T23:44:36.220+0100] {processor.py:186} INFO - Started process (PID=57073) to work on /home/erij/Erij_Mazouz_4DS8_churn_ml_project/venv/lib/python3.8/site-packages/airflow/example_dags/example_python_operator.py
[2025-03-06T23:44:36.222+0100] {processor.py:914} INFO - Processing file /home/erij/Erij_Mazouz_4DS8_churn_ml_project/venv/lib/python3.8/site-packages/airflow/example_dags/example_python_operator.py for tasks to queue
[2025-03-06T23:44:36.224+0100] {logging_mixin.py:190} INFO - [2025-03-06T23:44:36.224+0100] {dagbag.py:588} INFO - Filling up the DagBag from /home/erij/Erij_Mazouz_4DS8_churn_ml_project/venv/lib/python3.8/site-packages/airflow/example_dags/example_python_operator.py
[2025-03-06T23:44:36.237+0100] {processor.py:925} INFO - DAG(s) 'example_python_operator' retrieved from /home/erij/Erij_Mazouz_4DS8_churn_ml_project/venv/lib/python3.8/site-packages/airflow/example_dags/example_python_operator.py
[2025-03-06T23:44:36.258+0100] {logging_mixin.py:190} INFO - [2025-03-06T23:44:36.258+0100] {dag.py:3239} INFO - Sync 1 DAGs
[2025-03-06T23:44:36.275+0100] {logging_mixin.py:190} INFO - [2025-03-06T23:44:36.275+0100] {dag.py:4180} INFO - Setting next_dagrun for example_python_operator to None, run_after=None
[2025-03-06T23:44:36.342+0100] {processor.py:208} INFO - Processing /home/erij/Erij_Mazouz_4DS8_churn_ml_project/venv/lib/python3.8/site-packages/airflow/example_dags/example_python_operator.py took 0.127 seconds
[2025-03-06T23:45:32.198+0100] {processor.py:186} INFO - Started process (PID=57187) to work on /home/erij/Erij_Mazouz_4DS8_churn_ml_project/venv/lib/python3.8/site-packages/airflow/example_dags/example_python_operator.py
[2025-03-06T23:45:32.199+0100] {processor.py:914} INFO - Processing file /home/erij/Erij_Mazouz_4DS8_churn_ml_project/venv/lib/python3.8/site-packages/airflow/example_dags/example_python_operator.py for tasks to queue
[2025-03-06T23:45:32.202+0100] {logging_mixin.py:190} INFO - [2025-03-06T23:45:32.202+0100] {dagbag.py:588} INFO - Filling up the DagBag from /home/erij/Erij_Mazouz_4DS8_churn_ml_project/venv/lib/python3.8/site-packages/airflow/example_dags/example_python_operator.py
[2025-03-06T23:45:32.213+0100] {processor.py:925} INFO - DAG(s) 'example_python_operator' retrieved from /home/erij/Erij_Mazouz_4DS8_churn_ml_project/venv/lib/python3.8/site-packages/airflow/example_dags/example_python_operator.py
[2025-03-06T23:45:32.226+0100] {logging_mixin.py:190} INFO - [2025-03-06T23:45:32.226+0100] {dag.py:3239} INFO - Sync 1 DAGs
[2025-03-06T23:45:32.236+0100] {logging_mixin.py:190} INFO - [2025-03-06T23:45:32.236+0100] {dag.py:4180} INFO - Setting next_dagrun for example_python_operator to None, run_after=None
[2025-03-06T23:45:32.268+0100] {processor.py:208} INFO - Processing /home/erij/Erij_Mazouz_4DS8_churn_ml_project/venv/lib/python3.8/site-packages/airflow/example_dags/example_python_operator.py took 0.075 seconds
[2025-03-06T23:46:30.735+0100] {processor.py:186} INFO - Started process (PID=57305) to work on /home/erij/Erij_Mazouz_4DS8_churn_ml_project/venv/lib/python3.8/site-packages/airflow/example_dags/example_python_operator.py
[2025-03-06T23:46:30.737+0100] {processor.py:914} INFO - Processing file /home/erij/Erij_Mazouz_4DS8_churn_ml_project/venv/lib/python3.8/site-packages/airflow/example_dags/example_python_operator.py for tasks to queue
[2025-03-06T23:46:30.739+0100] {logging_mixin.py:190} INFO - [2025-03-06T23:46:30.739+0100] {dagbag.py:588} INFO - Filling up the DagBag from /home/erij/Erij_Mazouz_4DS8_churn_ml_project/venv/lib/python3.8/site-packages/airflow/example_dags/example_python_operator.py
[2025-03-06T23:46:30.749+0100] {processor.py:925} INFO - DAG(s) 'example_python_operator' retrieved from /home/erij/Erij_Mazouz_4DS8_churn_ml_project/venv/lib/python3.8/site-packages/airflow/example_dags/example_python_operator.py
[2025-03-06T23:46:30.761+0100] {logging_mixin.py:190} INFO - [2025-03-06T23:46:30.761+0100] {dag.py:3239} INFO - Sync 1 DAGs
[2025-03-06T23:46:30.771+0100] {logging_mixin.py:190} INFO - [2025-03-06T23:46:30.771+0100] {dag.py:4180} INFO - Setting next_dagrun for example_python_operator to None, run_after=None
[2025-03-06T23:46:30.789+0100] {processor.py:208} INFO - Processing /home/erij/Erij_Mazouz_4DS8_churn_ml_project/venv/lib/python3.8/site-packages/airflow/example_dags/example_python_operator.py took 0.059 seconds
[2025-03-06T23:47:26.116+0100] {processor.py:186} INFO - Started process (PID=57421) to work on /home/erij/Erij_Mazouz_4DS8_churn_ml_project/venv/lib/python3.8/site-packages/airflow/example_dags/example_python_operator.py
[2025-03-06T23:47:26.118+0100] {processor.py:914} INFO - Processing file /home/erij/Erij_Mazouz_4DS8_churn_ml_project/venv/lib/python3.8/site-packages/airflow/example_dags/example_python_operator.py for tasks to queue
[2025-03-06T23:47:26.120+0100] {logging_mixin.py:190} INFO - [2025-03-06T23:47:26.119+0100] {dagbag.py:588} INFO - Filling up the DagBag from /home/erij/Erij_Mazouz_4DS8_churn_ml_project/venv/lib/python3.8/site-packages/airflow/example_dags/example_python_operator.py
[2025-03-06T23:47:26.129+0100] {processor.py:925} INFO - DAG(s) 'example_python_operator' retrieved from /home/erij/Erij_Mazouz_4DS8_churn_ml_project/venv/lib/python3.8/site-packages/airflow/example_dags/example_python_operator.py
[2025-03-06T23:47:26.142+0100] {logging_mixin.py:190} INFO - [2025-03-06T23:47:26.142+0100] {dag.py:3239} INFO - Sync 1 DAGs
[2025-03-06T23:47:26.153+0100] {logging_mixin.py:190} INFO - [2025-03-06T23:47:26.152+0100] {dag.py:4180} INFO - Setting next_dagrun for example_python_operator to None, run_after=None
[2025-03-06T23:47:26.171+0100] {processor.py:208} INFO - Processing /home/erij/Erij_Mazouz_4DS8_churn_ml_project/venv/lib/python3.8/site-packages/airflow/example_dags/example_python_operator.py took 0.060 seconds
[2025-03-06T23:48:22.956+0100] {processor.py:186} INFO - Started process (PID=57534) to work on /home/erij/Erij_Mazouz_4DS8_churn_ml_project/venv/lib/python3.8/site-packages/airflow/example_dags/example_python_operator.py
[2025-03-06T23:48:22.958+0100] {processor.py:914} INFO - Processing file /home/erij/Erij_Mazouz_4DS8_churn_ml_project/venv/lib/python3.8/site-packages/airflow/example_dags/example_python_operator.py for tasks to queue
[2025-03-06T23:48:22.960+0100] {logging_mixin.py:190} INFO - [2025-03-06T23:48:22.960+0100] {dagbag.py:588} INFO - Filling up the DagBag from /home/erij/Erij_Mazouz_4DS8_churn_ml_project/venv/lib/python3.8/site-packages/airflow/example_dags/example_python_operator.py
[2025-03-06T23:48:22.971+0100] {processor.py:925} INFO - DAG(s) 'example_python_operator' retrieved from /home/erij/Erij_Mazouz_4DS8_churn_ml_project/venv/lib/python3.8/site-packages/airflow/example_dags/example_python_operator.py
[2025-03-06T23:48:22.984+0100] {logging_mixin.py:190} INFO - [2025-03-06T23:48:22.984+0100] {dag.py:3239} INFO - Sync 1 DAGs
[2025-03-06T23:48:22.995+0100] {logging_mixin.py:190} INFO - [2025-03-06T23:48:22.995+0100] {dag.py:4180} INFO - Setting next_dagrun for example_python_operator to None, run_after=None
[2025-03-06T23:48:23.012+0100] {processor.py:208} INFO - Processing /home/erij/Erij_Mazouz_4DS8_churn_ml_project/venv/lib/python3.8/site-packages/airflow/example_dags/example_python_operator.py took 0.061 seconds
[2025-03-06T23:49:20.469+0100] {processor.py:186} INFO - Started process (PID=57651) to work on /home/erij/Erij_Mazouz_4DS8_churn_ml_project/venv/lib/python3.8/site-packages/airflow/example_dags/example_python_operator.py
[2025-03-06T23:49:20.472+0100] {processor.py:914} INFO - Processing file /home/erij/Erij_Mazouz_4DS8_churn_ml_project/venv/lib/python3.8/site-packages/airflow/example_dags/example_python_operator.py for tasks to queue
[2025-03-06T23:49:20.474+0100] {logging_mixin.py:190} INFO - [2025-03-06T23:49:20.473+0100] {dagbag.py:588} INFO - Filling up the DagBag from /home/erij/Erij_Mazouz_4DS8_churn_ml_project/venv/lib/python3.8/site-packages/airflow/example_dags/example_python_operator.py
[2025-03-06T23:49:20.484+0100] {processor.py:925} INFO - DAG(s) 'example_python_operator' retrieved from /home/erij/Erij_Mazouz_4DS8_churn_ml_project/venv/lib/python3.8/site-packages/airflow/example_dags/example_python_operator.py
[2025-03-06T23:49:20.497+0100] {logging_mixin.py:190} INFO - [2025-03-06T23:49:20.497+0100] {dag.py:3239} INFO - Sync 1 DAGs
[2025-03-06T23:49:20.506+0100] {logging_mixin.py:190} INFO - [2025-03-06T23:49:20.506+0100] {dag.py:4180} INFO - Setting next_dagrun for example_python_operator to None, run_after=None
[2025-03-06T23:49:20.524+0100] {processor.py:208} INFO - Processing /home/erij/Erij_Mazouz_4DS8_churn_ml_project/venv/lib/python3.8/site-packages/airflow/example_dags/example_python_operator.py took 0.059 seconds
[2025-03-06T23:50:14.435+0100] {processor.py:186} INFO - Started process (PID=57765) to work on /home/erij/Erij_Mazouz_4DS8_churn_ml_project/venv/lib/python3.8/site-packages/airflow/example_dags/example_python_operator.py
[2025-03-06T23:50:14.437+0100] {processor.py:914} INFO - Processing file /home/erij/Erij_Mazouz_4DS8_churn_ml_project/venv/lib/python3.8/site-packages/airflow/example_dags/example_python_operator.py for tasks to queue
[2025-03-06T23:50:14.439+0100] {logging_mixin.py:190} INFO - [2025-03-06T23:50:14.439+0100] {dagbag.py:588} INFO - Filling up the DagBag from /home/erij/Erij_Mazouz_4DS8_churn_ml_project/venv/lib/python3.8/site-packages/airflow/example_dags/example_python_operator.py
[2025-03-06T23:50:14.452+0100] {processor.py:925} INFO - DAG(s) 'example_python_operator' retrieved from /home/erij/Erij_Mazouz_4DS8_churn_ml_project/venv/lib/python3.8/site-packages/airflow/example_dags/example_python_operator.py
[2025-03-06T23:50:14.467+0100] {logging_mixin.py:190} INFO - [2025-03-06T23:50:14.467+0100] {dag.py:3239} INFO - Sync 1 DAGs
[2025-03-06T23:50:14.479+0100] {logging_mixin.py:190} INFO - [2025-03-06T23:50:14.479+0100] {dag.py:4180} INFO - Setting next_dagrun for example_python_operator to None, run_after=None
[2025-03-06T23:50:14.498+0100] {processor.py:208} INFO - Processing /home/erij/Erij_Mazouz_4DS8_churn_ml_project/venv/lib/python3.8/site-packages/airflow/example_dags/example_python_operator.py took 0.070 seconds
[2025-03-06T23:51:10.930+0100] {processor.py:186} INFO - Started process (PID=57873) to work on /home/erij/Erij_Mazouz_4DS8_churn_ml_project/venv/lib/python3.8/site-packages/airflow/example_dags/example_python_operator.py
[2025-03-06T23:51:10.932+0100] {processor.py:914} INFO - Processing file /home/erij/Erij_Mazouz_4DS8_churn_ml_project/venv/lib/python3.8/site-packages/airflow/example_dags/example_python_operator.py for tasks to queue
[2025-03-06T23:51:10.934+0100] {logging_mixin.py:190} INFO - [2025-03-06T23:51:10.934+0100] {dagbag.py:588} INFO - Filling up the DagBag from /home/erij/Erij_Mazouz_4DS8_churn_ml_project/venv/lib/python3.8/site-packages/airflow/example_dags/example_python_operator.py
[2025-03-06T23:51:10.945+0100] {processor.py:925} INFO - DAG(s) 'example_python_operator' retrieved from /home/erij/Erij_Mazouz_4DS8_churn_ml_project/venv/lib/python3.8/site-packages/airflow/example_dags/example_python_operator.py
[2025-03-06T23:51:10.958+0100] {logging_mixin.py:190} INFO - [2025-03-06T23:51:10.958+0100] {dag.py:3239} INFO - Sync 1 DAGs
[2025-03-06T23:51:10.969+0100] {logging_mixin.py:190} INFO - [2025-03-06T23:51:10.968+0100] {dag.py:4180} INFO - Setting next_dagrun for example_python_operator to None, run_after=None
[2025-03-06T23:51:10.985+0100] {processor.py:208} INFO - Processing /home/erij/Erij_Mazouz_4DS8_churn_ml_project/venv/lib/python3.8/site-packages/airflow/example_dags/example_python_operator.py took 0.060 seconds
[2025-03-06T23:52:05.901+0100] {processor.py:186} INFO - Started process (PID=57989) to work on /home/erij/Erij_Mazouz_4DS8_churn_ml_project/venv/lib/python3.8/site-packages/airflow/example_dags/example_python_operator.py
[2025-03-06T23:52:05.904+0100] {processor.py:914} INFO - Processing file /home/erij/Erij_Mazouz_4DS8_churn_ml_project/venv/lib/python3.8/site-packages/airflow/example_dags/example_python_operator.py for tasks to queue
[2025-03-06T23:52:05.906+0100] {logging_mixin.py:190} INFO - [2025-03-06T23:52:05.906+0100] {dagbag.py:588} INFO - Filling up the DagBag from /home/erij/Erij_Mazouz_4DS8_churn_ml_project/venv/lib/python3.8/site-packages/airflow/example_dags/example_python_operator.py
[2025-03-06T23:52:05.919+0100] {processor.py:925} INFO - DAG(s) 'example_python_operator' retrieved from /home/erij/Erij_Mazouz_4DS8_churn_ml_project/venv/lib/python3.8/site-packages/airflow/example_dags/example_python_operator.py
[2025-03-06T23:52:05.934+0100] {logging_mixin.py:190} INFO - [2025-03-06T23:52:05.934+0100] {dag.py:3239} INFO - Sync 1 DAGs
[2025-03-06T23:52:05.946+0100] {logging_mixin.py:190} INFO - [2025-03-06T23:52:05.946+0100] {dag.py:4180} INFO - Setting next_dagrun for example_python_operator to None, run_after=None
[2025-03-06T23:52:05.966+0100] {processor.py:208} INFO - Processing /home/erij/Erij_Mazouz_4DS8_churn_ml_project/venv/lib/python3.8/site-packages/airflow/example_dags/example_python_operator.py took 0.070 seconds
[2025-03-06T23:53:01.360+0100] {processor.py:186} INFO - Started process (PID=58101) to work on /home/erij/Erij_Mazouz_4DS8_churn_ml_project/venv/lib/python3.8/site-packages/airflow/example_dags/example_python_operator.py
[2025-03-06T23:53:01.362+0100] {processor.py:914} INFO - Processing file /home/erij/Erij_Mazouz_4DS8_churn_ml_project/venv/lib/python3.8/site-packages/airflow/example_dags/example_python_operator.py for tasks to queue
[2025-03-06T23:53:01.364+0100] {logging_mixin.py:190} INFO - [2025-03-06T23:53:01.364+0100] {dagbag.py:588} INFO - Filling up the DagBag from /home/erij/Erij_Mazouz_4DS8_churn_ml_project/venv/lib/python3.8/site-packages/airflow/example_dags/example_python_operator.py
[2025-03-06T23:53:01.377+0100] {processor.py:925} INFO - DAG(s) 'example_python_operator' retrieved from /home/erij/Erij_Mazouz_4DS8_churn_ml_project/venv/lib/python3.8/site-packages/airflow/example_dags/example_python_operator.py
[2025-03-06T23:53:01.392+0100] {logging_mixin.py:190} INFO - [2025-03-06T23:53:01.392+0100] {dag.py:3239} INFO - Sync 1 DAGs
[2025-03-06T23:53:01.403+0100] {logging_mixin.py:190} INFO - [2025-03-06T23:53:01.403+0100] {dag.py:4180} INFO - Setting next_dagrun for example_python_operator to None, run_after=None
[2025-03-06T23:53:01.421+0100] {processor.py:208} INFO - Processing /home/erij/Erij_Mazouz_4DS8_churn_ml_project/venv/lib/python3.8/site-packages/airflow/example_dags/example_python_operator.py took 0.066 seconds
[2025-03-06T23:53:59.146+0100] {processor.py:186} INFO - Started process (PID=58236) to work on /home/erij/Erij_Mazouz_4DS8_churn_ml_project/venv/lib/python3.8/site-packages/airflow/example_dags/example_python_operator.py
[2025-03-06T23:53:59.148+0100] {processor.py:914} INFO - Processing file /home/erij/Erij_Mazouz_4DS8_churn_ml_project/venv/lib/python3.8/site-packages/airflow/example_dags/example_python_operator.py for tasks to queue
[2025-03-06T23:53:59.150+0100] {logging_mixin.py:190} INFO - [2025-03-06T23:53:59.150+0100] {dagbag.py:588} INFO - Filling up the DagBag from /home/erij/Erij_Mazouz_4DS8_churn_ml_project/venv/lib/python3.8/site-packages/airflow/example_dags/example_python_operator.py
[2025-03-06T23:53:59.162+0100] {processor.py:925} INFO - DAG(s) 'example_python_operator' retrieved from /home/erij/Erij_Mazouz_4DS8_churn_ml_project/venv/lib/python3.8/site-packages/airflow/example_dags/example_python_operator.py
[2025-03-06T23:53:59.176+0100] {logging_mixin.py:190} INFO - [2025-03-06T23:53:59.176+0100] {dag.py:3239} INFO - Sync 1 DAGs
[2025-03-06T23:53:59.187+0100] {logging_mixin.py:190} INFO - [2025-03-06T23:53:59.187+0100] {dag.py:4180} INFO - Setting next_dagrun for example_python_operator to None, run_after=None
[2025-03-06T23:53:59.204+0100] {processor.py:208} INFO - Processing /home/erij/Erij_Mazouz_4DS8_churn_ml_project/venv/lib/python3.8/site-packages/airflow/example_dags/example_python_operator.py took 0.063 seconds
[2025-03-06T23:54:56.297+0100] {processor.py:186} INFO - Started process (PID=58606) to work on /home/erij/Erij_Mazouz_4DS8_churn_ml_project/venv/lib/python3.8/site-packages/airflow/example_dags/example_python_operator.py
[2025-03-06T23:54:56.298+0100] {processor.py:914} INFO - Processing file /home/erij/Erij_Mazouz_4DS8_churn_ml_project/venv/lib/python3.8/site-packages/airflow/example_dags/example_python_operator.py for tasks to queue
[2025-03-06T23:54:56.300+0100] {logging_mixin.py:190} INFO - [2025-03-06T23:54:56.300+0100] {dagbag.py:588} INFO - Filling up the DagBag from /home/erij/Erij_Mazouz_4DS8_churn_ml_project/venv/lib/python3.8/site-packages/airflow/example_dags/example_python_operator.py
[2025-03-06T23:54:56.311+0100] {processor.py:925} INFO - DAG(s) 'example_python_operator' retrieved from /home/erij/Erij_Mazouz_4DS8_churn_ml_project/venv/lib/python3.8/site-packages/airflow/example_dags/example_python_operator.py
[2025-03-06T23:54:56.325+0100] {logging_mixin.py:190} INFO - [2025-03-06T23:54:56.325+0100] {dag.py:3239} INFO - Sync 1 DAGs
[2025-03-06T23:54:56.336+0100] {logging_mixin.py:190} INFO - [2025-03-06T23:54:56.336+0100] {dag.py:4180} INFO - Setting next_dagrun for example_python_operator to None, run_after=None
[2025-03-06T23:54:56.355+0100] {processor.py:208} INFO - Processing /home/erij/Erij_Mazouz_4DS8_churn_ml_project/venv/lib/python3.8/site-packages/airflow/example_dags/example_python_operator.py took 0.063 seconds
[2025-03-06T23:55:54.646+0100] {processor.py:186} INFO - Started process (PID=59169) to work on /home/erij/Erij_Mazouz_4DS8_churn_ml_project/venv/lib/python3.8/site-packages/airflow/example_dags/example_python_operator.py
[2025-03-06T23:55:54.649+0100] {processor.py:914} INFO - Processing file /home/erij/Erij_Mazouz_4DS8_churn_ml_project/venv/lib/python3.8/site-packages/airflow/example_dags/example_python_operator.py for tasks to queue
[2025-03-06T23:55:54.650+0100] {logging_mixin.py:190} INFO - [2025-03-06T23:55:54.650+0100] {dagbag.py:588} INFO - Filling up the DagBag from /home/erij/Erij_Mazouz_4DS8_churn_ml_project/venv/lib/python3.8/site-packages/airflow/example_dags/example_python_operator.py
[2025-03-06T23:55:54.661+0100] {processor.py:925} INFO - DAG(s) 'example_python_operator' retrieved from /home/erij/Erij_Mazouz_4DS8_churn_ml_project/venv/lib/python3.8/site-packages/airflow/example_dags/example_python_operator.py
[2025-03-06T23:55:54.674+0100] {logging_mixin.py:190} INFO - [2025-03-06T23:55:54.674+0100] {dag.py:3239} INFO - Sync 1 DAGs
[2025-03-06T23:55:54.684+0100] {logging_mixin.py:190} INFO - [2025-03-06T23:55:54.683+0100] {dag.py:4180} INFO - Setting next_dagrun for example_python_operator to None, run_after=None
[2025-03-06T23:55:54.700+0100] {processor.py:208} INFO - Processing /home/erij/Erij_Mazouz_4DS8_churn_ml_project/venv/lib/python3.8/site-packages/airflow/example_dags/example_python_operator.py took 0.059 seconds
[2025-03-06T23:56:50.622+0100] {processor.py:186} INFO - Started process (PID=59291) to work on /home/erij/Erij_Mazouz_4DS8_churn_ml_project/venv/lib/python3.8/site-packages/airflow/example_dags/example_python_operator.py
[2025-03-06T23:56:50.625+0100] {processor.py:914} INFO - Processing file /home/erij/Erij_Mazouz_4DS8_churn_ml_project/venv/lib/python3.8/site-packages/airflow/example_dags/example_python_operator.py for tasks to queue
[2025-03-06T23:56:50.627+0100] {logging_mixin.py:190} INFO - [2025-03-06T23:56:50.626+0100] {dagbag.py:588} INFO - Filling up the DagBag from /home/erij/Erij_Mazouz_4DS8_churn_ml_project/venv/lib/python3.8/site-packages/airflow/example_dags/example_python_operator.py
[2025-03-06T23:56:50.636+0100] {processor.py:925} INFO - DAG(s) 'example_python_operator' retrieved from /home/erij/Erij_Mazouz_4DS8_churn_ml_project/venv/lib/python3.8/site-packages/airflow/example_dags/example_python_operator.py
[2025-03-06T23:56:50.648+0100] {logging_mixin.py:190} INFO - [2025-03-06T23:56:50.648+0100] {dag.py:3239} INFO - Sync 1 DAGs
[2025-03-06T23:56:50.658+0100] {logging_mixin.py:190} INFO - [2025-03-06T23:56:50.658+0100] {dag.py:4180} INFO - Setting next_dagrun for example_python_operator to None, run_after=None
[2025-03-06T23:56:50.674+0100] {processor.py:208} INFO - Processing /home/erij/Erij_Mazouz_4DS8_churn_ml_project/venv/lib/python3.8/site-packages/airflow/example_dags/example_python_operator.py took 0.056 seconds
[2025-03-06T23:57:44.910+0100] {processor.py:186} INFO - Started process (PID=59423) to work on /home/erij/Erij_Mazouz_4DS8_churn_ml_project/venv/lib/python3.8/site-packages/airflow/example_dags/example_python_operator.py
[2025-03-06T23:57:44.912+0100] {processor.py:914} INFO - Processing file /home/erij/Erij_Mazouz_4DS8_churn_ml_project/venv/lib/python3.8/site-packages/airflow/example_dags/example_python_operator.py for tasks to queue
[2025-03-06T23:57:44.914+0100] {logging_mixin.py:190} INFO - [2025-03-06T23:57:44.914+0100] {dagbag.py:588} INFO - Filling up the DagBag from /home/erij/Erij_Mazouz_4DS8_churn_ml_project/venv/lib/python3.8/site-packages/airflow/example_dags/example_python_operator.py
[2025-03-06T23:57:44.927+0100] {processor.py:925} INFO - DAG(s) 'example_python_operator' retrieved from /home/erij/Erij_Mazouz_4DS8_churn_ml_project/venv/lib/python3.8/site-packages/airflow/example_dags/example_python_operator.py
[2025-03-06T23:57:44.943+0100] {logging_mixin.py:190} INFO - [2025-03-06T23:57:44.943+0100] {dag.py:3239} INFO - Sync 1 DAGs
[2025-03-06T23:57:44.955+0100] {logging_mixin.py:190} INFO - [2025-03-06T23:57:44.955+0100] {dag.py:4180} INFO - Setting next_dagrun for example_python_operator to None, run_after=None
[2025-03-06T23:57:44.973+0100] {processor.py:208} INFO - Processing /home/erij/Erij_Mazouz_4DS8_churn_ml_project/venv/lib/python3.8/site-packages/airflow/example_dags/example_python_operator.py took 0.069 seconds
[2025-03-06T23:58:38.843+0100] {processor.py:186} INFO - Started process (PID=59571) to work on /home/erij/Erij_Mazouz_4DS8_churn_ml_project/venv/lib/python3.8/site-packages/airflow/example_dags/example_python_operator.py
[2025-03-06T23:58:38.845+0100] {processor.py:914} INFO - Processing file /home/erij/Erij_Mazouz_4DS8_churn_ml_project/venv/lib/python3.8/site-packages/airflow/example_dags/example_python_operator.py for tasks to queue
[2025-03-06T23:58:38.847+0100] {logging_mixin.py:190} INFO - [2025-03-06T23:58:38.847+0100] {dagbag.py:588} INFO - Filling up the DagBag from /home/erij/Erij_Mazouz_4DS8_churn_ml_project/venv/lib/python3.8/site-packages/airflow/example_dags/example_python_operator.py
[2025-03-06T23:58:38.858+0100] {processor.py:925} INFO - DAG(s) 'example_python_operator' retrieved from /home/erij/Erij_Mazouz_4DS8_churn_ml_project/venv/lib/python3.8/site-packages/airflow/example_dags/example_python_operator.py
[2025-03-06T23:58:38.872+0100] {logging_mixin.py:190} INFO - [2025-03-06T23:58:38.872+0100] {dag.py:3239} INFO - Sync 1 DAGs
[2025-03-06T23:58:38.884+0100] {logging_mixin.py:190} INFO - [2025-03-06T23:58:38.884+0100] {dag.py:4180} INFO - Setting next_dagrun for example_python_operator to None, run_after=None
[2025-03-06T23:58:38.905+0100] {processor.py:208} INFO - Processing /home/erij/Erij_Mazouz_4DS8_churn_ml_project/venv/lib/python3.8/site-packages/airflow/example_dags/example_python_operator.py took 0.067 seconds
[2025-03-06T23:59:29.220+0100] {processor.py:186} INFO - Started process (PID=59710) to work on /home/erij/Erij_Mazouz_4DS8_churn_ml_project/venv/lib/python3.8/site-packages/airflow/example_dags/example_python_operator.py
[2025-03-06T23:59:29.222+0100] {processor.py:914} INFO - Processing file /home/erij/Erij_Mazouz_4DS8_churn_ml_project/venv/lib/python3.8/site-packages/airflow/example_dags/example_python_operator.py for tasks to queue
[2025-03-06T23:59:29.224+0100] {logging_mixin.py:190} INFO - [2025-03-06T23:59:29.224+0100] {dagbag.py:588} INFO - Filling up the DagBag from /home/erij/Erij_Mazouz_4DS8_churn_ml_project/venv/lib/python3.8/site-packages/airflow/example_dags/example_python_operator.py
[2025-03-06T23:59:29.237+0100] {processor.py:925} INFO - DAG(s) 'example_python_operator' retrieved from /home/erij/Erij_Mazouz_4DS8_churn_ml_project/venv/lib/python3.8/site-packages/airflow/example_dags/example_python_operator.py
[2025-03-06T23:59:29.255+0100] {logging_mixin.py:190} INFO - [2025-03-06T23:59:29.254+0100] {dag.py:3239} INFO - Sync 1 DAGs
[2025-03-06T23:59:29.266+0100] {logging_mixin.py:190} INFO - [2025-03-06T23:59:29.266+0100] {dag.py:4180} INFO - Setting next_dagrun for example_python_operator to None, run_after=None
[2025-03-06T23:59:29.283+0100] {processor.py:208} INFO - Processing /home/erij/Erij_Mazouz_4DS8_churn_ml_project/venv/lib/python3.8/site-packages/airflow/example_dags/example_python_operator.py took 0.069 seconds
[2025-03-07T00:00:21.273+0100] {processor.py:186} INFO - Started process (PID=59892) to work on /home/erij/Erij_Mazouz_4DS8_churn_ml_project/venv/lib/python3.8/site-packages/airflow/example_dags/example_python_operator.py
[2025-03-07T00:00:21.277+0100] {processor.py:914} INFO - Processing file /home/erij/Erij_Mazouz_4DS8_churn_ml_project/venv/lib/python3.8/site-packages/airflow/example_dags/example_python_operator.py for tasks to queue
[2025-03-07T00:00:21.279+0100] {logging_mixin.py:190} INFO - [2025-03-07T00:00:21.278+0100] {dagbag.py:588} INFO - Filling up the DagBag from /home/erij/Erij_Mazouz_4DS8_churn_ml_project/venv/lib/python3.8/site-packages/airflow/example_dags/example_python_operator.py
[2025-03-07T00:00:21.290+0100] {processor.py:925} INFO - DAG(s) 'example_python_operator' retrieved from /home/erij/Erij_Mazouz_4DS8_churn_ml_project/venv/lib/python3.8/site-packages/airflow/example_dags/example_python_operator.py
[2025-03-07T00:00:21.304+0100] {logging_mixin.py:190} INFO - [2025-03-07T00:00:21.304+0100] {dag.py:3239} INFO - Sync 1 DAGs
[2025-03-07T00:00:21.316+0100] {logging_mixin.py:190} INFO - [2025-03-07T00:00:21.316+0100] {dag.py:4180} INFO - Setting next_dagrun for example_python_operator to None, run_after=None
[2025-03-07T00:00:21.344+0100] {processor.py:208} INFO - Processing /home/erij/Erij_Mazouz_4DS8_churn_ml_project/venv/lib/python3.8/site-packages/airflow/example_dags/example_python_operator.py took 0.077 seconds
[2025-03-07T00:01:14.744+0100] {processor.py:186} INFO - Started process (PID=60082) to work on /home/erij/Erij_Mazouz_4DS8_churn_ml_project/venv/lib/python3.8/site-packages/airflow/example_dags/example_python_operator.py
[2025-03-07T00:01:14.745+0100] {processor.py:914} INFO - Processing file /home/erij/Erij_Mazouz_4DS8_churn_ml_project/venv/lib/python3.8/site-packages/airflow/example_dags/example_python_operator.py for tasks to queue
[2025-03-07T00:01:14.747+0100] {logging_mixin.py:190} INFO - [2025-03-07T00:01:14.747+0100] {dagbag.py:588} INFO - Filling up the DagBag from /home/erij/Erij_Mazouz_4DS8_churn_ml_project/venv/lib/python3.8/site-packages/airflow/example_dags/example_python_operator.py
[2025-03-07T00:01:14.758+0100] {processor.py:925} INFO - DAG(s) 'example_python_operator' retrieved from /home/erij/Erij_Mazouz_4DS8_churn_ml_project/venv/lib/python3.8/site-packages/airflow/example_dags/example_python_operator.py
[2025-03-07T00:01:14.772+0100] {logging_mixin.py:190} INFO - [2025-03-07T00:01:14.772+0100] {dag.py:3239} INFO - Sync 1 DAGs
[2025-03-07T00:01:14.782+0100] {logging_mixin.py:190} INFO - [2025-03-07T00:01:14.782+0100] {dag.py:4180} INFO - Setting next_dagrun for example_python_operator to None, run_after=None
[2025-03-07T00:01:14.799+0100] {processor.py:208} INFO - Processing /home/erij/Erij_Mazouz_4DS8_churn_ml_project/venv/lib/python3.8/site-packages/airflow/example_dags/example_python_operator.py took 0.060 seconds
[2025-03-07T00:02:08.998+0100] {processor.py:186} INFO - Started process (PID=60244) to work on /home/erij/Erij_Mazouz_4DS8_churn_ml_project/venv/lib/python3.8/site-packages/airflow/example_dags/example_python_operator.py
[2025-03-07T00:02:09.000+0100] {processor.py:914} INFO - Processing file /home/erij/Erij_Mazouz_4DS8_churn_ml_project/venv/lib/python3.8/site-packages/airflow/example_dags/example_python_operator.py for tasks to queue
[2025-03-07T00:02:09.002+0100] {logging_mixin.py:190} INFO - [2025-03-07T00:02:09.001+0100] {dagbag.py:588} INFO - Filling up the DagBag from /home/erij/Erij_Mazouz_4DS8_churn_ml_project/venv/lib/python3.8/site-packages/airflow/example_dags/example_python_operator.py
[2025-03-07T00:02:09.012+0100] {processor.py:925} INFO - DAG(s) 'example_python_operator' retrieved from /home/erij/Erij_Mazouz_4DS8_churn_ml_project/venv/lib/python3.8/site-packages/airflow/example_dags/example_python_operator.py
[2025-03-07T00:02:09.027+0100] {logging_mixin.py:190} INFO - [2025-03-07T00:02:09.026+0100] {dag.py:3239} INFO - Sync 1 DAGs
[2025-03-07T00:02:09.037+0100] {logging_mixin.py:190} INFO - [2025-03-07T00:02:09.037+0100] {dag.py:4180} INFO - Setting next_dagrun for example_python_operator to None, run_after=None
[2025-03-07T00:02:09.054+0100] {processor.py:208} INFO - Processing /home/erij/Erij_Mazouz_4DS8_churn_ml_project/venv/lib/python3.8/site-packages/airflow/example_dags/example_python_operator.py took 0.061 seconds
