[2025-03-06T23:39:12.932+0100] {processor.py:186} INFO - Started process (PID=55915) to work on /home/erij/Erij_Mazouz_4DS8_churn_ml_project/venv/lib/python3.8/site-packages/airflow/example_dags/example_latest_only_with_trigger.py
[2025-03-06T23:39:12.933+0100] {processor.py:914} INFO - Processing file /home/erij/Erij_Mazouz_4DS8_churn_ml_project/venv/lib/python3.8/site-packages/airflow/example_dags/example_latest_only_with_trigger.py for tasks to queue
[2025-03-06T23:39:12.935+0100] {logging_mixin.py:190} INFO - [2025-03-06T23:39:12.935+0100] {dagbag.py:588} INFO - Filling up the DagBag from /home/erij/Erij_Mazouz_4DS8_churn_ml_project/venv/lib/python3.8/site-packages/airflow/example_dags/example_latest_only_with_trigger.py
[2025-03-06T23:39:12.942+0100] {processor.py:925} INFO - DAG(s) 'latest_only_with_trigger' retrieved from /home/erij/Erij_Mazouz_4DS8_churn_ml_project/venv/lib/python3.8/site-packages/airflow/example_dags/example_latest_only_with_trigger.py
[2025-03-06T23:39:12.958+0100] {logging_mixin.py:190} INFO - [2025-03-06T23:39:12.958+0100] {dag.py:3239} INFO - Sync 1 DAGs
[2025-03-06T23:39:12.976+0100] {logging_mixin.py:190} INFO - [2025-03-06T23:39:12.976+0100] {dag.py:4180} INFO - Setting next_dagrun for latest_only_with_trigger to 2025-03-06 16:00:00+00:00, run_after=2025-03-06 20:00:00+00:00
[2025-03-06T23:39:12.994+0100] {processor.py:208} INFO - Processing /home/erij/Erij_Mazouz_4DS8_churn_ml_project/venv/lib/python3.8/site-packages/airflow/example_dags/example_latest_only_with_trigger.py took 0.068 seconds
[2025-03-06T23:40:39.797+0100] {processor.py:186} INFO - Started process (PID=56493) to work on /home/erij/Erij_Mazouz_4DS8_churn_ml_project/venv/lib/python3.8/site-packages/airflow/example_dags/example_latest_only_with_trigger.py
[2025-03-06T23:40:39.800+0100] {processor.py:914} INFO - Processing file /home/erij/Erij_Mazouz_4DS8_churn_ml_project/venv/lib/python3.8/site-packages/airflow/example_dags/example_latest_only_with_trigger.py for tasks to queue
[2025-03-06T23:40:39.802+0100] {logging_mixin.py:190} INFO - [2025-03-06T23:40:39.802+0100] {dagbag.py:588} INFO - Filling up the DagBag from /home/erij/Erij_Mazouz_4DS8_churn_ml_project/venv/lib/python3.8/site-packages/airflow/example_dags/example_latest_only_with_trigger.py
[2025-03-06T23:40:39.809+0100] {processor.py:925} INFO - DAG(s) 'latest_only_with_trigger' retrieved from /home/erij/Erij_Mazouz_4DS8_churn_ml_project/venv/lib/python3.8/site-packages/airflow/example_dags/example_latest_only_with_trigger.py
[2025-03-06T23:40:39.822+0100] {logging_mixin.py:190} INFO - [2025-03-06T23:40:39.822+0100] {dag.py:3239} INFO - Sync 1 DAGs
[2025-03-06T23:40:39.838+0100] {logging_mixin.py:190} INFO - [2025-03-06T23:40:39.838+0100] {dag.py:4180} INFO - Setting next_dagrun for latest_only_with_trigger to 2025-03-06 16:00:00+00:00, run_after=2025-03-06 20:00:00+00:00
[2025-03-06T23:40:39.854+0100] {processor.py:208} INFO - Processing /home/erij/Erij_Mazouz_4DS8_churn_ml_project/venv/lib/python3.8/site-packages/airflow/example_dags/example_latest_only_with_trigger.py took 0.062 seconds
[2025-03-06T23:41:39.065+0100] {processor.py:186} INFO - Started process (PID=56635) to work on /home/erij/Erij_Mazouz_4DS8_churn_ml_project/venv/lib/python3.8/site-packages/airflow/example_dags/example_latest_only_with_trigger.py
[2025-03-06T23:41:39.067+0100] {processor.py:914} INFO - Processing file /home/erij/Erij_Mazouz_4DS8_churn_ml_project/venv/lib/python3.8/site-packages/airflow/example_dags/example_latest_only_with_trigger.py for tasks to queue
[2025-03-06T23:41:39.068+0100] {logging_mixin.py:190} INFO - [2025-03-06T23:41:39.068+0100] {dagbag.py:588} INFO - Filling up the DagBag from /home/erij/Erij_Mazouz_4DS8_churn_ml_project/venv/lib/python3.8/site-packages/airflow/example_dags/example_latest_only_with_trigger.py
[2025-03-06T23:41:39.075+0100] {processor.py:925} INFO - DAG(s) 'latest_only_with_trigger' retrieved from /home/erij/Erij_Mazouz_4DS8_churn_ml_project/venv/lib/python3.8/site-packages/airflow/example_dags/example_latest_only_with_trigger.py
[2025-03-06T23:41:39.087+0100] {logging_mixin.py:190} INFO - [2025-03-06T23:41:39.087+0100] {dag.py:3239} INFO - Sync 1 DAGs
[2025-03-06T23:41:39.104+0100] {logging_mixin.py:190} INFO - [2025-03-06T23:41:39.103+0100] {dag.py:4180} INFO - Setting next_dagrun for latest_only_with_trigger to 2025-03-06 16:00:00+00:00, run_after=2025-03-06 20:00:00+00:00
[2025-03-06T23:41:39.122+0100] {processor.py:208} INFO - Processing /home/erij/Erij_Mazouz_4DS8_churn_ml_project/venv/lib/python3.8/site-packages/airflow/example_dags/example_latest_only_with_trigger.py took 0.062 seconds
[2025-03-06T23:42:31.237+0100] {processor.py:186} INFO - Started process (PID=56757) to work on /home/erij/Erij_Mazouz_4DS8_churn_ml_project/venv/lib/python3.8/site-packages/airflow/example_dags/example_latest_only_with_trigger.py
[2025-03-06T23:42:31.240+0100] {processor.py:914} INFO - Processing file /home/erij/Erij_Mazouz_4DS8_churn_ml_project/venv/lib/python3.8/site-packages/airflow/example_dags/example_latest_only_with_trigger.py for tasks to queue
[2025-03-06T23:42:31.242+0100] {logging_mixin.py:190} INFO - [2025-03-06T23:42:31.241+0100] {dagbag.py:588} INFO - Filling up the DagBag from /home/erij/Erij_Mazouz_4DS8_churn_ml_project/venv/lib/python3.8/site-packages/airflow/example_dags/example_latest_only_with_trigger.py
[2025-03-06T23:42:31.250+0100] {processor.py:925} INFO - DAG(s) 'latest_only_with_trigger' retrieved from /home/erij/Erij_Mazouz_4DS8_churn_ml_project/venv/lib/python3.8/site-packages/airflow/example_dags/example_latest_only_with_trigger.py
[2025-03-06T23:42:31.264+0100] {logging_mixin.py:190} INFO - [2025-03-06T23:42:31.263+0100] {dag.py:3239} INFO - Sync 1 DAGs
[2025-03-06T23:42:31.283+0100] {logging_mixin.py:190} INFO - [2025-03-06T23:42:31.283+0100] {dag.py:4180} INFO - Setting next_dagrun for latest_only_with_trigger to 2025-03-06 16:00:00+00:00, run_after=2025-03-06 20:00:00+00:00
[2025-03-06T23:42:31.304+0100] {processor.py:208} INFO - Processing /home/erij/Erij_Mazouz_4DS8_churn_ml_project/venv/lib/python3.8/site-packages/airflow/example_dags/example_latest_only_with_trigger.py took 0.074 seconds
[2025-03-06T23:43:25.433+0100] {processor.py:186} INFO - Started process (PID=56883) to work on /home/erij/Erij_Mazouz_4DS8_churn_ml_project/venv/lib/python3.8/site-packages/airflow/example_dags/example_latest_only_with_trigger.py
[2025-03-06T23:43:25.434+0100] {processor.py:914} INFO - Processing file /home/erij/Erij_Mazouz_4DS8_churn_ml_project/venv/lib/python3.8/site-packages/airflow/example_dags/example_latest_only_with_trigger.py for tasks to queue
[2025-03-06T23:43:25.436+0100] {logging_mixin.py:190} INFO - [2025-03-06T23:43:25.435+0100] {dagbag.py:588} INFO - Filling up the DagBag from /home/erij/Erij_Mazouz_4DS8_churn_ml_project/venv/lib/python3.8/site-packages/airflow/example_dags/example_latest_only_with_trigger.py
[2025-03-06T23:43:25.442+0100] {processor.py:925} INFO - DAG(s) 'latest_only_with_trigger' retrieved from /home/erij/Erij_Mazouz_4DS8_churn_ml_project/venv/lib/python3.8/site-packages/airflow/example_dags/example_latest_only_with_trigger.py
[2025-03-06T23:43:25.454+0100] {logging_mixin.py:190} INFO - [2025-03-06T23:43:25.454+0100] {dag.py:3239} INFO - Sync 1 DAGs
[2025-03-06T23:43:25.470+0100] {logging_mixin.py:190} INFO - [2025-03-06T23:43:25.470+0100] {dag.py:4180} INFO - Setting next_dagrun for latest_only_with_trigger to 2025-03-06 16:00:00+00:00, run_after=2025-03-06 20:00:00+00:00
[2025-03-06T23:43:25.485+0100] {processor.py:208} INFO - Processing /home/erij/Erij_Mazouz_4DS8_churn_ml_project/venv/lib/python3.8/site-packages/airflow/example_dags/example_latest_only_with_trigger.py took 0.058 seconds
[2025-03-06T23:44:16.674+0100] {processor.py:186} INFO - Started process (PID=56992) to work on /home/erij/Erij_Mazouz_4DS8_churn_ml_project/venv/lib/python3.8/site-packages/airflow/example_dags/example_latest_only_with_trigger.py
[2025-03-06T23:44:16.676+0100] {processor.py:914} INFO - Processing file /home/erij/Erij_Mazouz_4DS8_churn_ml_project/venv/lib/python3.8/site-packages/airflow/example_dags/example_latest_only_with_trigger.py for tasks to queue
[2025-03-06T23:44:16.679+0100] {logging_mixin.py:190} INFO - [2025-03-06T23:44:16.678+0100] {dagbag.py:588} INFO - Filling up the DagBag from /home/erij/Erij_Mazouz_4DS8_churn_ml_project/venv/lib/python3.8/site-packages/airflow/example_dags/example_latest_only_with_trigger.py
[2025-03-06T23:44:16.686+0100] {processor.py:925} INFO - DAG(s) 'latest_only_with_trigger' retrieved from /home/erij/Erij_Mazouz_4DS8_churn_ml_project/venv/lib/python3.8/site-packages/airflow/example_dags/example_latest_only_with_trigger.py
[2025-03-06T23:44:16.700+0100] {logging_mixin.py:190} INFO - [2025-03-06T23:44:16.700+0100] {dag.py:3239} INFO - Sync 1 DAGs
[2025-03-06T23:44:16.717+0100] {logging_mixin.py:190} INFO - [2025-03-06T23:44:16.717+0100] {dag.py:4180} INFO - Setting next_dagrun for latest_only_with_trigger to 2025-03-06 16:00:00+00:00, run_after=2025-03-06 20:00:00+00:00
[2025-03-06T23:44:16.736+0100] {processor.py:208} INFO - Processing /home/erij/Erij_Mazouz_4DS8_churn_ml_project/venv/lib/python3.8/site-packages/airflow/example_dags/example_latest_only_with_trigger.py took 0.070 seconds
[2025-03-06T23:45:12.225+0100] {processor.py:186} INFO - Started process (PID=57148) to work on /home/erij/Erij_Mazouz_4DS8_churn_ml_project/venv/lib/python3.8/site-packages/airflow/example_dags/example_latest_only_with_trigger.py
[2025-03-06T23:45:12.236+0100] {processor.py:914} INFO - Processing file /home/erij/Erij_Mazouz_4DS8_churn_ml_project/venv/lib/python3.8/site-packages/airflow/example_dags/example_latest_only_with_trigger.py for tasks to queue
[2025-03-06T23:45:12.238+0100] {logging_mixin.py:190} INFO - [2025-03-06T23:45:12.238+0100] {dagbag.py:588} INFO - Filling up the DagBag from /home/erij/Erij_Mazouz_4DS8_churn_ml_project/venv/lib/python3.8/site-packages/airflow/example_dags/example_latest_only_with_trigger.py
[2025-03-06T23:45:12.244+0100] {processor.py:925} INFO - DAG(s) 'latest_only_with_trigger' retrieved from /home/erij/Erij_Mazouz_4DS8_churn_ml_project/venv/lib/python3.8/site-packages/airflow/example_dags/example_latest_only_with_trigger.py
[2025-03-06T23:45:12.256+0100] {logging_mixin.py:190} INFO - [2025-03-06T23:45:12.256+0100] {dag.py:3239} INFO - Sync 1 DAGs
[2025-03-06T23:45:12.271+0100] {logging_mixin.py:190} INFO - [2025-03-06T23:45:12.271+0100] {dag.py:4180} INFO - Setting next_dagrun for latest_only_with_trigger to 2025-03-06 16:00:00+00:00, run_after=2025-03-06 20:00:00+00:00
[2025-03-06T23:45:12.298+0100] {processor.py:208} INFO - Processing /home/erij/Erij_Mazouz_4DS8_churn_ml_project/venv/lib/python3.8/site-packages/airflow/example_dags/example_latest_only_with_trigger.py took 0.078 seconds
[2025-03-06T23:46:12.308+0100] {processor.py:186} INFO - Started process (PID=57271) to work on /home/erij/Erij_Mazouz_4DS8_churn_ml_project/venv/lib/python3.8/site-packages/airflow/example_dags/example_latest_only_with_trigger.py
[2025-03-06T23:46:12.310+0100] {processor.py:914} INFO - Processing file /home/erij/Erij_Mazouz_4DS8_churn_ml_project/venv/lib/python3.8/site-packages/airflow/example_dags/example_latest_only_with_trigger.py for tasks to queue
[2025-03-06T23:46:12.312+0100] {logging_mixin.py:190} INFO - [2025-03-06T23:46:12.312+0100] {dagbag.py:588} INFO - Filling up the DagBag from /home/erij/Erij_Mazouz_4DS8_churn_ml_project/venv/lib/python3.8/site-packages/airflow/example_dags/example_latest_only_with_trigger.py
[2025-03-06T23:46:12.319+0100] {processor.py:925} INFO - DAG(s) 'latest_only_with_trigger' retrieved from /home/erij/Erij_Mazouz_4DS8_churn_ml_project/venv/lib/python3.8/site-packages/airflow/example_dags/example_latest_only_with_trigger.py
[2025-03-06T23:46:12.332+0100] {logging_mixin.py:190} INFO - [2025-03-06T23:46:12.331+0100] {dag.py:3239} INFO - Sync 1 DAGs
[2025-03-06T23:46:12.348+0100] {logging_mixin.py:190} INFO - [2025-03-06T23:46:12.348+0100] {dag.py:4180} INFO - Setting next_dagrun for latest_only_with_trigger to 2025-03-06 16:00:00+00:00, run_after=2025-03-06 20:00:00+00:00
[2025-03-06T23:46:12.385+0100] {processor.py:208} INFO - Processing /home/erij/Erij_Mazouz_4DS8_churn_ml_project/venv/lib/python3.8/site-packages/airflow/example_dags/example_latest_only_with_trigger.py took 0.082 seconds
[2025-03-06T23:47:05.551+0100] {processor.py:186} INFO - Started process (PID=57387) to work on /home/erij/Erij_Mazouz_4DS8_churn_ml_project/venv/lib/python3.8/site-packages/airflow/example_dags/example_latest_only_with_trigger.py
[2025-03-06T23:47:05.553+0100] {processor.py:914} INFO - Processing file /home/erij/Erij_Mazouz_4DS8_churn_ml_project/venv/lib/python3.8/site-packages/airflow/example_dags/example_latest_only_with_trigger.py for tasks to queue
[2025-03-06T23:47:05.555+0100] {logging_mixin.py:190} INFO - [2025-03-06T23:47:05.555+0100] {dagbag.py:588} INFO - Filling up the DagBag from /home/erij/Erij_Mazouz_4DS8_churn_ml_project/venv/lib/python3.8/site-packages/airflow/example_dags/example_latest_only_with_trigger.py
[2025-03-06T23:47:05.561+0100] {processor.py:925} INFO - DAG(s) 'latest_only_with_trigger' retrieved from /home/erij/Erij_Mazouz_4DS8_churn_ml_project/venv/lib/python3.8/site-packages/airflow/example_dags/example_latest_only_with_trigger.py
[2025-03-06T23:47:05.573+0100] {logging_mixin.py:190} INFO - [2025-03-06T23:47:05.572+0100] {dag.py:3239} INFO - Sync 1 DAGs
[2025-03-06T23:47:05.588+0100] {logging_mixin.py:190} INFO - [2025-03-06T23:47:05.588+0100] {dag.py:4180} INFO - Setting next_dagrun for latest_only_with_trigger to 2025-03-06 16:00:00+00:00, run_after=2025-03-06 20:00:00+00:00
[2025-03-06T23:47:05.605+0100] {processor.py:208} INFO - Processing /home/erij/Erij_Mazouz_4DS8_churn_ml_project/venv/lib/python3.8/site-packages/airflow/example_dags/example_latest_only_with_trigger.py took 0.059 seconds
[2025-03-06T23:48:04.406+0100] {processor.py:186} INFO - Started process (PID=57498) to work on /home/erij/Erij_Mazouz_4DS8_churn_ml_project/venv/lib/python3.8/site-packages/airflow/example_dags/example_latest_only_with_trigger.py
[2025-03-06T23:48:04.409+0100] {processor.py:914} INFO - Processing file /home/erij/Erij_Mazouz_4DS8_churn_ml_project/venv/lib/python3.8/site-packages/airflow/example_dags/example_latest_only_with_trigger.py for tasks to queue
[2025-03-06T23:48:04.411+0100] {logging_mixin.py:190} INFO - [2025-03-06T23:48:04.411+0100] {dagbag.py:588} INFO - Filling up the DagBag from /home/erij/Erij_Mazouz_4DS8_churn_ml_project/venv/lib/python3.8/site-packages/airflow/example_dags/example_latest_only_with_trigger.py
[2025-03-06T23:48:04.419+0100] {processor.py:925} INFO - DAG(s) 'latest_only_with_trigger' retrieved from /home/erij/Erij_Mazouz_4DS8_churn_ml_project/venv/lib/python3.8/site-packages/airflow/example_dags/example_latest_only_with_trigger.py
[2025-03-06T23:48:04.431+0100] {logging_mixin.py:190} INFO - [2025-03-06T23:48:04.431+0100] {dag.py:3239} INFO - Sync 1 DAGs
[2025-03-06T23:48:04.448+0100] {logging_mixin.py:190} INFO - [2025-03-06T23:48:04.447+0100] {dag.py:4180} INFO - Setting next_dagrun for latest_only_with_trigger to 2025-03-06 16:00:00+00:00, run_after=2025-03-06 20:00:00+00:00
[2025-03-06T23:48:04.464+0100] {processor.py:208} INFO - Processing /home/erij/Erij_Mazouz_4DS8_churn_ml_project/venv/lib/python3.8/site-packages/airflow/example_dags/example_latest_only_with_trigger.py took 0.064 seconds
[2025-03-06T23:49:01.036+0100] {processor.py:186} INFO - Started process (PID=57616) to work on /home/erij/Erij_Mazouz_4DS8_churn_ml_project/venv/lib/python3.8/site-packages/airflow/example_dags/example_latest_only_with_trigger.py
[2025-03-06T23:49:01.037+0100] {processor.py:914} INFO - Processing file /home/erij/Erij_Mazouz_4DS8_churn_ml_project/venv/lib/python3.8/site-packages/airflow/example_dags/example_latest_only_with_trigger.py for tasks to queue
[2025-03-06T23:49:01.039+0100] {logging_mixin.py:190} INFO - [2025-03-06T23:49:01.039+0100] {dagbag.py:588} INFO - Filling up the DagBag from /home/erij/Erij_Mazouz_4DS8_churn_ml_project/venv/lib/python3.8/site-packages/airflow/example_dags/example_latest_only_with_trigger.py
[2025-03-06T23:49:01.046+0100] {processor.py:925} INFO - DAG(s) 'latest_only_with_trigger' retrieved from /home/erij/Erij_Mazouz_4DS8_churn_ml_project/venv/lib/python3.8/site-packages/airflow/example_dags/example_latest_only_with_trigger.py
[2025-03-06T23:49:01.058+0100] {logging_mixin.py:190} INFO - [2025-03-06T23:49:01.058+0100] {dag.py:3239} INFO - Sync 1 DAGs
[2025-03-06T23:49:01.075+0100] {logging_mixin.py:190} INFO - [2025-03-06T23:49:01.074+0100] {dag.py:4180} INFO - Setting next_dagrun for latest_only_with_trigger to 2025-03-06 16:00:00+00:00, run_after=2025-03-06 20:00:00+00:00
[2025-03-06T23:49:01.093+0100] {processor.py:208} INFO - Processing /home/erij/Erij_Mazouz_4DS8_churn_ml_project/venv/lib/python3.8/site-packages/airflow/example_dags/example_latest_only_with_trigger.py took 0.061 seconds
[2025-03-06T23:49:55.326+0100] {processor.py:186} INFO - Started process (PID=57731) to work on /home/erij/Erij_Mazouz_4DS8_churn_ml_project/venv/lib/python3.8/site-packages/airflow/example_dags/example_latest_only_with_trigger.py
[2025-03-06T23:49:55.327+0100] {processor.py:914} INFO - Processing file /home/erij/Erij_Mazouz_4DS8_churn_ml_project/venv/lib/python3.8/site-packages/airflow/example_dags/example_latest_only_with_trigger.py for tasks to queue
[2025-03-06T23:49:55.329+0100] {logging_mixin.py:190} INFO - [2025-03-06T23:49:55.329+0100] {dagbag.py:588} INFO - Filling up the DagBag from /home/erij/Erij_Mazouz_4DS8_churn_ml_project/venv/lib/python3.8/site-packages/airflow/example_dags/example_latest_only_with_trigger.py
[2025-03-06T23:49:55.337+0100] {processor.py:925} INFO - DAG(s) 'latest_only_with_trigger' retrieved from /home/erij/Erij_Mazouz_4DS8_churn_ml_project/venv/lib/python3.8/site-packages/airflow/example_dags/example_latest_only_with_trigger.py
[2025-03-06T23:49:55.351+0100] {logging_mixin.py:190} INFO - [2025-03-06T23:49:55.351+0100] {dag.py:3239} INFO - Sync 1 DAGs
[2025-03-06T23:49:55.369+0100] {logging_mixin.py:190} INFO - [2025-03-06T23:49:55.369+0100] {dag.py:4180} INFO - Setting next_dagrun for latest_only_with_trigger to 2025-03-06 16:00:00+00:00, run_after=2025-03-06 20:00:00+00:00
[2025-03-06T23:49:55.389+0100] {processor.py:208} INFO - Processing /home/erij/Erij_Mazouz_4DS8_churn_ml_project/venv/lib/python3.8/site-packages/airflow/example_dags/example_latest_only_with_trigger.py took 0.069 seconds
[2025-03-06T23:50:50.670+0100] {processor.py:186} INFO - Started process (PID=57838) to work on /home/erij/Erij_Mazouz_4DS8_churn_ml_project/venv/lib/python3.8/site-packages/airflow/example_dags/example_latest_only_with_trigger.py
[2025-03-06T23:50:50.671+0100] {processor.py:914} INFO - Processing file /home/erij/Erij_Mazouz_4DS8_churn_ml_project/venv/lib/python3.8/site-packages/airflow/example_dags/example_latest_only_with_trigger.py for tasks to queue
[2025-03-06T23:50:50.674+0100] {logging_mixin.py:190} INFO - [2025-03-06T23:50:50.673+0100] {dagbag.py:588} INFO - Filling up the DagBag from /home/erij/Erij_Mazouz_4DS8_churn_ml_project/venv/lib/python3.8/site-packages/airflow/example_dags/example_latest_only_with_trigger.py
[2025-03-06T23:50:50.680+0100] {processor.py:925} INFO - DAG(s) 'latest_only_with_trigger' retrieved from /home/erij/Erij_Mazouz_4DS8_churn_ml_project/venv/lib/python3.8/site-packages/airflow/example_dags/example_latest_only_with_trigger.py
[2025-03-06T23:50:50.692+0100] {logging_mixin.py:190} INFO - [2025-03-06T23:50:50.692+0100] {dag.py:3239} INFO - Sync 1 DAGs
[2025-03-06T23:50:50.709+0100] {logging_mixin.py:190} INFO - [2025-03-06T23:50:50.709+0100] {dag.py:4180} INFO - Setting next_dagrun for latest_only_with_trigger to 2025-03-06 16:00:00+00:00, run_after=2025-03-06 20:00:00+00:00
[2025-03-06T23:50:50.727+0100] {processor.py:208} INFO - Processing /home/erij/Erij_Mazouz_4DS8_churn_ml_project/venv/lib/python3.8/site-packages/airflow/example_dags/example_latest_only_with_trigger.py took 0.062 seconds
[2025-03-06T23:51:46.217+0100] {processor.py:186} INFO - Started process (PID=57954) to work on /home/erij/Erij_Mazouz_4DS8_churn_ml_project/venv/lib/python3.8/site-packages/airflow/example_dags/example_latest_only_with_trigger.py
[2025-03-06T23:51:46.219+0100] {processor.py:914} INFO - Processing file /home/erij/Erij_Mazouz_4DS8_churn_ml_project/venv/lib/python3.8/site-packages/airflow/example_dags/example_latest_only_with_trigger.py for tasks to queue
[2025-03-06T23:51:46.221+0100] {logging_mixin.py:190} INFO - [2025-03-06T23:51:46.221+0100] {dagbag.py:588} INFO - Filling up the DagBag from /home/erij/Erij_Mazouz_4DS8_churn_ml_project/venv/lib/python3.8/site-packages/airflow/example_dags/example_latest_only_with_trigger.py
[2025-03-06T23:51:46.228+0100] {processor.py:925} INFO - DAG(s) 'latest_only_with_trigger' retrieved from /home/erij/Erij_Mazouz_4DS8_churn_ml_project/venv/lib/python3.8/site-packages/airflow/example_dags/example_latest_only_with_trigger.py
[2025-03-06T23:51:46.240+0100] {logging_mixin.py:190} INFO - [2025-03-06T23:51:46.240+0100] {dag.py:3239} INFO - Sync 1 DAGs
[2025-03-06T23:51:46.257+0100] {logging_mixin.py:190} INFO - [2025-03-06T23:51:46.257+0100] {dag.py:4180} INFO - Setting next_dagrun for latest_only_with_trigger to 2025-03-06 16:00:00+00:00, run_after=2025-03-06 20:00:00+00:00
[2025-03-06T23:51:46.275+0100] {processor.py:208} INFO - Processing /home/erij/Erij_Mazouz_4DS8_churn_ml_project/venv/lib/python3.8/site-packages/airflow/example_dags/example_latest_only_with_trigger.py took 0.063 seconds
[2025-03-06T23:52:43.071+0100] {processor.py:186} INFO - Started process (PID=58066) to work on /home/erij/Erij_Mazouz_4DS8_churn_ml_project/venv/lib/python3.8/site-packages/airflow/example_dags/example_latest_only_with_trigger.py
[2025-03-06T23:52:43.074+0100] {processor.py:914} INFO - Processing file /home/erij/Erij_Mazouz_4DS8_churn_ml_project/venv/lib/python3.8/site-packages/airflow/example_dags/example_latest_only_with_trigger.py for tasks to queue
[2025-03-06T23:52:43.076+0100] {logging_mixin.py:190} INFO - [2025-03-06T23:52:43.076+0100] {dagbag.py:588} INFO - Filling up the DagBag from /home/erij/Erij_Mazouz_4DS8_churn_ml_project/venv/lib/python3.8/site-packages/airflow/example_dags/example_latest_only_with_trigger.py
[2025-03-06T23:52:43.084+0100] {processor.py:925} INFO - DAG(s) 'latest_only_with_trigger' retrieved from /home/erij/Erij_Mazouz_4DS8_churn_ml_project/venv/lib/python3.8/site-packages/airflow/example_dags/example_latest_only_with_trigger.py
[2025-03-06T23:52:43.099+0100] {logging_mixin.py:190} INFO - [2025-03-06T23:52:43.099+0100] {dag.py:3239} INFO - Sync 1 DAGs
[2025-03-06T23:52:43.119+0100] {logging_mixin.py:190} INFO - [2025-03-06T23:52:43.119+0100] {dag.py:4180} INFO - Setting next_dagrun for latest_only_with_trigger to 2025-03-06 16:00:00+00:00, run_after=2025-03-06 20:00:00+00:00
[2025-03-06T23:52:43.140+0100] {processor.py:208} INFO - Processing /home/erij/Erij_Mazouz_4DS8_churn_ml_project/venv/lib/python3.8/site-packages/airflow/example_dags/example_latest_only_with_trigger.py took 0.075 seconds
[2025-03-06T23:53:39.596+0100] {processor.py:186} INFO - Started process (PID=58189) to work on /home/erij/Erij_Mazouz_4DS8_churn_ml_project/venv/lib/python3.8/site-packages/airflow/example_dags/example_latest_only_with_trigger.py
[2025-03-06T23:53:39.599+0100] {processor.py:914} INFO - Processing file /home/erij/Erij_Mazouz_4DS8_churn_ml_project/venv/lib/python3.8/site-packages/airflow/example_dags/example_latest_only_with_trigger.py for tasks to queue
[2025-03-06T23:53:39.600+0100] {logging_mixin.py:190} INFO - [2025-03-06T23:53:39.600+0100] {dagbag.py:588} INFO - Filling up the DagBag from /home/erij/Erij_Mazouz_4DS8_churn_ml_project/venv/lib/python3.8/site-packages/airflow/example_dags/example_latest_only_with_trigger.py
[2025-03-06T23:53:39.607+0100] {processor.py:925} INFO - DAG(s) 'latest_only_with_trigger' retrieved from /home/erij/Erij_Mazouz_4DS8_churn_ml_project/venv/lib/python3.8/site-packages/airflow/example_dags/example_latest_only_with_trigger.py
[2025-03-06T23:53:39.619+0100] {logging_mixin.py:190} INFO - [2025-03-06T23:53:39.619+0100] {dag.py:3239} INFO - Sync 1 DAGs
[2025-03-06T23:53:39.635+0100] {logging_mixin.py:190} INFO - [2025-03-06T23:53:39.635+0100] {dag.py:4180} INFO - Setting next_dagrun for latest_only_with_trigger to 2025-03-06 16:00:00+00:00, run_after=2025-03-06 20:00:00+00:00
[2025-03-06T23:53:39.651+0100] {processor.py:208} INFO - Processing /home/erij/Erij_Mazouz_4DS8_churn_ml_project/venv/lib/python3.8/site-packages/airflow/example_dags/example_latest_only_with_trigger.py took 0.060 seconds
[2025-03-06T23:54:37.975+0100] {processor.py:186} INFO - Started process (PID=58570) to work on /home/erij/Erij_Mazouz_4DS8_churn_ml_project/venv/lib/python3.8/site-packages/airflow/example_dags/example_latest_only_with_trigger.py
[2025-03-06T23:54:37.978+0100] {processor.py:914} INFO - Processing file /home/erij/Erij_Mazouz_4DS8_churn_ml_project/venv/lib/python3.8/site-packages/airflow/example_dags/example_latest_only_with_trigger.py for tasks to queue
[2025-03-06T23:54:37.979+0100] {logging_mixin.py:190} INFO - [2025-03-06T23:54:37.979+0100] {dagbag.py:588} INFO - Filling up the DagBag from /home/erij/Erij_Mazouz_4DS8_churn_ml_project/venv/lib/python3.8/site-packages/airflow/example_dags/example_latest_only_with_trigger.py
[2025-03-06T23:54:37.986+0100] {processor.py:925} INFO - DAG(s) 'latest_only_with_trigger' retrieved from /home/erij/Erij_Mazouz_4DS8_churn_ml_project/venv/lib/python3.8/site-packages/airflow/example_dags/example_latest_only_with_trigger.py
[2025-03-06T23:54:37.999+0100] {logging_mixin.py:190} INFO - [2025-03-06T23:54:37.999+0100] {dag.py:3239} INFO - Sync 1 DAGs
[2025-03-06T23:54:38.016+0100] {logging_mixin.py:190} INFO - [2025-03-06T23:54:38.016+0100] {dag.py:4180} INFO - Setting next_dagrun for latest_only_with_trigger to 2025-03-06 16:00:00+00:00, run_after=2025-03-06 20:00:00+00:00
[2025-03-06T23:54:38.033+0100] {processor.py:208} INFO - Processing /home/erij/Erij_Mazouz_4DS8_churn_ml_project/venv/lib/python3.8/site-packages/airflow/example_dags/example_latest_only_with_trigger.py took 0.063 seconds
[2025-03-06T23:55:34.278+0100] {processor.py:186} INFO - Started process (PID=59107) to work on /home/erij/Erij_Mazouz_4DS8_churn_ml_project/venv/lib/python3.8/site-packages/airflow/example_dags/example_latest_only_with_trigger.py
[2025-03-06T23:55:34.281+0100] {processor.py:914} INFO - Processing file /home/erij/Erij_Mazouz_4DS8_churn_ml_project/venv/lib/python3.8/site-packages/airflow/example_dags/example_latest_only_with_trigger.py for tasks to queue
[2025-03-06T23:55:34.284+0100] {logging_mixin.py:190} INFO - [2025-03-06T23:55:34.284+0100] {dagbag.py:588} INFO - Filling up the DagBag from /home/erij/Erij_Mazouz_4DS8_churn_ml_project/venv/lib/python3.8/site-packages/airflow/example_dags/example_latest_only_with_trigger.py
[2025-03-06T23:55:34.294+0100] {processor.py:925} INFO - DAG(s) 'latest_only_with_trigger' retrieved from /home/erij/Erij_Mazouz_4DS8_churn_ml_project/venv/lib/python3.8/site-packages/airflow/example_dags/example_latest_only_with_trigger.py
[2025-03-06T23:55:34.311+0100] {logging_mixin.py:190} INFO - [2025-03-06T23:55:34.311+0100] {dag.py:3239} INFO - Sync 1 DAGs
[2025-03-06T23:55:34.331+0100] {logging_mixin.py:190} INFO - [2025-03-06T23:55:34.331+0100] {dag.py:4180} INFO - Setting next_dagrun for latest_only_with_trigger to 2025-03-06 16:00:00+00:00, run_after=2025-03-06 20:00:00+00:00
[2025-03-06T23:55:34.351+0100] {processor.py:208} INFO - Processing /home/erij/Erij_Mazouz_4DS8_churn_ml_project/venv/lib/python3.8/site-packages/airflow/example_dags/example_latest_only_with_trigger.py took 0.080 seconds
[2025-03-06T23:56:21.037+0100] {processor.py:186} INFO - Started process (PID=59228) to work on /home/erij/Erij_Mazouz_4DS8_churn_ml_project/venv/lib/python3.8/site-packages/airflow/example_dags/example_latest_only_with_trigger.py
[2025-03-06T23:56:21.038+0100] {processor.py:914} INFO - Processing file /home/erij/Erij_Mazouz_4DS8_churn_ml_project/venv/lib/python3.8/site-packages/airflow/example_dags/example_latest_only_with_trigger.py for tasks to queue
[2025-03-06T23:56:21.040+0100] {logging_mixin.py:190} INFO - [2025-03-06T23:56:21.040+0100] {dagbag.py:588} INFO - Filling up the DagBag from /home/erij/Erij_Mazouz_4DS8_churn_ml_project/venv/lib/python3.8/site-packages/airflow/example_dags/example_latest_only_with_trigger.py
[2025-03-06T23:56:21.046+0100] {processor.py:925} INFO - DAG(s) 'latest_only_with_trigger' retrieved from /home/erij/Erij_Mazouz_4DS8_churn_ml_project/venv/lib/python3.8/site-packages/airflow/example_dags/example_latest_only_with_trigger.py
[2025-03-06T23:56:21.058+0100] {logging_mixin.py:190} INFO - [2025-03-06T23:56:21.058+0100] {dag.py:3239} INFO - Sync 1 DAGs
[2025-03-06T23:56:21.074+0100] {logging_mixin.py:190} INFO - [2025-03-06T23:56:21.073+0100] {dag.py:4180} INFO - Setting next_dagrun for latest_only_with_trigger to 2025-03-06 16:00:00+00:00, run_after=2025-03-06 20:00:00+00:00
[2025-03-06T23:56:21.090+0100] {processor.py:208} INFO - Processing /home/erij/Erij_Mazouz_4DS8_churn_ml_project/venv/lib/python3.8/site-packages/airflow/example_dags/example_latest_only_with_trigger.py took 0.058 seconds
[2025-03-06T23:57:16.760+0100] {processor.py:186} INFO - Started process (PID=59358) to work on /home/erij/Erij_Mazouz_4DS8_churn_ml_project/venv/lib/python3.8/site-packages/airflow/example_dags/example_latest_only_with_trigger.py
[2025-03-06T23:57:16.761+0100] {processor.py:914} INFO - Processing file /home/erij/Erij_Mazouz_4DS8_churn_ml_project/venv/lib/python3.8/site-packages/airflow/example_dags/example_latest_only_with_trigger.py for tasks to queue
[2025-03-06T23:57:16.763+0100] {logging_mixin.py:190} INFO - [2025-03-06T23:57:16.763+0100] {dagbag.py:588} INFO - Filling up the DagBag from /home/erij/Erij_Mazouz_4DS8_churn_ml_project/venv/lib/python3.8/site-packages/airflow/example_dags/example_latest_only_with_trigger.py
[2025-03-06T23:57:16.769+0100] {processor.py:925} INFO - DAG(s) 'latest_only_with_trigger' retrieved from /home/erij/Erij_Mazouz_4DS8_churn_ml_project/venv/lib/python3.8/site-packages/airflow/example_dags/example_latest_only_with_trigger.py
[2025-03-06T23:57:16.785+0100] {logging_mixin.py:190} INFO - [2025-03-06T23:57:16.785+0100] {dag.py:3239} INFO - Sync 1 DAGs
[2025-03-06T23:57:16.805+0100] {logging_mixin.py:190} INFO - [2025-03-06T23:57:16.804+0100] {dag.py:4180} INFO - Setting next_dagrun for latest_only_with_trigger to 2025-03-06 16:00:00+00:00, run_after=2025-03-06 20:00:00+00:00
[2025-03-06T23:57:16.824+0100] {processor.py:208} INFO - Processing /home/erij/Erij_Mazouz_4DS8_churn_ml_project/venv/lib/python3.8/site-packages/airflow/example_dags/example_latest_only_with_trigger.py took 0.070 seconds
[2025-03-06T23:58:11.995+0100] {processor.py:186} INFO - Started process (PID=59496) to work on /home/erij/Erij_Mazouz_4DS8_churn_ml_project/venv/lib/python3.8/site-packages/airflow/example_dags/example_latest_only_with_trigger.py
[2025-03-06T23:58:11.997+0100] {processor.py:914} INFO - Processing file /home/erij/Erij_Mazouz_4DS8_churn_ml_project/venv/lib/python3.8/site-packages/airflow/example_dags/example_latest_only_with_trigger.py for tasks to queue
[2025-03-06T23:58:11.999+0100] {logging_mixin.py:190} INFO - [2025-03-06T23:58:11.999+0100] {dagbag.py:588} INFO - Filling up the DagBag from /home/erij/Erij_Mazouz_4DS8_churn_ml_project/venv/lib/python3.8/site-packages/airflow/example_dags/example_latest_only_with_trigger.py
[2025-03-06T23:58:12.006+0100] {processor.py:925} INFO - DAG(s) 'latest_only_with_trigger' retrieved from /home/erij/Erij_Mazouz_4DS8_churn_ml_project/venv/lib/python3.8/site-packages/airflow/example_dags/example_latest_only_with_trigger.py
[2025-03-06T23:58:12.018+0100] {logging_mixin.py:190} INFO - [2025-03-06T23:58:12.018+0100] {dag.py:3239} INFO - Sync 1 DAGs
[2025-03-06T23:58:12.036+0100] {logging_mixin.py:190} INFO - [2025-03-06T23:58:12.036+0100] {dag.py:4180} INFO - Setting next_dagrun for latest_only_with_trigger to 2025-03-06 16:00:00+00:00, run_after=2025-03-06 20:00:00+00:00
[2025-03-06T23:58:12.053+0100] {processor.py:208} INFO - Processing /home/erij/Erij_Mazouz_4DS8_churn_ml_project/venv/lib/python3.8/site-packages/airflow/example_dags/example_latest_only_with_trigger.py took 0.063 seconds
[2025-03-06T23:59:03.473+0100] {processor.py:186} INFO - Started process (PID=59644) to work on /home/erij/Erij_Mazouz_4DS8_churn_ml_project/venv/lib/python3.8/site-packages/airflow/example_dags/example_latest_only_with_trigger.py
[2025-03-06T23:59:03.475+0100] {processor.py:914} INFO - Processing file /home/erij/Erij_Mazouz_4DS8_churn_ml_project/venv/lib/python3.8/site-packages/airflow/example_dags/example_latest_only_with_trigger.py for tasks to queue
[2025-03-06T23:59:03.477+0100] {logging_mixin.py:190} INFO - [2025-03-06T23:59:03.476+0100] {dagbag.py:588} INFO - Filling up the DagBag from /home/erij/Erij_Mazouz_4DS8_churn_ml_project/venv/lib/python3.8/site-packages/airflow/example_dags/example_latest_only_with_trigger.py
[2025-03-06T23:59:03.482+0100] {processor.py:925} INFO - DAG(s) 'latest_only_with_trigger' retrieved from /home/erij/Erij_Mazouz_4DS8_churn_ml_project/venv/lib/python3.8/site-packages/airflow/example_dags/example_latest_only_with_trigger.py
[2025-03-06T23:59:03.493+0100] {logging_mixin.py:190} INFO - [2025-03-06T23:59:03.493+0100] {dag.py:3239} INFO - Sync 1 DAGs
[2025-03-06T23:59:03.508+0100] {logging_mixin.py:190} INFO - [2025-03-06T23:59:03.507+0100] {dag.py:4180} INFO - Setting next_dagrun for latest_only_with_trigger to 2025-03-06 16:00:00+00:00, run_after=2025-03-06 20:00:00+00:00
[2025-03-06T23:59:03.525+0100] {processor.py:208} INFO - Processing /home/erij/Erij_Mazouz_4DS8_churn_ml_project/venv/lib/python3.8/site-packages/airflow/example_dags/example_latest_only_with_trigger.py took 0.057 seconds
[2025-03-06T23:59:54.895+0100] {processor.py:186} INFO - Started process (PID=59790) to work on /home/erij/Erij_Mazouz_4DS8_churn_ml_project/venv/lib/python3.8/site-packages/airflow/example_dags/example_latest_only_with_trigger.py
[2025-03-06T23:59:54.897+0100] {processor.py:914} INFO - Processing file /home/erij/Erij_Mazouz_4DS8_churn_ml_project/venv/lib/python3.8/site-packages/airflow/example_dags/example_latest_only_with_trigger.py for tasks to queue
[2025-03-06T23:59:54.900+0100] {logging_mixin.py:190} INFO - [2025-03-06T23:59:54.899+0100] {dagbag.py:588} INFO - Filling up the DagBag from /home/erij/Erij_Mazouz_4DS8_churn_ml_project/venv/lib/python3.8/site-packages/airflow/example_dags/example_latest_only_with_trigger.py
[2025-03-06T23:59:54.906+0100] {processor.py:925} INFO - DAG(s) 'latest_only_with_trigger' retrieved from /home/erij/Erij_Mazouz_4DS8_churn_ml_project/venv/lib/python3.8/site-packages/airflow/example_dags/example_latest_only_with_trigger.py
[2025-03-06T23:59:54.918+0100] {logging_mixin.py:190} INFO - [2025-03-06T23:59:54.918+0100] {dag.py:3239} INFO - Sync 1 DAGs
[2025-03-06T23:59:54.934+0100] {logging_mixin.py:190} INFO - [2025-03-06T23:59:54.934+0100] {dag.py:4180} INFO - Setting next_dagrun for latest_only_with_trigger to 2025-03-06 16:00:00+00:00, run_after=2025-03-06 20:00:00+00:00
[2025-03-06T23:59:54.952+0100] {processor.py:208} INFO - Processing /home/erij/Erij_Mazouz_4DS8_churn_ml_project/venv/lib/python3.8/site-packages/airflow/example_dags/example_latest_only_with_trigger.py took 0.062 seconds
[2025-03-07T00:00:46.861+0100] {processor.py:186} INFO - Started process (PID=59987) to work on /home/erij/Erij_Mazouz_4DS8_churn_ml_project/venv/lib/python3.8/site-packages/airflow/example_dags/example_latest_only_with_trigger.py
[2025-03-07T00:00:46.862+0100] {processor.py:914} INFO - Processing file /home/erij/Erij_Mazouz_4DS8_churn_ml_project/venv/lib/python3.8/site-packages/airflow/example_dags/example_latest_only_with_trigger.py for tasks to queue
[2025-03-07T00:00:46.865+0100] {logging_mixin.py:190} INFO - [2025-03-07T00:00:46.864+0100] {dagbag.py:588} INFO - Filling up the DagBag from /home/erij/Erij_Mazouz_4DS8_churn_ml_project/venv/lib/python3.8/site-packages/airflow/example_dags/example_latest_only_with_trigger.py
[2025-03-07T00:00:46.871+0100] {processor.py:925} INFO - DAG(s) 'latest_only_with_trigger' retrieved from /home/erij/Erij_Mazouz_4DS8_churn_ml_project/venv/lib/python3.8/site-packages/airflow/example_dags/example_latest_only_with_trigger.py
[2025-03-07T00:00:46.884+0100] {logging_mixin.py:190} INFO - [2025-03-07T00:00:46.883+0100] {dag.py:3239} INFO - Sync 1 DAGs
[2025-03-07T00:00:46.903+0100] {logging_mixin.py:190} INFO - [2025-03-07T00:00:46.903+0100] {dag.py:4180} INFO - Setting next_dagrun for latest_only_with_trigger to 2025-03-06 16:00:00+00:00, run_after=2025-03-06 20:00:00+00:00
[2025-03-07T00:00:46.926+0100] {processor.py:208} INFO - Processing /home/erij/Erij_Mazouz_4DS8_churn_ml_project/venv/lib/python3.8/site-packages/airflow/example_dags/example_latest_only_with_trigger.py took 0.070 seconds
[2025-03-07T00:01:40.739+0100] {processor.py:186} INFO - Started process (PID=60145) to work on /home/erij/Erij_Mazouz_4DS8_churn_ml_project/venv/lib/python3.8/site-packages/airflow/example_dags/example_latest_only_with_trigger.py
[2025-03-07T00:01:40.740+0100] {processor.py:914} INFO - Processing file /home/erij/Erij_Mazouz_4DS8_churn_ml_project/venv/lib/python3.8/site-packages/airflow/example_dags/example_latest_only_with_trigger.py for tasks to queue
[2025-03-07T00:01:40.744+0100] {logging_mixin.py:190} INFO - [2025-03-07T00:01:40.743+0100] {dagbag.py:588} INFO - Filling up the DagBag from /home/erij/Erij_Mazouz_4DS8_churn_ml_project/venv/lib/python3.8/site-packages/airflow/example_dags/example_latest_only_with_trigger.py
[2025-03-07T00:01:40.756+0100] {processor.py:925} INFO - DAG(s) 'latest_only_with_trigger' retrieved from /home/erij/Erij_Mazouz_4DS8_churn_ml_project/venv/lib/python3.8/site-packages/airflow/example_dags/example_latest_only_with_trigger.py
[2025-03-07T00:01:40.779+0100] {logging_mixin.py:190} INFO - [2025-03-07T00:01:40.779+0100] {dag.py:3239} INFO - Sync 1 DAGs
[2025-03-07T00:01:40.803+0100] {logging_mixin.py:190} INFO - [2025-03-07T00:01:40.803+0100] {dag.py:4180} INFO - Setting next_dagrun for latest_only_with_trigger to 2025-03-06 16:00:00+00:00, run_after=2025-03-06 20:00:00+00:00
[2025-03-07T00:01:40.823+0100] {processor.py:208} INFO - Processing /home/erij/Erij_Mazouz_4DS8_churn_ml_project/venv/lib/python3.8/site-packages/airflow/example_dags/example_latest_only_with_trigger.py took 0.094 seconds
[2025-03-07T00:02:37.019+0100] {processor.py:186} INFO - Started process (PID=60362) to work on /home/erij/Erij_Mazouz_4DS8_churn_ml_project/venv/lib/python3.8/site-packages/airflow/example_dags/example_latest_only_with_trigger.py
[2025-03-07T00:02:37.021+0100] {processor.py:914} INFO - Processing file /home/erij/Erij_Mazouz_4DS8_churn_ml_project/venv/lib/python3.8/site-packages/airflow/example_dags/example_latest_only_with_trigger.py for tasks to queue
[2025-03-07T00:02:37.023+0100] {logging_mixin.py:190} INFO - [2025-03-07T00:02:37.023+0100] {dagbag.py:588} INFO - Filling up the DagBag from /home/erij/Erij_Mazouz_4DS8_churn_ml_project/venv/lib/python3.8/site-packages/airflow/example_dags/example_latest_only_with_trigger.py
[2025-03-07T00:02:37.029+0100] {processor.py:925} INFO - DAG(s) 'latest_only_with_trigger' retrieved from /home/erij/Erij_Mazouz_4DS8_churn_ml_project/venv/lib/python3.8/site-packages/airflow/example_dags/example_latest_only_with_trigger.py
[2025-03-07T00:02:37.042+0100] {logging_mixin.py:190} INFO - [2025-03-07T00:02:37.042+0100] {dag.py:3239} INFO - Sync 1 DAGs
[2025-03-07T00:02:37.060+0100] {logging_mixin.py:190} INFO - [2025-03-07T00:02:37.060+0100] {dag.py:4180} INFO - Setting next_dagrun for latest_only_with_trigger to 2025-03-06 16:00:00+00:00, run_after=2025-03-06 20:00:00+00:00
[2025-03-07T00:02:37.079+0100] {processor.py:208} INFO - Processing /home/erij/Erij_Mazouz_4DS8_churn_ml_project/venv/lib/python3.8/site-packages/airflow/example_dags/example_latest_only_with_trigger.py took 0.065 seconds
