[2025-03-06T23:39:16.792+0100] {processor.py:186} INFO - Started process (PID=55927) to work on /home/erij/Erij_Mazouz_4DS8_churn_ml_project/venv/lib/python3.8/site-packages/airflow/example_dags/example_nested_branch_dag.py
[2025-03-06T23:39:16.793+0100] {processor.py:914} INFO - Processing file /home/erij/Erij_Mazouz_4DS8_churn_ml_project/venv/lib/python3.8/site-packages/airflow/example_dags/example_nested_branch_dag.py for tasks to queue
[2025-03-06T23:39:16.794+0100] {logging_mixin.py:190} INFO - [2025-03-06T23:39:16.794+0100] {dagbag.py:588} INFO - Filling up the DagBag from /home/erij/Erij_Mazouz_4DS8_churn_ml_project/venv/lib/python3.8/site-packages/airflow/example_dags/example_nested_branch_dag.py
[2025-03-06T23:39:16.804+0100] {processor.py:925} INFO - DAG(s) 'example_nested_branch_dag' retrieved from /home/erij/Erij_Mazouz_4DS8_churn_ml_project/venv/lib/python3.8/site-packages/airflow/example_dags/example_nested_branch_dag.py
[2025-03-06T23:39:16.819+0100] {logging_mixin.py:190} INFO - [2025-03-06T23:39:16.819+0100] {dag.py:3239} INFO - Sync 1 DAGs
[2025-03-06T23:39:16.837+0100] {logging_mixin.py:190} INFO - [2025-03-06T23:39:16.837+0100] {dag.py:4180} INFO - Setting next_dagrun for example_nested_branch_dag to 2025-03-05 00:00:00+00:00, run_after=2025-03-06 00:00:00+00:00
[2025-03-06T23:39:16.856+0100] {processor.py:208} INFO - Processing /home/erij/Erij_Mazouz_4DS8_churn_ml_project/venv/lib/python3.8/site-packages/airflow/example_dags/example_nested_branch_dag.py took 0.069 seconds
[2025-03-06T23:40:43.673+0100] {processor.py:186} INFO - Started process (PID=56498) to work on /home/erij/Erij_Mazouz_4DS8_churn_ml_project/venv/lib/python3.8/site-packages/airflow/example_dags/example_nested_branch_dag.py
[2025-03-06T23:40:43.675+0100] {processor.py:914} INFO - Processing file /home/erij/Erij_Mazouz_4DS8_churn_ml_project/venv/lib/python3.8/site-packages/airflow/example_dags/example_nested_branch_dag.py for tasks to queue
[2025-03-06T23:40:43.676+0100] {logging_mixin.py:190} INFO - [2025-03-06T23:40:43.676+0100] {dagbag.py:588} INFO - Filling up the DagBag from /home/erij/Erij_Mazouz_4DS8_churn_ml_project/venv/lib/python3.8/site-packages/airflow/example_dags/example_nested_branch_dag.py
[2025-03-06T23:40:43.686+0100] {processor.py:925} INFO - DAG(s) 'example_nested_branch_dag' retrieved from /home/erij/Erij_Mazouz_4DS8_churn_ml_project/venv/lib/python3.8/site-packages/airflow/example_dags/example_nested_branch_dag.py
[2025-03-06T23:40:43.701+0100] {logging_mixin.py:190} INFO - [2025-03-06T23:40:43.701+0100] {dag.py:3239} INFO - Sync 1 DAGs
[2025-03-06T23:40:43.719+0100] {logging_mixin.py:190} INFO - [2025-03-06T23:40:43.719+0100] {dag.py:4180} INFO - Setting next_dagrun for example_nested_branch_dag to 2025-03-05 00:00:00+00:00, run_after=2025-03-06 00:00:00+00:00
[2025-03-06T23:40:43.739+0100] {processor.py:208} INFO - Processing /home/erij/Erij_Mazouz_4DS8_churn_ml_project/venv/lib/python3.8/site-packages/airflow/example_dags/example_nested_branch_dag.py took 0.072 seconds
[2025-03-06T23:41:41.775+0100] {processor.py:186} INFO - Started process (PID=56641) to work on /home/erij/Erij_Mazouz_4DS8_churn_ml_project/venv/lib/python3.8/site-packages/airflow/example_dags/example_nested_branch_dag.py
[2025-03-06T23:41:41.777+0100] {processor.py:914} INFO - Processing file /home/erij/Erij_Mazouz_4DS8_churn_ml_project/venv/lib/python3.8/site-packages/airflow/example_dags/example_nested_branch_dag.py for tasks to queue
[2025-03-06T23:41:41.780+0100] {logging_mixin.py:190} INFO - [2025-03-06T23:41:41.779+0100] {dagbag.py:588} INFO - Filling up the DagBag from /home/erij/Erij_Mazouz_4DS8_churn_ml_project/venv/lib/python3.8/site-packages/airflow/example_dags/example_nested_branch_dag.py
[2025-03-06T23:41:41.790+0100] {processor.py:925} INFO - DAG(s) 'example_nested_branch_dag' retrieved from /home/erij/Erij_Mazouz_4DS8_churn_ml_project/venv/lib/python3.8/site-packages/airflow/example_dags/example_nested_branch_dag.py
[2025-03-06T23:41:41.803+0100] {logging_mixin.py:190} INFO - [2025-03-06T23:41:41.803+0100] {dag.py:3239} INFO - Sync 1 DAGs
[2025-03-06T23:41:41.821+0100] {logging_mixin.py:190} INFO - [2025-03-06T23:41:41.821+0100] {dag.py:4180} INFO - Setting next_dagrun for example_nested_branch_dag to 2025-03-05 00:00:00+00:00, run_after=2025-03-06 00:00:00+00:00
[2025-03-06T23:41:41.836+0100] {processor.py:208} INFO - Processing /home/erij/Erij_Mazouz_4DS8_churn_ml_project/venv/lib/python3.8/site-packages/airflow/example_dags/example_nested_branch_dag.py took 0.067 seconds
[2025-03-06T23:42:35.699+0100] {processor.py:186} INFO - Started process (PID=56768) to work on /home/erij/Erij_Mazouz_4DS8_churn_ml_project/venv/lib/python3.8/site-packages/airflow/example_dags/example_nested_branch_dag.py
[2025-03-06T23:42:35.700+0100] {processor.py:914} INFO - Processing file /home/erij/Erij_Mazouz_4DS8_churn_ml_project/venv/lib/python3.8/site-packages/airflow/example_dags/example_nested_branch_dag.py for tasks to queue
[2025-03-06T23:42:35.703+0100] {logging_mixin.py:190} INFO - [2025-03-06T23:42:35.702+0100] {dagbag.py:588} INFO - Filling up the DagBag from /home/erij/Erij_Mazouz_4DS8_churn_ml_project/venv/lib/python3.8/site-packages/airflow/example_dags/example_nested_branch_dag.py
[2025-03-06T23:42:35.713+0100] {processor.py:925} INFO - DAG(s) 'example_nested_branch_dag' retrieved from /home/erij/Erij_Mazouz_4DS8_churn_ml_project/venv/lib/python3.8/site-packages/airflow/example_dags/example_nested_branch_dag.py
[2025-03-06T23:42:35.728+0100] {logging_mixin.py:190} INFO - [2025-03-06T23:42:35.727+0100] {dag.py:3239} INFO - Sync 1 DAGs
[2025-03-06T23:42:35.744+0100] {logging_mixin.py:190} INFO - [2025-03-06T23:42:35.744+0100] {dag.py:4180} INFO - Setting next_dagrun for example_nested_branch_dag to 2025-03-05 00:00:00+00:00, run_after=2025-03-06 00:00:00+00:00
[2025-03-06T23:42:35.762+0100] {processor.py:208} INFO - Processing /home/erij/Erij_Mazouz_4DS8_churn_ml_project/venv/lib/python3.8/site-packages/airflow/example_dags/example_nested_branch_dag.py took 0.068 seconds
[2025-03-06T23:43:29.278+0100] {processor.py:186} INFO - Started process (PID=56888) to work on /home/erij/Erij_Mazouz_4DS8_churn_ml_project/venv/lib/python3.8/site-packages/airflow/example_dags/example_nested_branch_dag.py
[2025-03-06T23:43:29.281+0100] {processor.py:914} INFO - Processing file /home/erij/Erij_Mazouz_4DS8_churn_ml_project/venv/lib/python3.8/site-packages/airflow/example_dags/example_nested_branch_dag.py for tasks to queue
[2025-03-06T23:43:29.284+0100] {logging_mixin.py:190} INFO - [2025-03-06T23:43:29.284+0100] {dagbag.py:588} INFO - Filling up the DagBag from /home/erij/Erij_Mazouz_4DS8_churn_ml_project/venv/lib/python3.8/site-packages/airflow/example_dags/example_nested_branch_dag.py
[2025-03-06T23:43:29.299+0100] {processor.py:925} INFO - DAG(s) 'example_nested_branch_dag' retrieved from /home/erij/Erij_Mazouz_4DS8_churn_ml_project/venv/lib/python3.8/site-packages/airflow/example_dags/example_nested_branch_dag.py
[2025-03-06T23:43:29.314+0100] {logging_mixin.py:190} INFO - [2025-03-06T23:43:29.314+0100] {dag.py:3239} INFO - Sync 1 DAGs
[2025-03-06T23:43:29.329+0100] {logging_mixin.py:190} INFO - [2025-03-06T23:43:29.329+0100] {dag.py:4180} INFO - Setting next_dagrun for example_nested_branch_dag to 2025-03-05 00:00:00+00:00, run_after=2025-03-06 00:00:00+00:00
[2025-03-06T23:43:29.349+0100] {processor.py:208} INFO - Processing /home/erij/Erij_Mazouz_4DS8_churn_ml_project/venv/lib/python3.8/site-packages/airflow/example_dags/example_nested_branch_dag.py took 0.078 seconds
[2025-03-06T23:44:20.683+0100] {processor.py:186} INFO - Started process (PID=56996) to work on /home/erij/Erij_Mazouz_4DS8_churn_ml_project/venv/lib/python3.8/site-packages/airflow/example_dags/example_nested_branch_dag.py
[2025-03-06T23:44:20.686+0100] {processor.py:914} INFO - Processing file /home/erij/Erij_Mazouz_4DS8_churn_ml_project/venv/lib/python3.8/site-packages/airflow/example_dags/example_nested_branch_dag.py for tasks to queue
[2025-03-06T23:44:20.688+0100] {logging_mixin.py:190} INFO - [2025-03-06T23:44:20.688+0100] {dagbag.py:588} INFO - Filling up the DagBag from /home/erij/Erij_Mazouz_4DS8_churn_ml_project/venv/lib/python3.8/site-packages/airflow/example_dags/example_nested_branch_dag.py
[2025-03-06T23:44:20.697+0100] {processor.py:925} INFO - DAG(s) 'example_nested_branch_dag' retrieved from /home/erij/Erij_Mazouz_4DS8_churn_ml_project/venv/lib/python3.8/site-packages/airflow/example_dags/example_nested_branch_dag.py
[2025-03-06T23:44:20.709+0100] {logging_mixin.py:190} INFO - [2025-03-06T23:44:20.709+0100] {dag.py:3239} INFO - Sync 1 DAGs
[2025-03-06T23:44:20.724+0100] {logging_mixin.py:190} INFO - [2025-03-06T23:44:20.724+0100] {dag.py:4180} INFO - Setting next_dagrun for example_nested_branch_dag to 2025-03-05 00:00:00+00:00, run_after=2025-03-06 00:00:00+00:00
[2025-03-06T23:44:20.741+0100] {processor.py:208} INFO - Processing /home/erij/Erij_Mazouz_4DS8_churn_ml_project/venv/lib/python3.8/site-packages/airflow/example_dags/example_nested_branch_dag.py took 0.062 seconds
[2025-03-06T23:45:16.622+0100] {processor.py:186} INFO - Started process (PID=57162) to work on /home/erij/Erij_Mazouz_4DS8_churn_ml_project/venv/lib/python3.8/site-packages/airflow/example_dags/example_nested_branch_dag.py
[2025-03-06T23:45:16.625+0100] {processor.py:914} INFO - Processing file /home/erij/Erij_Mazouz_4DS8_churn_ml_project/venv/lib/python3.8/site-packages/airflow/example_dags/example_nested_branch_dag.py for tasks to queue
[2025-03-06T23:45:16.626+0100] {logging_mixin.py:190} INFO - [2025-03-06T23:45:16.626+0100] {dagbag.py:588} INFO - Filling up the DagBag from /home/erij/Erij_Mazouz_4DS8_churn_ml_project/venv/lib/python3.8/site-packages/airflow/example_dags/example_nested_branch_dag.py
[2025-03-06T23:45:16.639+0100] {processor.py:925} INFO - DAG(s) 'example_nested_branch_dag' retrieved from /home/erij/Erij_Mazouz_4DS8_churn_ml_project/venv/lib/python3.8/site-packages/airflow/example_dags/example_nested_branch_dag.py
[2025-03-06T23:45:16.654+0100] {logging_mixin.py:190} INFO - [2025-03-06T23:45:16.654+0100] {dag.py:3239} INFO - Sync 1 DAGs
[2025-03-06T23:45:16.675+0100] {logging_mixin.py:190} INFO - [2025-03-06T23:45:16.674+0100] {dag.py:4180} INFO - Setting next_dagrun for example_nested_branch_dag to 2025-03-05 00:00:00+00:00, run_after=2025-03-06 00:00:00+00:00
[2025-03-06T23:45:16.712+0100] {processor.py:208} INFO - Processing /home/erij/Erij_Mazouz_4DS8_churn_ml_project/venv/lib/python3.8/site-packages/airflow/example_dags/example_nested_branch_dag.py took 0.095 seconds
[2025-03-06T23:46:15.585+0100] {processor.py:186} INFO - Started process (PID=57282) to work on /home/erij/Erij_Mazouz_4DS8_churn_ml_project/venv/lib/python3.8/site-packages/airflow/example_dags/example_nested_branch_dag.py
[2025-03-06T23:46:15.596+0100] {processor.py:914} INFO - Processing file /home/erij/Erij_Mazouz_4DS8_churn_ml_project/venv/lib/python3.8/site-packages/airflow/example_dags/example_nested_branch_dag.py for tasks to queue
[2025-03-06T23:46:15.598+0100] {logging_mixin.py:190} INFO - [2025-03-06T23:46:15.597+0100] {dagbag.py:588} INFO - Filling up the DagBag from /home/erij/Erij_Mazouz_4DS8_churn_ml_project/venv/lib/python3.8/site-packages/airflow/example_dags/example_nested_branch_dag.py
[2025-03-06T23:46:15.607+0100] {processor.py:925} INFO - DAG(s) 'example_nested_branch_dag' retrieved from /home/erij/Erij_Mazouz_4DS8_churn_ml_project/venv/lib/python3.8/site-packages/airflow/example_dags/example_nested_branch_dag.py
[2025-03-06T23:46:15.619+0100] {logging_mixin.py:190} INFO - [2025-03-06T23:46:15.619+0100] {dag.py:3239} INFO - Sync 1 DAGs
[2025-03-06T23:46:15.634+0100] {logging_mixin.py:190} INFO - [2025-03-06T23:46:15.634+0100] {dag.py:4180} INFO - Setting next_dagrun for example_nested_branch_dag to 2025-03-05 00:00:00+00:00, run_after=2025-03-06 00:00:00+00:00
[2025-03-06T23:46:15.654+0100] {processor.py:208} INFO - Processing /home/erij/Erij_Mazouz_4DS8_churn_ml_project/venv/lib/python3.8/site-packages/airflow/example_dags/example_nested_branch_dag.py took 0.073 seconds
[2025-03-06T23:47:10.092+0100] {processor.py:186} INFO - Started process (PID=57391) to work on /home/erij/Erij_Mazouz_4DS8_churn_ml_project/venv/lib/python3.8/site-packages/airflow/example_dags/example_nested_branch_dag.py
[2025-03-06T23:47:10.095+0100] {processor.py:914} INFO - Processing file /home/erij/Erij_Mazouz_4DS8_churn_ml_project/venv/lib/python3.8/site-packages/airflow/example_dags/example_nested_branch_dag.py for tasks to queue
[2025-03-06T23:47:10.097+0100] {logging_mixin.py:190} INFO - [2025-03-06T23:47:10.096+0100] {dagbag.py:588} INFO - Filling up the DagBag from /home/erij/Erij_Mazouz_4DS8_churn_ml_project/venv/lib/python3.8/site-packages/airflow/example_dags/example_nested_branch_dag.py
[2025-03-06T23:47:10.106+0100] {processor.py:925} INFO - DAG(s) 'example_nested_branch_dag' retrieved from /home/erij/Erij_Mazouz_4DS8_churn_ml_project/venv/lib/python3.8/site-packages/airflow/example_dags/example_nested_branch_dag.py
[2025-03-06T23:47:10.117+0100] {logging_mixin.py:190} INFO - [2025-03-06T23:47:10.117+0100] {dag.py:3239} INFO - Sync 1 DAGs
[2025-03-06T23:47:10.132+0100] {logging_mixin.py:190} INFO - [2025-03-06T23:47:10.132+0100] {dag.py:4180} INFO - Setting next_dagrun for example_nested_branch_dag to 2025-03-05 00:00:00+00:00, run_after=2025-03-06 00:00:00+00:00
[2025-03-06T23:47:10.151+0100] {processor.py:208} INFO - Processing /home/erij/Erij_Mazouz_4DS8_churn_ml_project/venv/lib/python3.8/site-packages/airflow/example_dags/example_nested_branch_dag.py took 0.063 seconds
[2025-03-06T23:48:08.412+0100] {processor.py:186} INFO - Started process (PID=57510) to work on /home/erij/Erij_Mazouz_4DS8_churn_ml_project/venv/lib/python3.8/site-packages/airflow/example_dags/example_nested_branch_dag.py
[2025-03-06T23:48:08.413+0100] {processor.py:914} INFO - Processing file /home/erij/Erij_Mazouz_4DS8_churn_ml_project/venv/lib/python3.8/site-packages/airflow/example_dags/example_nested_branch_dag.py for tasks to queue
[2025-03-06T23:48:08.415+0100] {logging_mixin.py:190} INFO - [2025-03-06T23:48:08.415+0100] {dagbag.py:588} INFO - Filling up the DagBag from /home/erij/Erij_Mazouz_4DS8_churn_ml_project/venv/lib/python3.8/site-packages/airflow/example_dags/example_nested_branch_dag.py
[2025-03-06T23:48:08.425+0100] {processor.py:925} INFO - DAG(s) 'example_nested_branch_dag' retrieved from /home/erij/Erij_Mazouz_4DS8_churn_ml_project/venv/lib/python3.8/site-packages/airflow/example_dags/example_nested_branch_dag.py
[2025-03-06T23:48:08.438+0100] {logging_mixin.py:190} INFO - [2025-03-06T23:48:08.438+0100] {dag.py:3239} INFO - Sync 1 DAGs
[2025-03-06T23:48:08.455+0100] {logging_mixin.py:190} INFO - [2025-03-06T23:48:08.455+0100] {dag.py:4180} INFO - Setting next_dagrun for example_nested_branch_dag to 2025-03-05 00:00:00+00:00, run_after=2025-03-06 00:00:00+00:00
[2025-03-06T23:48:08.472+0100] {processor.py:208} INFO - Processing /home/erij/Erij_Mazouz_4DS8_churn_ml_project/venv/lib/python3.8/site-packages/airflow/example_dags/example_nested_branch_dag.py took 0.066 seconds
[2025-03-06T23:49:05.042+0100] {processor.py:186} INFO - Started process (PID=57627) to work on /home/erij/Erij_Mazouz_4DS8_churn_ml_project/venv/lib/python3.8/site-packages/airflow/example_dags/example_nested_branch_dag.py
[2025-03-06T23:49:05.044+0100] {processor.py:914} INFO - Processing file /home/erij/Erij_Mazouz_4DS8_churn_ml_project/venv/lib/python3.8/site-packages/airflow/example_dags/example_nested_branch_dag.py for tasks to queue
[2025-03-06T23:49:05.046+0100] {logging_mixin.py:190} INFO - [2025-03-06T23:49:05.046+0100] {dagbag.py:588} INFO - Filling up the DagBag from /home/erij/Erij_Mazouz_4DS8_churn_ml_project/venv/lib/python3.8/site-packages/airflow/example_dags/example_nested_branch_dag.py
[2025-03-06T23:49:05.056+0100] {processor.py:925} INFO - DAG(s) 'example_nested_branch_dag' retrieved from /home/erij/Erij_Mazouz_4DS8_churn_ml_project/venv/lib/python3.8/site-packages/airflow/example_dags/example_nested_branch_dag.py
[2025-03-06T23:49:05.069+0100] {logging_mixin.py:190} INFO - [2025-03-06T23:49:05.069+0100] {dag.py:3239} INFO - Sync 1 DAGs
[2025-03-06T23:49:05.086+0100] {logging_mixin.py:190} INFO - [2025-03-06T23:49:05.085+0100] {dag.py:4180} INFO - Setting next_dagrun for example_nested_branch_dag to 2025-03-05 00:00:00+00:00, run_after=2025-03-06 00:00:00+00:00
[2025-03-06T23:49:05.104+0100] {processor.py:208} INFO - Processing /home/erij/Erij_Mazouz_4DS8_churn_ml_project/venv/lib/python3.8/site-packages/airflow/example_dags/example_nested_branch_dag.py took 0.067 seconds
[2025-03-06T23:49:58.929+0100] {processor.py:186} INFO - Started process (PID=57735) to work on /home/erij/Erij_Mazouz_4DS8_churn_ml_project/venv/lib/python3.8/site-packages/airflow/example_dags/example_nested_branch_dag.py
[2025-03-06T23:49:58.931+0100] {processor.py:914} INFO - Processing file /home/erij/Erij_Mazouz_4DS8_churn_ml_project/venv/lib/python3.8/site-packages/airflow/example_dags/example_nested_branch_dag.py for tasks to queue
[2025-03-06T23:49:58.932+0100] {logging_mixin.py:190} INFO - [2025-03-06T23:49:58.932+0100] {dagbag.py:588} INFO - Filling up the DagBag from /home/erij/Erij_Mazouz_4DS8_churn_ml_project/venv/lib/python3.8/site-packages/airflow/example_dags/example_nested_branch_dag.py
[2025-03-06T23:49:58.943+0100] {processor.py:925} INFO - DAG(s) 'example_nested_branch_dag' retrieved from /home/erij/Erij_Mazouz_4DS8_churn_ml_project/venv/lib/python3.8/site-packages/airflow/example_dags/example_nested_branch_dag.py
[2025-03-06T23:49:58.956+0100] {logging_mixin.py:190} INFO - [2025-03-06T23:49:58.956+0100] {dag.py:3239} INFO - Sync 1 DAGs
[2025-03-06T23:49:58.976+0100] {logging_mixin.py:190} INFO - [2025-03-06T23:49:58.976+0100] {dag.py:4180} INFO - Setting next_dagrun for example_nested_branch_dag to 2025-03-05 00:00:00+00:00, run_after=2025-03-06 00:00:00+00:00
[2025-03-06T23:49:58.994+0100] {processor.py:208} INFO - Processing /home/erij/Erij_Mazouz_4DS8_churn_ml_project/venv/lib/python3.8/site-packages/airflow/example_dags/example_nested_branch_dag.py took 0.071 seconds
[2025-03-06T23:50:55.206+0100] {processor.py:186} INFO - Started process (PID=57849) to work on /home/erij/Erij_Mazouz_4DS8_churn_ml_project/venv/lib/python3.8/site-packages/airflow/example_dags/example_nested_branch_dag.py
[2025-03-06T23:50:55.208+0100] {processor.py:914} INFO - Processing file /home/erij/Erij_Mazouz_4DS8_churn_ml_project/venv/lib/python3.8/site-packages/airflow/example_dags/example_nested_branch_dag.py for tasks to queue
[2025-03-06T23:50:55.210+0100] {logging_mixin.py:190} INFO - [2025-03-06T23:50:55.209+0100] {dagbag.py:588} INFO - Filling up the DagBag from /home/erij/Erij_Mazouz_4DS8_churn_ml_project/venv/lib/python3.8/site-packages/airflow/example_dags/example_nested_branch_dag.py
[2025-03-06T23:50:55.219+0100] {processor.py:925} INFO - DAG(s) 'example_nested_branch_dag' retrieved from /home/erij/Erij_Mazouz_4DS8_churn_ml_project/venv/lib/python3.8/site-packages/airflow/example_dags/example_nested_branch_dag.py
[2025-03-06T23:50:55.233+0100] {logging_mixin.py:190} INFO - [2025-03-06T23:50:55.233+0100] {dag.py:3239} INFO - Sync 1 DAGs
[2025-03-06T23:50:55.251+0100] {logging_mixin.py:190} INFO - [2025-03-06T23:50:55.251+0100] {dag.py:4180} INFO - Setting next_dagrun for example_nested_branch_dag to 2025-03-05 00:00:00+00:00, run_after=2025-03-06 00:00:00+00:00
[2025-03-06T23:50:55.271+0100] {processor.py:208} INFO - Processing /home/erij/Erij_Mazouz_4DS8_churn_ml_project/venv/lib/python3.8/site-packages/airflow/example_dags/example_nested_branch_dag.py took 0.070 seconds
[2025-03-06T23:51:49.366+0100] {processor.py:186} INFO - Started process (PID=57958) to work on /home/erij/Erij_Mazouz_4DS8_churn_ml_project/venv/lib/python3.8/site-packages/airflow/example_dags/example_nested_branch_dag.py
[2025-03-06T23:51:49.368+0100] {processor.py:914} INFO - Processing file /home/erij/Erij_Mazouz_4DS8_churn_ml_project/venv/lib/python3.8/site-packages/airflow/example_dags/example_nested_branch_dag.py for tasks to queue
[2025-03-06T23:51:49.371+0100] {logging_mixin.py:190} INFO - [2025-03-06T23:51:49.370+0100] {dagbag.py:588} INFO - Filling up the DagBag from /home/erij/Erij_Mazouz_4DS8_churn_ml_project/venv/lib/python3.8/site-packages/airflow/example_dags/example_nested_branch_dag.py
[2025-03-06T23:51:49.381+0100] {processor.py:925} INFO - DAG(s) 'example_nested_branch_dag' retrieved from /home/erij/Erij_Mazouz_4DS8_churn_ml_project/venv/lib/python3.8/site-packages/airflow/example_dags/example_nested_branch_dag.py
[2025-03-06T23:51:49.393+0100] {logging_mixin.py:190} INFO - [2025-03-06T23:51:49.393+0100] {dag.py:3239} INFO - Sync 1 DAGs
[2025-03-06T23:51:49.409+0100] {logging_mixin.py:190} INFO - [2025-03-06T23:51:49.409+0100] {dag.py:4180} INFO - Setting next_dagrun for example_nested_branch_dag to 2025-03-05 00:00:00+00:00, run_after=2025-03-06 00:00:00+00:00
[2025-03-06T23:51:49.425+0100] {processor.py:208} INFO - Processing /home/erij/Erij_Mazouz_4DS8_churn_ml_project/venv/lib/python3.8/site-packages/airflow/example_dags/example_nested_branch_dag.py took 0.066 seconds
[2025-03-06T23:52:45.933+0100] {processor.py:186} INFO - Started process (PID=58077) to work on /home/erij/Erij_Mazouz_4DS8_churn_ml_project/venv/lib/python3.8/site-packages/airflow/example_dags/example_nested_branch_dag.py
[2025-03-06T23:52:45.936+0100] {processor.py:914} INFO - Processing file /home/erij/Erij_Mazouz_4DS8_churn_ml_project/venv/lib/python3.8/site-packages/airflow/example_dags/example_nested_branch_dag.py for tasks to queue
[2025-03-06T23:52:45.939+0100] {logging_mixin.py:190} INFO - [2025-03-06T23:52:45.938+0100] {dagbag.py:588} INFO - Filling up the DagBag from /home/erij/Erij_Mazouz_4DS8_churn_ml_project/venv/lib/python3.8/site-packages/airflow/example_dags/example_nested_branch_dag.py
[2025-03-06T23:52:45.950+0100] {processor.py:925} INFO - DAG(s) 'example_nested_branch_dag' retrieved from /home/erij/Erij_Mazouz_4DS8_churn_ml_project/venv/lib/python3.8/site-packages/airflow/example_dags/example_nested_branch_dag.py
[2025-03-06T23:52:45.965+0100] {logging_mixin.py:190} INFO - [2025-03-06T23:52:45.964+0100] {dag.py:3239} INFO - Sync 1 DAGs
[2025-03-06T23:52:45.983+0100] {logging_mixin.py:190} INFO - [2025-03-06T23:52:45.983+0100] {dag.py:4180} INFO - Setting next_dagrun for example_nested_branch_dag to 2025-03-05 00:00:00+00:00, run_after=2025-03-06 00:00:00+00:00
[2025-03-06T23:52:46.002+0100] {processor.py:208} INFO - Processing /home/erij/Erij_Mazouz_4DS8_churn_ml_project/venv/lib/python3.8/site-packages/airflow/example_dags/example_nested_branch_dag.py took 0.076 seconds
[2025-03-06T23:53:43.603+0100] {processor.py:186} INFO - Started process (PID=58195) to work on /home/erij/Erij_Mazouz_4DS8_churn_ml_project/venv/lib/python3.8/site-packages/airflow/example_dags/example_nested_branch_dag.py
[2025-03-06T23:53:43.605+0100] {processor.py:914} INFO - Processing file /home/erij/Erij_Mazouz_4DS8_churn_ml_project/venv/lib/python3.8/site-packages/airflow/example_dags/example_nested_branch_dag.py for tasks to queue
[2025-03-06T23:53:43.607+0100] {logging_mixin.py:190} INFO - [2025-03-06T23:53:43.607+0100] {dagbag.py:588} INFO - Filling up the DagBag from /home/erij/Erij_Mazouz_4DS8_churn_ml_project/venv/lib/python3.8/site-packages/airflow/example_dags/example_nested_branch_dag.py
[2025-03-06T23:53:43.618+0100] {processor.py:925} INFO - DAG(s) 'example_nested_branch_dag' retrieved from /home/erij/Erij_Mazouz_4DS8_churn_ml_project/venv/lib/python3.8/site-packages/airflow/example_dags/example_nested_branch_dag.py
[2025-03-06T23:53:43.633+0100] {logging_mixin.py:190} INFO - [2025-03-06T23:53:43.633+0100] {dag.py:3239} INFO - Sync 1 DAGs
[2025-03-06T23:53:43.651+0100] {logging_mixin.py:190} INFO - [2025-03-06T23:53:43.651+0100] {dag.py:4180} INFO - Setting next_dagrun for example_nested_branch_dag to 2025-03-05 00:00:00+00:00, run_after=2025-03-06 00:00:00+00:00
[2025-03-06T23:53:43.669+0100] {processor.py:208} INFO - Processing /home/erij/Erij_Mazouz_4DS8_churn_ml_project/venv/lib/python3.8/site-packages/airflow/example_dags/example_nested_branch_dag.py took 0.072 seconds
[2025-03-06T23:54:42.009+0100] {processor.py:186} INFO - Started process (PID=58575) to work on /home/erij/Erij_Mazouz_4DS8_churn_ml_project/venv/lib/python3.8/site-packages/airflow/example_dags/example_nested_branch_dag.py
[2025-03-06T23:54:42.011+0100] {processor.py:914} INFO - Processing file /home/erij/Erij_Mazouz_4DS8_churn_ml_project/venv/lib/python3.8/site-packages/airflow/example_dags/example_nested_branch_dag.py for tasks to queue
[2025-03-06T23:54:42.013+0100] {logging_mixin.py:190} INFO - [2025-03-06T23:54:42.013+0100] {dagbag.py:588} INFO - Filling up the DagBag from /home/erij/Erij_Mazouz_4DS8_churn_ml_project/venv/lib/python3.8/site-packages/airflow/example_dags/example_nested_branch_dag.py
[2025-03-06T23:54:42.022+0100] {processor.py:925} INFO - DAG(s) 'example_nested_branch_dag' retrieved from /home/erij/Erij_Mazouz_4DS8_churn_ml_project/venv/lib/python3.8/site-packages/airflow/example_dags/example_nested_branch_dag.py
[2025-03-06T23:54:42.037+0100] {logging_mixin.py:190} INFO - [2025-03-06T23:54:42.036+0100] {dag.py:3239} INFO - Sync 1 DAGs
[2025-03-06T23:54:42.055+0100] {logging_mixin.py:190} INFO - [2025-03-06T23:54:42.055+0100] {dag.py:4180} INFO - Setting next_dagrun for example_nested_branch_dag to 2025-03-05 00:00:00+00:00, run_after=2025-03-06 00:00:00+00:00
[2025-03-06T23:54:42.074+0100] {processor.py:208} INFO - Processing /home/erij/Erij_Mazouz_4DS8_churn_ml_project/venv/lib/python3.8/site-packages/airflow/example_dags/example_nested_branch_dag.py took 0.070 seconds
[2025-03-06T23:55:38.825+0100] {processor.py:186} INFO - Started process (PID=59135) to work on /home/erij/Erij_Mazouz_4DS8_churn_ml_project/venv/lib/python3.8/site-packages/airflow/example_dags/example_nested_branch_dag.py
[2025-03-06T23:55:38.826+0100] {processor.py:914} INFO - Processing file /home/erij/Erij_Mazouz_4DS8_churn_ml_project/venv/lib/python3.8/site-packages/airflow/example_dags/example_nested_branch_dag.py for tasks to queue
[2025-03-06T23:55:38.828+0100] {logging_mixin.py:190} INFO - [2025-03-06T23:55:38.827+0100] {dagbag.py:588} INFO - Filling up the DagBag from /home/erij/Erij_Mazouz_4DS8_churn_ml_project/venv/lib/python3.8/site-packages/airflow/example_dags/example_nested_branch_dag.py
[2025-03-06T23:55:38.837+0100] {processor.py:925} INFO - DAG(s) 'example_nested_branch_dag' retrieved from /home/erij/Erij_Mazouz_4DS8_churn_ml_project/venv/lib/python3.8/site-packages/airflow/example_dags/example_nested_branch_dag.py
[2025-03-06T23:55:38.850+0100] {logging_mixin.py:190} INFO - [2025-03-06T23:55:38.850+0100] {dag.py:3239} INFO - Sync 1 DAGs
[2025-03-06T23:55:38.867+0100] {logging_mixin.py:190} INFO - [2025-03-06T23:55:38.867+0100] {dag.py:4180} INFO - Setting next_dagrun for example_nested_branch_dag to 2025-03-05 00:00:00+00:00, run_after=2025-03-06 00:00:00+00:00
[2025-03-06T23:55:38.885+0100] {processor.py:208} INFO - Processing /home/erij/Erij_Mazouz_4DS8_churn_ml_project/venv/lib/python3.8/site-packages/airflow/example_dags/example_nested_branch_dag.py took 0.065 seconds
[2025-03-06T23:56:35.056+0100] {processor.py:186} INFO - Started process (PID=59265) to work on /home/erij/Erij_Mazouz_4DS8_churn_ml_project/venv/lib/python3.8/site-packages/airflow/example_dags/example_nested_branch_dag.py
[2025-03-06T23:56:35.058+0100] {processor.py:914} INFO - Processing file /home/erij/Erij_Mazouz_4DS8_churn_ml_project/venv/lib/python3.8/site-packages/airflow/example_dags/example_nested_branch_dag.py for tasks to queue
[2025-03-06T23:56:35.060+0100] {logging_mixin.py:190} INFO - [2025-03-06T23:56:35.059+0100] {dagbag.py:588} INFO - Filling up the DagBag from /home/erij/Erij_Mazouz_4DS8_churn_ml_project/venv/lib/python3.8/site-packages/airflow/example_dags/example_nested_branch_dag.py
[2025-03-06T23:56:35.070+0100] {processor.py:925} INFO - DAG(s) 'example_nested_branch_dag' retrieved from /home/erij/Erij_Mazouz_4DS8_churn_ml_project/venv/lib/python3.8/site-packages/airflow/example_dags/example_nested_branch_dag.py
[2025-03-06T23:56:35.084+0100] {logging_mixin.py:190} INFO - [2025-03-06T23:56:35.084+0100] {dag.py:3239} INFO - Sync 1 DAGs
[2025-03-06T23:56:35.102+0100] {logging_mixin.py:190} INFO - [2025-03-06T23:56:35.102+0100] {dag.py:4180} INFO - Setting next_dagrun for example_nested_branch_dag to 2025-03-05 00:00:00+00:00, run_after=2025-03-06 00:00:00+00:00
[2025-03-06T23:56:35.119+0100] {processor.py:208} INFO - Processing /home/erij/Erij_Mazouz_4DS8_churn_ml_project/venv/lib/python3.8/site-packages/airflow/example_dags/example_nested_branch_dag.py took 0.069 seconds
[2025-03-06T23:57:29.402+0100] {processor.py:186} INFO - Started process (PID=59382) to work on /home/erij/Erij_Mazouz_4DS8_churn_ml_project/venv/lib/python3.8/site-packages/airflow/example_dags/example_nested_branch_dag.py
[2025-03-06T23:57:29.404+0100] {processor.py:914} INFO - Processing file /home/erij/Erij_Mazouz_4DS8_churn_ml_project/venv/lib/python3.8/site-packages/airflow/example_dags/example_nested_branch_dag.py for tasks to queue
[2025-03-06T23:57:29.407+0100] {logging_mixin.py:190} INFO - [2025-03-06T23:57:29.407+0100] {dagbag.py:588} INFO - Filling up the DagBag from /home/erij/Erij_Mazouz_4DS8_churn_ml_project/venv/lib/python3.8/site-packages/airflow/example_dags/example_nested_branch_dag.py
[2025-03-06T23:57:29.416+0100] {processor.py:925} INFO - DAG(s) 'example_nested_branch_dag' retrieved from /home/erij/Erij_Mazouz_4DS8_churn_ml_project/venv/lib/python3.8/site-packages/airflow/example_dags/example_nested_branch_dag.py
[2025-03-06T23:57:29.430+0100] {logging_mixin.py:190} INFO - [2025-03-06T23:57:29.430+0100] {dag.py:3239} INFO - Sync 1 DAGs
[2025-03-06T23:57:29.450+0100] {logging_mixin.py:190} INFO - [2025-03-06T23:57:29.449+0100] {dag.py:4180} INFO - Setting next_dagrun for example_nested_branch_dag to 2025-03-05 00:00:00+00:00, run_after=2025-03-06 00:00:00+00:00
[2025-03-06T23:57:29.467+0100] {processor.py:208} INFO - Processing /home/erij/Erij_Mazouz_4DS8_churn_ml_project/venv/lib/python3.8/site-packages/airflow/example_dags/example_nested_branch_dag.py took 0.071 seconds
[2025-03-06T23:58:24.398+0100] {processor.py:186} INFO - Started process (PID=59527) to work on /home/erij/Erij_Mazouz_4DS8_churn_ml_project/venv/lib/python3.8/site-packages/airflow/example_dags/example_nested_branch_dag.py
[2025-03-06T23:58:24.401+0100] {processor.py:914} INFO - Processing file /home/erij/Erij_Mazouz_4DS8_churn_ml_project/venv/lib/python3.8/site-packages/airflow/example_dags/example_nested_branch_dag.py for tasks to queue
[2025-03-06T23:58:24.402+0100] {logging_mixin.py:190} INFO - [2025-03-06T23:58:24.402+0100] {dagbag.py:588} INFO - Filling up the DagBag from /home/erij/Erij_Mazouz_4DS8_churn_ml_project/venv/lib/python3.8/site-packages/airflow/example_dags/example_nested_branch_dag.py
[2025-03-06T23:58:24.413+0100] {processor.py:925} INFO - DAG(s) 'example_nested_branch_dag' retrieved from /home/erij/Erij_Mazouz_4DS8_churn_ml_project/venv/lib/python3.8/site-packages/airflow/example_dags/example_nested_branch_dag.py
[2025-03-06T23:58:24.427+0100] {logging_mixin.py:190} INFO - [2025-03-06T23:58:24.427+0100] {dag.py:3239} INFO - Sync 1 DAGs
[2025-03-06T23:58:24.445+0100] {logging_mixin.py:190} INFO - [2025-03-06T23:58:24.445+0100] {dag.py:4180} INFO - Setting next_dagrun for example_nested_branch_dag to 2025-03-05 00:00:00+00:00, run_after=2025-03-06 00:00:00+00:00
[2025-03-06T23:58:24.462+0100] {processor.py:208} INFO - Processing /home/erij/Erij_Mazouz_4DS8_churn_ml_project/venv/lib/python3.8/site-packages/airflow/example_dags/example_nested_branch_dag.py took 0.069 seconds
[2025-03-06T23:59:15.500+0100] {processor.py:186} INFO - Started process (PID=59678) to work on /home/erij/Erij_Mazouz_4DS8_churn_ml_project/venv/lib/python3.8/site-packages/airflow/example_dags/example_nested_branch_dag.py
[2025-03-06T23:59:15.501+0100] {processor.py:914} INFO - Processing file /home/erij/Erij_Mazouz_4DS8_churn_ml_project/venv/lib/python3.8/site-packages/airflow/example_dags/example_nested_branch_dag.py for tasks to queue
[2025-03-06T23:59:15.503+0100] {logging_mixin.py:190} INFO - [2025-03-06T23:59:15.502+0100] {dagbag.py:588} INFO - Filling up the DagBag from /home/erij/Erij_Mazouz_4DS8_churn_ml_project/venv/lib/python3.8/site-packages/airflow/example_dags/example_nested_branch_dag.py
[2025-03-06T23:59:15.512+0100] {processor.py:925} INFO - DAG(s) 'example_nested_branch_dag' retrieved from /home/erij/Erij_Mazouz_4DS8_churn_ml_project/venv/lib/python3.8/site-packages/airflow/example_dags/example_nested_branch_dag.py
[2025-03-06T23:59:15.524+0100] {logging_mixin.py:190} INFO - [2025-03-06T23:59:15.524+0100] {dag.py:3239} INFO - Sync 1 DAGs
[2025-03-06T23:59:15.542+0100] {logging_mixin.py:190} INFO - [2025-03-06T23:59:15.541+0100] {dag.py:4180} INFO - Setting next_dagrun for example_nested_branch_dag to 2025-03-05 00:00:00+00:00, run_after=2025-03-06 00:00:00+00:00
[2025-03-06T23:59:15.558+0100] {processor.py:208} INFO - Processing /home/erij/Erij_Mazouz_4DS8_churn_ml_project/venv/lib/python3.8/site-packages/airflow/example_dags/example_nested_branch_dag.py took 0.063 seconds
[2025-03-07T00:00:05.755+0100] {processor.py:186} INFO - Started process (PID=59823) to work on /home/erij/Erij_Mazouz_4DS8_churn_ml_project/venv/lib/python3.8/site-packages/airflow/example_dags/example_nested_branch_dag.py
[2025-03-07T00:00:05.756+0100] {processor.py:914} INFO - Processing file /home/erij/Erij_Mazouz_4DS8_churn_ml_project/venv/lib/python3.8/site-packages/airflow/example_dags/example_nested_branch_dag.py for tasks to queue
[2025-03-07T00:00:05.759+0100] {logging_mixin.py:190} INFO - [2025-03-07T00:00:05.758+0100] {dagbag.py:588} INFO - Filling up the DagBag from /home/erij/Erij_Mazouz_4DS8_churn_ml_project/venv/lib/python3.8/site-packages/airflow/example_dags/example_nested_branch_dag.py
[2025-03-07T00:00:05.769+0100] {processor.py:925} INFO - DAG(s) 'example_nested_branch_dag' retrieved from /home/erij/Erij_Mazouz_4DS8_churn_ml_project/venv/lib/python3.8/site-packages/airflow/example_dags/example_nested_branch_dag.py
[2025-03-07T00:00:05.781+0100] {logging_mixin.py:190} INFO - [2025-03-07T00:00:05.781+0100] {dag.py:3239} INFO - Sync 1 DAGs
[2025-03-07T00:00:05.797+0100] {logging_mixin.py:190} INFO - [2025-03-07T00:00:05.797+0100] {dag.py:4180} INFO - Setting next_dagrun for example_nested_branch_dag to 2025-03-05 00:00:00+00:00, run_after=2025-03-06 00:00:00+00:00
[2025-03-07T00:00:05.813+0100] {processor.py:208} INFO - Processing /home/erij/Erij_Mazouz_4DS8_churn_ml_project/venv/lib/python3.8/site-packages/airflow/example_dags/example_nested_branch_dag.py took 0.062 seconds
[2025-03-07T00:01:00.571+0100] {processor.py:186} INFO - Started process (PID=60014) to work on /home/erij/Erij_Mazouz_4DS8_churn_ml_project/venv/lib/python3.8/site-packages/airflow/example_dags/example_nested_branch_dag.py
[2025-03-07T00:01:00.572+0100] {processor.py:914} INFO - Processing file /home/erij/Erij_Mazouz_4DS8_churn_ml_project/venv/lib/python3.8/site-packages/airflow/example_dags/example_nested_branch_dag.py for tasks to queue
[2025-03-07T00:01:00.575+0100] {logging_mixin.py:190} INFO - [2025-03-07T00:01:00.574+0100] {dagbag.py:588} INFO - Filling up the DagBag from /home/erij/Erij_Mazouz_4DS8_churn_ml_project/venv/lib/python3.8/site-packages/airflow/example_dags/example_nested_branch_dag.py
[2025-03-07T00:01:00.590+0100] {processor.py:925} INFO - DAG(s) 'example_nested_branch_dag' retrieved from /home/erij/Erij_Mazouz_4DS8_churn_ml_project/venv/lib/python3.8/site-packages/airflow/example_dags/example_nested_branch_dag.py
[2025-03-07T00:01:00.612+0100] {logging_mixin.py:190} INFO - [2025-03-07T00:01:00.612+0100] {dag.py:3239} INFO - Sync 1 DAGs
[2025-03-07T00:01:00.636+0100] {logging_mixin.py:190} INFO - [2025-03-07T00:01:00.635+0100] {dag.py:4180} INFO - Setting next_dagrun for example_nested_branch_dag to 2025-03-05 00:00:00+00:00, run_after=2025-03-06 00:00:00+00:00
[2025-03-07T00:01:00.657+0100] {processor.py:208} INFO - Processing /home/erij/Erij_Mazouz_4DS8_churn_ml_project/venv/lib/python3.8/site-packages/airflow/example_dags/example_nested_branch_dag.py took 0.093 seconds
[2025-03-07T00:01:53.783+0100] {processor.py:186} INFO - Started process (PID=60170) to work on /home/erij/Erij_Mazouz_4DS8_churn_ml_project/venv/lib/python3.8/site-packages/airflow/example_dags/example_nested_branch_dag.py
[2025-03-07T00:01:53.784+0100] {processor.py:914} INFO - Processing file /home/erij/Erij_Mazouz_4DS8_churn_ml_project/venv/lib/python3.8/site-packages/airflow/example_dags/example_nested_branch_dag.py for tasks to queue
[2025-03-07T00:01:53.786+0100] {logging_mixin.py:190} INFO - [2025-03-07T00:01:53.786+0100] {dagbag.py:588} INFO - Filling up the DagBag from /home/erij/Erij_Mazouz_4DS8_churn_ml_project/venv/lib/python3.8/site-packages/airflow/example_dags/example_nested_branch_dag.py
[2025-03-07T00:01:53.795+0100] {processor.py:925} INFO - DAG(s) 'example_nested_branch_dag' retrieved from /home/erij/Erij_Mazouz_4DS8_churn_ml_project/venv/lib/python3.8/site-packages/airflow/example_dags/example_nested_branch_dag.py
[2025-03-07T00:01:53.807+0100] {logging_mixin.py:190} INFO - [2025-03-07T00:01:53.807+0100] {dag.py:3239} INFO - Sync 1 DAGs
[2025-03-07T00:01:53.825+0100] {logging_mixin.py:190} INFO - [2025-03-07T00:01:53.824+0100] {dag.py:4180} INFO - Setting next_dagrun for example_nested_branch_dag to 2025-03-05 00:00:00+00:00, run_after=2025-03-06 00:00:00+00:00
[2025-03-07T00:01:53.845+0100] {processor.py:208} INFO - Processing /home/erij/Erij_Mazouz_4DS8_churn_ml_project/venv/lib/python3.8/site-packages/airflow/example_dags/example_nested_branch_dag.py took 0.066 seconds
[2025-03-07T00:02:52.183+0100] {processor.py:186} INFO - Started process (PID=60423) to work on /home/erij/Erij_Mazouz_4DS8_churn_ml_project/venv/lib/python3.8/site-packages/airflow/example_dags/example_nested_branch_dag.py
[2025-03-07T00:02:52.189+0100] {processor.py:914} INFO - Processing file /home/erij/Erij_Mazouz_4DS8_churn_ml_project/venv/lib/python3.8/site-packages/airflow/example_dags/example_nested_branch_dag.py for tasks to queue
[2025-03-07T00:02:52.201+0100] {logging_mixin.py:190} INFO - [2025-03-07T00:02:52.197+0100] {dagbag.py:588} INFO - Filling up the DagBag from /home/erij/Erij_Mazouz_4DS8_churn_ml_project/venv/lib/python3.8/site-packages/airflow/example_dags/example_nested_branch_dag.py
[2025-03-07T00:02:52.239+0100] {processor.py:925} INFO - DAG(s) 'example_nested_branch_dag' retrieved from /home/erij/Erij_Mazouz_4DS8_churn_ml_project/venv/lib/python3.8/site-packages/airflow/example_dags/example_nested_branch_dag.py
[2025-03-07T00:02:52.283+0100] {logging_mixin.py:190} INFO - [2025-03-07T00:02:52.283+0100] {dag.py:3239} INFO - Sync 1 DAGs
[2025-03-07T00:02:52.325+0100] {logging_mixin.py:190} INFO - [2025-03-07T00:02:52.325+0100] {dag.py:4180} INFO - Setting next_dagrun for example_nested_branch_dag to 2025-03-05 00:00:00+00:00, run_after=2025-03-06 00:00:00+00:00
[2025-03-07T00:02:52.354+0100] {processor.py:208} INFO - Processing /home/erij/Erij_Mazouz_4DS8_churn_ml_project/venv/lib/python3.8/site-packages/airflow/example_dags/example_nested_branch_dag.py took 0.194 seconds
