[2025-03-06T23:39:58.358+0100] {processor.py:186} INFO - Started process (PID=56245) to work on /home/erij/Erij_Mazouz_4DS8_churn_ml_project/venv/lib/python3.8/site-packages/airflow/example_dags/example_short_circuit_decorator.py
[2025-03-06T23:39:58.359+0100] {processor.py:914} INFO - Processing file /home/erij/Erij_Mazouz_4DS8_churn_ml_project/venv/lib/python3.8/site-packages/airflow/example_dags/example_short_circuit_decorator.py for tasks to queue
[2025-03-06T23:39:58.362+0100] {logging_mixin.py:190} INFO - [2025-03-06T23:39:58.361+0100] {dagbag.py:588} INFO - Filling up the DagBag from /home/erij/Erij_Mazouz_4DS8_churn_ml_project/venv/lib/python3.8/site-packages/airflow/example_dags/example_short_circuit_decorator.py
[2025-03-06T23:39:58.373+0100] {processor.py:925} INFO - DAG(s) 'example_short_circuit_decorator' retrieved from /home/erij/Erij_Mazouz_4DS8_churn_ml_project/venv/lib/python3.8/site-packages/airflow/example_dags/example_short_circuit_decorator.py
[2025-03-06T23:39:58.392+0100] {logging_mixin.py:190} INFO - [2025-03-06T23:39:58.391+0100] {dag.py:3239} INFO - Sync 1 DAGs
[2025-03-06T23:39:58.405+0100] {logging_mixin.py:190} INFO - [2025-03-06T23:39:58.404+0100] {dag.py:4180} INFO - Setting next_dagrun for example_short_circuit_decorator to None, run_after=None
[2025-03-06T23:39:58.428+0100] {processor.py:208} INFO - Processing /home/erij/Erij_Mazouz_4DS8_churn_ml_project/venv/lib/python3.8/site-packages/airflow/example_dags/example_short_circuit_decorator.py took 0.076 seconds
[2025-03-06T23:41:24.233+0100] {processor.py:186} INFO - Started process (PID=56595) to work on /home/erij/Erij_Mazouz_4DS8_churn_ml_project/venv/lib/python3.8/site-packages/airflow/example_dags/example_short_circuit_decorator.py
[2025-03-06T23:41:24.234+0100] {processor.py:914} INFO - Processing file /home/erij/Erij_Mazouz_4DS8_churn_ml_project/venv/lib/python3.8/site-packages/airflow/example_dags/example_short_circuit_decorator.py for tasks to queue
[2025-03-06T23:41:24.236+0100] {logging_mixin.py:190} INFO - [2025-03-06T23:41:24.236+0100] {dagbag.py:588} INFO - Filling up the DagBag from /home/erij/Erij_Mazouz_4DS8_churn_ml_project/venv/lib/python3.8/site-packages/airflow/example_dags/example_short_circuit_decorator.py
[2025-03-06T23:41:24.246+0100] {processor.py:925} INFO - DAG(s) 'example_short_circuit_decorator' retrieved from /home/erij/Erij_Mazouz_4DS8_churn_ml_project/venv/lib/python3.8/site-packages/airflow/example_dags/example_short_circuit_decorator.py
[2025-03-06T23:41:24.260+0100] {logging_mixin.py:190} INFO - [2025-03-06T23:41:24.260+0100] {dag.py:3239} INFO - Sync 1 DAGs
[2025-03-06T23:41:24.271+0100] {logging_mixin.py:190} INFO - [2025-03-06T23:41:24.271+0100] {dag.py:4180} INFO - Setting next_dagrun for example_short_circuit_decorator to None, run_after=None
[2025-03-06T23:41:24.288+0100] {processor.py:208} INFO - Processing /home/erij/Erij_Mazouz_4DS8_churn_ml_project/venv/lib/python3.8/site-packages/airflow/example_dags/example_short_circuit_decorator.py took 0.061 seconds
[2025-03-06T23:42:21.090+0100] {processor.py:186} INFO - Started process (PID=56737) to work on /home/erij/Erij_Mazouz_4DS8_churn_ml_project/venv/lib/python3.8/site-packages/airflow/example_dags/example_short_circuit_decorator.py
[2025-03-06T23:42:21.092+0100] {processor.py:914} INFO - Processing file /home/erij/Erij_Mazouz_4DS8_churn_ml_project/venv/lib/python3.8/site-packages/airflow/example_dags/example_short_circuit_decorator.py for tasks to queue
[2025-03-06T23:42:21.094+0100] {logging_mixin.py:190} INFO - [2025-03-06T23:42:21.094+0100] {dagbag.py:588} INFO - Filling up the DagBag from /home/erij/Erij_Mazouz_4DS8_churn_ml_project/venv/lib/python3.8/site-packages/airflow/example_dags/example_short_circuit_decorator.py
[2025-03-06T23:42:21.104+0100] {processor.py:925} INFO - DAG(s) 'example_short_circuit_decorator' retrieved from /home/erij/Erij_Mazouz_4DS8_churn_ml_project/venv/lib/python3.8/site-packages/airflow/example_dags/example_short_circuit_decorator.py
[2025-03-06T23:42:21.121+0100] {logging_mixin.py:190} INFO - [2025-03-06T23:42:21.120+0100] {dag.py:3239} INFO - Sync 1 DAGs
[2025-03-06T23:42:21.132+0100] {logging_mixin.py:190} INFO - [2025-03-06T23:42:21.132+0100] {dag.py:4180} INFO - Setting next_dagrun for example_short_circuit_decorator to None, run_after=None
[2025-03-06T23:42:21.152+0100] {processor.py:208} INFO - Processing /home/erij/Erij_Mazouz_4DS8_churn_ml_project/venv/lib/python3.8/site-packages/airflow/example_dags/example_short_circuit_decorator.py took 0.068 seconds
[2025-03-06T23:43:17.843+0100] {processor.py:186} INFO - Started process (PID=56866) to work on /home/erij/Erij_Mazouz_4DS8_churn_ml_project/venv/lib/python3.8/site-packages/airflow/example_dags/example_short_circuit_decorator.py
[2025-03-06T23:43:17.845+0100] {processor.py:914} INFO - Processing file /home/erij/Erij_Mazouz_4DS8_churn_ml_project/venv/lib/python3.8/site-packages/airflow/example_dags/example_short_circuit_decorator.py for tasks to queue
[2025-03-06T23:43:17.847+0100] {logging_mixin.py:190} INFO - [2025-03-06T23:43:17.847+0100] {dagbag.py:588} INFO - Filling up the DagBag from /home/erij/Erij_Mazouz_4DS8_churn_ml_project/venv/lib/python3.8/site-packages/airflow/example_dags/example_short_circuit_decorator.py
[2025-03-06T23:43:17.857+0100] {processor.py:925} INFO - DAG(s) 'example_short_circuit_decorator' retrieved from /home/erij/Erij_Mazouz_4DS8_churn_ml_project/venv/lib/python3.8/site-packages/airflow/example_dags/example_short_circuit_decorator.py
[2025-03-06T23:43:17.874+0100] {logging_mixin.py:190} INFO - [2025-03-06T23:43:17.874+0100] {dag.py:3239} INFO - Sync 1 DAGs
[2025-03-06T23:43:17.885+0100] {logging_mixin.py:190} INFO - [2025-03-06T23:43:17.885+0100] {dag.py:4180} INFO - Setting next_dagrun for example_short_circuit_decorator to None, run_after=None
[2025-03-06T23:43:17.905+0100] {processor.py:208} INFO - Processing /home/erij/Erij_Mazouz_4DS8_churn_ml_project/venv/lib/python3.8/site-packages/airflow/example_dags/example_short_circuit_decorator.py took 0.068 seconds
[2025-03-06T23:44:10.832+0100] {processor.py:186} INFO - Started process (PID=56979) to work on /home/erij/Erij_Mazouz_4DS8_churn_ml_project/venv/lib/python3.8/site-packages/airflow/example_dags/example_short_circuit_decorator.py
[2025-03-06T23:44:10.835+0100] {processor.py:914} INFO - Processing file /home/erij/Erij_Mazouz_4DS8_churn_ml_project/venv/lib/python3.8/site-packages/airflow/example_dags/example_short_circuit_decorator.py for tasks to queue
[2025-03-06T23:44:10.837+0100] {logging_mixin.py:190} INFO - [2025-03-06T23:44:10.836+0100] {dagbag.py:588} INFO - Filling up the DagBag from /home/erij/Erij_Mazouz_4DS8_churn_ml_project/venv/lib/python3.8/site-packages/airflow/example_dags/example_short_circuit_decorator.py
[2025-03-06T23:44:10.847+0100] {processor.py:925} INFO - DAG(s) 'example_short_circuit_decorator' retrieved from /home/erij/Erij_Mazouz_4DS8_churn_ml_project/venv/lib/python3.8/site-packages/airflow/example_dags/example_short_circuit_decorator.py
[2025-03-06T23:44:10.863+0100] {logging_mixin.py:190} INFO - [2025-03-06T23:44:10.862+0100] {dag.py:3239} INFO - Sync 1 DAGs
[2025-03-06T23:44:10.873+0100] {logging_mixin.py:190} INFO - [2025-03-06T23:44:10.873+0100] {dag.py:4180} INFO - Setting next_dagrun for example_short_circuit_decorator to None, run_after=None
[2025-03-06T23:44:10.891+0100] {processor.py:208} INFO - Processing /home/erij/Erij_Mazouz_4DS8_churn_ml_project/venv/lib/python3.8/site-packages/airflow/example_dags/example_short_circuit_decorator.py took 0.064 seconds
[2025-03-06T23:45:06.268+0100] {processor.py:186} INFO - Started process (PID=57142) to work on /home/erij/Erij_Mazouz_4DS8_churn_ml_project/venv/lib/python3.8/site-packages/airflow/example_dags/example_short_circuit_decorator.py
[2025-03-06T23:45:06.272+0100] {processor.py:914} INFO - Processing file /home/erij/Erij_Mazouz_4DS8_churn_ml_project/venv/lib/python3.8/site-packages/airflow/example_dags/example_short_circuit_decorator.py for tasks to queue
[2025-03-06T23:45:06.274+0100] {logging_mixin.py:190} INFO - [2025-03-06T23:45:06.273+0100] {dagbag.py:588} INFO - Filling up the DagBag from /home/erij/Erij_Mazouz_4DS8_churn_ml_project/venv/lib/python3.8/site-packages/airflow/example_dags/example_short_circuit_decorator.py
[2025-03-06T23:45:06.283+0100] {processor.py:925} INFO - DAG(s) 'example_short_circuit_decorator' retrieved from /home/erij/Erij_Mazouz_4DS8_churn_ml_project/venv/lib/python3.8/site-packages/airflow/example_dags/example_short_circuit_decorator.py
[2025-03-06T23:45:06.297+0100] {logging_mixin.py:190} INFO - [2025-03-06T23:45:06.297+0100] {dag.py:3239} INFO - Sync 1 DAGs
[2025-03-06T23:45:06.308+0100] {logging_mixin.py:190} INFO - [2025-03-06T23:45:06.308+0100] {dag.py:4180} INFO - Setting next_dagrun for example_short_circuit_decorator to None, run_after=None
[2025-03-06T23:45:06.326+0100] {processor.py:208} INFO - Processing /home/erij/Erij_Mazouz_4DS8_churn_ml_project/venv/lib/python3.8/site-packages/airflow/example_dags/example_short_circuit_decorator.py took 0.063 seconds
[2025-03-06T23:46:02.991+0100] {processor.py:186} INFO - Started process (PID=57256) to work on /home/erij/Erij_Mazouz_4DS8_churn_ml_project/venv/lib/python3.8/site-packages/airflow/example_dags/example_short_circuit_decorator.py
[2025-03-06T23:46:03.190+0100] {processor.py:914} INFO - Processing file /home/erij/Erij_Mazouz_4DS8_churn_ml_project/venv/lib/python3.8/site-packages/airflow/example_dags/example_short_circuit_decorator.py for tasks to queue
[2025-03-06T23:46:03.195+0100] {logging_mixin.py:190} INFO - [2025-03-06T23:46:03.195+0100] {dagbag.py:588} INFO - Filling up the DagBag from /home/erij/Erij_Mazouz_4DS8_churn_ml_project/venv/lib/python3.8/site-packages/airflow/example_dags/example_short_circuit_decorator.py
[2025-03-06T23:46:03.205+0100] {processor.py:925} INFO - DAG(s) 'example_short_circuit_decorator' retrieved from /home/erij/Erij_Mazouz_4DS8_churn_ml_project/venv/lib/python3.8/site-packages/airflow/example_dags/example_short_circuit_decorator.py
[2025-03-06T23:46:03.218+0100] {logging_mixin.py:190} INFO - [2025-03-06T23:46:03.218+0100] {dag.py:3239} INFO - Sync 1 DAGs
[2025-03-06T23:46:03.227+0100] {logging_mixin.py:190} INFO - [2025-03-06T23:46:03.227+0100] {dag.py:4180} INFO - Setting next_dagrun for example_short_circuit_decorator to None, run_after=None
[2025-03-06T23:46:03.263+0100] {processor.py:208} INFO - Processing /home/erij/Erij_Mazouz_4DS8_churn_ml_project/venv/lib/python3.8/site-packages/airflow/example_dags/example_short_circuit_decorator.py took 0.277 seconds
[2025-03-06T23:46:59.979+0100] {processor.py:186} INFO - Started process (PID=57374) to work on /home/erij/Erij_Mazouz_4DS8_churn_ml_project/venv/lib/python3.8/site-packages/airflow/example_dags/example_short_circuit_decorator.py
[2025-03-06T23:46:59.980+0100] {processor.py:914} INFO - Processing file /home/erij/Erij_Mazouz_4DS8_churn_ml_project/venv/lib/python3.8/site-packages/airflow/example_dags/example_short_circuit_decorator.py for tasks to queue
[2025-03-06T23:46:59.982+0100] {logging_mixin.py:190} INFO - [2025-03-06T23:46:59.982+0100] {dagbag.py:588} INFO - Filling up the DagBag from /home/erij/Erij_Mazouz_4DS8_churn_ml_project/venv/lib/python3.8/site-packages/airflow/example_dags/example_short_circuit_decorator.py
[2025-03-06T23:46:59.991+0100] {processor.py:925} INFO - DAG(s) 'example_short_circuit_decorator' retrieved from /home/erij/Erij_Mazouz_4DS8_churn_ml_project/venv/lib/python3.8/site-packages/airflow/example_dags/example_short_circuit_decorator.py
[2025-03-06T23:47:00.005+0100] {logging_mixin.py:190} INFO - [2025-03-06T23:47:00.005+0100] {dag.py:3239} INFO - Sync 1 DAGs
[2025-03-06T23:47:00.017+0100] {logging_mixin.py:190} INFO - [2025-03-06T23:47:00.016+0100] {dag.py:4180} INFO - Setting next_dagrun for example_short_circuit_decorator to None, run_after=None
[2025-03-06T23:47:00.036+0100] {processor.py:208} INFO - Processing /home/erij/Erij_Mazouz_4DS8_churn_ml_project/venv/lib/python3.8/site-packages/airflow/example_dags/example_short_circuit_decorator.py took 0.062 seconds
[2025-03-06T23:47:56.160+0100] {processor.py:186} INFO - Started process (PID=57490) to work on /home/erij/Erij_Mazouz_4DS8_churn_ml_project/venv/lib/python3.8/site-packages/airflow/example_dags/example_short_circuit_decorator.py
[2025-03-06T23:47:56.162+0100] {processor.py:914} INFO - Processing file /home/erij/Erij_Mazouz_4DS8_churn_ml_project/venv/lib/python3.8/site-packages/airflow/example_dags/example_short_circuit_decorator.py for tasks to queue
[2025-03-06T23:47:56.164+0100] {logging_mixin.py:190} INFO - [2025-03-06T23:47:56.164+0100] {dagbag.py:588} INFO - Filling up the DagBag from /home/erij/Erij_Mazouz_4DS8_churn_ml_project/venv/lib/python3.8/site-packages/airflow/example_dags/example_short_circuit_decorator.py
[2025-03-06T23:47:56.173+0100] {processor.py:925} INFO - DAG(s) 'example_short_circuit_decorator' retrieved from /home/erij/Erij_Mazouz_4DS8_churn_ml_project/venv/lib/python3.8/site-packages/airflow/example_dags/example_short_circuit_decorator.py
[2025-03-06T23:47:56.188+0100] {logging_mixin.py:190} INFO - [2025-03-06T23:47:56.187+0100] {dag.py:3239} INFO - Sync 1 DAGs
[2025-03-06T23:47:56.199+0100] {logging_mixin.py:190} INFO - [2025-03-06T23:47:56.199+0100] {dag.py:4180} INFO - Setting next_dagrun for example_short_circuit_decorator to None, run_after=None
[2025-03-06T23:47:56.217+0100] {processor.py:208} INFO - Processing /home/erij/Erij_Mazouz_4DS8_churn_ml_project/venv/lib/python3.8/site-packages/airflow/example_dags/example_short_circuit_decorator.py took 0.062 seconds
[2025-03-06T23:48:53.655+0100] {processor.py:186} INFO - Started process (PID=57601) to work on /home/erij/Erij_Mazouz_4DS8_churn_ml_project/venv/lib/python3.8/site-packages/airflow/example_dags/example_short_circuit_decorator.py
[2025-03-06T23:48:53.658+0100] {processor.py:914} INFO - Processing file /home/erij/Erij_Mazouz_4DS8_churn_ml_project/venv/lib/python3.8/site-packages/airflow/example_dags/example_short_circuit_decorator.py for tasks to queue
[2025-03-06T23:48:53.660+0100] {logging_mixin.py:190} INFO - [2025-03-06T23:48:53.659+0100] {dagbag.py:588} INFO - Filling up the DagBag from /home/erij/Erij_Mazouz_4DS8_churn_ml_project/venv/lib/python3.8/site-packages/airflow/example_dags/example_short_circuit_decorator.py
[2025-03-06T23:48:53.669+0100] {processor.py:925} INFO - DAG(s) 'example_short_circuit_decorator' retrieved from /home/erij/Erij_Mazouz_4DS8_churn_ml_project/venv/lib/python3.8/site-packages/airflow/example_dags/example_short_circuit_decorator.py
[2025-03-06T23:48:53.683+0100] {logging_mixin.py:190} INFO - [2025-03-06T23:48:53.683+0100] {dag.py:3239} INFO - Sync 1 DAGs
[2025-03-06T23:48:53.694+0100] {logging_mixin.py:190} INFO - [2025-03-06T23:48:53.694+0100] {dag.py:4180} INFO - Setting next_dagrun for example_short_circuit_decorator to None, run_after=None
[2025-03-06T23:48:53.712+0100] {processor.py:208} INFO - Processing /home/erij/Erij_Mazouz_4DS8_churn_ml_project/venv/lib/python3.8/site-packages/airflow/example_dags/example_short_circuit_decorator.py took 0.062 seconds
[2025-03-06T23:49:49.938+0100] {processor.py:186} INFO - Started process (PID=57718) to work on /home/erij/Erij_Mazouz_4DS8_churn_ml_project/venv/lib/python3.8/site-packages/airflow/example_dags/example_short_circuit_decorator.py
[2025-03-06T23:49:49.939+0100] {processor.py:914} INFO - Processing file /home/erij/Erij_Mazouz_4DS8_churn_ml_project/venv/lib/python3.8/site-packages/airflow/example_dags/example_short_circuit_decorator.py for tasks to queue
[2025-03-06T23:49:49.942+0100] {logging_mixin.py:190} INFO - [2025-03-06T23:49:49.942+0100] {dagbag.py:588} INFO - Filling up the DagBag from /home/erij/Erij_Mazouz_4DS8_churn_ml_project/venv/lib/python3.8/site-packages/airflow/example_dags/example_short_circuit_decorator.py
[2025-03-06T23:49:49.954+0100] {processor.py:925} INFO - DAG(s) 'example_short_circuit_decorator' retrieved from /home/erij/Erij_Mazouz_4DS8_churn_ml_project/venv/lib/python3.8/site-packages/airflow/example_dags/example_short_circuit_decorator.py
[2025-03-06T23:49:49.970+0100] {logging_mixin.py:190} INFO - [2025-03-06T23:49:49.970+0100] {dag.py:3239} INFO - Sync 1 DAGs
[2025-03-06T23:49:49.982+0100] {logging_mixin.py:190} INFO - [2025-03-06T23:49:49.982+0100] {dag.py:4180} INFO - Setting next_dagrun for example_short_circuit_decorator to None, run_after=None
[2025-03-06T23:49:50.000+0100] {processor.py:208} INFO - Processing /home/erij/Erij_Mazouz_4DS8_churn_ml_project/venv/lib/python3.8/site-packages/airflow/example_dags/example_short_circuit_decorator.py took 0.069 seconds
[2025-03-06T23:50:44.699+0100] {processor.py:186} INFO - Started process (PID=57832) to work on /home/erij/Erij_Mazouz_4DS8_churn_ml_project/venv/lib/python3.8/site-packages/airflow/example_dags/example_short_circuit_decorator.py
[2025-03-06T23:50:44.701+0100] {processor.py:914} INFO - Processing file /home/erij/Erij_Mazouz_4DS8_churn_ml_project/venv/lib/python3.8/site-packages/airflow/example_dags/example_short_circuit_decorator.py for tasks to queue
[2025-03-06T23:50:44.702+0100] {logging_mixin.py:190} INFO - [2025-03-06T23:50:44.702+0100] {dagbag.py:588} INFO - Filling up the DagBag from /home/erij/Erij_Mazouz_4DS8_churn_ml_project/venv/lib/python3.8/site-packages/airflow/example_dags/example_short_circuit_decorator.py
[2025-03-06T23:50:44.711+0100] {processor.py:925} INFO - DAG(s) 'example_short_circuit_decorator' retrieved from /home/erij/Erij_Mazouz_4DS8_churn_ml_project/venv/lib/python3.8/site-packages/airflow/example_dags/example_short_circuit_decorator.py
[2025-03-06T23:50:44.730+0100] {logging_mixin.py:190} INFO - [2025-03-06T23:50:44.730+0100] {dag.py:3239} INFO - Sync 1 DAGs
[2025-03-06T23:50:44.747+0100] {logging_mixin.py:190} INFO - [2025-03-06T23:50:44.747+0100] {dag.py:4180} INFO - Setting next_dagrun for example_short_circuit_decorator to None, run_after=None
[2025-03-06T23:50:44.764+0100] {processor.py:208} INFO - Processing /home/erij/Erij_Mazouz_4DS8_churn_ml_project/venv/lib/python3.8/site-packages/airflow/example_dags/example_short_circuit_decorator.py took 0.071 seconds
[2025-03-06T23:51:39.087+0100] {processor.py:186} INFO - Started process (PID=57940) to work on /home/erij/Erij_Mazouz_4DS8_churn_ml_project/venv/lib/python3.8/site-packages/airflow/example_dags/example_short_circuit_decorator.py
[2025-03-06T23:51:39.089+0100] {processor.py:914} INFO - Processing file /home/erij/Erij_Mazouz_4DS8_churn_ml_project/venv/lib/python3.8/site-packages/airflow/example_dags/example_short_circuit_decorator.py for tasks to queue
[2025-03-06T23:51:39.091+0100] {logging_mixin.py:190} INFO - [2025-03-06T23:51:39.090+0100] {dagbag.py:588} INFO - Filling up the DagBag from /home/erij/Erij_Mazouz_4DS8_churn_ml_project/venv/lib/python3.8/site-packages/airflow/example_dags/example_short_circuit_decorator.py
[2025-03-06T23:51:39.099+0100] {processor.py:925} INFO - DAG(s) 'example_short_circuit_decorator' retrieved from /home/erij/Erij_Mazouz_4DS8_churn_ml_project/venv/lib/python3.8/site-packages/airflow/example_dags/example_short_circuit_decorator.py
[2025-03-06T23:51:39.112+0100] {logging_mixin.py:190} INFO - [2025-03-06T23:51:39.112+0100] {dag.py:3239} INFO - Sync 1 DAGs
[2025-03-06T23:51:39.123+0100] {logging_mixin.py:190} INFO - [2025-03-06T23:51:39.122+0100] {dag.py:4180} INFO - Setting next_dagrun for example_short_circuit_decorator to None, run_after=None
[2025-03-06T23:51:39.139+0100] {processor.py:208} INFO - Processing /home/erij/Erij_Mazouz_4DS8_churn_ml_project/venv/lib/python3.8/site-packages/airflow/example_dags/example_short_circuit_decorator.py took 0.058 seconds
[2025-03-06T23:52:35.641+0100] {processor.py:186} INFO - Started process (PID=58059) to work on /home/erij/Erij_Mazouz_4DS8_churn_ml_project/venv/lib/python3.8/site-packages/airflow/example_dags/example_short_circuit_decorator.py
[2025-03-06T23:52:35.643+0100] {processor.py:914} INFO - Processing file /home/erij/Erij_Mazouz_4DS8_churn_ml_project/venv/lib/python3.8/site-packages/airflow/example_dags/example_short_circuit_decorator.py for tasks to queue
[2025-03-06T23:52:35.646+0100] {logging_mixin.py:190} INFO - [2025-03-06T23:52:35.645+0100] {dagbag.py:588} INFO - Filling up the DagBag from /home/erij/Erij_Mazouz_4DS8_churn_ml_project/venv/lib/python3.8/site-packages/airflow/example_dags/example_short_circuit_decorator.py
[2025-03-06T23:52:35.654+0100] {processor.py:925} INFO - DAG(s) 'example_short_circuit_decorator' retrieved from /home/erij/Erij_Mazouz_4DS8_churn_ml_project/venv/lib/python3.8/site-packages/airflow/example_dags/example_short_circuit_decorator.py
[2025-03-06T23:52:35.670+0100] {logging_mixin.py:190} INFO - [2025-03-06T23:52:35.669+0100] {dag.py:3239} INFO - Sync 1 DAGs
[2025-03-06T23:52:35.682+0100] {logging_mixin.py:190} INFO - [2025-03-06T23:52:35.682+0100] {dag.py:4180} INFO - Setting next_dagrun for example_short_circuit_decorator to None, run_after=None
[2025-03-06T23:52:35.701+0100] {processor.py:208} INFO - Processing /home/erij/Erij_Mazouz_4DS8_churn_ml_project/venv/lib/python3.8/site-packages/airflow/example_dags/example_short_circuit_decorator.py took 0.064 seconds
[2025-03-06T23:53:32.181+0100] {processor.py:186} INFO - Started process (PID=58169) to work on /home/erij/Erij_Mazouz_4DS8_churn_ml_project/venv/lib/python3.8/site-packages/airflow/example_dags/example_short_circuit_decorator.py
[2025-03-06T23:53:32.183+0100] {processor.py:914} INFO - Processing file /home/erij/Erij_Mazouz_4DS8_churn_ml_project/venv/lib/python3.8/site-packages/airflow/example_dags/example_short_circuit_decorator.py for tasks to queue
[2025-03-06T23:53:32.185+0100] {logging_mixin.py:190} INFO - [2025-03-06T23:53:32.185+0100] {dagbag.py:588} INFO - Filling up the DagBag from /home/erij/Erij_Mazouz_4DS8_churn_ml_project/venv/lib/python3.8/site-packages/airflow/example_dags/example_short_circuit_decorator.py
[2025-03-06T23:53:32.196+0100] {processor.py:925} INFO - DAG(s) 'example_short_circuit_decorator' retrieved from /home/erij/Erij_Mazouz_4DS8_churn_ml_project/venv/lib/python3.8/site-packages/airflow/example_dags/example_short_circuit_decorator.py
[2025-03-06T23:53:32.213+0100] {logging_mixin.py:190} INFO - [2025-03-06T23:53:32.212+0100] {dag.py:3239} INFO - Sync 1 DAGs
[2025-03-06T23:53:32.231+0100] {logging_mixin.py:190} INFO - [2025-03-06T23:53:32.231+0100] {dag.py:4180} INFO - Setting next_dagrun for example_short_circuit_decorator to None, run_after=None
[2025-03-06T23:53:32.255+0100] {processor.py:208} INFO - Processing /home/erij/Erij_Mazouz_4DS8_churn_ml_project/venv/lib/python3.8/site-packages/airflow/example_dags/example_short_circuit_decorator.py took 0.080 seconds
[2025-03-06T23:54:29.436+0100] {processor.py:186} INFO - Started process (PID=58552) to work on /home/erij/Erij_Mazouz_4DS8_churn_ml_project/venv/lib/python3.8/site-packages/airflow/example_dags/example_short_circuit_decorator.py
[2025-03-06T23:54:29.438+0100] {processor.py:914} INFO - Processing file /home/erij/Erij_Mazouz_4DS8_churn_ml_project/venv/lib/python3.8/site-packages/airflow/example_dags/example_short_circuit_decorator.py for tasks to queue
[2025-03-06T23:54:29.441+0100] {logging_mixin.py:190} INFO - [2025-03-06T23:54:29.440+0100] {dagbag.py:588} INFO - Filling up the DagBag from /home/erij/Erij_Mazouz_4DS8_churn_ml_project/venv/lib/python3.8/site-packages/airflow/example_dags/example_short_circuit_decorator.py
[2025-03-06T23:54:29.451+0100] {processor.py:925} INFO - DAG(s) 'example_short_circuit_decorator' retrieved from /home/erij/Erij_Mazouz_4DS8_churn_ml_project/venv/lib/python3.8/site-packages/airflow/example_dags/example_short_circuit_decorator.py
[2025-03-06T23:54:29.466+0100] {logging_mixin.py:190} INFO - [2025-03-06T23:54:29.466+0100] {dag.py:3239} INFO - Sync 1 DAGs
[2025-03-06T23:54:29.477+0100] {logging_mixin.py:190} INFO - [2025-03-06T23:54:29.477+0100] {dag.py:4180} INFO - Setting next_dagrun for example_short_circuit_decorator to None, run_after=None
[2025-03-06T23:54:29.494+0100] {processor.py:208} INFO - Processing /home/erij/Erij_Mazouz_4DS8_churn_ml_project/venv/lib/python3.8/site-packages/airflow/example_dags/example_short_circuit_decorator.py took 0.063 seconds
[2025-03-06T23:55:28.536+0100] {processor.py:186} INFO - Started process (PID=59042) to work on /home/erij/Erij_Mazouz_4DS8_churn_ml_project/venv/lib/python3.8/site-packages/airflow/example_dags/example_short_circuit_decorator.py
[2025-03-06T23:55:28.538+0100] {processor.py:914} INFO - Processing file /home/erij/Erij_Mazouz_4DS8_churn_ml_project/venv/lib/python3.8/site-packages/airflow/example_dags/example_short_circuit_decorator.py for tasks to queue
[2025-03-06T23:55:28.539+0100] {logging_mixin.py:190} INFO - [2025-03-06T23:55:28.539+0100] {dagbag.py:588} INFO - Filling up the DagBag from /home/erij/Erij_Mazouz_4DS8_churn_ml_project/venv/lib/python3.8/site-packages/airflow/example_dags/example_short_circuit_decorator.py
[2025-03-06T23:55:28.547+0100] {processor.py:925} INFO - DAG(s) 'example_short_circuit_decorator' retrieved from /home/erij/Erij_Mazouz_4DS8_churn_ml_project/venv/lib/python3.8/site-packages/airflow/example_dags/example_short_circuit_decorator.py
[2025-03-06T23:55:28.562+0100] {logging_mixin.py:190} INFO - [2025-03-06T23:55:28.562+0100] {dag.py:3239} INFO - Sync 1 DAGs
[2025-03-06T23:55:28.572+0100] {logging_mixin.py:190} INFO - [2025-03-06T23:55:28.572+0100] {dag.py:4180} INFO - Setting next_dagrun for example_short_circuit_decorator to None, run_after=None
[2025-03-06T23:55:28.590+0100] {processor.py:208} INFO - Processing /home/erij/Erij_Mazouz_4DS8_churn_ml_project/venv/lib/python3.8/site-packages/airflow/example_dags/example_short_circuit_decorator.py took 0.059 seconds
[2025-03-06T23:56:27.781+0100] {processor.py:186} INFO - Started process (PID=59245) to work on /home/erij/Erij_Mazouz_4DS8_churn_ml_project/venv/lib/python3.8/site-packages/airflow/example_dags/example_short_circuit_decorator.py
[2025-03-06T23:56:27.782+0100] {processor.py:914} INFO - Processing file /home/erij/Erij_Mazouz_4DS8_churn_ml_project/venv/lib/python3.8/site-packages/airflow/example_dags/example_short_circuit_decorator.py for tasks to queue
[2025-03-06T23:56:27.784+0100] {logging_mixin.py:190} INFO - [2025-03-06T23:56:27.784+0100] {dagbag.py:588} INFO - Filling up the DagBag from /home/erij/Erij_Mazouz_4DS8_churn_ml_project/venv/lib/python3.8/site-packages/airflow/example_dags/example_short_circuit_decorator.py
[2025-03-06T23:56:27.794+0100] {processor.py:925} INFO - DAG(s) 'example_short_circuit_decorator' retrieved from /home/erij/Erij_Mazouz_4DS8_churn_ml_project/venv/lib/python3.8/site-packages/airflow/example_dags/example_short_circuit_decorator.py
[2025-03-06T23:56:27.809+0100] {logging_mixin.py:190} INFO - [2025-03-06T23:56:27.809+0100] {dag.py:3239} INFO - Sync 1 DAGs
[2025-03-06T23:56:27.821+0100] {logging_mixin.py:190} INFO - [2025-03-06T23:56:27.821+0100] {dag.py:4180} INFO - Setting next_dagrun for example_short_circuit_decorator to None, run_after=None
[2025-03-06T23:56:27.840+0100] {processor.py:208} INFO - Processing /home/erij/Erij_Mazouz_4DS8_churn_ml_project/venv/lib/python3.8/site-packages/airflow/example_dags/example_short_circuit_decorator.py took 0.066 seconds
[2025-03-06T23:57:24.257+0100] {processor.py:186} INFO - Started process (PID=59369) to work on /home/erij/Erij_Mazouz_4DS8_churn_ml_project/venv/lib/python3.8/site-packages/airflow/example_dags/example_short_circuit_decorator.py
[2025-03-06T23:57:24.259+0100] {processor.py:914} INFO - Processing file /home/erij/Erij_Mazouz_4DS8_churn_ml_project/venv/lib/python3.8/site-packages/airflow/example_dags/example_short_circuit_decorator.py for tasks to queue
[2025-03-06T23:57:24.261+0100] {logging_mixin.py:190} INFO - [2025-03-06T23:57:24.261+0100] {dagbag.py:588} INFO - Filling up the DagBag from /home/erij/Erij_Mazouz_4DS8_churn_ml_project/venv/lib/python3.8/site-packages/airflow/example_dags/example_short_circuit_decorator.py
[2025-03-06T23:57:24.271+0100] {processor.py:925} INFO - DAG(s) 'example_short_circuit_decorator' retrieved from /home/erij/Erij_Mazouz_4DS8_churn_ml_project/venv/lib/python3.8/site-packages/airflow/example_dags/example_short_circuit_decorator.py
[2025-03-06T23:57:24.287+0100] {logging_mixin.py:190} INFO - [2025-03-06T23:57:24.287+0100] {dag.py:3239} INFO - Sync 1 DAGs
[2025-03-06T23:57:24.300+0100] {logging_mixin.py:190} INFO - [2025-03-06T23:57:24.300+0100] {dag.py:4180} INFO - Setting next_dagrun for example_short_circuit_decorator to None, run_after=None
[2025-03-06T23:57:24.319+0100] {processor.py:208} INFO - Processing /home/erij/Erij_Mazouz_4DS8_churn_ml_project/venv/lib/python3.8/site-packages/airflow/example_dags/example_short_circuit_decorator.py took 0.067 seconds
[2025-03-06T23:58:18.814+0100] {processor.py:186} INFO - Started process (PID=59514) to work on /home/erij/Erij_Mazouz_4DS8_churn_ml_project/venv/lib/python3.8/site-packages/airflow/example_dags/example_short_circuit_decorator.py
[2025-03-06T23:58:18.816+0100] {processor.py:914} INFO - Processing file /home/erij/Erij_Mazouz_4DS8_churn_ml_project/venv/lib/python3.8/site-packages/airflow/example_dags/example_short_circuit_decorator.py for tasks to queue
[2025-03-06T23:58:18.818+0100] {logging_mixin.py:190} INFO - [2025-03-06T23:58:18.818+0100] {dagbag.py:588} INFO - Filling up the DagBag from /home/erij/Erij_Mazouz_4DS8_churn_ml_project/venv/lib/python3.8/site-packages/airflow/example_dags/example_short_circuit_decorator.py
[2025-03-06T23:58:18.827+0100] {processor.py:925} INFO - DAG(s) 'example_short_circuit_decorator' retrieved from /home/erij/Erij_Mazouz_4DS8_churn_ml_project/venv/lib/python3.8/site-packages/airflow/example_dags/example_short_circuit_decorator.py
[2025-03-06T23:58:18.843+0100] {logging_mixin.py:190} INFO - [2025-03-06T23:58:18.843+0100] {dag.py:3239} INFO - Sync 1 DAGs
[2025-03-06T23:58:18.854+0100] {logging_mixin.py:190} INFO - [2025-03-06T23:58:18.854+0100] {dag.py:4180} INFO - Setting next_dagrun for example_short_circuit_decorator to None, run_after=None
[2025-03-06T23:58:18.870+0100] {processor.py:208} INFO - Processing /home/erij/Erij_Mazouz_4DS8_churn_ml_project/venv/lib/python3.8/site-packages/airflow/example_dags/example_short_circuit_decorator.py took 0.061 seconds
[2025-03-06T23:59:32.056+0100] {processor.py:186} INFO - Started process (PID=59716) to work on /home/erij/Erij_Mazouz_4DS8_churn_ml_project/venv/lib/python3.8/site-packages/airflow/example_dags/example_short_circuit_decorator.py
[2025-03-06T23:59:32.059+0100] {processor.py:914} INFO - Processing file /home/erij/Erij_Mazouz_4DS8_churn_ml_project/venv/lib/python3.8/site-packages/airflow/example_dags/example_short_circuit_decorator.py for tasks to queue
[2025-03-06T23:59:32.060+0100] {logging_mixin.py:190} INFO - [2025-03-06T23:59:32.060+0100] {dagbag.py:588} INFO - Filling up the DagBag from /home/erij/Erij_Mazouz_4DS8_churn_ml_project/venv/lib/python3.8/site-packages/airflow/example_dags/example_short_circuit_decorator.py
[2025-03-06T23:59:32.069+0100] {processor.py:925} INFO - DAG(s) 'example_short_circuit_decorator' retrieved from /home/erij/Erij_Mazouz_4DS8_churn_ml_project/venv/lib/python3.8/site-packages/airflow/example_dags/example_short_circuit_decorator.py
[2025-03-06T23:59:32.082+0100] {logging_mixin.py:190} INFO - [2025-03-06T23:59:32.082+0100] {dag.py:3239} INFO - Sync 1 DAGs
[2025-03-06T23:59:32.092+0100] {logging_mixin.py:190} INFO - [2025-03-06T23:59:32.092+0100] {dag.py:4180} INFO - Setting next_dagrun for example_short_circuit_decorator to None, run_after=None
[2025-03-06T23:59:32.109+0100] {processor.py:208} INFO - Processing /home/erij/Erij_Mazouz_4DS8_churn_ml_project/venv/lib/python3.8/site-packages/airflow/example_dags/example_short_circuit_decorator.py took 0.058 seconds
[2025-03-07T00:00:26.415+0100] {processor.py:186} INFO - Started process (PID=59913) to work on /home/erij/Erij_Mazouz_4DS8_churn_ml_project/venv/lib/python3.8/site-packages/airflow/example_dags/example_short_circuit_decorator.py
[2025-03-07T00:00:26.416+0100] {processor.py:914} INFO - Processing file /home/erij/Erij_Mazouz_4DS8_churn_ml_project/venv/lib/python3.8/site-packages/airflow/example_dags/example_short_circuit_decorator.py for tasks to queue
[2025-03-07T00:00:26.418+0100] {logging_mixin.py:190} INFO - [2025-03-07T00:00:26.418+0100] {dagbag.py:588} INFO - Filling up the DagBag from /home/erij/Erij_Mazouz_4DS8_churn_ml_project/venv/lib/python3.8/site-packages/airflow/example_dags/example_short_circuit_decorator.py
[2025-03-07T00:00:26.427+0100] {processor.py:925} INFO - DAG(s) 'example_short_circuit_decorator' retrieved from /home/erij/Erij_Mazouz_4DS8_churn_ml_project/venv/lib/python3.8/site-packages/airflow/example_dags/example_short_circuit_decorator.py
[2025-03-07T00:00:26.441+0100] {logging_mixin.py:190} INFO - [2025-03-07T00:00:26.441+0100] {dag.py:3239} INFO - Sync 1 DAGs
[2025-03-07T00:00:26.451+0100] {logging_mixin.py:190} INFO - [2025-03-07T00:00:26.451+0100] {dag.py:4180} INFO - Setting next_dagrun for example_short_circuit_decorator to None, run_after=None
[2025-03-07T00:00:26.468+0100] {processor.py:208} INFO - Processing /home/erij/Erij_Mazouz_4DS8_churn_ml_project/venv/lib/python3.8/site-packages/airflow/example_dags/example_short_circuit_decorator.py took 0.058 seconds
[2025-03-07T00:01:20.182+0100] {processor.py:186} INFO - Started process (PID=60088) to work on /home/erij/Erij_Mazouz_4DS8_churn_ml_project/venv/lib/python3.8/site-packages/airflow/example_dags/example_short_circuit_decorator.py
[2025-03-07T00:01:20.183+0100] {processor.py:914} INFO - Processing file /home/erij/Erij_Mazouz_4DS8_churn_ml_project/venv/lib/python3.8/site-packages/airflow/example_dags/example_short_circuit_decorator.py for tasks to queue
[2025-03-07T00:01:20.185+0100] {logging_mixin.py:190} INFO - [2025-03-07T00:01:20.185+0100] {dagbag.py:588} INFO - Filling up the DagBag from /home/erij/Erij_Mazouz_4DS8_churn_ml_project/venv/lib/python3.8/site-packages/airflow/example_dags/example_short_circuit_decorator.py
[2025-03-07T00:01:20.195+0100] {processor.py:925} INFO - DAG(s) 'example_short_circuit_decorator' retrieved from /home/erij/Erij_Mazouz_4DS8_churn_ml_project/venv/lib/python3.8/site-packages/airflow/example_dags/example_short_circuit_decorator.py
[2025-03-07T00:01:20.209+0100] {logging_mixin.py:190} INFO - [2025-03-07T00:01:20.209+0100] {dag.py:3239} INFO - Sync 1 DAGs
[2025-03-07T00:01:20.220+0100] {logging_mixin.py:190} INFO - [2025-03-07T00:01:20.219+0100] {dag.py:4180} INFO - Setting next_dagrun for example_short_circuit_decorator to None, run_after=None
[2025-03-07T00:01:20.236+0100] {processor.py:208} INFO - Processing /home/erij/Erij_Mazouz_4DS8_churn_ml_project/venv/lib/python3.8/site-packages/airflow/example_dags/example_short_circuit_decorator.py took 0.059 seconds
[2025-03-07T00:02:15.318+0100] {processor.py:186} INFO - Started process (PID=60300) to work on /home/erij/Erij_Mazouz_4DS8_churn_ml_project/venv/lib/python3.8/site-packages/airflow/example_dags/example_short_circuit_decorator.py
[2025-03-07T00:02:15.320+0100] {processor.py:914} INFO - Processing file /home/erij/Erij_Mazouz_4DS8_churn_ml_project/venv/lib/python3.8/site-packages/airflow/example_dags/example_short_circuit_decorator.py for tasks to queue
[2025-03-07T00:02:15.322+0100] {logging_mixin.py:190} INFO - [2025-03-07T00:02:15.322+0100] {dagbag.py:588} INFO - Filling up the DagBag from /home/erij/Erij_Mazouz_4DS8_churn_ml_project/venv/lib/python3.8/site-packages/airflow/example_dags/example_short_circuit_decorator.py
[2025-03-07T00:02:15.330+0100] {processor.py:925} INFO - DAG(s) 'example_short_circuit_decorator' retrieved from /home/erij/Erij_Mazouz_4DS8_churn_ml_project/venv/lib/python3.8/site-packages/airflow/example_dags/example_short_circuit_decorator.py
[2025-03-07T00:02:15.343+0100] {logging_mixin.py:190} INFO - [2025-03-07T00:02:15.343+0100] {dag.py:3239} INFO - Sync 1 DAGs
[2025-03-07T00:02:15.352+0100] {logging_mixin.py:190} INFO - [2025-03-07T00:02:15.352+0100] {dag.py:4180} INFO - Setting next_dagrun for example_short_circuit_decorator to None, run_after=None
[2025-03-07T00:02:15.370+0100] {processor.py:208} INFO - Processing /home/erij/Erij_Mazouz_4DS8_churn_ml_project/venv/lib/python3.8/site-packages/airflow/example_dags/example_short_circuit_decorator.py took 0.057 seconds
