[2025-03-06T23:38:46.626+0100] {processor.py:186} INFO - Started process (PID=55711) to work on /home/erij/Erij_Mazouz_4DS8_churn_ml_project/venv/lib/python3.8/site-packages/airflow/example_dags/example_params_ui_tutorial.py
[2025-03-06T23:38:46.627+0100] {processor.py:914} INFO - Processing file /home/erij/Erij_Mazouz_4DS8_churn_ml_project/venv/lib/python3.8/site-packages/airflow/example_dags/example_params_ui_tutorial.py for tasks to queue
[2025-03-06T23:38:46.629+0100] {logging_mixin.py:190} INFO - [2025-03-06T23:38:46.628+0100] {dagbag.py:588} INFO - Filling up the DagBag from /home/erij/Erij_Mazouz_4DS8_churn_ml_project/venv/lib/python3.8/site-packages/airflow/example_dags/example_params_ui_tutorial.py
[2025-03-06T23:38:46.638+0100] {processor.py:925} INFO - DAG(s) 'example_params_ui_tutorial' retrieved from /home/erij/Erij_Mazouz_4DS8_churn_ml_project/venv/lib/python3.8/site-packages/airflow/example_dags/example_params_ui_tutorial.py
[2025-03-06T23:38:46.752+0100] {logging_mixin.py:190} INFO - [2025-03-06T23:38:46.752+0100] {dag.py:3239} INFO - Sync 1 DAGs
[2025-03-06T23:38:46.762+0100] {logging_mixin.py:190} INFO - [2025-03-06T23:38:46.762+0100] {dag.py:4180} INFO - Setting next_dagrun for example_params_ui_tutorial to None, run_after=None
[2025-03-06T23:38:46.781+0100] {processor.py:208} INFO - Processing /home/erij/Erij_Mazouz_4DS8_churn_ml_project/venv/lib/python3.8/site-packages/airflow/example_dags/example_params_ui_tutorial.py took 0.162 seconds
[2025-03-06T23:40:28.663+0100] {processor.py:186} INFO - Started process (PID=56472) to work on /home/erij/Erij_Mazouz_4DS8_churn_ml_project/venv/lib/python3.8/site-packages/airflow/example_dags/example_params_ui_tutorial.py
[2025-03-06T23:40:28.665+0100] {processor.py:914} INFO - Processing file /home/erij/Erij_Mazouz_4DS8_churn_ml_project/venv/lib/python3.8/site-packages/airflow/example_dags/example_params_ui_tutorial.py for tasks to queue
[2025-03-06T23:40:28.666+0100] {logging_mixin.py:190} INFO - [2025-03-06T23:40:28.666+0100] {dagbag.py:588} INFO - Filling up the DagBag from /home/erij/Erij_Mazouz_4DS8_churn_ml_project/venv/lib/python3.8/site-packages/airflow/example_dags/example_params_ui_tutorial.py
[2025-03-06T23:40:28.675+0100] {processor.py:925} INFO - DAG(s) 'example_params_ui_tutorial' retrieved from /home/erij/Erij_Mazouz_4DS8_churn_ml_project/venv/lib/python3.8/site-packages/airflow/example_dags/example_params_ui_tutorial.py
[2025-03-06T23:40:28.716+0100] {logging_mixin.py:190} INFO - [2025-03-06T23:40:28.716+0100] {dag.py:3239} INFO - Sync 1 DAGs
[2025-03-06T23:40:28.728+0100] {logging_mixin.py:190} INFO - [2025-03-06T23:40:28.728+0100] {dag.py:4180} INFO - Setting next_dagrun for example_params_ui_tutorial to None, run_after=None
[2025-03-06T23:40:28.748+0100] {processor.py:208} INFO - Processing /home/erij/Erij_Mazouz_4DS8_churn_ml_project/venv/lib/python3.8/site-packages/airflow/example_dags/example_params_ui_tutorial.py took 0.090 seconds
[2025-03-06T23:41:13.403+0100] {processor.py:186} INFO - Started process (PID=56571) to work on /home/erij/Erij_Mazouz_4DS8_churn_ml_project/venv/lib/python3.8/site-packages/airflow/example_dags/example_params_ui_tutorial.py
[2025-03-06T23:41:13.406+0100] {processor.py:914} INFO - Processing file /home/erij/Erij_Mazouz_4DS8_churn_ml_project/venv/lib/python3.8/site-packages/airflow/example_dags/example_params_ui_tutorial.py for tasks to queue
[2025-03-06T23:41:13.408+0100] {logging_mixin.py:190} INFO - [2025-03-06T23:41:13.407+0100] {dagbag.py:588} INFO - Filling up the DagBag from /home/erij/Erij_Mazouz_4DS8_churn_ml_project/venv/lib/python3.8/site-packages/airflow/example_dags/example_params_ui_tutorial.py
[2025-03-06T23:41:13.416+0100] {processor.py:925} INFO - DAG(s) 'example_params_ui_tutorial' retrieved from /home/erij/Erij_Mazouz_4DS8_churn_ml_project/venv/lib/python3.8/site-packages/airflow/example_dags/example_params_ui_tutorial.py
[2025-03-06T23:41:13.456+0100] {logging_mixin.py:190} INFO - [2025-03-06T23:41:13.456+0100] {dag.py:3239} INFO - Sync 1 DAGs
[2025-03-06T23:41:13.468+0100] {logging_mixin.py:190} INFO - [2025-03-06T23:41:13.467+0100] {dag.py:4180} INFO - Setting next_dagrun for example_params_ui_tutorial to None, run_after=None
[2025-03-06T23:41:13.488+0100] {processor.py:208} INFO - Processing /home/erij/Erij_Mazouz_4DS8_churn_ml_project/venv/lib/python3.8/site-packages/airflow/example_dags/example_params_ui_tutorial.py took 0.090 seconds
[2025-03-06T23:42:09.633+0100] {processor.py:186} INFO - Started process (PID=56713) to work on /home/erij/Erij_Mazouz_4DS8_churn_ml_project/venv/lib/python3.8/site-packages/airflow/example_dags/example_params_ui_tutorial.py
[2025-03-06T23:42:09.635+0100] {processor.py:914} INFO - Processing file /home/erij/Erij_Mazouz_4DS8_churn_ml_project/venv/lib/python3.8/site-packages/airflow/example_dags/example_params_ui_tutorial.py for tasks to queue
[2025-03-06T23:42:09.637+0100] {logging_mixin.py:190} INFO - [2025-03-06T23:42:09.636+0100] {dagbag.py:588} INFO - Filling up the DagBag from /home/erij/Erij_Mazouz_4DS8_churn_ml_project/venv/lib/python3.8/site-packages/airflow/example_dags/example_params_ui_tutorial.py
[2025-03-06T23:42:09.645+0100] {processor.py:925} INFO - DAG(s) 'example_params_ui_tutorial' retrieved from /home/erij/Erij_Mazouz_4DS8_churn_ml_project/venv/lib/python3.8/site-packages/airflow/example_dags/example_params_ui_tutorial.py
[2025-03-06T23:42:09.685+0100] {logging_mixin.py:190} INFO - [2025-03-06T23:42:09.684+0100] {dag.py:3239} INFO - Sync 1 DAGs
[2025-03-06T23:42:09.696+0100] {logging_mixin.py:190} INFO - [2025-03-06T23:42:09.696+0100] {dag.py:4180} INFO - Setting next_dagrun for example_params_ui_tutorial to None, run_after=None
[2025-03-06T23:42:09.715+0100] {processor.py:208} INFO - Processing /home/erij/Erij_Mazouz_4DS8_churn_ml_project/venv/lib/python3.8/site-packages/airflow/example_dags/example_params_ui_tutorial.py took 0.088 seconds
[2025-03-06T23:43:02.556+0100] {processor.py:186} INFO - Started process (PID=56832) to work on /home/erij/Erij_Mazouz_4DS8_churn_ml_project/venv/lib/python3.8/site-packages/airflow/example_dags/example_params_ui_tutorial.py
[2025-03-06T23:43:02.559+0100] {processor.py:914} INFO - Processing file /home/erij/Erij_Mazouz_4DS8_churn_ml_project/venv/lib/python3.8/site-packages/airflow/example_dags/example_params_ui_tutorial.py for tasks to queue
[2025-03-06T23:43:02.560+0100] {logging_mixin.py:190} INFO - [2025-03-06T23:43:02.560+0100] {dagbag.py:588} INFO - Filling up the DagBag from /home/erij/Erij_Mazouz_4DS8_churn_ml_project/venv/lib/python3.8/site-packages/airflow/example_dags/example_params_ui_tutorial.py
[2025-03-06T23:43:02.568+0100] {processor.py:925} INFO - DAG(s) 'example_params_ui_tutorial' retrieved from /home/erij/Erij_Mazouz_4DS8_churn_ml_project/venv/lib/python3.8/site-packages/airflow/example_dags/example_params_ui_tutorial.py
[2025-03-06T23:43:02.605+0100] {logging_mixin.py:190} INFO - [2025-03-06T23:43:02.605+0100] {dag.py:3239} INFO - Sync 1 DAGs
[2025-03-06T23:43:02.616+0100] {logging_mixin.py:190} INFO - [2025-03-06T23:43:02.616+0100] {dag.py:4180} INFO - Setting next_dagrun for example_params_ui_tutorial to None, run_after=None
[2025-03-06T23:43:02.635+0100] {processor.py:208} INFO - Processing /home/erij/Erij_Mazouz_4DS8_churn_ml_project/venv/lib/python3.8/site-packages/airflow/example_dags/example_params_ui_tutorial.py took 0.084 seconds
[2025-03-06T23:43:54.965+0100] {processor.py:186} INFO - Started process (PID=56953) to work on /home/erij/Erij_Mazouz_4DS8_churn_ml_project/venv/lib/python3.8/site-packages/airflow/example_dags/example_params_ui_tutorial.py
[2025-03-06T23:43:54.966+0100] {processor.py:914} INFO - Processing file /home/erij/Erij_Mazouz_4DS8_churn_ml_project/venv/lib/python3.8/site-packages/airflow/example_dags/example_params_ui_tutorial.py for tasks to queue
[2025-03-06T23:43:54.968+0100] {logging_mixin.py:190} INFO - [2025-03-06T23:43:54.968+0100] {dagbag.py:588} INFO - Filling up the DagBag from /home/erij/Erij_Mazouz_4DS8_churn_ml_project/venv/lib/python3.8/site-packages/airflow/example_dags/example_params_ui_tutorial.py
[2025-03-06T23:43:54.977+0100] {processor.py:925} INFO - DAG(s) 'example_params_ui_tutorial' retrieved from /home/erij/Erij_Mazouz_4DS8_churn_ml_project/venv/lib/python3.8/site-packages/airflow/example_dags/example_params_ui_tutorial.py
[2025-03-06T23:43:55.018+0100] {logging_mixin.py:190} INFO - [2025-03-06T23:43:55.018+0100] {dag.py:3239} INFO - Sync 1 DAGs
[2025-03-06T23:43:55.031+0100] {logging_mixin.py:190} INFO - [2025-03-06T23:43:55.031+0100] {dag.py:4180} INFO - Setting next_dagrun for example_params_ui_tutorial to None, run_after=None
[2025-03-06T23:43:55.052+0100] {processor.py:208} INFO - Processing /home/erij/Erij_Mazouz_4DS8_churn_ml_project/venv/lib/python3.8/site-packages/airflow/example_dags/example_params_ui_tutorial.py took 0.092 seconds
[2025-03-06T23:44:49.062+0100] {processor.py:186} INFO - Started process (PID=57107) to work on /home/erij/Erij_Mazouz_4DS8_churn_ml_project/venv/lib/python3.8/site-packages/airflow/example_dags/example_params_ui_tutorial.py
[2025-03-06T23:44:49.064+0100] {processor.py:914} INFO - Processing file /home/erij/Erij_Mazouz_4DS8_churn_ml_project/venv/lib/python3.8/site-packages/airflow/example_dags/example_params_ui_tutorial.py for tasks to queue
[2025-03-06T23:44:49.066+0100] {logging_mixin.py:190} INFO - [2025-03-06T23:44:49.066+0100] {dagbag.py:588} INFO - Filling up the DagBag from /home/erij/Erij_Mazouz_4DS8_churn_ml_project/venv/lib/python3.8/site-packages/airflow/example_dags/example_params_ui_tutorial.py
[2025-03-06T23:44:49.074+0100] {processor.py:925} INFO - DAG(s) 'example_params_ui_tutorial' retrieved from /home/erij/Erij_Mazouz_4DS8_churn_ml_project/venv/lib/python3.8/site-packages/airflow/example_dags/example_params_ui_tutorial.py
[2025-03-06T23:44:49.112+0100] {logging_mixin.py:190} INFO - [2025-03-06T23:44:49.112+0100] {dag.py:3239} INFO - Sync 1 DAGs
[2025-03-06T23:44:49.123+0100] {logging_mixin.py:190} INFO - [2025-03-06T23:44:49.123+0100] {dag.py:4180} INFO - Setting next_dagrun for example_params_ui_tutorial to None, run_after=None
[2025-03-06T23:44:49.149+0100] {processor.py:208} INFO - Processing /home/erij/Erij_Mazouz_4DS8_churn_ml_project/venv/lib/python3.8/site-packages/airflow/example_dags/example_params_ui_tutorial.py took 0.092 seconds
[2025-03-06T23:45:46.122+0100] {processor.py:186} INFO - Started process (PID=57230) to work on /home/erij/Erij_Mazouz_4DS8_churn_ml_project/venv/lib/python3.8/site-packages/airflow/example_dags/example_params_ui_tutorial.py
[2025-03-06T23:45:46.126+0100] {processor.py:914} INFO - Processing file /home/erij/Erij_Mazouz_4DS8_churn_ml_project/venv/lib/python3.8/site-packages/airflow/example_dags/example_params_ui_tutorial.py for tasks to queue
[2025-03-06T23:45:46.129+0100] {logging_mixin.py:190} INFO - [2025-03-06T23:45:46.128+0100] {dagbag.py:588} INFO - Filling up the DagBag from /home/erij/Erij_Mazouz_4DS8_churn_ml_project/venv/lib/python3.8/site-packages/airflow/example_dags/example_params_ui_tutorial.py
[2025-03-06T23:45:46.136+0100] {processor.py:925} INFO - DAG(s) 'example_params_ui_tutorial' retrieved from /home/erij/Erij_Mazouz_4DS8_churn_ml_project/venv/lib/python3.8/site-packages/airflow/example_dags/example_params_ui_tutorial.py
[2025-03-06T23:45:46.173+0100] {logging_mixin.py:190} INFO - [2025-03-06T23:45:46.173+0100] {dag.py:3239} INFO - Sync 1 DAGs
[2025-03-06T23:45:46.183+0100] {logging_mixin.py:190} INFO - [2025-03-06T23:45:46.183+0100] {dag.py:4180} INFO - Setting next_dagrun for example_params_ui_tutorial to None, run_after=None
[2025-03-06T23:45:46.210+0100] {processor.py:208} INFO - Processing /home/erij/Erij_Mazouz_4DS8_churn_ml_project/venv/lib/python3.8/site-packages/airflow/example_dags/example_params_ui_tutorial.py took 0.093 seconds
[2025-03-06T23:46:43.617+0100] {processor.py:186} INFO - Started process (PID=57339) to work on /home/erij/Erij_Mazouz_4DS8_churn_ml_project/venv/lib/python3.8/site-packages/airflow/example_dags/example_params_ui_tutorial.py
[2025-03-06T23:46:43.618+0100] {processor.py:914} INFO - Processing file /home/erij/Erij_Mazouz_4DS8_churn_ml_project/venv/lib/python3.8/site-packages/airflow/example_dags/example_params_ui_tutorial.py for tasks to queue
[2025-03-06T23:46:43.620+0100] {logging_mixin.py:190} INFO - [2025-03-06T23:46:43.620+0100] {dagbag.py:588} INFO - Filling up the DagBag from /home/erij/Erij_Mazouz_4DS8_churn_ml_project/venv/lib/python3.8/site-packages/airflow/example_dags/example_params_ui_tutorial.py
[2025-03-06T23:46:43.628+0100] {processor.py:925} INFO - DAG(s) 'example_params_ui_tutorial' retrieved from /home/erij/Erij_Mazouz_4DS8_churn_ml_project/venv/lib/python3.8/site-packages/airflow/example_dags/example_params_ui_tutorial.py
[2025-03-06T23:46:43.665+0100] {logging_mixin.py:190} INFO - [2025-03-06T23:46:43.665+0100] {dag.py:3239} INFO - Sync 1 DAGs
[2025-03-06T23:46:43.676+0100] {logging_mixin.py:190} INFO - [2025-03-06T23:46:43.676+0100] {dag.py:4180} INFO - Setting next_dagrun for example_params_ui_tutorial to None, run_after=None
[2025-03-06T23:46:43.694+0100] {processor.py:208} INFO - Processing /home/erij/Erij_Mazouz_4DS8_churn_ml_project/venv/lib/python3.8/site-packages/airflow/example_dags/example_params_ui_tutorial.py took 0.083 seconds
[2025-03-06T23:47:38.671+0100] {processor.py:186} INFO - Started process (PID=57458) to work on /home/erij/Erij_Mazouz_4DS8_churn_ml_project/venv/lib/python3.8/site-packages/airflow/example_dags/example_params_ui_tutorial.py
[2025-03-06T23:47:38.673+0100] {processor.py:914} INFO - Processing file /home/erij/Erij_Mazouz_4DS8_churn_ml_project/venv/lib/python3.8/site-packages/airflow/example_dags/example_params_ui_tutorial.py for tasks to queue
[2025-03-06T23:47:38.675+0100] {logging_mixin.py:190} INFO - [2025-03-06T23:47:38.675+0100] {dagbag.py:588} INFO - Filling up the DagBag from /home/erij/Erij_Mazouz_4DS8_churn_ml_project/venv/lib/python3.8/site-packages/airflow/example_dags/example_params_ui_tutorial.py
[2025-03-06T23:47:38.682+0100] {processor.py:925} INFO - DAG(s) 'example_params_ui_tutorial' retrieved from /home/erij/Erij_Mazouz_4DS8_churn_ml_project/venv/lib/python3.8/site-packages/airflow/example_dags/example_params_ui_tutorial.py
[2025-03-06T23:47:38.716+0100] {logging_mixin.py:190} INFO - [2025-03-06T23:47:38.716+0100] {dag.py:3239} INFO - Sync 1 DAGs
[2025-03-06T23:47:38.726+0100] {logging_mixin.py:190} INFO - [2025-03-06T23:47:38.726+0100] {dag.py:4180} INFO - Setting next_dagrun for example_params_ui_tutorial to None, run_after=None
[2025-03-06T23:47:38.743+0100] {processor.py:208} INFO - Processing /home/erij/Erij_Mazouz_4DS8_churn_ml_project/venv/lib/python3.8/site-packages/airflow/example_dags/example_params_ui_tutorial.py took 0.077 seconds
[2025-03-06T23:48:36.711+0100] {processor.py:186} INFO - Started process (PID=57575) to work on /home/erij/Erij_Mazouz_4DS8_churn_ml_project/venv/lib/python3.8/site-packages/airflow/example_dags/example_params_ui_tutorial.py
[2025-03-06T23:48:36.713+0100] {processor.py:914} INFO - Processing file /home/erij/Erij_Mazouz_4DS8_churn_ml_project/venv/lib/python3.8/site-packages/airflow/example_dags/example_params_ui_tutorial.py for tasks to queue
[2025-03-06T23:48:36.715+0100] {logging_mixin.py:190} INFO - [2025-03-06T23:48:36.715+0100] {dagbag.py:588} INFO - Filling up the DagBag from /home/erij/Erij_Mazouz_4DS8_churn_ml_project/venv/lib/python3.8/site-packages/airflow/example_dags/example_params_ui_tutorial.py
[2025-03-06T23:48:36.723+0100] {processor.py:925} INFO - DAG(s) 'example_params_ui_tutorial' retrieved from /home/erij/Erij_Mazouz_4DS8_churn_ml_project/venv/lib/python3.8/site-packages/airflow/example_dags/example_params_ui_tutorial.py
[2025-03-06T23:48:36.760+0100] {logging_mixin.py:190} INFO - [2025-03-06T23:48:36.760+0100] {dag.py:3239} INFO - Sync 1 DAGs
[2025-03-06T23:48:36.770+0100] {logging_mixin.py:190} INFO - [2025-03-06T23:48:36.770+0100] {dag.py:4180} INFO - Setting next_dagrun for example_params_ui_tutorial to None, run_after=None
[2025-03-06T23:48:36.789+0100] {processor.py:208} INFO - Processing /home/erij/Erij_Mazouz_4DS8_churn_ml_project/venv/lib/python3.8/site-packages/airflow/example_dags/example_params_ui_tutorial.py took 0.083 seconds
[2025-03-06T23:49:31.878+0100] {processor.py:186} INFO - Started process (PID=57685) to work on /home/erij/Erij_Mazouz_4DS8_churn_ml_project/venv/lib/python3.8/site-packages/airflow/example_dags/example_params_ui_tutorial.py
[2025-03-06T23:49:31.881+0100] {processor.py:914} INFO - Processing file /home/erij/Erij_Mazouz_4DS8_churn_ml_project/venv/lib/python3.8/site-packages/airflow/example_dags/example_params_ui_tutorial.py for tasks to queue
[2025-03-06T23:49:31.882+0100] {logging_mixin.py:190} INFO - [2025-03-06T23:49:31.882+0100] {dagbag.py:588} INFO - Filling up the DagBag from /home/erij/Erij_Mazouz_4DS8_churn_ml_project/venv/lib/python3.8/site-packages/airflow/example_dags/example_params_ui_tutorial.py
[2025-03-06T23:49:31.890+0100] {processor.py:925} INFO - DAG(s) 'example_params_ui_tutorial' retrieved from /home/erij/Erij_Mazouz_4DS8_churn_ml_project/venv/lib/python3.8/site-packages/airflow/example_dags/example_params_ui_tutorial.py
[2025-03-06T23:49:31.923+0100] {logging_mixin.py:190} INFO - [2025-03-06T23:49:31.923+0100] {dag.py:3239} INFO - Sync 1 DAGs
[2025-03-06T23:49:31.933+0100] {logging_mixin.py:190} INFO - [2025-03-06T23:49:31.933+0100] {dag.py:4180} INFO - Setting next_dagrun for example_params_ui_tutorial to None, run_after=None
[2025-03-06T23:49:31.952+0100] {processor.py:208} INFO - Processing /home/erij/Erij_Mazouz_4DS8_churn_ml_project/venv/lib/python3.8/site-packages/airflow/example_dags/example_params_ui_tutorial.py took 0.078 seconds
[2025-03-06T23:50:26.994+0100] {processor.py:186} INFO - Started process (PID=57799) to work on /home/erij/Erij_Mazouz_4DS8_churn_ml_project/venv/lib/python3.8/site-packages/airflow/example_dags/example_params_ui_tutorial.py
[2025-03-06T23:50:26.996+0100] {processor.py:914} INFO - Processing file /home/erij/Erij_Mazouz_4DS8_churn_ml_project/venv/lib/python3.8/site-packages/airflow/example_dags/example_params_ui_tutorial.py for tasks to queue
[2025-03-06T23:50:26.998+0100] {logging_mixin.py:190} INFO - [2025-03-06T23:50:26.998+0100] {dagbag.py:588} INFO - Filling up the DagBag from /home/erij/Erij_Mazouz_4DS8_churn_ml_project/venv/lib/python3.8/site-packages/airflow/example_dags/example_params_ui_tutorial.py
[2025-03-06T23:50:27.005+0100] {processor.py:925} INFO - DAG(s) 'example_params_ui_tutorial' retrieved from /home/erij/Erij_Mazouz_4DS8_churn_ml_project/venv/lib/python3.8/site-packages/airflow/example_dags/example_params_ui_tutorial.py
[2025-03-06T23:50:27.040+0100] {logging_mixin.py:190} INFO - [2025-03-06T23:50:27.039+0100] {dag.py:3239} INFO - Sync 1 DAGs
[2025-03-06T23:50:27.050+0100] {logging_mixin.py:190} INFO - [2025-03-06T23:50:27.050+0100] {dag.py:4180} INFO - Setting next_dagrun for example_params_ui_tutorial to None, run_after=None
[2025-03-06T23:50:27.067+0100] {processor.py:208} INFO - Processing /home/erij/Erij_Mazouz_4DS8_churn_ml_project/venv/lib/python3.8/site-packages/airflow/example_dags/example_params_ui_tutorial.py took 0.077 seconds
[2025-03-06T23:51:23.199+0100] {processor.py:186} INFO - Started process (PID=57908) to work on /home/erij/Erij_Mazouz_4DS8_churn_ml_project/venv/lib/python3.8/site-packages/airflow/example_dags/example_params_ui_tutorial.py
[2025-03-06T23:51:23.201+0100] {processor.py:914} INFO - Processing file /home/erij/Erij_Mazouz_4DS8_churn_ml_project/venv/lib/python3.8/site-packages/airflow/example_dags/example_params_ui_tutorial.py for tasks to queue
[2025-03-06T23:51:23.203+0100] {logging_mixin.py:190} INFO - [2025-03-06T23:51:23.203+0100] {dagbag.py:588} INFO - Filling up the DagBag from /home/erij/Erij_Mazouz_4DS8_churn_ml_project/venv/lib/python3.8/site-packages/airflow/example_dags/example_params_ui_tutorial.py
[2025-03-06T23:51:23.211+0100] {processor.py:925} INFO - DAG(s) 'example_params_ui_tutorial' retrieved from /home/erij/Erij_Mazouz_4DS8_churn_ml_project/venv/lib/python3.8/site-packages/airflow/example_dags/example_params_ui_tutorial.py
[2025-03-06T23:51:23.245+0100] {logging_mixin.py:190} INFO - [2025-03-06T23:51:23.245+0100] {dag.py:3239} INFO - Sync 1 DAGs
[2025-03-06T23:51:23.255+0100] {logging_mixin.py:190} INFO - [2025-03-06T23:51:23.255+0100] {dag.py:4180} INFO - Setting next_dagrun for example_params_ui_tutorial to None, run_after=None
[2025-03-06T23:51:23.272+0100] {processor.py:208} INFO - Processing /home/erij/Erij_Mazouz_4DS8_churn_ml_project/venv/lib/python3.8/site-packages/airflow/example_dags/example_params_ui_tutorial.py took 0.077 seconds
[2025-03-06T23:52:17.634+0100] {processor.py:186} INFO - Started process (PID=58027) to work on /home/erij/Erij_Mazouz_4DS8_churn_ml_project/venv/lib/python3.8/site-packages/airflow/example_dags/example_params_ui_tutorial.py
[2025-03-06T23:52:17.637+0100] {processor.py:914} INFO - Processing file /home/erij/Erij_Mazouz_4DS8_churn_ml_project/venv/lib/python3.8/site-packages/airflow/example_dags/example_params_ui_tutorial.py for tasks to queue
[2025-03-06T23:52:17.638+0100] {logging_mixin.py:190} INFO - [2025-03-06T23:52:17.638+0100] {dagbag.py:588} INFO - Filling up the DagBag from /home/erij/Erij_Mazouz_4DS8_churn_ml_project/venv/lib/python3.8/site-packages/airflow/example_dags/example_params_ui_tutorial.py
[2025-03-06T23:52:17.646+0100] {processor.py:925} INFO - DAG(s) 'example_params_ui_tutorial' retrieved from /home/erij/Erij_Mazouz_4DS8_churn_ml_project/venv/lib/python3.8/site-packages/airflow/example_dags/example_params_ui_tutorial.py
[2025-03-06T23:52:17.683+0100] {logging_mixin.py:190} INFO - [2025-03-06T23:52:17.683+0100] {dag.py:3239} INFO - Sync 1 DAGs
[2025-03-06T23:52:17.694+0100] {logging_mixin.py:190} INFO - [2025-03-06T23:52:17.694+0100] {dag.py:4180} INFO - Setting next_dagrun for example_params_ui_tutorial to None, run_after=None
[2025-03-06T23:52:17.712+0100] {processor.py:208} INFO - Processing /home/erij/Erij_Mazouz_4DS8_churn_ml_project/venv/lib/python3.8/site-packages/airflow/example_dags/example_params_ui_tutorial.py took 0.083 seconds
[2025-03-06T23:53:15.054+0100] {processor.py:186} INFO - Started process (PID=58143) to work on /home/erij/Erij_Mazouz_4DS8_churn_ml_project/venv/lib/python3.8/site-packages/airflow/example_dags/example_params_ui_tutorial.py
[2025-03-06T23:53:15.056+0100] {processor.py:914} INFO - Processing file /home/erij/Erij_Mazouz_4DS8_churn_ml_project/venv/lib/python3.8/site-packages/airflow/example_dags/example_params_ui_tutorial.py for tasks to queue
[2025-03-06T23:53:15.058+0100] {logging_mixin.py:190} INFO - [2025-03-06T23:53:15.058+0100] {dagbag.py:588} INFO - Filling up the DagBag from /home/erij/Erij_Mazouz_4DS8_churn_ml_project/venv/lib/python3.8/site-packages/airflow/example_dags/example_params_ui_tutorial.py
[2025-03-06T23:53:15.067+0100] {processor.py:925} INFO - DAG(s) 'example_params_ui_tutorial' retrieved from /home/erij/Erij_Mazouz_4DS8_churn_ml_project/venv/lib/python3.8/site-packages/airflow/example_dags/example_params_ui_tutorial.py
[2025-03-06T23:53:15.106+0100] {logging_mixin.py:190} INFO - [2025-03-06T23:53:15.106+0100] {dag.py:3239} INFO - Sync 1 DAGs
[2025-03-06T23:53:15.117+0100] {logging_mixin.py:190} INFO - [2025-03-06T23:53:15.117+0100] {dag.py:4180} INFO - Setting next_dagrun for example_params_ui_tutorial to None, run_after=None
[2025-03-06T23:53:15.134+0100] {processor.py:208} INFO - Processing /home/erij/Erij_Mazouz_4DS8_churn_ml_project/venv/lib/python3.8/site-packages/airflow/example_dags/example_params_ui_tutorial.py took 0.086 seconds
[2025-03-06T23:54:13.169+0100] {processor.py:186} INFO - Started process (PID=58278) to work on /home/erij/Erij_Mazouz_4DS8_churn_ml_project/venv/lib/python3.8/site-packages/airflow/example_dags/example_params_ui_tutorial.py
[2025-03-06T23:54:13.171+0100] {processor.py:914} INFO - Processing file /home/erij/Erij_Mazouz_4DS8_churn_ml_project/venv/lib/python3.8/site-packages/airflow/example_dags/example_params_ui_tutorial.py for tasks to queue
[2025-03-06T23:54:13.173+0100] {logging_mixin.py:190} INFO - [2025-03-06T23:54:13.172+0100] {dagbag.py:588} INFO - Filling up the DagBag from /home/erij/Erij_Mazouz_4DS8_churn_ml_project/venv/lib/python3.8/site-packages/airflow/example_dags/example_params_ui_tutorial.py
[2025-03-06T23:54:13.181+0100] {processor.py:925} INFO - DAG(s) 'example_params_ui_tutorial' retrieved from /home/erij/Erij_Mazouz_4DS8_churn_ml_project/venv/lib/python3.8/site-packages/airflow/example_dags/example_params_ui_tutorial.py
[2025-03-06T23:54:13.218+0100] {logging_mixin.py:190} INFO - [2025-03-06T23:54:13.218+0100] {dag.py:3239} INFO - Sync 1 DAGs
[2025-03-06T23:54:13.229+0100] {logging_mixin.py:190} INFO - [2025-03-06T23:54:13.229+0100] {dag.py:4180} INFO - Setting next_dagrun for example_params_ui_tutorial to None, run_after=None
[2025-03-06T23:54:13.249+0100] {processor.py:208} INFO - Processing /home/erij/Erij_Mazouz_4DS8_churn_ml_project/venv/lib/python3.8/site-packages/airflow/example_dags/example_params_ui_tutorial.py took 0.085 seconds
[2025-03-06T23:55:10.532+0100] {processor.py:186} INFO - Started process (PID=59003) to work on /home/erij/Erij_Mazouz_4DS8_churn_ml_project/venv/lib/python3.8/site-packages/airflow/example_dags/example_params_ui_tutorial.py
[2025-03-06T23:55:10.535+0100] {processor.py:914} INFO - Processing file /home/erij/Erij_Mazouz_4DS8_churn_ml_project/venv/lib/python3.8/site-packages/airflow/example_dags/example_params_ui_tutorial.py for tasks to queue
[2025-03-06T23:55:10.539+0100] {logging_mixin.py:190} INFO - [2025-03-06T23:55:10.538+0100] {dagbag.py:588} INFO - Filling up the DagBag from /home/erij/Erij_Mazouz_4DS8_churn_ml_project/venv/lib/python3.8/site-packages/airflow/example_dags/example_params_ui_tutorial.py
[2025-03-06T23:55:10.551+0100] {processor.py:925} INFO - DAG(s) 'example_params_ui_tutorial' retrieved from /home/erij/Erij_Mazouz_4DS8_churn_ml_project/venv/lib/python3.8/site-packages/airflow/example_dags/example_params_ui_tutorial.py
[2025-03-06T23:55:10.598+0100] {logging_mixin.py:190} INFO - [2025-03-06T23:55:10.598+0100] {dag.py:3239} INFO - Sync 1 DAGs
[2025-03-06T23:55:10.613+0100] {logging_mixin.py:190} INFO - [2025-03-06T23:55:10.613+0100] {dag.py:4180} INFO - Setting next_dagrun for example_params_ui_tutorial to None, run_after=None
[2025-03-06T23:55:10.635+0100] {processor.py:208} INFO - Processing /home/erij/Erij_Mazouz_4DS8_churn_ml_project/venv/lib/python3.8/site-packages/airflow/example_dags/example_params_ui_tutorial.py took 0.110 seconds
[2025-03-06T23:56:10.615+0100] {processor.py:186} INFO - Started process (PID=59209) to work on /home/erij/Erij_Mazouz_4DS8_churn_ml_project/venv/lib/python3.8/site-packages/airflow/example_dags/example_params_ui_tutorial.py
[2025-03-06T23:56:10.618+0100] {processor.py:914} INFO - Processing file /home/erij/Erij_Mazouz_4DS8_churn_ml_project/venv/lib/python3.8/site-packages/airflow/example_dags/example_params_ui_tutorial.py for tasks to queue
[2025-03-06T23:56:10.619+0100] {logging_mixin.py:190} INFO - [2025-03-06T23:56:10.619+0100] {dagbag.py:588} INFO - Filling up the DagBag from /home/erij/Erij_Mazouz_4DS8_churn_ml_project/venv/lib/python3.8/site-packages/airflow/example_dags/example_params_ui_tutorial.py
[2025-03-06T23:56:10.626+0100] {processor.py:925} INFO - DAG(s) 'example_params_ui_tutorial' retrieved from /home/erij/Erij_Mazouz_4DS8_churn_ml_project/venv/lib/python3.8/site-packages/airflow/example_dags/example_params_ui_tutorial.py
[2025-03-06T23:56:10.661+0100] {logging_mixin.py:190} INFO - [2025-03-06T23:56:10.661+0100] {dag.py:3239} INFO - Sync 1 DAGs
[2025-03-06T23:56:10.671+0100] {logging_mixin.py:190} INFO - [2025-03-06T23:56:10.671+0100] {dag.py:4180} INFO - Setting next_dagrun for example_params_ui_tutorial to None, run_after=None
[2025-03-06T23:56:10.689+0100] {processor.py:208} INFO - Processing /home/erij/Erij_Mazouz_4DS8_churn_ml_project/venv/lib/python3.8/site-packages/airflow/example_dags/example_params_ui_tutorial.py took 0.078 seconds
[2025-03-06T23:57:04.331+0100] {processor.py:186} INFO - Started process (PID=59330) to work on /home/erij/Erij_Mazouz_4DS8_churn_ml_project/venv/lib/python3.8/site-packages/airflow/example_dags/example_params_ui_tutorial.py
[2025-03-06T23:57:04.332+0100] {processor.py:914} INFO - Processing file /home/erij/Erij_Mazouz_4DS8_churn_ml_project/venv/lib/python3.8/site-packages/airflow/example_dags/example_params_ui_tutorial.py for tasks to queue
[2025-03-06T23:57:04.335+0100] {logging_mixin.py:190} INFO - [2025-03-06T23:57:04.334+0100] {dagbag.py:588} INFO - Filling up the DagBag from /home/erij/Erij_Mazouz_4DS8_churn_ml_project/venv/lib/python3.8/site-packages/airflow/example_dags/example_params_ui_tutorial.py
[2025-03-06T23:57:04.343+0100] {processor.py:925} INFO - DAG(s) 'example_params_ui_tutorial' retrieved from /home/erij/Erij_Mazouz_4DS8_churn_ml_project/venv/lib/python3.8/site-packages/airflow/example_dags/example_params_ui_tutorial.py
[2025-03-06T23:57:04.385+0100] {logging_mixin.py:190} INFO - [2025-03-06T23:57:04.385+0100] {dag.py:3239} INFO - Sync 1 DAGs
[2025-03-06T23:57:04.396+0100] {logging_mixin.py:190} INFO - [2025-03-06T23:57:04.396+0100] {dag.py:4180} INFO - Setting next_dagrun for example_params_ui_tutorial to None, run_after=None
[2025-03-06T23:57:04.413+0100] {processor.py:208} INFO - Processing /home/erij/Erij_Mazouz_4DS8_churn_ml_project/venv/lib/python3.8/site-packages/airflow/example_dags/example_params_ui_tutorial.py took 0.088 seconds
[2025-03-06T23:58:01.128+0100] {processor.py:186} INFO - Started process (PID=59467) to work on /home/erij/Erij_Mazouz_4DS8_churn_ml_project/venv/lib/python3.8/site-packages/airflow/example_dags/example_params_ui_tutorial.py
[2025-03-06T23:58:01.130+0100] {processor.py:914} INFO - Processing file /home/erij/Erij_Mazouz_4DS8_churn_ml_project/venv/lib/python3.8/site-packages/airflow/example_dags/example_params_ui_tutorial.py for tasks to queue
[2025-03-06T23:58:01.132+0100] {logging_mixin.py:190} INFO - [2025-03-06T23:58:01.131+0100] {dagbag.py:588} INFO - Filling up the DagBag from /home/erij/Erij_Mazouz_4DS8_churn_ml_project/venv/lib/python3.8/site-packages/airflow/example_dags/example_params_ui_tutorial.py
[2025-03-06T23:58:01.140+0100] {processor.py:925} INFO - DAG(s) 'example_params_ui_tutorial' retrieved from /home/erij/Erij_Mazouz_4DS8_churn_ml_project/venv/lib/python3.8/site-packages/airflow/example_dags/example_params_ui_tutorial.py
[2025-03-06T23:58:01.177+0100] {logging_mixin.py:190} INFO - [2025-03-06T23:58:01.177+0100] {dag.py:3239} INFO - Sync 1 DAGs
[2025-03-06T23:58:01.189+0100] {logging_mixin.py:190} INFO - [2025-03-06T23:58:01.188+0100] {dag.py:4180} INFO - Setting next_dagrun for example_params_ui_tutorial to None, run_after=None
[2025-03-06T23:58:01.208+0100] {processor.py:208} INFO - Processing /home/erij/Erij_Mazouz_4DS8_churn_ml_project/venv/lib/python3.8/site-packages/airflow/example_dags/example_params_ui_tutorial.py took 0.086 seconds
[2025-03-06T23:58:52.496+0100] {processor.py:186} INFO - Started process (PID=59615) to work on /home/erij/Erij_Mazouz_4DS8_churn_ml_project/venv/lib/python3.8/site-packages/airflow/example_dags/example_params_ui_tutorial.py
[2025-03-06T23:58:52.498+0100] {processor.py:914} INFO - Processing file /home/erij/Erij_Mazouz_4DS8_churn_ml_project/venv/lib/python3.8/site-packages/airflow/example_dags/example_params_ui_tutorial.py for tasks to queue
[2025-03-06T23:58:52.501+0100] {logging_mixin.py:190} INFO - [2025-03-06T23:58:52.501+0100] {dagbag.py:588} INFO - Filling up the DagBag from /home/erij/Erij_Mazouz_4DS8_churn_ml_project/venv/lib/python3.8/site-packages/airflow/example_dags/example_params_ui_tutorial.py
[2025-03-06T23:58:52.508+0100] {processor.py:925} INFO - DAG(s) 'example_params_ui_tutorial' retrieved from /home/erij/Erij_Mazouz_4DS8_churn_ml_project/venv/lib/python3.8/site-packages/airflow/example_dags/example_params_ui_tutorial.py
[2025-03-06T23:58:52.541+0100] {logging_mixin.py:190} INFO - [2025-03-06T23:58:52.541+0100] {dag.py:3239} INFO - Sync 1 DAGs
[2025-03-06T23:58:52.551+0100] {logging_mixin.py:190} INFO - [2025-03-06T23:58:52.551+0100] {dag.py:4180} INFO - Setting next_dagrun for example_params_ui_tutorial to None, run_after=None
[2025-03-06T23:58:52.568+0100] {processor.py:208} INFO - Processing /home/erij/Erij_Mazouz_4DS8_churn_ml_project/venv/lib/python3.8/site-packages/airflow/example_dags/example_params_ui_tutorial.py took 0.080 seconds
[2025-03-06T23:59:42.338+0100] {processor.py:186} INFO - Started process (PID=59757) to work on /home/erij/Erij_Mazouz_4DS8_churn_ml_project/venv/lib/python3.8/site-packages/airflow/example_dags/example_params_ui_tutorial.py
[2025-03-06T23:59:42.341+0100] {processor.py:914} INFO - Processing file /home/erij/Erij_Mazouz_4DS8_churn_ml_project/venv/lib/python3.8/site-packages/airflow/example_dags/example_params_ui_tutorial.py for tasks to queue
[2025-03-06T23:59:42.342+0100] {logging_mixin.py:190} INFO - [2025-03-06T23:59:42.342+0100] {dagbag.py:588} INFO - Filling up the DagBag from /home/erij/Erij_Mazouz_4DS8_churn_ml_project/venv/lib/python3.8/site-packages/airflow/example_dags/example_params_ui_tutorial.py
[2025-03-06T23:59:42.350+0100] {processor.py:925} INFO - DAG(s) 'example_params_ui_tutorial' retrieved from /home/erij/Erij_Mazouz_4DS8_churn_ml_project/venv/lib/python3.8/site-packages/airflow/example_dags/example_params_ui_tutorial.py
[2025-03-06T23:59:42.390+0100] {logging_mixin.py:190} INFO - [2025-03-06T23:59:42.390+0100] {dag.py:3239} INFO - Sync 1 DAGs
[2025-03-06T23:59:42.401+0100] {logging_mixin.py:190} INFO - [2025-03-06T23:59:42.401+0100] {dag.py:4180} INFO - Setting next_dagrun for example_params_ui_tutorial to None, run_after=None
[2025-03-06T23:59:42.418+0100] {processor.py:208} INFO - Processing /home/erij/Erij_Mazouz_4DS8_churn_ml_project/venv/lib/python3.8/site-packages/airflow/example_dags/example_params_ui_tutorial.py took 0.084 seconds
[2025-03-07T00:00:35.916+0100] {processor.py:186} INFO - Started process (PID=59950) to work on /home/erij/Erij_Mazouz_4DS8_churn_ml_project/venv/lib/python3.8/site-packages/airflow/example_dags/example_params_ui_tutorial.py
[2025-03-07T00:00:35.917+0100] {processor.py:914} INFO - Processing file /home/erij/Erij_Mazouz_4DS8_churn_ml_project/venv/lib/python3.8/site-packages/airflow/example_dags/example_params_ui_tutorial.py for tasks to queue
[2025-03-07T00:00:35.919+0100] {logging_mixin.py:190} INFO - [2025-03-07T00:00:35.919+0100] {dagbag.py:588} INFO - Filling up the DagBag from /home/erij/Erij_Mazouz_4DS8_churn_ml_project/venv/lib/python3.8/site-packages/airflow/example_dags/example_params_ui_tutorial.py
[2025-03-07T00:00:35.928+0100] {processor.py:925} INFO - DAG(s) 'example_params_ui_tutorial' retrieved from /home/erij/Erij_Mazouz_4DS8_churn_ml_project/venv/lib/python3.8/site-packages/airflow/example_dags/example_params_ui_tutorial.py
[2025-03-07T00:00:36.033+0100] {logging_mixin.py:190} INFO - [2025-03-07T00:00:36.033+0100] {dag.py:3239} INFO - Sync 1 DAGs
[2025-03-07T00:00:36.046+0100] {logging_mixin.py:190} INFO - [2025-03-07T00:00:36.045+0100] {dag.py:4180} INFO - Setting next_dagrun for example_params_ui_tutorial to None, run_after=None
[2025-03-07T00:00:36.067+0100] {processor.py:208} INFO - Processing /home/erij/Erij_Mazouz_4DS8_churn_ml_project/venv/lib/python3.8/site-packages/airflow/example_dags/example_params_ui_tutorial.py took 0.156 seconds
[2025-03-07T00:01:28.213+0100] {processor.py:186} INFO - Started process (PID=60119) to work on /home/erij/Erij_Mazouz_4DS8_churn_ml_project/venv/lib/python3.8/site-packages/airflow/example_dags/example_params_ui_tutorial.py
[2025-03-07T00:01:28.214+0100] {processor.py:914} INFO - Processing file /home/erij/Erij_Mazouz_4DS8_churn_ml_project/venv/lib/python3.8/site-packages/airflow/example_dags/example_params_ui_tutorial.py for tasks to queue
[2025-03-07T00:01:28.216+0100] {logging_mixin.py:190} INFO - [2025-03-07T00:01:28.216+0100] {dagbag.py:588} INFO - Filling up the DagBag from /home/erij/Erij_Mazouz_4DS8_churn_ml_project/venv/lib/python3.8/site-packages/airflow/example_dags/example_params_ui_tutorial.py
[2025-03-07T00:01:28.224+0100] {processor.py:925} INFO - DAG(s) 'example_params_ui_tutorial' retrieved from /home/erij/Erij_Mazouz_4DS8_churn_ml_project/venv/lib/python3.8/site-packages/airflow/example_dags/example_params_ui_tutorial.py
[2025-03-07T00:01:28.264+0100] {logging_mixin.py:190} INFO - [2025-03-07T00:01:28.264+0100] {dag.py:3239} INFO - Sync 1 DAGs
[2025-03-07T00:01:28.275+0100] {logging_mixin.py:190} INFO - [2025-03-07T00:01:28.275+0100] {dag.py:4180} INFO - Setting next_dagrun for example_params_ui_tutorial to None, run_after=None
[2025-03-07T00:01:28.293+0100] {processor.py:208} INFO - Processing /home/erij/Erij_Mazouz_4DS8_churn_ml_project/venv/lib/python3.8/site-packages/airflow/example_dags/example_params_ui_tutorial.py took 0.085 seconds
[2025-03-07T00:02:24.947+0100] {processor.py:186} INFO - Started process (PID=60340) to work on /home/erij/Erij_Mazouz_4DS8_churn_ml_project/venv/lib/python3.8/site-packages/airflow/example_dags/example_params_ui_tutorial.py
[2025-03-07T00:02:24.949+0100] {processor.py:914} INFO - Processing file /home/erij/Erij_Mazouz_4DS8_churn_ml_project/venv/lib/python3.8/site-packages/airflow/example_dags/example_params_ui_tutorial.py for tasks to queue
[2025-03-07T00:02:24.951+0100] {logging_mixin.py:190} INFO - [2025-03-07T00:02:24.951+0100] {dagbag.py:588} INFO - Filling up the DagBag from /home/erij/Erij_Mazouz_4DS8_churn_ml_project/venv/lib/python3.8/site-packages/airflow/example_dags/example_params_ui_tutorial.py
[2025-03-07T00:02:24.961+0100] {processor.py:925} INFO - DAG(s) 'example_params_ui_tutorial' retrieved from /home/erij/Erij_Mazouz_4DS8_churn_ml_project/venv/lib/python3.8/site-packages/airflow/example_dags/example_params_ui_tutorial.py
[2025-03-07T00:02:25.000+0100] {logging_mixin.py:190} INFO - [2025-03-07T00:02:24.999+0100] {dag.py:3239} INFO - Sync 1 DAGs
[2025-03-07T00:02:25.011+0100] {logging_mixin.py:190} INFO - [2025-03-07T00:02:25.011+0100] {dag.py:4180} INFO - Setting next_dagrun for example_params_ui_tutorial to None, run_after=None
[2025-03-07T00:02:25.030+0100] {processor.py:208} INFO - Processing /home/erij/Erij_Mazouz_4DS8_churn_ml_project/venv/lib/python3.8/site-packages/airflow/example_dags/example_params_ui_tutorial.py took 0.089 seconds
