[2025-03-06T23:39:07.452+0100] {processor.py:186} INFO - Started process (PID=55904) to work on /home/erij/Erij_Mazouz_4DS8_churn_ml_project/venv/lib/python3.8/site-packages/airflow/example_dags/example_time_delta_sensor_async.py
[2025-03-06T23:39:07.453+0100] {processor.py:914} INFO - Processing file /home/erij/Erij_Mazouz_4DS8_churn_ml_project/venv/lib/python3.8/site-packages/airflow/example_dags/example_time_delta_sensor_async.py for tasks to queue
[2025-03-06T23:39:07.455+0100] {logging_mixin.py:190} INFO - [2025-03-06T23:39:07.455+0100] {dagbag.py:588} INFO - Filling up the DagBag from /home/erij/Erij_Mazouz_4DS8_churn_ml_project/venv/lib/python3.8/site-packages/airflow/example_dags/example_time_delta_sensor_async.py
[2025-03-06T23:39:07.463+0100] {processor.py:925} INFO - DAG(s) 'example_time_delta_sensor_async' retrieved from /home/erij/Erij_Mazouz_4DS8_churn_ml_project/venv/lib/python3.8/site-packages/airflow/example_dags/example_time_delta_sensor_async.py
[2025-03-06T23:39:07.481+0100] {logging_mixin.py:190} INFO - [2025-03-06T23:39:07.480+0100] {dag.py:3239} INFO - Sync 1 DAGs
[2025-03-06T23:39:07.496+0100] {logging_mixin.py:190} INFO - [2025-03-06T23:39:07.496+0100] {dag.py:4180} INFO - Setting next_dagrun for example_time_delta_sensor_async to None, run_after=None
[2025-03-06T23:39:07.517+0100] {processor.py:208} INFO - Processing /home/erij/Erij_Mazouz_4DS8_churn_ml_project/venv/lib/python3.8/site-packages/airflow/example_dags/example_time_delta_sensor_async.py took 0.072 seconds
[2025-03-06T23:40:34.520+0100] {processor.py:186} INFO - Started process (PID=56487) to work on /home/erij/Erij_Mazouz_4DS8_churn_ml_project/venv/lib/python3.8/site-packages/airflow/example_dags/example_time_delta_sensor_async.py
[2025-03-06T23:40:34.522+0100] {processor.py:914} INFO - Processing file /home/erij/Erij_Mazouz_4DS8_churn_ml_project/venv/lib/python3.8/site-packages/airflow/example_dags/example_time_delta_sensor_async.py for tasks to queue
[2025-03-06T23:40:34.524+0100] {logging_mixin.py:190} INFO - [2025-03-06T23:40:34.524+0100] {dagbag.py:588} INFO - Filling up the DagBag from /home/erij/Erij_Mazouz_4DS8_churn_ml_project/venv/lib/python3.8/site-packages/airflow/example_dags/example_time_delta_sensor_async.py
[2025-03-06T23:40:34.530+0100] {processor.py:925} INFO - DAG(s) 'example_time_delta_sensor_async' retrieved from /home/erij/Erij_Mazouz_4DS8_churn_ml_project/venv/lib/python3.8/site-packages/airflow/example_dags/example_time_delta_sensor_async.py
[2025-03-06T23:40:34.541+0100] {logging_mixin.py:190} INFO - [2025-03-06T23:40:34.540+0100] {dag.py:3239} INFO - Sync 1 DAGs
[2025-03-06T23:40:34.551+0100] {logging_mixin.py:190} INFO - [2025-03-06T23:40:34.550+0100] {dag.py:4180} INFO - Setting next_dagrun for example_time_delta_sensor_async to None, run_after=None
[2025-03-06T23:40:34.568+0100] {processor.py:208} INFO - Processing /home/erij/Erij_Mazouz_4DS8_churn_ml_project/venv/lib/python3.8/site-packages/airflow/example_dags/example_time_delta_sensor_async.py took 0.052 seconds
[2025-03-06T23:41:19.235+0100] {processor.py:186} INFO - Started process (PID=56586) to work on /home/erij/Erij_Mazouz_4DS8_churn_ml_project/venv/lib/python3.8/site-packages/airflow/example_dags/example_time_delta_sensor_async.py
[2025-03-06T23:41:19.237+0100] {processor.py:914} INFO - Processing file /home/erij/Erij_Mazouz_4DS8_churn_ml_project/venv/lib/python3.8/site-packages/airflow/example_dags/example_time_delta_sensor_async.py for tasks to queue
[2025-03-06T23:41:19.240+0100] {logging_mixin.py:190} INFO - [2025-03-06T23:41:19.239+0100] {dagbag.py:588} INFO - Filling up the DagBag from /home/erij/Erij_Mazouz_4DS8_churn_ml_project/venv/lib/python3.8/site-packages/airflow/example_dags/example_time_delta_sensor_async.py
[2025-03-06T23:41:19.248+0100] {processor.py:925} INFO - DAG(s) 'example_time_delta_sensor_async' retrieved from /home/erij/Erij_Mazouz_4DS8_churn_ml_project/venv/lib/python3.8/site-packages/airflow/example_dags/example_time_delta_sensor_async.py
[2025-03-06T23:41:19.264+0100] {logging_mixin.py:190} INFO - [2025-03-06T23:41:19.264+0100] {dag.py:3239} INFO - Sync 1 DAGs
[2025-03-06T23:41:19.278+0100] {logging_mixin.py:190} INFO - [2025-03-06T23:41:19.277+0100] {dag.py:4180} INFO - Setting next_dagrun for example_time_delta_sensor_async to None, run_after=None
[2025-03-06T23:41:19.298+0100] {processor.py:208} INFO - Processing /home/erij/Erij_Mazouz_4DS8_churn_ml_project/venv/lib/python3.8/site-packages/airflow/example_dags/example_time_delta_sensor_async.py took 0.069 seconds
[2025-03-06T23:42:15.100+0100] {processor.py:186} INFO - Started process (PID=56731) to work on /home/erij/Erij_Mazouz_4DS8_churn_ml_project/venv/lib/python3.8/site-packages/airflow/example_dags/example_time_delta_sensor_async.py
[2025-03-06T23:42:15.102+0100] {processor.py:914} INFO - Processing file /home/erij/Erij_Mazouz_4DS8_churn_ml_project/venv/lib/python3.8/site-packages/airflow/example_dags/example_time_delta_sensor_async.py for tasks to queue
[2025-03-06T23:42:15.104+0100] {logging_mixin.py:190} INFO - [2025-03-06T23:42:15.104+0100] {dagbag.py:588} INFO - Filling up the DagBag from /home/erij/Erij_Mazouz_4DS8_churn_ml_project/venv/lib/python3.8/site-packages/airflow/example_dags/example_time_delta_sensor_async.py
[2025-03-06T23:42:15.111+0100] {processor.py:925} INFO - DAG(s) 'example_time_delta_sensor_async' retrieved from /home/erij/Erij_Mazouz_4DS8_churn_ml_project/venv/lib/python3.8/site-packages/airflow/example_dags/example_time_delta_sensor_async.py
[2025-03-06T23:42:15.124+0100] {logging_mixin.py:190} INFO - [2025-03-06T23:42:15.123+0100] {dag.py:3239} INFO - Sync 1 DAGs
[2025-03-06T23:42:15.134+0100] {logging_mixin.py:190} INFO - [2025-03-06T23:42:15.134+0100] {dag.py:4180} INFO - Setting next_dagrun for example_time_delta_sensor_async to None, run_after=None
[2025-03-06T23:42:15.152+0100] {processor.py:208} INFO - Processing /home/erij/Erij_Mazouz_4DS8_churn_ml_project/venv/lib/python3.8/site-packages/airflow/example_dags/example_time_delta_sensor_async.py took 0.058 seconds
[2025-03-06T23:43:08.831+0100] {processor.py:186} INFO - Started process (PID=56847) to work on /home/erij/Erij_Mazouz_4DS8_churn_ml_project/venv/lib/python3.8/site-packages/airflow/example_dags/example_time_delta_sensor_async.py
[2025-03-06T23:43:08.833+0100] {processor.py:914} INFO - Processing file /home/erij/Erij_Mazouz_4DS8_churn_ml_project/venv/lib/python3.8/site-packages/airflow/example_dags/example_time_delta_sensor_async.py for tasks to queue
[2025-03-06T23:43:08.835+0100] {logging_mixin.py:190} INFO - [2025-03-06T23:43:08.835+0100] {dagbag.py:588} INFO - Filling up the DagBag from /home/erij/Erij_Mazouz_4DS8_churn_ml_project/venv/lib/python3.8/site-packages/airflow/example_dags/example_time_delta_sensor_async.py
[2025-03-06T23:43:08.842+0100] {processor.py:925} INFO - DAG(s) 'example_time_delta_sensor_async' retrieved from /home/erij/Erij_Mazouz_4DS8_churn_ml_project/venv/lib/python3.8/site-packages/airflow/example_dags/example_time_delta_sensor_async.py
[2025-03-06T23:43:08.855+0100] {logging_mixin.py:190} INFO - [2025-03-06T23:43:08.855+0100] {dag.py:3239} INFO - Sync 1 DAGs
[2025-03-06T23:43:08.867+0100] {logging_mixin.py:190} INFO - [2025-03-06T23:43:08.867+0100] {dag.py:4180} INFO - Setting next_dagrun for example_time_delta_sensor_async to None, run_after=None
[2025-03-06T23:43:08.886+0100] {processor.py:208} INFO - Processing /home/erij/Erij_Mazouz_4DS8_churn_ml_project/venv/lib/python3.8/site-packages/airflow/example_dags/example_time_delta_sensor_async.py took 0.061 seconds
[2025-03-06T23:44:01.238+0100] {processor.py:186} INFO - Started process (PID=56962) to work on /home/erij/Erij_Mazouz_4DS8_churn_ml_project/venv/lib/python3.8/site-packages/airflow/example_dags/example_time_delta_sensor_async.py
[2025-03-06T23:44:01.239+0100] {processor.py:914} INFO - Processing file /home/erij/Erij_Mazouz_4DS8_churn_ml_project/venv/lib/python3.8/site-packages/airflow/example_dags/example_time_delta_sensor_async.py for tasks to queue
[2025-03-06T23:44:01.241+0100] {logging_mixin.py:190} INFO - [2025-03-06T23:44:01.240+0100] {dagbag.py:588} INFO - Filling up the DagBag from /home/erij/Erij_Mazouz_4DS8_churn_ml_project/venv/lib/python3.8/site-packages/airflow/example_dags/example_time_delta_sensor_async.py
[2025-03-06T23:44:01.246+0100] {processor.py:925} INFO - DAG(s) 'example_time_delta_sensor_async' retrieved from /home/erij/Erij_Mazouz_4DS8_churn_ml_project/venv/lib/python3.8/site-packages/airflow/example_dags/example_time_delta_sensor_async.py
[2025-03-06T23:44:01.257+0100] {logging_mixin.py:190} INFO - [2025-03-06T23:44:01.257+0100] {dag.py:3239} INFO - Sync 1 DAGs
[2025-03-06T23:44:01.268+0100] {logging_mixin.py:190} INFO - [2025-03-06T23:44:01.267+0100] {dag.py:4180} INFO - Setting next_dagrun for example_time_delta_sensor_async to None, run_after=None
[2025-03-06T23:44:01.285+0100] {processor.py:208} INFO - Processing /home/erij/Erij_Mazouz_4DS8_churn_ml_project/venv/lib/python3.8/site-packages/airflow/example_dags/example_time_delta_sensor_async.py took 0.052 seconds
[2025-03-06T23:44:54.816+0100] {processor.py:186} INFO - Started process (PID=57120) to work on /home/erij/Erij_Mazouz_4DS8_churn_ml_project/venv/lib/python3.8/site-packages/airflow/example_dags/example_time_delta_sensor_async.py
[2025-03-06T23:44:54.818+0100] {processor.py:914} INFO - Processing file /home/erij/Erij_Mazouz_4DS8_churn_ml_project/venv/lib/python3.8/site-packages/airflow/example_dags/example_time_delta_sensor_async.py for tasks to queue
[2025-03-06T23:44:54.820+0100] {logging_mixin.py:190} INFO - [2025-03-06T23:44:54.820+0100] {dagbag.py:588} INFO - Filling up the DagBag from /home/erij/Erij_Mazouz_4DS8_churn_ml_project/venv/lib/python3.8/site-packages/airflow/example_dags/example_time_delta_sensor_async.py
[2025-03-06T23:44:54.826+0100] {processor.py:925} INFO - DAG(s) 'example_time_delta_sensor_async' retrieved from /home/erij/Erij_Mazouz_4DS8_churn_ml_project/venv/lib/python3.8/site-packages/airflow/example_dags/example_time_delta_sensor_async.py
[2025-03-06T23:44:54.838+0100] {logging_mixin.py:190} INFO - [2025-03-06T23:44:54.837+0100] {dag.py:3239} INFO - Sync 1 DAGs
[2025-03-06T23:44:54.848+0100] {logging_mixin.py:190} INFO - [2025-03-06T23:44:54.848+0100] {dag.py:4180} INFO - Setting next_dagrun for example_time_delta_sensor_async to None, run_after=None
[2025-03-06T23:44:54.877+0100] {processor.py:208} INFO - Processing /home/erij/Erij_Mazouz_4DS8_churn_ml_project/venv/lib/python3.8/site-packages/airflow/example_dags/example_time_delta_sensor_async.py took 0.066 seconds
[2025-03-06T23:45:52.262+0100] {processor.py:186} INFO - Started process (PID=57236) to work on /home/erij/Erij_Mazouz_4DS8_churn_ml_project/venv/lib/python3.8/site-packages/airflow/example_dags/example_time_delta_sensor_async.py
[2025-03-06T23:45:52.264+0100] {processor.py:914} INFO - Processing file /home/erij/Erij_Mazouz_4DS8_churn_ml_project/venv/lib/python3.8/site-packages/airflow/example_dags/example_time_delta_sensor_async.py for tasks to queue
[2025-03-06T23:45:52.266+0100] {logging_mixin.py:190} INFO - [2025-03-06T23:45:52.266+0100] {dagbag.py:588} INFO - Filling up the DagBag from /home/erij/Erij_Mazouz_4DS8_churn_ml_project/venv/lib/python3.8/site-packages/airflow/example_dags/example_time_delta_sensor_async.py
[2025-03-06T23:45:52.272+0100] {processor.py:925} INFO - DAG(s) 'example_time_delta_sensor_async' retrieved from /home/erij/Erij_Mazouz_4DS8_churn_ml_project/venv/lib/python3.8/site-packages/airflow/example_dags/example_time_delta_sensor_async.py
[2025-03-06T23:45:52.284+0100] {logging_mixin.py:190} INFO - [2025-03-06T23:45:52.284+0100] {dag.py:3239} INFO - Sync 1 DAGs
[2025-03-06T23:45:52.296+0100] {logging_mixin.py:190} INFO - [2025-03-06T23:45:52.296+0100] {dag.py:4180} INFO - Setting next_dagrun for example_time_delta_sensor_async to None, run_after=None
[2025-03-06T23:45:52.324+0100] {processor.py:208} INFO - Processing /home/erij/Erij_Mazouz_4DS8_churn_ml_project/venv/lib/python3.8/site-packages/airflow/example_dags/example_time_delta_sensor_async.py took 0.067 seconds
[2025-03-06T23:46:49.511+0100] {processor.py:186} INFO - Started process (PID=57355) to work on /home/erij/Erij_Mazouz_4DS8_churn_ml_project/venv/lib/python3.8/site-packages/airflow/example_dags/example_time_delta_sensor_async.py
[2025-03-06T23:46:49.514+0100] {processor.py:914} INFO - Processing file /home/erij/Erij_Mazouz_4DS8_churn_ml_project/venv/lib/python3.8/site-packages/airflow/example_dags/example_time_delta_sensor_async.py for tasks to queue
[2025-03-06T23:46:49.515+0100] {logging_mixin.py:190} INFO - [2025-03-06T23:46:49.515+0100] {dagbag.py:588} INFO - Filling up the DagBag from /home/erij/Erij_Mazouz_4DS8_churn_ml_project/venv/lib/python3.8/site-packages/airflow/example_dags/example_time_delta_sensor_async.py
[2025-03-06T23:46:49.521+0100] {processor.py:925} INFO - DAG(s) 'example_time_delta_sensor_async' retrieved from /home/erij/Erij_Mazouz_4DS8_churn_ml_project/venv/lib/python3.8/site-packages/airflow/example_dags/example_time_delta_sensor_async.py
[2025-03-06T23:46:49.532+0100] {logging_mixin.py:190} INFO - [2025-03-06T23:46:49.532+0100] {dag.py:3239} INFO - Sync 1 DAGs
[2025-03-06T23:46:49.543+0100] {logging_mixin.py:190} INFO - [2025-03-06T23:46:49.543+0100] {dag.py:4180} INFO - Setting next_dagrun for example_time_delta_sensor_async to None, run_after=None
[2025-03-06T23:46:49.561+0100] {processor.py:208} INFO - Processing /home/erij/Erij_Mazouz_4DS8_churn_ml_project/venv/lib/python3.8/site-packages/airflow/example_dags/example_time_delta_sensor_async.py took 0.054 seconds
[2025-03-06T23:47:44.252+0100] {processor.py:186} INFO - Started process (PID=57464) to work on /home/erij/Erij_Mazouz_4DS8_churn_ml_project/venv/lib/python3.8/site-packages/airflow/example_dags/example_time_delta_sensor_async.py
[2025-03-06T23:47:44.254+0100] {processor.py:914} INFO - Processing file /home/erij/Erij_Mazouz_4DS8_churn_ml_project/venv/lib/python3.8/site-packages/airflow/example_dags/example_time_delta_sensor_async.py for tasks to queue
[2025-03-06T23:47:44.256+0100] {logging_mixin.py:190} INFO - [2025-03-06T23:47:44.256+0100] {dagbag.py:588} INFO - Filling up the DagBag from /home/erij/Erij_Mazouz_4DS8_churn_ml_project/venv/lib/python3.8/site-packages/airflow/example_dags/example_time_delta_sensor_async.py
[2025-03-06T23:47:44.264+0100] {processor.py:925} INFO - DAG(s) 'example_time_delta_sensor_async' retrieved from /home/erij/Erij_Mazouz_4DS8_churn_ml_project/venv/lib/python3.8/site-packages/airflow/example_dags/example_time_delta_sensor_async.py
[2025-03-06T23:47:44.277+0100] {logging_mixin.py:190} INFO - [2025-03-06T23:47:44.277+0100] {dag.py:3239} INFO - Sync 1 DAGs
[2025-03-06T23:47:44.289+0100] {logging_mixin.py:190} INFO - [2025-03-06T23:47:44.289+0100] {dag.py:4180} INFO - Setting next_dagrun for example_time_delta_sensor_async to None, run_after=None
[2025-03-06T23:47:44.306+0100] {processor.py:208} INFO - Processing /home/erij/Erij_Mazouz_4DS8_churn_ml_project/venv/lib/python3.8/site-packages/airflow/example_dags/example_time_delta_sensor_async.py took 0.060 seconds
[2025-03-06T23:48:42.770+0100] {processor.py:186} INFO - Started process (PID=57582) to work on /home/erij/Erij_Mazouz_4DS8_churn_ml_project/venv/lib/python3.8/site-packages/airflow/example_dags/example_time_delta_sensor_async.py
[2025-03-06T23:48:42.771+0100] {processor.py:914} INFO - Processing file /home/erij/Erij_Mazouz_4DS8_churn_ml_project/venv/lib/python3.8/site-packages/airflow/example_dags/example_time_delta_sensor_async.py for tasks to queue
[2025-03-06T23:48:42.773+0100] {logging_mixin.py:190} INFO - [2025-03-06T23:48:42.772+0100] {dagbag.py:588} INFO - Filling up the DagBag from /home/erij/Erij_Mazouz_4DS8_churn_ml_project/venv/lib/python3.8/site-packages/airflow/example_dags/example_time_delta_sensor_async.py
[2025-03-06T23:48:42.778+0100] {processor.py:925} INFO - DAG(s) 'example_time_delta_sensor_async' retrieved from /home/erij/Erij_Mazouz_4DS8_churn_ml_project/venv/lib/python3.8/site-packages/airflow/example_dags/example_time_delta_sensor_async.py
[2025-03-06T23:48:42.789+0100] {logging_mixin.py:190} INFO - [2025-03-06T23:48:42.789+0100] {dag.py:3239} INFO - Sync 1 DAGs
[2025-03-06T23:48:42.799+0100] {logging_mixin.py:190} INFO - [2025-03-06T23:48:42.799+0100] {dag.py:4180} INFO - Setting next_dagrun for example_time_delta_sensor_async to None, run_after=None
[2025-03-06T23:48:42.816+0100] {processor.py:208} INFO - Processing /home/erij/Erij_Mazouz_4DS8_churn_ml_project/venv/lib/python3.8/site-packages/airflow/example_dags/example_time_delta_sensor_async.py took 0.051 seconds
[2025-03-06T23:49:37.523+0100] {processor.py:186} INFO - Started process (PID=57698) to work on /home/erij/Erij_Mazouz_4DS8_churn_ml_project/venv/lib/python3.8/site-packages/airflow/example_dags/example_time_delta_sensor_async.py
[2025-03-06T23:49:37.524+0100] {processor.py:914} INFO - Processing file /home/erij/Erij_Mazouz_4DS8_churn_ml_project/venv/lib/python3.8/site-packages/airflow/example_dags/example_time_delta_sensor_async.py for tasks to queue
[2025-03-06T23:49:37.526+0100] {logging_mixin.py:190} INFO - [2025-03-06T23:49:37.526+0100] {dagbag.py:588} INFO - Filling up the DagBag from /home/erij/Erij_Mazouz_4DS8_churn_ml_project/venv/lib/python3.8/site-packages/airflow/example_dags/example_time_delta_sensor_async.py
[2025-03-06T23:49:37.533+0100] {processor.py:925} INFO - DAG(s) 'example_time_delta_sensor_async' retrieved from /home/erij/Erij_Mazouz_4DS8_churn_ml_project/venv/lib/python3.8/site-packages/airflow/example_dags/example_time_delta_sensor_async.py
[2025-03-06T23:49:37.547+0100] {logging_mixin.py:190} INFO - [2025-03-06T23:49:37.547+0100] {dag.py:3239} INFO - Sync 1 DAGs
[2025-03-06T23:49:37.559+0100] {logging_mixin.py:190} INFO - [2025-03-06T23:49:37.559+0100] {dag.py:4180} INFO - Setting next_dagrun for example_time_delta_sensor_async to None, run_after=None
[2025-03-06T23:49:37.578+0100] {processor.py:208} INFO - Processing /home/erij/Erij_Mazouz_4DS8_churn_ml_project/venv/lib/python3.8/site-packages/airflow/example_dags/example_time_delta_sensor_async.py took 0.062 seconds
[2025-03-06T23:50:32.418+0100] {processor.py:186} INFO - Started process (PID=57806) to work on /home/erij/Erij_Mazouz_4DS8_churn_ml_project/venv/lib/python3.8/site-packages/airflow/example_dags/example_time_delta_sensor_async.py
[2025-03-06T23:50:32.420+0100] {processor.py:914} INFO - Processing file /home/erij/Erij_Mazouz_4DS8_churn_ml_project/venv/lib/python3.8/site-packages/airflow/example_dags/example_time_delta_sensor_async.py for tasks to queue
[2025-03-06T23:50:32.422+0100] {logging_mixin.py:190} INFO - [2025-03-06T23:50:32.422+0100] {dagbag.py:588} INFO - Filling up the DagBag from /home/erij/Erij_Mazouz_4DS8_churn_ml_project/venv/lib/python3.8/site-packages/airflow/example_dags/example_time_delta_sensor_async.py
[2025-03-06T23:50:32.428+0100] {processor.py:925} INFO - DAG(s) 'example_time_delta_sensor_async' retrieved from /home/erij/Erij_Mazouz_4DS8_churn_ml_project/venv/lib/python3.8/site-packages/airflow/example_dags/example_time_delta_sensor_async.py
[2025-03-06T23:50:32.438+0100] {logging_mixin.py:190} INFO - [2025-03-06T23:50:32.438+0100] {dag.py:3239} INFO - Sync 1 DAGs
[2025-03-06T23:50:32.449+0100] {logging_mixin.py:190} INFO - [2025-03-06T23:50:32.448+0100] {dag.py:4180} INFO - Setting next_dagrun for example_time_delta_sensor_async to None, run_after=None
[2025-03-06T23:50:32.465+0100] {processor.py:208} INFO - Processing /home/erij/Erij_Mazouz_4DS8_churn_ml_project/venv/lib/python3.8/site-packages/airflow/example_dags/example_time_delta_sensor_async.py took 0.052 seconds
[2025-03-06T23:51:28.337+0100] {processor.py:186} INFO - Started process (PID=57921) to work on /home/erij/Erij_Mazouz_4DS8_churn_ml_project/venv/lib/python3.8/site-packages/airflow/example_dags/example_time_delta_sensor_async.py
[2025-03-06T23:51:28.339+0100] {processor.py:914} INFO - Processing file /home/erij/Erij_Mazouz_4DS8_churn_ml_project/venv/lib/python3.8/site-packages/airflow/example_dags/example_time_delta_sensor_async.py for tasks to queue
[2025-03-06T23:51:28.341+0100] {logging_mixin.py:190} INFO - [2025-03-06T23:51:28.341+0100] {dagbag.py:588} INFO - Filling up the DagBag from /home/erij/Erij_Mazouz_4DS8_churn_ml_project/venv/lib/python3.8/site-packages/airflow/example_dags/example_time_delta_sensor_async.py
[2025-03-06T23:51:28.347+0100] {processor.py:925} INFO - DAG(s) 'example_time_delta_sensor_async' retrieved from /home/erij/Erij_Mazouz_4DS8_churn_ml_project/venv/lib/python3.8/site-packages/airflow/example_dags/example_time_delta_sensor_async.py
[2025-03-06T23:51:28.362+0100] {logging_mixin.py:190} INFO - [2025-03-06T23:51:28.362+0100] {dag.py:3239} INFO - Sync 1 DAGs
[2025-03-06T23:51:28.374+0100] {logging_mixin.py:190} INFO - [2025-03-06T23:51:28.374+0100] {dag.py:4180} INFO - Setting next_dagrun for example_time_delta_sensor_async to None, run_after=None
[2025-03-06T23:51:28.392+0100] {processor.py:208} INFO - Processing /home/erij/Erij_Mazouz_4DS8_churn_ml_project/venv/lib/python3.8/site-packages/airflow/example_dags/example_time_delta_sensor_async.py took 0.060 seconds
[2025-03-06T23:52:23.578+0100] {processor.py:186} INFO - Started process (PID=58033) to work on /home/erij/Erij_Mazouz_4DS8_churn_ml_project/venv/lib/python3.8/site-packages/airflow/example_dags/example_time_delta_sensor_async.py
[2025-03-06T23:52:23.580+0100] {processor.py:914} INFO - Processing file /home/erij/Erij_Mazouz_4DS8_churn_ml_project/venv/lib/python3.8/site-packages/airflow/example_dags/example_time_delta_sensor_async.py for tasks to queue
[2025-03-06T23:52:23.582+0100] {logging_mixin.py:190} INFO - [2025-03-06T23:52:23.582+0100] {dagbag.py:588} INFO - Filling up the DagBag from /home/erij/Erij_Mazouz_4DS8_churn_ml_project/venv/lib/python3.8/site-packages/airflow/example_dags/example_time_delta_sensor_async.py
[2025-03-06T23:52:23.588+0100] {processor.py:925} INFO - DAG(s) 'example_time_delta_sensor_async' retrieved from /home/erij/Erij_Mazouz_4DS8_churn_ml_project/venv/lib/python3.8/site-packages/airflow/example_dags/example_time_delta_sensor_async.py
[2025-03-06T23:52:23.598+0100] {logging_mixin.py:190} INFO - [2025-03-06T23:52:23.598+0100] {dag.py:3239} INFO - Sync 1 DAGs
[2025-03-06T23:52:23.607+0100] {logging_mixin.py:190} INFO - [2025-03-06T23:52:23.607+0100] {dag.py:4180} INFO - Setting next_dagrun for example_time_delta_sensor_async to None, run_after=None
[2025-03-06T23:52:23.624+0100] {processor.py:208} INFO - Processing /home/erij/Erij_Mazouz_4DS8_churn_ml_project/venv/lib/python3.8/site-packages/airflow/example_dags/example_time_delta_sensor_async.py took 0.052 seconds
[2025-03-06T23:53:21.350+0100] {processor.py:186} INFO - Started process (PID=58149) to work on /home/erij/Erij_Mazouz_4DS8_churn_ml_project/venv/lib/python3.8/site-packages/airflow/example_dags/example_time_delta_sensor_async.py
[2025-03-06T23:53:21.353+0100] {processor.py:914} INFO - Processing file /home/erij/Erij_Mazouz_4DS8_churn_ml_project/venv/lib/python3.8/site-packages/airflow/example_dags/example_time_delta_sensor_async.py for tasks to queue
[2025-03-06T23:53:21.354+0100] {logging_mixin.py:190} INFO - [2025-03-06T23:53:21.354+0100] {dagbag.py:588} INFO - Filling up the DagBag from /home/erij/Erij_Mazouz_4DS8_churn_ml_project/venv/lib/python3.8/site-packages/airflow/example_dags/example_time_delta_sensor_async.py
[2025-03-06T23:53:21.361+0100] {processor.py:925} INFO - DAG(s) 'example_time_delta_sensor_async' retrieved from /home/erij/Erij_Mazouz_4DS8_churn_ml_project/venv/lib/python3.8/site-packages/airflow/example_dags/example_time_delta_sensor_async.py
[2025-03-06T23:53:21.373+0100] {logging_mixin.py:190} INFO - [2025-03-06T23:53:21.373+0100] {dag.py:3239} INFO - Sync 1 DAGs
[2025-03-06T23:53:21.386+0100] {logging_mixin.py:190} INFO - [2025-03-06T23:53:21.386+0100] {dag.py:4180} INFO - Setting next_dagrun for example_time_delta_sensor_async to None, run_after=None
[2025-03-06T23:53:21.403+0100] {processor.py:208} INFO - Processing /home/erij/Erij_Mazouz_4DS8_churn_ml_project/venv/lib/python3.8/site-packages/airflow/example_dags/example_time_delta_sensor_async.py took 0.058 seconds
[2025-03-06T23:54:19.155+0100] {processor.py:186} INFO - Started process (PID=58529) to work on /home/erij/Erij_Mazouz_4DS8_churn_ml_project/venv/lib/python3.8/site-packages/airflow/example_dags/example_time_delta_sensor_async.py
[2025-03-06T23:54:19.157+0100] {processor.py:914} INFO - Processing file /home/erij/Erij_Mazouz_4DS8_churn_ml_project/venv/lib/python3.8/site-packages/airflow/example_dags/example_time_delta_sensor_async.py for tasks to queue
[2025-03-06T23:54:19.159+0100] {logging_mixin.py:190} INFO - [2025-03-06T23:54:19.158+0100] {dagbag.py:588} INFO - Filling up the DagBag from /home/erij/Erij_Mazouz_4DS8_churn_ml_project/venv/lib/python3.8/site-packages/airflow/example_dags/example_time_delta_sensor_async.py
[2025-03-06T23:54:19.165+0100] {processor.py:925} INFO - DAG(s) 'example_time_delta_sensor_async' retrieved from /home/erij/Erij_Mazouz_4DS8_churn_ml_project/venv/lib/python3.8/site-packages/airflow/example_dags/example_time_delta_sensor_async.py
[2025-03-06T23:54:19.177+0100] {logging_mixin.py:190} INFO - [2025-03-06T23:54:19.177+0100] {dag.py:3239} INFO - Sync 1 DAGs
[2025-03-06T23:54:19.188+0100] {logging_mixin.py:190} INFO - [2025-03-06T23:54:19.188+0100] {dag.py:4180} INFO - Setting next_dagrun for example_time_delta_sensor_async to None, run_after=None
[2025-03-06T23:54:19.206+0100] {processor.py:208} INFO - Processing /home/erij/Erij_Mazouz_4DS8_churn_ml_project/venv/lib/python3.8/site-packages/airflow/example_dags/example_time_delta_sensor_async.py took 0.057 seconds
[2025-03-06T23:55:16.041+0100] {processor.py:186} INFO - Started process (PID=59018) to work on /home/erij/Erij_Mazouz_4DS8_churn_ml_project/venv/lib/python3.8/site-packages/airflow/example_dags/example_time_delta_sensor_async.py
[2025-03-06T23:55:16.043+0100] {processor.py:914} INFO - Processing file /home/erij/Erij_Mazouz_4DS8_churn_ml_project/venv/lib/python3.8/site-packages/airflow/example_dags/example_time_delta_sensor_async.py for tasks to queue
[2025-03-06T23:55:16.046+0100] {logging_mixin.py:190} INFO - [2025-03-06T23:55:16.045+0100] {dagbag.py:588} INFO - Filling up the DagBag from /home/erij/Erij_Mazouz_4DS8_churn_ml_project/venv/lib/python3.8/site-packages/airflow/example_dags/example_time_delta_sensor_async.py
[2025-03-06T23:55:16.052+0100] {processor.py:925} INFO - DAG(s) 'example_time_delta_sensor_async' retrieved from /home/erij/Erij_Mazouz_4DS8_churn_ml_project/venv/lib/python3.8/site-packages/airflow/example_dags/example_time_delta_sensor_async.py
[2025-03-06T23:55:16.065+0100] {logging_mixin.py:190} INFO - [2025-03-06T23:55:16.064+0100] {dag.py:3239} INFO - Sync 1 DAGs
[2025-03-06T23:55:16.076+0100] {logging_mixin.py:190} INFO - [2025-03-06T23:55:16.076+0100] {dag.py:4180} INFO - Setting next_dagrun for example_time_delta_sensor_async to None, run_after=None
[2025-03-06T23:55:16.095+0100] {processor.py:208} INFO - Processing /home/erij/Erij_Mazouz_4DS8_churn_ml_project/venv/lib/python3.8/site-packages/airflow/example_dags/example_time_delta_sensor_async.py took 0.059 seconds
[2025-03-06T23:56:16.047+0100] {processor.py:186} INFO - Started process (PID=59222) to work on /home/erij/Erij_Mazouz_4DS8_churn_ml_project/venv/lib/python3.8/site-packages/airflow/example_dags/example_time_delta_sensor_async.py
[2025-03-06T23:56:16.049+0100] {processor.py:914} INFO - Processing file /home/erij/Erij_Mazouz_4DS8_churn_ml_project/venv/lib/python3.8/site-packages/airflow/example_dags/example_time_delta_sensor_async.py for tasks to queue
[2025-03-06T23:56:16.051+0100] {logging_mixin.py:190} INFO - [2025-03-06T23:56:16.051+0100] {dagbag.py:588} INFO - Filling up the DagBag from /home/erij/Erij_Mazouz_4DS8_churn_ml_project/venv/lib/python3.8/site-packages/airflow/example_dags/example_time_delta_sensor_async.py
[2025-03-06T23:56:16.057+0100] {processor.py:925} INFO - DAG(s) 'example_time_delta_sensor_async' retrieved from /home/erij/Erij_Mazouz_4DS8_churn_ml_project/venv/lib/python3.8/site-packages/airflow/example_dags/example_time_delta_sensor_async.py
[2025-03-06T23:56:16.069+0100] {logging_mixin.py:190} INFO - [2025-03-06T23:56:16.068+0100] {dag.py:3239} INFO - Sync 1 DAGs
[2025-03-06T23:56:16.079+0100] {logging_mixin.py:190} INFO - [2025-03-06T23:56:16.079+0100] {dag.py:4180} INFO - Setting next_dagrun for example_time_delta_sensor_async to None, run_after=None
[2025-03-06T23:56:16.100+0100] {processor.py:208} INFO - Processing /home/erij/Erij_Mazouz_4DS8_churn_ml_project/venv/lib/python3.8/site-packages/airflow/example_dags/example_time_delta_sensor_async.py took 0.059 seconds
[2025-03-06T23:57:11.156+0100] {processor.py:186} INFO - Started process (PID=59345) to work on /home/erij/Erij_Mazouz_4DS8_churn_ml_project/venv/lib/python3.8/site-packages/airflow/example_dags/example_time_delta_sensor_async.py
[2025-03-06T23:57:11.159+0100] {processor.py:914} INFO - Processing file /home/erij/Erij_Mazouz_4DS8_churn_ml_project/venv/lib/python3.8/site-packages/airflow/example_dags/example_time_delta_sensor_async.py for tasks to queue
[2025-03-06T23:57:11.162+0100] {logging_mixin.py:190} INFO - [2025-03-06T23:57:11.161+0100] {dagbag.py:588} INFO - Filling up the DagBag from /home/erij/Erij_Mazouz_4DS8_churn_ml_project/venv/lib/python3.8/site-packages/airflow/example_dags/example_time_delta_sensor_async.py
[2025-03-06T23:57:11.169+0100] {processor.py:925} INFO - DAG(s) 'example_time_delta_sensor_async' retrieved from /home/erij/Erij_Mazouz_4DS8_churn_ml_project/venv/lib/python3.8/site-packages/airflow/example_dags/example_time_delta_sensor_async.py
[2025-03-06T23:57:11.184+0100] {logging_mixin.py:190} INFO - [2025-03-06T23:57:11.184+0100] {dag.py:3239} INFO - Sync 1 DAGs
[2025-03-06T23:57:11.197+0100] {logging_mixin.py:190} INFO - [2025-03-06T23:57:11.197+0100] {dag.py:4180} INFO - Setting next_dagrun for example_time_delta_sensor_async to None, run_after=None
[2025-03-06T23:57:11.217+0100] {processor.py:208} INFO - Processing /home/erij/Erij_Mazouz_4DS8_churn_ml_project/venv/lib/python3.8/site-packages/airflow/example_dags/example_time_delta_sensor_async.py took 0.072 seconds
[2025-03-06T23:58:06.716+0100] {processor.py:186} INFO - Started process (PID=59484) to work on /home/erij/Erij_Mazouz_4DS8_churn_ml_project/venv/lib/python3.8/site-packages/airflow/example_dags/example_time_delta_sensor_async.py
[2025-03-06T23:58:06.718+0100] {processor.py:914} INFO - Processing file /home/erij/Erij_Mazouz_4DS8_churn_ml_project/venv/lib/python3.8/site-packages/airflow/example_dags/example_time_delta_sensor_async.py for tasks to queue
[2025-03-06T23:58:06.719+0100] {logging_mixin.py:190} INFO - [2025-03-06T23:58:06.719+0100] {dagbag.py:588} INFO - Filling up the DagBag from /home/erij/Erij_Mazouz_4DS8_churn_ml_project/venv/lib/python3.8/site-packages/airflow/example_dags/example_time_delta_sensor_async.py
[2025-03-06T23:58:06.725+0100] {processor.py:925} INFO - DAG(s) 'example_time_delta_sensor_async' retrieved from /home/erij/Erij_Mazouz_4DS8_churn_ml_project/venv/lib/python3.8/site-packages/airflow/example_dags/example_time_delta_sensor_async.py
[2025-03-06T23:58:06.737+0100] {logging_mixin.py:190} INFO - [2025-03-06T23:58:06.737+0100] {dag.py:3239} INFO - Sync 1 DAGs
[2025-03-06T23:58:06.748+0100] {logging_mixin.py:190} INFO - [2025-03-06T23:58:06.747+0100] {dag.py:4180} INFO - Setting next_dagrun for example_time_delta_sensor_async to None, run_after=None
[2025-03-06T23:58:06.765+0100] {processor.py:208} INFO - Processing /home/erij/Erij_Mazouz_4DS8_churn_ml_project/venv/lib/python3.8/site-packages/airflow/example_dags/example_time_delta_sensor_async.py took 0.054 seconds
[2025-03-06T23:58:58.348+0100] {processor.py:186} INFO - Started process (PID=59631) to work on /home/erij/Erij_Mazouz_4DS8_churn_ml_project/venv/lib/python3.8/site-packages/airflow/example_dags/example_time_delta_sensor_async.py
[2025-03-06T23:58:58.350+0100] {processor.py:914} INFO - Processing file /home/erij/Erij_Mazouz_4DS8_churn_ml_project/venv/lib/python3.8/site-packages/airflow/example_dags/example_time_delta_sensor_async.py for tasks to queue
[2025-03-06T23:58:58.352+0100] {logging_mixin.py:190} INFO - [2025-03-06T23:58:58.351+0100] {dagbag.py:588} INFO - Filling up the DagBag from /home/erij/Erij_Mazouz_4DS8_churn_ml_project/venv/lib/python3.8/site-packages/airflow/example_dags/example_time_delta_sensor_async.py
[2025-03-06T23:58:58.360+0100] {processor.py:925} INFO - DAG(s) 'example_time_delta_sensor_async' retrieved from /home/erij/Erij_Mazouz_4DS8_churn_ml_project/venv/lib/python3.8/site-packages/airflow/example_dags/example_time_delta_sensor_async.py
[2025-03-06T23:58:58.372+0100] {logging_mixin.py:190} INFO - [2025-03-06T23:58:58.372+0100] {dag.py:3239} INFO - Sync 1 DAGs
[2025-03-06T23:58:58.385+0100] {logging_mixin.py:190} INFO - [2025-03-06T23:58:58.385+0100] {dag.py:4180} INFO - Setting next_dagrun for example_time_delta_sensor_async to None, run_after=None
[2025-03-06T23:58:58.401+0100] {processor.py:208} INFO - Processing /home/erij/Erij_Mazouz_4DS8_churn_ml_project/venv/lib/python3.8/site-packages/airflow/example_dags/example_time_delta_sensor_async.py took 0.059 seconds
[2025-03-06T23:59:48.627+0100] {processor.py:186} INFO - Started process (PID=59773) to work on /home/erij/Erij_Mazouz_4DS8_churn_ml_project/venv/lib/python3.8/site-packages/airflow/example_dags/example_time_delta_sensor_async.py
[2025-03-06T23:59:48.630+0100] {processor.py:914} INFO - Processing file /home/erij/Erij_Mazouz_4DS8_churn_ml_project/venv/lib/python3.8/site-packages/airflow/example_dags/example_time_delta_sensor_async.py for tasks to queue
[2025-03-06T23:59:48.632+0100] {logging_mixin.py:190} INFO - [2025-03-06T23:59:48.631+0100] {dagbag.py:588} INFO - Filling up the DagBag from /home/erij/Erij_Mazouz_4DS8_churn_ml_project/venv/lib/python3.8/site-packages/airflow/example_dags/example_time_delta_sensor_async.py
[2025-03-06T23:59:48.638+0100] {processor.py:925} INFO - DAG(s) 'example_time_delta_sensor_async' retrieved from /home/erij/Erij_Mazouz_4DS8_churn_ml_project/venv/lib/python3.8/site-packages/airflow/example_dags/example_time_delta_sensor_async.py
[2025-03-06T23:59:48.650+0100] {logging_mixin.py:190} INFO - [2025-03-06T23:59:48.650+0100] {dag.py:3239} INFO - Sync 1 DAGs
[2025-03-06T23:59:48.661+0100] {logging_mixin.py:190} INFO - [2025-03-06T23:59:48.661+0100] {dag.py:4180} INFO - Setting next_dagrun for example_time_delta_sensor_async to None, run_after=None
[2025-03-06T23:59:48.679+0100] {processor.py:208} INFO - Processing /home/erij/Erij_Mazouz_4DS8_churn_ml_project/venv/lib/python3.8/site-packages/airflow/example_dags/example_time_delta_sensor_async.py took 0.057 seconds
[2025-03-07T00:00:41.574+0100] {processor.py:186} INFO - Started process (PID=59970) to work on /home/erij/Erij_Mazouz_4DS8_churn_ml_project/venv/lib/python3.8/site-packages/airflow/example_dags/example_time_delta_sensor_async.py
[2025-03-07T00:00:41.576+0100] {processor.py:914} INFO - Processing file /home/erij/Erij_Mazouz_4DS8_churn_ml_project/venv/lib/python3.8/site-packages/airflow/example_dags/example_time_delta_sensor_async.py for tasks to queue
[2025-03-07T00:00:41.577+0100] {logging_mixin.py:190} INFO - [2025-03-07T00:00:41.577+0100] {dagbag.py:588} INFO - Filling up the DagBag from /home/erij/Erij_Mazouz_4DS8_churn_ml_project/venv/lib/python3.8/site-packages/airflow/example_dags/example_time_delta_sensor_async.py
[2025-03-07T00:00:41.582+0100] {processor.py:925} INFO - DAG(s) 'example_time_delta_sensor_async' retrieved from /home/erij/Erij_Mazouz_4DS8_churn_ml_project/venv/lib/python3.8/site-packages/airflow/example_dags/example_time_delta_sensor_async.py
[2025-03-07T00:00:41.593+0100] {logging_mixin.py:190} INFO - [2025-03-07T00:00:41.593+0100] {dag.py:3239} INFO - Sync 1 DAGs
[2025-03-07T00:00:41.603+0100] {logging_mixin.py:190} INFO - [2025-03-07T00:00:41.603+0100] {dag.py:4180} INFO - Setting next_dagrun for example_time_delta_sensor_async to None, run_after=None
[2025-03-07T00:00:41.622+0100] {processor.py:208} INFO - Processing /home/erij/Erij_Mazouz_4DS8_churn_ml_project/venv/lib/python3.8/site-packages/airflow/example_dags/example_time_delta_sensor_async.py took 0.052 seconds
[2025-03-07T00:01:34.446+0100] {processor.py:186} INFO - Started process (PID=60137) to work on /home/erij/Erij_Mazouz_4DS8_churn_ml_project/venv/lib/python3.8/site-packages/airflow/example_dags/example_time_delta_sensor_async.py
[2025-03-07T00:01:34.448+0100] {processor.py:914} INFO - Processing file /home/erij/Erij_Mazouz_4DS8_churn_ml_project/venv/lib/python3.8/site-packages/airflow/example_dags/example_time_delta_sensor_async.py for tasks to queue
[2025-03-07T00:01:34.451+0100] {logging_mixin.py:190} INFO - [2025-03-07T00:01:34.450+0100] {dagbag.py:588} INFO - Filling up the DagBag from /home/erij/Erij_Mazouz_4DS8_churn_ml_project/venv/lib/python3.8/site-packages/airflow/example_dags/example_time_delta_sensor_async.py
[2025-03-07T00:01:34.459+0100] {processor.py:925} INFO - DAG(s) 'example_time_delta_sensor_async' retrieved from /home/erij/Erij_Mazouz_4DS8_churn_ml_project/venv/lib/python3.8/site-packages/airflow/example_dags/example_time_delta_sensor_async.py
[2025-03-07T00:01:34.474+0100] {logging_mixin.py:190} INFO - [2025-03-07T00:01:34.474+0100] {dag.py:3239} INFO - Sync 1 DAGs
[2025-03-07T00:01:34.488+0100] {logging_mixin.py:190} INFO - [2025-03-07T00:01:34.488+0100] {dag.py:4180} INFO - Setting next_dagrun for example_time_delta_sensor_async to None, run_after=None
[2025-03-07T00:01:34.509+0100] {processor.py:208} INFO - Processing /home/erij/Erij_Mazouz_4DS8_churn_ml_project/venv/lib/python3.8/site-packages/airflow/example_dags/example_time_delta_sensor_async.py took 0.072 seconds
[2025-03-07T00:02:31.566+0100] {processor.py:186} INFO - Started process (PID=60348) to work on /home/erij/Erij_Mazouz_4DS8_churn_ml_project/venv/lib/python3.8/site-packages/airflow/example_dags/example_time_delta_sensor_async.py
[2025-03-07T00:02:31.568+0100] {processor.py:914} INFO - Processing file /home/erij/Erij_Mazouz_4DS8_churn_ml_project/venv/lib/python3.8/site-packages/airflow/example_dags/example_time_delta_sensor_async.py for tasks to queue
[2025-03-07T00:02:31.570+0100] {logging_mixin.py:190} INFO - [2025-03-07T00:02:31.569+0100] {dagbag.py:588} INFO - Filling up the DagBag from /home/erij/Erij_Mazouz_4DS8_churn_ml_project/venv/lib/python3.8/site-packages/airflow/example_dags/example_time_delta_sensor_async.py
[2025-03-07T00:02:31.577+0100] {processor.py:925} INFO - DAG(s) 'example_time_delta_sensor_async' retrieved from /home/erij/Erij_Mazouz_4DS8_churn_ml_project/venv/lib/python3.8/site-packages/airflow/example_dags/example_time_delta_sensor_async.py
[2025-03-07T00:02:31.589+0100] {logging_mixin.py:190} INFO - [2025-03-07T00:02:31.589+0100] {dag.py:3239} INFO - Sync 1 DAGs
[2025-03-07T00:02:31.600+0100] {logging_mixin.py:190} INFO - [2025-03-07T00:02:31.600+0100] {dag.py:4180} INFO - Setting next_dagrun for example_time_delta_sensor_async to None, run_after=None
[2025-03-07T00:02:31.616+0100] {processor.py:208} INFO - Processing /home/erij/Erij_Mazouz_4DS8_churn_ml_project/venv/lib/python3.8/site-packages/airflow/example_dags/example_time_delta_sensor_async.py took 0.056 seconds
