[2025-03-06T23:39:26.573+0100] {processor.py:186} INFO - Started process (PID=55944) to work on /home/erij/Erij_Mazouz_4DS8_churn_ml_project/venv/lib/python3.8/site-packages/airflow/example_dags/example_dataset_alias.py
[2025-03-06T23:39:26.574+0100] {processor.py:914} INFO - Processing file /home/erij/Erij_Mazouz_4DS8_churn_ml_project/venv/lib/python3.8/site-packages/airflow/example_dags/example_dataset_alias.py for tasks to queue
[2025-03-06T23:39:26.577+0100] {logging_mixin.py:190} INFO - [2025-03-06T23:39:26.575+0100] {dagbag.py:588} INFO - Filling up the DagBag from /home/erij/Erij_Mazouz_4DS8_churn_ml_project/venv/lib/python3.8/site-packages/airflow/example_dags/example_dataset_alias.py
[2025-03-06T23:39:26.594+0100] {processor.py:925} INFO - DAG(s) 'dataset_s3_bucket_consumer', 'dataset_s3_bucket_producer', 'dataset_alias_example_alias_consumer', 'dataset_alias_example_alias_producer' retrieved from /home/erij/Erij_Mazouz_4DS8_churn_ml_project/venv/lib/python3.8/site-packages/airflow/example_dags/example_dataset_alias.py
[2025-03-06T23:39:26.608+0100] {logging_mixin.py:190} INFO - [2025-03-06T23:39:26.608+0100] {dag.py:3239} INFO - Sync 4 DAGs
[2025-03-06T23:39:26.623+0100] {logging_mixin.py:190} INFO - [2025-03-06T23:39:26.622+0100] {dag.py:4180} INFO - Setting next_dagrun for dataset_alias_example_alias_consumer to None, run_after=None
[2025-03-06T23:39:26.624+0100] {logging_mixin.py:190} INFO - [2025-03-06T23:39:26.624+0100] {dag.py:4180} INFO - Setting next_dagrun for dataset_alias_example_alias_producer to None, run_after=None
[2025-03-06T23:39:26.625+0100] {logging_mixin.py:190} INFO - [2025-03-06T23:39:26.625+0100] {dag.py:4180} INFO - Setting next_dagrun for dataset_s3_bucket_consumer to None, run_after=None
[2025-03-06T23:39:26.625+0100] {logging_mixin.py:190} INFO - [2025-03-06T23:39:26.625+0100] {dag.py:4180} INFO - Setting next_dagrun for dataset_s3_bucket_producer to None, run_after=None
[2025-03-06T23:39:26.647+0100] {processor.py:208} INFO - Processing /home/erij/Erij_Mazouz_4DS8_churn_ml_project/venv/lib/python3.8/site-packages/airflow/example_dags/example_dataset_alias.py took 0.079 seconds
[2025-03-06T23:40:53.796+0100] {processor.py:186} INFO - Started process (PID=56523) to work on /home/erij/Erij_Mazouz_4DS8_churn_ml_project/venv/lib/python3.8/site-packages/airflow/example_dags/example_dataset_alias.py
[2025-03-06T23:40:53.799+0100] {processor.py:914} INFO - Processing file /home/erij/Erij_Mazouz_4DS8_churn_ml_project/venv/lib/python3.8/site-packages/airflow/example_dags/example_dataset_alias.py for tasks to queue
[2025-03-06T23:40:53.801+0100] {logging_mixin.py:190} INFO - [2025-03-06T23:40:53.800+0100] {dagbag.py:588} INFO - Filling up the DagBag from /home/erij/Erij_Mazouz_4DS8_churn_ml_project/venv/lib/python3.8/site-packages/airflow/example_dags/example_dataset_alias.py
[2025-03-06T23:40:53.821+0100] {processor.py:925} INFO - DAG(s) 'dataset_s3_bucket_producer', 'dataset_s3_bucket_consumer', 'dataset_alias_example_alias_producer', 'dataset_alias_example_alias_consumer' retrieved from /home/erij/Erij_Mazouz_4DS8_churn_ml_project/venv/lib/python3.8/site-packages/airflow/example_dags/example_dataset_alias.py
[2025-03-06T23:40:53.838+0100] {logging_mixin.py:190} INFO - [2025-03-06T23:40:53.838+0100] {dag.py:3239} INFO - Sync 4 DAGs
[2025-03-06T23:40:53.854+0100] {logging_mixin.py:190} INFO - [2025-03-06T23:40:53.854+0100] {dag.py:4180} INFO - Setting next_dagrun for dataset_alias_example_alias_consumer to None, run_after=None
[2025-03-06T23:40:53.856+0100] {logging_mixin.py:190} INFO - [2025-03-06T23:40:53.856+0100] {dag.py:4180} INFO - Setting next_dagrun for dataset_alias_example_alias_producer to None, run_after=None
[2025-03-06T23:40:53.856+0100] {logging_mixin.py:190} INFO - [2025-03-06T23:40:53.856+0100] {dag.py:4180} INFO - Setting next_dagrun for dataset_s3_bucket_consumer to None, run_after=None
[2025-03-06T23:40:53.857+0100] {logging_mixin.py:190} INFO - [2025-03-06T23:40:53.857+0100] {dag.py:4180} INFO - Setting next_dagrun for dataset_s3_bucket_producer to None, run_after=None
[2025-03-06T23:40:53.879+0100] {processor.py:208} INFO - Processing /home/erij/Erij_Mazouz_4DS8_churn_ml_project/venv/lib/python3.8/site-packages/airflow/example_dags/example_dataset_alias.py took 0.087 seconds
[2025-03-06T23:41:50.777+0100] {processor.py:186} INFO - Started process (PID=56665) to work on /home/erij/Erij_Mazouz_4DS8_churn_ml_project/venv/lib/python3.8/site-packages/airflow/example_dags/example_dataset_alias.py
[2025-03-06T23:41:50.779+0100] {processor.py:914} INFO - Processing file /home/erij/Erij_Mazouz_4DS8_churn_ml_project/venv/lib/python3.8/site-packages/airflow/example_dags/example_dataset_alias.py for tasks to queue
[2025-03-06T23:41:50.781+0100] {logging_mixin.py:190} INFO - [2025-03-06T23:41:50.781+0100] {dagbag.py:588} INFO - Filling up the DagBag from /home/erij/Erij_Mazouz_4DS8_churn_ml_project/venv/lib/python3.8/site-packages/airflow/example_dags/example_dataset_alias.py
[2025-03-06T23:41:50.802+0100] {processor.py:925} INFO - DAG(s) 'dataset_s3_bucket_consumer', 'dataset_s3_bucket_producer', 'dataset_alias_example_alias_consumer', 'dataset_alias_example_alias_producer' retrieved from /home/erij/Erij_Mazouz_4DS8_churn_ml_project/venv/lib/python3.8/site-packages/airflow/example_dags/example_dataset_alias.py
[2025-03-06T23:41:50.820+0100] {logging_mixin.py:190} INFO - [2025-03-06T23:41:50.820+0100] {dag.py:3239} INFO - Sync 4 DAGs
[2025-03-06T23:41:50.840+0100] {logging_mixin.py:190} INFO - [2025-03-06T23:41:50.840+0100] {dag.py:4180} INFO - Setting next_dagrun for dataset_alias_example_alias_consumer to None, run_after=None
[2025-03-06T23:41:50.842+0100] {logging_mixin.py:190} INFO - [2025-03-06T23:41:50.842+0100] {dag.py:4180} INFO - Setting next_dagrun for dataset_alias_example_alias_producer to None, run_after=None
[2025-03-06T23:41:50.843+0100] {logging_mixin.py:190} INFO - [2025-03-06T23:41:50.843+0100] {dag.py:4180} INFO - Setting next_dagrun for dataset_s3_bucket_consumer to None, run_after=None
[2025-03-06T23:41:50.844+0100] {logging_mixin.py:190} INFO - [2025-03-06T23:41:50.844+0100] {dag.py:4180} INFO - Setting next_dagrun for dataset_s3_bucket_producer to None, run_after=None
[2025-03-06T23:41:50.866+0100] {processor.py:208} INFO - Processing /home/erij/Erij_Mazouz_4DS8_churn_ml_project/venv/lib/python3.8/site-packages/airflow/example_dags/example_dataset_alias.py took 0.094 seconds
[2025-03-06T23:42:44.850+0100] {processor.py:186} INFO - Started process (PID=56785) to work on /home/erij/Erij_Mazouz_4DS8_churn_ml_project/venv/lib/python3.8/site-packages/airflow/example_dags/example_dataset_alias.py
[2025-03-06T23:42:44.853+0100] {processor.py:914} INFO - Processing file /home/erij/Erij_Mazouz_4DS8_churn_ml_project/venv/lib/python3.8/site-packages/airflow/example_dags/example_dataset_alias.py for tasks to queue
[2025-03-06T23:42:44.855+0100] {logging_mixin.py:190} INFO - [2025-03-06T23:42:44.855+0100] {dagbag.py:588} INFO - Filling up the DagBag from /home/erij/Erij_Mazouz_4DS8_churn_ml_project/venv/lib/python3.8/site-packages/airflow/example_dags/example_dataset_alias.py
[2025-03-06T23:42:44.876+0100] {processor.py:925} INFO - DAG(s) 'dataset_alias_example_alias_consumer', 'dataset_s3_bucket_consumer', 'dataset_alias_example_alias_producer', 'dataset_s3_bucket_producer' retrieved from /home/erij/Erij_Mazouz_4DS8_churn_ml_project/venv/lib/python3.8/site-packages/airflow/example_dags/example_dataset_alias.py
[2025-03-06T23:42:44.892+0100] {logging_mixin.py:190} INFO - [2025-03-06T23:42:44.892+0100] {dag.py:3239} INFO - Sync 4 DAGs
[2025-03-06T23:42:44.909+0100] {logging_mixin.py:190} INFO - [2025-03-06T23:42:44.909+0100] {dag.py:4180} INFO - Setting next_dagrun for dataset_alias_example_alias_consumer to None, run_after=None
[2025-03-06T23:42:44.911+0100] {logging_mixin.py:190} INFO - [2025-03-06T23:42:44.911+0100] {dag.py:4180} INFO - Setting next_dagrun for dataset_alias_example_alias_producer to None, run_after=None
[2025-03-06T23:42:44.911+0100] {logging_mixin.py:190} INFO - [2025-03-06T23:42:44.911+0100] {dag.py:4180} INFO - Setting next_dagrun for dataset_s3_bucket_consumer to None, run_after=None
[2025-03-06T23:42:44.912+0100] {logging_mixin.py:190} INFO - [2025-03-06T23:42:44.912+0100] {dag.py:4180} INFO - Setting next_dagrun for dataset_s3_bucket_producer to None, run_after=None
[2025-03-06T23:42:44.932+0100] {processor.py:208} INFO - Processing /home/erij/Erij_Mazouz_4DS8_churn_ml_project/venv/lib/python3.8/site-packages/airflow/example_dags/example_dataset_alias.py took 0.088 seconds
[2025-03-06T23:43:38.409+0100] {processor.py:186} INFO - Started process (PID=56905) to work on /home/erij/Erij_Mazouz_4DS8_churn_ml_project/venv/lib/python3.8/site-packages/airflow/example_dags/example_dataset_alias.py
[2025-03-06T23:43:38.410+0100] {processor.py:914} INFO - Processing file /home/erij/Erij_Mazouz_4DS8_churn_ml_project/venv/lib/python3.8/site-packages/airflow/example_dags/example_dataset_alias.py for tasks to queue
[2025-03-06T23:43:38.412+0100] {logging_mixin.py:190} INFO - [2025-03-06T23:43:38.412+0100] {dagbag.py:588} INFO - Filling up the DagBag from /home/erij/Erij_Mazouz_4DS8_churn_ml_project/venv/lib/python3.8/site-packages/airflow/example_dags/example_dataset_alias.py
[2025-03-06T23:43:38.432+0100] {processor.py:925} INFO - DAG(s) 'dataset_alias_example_alias_consumer', 'dataset_s3_bucket_producer', 'dataset_s3_bucket_consumer', 'dataset_alias_example_alias_producer' retrieved from /home/erij/Erij_Mazouz_4DS8_churn_ml_project/venv/lib/python3.8/site-packages/airflow/example_dags/example_dataset_alias.py
[2025-03-06T23:43:38.447+0100] {logging_mixin.py:190} INFO - [2025-03-06T23:43:38.447+0100] {dag.py:3239} INFO - Sync 4 DAGs
[2025-03-06T23:43:38.464+0100] {logging_mixin.py:190} INFO - [2025-03-06T23:43:38.464+0100] {dag.py:4180} INFO - Setting next_dagrun for dataset_alias_example_alias_consumer to None, run_after=None
[2025-03-06T23:43:38.466+0100] {logging_mixin.py:190} INFO - [2025-03-06T23:43:38.466+0100] {dag.py:4180} INFO - Setting next_dagrun for dataset_alias_example_alias_producer to None, run_after=None
[2025-03-06T23:43:38.467+0100] {logging_mixin.py:190} INFO - [2025-03-06T23:43:38.467+0100] {dag.py:4180} INFO - Setting next_dagrun for dataset_s3_bucket_consumer to None, run_after=None
[2025-03-06T23:43:38.468+0100] {logging_mixin.py:190} INFO - [2025-03-06T23:43:38.467+0100] {dag.py:4180} INFO - Setting next_dagrun for dataset_s3_bucket_producer to None, run_after=None
[2025-03-06T23:43:38.489+0100] {processor.py:208} INFO - Processing /home/erij/Erij_Mazouz_4DS8_churn_ml_project/venv/lib/python3.8/site-packages/airflow/example_dags/example_dataset_alias.py took 0.086 seconds
[2025-03-06T23:44:29.940+0100] {processor.py:186} INFO - Started process (PID=57058) to work on /home/erij/Erij_Mazouz_4DS8_churn_ml_project/venv/lib/python3.8/site-packages/airflow/example_dags/example_dataset_alias.py
[2025-03-06T23:44:29.942+0100] {processor.py:914} INFO - Processing file /home/erij/Erij_Mazouz_4DS8_churn_ml_project/venv/lib/python3.8/site-packages/airflow/example_dags/example_dataset_alias.py for tasks to queue
[2025-03-06T23:44:29.944+0100] {logging_mixin.py:190} INFO - [2025-03-06T23:44:29.944+0100] {dagbag.py:588} INFO - Filling up the DagBag from /home/erij/Erij_Mazouz_4DS8_churn_ml_project/venv/lib/python3.8/site-packages/airflow/example_dags/example_dataset_alias.py
[2025-03-06T23:44:29.963+0100] {processor.py:925} INFO - DAG(s) 'dataset_alias_example_alias_consumer', 'dataset_alias_example_alias_producer', 'dataset_s3_bucket_consumer', 'dataset_s3_bucket_producer' retrieved from /home/erij/Erij_Mazouz_4DS8_churn_ml_project/venv/lib/python3.8/site-packages/airflow/example_dags/example_dataset_alias.py
[2025-03-06T23:44:29.978+0100] {logging_mixin.py:190} INFO - [2025-03-06T23:44:29.978+0100] {dag.py:3239} INFO - Sync 4 DAGs
[2025-03-06T23:44:29.996+0100] {logging_mixin.py:190} INFO - [2025-03-06T23:44:29.996+0100] {dag.py:4180} INFO - Setting next_dagrun for dataset_alias_example_alias_consumer to None, run_after=None
[2025-03-06T23:44:29.998+0100] {logging_mixin.py:190} INFO - [2025-03-06T23:44:29.998+0100] {dag.py:4180} INFO - Setting next_dagrun for dataset_alias_example_alias_producer to None, run_after=None
[2025-03-06T23:44:29.999+0100] {logging_mixin.py:190} INFO - [2025-03-06T23:44:29.998+0100] {dag.py:4180} INFO - Setting next_dagrun for dataset_s3_bucket_consumer to None, run_after=None
[2025-03-06T23:44:29.999+0100] {logging_mixin.py:190} INFO - [2025-03-06T23:44:29.999+0100] {dag.py:4180} INFO - Setting next_dagrun for dataset_s3_bucket_producer to None, run_after=None
[2025-03-06T23:44:30.026+0100] {processor.py:208} INFO - Processing /home/erij/Erij_Mazouz_4DS8_churn_ml_project/venv/lib/python3.8/site-packages/airflow/example_dags/example_dataset_alias.py took 0.092 seconds
[2025-03-06T23:45:25.774+0100] {processor.py:186} INFO - Started process (PID=57179) to work on /home/erij/Erij_Mazouz_4DS8_churn_ml_project/venv/lib/python3.8/site-packages/airflow/example_dags/example_dataset_alias.py
[2025-03-06T23:45:25.776+0100] {processor.py:914} INFO - Processing file /home/erij/Erij_Mazouz_4DS8_churn_ml_project/venv/lib/python3.8/site-packages/airflow/example_dags/example_dataset_alias.py for tasks to queue
[2025-03-06T23:45:25.778+0100] {logging_mixin.py:190} INFO - [2025-03-06T23:45:25.778+0100] {dagbag.py:588} INFO - Filling up the DagBag from /home/erij/Erij_Mazouz_4DS8_churn_ml_project/venv/lib/python3.8/site-packages/airflow/example_dags/example_dataset_alias.py
[2025-03-06T23:45:25.796+0100] {processor.py:925} INFO - DAG(s) 'dataset_alias_example_alias_consumer', 'dataset_s3_bucket_producer', 'dataset_s3_bucket_consumer', 'dataset_alias_example_alias_producer' retrieved from /home/erij/Erij_Mazouz_4DS8_churn_ml_project/venv/lib/python3.8/site-packages/airflow/example_dags/example_dataset_alias.py
[2025-03-06T23:45:25.811+0100] {logging_mixin.py:190} INFO - [2025-03-06T23:45:25.811+0100] {dag.py:3239} INFO - Sync 4 DAGs
[2025-03-06T23:45:25.827+0100] {logging_mixin.py:190} INFO - [2025-03-06T23:45:25.827+0100] {dag.py:4180} INFO - Setting next_dagrun for dataset_alias_example_alias_consumer to None, run_after=None
[2025-03-06T23:45:25.829+0100] {logging_mixin.py:190} INFO - [2025-03-06T23:45:25.829+0100] {dag.py:4180} INFO - Setting next_dagrun for dataset_alias_example_alias_producer to None, run_after=None
[2025-03-06T23:45:25.830+0100] {logging_mixin.py:190} INFO - [2025-03-06T23:45:25.830+0100] {dag.py:4180} INFO - Setting next_dagrun for dataset_s3_bucket_consumer to None, run_after=None
[2025-03-06T23:45:25.830+0100] {logging_mixin.py:190} INFO - [2025-03-06T23:45:25.830+0100] {dag.py:4180} INFO - Setting next_dagrun for dataset_s3_bucket_producer to None, run_after=None
[2025-03-06T23:45:25.873+0100] {processor.py:208} INFO - Processing /home/erij/Erij_Mazouz_4DS8_churn_ml_project/venv/lib/python3.8/site-packages/airflow/example_dags/example_dataset_alias.py took 0.103 seconds
[2025-03-06T23:46:24.463+0100] {processor.py:186} INFO - Started process (PID=57299) to work on /home/erij/Erij_Mazouz_4DS8_churn_ml_project/venv/lib/python3.8/site-packages/airflow/example_dags/example_dataset_alias.py
[2025-03-06T23:46:24.465+0100] {processor.py:914} INFO - Processing file /home/erij/Erij_Mazouz_4DS8_churn_ml_project/venv/lib/python3.8/site-packages/airflow/example_dags/example_dataset_alias.py for tasks to queue
[2025-03-06T23:46:24.467+0100] {logging_mixin.py:190} INFO - [2025-03-06T23:46:24.467+0100] {dagbag.py:588} INFO - Filling up the DagBag from /home/erij/Erij_Mazouz_4DS8_churn_ml_project/venv/lib/python3.8/site-packages/airflow/example_dags/example_dataset_alias.py
[2025-03-06T23:46:24.483+0100] {processor.py:925} INFO - DAG(s) 'dataset_alias_example_alias_producer', 'dataset_s3_bucket_producer', 'dataset_alias_example_alias_consumer', 'dataset_s3_bucket_consumer' retrieved from /home/erij/Erij_Mazouz_4DS8_churn_ml_project/venv/lib/python3.8/site-packages/airflow/example_dags/example_dataset_alias.py
[2025-03-06T23:46:24.497+0100] {logging_mixin.py:190} INFO - [2025-03-06T23:46:24.497+0100] {dag.py:3239} INFO - Sync 4 DAGs
[2025-03-06T23:46:24.512+0100] {logging_mixin.py:190} INFO - [2025-03-06T23:46:24.512+0100] {dag.py:4180} INFO - Setting next_dagrun for dataset_alias_example_alias_consumer to None, run_after=None
[2025-03-06T23:46:24.514+0100] {logging_mixin.py:190} INFO - [2025-03-06T23:46:24.514+0100] {dag.py:4180} INFO - Setting next_dagrun for dataset_alias_example_alias_producer to None, run_after=None
[2025-03-06T23:46:24.515+0100] {logging_mixin.py:190} INFO - [2025-03-06T23:46:24.514+0100] {dag.py:4180} INFO - Setting next_dagrun for dataset_s3_bucket_consumer to None, run_after=None
[2025-03-06T23:46:24.515+0100] {logging_mixin.py:190} INFO - [2025-03-06T23:46:24.515+0100] {dag.py:4180} INFO - Setting next_dagrun for dataset_s3_bucket_producer to None, run_after=None
[2025-03-06T23:46:24.535+0100] {processor.py:208} INFO - Processing /home/erij/Erij_Mazouz_4DS8_churn_ml_project/venv/lib/python3.8/site-packages/airflow/example_dags/example_dataset_alias.py took 0.077 seconds
[2025-03-06T23:47:20.367+0100] {processor.py:186} INFO - Started process (PID=57408) to work on /home/erij/Erij_Mazouz_4DS8_churn_ml_project/venv/lib/python3.8/site-packages/airflow/example_dags/example_dataset_alias.py
[2025-03-06T23:47:20.370+0100] {processor.py:914} INFO - Processing file /home/erij/Erij_Mazouz_4DS8_churn_ml_project/venv/lib/python3.8/site-packages/airflow/example_dags/example_dataset_alias.py for tasks to queue
[2025-03-06T23:47:20.372+0100] {logging_mixin.py:190} INFO - [2025-03-06T23:47:20.372+0100] {dagbag.py:588} INFO - Filling up the DagBag from /home/erij/Erij_Mazouz_4DS8_churn_ml_project/venv/lib/python3.8/site-packages/airflow/example_dags/example_dataset_alias.py
[2025-03-06T23:47:20.394+0100] {processor.py:925} INFO - DAG(s) 'dataset_alias_example_alias_consumer', 'dataset_alias_example_alias_producer', 'dataset_s3_bucket_consumer', 'dataset_s3_bucket_producer' retrieved from /home/erij/Erij_Mazouz_4DS8_churn_ml_project/venv/lib/python3.8/site-packages/airflow/example_dags/example_dataset_alias.py
[2025-03-06T23:47:20.409+0100] {logging_mixin.py:190} INFO - [2025-03-06T23:47:20.409+0100] {dag.py:3239} INFO - Sync 4 DAGs
[2025-03-06T23:47:20.424+0100] {logging_mixin.py:190} INFO - [2025-03-06T23:47:20.424+0100] {dag.py:4180} INFO - Setting next_dagrun for dataset_alias_example_alias_consumer to None, run_after=None
[2025-03-06T23:47:20.425+0100] {logging_mixin.py:190} INFO - [2025-03-06T23:47:20.425+0100] {dag.py:4180} INFO - Setting next_dagrun for dataset_alias_example_alias_producer to None, run_after=None
[2025-03-06T23:47:20.426+0100] {logging_mixin.py:190} INFO - [2025-03-06T23:47:20.426+0100] {dag.py:4180} INFO - Setting next_dagrun for dataset_s3_bucket_consumer to None, run_after=None
[2025-03-06T23:47:20.427+0100] {logging_mixin.py:190} INFO - [2025-03-06T23:47:20.426+0100] {dag.py:4180} INFO - Setting next_dagrun for dataset_s3_bucket_producer to None, run_after=None
[2025-03-06T23:47:20.446+0100] {processor.py:208} INFO - Processing /home/erij/Erij_Mazouz_4DS8_churn_ml_project/venv/lib/python3.8/site-packages/airflow/example_dags/example_dataset_alias.py took 0.084 seconds
[2025-03-06T23:48:18.695+0100] {processor.py:186} INFO - Started process (PID=57528) to work on /home/erij/Erij_Mazouz_4DS8_churn_ml_project/venv/lib/python3.8/site-packages/airflow/example_dags/example_dataset_alias.py
[2025-03-06T23:48:18.697+0100] {processor.py:914} INFO - Processing file /home/erij/Erij_Mazouz_4DS8_churn_ml_project/venv/lib/python3.8/site-packages/airflow/example_dags/example_dataset_alias.py for tasks to queue
[2025-03-06T23:48:18.700+0100] {logging_mixin.py:190} INFO - [2025-03-06T23:48:18.699+0100] {dagbag.py:588} INFO - Filling up the DagBag from /home/erij/Erij_Mazouz_4DS8_churn_ml_project/venv/lib/python3.8/site-packages/airflow/example_dags/example_dataset_alias.py
[2025-03-06T23:48:18.717+0100] {processor.py:925} INFO - DAG(s) 'dataset_alias_example_alias_consumer', 'dataset_s3_bucket_producer', 'dataset_alias_example_alias_producer', 'dataset_s3_bucket_consumer' retrieved from /home/erij/Erij_Mazouz_4DS8_churn_ml_project/venv/lib/python3.8/site-packages/airflow/example_dags/example_dataset_alias.py
[2025-03-06T23:48:18.732+0100] {logging_mixin.py:190} INFO - [2025-03-06T23:48:18.732+0100] {dag.py:3239} INFO - Sync 4 DAGs
[2025-03-06T23:48:18.749+0100] {logging_mixin.py:190} INFO - [2025-03-06T23:48:18.748+0100] {dag.py:4180} INFO - Setting next_dagrun for dataset_alias_example_alias_consumer to None, run_after=None
[2025-03-06T23:48:18.750+0100] {logging_mixin.py:190} INFO - [2025-03-06T23:48:18.750+0100] {dag.py:4180} INFO - Setting next_dagrun for dataset_alias_example_alias_producer to None, run_after=None
[2025-03-06T23:48:18.751+0100] {logging_mixin.py:190} INFO - [2025-03-06T23:48:18.751+0100] {dag.py:4180} INFO - Setting next_dagrun for dataset_s3_bucket_consumer to None, run_after=None
[2025-03-06T23:48:18.752+0100] {logging_mixin.py:190} INFO - [2025-03-06T23:48:18.751+0100] {dag.py:4180} INFO - Setting next_dagrun for dataset_s3_bucket_producer to None, run_after=None
[2025-03-06T23:48:18.771+0100] {processor.py:208} INFO - Processing /home/erij/Erij_Mazouz_4DS8_churn_ml_project/venv/lib/python3.8/site-packages/airflow/example_dags/example_dataset_alias.py took 0.081 seconds
[2025-03-06T23:49:14.185+0100] {processor.py:186} INFO - Started process (PID=57638) to work on /home/erij/Erij_Mazouz_4DS8_churn_ml_project/venv/lib/python3.8/site-packages/airflow/example_dags/example_dataset_alias.py
[2025-03-06T23:49:14.187+0100] {processor.py:914} INFO - Processing file /home/erij/Erij_Mazouz_4DS8_churn_ml_project/venv/lib/python3.8/site-packages/airflow/example_dags/example_dataset_alias.py for tasks to queue
[2025-03-06T23:49:14.189+0100] {logging_mixin.py:190} INFO - [2025-03-06T23:49:14.189+0100] {dagbag.py:588} INFO - Filling up the DagBag from /home/erij/Erij_Mazouz_4DS8_churn_ml_project/venv/lib/python3.8/site-packages/airflow/example_dags/example_dataset_alias.py
[2025-03-06T23:49:14.205+0100] {processor.py:925} INFO - DAG(s) 'dataset_s3_bucket_producer', 'dataset_alias_example_alias_producer', 'dataset_s3_bucket_consumer', 'dataset_alias_example_alias_consumer' retrieved from /home/erij/Erij_Mazouz_4DS8_churn_ml_project/venv/lib/python3.8/site-packages/airflow/example_dags/example_dataset_alias.py
[2025-03-06T23:49:14.219+0100] {logging_mixin.py:190} INFO - [2025-03-06T23:49:14.219+0100] {dag.py:3239} INFO - Sync 4 DAGs
[2025-03-06T23:49:14.234+0100] {logging_mixin.py:190} INFO - [2025-03-06T23:49:14.234+0100] {dag.py:4180} INFO - Setting next_dagrun for dataset_alias_example_alias_consumer to None, run_after=None
[2025-03-06T23:49:14.235+0100] {logging_mixin.py:190} INFO - [2025-03-06T23:49:14.235+0100] {dag.py:4180} INFO - Setting next_dagrun for dataset_alias_example_alias_producer to None, run_after=None
[2025-03-06T23:49:14.236+0100] {logging_mixin.py:190} INFO - [2025-03-06T23:49:14.236+0100] {dag.py:4180} INFO - Setting next_dagrun for dataset_s3_bucket_consumer to None, run_after=None
[2025-03-06T23:49:14.237+0100] {logging_mixin.py:190} INFO - [2025-03-06T23:49:14.237+0100] {dag.py:4180} INFO - Setting next_dagrun for dataset_s3_bucket_producer to None, run_after=None
[2025-03-06T23:49:14.256+0100] {processor.py:208} INFO - Processing /home/erij/Erij_Mazouz_4DS8_churn_ml_project/venv/lib/python3.8/site-packages/airflow/example_dags/example_dataset_alias.py took 0.075 seconds
[2025-03-06T23:50:08.992+0100] {processor.py:186} INFO - Started process (PID=57752) to work on /home/erij/Erij_Mazouz_4DS8_churn_ml_project/venv/lib/python3.8/site-packages/airflow/example_dags/example_dataset_alias.py
[2025-03-06T23:50:08.993+0100] {processor.py:914} INFO - Processing file /home/erij/Erij_Mazouz_4DS8_churn_ml_project/venv/lib/python3.8/site-packages/airflow/example_dags/example_dataset_alias.py for tasks to queue
[2025-03-06T23:50:08.996+0100] {logging_mixin.py:190} INFO - [2025-03-06T23:50:08.995+0100] {dagbag.py:588} INFO - Filling up the DagBag from /home/erij/Erij_Mazouz_4DS8_churn_ml_project/venv/lib/python3.8/site-packages/airflow/example_dags/example_dataset_alias.py
[2025-03-06T23:50:09.015+0100] {processor.py:925} INFO - DAG(s) 'dataset_alias_example_alias_consumer', 'dataset_s3_bucket_consumer', 'dataset_s3_bucket_producer', 'dataset_alias_example_alias_producer' retrieved from /home/erij/Erij_Mazouz_4DS8_churn_ml_project/venv/lib/python3.8/site-packages/airflow/example_dags/example_dataset_alias.py
[2025-03-06T23:50:09.031+0100] {logging_mixin.py:190} INFO - [2025-03-06T23:50:09.031+0100] {dag.py:3239} INFO - Sync 4 DAGs
[2025-03-06T23:50:09.049+0100] {logging_mixin.py:190} INFO - [2025-03-06T23:50:09.049+0100] {dag.py:4180} INFO - Setting next_dagrun for dataset_alias_example_alias_consumer to None, run_after=None
[2025-03-06T23:50:09.051+0100] {logging_mixin.py:190} INFO - [2025-03-06T23:50:09.051+0100] {dag.py:4180} INFO - Setting next_dagrun for dataset_alias_example_alias_producer to None, run_after=None
[2025-03-06T23:50:09.052+0100] {logging_mixin.py:190} INFO - [2025-03-06T23:50:09.052+0100] {dag.py:4180} INFO - Setting next_dagrun for dataset_s3_bucket_consumer to None, run_after=None
[2025-03-06T23:50:09.053+0100] {logging_mixin.py:190} INFO - [2025-03-06T23:50:09.053+0100] {dag.py:4180} INFO - Setting next_dagrun for dataset_s3_bucket_producer to None, run_after=None
[2025-03-06T23:50:09.077+0100] {processor.py:208} INFO - Processing /home/erij/Erij_Mazouz_4DS8_churn_ml_project/venv/lib/python3.8/site-packages/airflow/example_dags/example_dataset_alias.py took 0.091 seconds
[2025-03-06T23:51:05.435+0100] {processor.py:186} INFO - Started process (PID=57866) to work on /home/erij/Erij_Mazouz_4DS8_churn_ml_project/venv/lib/python3.8/site-packages/airflow/example_dags/example_dataset_alias.py
[2025-03-06T23:51:05.436+0100] {processor.py:914} INFO - Processing file /home/erij/Erij_Mazouz_4DS8_churn_ml_project/venv/lib/python3.8/site-packages/airflow/example_dags/example_dataset_alias.py for tasks to queue
[2025-03-06T23:51:05.438+0100] {logging_mixin.py:190} INFO - [2025-03-06T23:51:05.438+0100] {dagbag.py:588} INFO - Filling up the DagBag from /home/erij/Erij_Mazouz_4DS8_churn_ml_project/venv/lib/python3.8/site-packages/airflow/example_dags/example_dataset_alias.py
[2025-03-06T23:51:05.457+0100] {processor.py:925} INFO - DAG(s) 'dataset_s3_bucket_consumer', 'dataset_alias_example_alias_producer', 'dataset_alias_example_alias_consumer', 'dataset_s3_bucket_producer' retrieved from /home/erij/Erij_Mazouz_4DS8_churn_ml_project/venv/lib/python3.8/site-packages/airflow/example_dags/example_dataset_alias.py
[2025-03-06T23:51:05.474+0100] {logging_mixin.py:190} INFO - [2025-03-06T23:51:05.474+0100] {dag.py:3239} INFO - Sync 4 DAGs
[2025-03-06T23:51:05.491+0100] {logging_mixin.py:190} INFO - [2025-03-06T23:51:05.491+0100] {dag.py:4180} INFO - Setting next_dagrun for dataset_alias_example_alias_consumer to None, run_after=None
[2025-03-06T23:51:05.493+0100] {logging_mixin.py:190} INFO - [2025-03-06T23:51:05.492+0100] {dag.py:4180} INFO - Setting next_dagrun for dataset_alias_example_alias_producer to None, run_after=None
[2025-03-06T23:51:05.493+0100] {logging_mixin.py:190} INFO - [2025-03-06T23:51:05.493+0100] {dag.py:4180} INFO - Setting next_dagrun for dataset_s3_bucket_consumer to None, run_after=None
[2025-03-06T23:51:05.494+0100] {logging_mixin.py:190} INFO - [2025-03-06T23:51:05.494+0100] {dag.py:4180} INFO - Setting next_dagrun for dataset_s3_bucket_producer to None, run_after=None
[2025-03-06T23:51:05.516+0100] {processor.py:208} INFO - Processing /home/erij/Erij_Mazouz_4DS8_churn_ml_project/venv/lib/python3.8/site-packages/airflow/example_dags/example_dataset_alias.py took 0.086 seconds
[2025-03-06T23:51:59.746+0100] {processor.py:186} INFO - Started process (PID=57975) to work on /home/erij/Erij_Mazouz_4DS8_churn_ml_project/venv/lib/python3.8/site-packages/airflow/example_dags/example_dataset_alias.py
[2025-03-06T23:51:59.748+0100] {processor.py:914} INFO - Processing file /home/erij/Erij_Mazouz_4DS8_churn_ml_project/venv/lib/python3.8/site-packages/airflow/example_dags/example_dataset_alias.py for tasks to queue
[2025-03-06T23:51:59.751+0100] {logging_mixin.py:190} INFO - [2025-03-06T23:51:59.750+0100] {dagbag.py:588} INFO - Filling up the DagBag from /home/erij/Erij_Mazouz_4DS8_churn_ml_project/venv/lib/python3.8/site-packages/airflow/example_dags/example_dataset_alias.py
[2025-03-06T23:51:59.769+0100] {processor.py:925} INFO - DAG(s) 'dataset_s3_bucket_consumer', 'dataset_alias_example_alias_consumer', 'dataset_alias_example_alias_producer', 'dataset_s3_bucket_producer' retrieved from /home/erij/Erij_Mazouz_4DS8_churn_ml_project/venv/lib/python3.8/site-packages/airflow/example_dags/example_dataset_alias.py
[2025-03-06T23:51:59.785+0100] {logging_mixin.py:190} INFO - [2025-03-06T23:51:59.784+0100] {dag.py:3239} INFO - Sync 4 DAGs
[2025-03-06T23:51:59.801+0100] {logging_mixin.py:190} INFO - [2025-03-06T23:51:59.801+0100] {dag.py:4180} INFO - Setting next_dagrun for dataset_alias_example_alias_consumer to None, run_after=None
[2025-03-06T23:51:59.803+0100] {logging_mixin.py:190} INFO - [2025-03-06T23:51:59.803+0100] {dag.py:4180} INFO - Setting next_dagrun for dataset_alias_example_alias_producer to None, run_after=None
[2025-03-06T23:51:59.804+0100] {logging_mixin.py:190} INFO - [2025-03-06T23:51:59.803+0100] {dag.py:4180} INFO - Setting next_dagrun for dataset_s3_bucket_consumer to None, run_after=None
[2025-03-06T23:51:59.804+0100] {logging_mixin.py:190} INFO - [2025-03-06T23:51:59.804+0100] {dag.py:4180} INFO - Setting next_dagrun for dataset_s3_bucket_producer to None, run_after=None
[2025-03-06T23:51:59.824+0100] {processor.py:208} INFO - Processing /home/erij/Erij_Mazouz_4DS8_churn_ml_project/venv/lib/python3.8/site-packages/airflow/example_dags/example_dataset_alias.py took 0.083 seconds
[2025-03-06T23:52:56.219+0100] {processor.py:186} INFO - Started process (PID=58095) to work on /home/erij/Erij_Mazouz_4DS8_churn_ml_project/venv/lib/python3.8/site-packages/airflow/example_dags/example_dataset_alias.py
[2025-03-06T23:52:56.221+0100] {processor.py:914} INFO - Processing file /home/erij/Erij_Mazouz_4DS8_churn_ml_project/venv/lib/python3.8/site-packages/airflow/example_dags/example_dataset_alias.py for tasks to queue
[2025-03-06T23:52:56.224+0100] {logging_mixin.py:190} INFO - [2025-03-06T23:52:56.223+0100] {dagbag.py:588} INFO - Filling up the DagBag from /home/erij/Erij_Mazouz_4DS8_churn_ml_project/venv/lib/python3.8/site-packages/airflow/example_dags/example_dataset_alias.py
[2025-03-06T23:52:56.242+0100] {processor.py:925} INFO - DAG(s) 'dataset_alias_example_alias_producer', 'dataset_alias_example_alias_consumer', 'dataset_s3_bucket_consumer', 'dataset_s3_bucket_producer' retrieved from /home/erij/Erij_Mazouz_4DS8_churn_ml_project/venv/lib/python3.8/site-packages/airflow/example_dags/example_dataset_alias.py
[2025-03-06T23:52:56.258+0100] {logging_mixin.py:190} INFO - [2025-03-06T23:52:56.258+0100] {dag.py:3239} INFO - Sync 4 DAGs
[2025-03-06T23:52:56.275+0100] {logging_mixin.py:190} INFO - [2025-03-06T23:52:56.275+0100] {dag.py:4180} INFO - Setting next_dagrun for dataset_alias_example_alias_consumer to None, run_after=None
[2025-03-06T23:52:56.277+0100] {logging_mixin.py:190} INFO - [2025-03-06T23:52:56.277+0100] {dag.py:4180} INFO - Setting next_dagrun for dataset_alias_example_alias_producer to None, run_after=None
[2025-03-06T23:52:56.278+0100] {logging_mixin.py:190} INFO - [2025-03-06T23:52:56.278+0100] {dag.py:4180} INFO - Setting next_dagrun for dataset_s3_bucket_consumer to None, run_after=None
[2025-03-06T23:52:56.278+0100] {logging_mixin.py:190} INFO - [2025-03-06T23:52:56.278+0100] {dag.py:4180} INFO - Setting next_dagrun for dataset_s3_bucket_producer to None, run_after=None
[2025-03-06T23:52:56.301+0100] {processor.py:208} INFO - Processing /home/erij/Erij_Mazouz_4DS8_churn_ml_project/venv/lib/python3.8/site-packages/airflow/example_dags/example_dataset_alias.py took 0.086 seconds
[2025-03-06T23:53:52.846+0100] {processor.py:186} INFO - Started process (PID=58218) to work on /home/erij/Erij_Mazouz_4DS8_churn_ml_project/venv/lib/python3.8/site-packages/airflow/example_dags/example_dataset_alias.py
[2025-03-06T23:53:52.847+0100] {processor.py:914} INFO - Processing file /home/erij/Erij_Mazouz_4DS8_churn_ml_project/venv/lib/python3.8/site-packages/airflow/example_dags/example_dataset_alias.py for tasks to queue
[2025-03-06T23:53:52.849+0100] {logging_mixin.py:190} INFO - [2025-03-06T23:53:52.849+0100] {dagbag.py:588} INFO - Filling up the DagBag from /home/erij/Erij_Mazouz_4DS8_churn_ml_project/venv/lib/python3.8/site-packages/airflow/example_dags/example_dataset_alias.py
[2025-03-06T23:53:52.867+0100] {processor.py:925} INFO - DAG(s) 'dataset_s3_bucket_producer', 'dataset_alias_example_alias_consumer', 'dataset_alias_example_alias_producer', 'dataset_s3_bucket_consumer' retrieved from /home/erij/Erij_Mazouz_4DS8_churn_ml_project/venv/lib/python3.8/site-packages/airflow/example_dags/example_dataset_alias.py
[2025-03-06T23:53:52.882+0100] {logging_mixin.py:190} INFO - [2025-03-06T23:53:52.881+0100] {dag.py:3239} INFO - Sync 4 DAGs
[2025-03-06T23:53:52.898+0100] {logging_mixin.py:190} INFO - [2025-03-06T23:53:52.897+0100] {dag.py:4180} INFO - Setting next_dagrun for dataset_alias_example_alias_consumer to None, run_after=None
[2025-03-06T23:53:52.899+0100] {logging_mixin.py:190} INFO - [2025-03-06T23:53:52.899+0100] {dag.py:4180} INFO - Setting next_dagrun for dataset_alias_example_alias_producer to None, run_after=None
[2025-03-06T23:53:52.900+0100] {logging_mixin.py:190} INFO - [2025-03-06T23:53:52.900+0100] {dag.py:4180} INFO - Setting next_dagrun for dataset_s3_bucket_consumer to None, run_after=None
[2025-03-06T23:53:52.900+0100] {logging_mixin.py:190} INFO - [2025-03-06T23:53:52.900+0100] {dag.py:4180} INFO - Setting next_dagrun for dataset_s3_bucket_producer to None, run_after=None
[2025-03-06T23:53:52.922+0100] {processor.py:208} INFO - Processing /home/erij/Erij_Mazouz_4DS8_churn_ml_project/venv/lib/python3.8/site-packages/airflow/example_dags/example_dataset_alias.py took 0.081 seconds
[2025-03-06T23:54:51.158+0100] {processor.py:186} INFO - Started process (PID=58593) to work on /home/erij/Erij_Mazouz_4DS8_churn_ml_project/venv/lib/python3.8/site-packages/airflow/example_dags/example_dataset_alias.py
[2025-03-06T23:54:51.160+0100] {processor.py:914} INFO - Processing file /home/erij/Erij_Mazouz_4DS8_churn_ml_project/venv/lib/python3.8/site-packages/airflow/example_dags/example_dataset_alias.py for tasks to queue
[2025-03-06T23:54:51.162+0100] {logging_mixin.py:190} INFO - [2025-03-06T23:54:51.162+0100] {dagbag.py:588} INFO - Filling up the DagBag from /home/erij/Erij_Mazouz_4DS8_churn_ml_project/venv/lib/python3.8/site-packages/airflow/example_dags/example_dataset_alias.py
[2025-03-06T23:54:51.181+0100] {processor.py:925} INFO - DAG(s) 'dataset_alias_example_alias_consumer', 'dataset_s3_bucket_producer', 'dataset_s3_bucket_consumer', 'dataset_alias_example_alias_producer' retrieved from /home/erij/Erij_Mazouz_4DS8_churn_ml_project/venv/lib/python3.8/site-packages/airflow/example_dags/example_dataset_alias.py
[2025-03-06T23:54:51.197+0100] {logging_mixin.py:190} INFO - [2025-03-06T23:54:51.196+0100] {dag.py:3239} INFO - Sync 4 DAGs
[2025-03-06T23:54:51.213+0100] {logging_mixin.py:190} INFO - [2025-03-06T23:54:51.213+0100] {dag.py:4180} INFO - Setting next_dagrun for dataset_alias_example_alias_consumer to None, run_after=None
[2025-03-06T23:54:51.214+0100] {logging_mixin.py:190} INFO - [2025-03-06T23:54:51.214+0100] {dag.py:4180} INFO - Setting next_dagrun for dataset_alias_example_alias_producer to None, run_after=None
[2025-03-06T23:54:51.215+0100] {logging_mixin.py:190} INFO - [2025-03-06T23:54:51.215+0100] {dag.py:4180} INFO - Setting next_dagrun for dataset_s3_bucket_consumer to None, run_after=None
[2025-03-06T23:54:51.215+0100] {logging_mixin.py:190} INFO - [2025-03-06T23:54:51.215+0100] {dag.py:4180} INFO - Setting next_dagrun for dataset_s3_bucket_producer to None, run_after=None
[2025-03-06T23:54:51.234+0100] {processor.py:208} INFO - Processing /home/erij/Erij_Mazouz_4DS8_churn_ml_project/venv/lib/python3.8/site-packages/airflow/example_dags/example_dataset_alias.py took 0.082 seconds
[2025-03-06T23:55:48.514+0100] {processor.py:186} INFO - Started process (PID=59156) to work on /home/erij/Erij_Mazouz_4DS8_churn_ml_project/venv/lib/python3.8/site-packages/airflow/example_dags/example_dataset_alias.py
[2025-03-06T23:55:48.516+0100] {processor.py:914} INFO - Processing file /home/erij/Erij_Mazouz_4DS8_churn_ml_project/venv/lib/python3.8/site-packages/airflow/example_dags/example_dataset_alias.py for tasks to queue
[2025-03-06T23:55:48.518+0100] {logging_mixin.py:190} INFO - [2025-03-06T23:55:48.517+0100] {dagbag.py:588} INFO - Filling up the DagBag from /home/erij/Erij_Mazouz_4DS8_churn_ml_project/venv/lib/python3.8/site-packages/airflow/example_dags/example_dataset_alias.py
[2025-03-06T23:55:48.534+0100] {processor.py:925} INFO - DAG(s) 'dataset_s3_bucket_producer', 'dataset_alias_example_alias_producer', 'dataset_alias_example_alias_consumer', 'dataset_s3_bucket_consumer' retrieved from /home/erij/Erij_Mazouz_4DS8_churn_ml_project/venv/lib/python3.8/site-packages/airflow/example_dags/example_dataset_alias.py
[2025-03-06T23:55:48.548+0100] {logging_mixin.py:190} INFO - [2025-03-06T23:55:48.548+0100] {dag.py:3239} INFO - Sync 4 DAGs
[2025-03-06T23:55:48.563+0100] {logging_mixin.py:190} INFO - [2025-03-06T23:55:48.562+0100] {dag.py:4180} INFO - Setting next_dagrun for dataset_alias_example_alias_consumer to None, run_after=None
[2025-03-06T23:55:48.564+0100] {logging_mixin.py:190} INFO - [2025-03-06T23:55:48.564+0100] {dag.py:4180} INFO - Setting next_dagrun for dataset_alias_example_alias_producer to None, run_after=None
[2025-03-06T23:55:48.565+0100] {logging_mixin.py:190} INFO - [2025-03-06T23:55:48.565+0100] {dag.py:4180} INFO - Setting next_dagrun for dataset_s3_bucket_consumer to None, run_after=None
[2025-03-06T23:55:48.566+0100] {logging_mixin.py:190} INFO - [2025-03-06T23:55:48.565+0100] {dag.py:4180} INFO - Setting next_dagrun for dataset_s3_bucket_producer to None, run_after=None
[2025-03-06T23:55:48.583+0100] {processor.py:208} INFO - Processing /home/erij/Erij_Mazouz_4DS8_churn_ml_project/venv/lib/python3.8/site-packages/airflow/example_dags/example_dataset_alias.py took 0.074 seconds
[2025-03-06T23:56:45.198+0100] {processor.py:186} INFO - Started process (PID=59284) to work on /home/erij/Erij_Mazouz_4DS8_churn_ml_project/venv/lib/python3.8/site-packages/airflow/example_dags/example_dataset_alias.py
[2025-03-06T23:56:45.200+0100] {processor.py:914} INFO - Processing file /home/erij/Erij_Mazouz_4DS8_churn_ml_project/venv/lib/python3.8/site-packages/airflow/example_dags/example_dataset_alias.py for tasks to queue
[2025-03-06T23:56:45.202+0100] {logging_mixin.py:190} INFO - [2025-03-06T23:56:45.202+0100] {dagbag.py:588} INFO - Filling up the DagBag from /home/erij/Erij_Mazouz_4DS8_churn_ml_project/venv/lib/python3.8/site-packages/airflow/example_dags/example_dataset_alias.py
[2025-03-06T23:56:45.221+0100] {processor.py:925} INFO - DAG(s) 'dataset_alias_example_alias_producer', 'dataset_alias_example_alias_consumer', 'dataset_s3_bucket_consumer', 'dataset_s3_bucket_producer' retrieved from /home/erij/Erij_Mazouz_4DS8_churn_ml_project/venv/lib/python3.8/site-packages/airflow/example_dags/example_dataset_alias.py
[2025-03-06T23:56:45.239+0100] {logging_mixin.py:190} INFO - [2025-03-06T23:56:45.238+0100] {dag.py:3239} INFO - Sync 4 DAGs
[2025-03-06T23:56:45.256+0100] {logging_mixin.py:190} INFO - [2025-03-06T23:56:45.255+0100] {dag.py:4180} INFO - Setting next_dagrun for dataset_alias_example_alias_consumer to None, run_after=None
[2025-03-06T23:56:45.257+0100] {logging_mixin.py:190} INFO - [2025-03-06T23:56:45.257+0100] {dag.py:4180} INFO - Setting next_dagrun for dataset_alias_example_alias_producer to None, run_after=None
[2025-03-06T23:56:45.258+0100] {logging_mixin.py:190} INFO - [2025-03-06T23:56:45.258+0100] {dag.py:4180} INFO - Setting next_dagrun for dataset_s3_bucket_consumer to None, run_after=None
[2025-03-06T23:56:45.259+0100] {logging_mixin.py:190} INFO - [2025-03-06T23:56:45.259+0100] {dag.py:4180} INFO - Setting next_dagrun for dataset_s3_bucket_producer to None, run_after=None
[2025-03-06T23:56:45.279+0100] {processor.py:208} INFO - Processing /home/erij/Erij_Mazouz_4DS8_churn_ml_project/venv/lib/python3.8/site-packages/airflow/example_dags/example_dataset_alias.py took 0.087 seconds
[2025-03-06T23:57:39.343+0100] {processor.py:186} INFO - Started process (PID=59410) to work on /home/erij/Erij_Mazouz_4DS8_churn_ml_project/venv/lib/python3.8/site-packages/airflow/example_dags/example_dataset_alias.py
[2025-03-06T23:57:39.345+0100] {processor.py:914} INFO - Processing file /home/erij/Erij_Mazouz_4DS8_churn_ml_project/venv/lib/python3.8/site-packages/airflow/example_dags/example_dataset_alias.py for tasks to queue
[2025-03-06T23:57:39.347+0100] {logging_mixin.py:190} INFO - [2025-03-06T23:57:39.347+0100] {dagbag.py:588} INFO - Filling up the DagBag from /home/erij/Erij_Mazouz_4DS8_churn_ml_project/venv/lib/python3.8/site-packages/airflow/example_dags/example_dataset_alias.py
[2025-03-06T23:57:39.368+0100] {processor.py:925} INFO - DAG(s) 'dataset_s3_bucket_consumer', 'dataset_alias_example_alias_producer', 'dataset_s3_bucket_producer', 'dataset_alias_example_alias_consumer' retrieved from /home/erij/Erij_Mazouz_4DS8_churn_ml_project/venv/lib/python3.8/site-packages/airflow/example_dags/example_dataset_alias.py
[2025-03-06T23:57:39.384+0100] {logging_mixin.py:190} INFO - [2025-03-06T23:57:39.384+0100] {dag.py:3239} INFO - Sync 4 DAGs
[2025-03-06T23:57:39.400+0100] {logging_mixin.py:190} INFO - [2025-03-06T23:57:39.400+0100] {dag.py:4180} INFO - Setting next_dagrun for dataset_alias_example_alias_consumer to None, run_after=None
[2025-03-06T23:57:39.401+0100] {logging_mixin.py:190} INFO - [2025-03-06T23:57:39.401+0100] {dag.py:4180} INFO - Setting next_dagrun for dataset_alias_example_alias_producer to None, run_after=None
[2025-03-06T23:57:39.402+0100] {logging_mixin.py:190} INFO - [2025-03-06T23:57:39.402+0100] {dag.py:4180} INFO - Setting next_dagrun for dataset_s3_bucket_consumer to None, run_after=None
[2025-03-06T23:57:39.403+0100] {logging_mixin.py:190} INFO - [2025-03-06T23:57:39.403+0100] {dag.py:4180} INFO - Setting next_dagrun for dataset_s3_bucket_producer to None, run_after=None
[2025-03-06T23:57:39.423+0100] {processor.py:208} INFO - Processing /home/erij/Erij_Mazouz_4DS8_churn_ml_project/venv/lib/python3.8/site-packages/airflow/example_dags/example_dataset_alias.py took 0.086 seconds
[2025-03-06T23:58:33.702+0100] {processor.py:186} INFO - Started process (PID=59553) to work on /home/erij/Erij_Mazouz_4DS8_churn_ml_project/venv/lib/python3.8/site-packages/airflow/example_dags/example_dataset_alias.py
[2025-03-06T23:58:33.704+0100] {processor.py:914} INFO - Processing file /home/erij/Erij_Mazouz_4DS8_churn_ml_project/venv/lib/python3.8/site-packages/airflow/example_dags/example_dataset_alias.py for tasks to queue
[2025-03-06T23:58:33.707+0100] {logging_mixin.py:190} INFO - [2025-03-06T23:58:33.706+0100] {dagbag.py:588} INFO - Filling up the DagBag from /home/erij/Erij_Mazouz_4DS8_churn_ml_project/venv/lib/python3.8/site-packages/airflow/example_dags/example_dataset_alias.py
[2025-03-06T23:58:33.725+0100] {processor.py:925} INFO - DAG(s) 'dataset_alias_example_alias_consumer', 'dataset_s3_bucket_consumer', 'dataset_alias_example_alias_producer', 'dataset_s3_bucket_producer' retrieved from /home/erij/Erij_Mazouz_4DS8_churn_ml_project/venv/lib/python3.8/site-packages/airflow/example_dags/example_dataset_alias.py
[2025-03-06T23:58:33.740+0100] {logging_mixin.py:190} INFO - [2025-03-06T23:58:33.740+0100] {dag.py:3239} INFO - Sync 4 DAGs
[2025-03-06T23:58:33.755+0100] {logging_mixin.py:190} INFO - [2025-03-06T23:58:33.755+0100] {dag.py:4180} INFO - Setting next_dagrun for dataset_alias_example_alias_consumer to None, run_after=None
[2025-03-06T23:58:33.757+0100] {logging_mixin.py:190} INFO - [2025-03-06T23:58:33.757+0100] {dag.py:4180} INFO - Setting next_dagrun for dataset_alias_example_alias_producer to None, run_after=None
[2025-03-06T23:58:33.757+0100] {logging_mixin.py:190} INFO - [2025-03-06T23:58:33.757+0100] {dag.py:4180} INFO - Setting next_dagrun for dataset_s3_bucket_consumer to None, run_after=None
[2025-03-06T23:58:33.758+0100] {logging_mixin.py:190} INFO - [2025-03-06T23:58:33.758+0100] {dag.py:4180} INFO - Setting next_dagrun for dataset_s3_bucket_producer to None, run_after=None
[2025-03-06T23:58:33.780+0100] {processor.py:208} INFO - Processing /home/erij/Erij_Mazouz_4DS8_churn_ml_project/venv/lib/python3.8/site-packages/airflow/example_dags/example_dataset_alias.py took 0.082 seconds
[2025-03-06T23:59:24.038+0100] {processor.py:186} INFO - Started process (PID=59695) to work on /home/erij/Erij_Mazouz_4DS8_churn_ml_project/venv/lib/python3.8/site-packages/airflow/example_dags/example_dataset_alias.py
[2025-03-06T23:59:24.040+0100] {processor.py:914} INFO - Processing file /home/erij/Erij_Mazouz_4DS8_churn_ml_project/venv/lib/python3.8/site-packages/airflow/example_dags/example_dataset_alias.py for tasks to queue
[2025-03-06T23:59:24.042+0100] {logging_mixin.py:190} INFO - [2025-03-06T23:59:24.042+0100] {dagbag.py:588} INFO - Filling up the DagBag from /home/erij/Erij_Mazouz_4DS8_churn_ml_project/venv/lib/python3.8/site-packages/airflow/example_dags/example_dataset_alias.py
[2025-03-06T23:59:24.060+0100] {processor.py:925} INFO - DAG(s) 'dataset_alias_example_alias_producer', 'dataset_alias_example_alias_consumer', 'dataset_s3_bucket_producer', 'dataset_s3_bucket_consumer' retrieved from /home/erij/Erij_Mazouz_4DS8_churn_ml_project/venv/lib/python3.8/site-packages/airflow/example_dags/example_dataset_alias.py
[2025-03-06T23:59:24.074+0100] {logging_mixin.py:190} INFO - [2025-03-06T23:59:24.074+0100] {dag.py:3239} INFO - Sync 4 DAGs
[2025-03-06T23:59:24.089+0100] {logging_mixin.py:190} INFO - [2025-03-06T23:59:24.089+0100] {dag.py:4180} INFO - Setting next_dagrun for dataset_alias_example_alias_consumer to None, run_after=None
[2025-03-06T23:59:24.091+0100] {logging_mixin.py:190} INFO - [2025-03-06T23:59:24.091+0100] {dag.py:4180} INFO - Setting next_dagrun for dataset_alias_example_alias_producer to None, run_after=None
[2025-03-06T23:59:24.092+0100] {logging_mixin.py:190} INFO - [2025-03-06T23:59:24.091+0100] {dag.py:4180} INFO - Setting next_dagrun for dataset_s3_bucket_consumer to None, run_after=None
[2025-03-06T23:59:24.092+0100] {logging_mixin.py:190} INFO - [2025-03-06T23:59:24.092+0100] {dag.py:4180} INFO - Setting next_dagrun for dataset_s3_bucket_producer to None, run_after=None
[2025-03-06T23:59:24.112+0100] {processor.py:208} INFO - Processing /home/erij/Erij_Mazouz_4DS8_churn_ml_project/venv/lib/python3.8/site-packages/airflow/example_dags/example_dataset_alias.py took 0.079 seconds
[2025-03-07T00:00:16.131+0100] {processor.py:186} INFO - Started process (PID=59881) to work on /home/erij/Erij_Mazouz_4DS8_churn_ml_project/venv/lib/python3.8/site-packages/airflow/example_dags/example_dataset_alias.py
[2025-03-07T00:00:16.133+0100] {processor.py:914} INFO - Processing file /home/erij/Erij_Mazouz_4DS8_churn_ml_project/venv/lib/python3.8/site-packages/airflow/example_dags/example_dataset_alias.py for tasks to queue
[2025-03-07T00:00:16.135+0100] {logging_mixin.py:190} INFO - [2025-03-07T00:00:16.135+0100] {dagbag.py:588} INFO - Filling up the DagBag from /home/erij/Erij_Mazouz_4DS8_churn_ml_project/venv/lib/python3.8/site-packages/airflow/example_dags/example_dataset_alias.py
[2025-03-07T00:00:16.155+0100] {processor.py:925} INFO - DAG(s) 'dataset_alias_example_alias_producer', 'dataset_s3_bucket_consumer', 'dataset_alias_example_alias_consumer', 'dataset_s3_bucket_producer' retrieved from /home/erij/Erij_Mazouz_4DS8_churn_ml_project/venv/lib/python3.8/site-packages/airflow/example_dags/example_dataset_alias.py
[2025-03-07T00:00:16.170+0100] {logging_mixin.py:190} INFO - [2025-03-07T00:00:16.170+0100] {dag.py:3239} INFO - Sync 4 DAGs
[2025-03-07T00:00:16.186+0100] {logging_mixin.py:190} INFO - [2025-03-07T00:00:16.186+0100] {dag.py:4180} INFO - Setting next_dagrun for dataset_alias_example_alias_consumer to None, run_after=None
[2025-03-07T00:00:16.188+0100] {logging_mixin.py:190} INFO - [2025-03-07T00:00:16.188+0100] {dag.py:4180} INFO - Setting next_dagrun for dataset_alias_example_alias_producer to None, run_after=None
[2025-03-07T00:00:16.188+0100] {logging_mixin.py:190} INFO - [2025-03-07T00:00:16.188+0100] {dag.py:4180} INFO - Setting next_dagrun for dataset_s3_bucket_consumer to None, run_after=None
[2025-03-07T00:00:16.189+0100] {logging_mixin.py:190} INFO - [2025-03-07T00:00:16.189+0100] {dag.py:4180} INFO - Setting next_dagrun for dataset_s3_bucket_producer to None, run_after=None
[2025-03-07T00:00:16.219+0100] {processor.py:208} INFO - Processing /home/erij/Erij_Mazouz_4DS8_churn_ml_project/venv/lib/python3.8/site-packages/airflow/example_dags/example_dataset_alias.py took 0.093 seconds
[2025-03-07T00:01:09.610+0100] {processor.py:186} INFO - Started process (PID=60068) to work on /home/erij/Erij_Mazouz_4DS8_churn_ml_project/venv/lib/python3.8/site-packages/airflow/example_dags/example_dataset_alias.py
[2025-03-07T00:01:09.612+0100] {processor.py:914} INFO - Processing file /home/erij/Erij_Mazouz_4DS8_churn_ml_project/venv/lib/python3.8/site-packages/airflow/example_dags/example_dataset_alias.py for tasks to queue
[2025-03-07T00:01:09.614+0100] {logging_mixin.py:190} INFO - [2025-03-07T00:01:09.613+0100] {dagbag.py:588} INFO - Filling up the DagBag from /home/erij/Erij_Mazouz_4DS8_churn_ml_project/venv/lib/python3.8/site-packages/airflow/example_dags/example_dataset_alias.py
[2025-03-07T00:01:09.633+0100] {processor.py:925} INFO - DAG(s) 'dataset_s3_bucket_producer', 'dataset_alias_example_alias_producer', 'dataset_s3_bucket_consumer', 'dataset_alias_example_alias_consumer' retrieved from /home/erij/Erij_Mazouz_4DS8_churn_ml_project/venv/lib/python3.8/site-packages/airflow/example_dags/example_dataset_alias.py
[2025-03-07T00:01:09.652+0100] {logging_mixin.py:190} INFO - [2025-03-07T00:01:09.651+0100] {dag.py:3239} INFO - Sync 4 DAGs
[2025-03-07T00:01:09.669+0100] {logging_mixin.py:190} INFO - [2025-03-07T00:01:09.669+0100] {dag.py:4180} INFO - Setting next_dagrun for dataset_alias_example_alias_consumer to None, run_after=None
[2025-03-07T00:01:09.671+0100] {logging_mixin.py:190} INFO - [2025-03-07T00:01:09.671+0100] {dag.py:4180} INFO - Setting next_dagrun for dataset_alias_example_alias_producer to None, run_after=None
[2025-03-07T00:01:09.672+0100] {logging_mixin.py:190} INFO - [2025-03-07T00:01:09.672+0100] {dag.py:4180} INFO - Setting next_dagrun for dataset_s3_bucket_consumer to None, run_after=None
[2025-03-07T00:01:09.673+0100] {logging_mixin.py:190} INFO - [2025-03-07T00:01:09.673+0100] {dag.py:4180} INFO - Setting next_dagrun for dataset_s3_bucket_producer to None, run_after=None
[2025-03-07T00:01:09.695+0100] {processor.py:208} INFO - Processing /home/erij/Erij_Mazouz_4DS8_churn_ml_project/venv/lib/python3.8/site-packages/airflow/example_dags/example_dataset_alias.py took 0.092 seconds
[2025-03-07T00:02:03.917+0100] {processor.py:186} INFO - Started process (PID=60225) to work on /home/erij/Erij_Mazouz_4DS8_churn_ml_project/venv/lib/python3.8/site-packages/airflow/example_dags/example_dataset_alias.py
[2025-03-07T00:02:03.920+0100] {processor.py:914} INFO - Processing file /home/erij/Erij_Mazouz_4DS8_churn_ml_project/venv/lib/python3.8/site-packages/airflow/example_dags/example_dataset_alias.py for tasks to queue
[2025-03-07T00:02:03.922+0100] {logging_mixin.py:190} INFO - [2025-03-07T00:02:03.921+0100] {dagbag.py:588} INFO - Filling up the DagBag from /home/erij/Erij_Mazouz_4DS8_churn_ml_project/venv/lib/python3.8/site-packages/airflow/example_dags/example_dataset_alias.py
[2025-03-07T00:02:03.940+0100] {processor.py:925} INFO - DAG(s) 'dataset_s3_bucket_consumer', 'dataset_alias_example_alias_consumer', 'dataset_s3_bucket_producer', 'dataset_alias_example_alias_producer' retrieved from /home/erij/Erij_Mazouz_4DS8_churn_ml_project/venv/lib/python3.8/site-packages/airflow/example_dags/example_dataset_alias.py
[2025-03-07T00:02:03.957+0100] {logging_mixin.py:190} INFO - [2025-03-07T00:02:03.956+0100] {dag.py:3239} INFO - Sync 4 DAGs
[2025-03-07T00:02:03.975+0100] {logging_mixin.py:190} INFO - [2025-03-07T00:02:03.975+0100] {dag.py:4180} INFO - Setting next_dagrun for dataset_alias_example_alias_consumer to None, run_after=None
[2025-03-07T00:02:03.977+0100] {logging_mixin.py:190} INFO - [2025-03-07T00:02:03.976+0100] {dag.py:4180} INFO - Setting next_dagrun for dataset_alias_example_alias_producer to None, run_after=None
[2025-03-07T00:02:03.977+0100] {logging_mixin.py:190} INFO - [2025-03-07T00:02:03.977+0100] {dag.py:4180} INFO - Setting next_dagrun for dataset_s3_bucket_consumer to None, run_after=None
[2025-03-07T00:02:03.978+0100] {logging_mixin.py:190} INFO - [2025-03-07T00:02:03.978+0100] {dag.py:4180} INFO - Setting next_dagrun for dataset_s3_bucket_producer to None, run_after=None
[2025-03-07T00:02:03.999+0100] {processor.py:208} INFO - Processing /home/erij/Erij_Mazouz_4DS8_churn_ml_project/venv/lib/python3.8/site-packages/airflow/example_dags/example_dataset_alias.py took 0.087 seconds
[2025-03-07T00:03:02.431+0100] {processor.py:186} INFO - Started process (PID=60440) to work on /home/erij/Erij_Mazouz_4DS8_churn_ml_project/venv/lib/python3.8/site-packages/airflow/example_dags/example_dataset_alias.py
[2025-03-07T00:03:02.433+0100] {processor.py:914} INFO - Processing file /home/erij/Erij_Mazouz_4DS8_churn_ml_project/venv/lib/python3.8/site-packages/airflow/example_dags/example_dataset_alias.py for tasks to queue
[2025-03-07T00:03:02.436+0100] {logging_mixin.py:190} INFO - [2025-03-07T00:03:02.435+0100] {dagbag.py:588} INFO - Filling up the DagBag from /home/erij/Erij_Mazouz_4DS8_churn_ml_project/venv/lib/python3.8/site-packages/airflow/example_dags/example_dataset_alias.py
[2025-03-07T00:03:02.453+0100] {processor.py:925} INFO - DAG(s) 'dataset_s3_bucket_producer', 'dataset_s3_bucket_consumer', 'dataset_alias_example_alias_consumer', 'dataset_alias_example_alias_producer' retrieved from /home/erij/Erij_Mazouz_4DS8_churn_ml_project/venv/lib/python3.8/site-packages/airflow/example_dags/example_dataset_alias.py
[2025-03-07T00:03:02.468+0100] {logging_mixin.py:190} INFO - [2025-03-07T00:03:02.468+0100] {dag.py:3239} INFO - Sync 4 DAGs
[2025-03-07T00:03:02.485+0100] {logging_mixin.py:190} INFO - [2025-03-07T00:03:02.485+0100] {dag.py:4180} INFO - Setting next_dagrun for dataset_alias_example_alias_consumer to None, run_after=None
[2025-03-07T00:03:02.486+0100] {logging_mixin.py:190} INFO - [2025-03-07T00:03:02.486+0100] {dag.py:4180} INFO - Setting next_dagrun for dataset_alias_example_alias_producer to None, run_after=None
[2025-03-07T00:03:02.487+0100] {logging_mixin.py:190} INFO - [2025-03-07T00:03:02.487+0100] {dag.py:4180} INFO - Setting next_dagrun for dataset_s3_bucket_consumer to None, run_after=None
[2025-03-07T00:03:02.488+0100] {logging_mixin.py:190} INFO - [2025-03-07T00:03:02.488+0100] {dag.py:4180} INFO - Setting next_dagrun for dataset_s3_bucket_producer to None, run_after=None
[2025-03-07T00:03:02.508+0100] {processor.py:208} INFO - Processing /home/erij/Erij_Mazouz_4DS8_churn_ml_project/venv/lib/python3.8/site-packages/airflow/example_dags/example_dataset_alias.py took 0.082 seconds
