[2025-03-06T23:40:16.006+0100] {processor.py:186} INFO - Started process (PID=56432) to work on /home/erij/Erij_Mazouz_4DS8_churn_ml_project/venv/lib/python3.8/site-packages/airflow/example_dags/example_branch_python_dop_operator_3.py
[2025-03-06T23:40:16.007+0100] {processor.py:914} INFO - Processing file /home/erij/Erij_Mazouz_4DS8_churn_ml_project/venv/lib/python3.8/site-packages/airflow/example_dags/example_branch_python_dop_operator_3.py for tasks to queue
[2025-03-06T23:40:16.009+0100] {logging_mixin.py:190} INFO - [2025-03-06T23:40:16.009+0100] {dagbag.py:588} INFO - Filling up the DagBag from /home/erij/Erij_Mazouz_4DS8_churn_ml_project/venv/lib/python3.8/site-packages/airflow/example_dags/example_branch_python_dop_operator_3.py
[2025-03-06T23:40:16.018+0100] {processor.py:925} INFO - DAG(s) 'example_branch_dop_operator_v3' retrieved from /home/erij/Erij_Mazouz_4DS8_churn_ml_project/venv/lib/python3.8/site-packages/airflow/example_dags/example_branch_python_dop_operator_3.py
[2025-03-06T23:40:16.030+0100] {logging_mixin.py:190} INFO - [2025-03-06T23:40:16.029+0100] {dag.py:3239} INFO - Sync 1 DAGs
[2025-03-06T23:40:16.048+0100] {logging_mixin.py:190} INFO - [2025-03-06T23:40:16.048+0100] {dag.py:4180} INFO - Setting next_dagrun for example_branch_dop_operator_v3 to 2025-03-06 22:39:00+00:00, run_after=2025-03-06 22:40:00+00:00
[2025-03-06T23:40:16.066+0100] {processor.py:208} INFO - Processing /home/erij/Erij_Mazouz_4DS8_churn_ml_project/venv/lib/python3.8/site-packages/airflow/example_dags/example_branch_python_dop_operator_3.py took 0.066 seconds
[2025-03-06T23:41:28.826+0100] {processor.py:186} INFO - Started process (PID=56610) to work on /home/erij/Erij_Mazouz_4DS8_churn_ml_project/venv/lib/python3.8/site-packages/airflow/example_dags/example_branch_python_dop_operator_3.py
[2025-03-06T23:41:28.829+0100] {processor.py:914} INFO - Processing file /home/erij/Erij_Mazouz_4DS8_churn_ml_project/venv/lib/python3.8/site-packages/airflow/example_dags/example_branch_python_dop_operator_3.py for tasks to queue
[2025-03-06T23:41:28.831+0100] {logging_mixin.py:190} INFO - [2025-03-06T23:41:28.830+0100] {dagbag.py:588} INFO - Filling up the DagBag from /home/erij/Erij_Mazouz_4DS8_churn_ml_project/venv/lib/python3.8/site-packages/airflow/example_dags/example_branch_python_dop_operator_3.py
[2025-03-06T23:41:28.840+0100] {processor.py:925} INFO - DAG(s) 'example_branch_dop_operator_v3' retrieved from /home/erij/Erij_Mazouz_4DS8_churn_ml_project/venv/lib/python3.8/site-packages/airflow/example_dags/example_branch_python_dop_operator_3.py
[2025-03-06T23:41:28.852+0100] {logging_mixin.py:190} INFO - [2025-03-06T23:41:28.852+0100] {dag.py:3239} INFO - Sync 1 DAGs
[2025-03-06T23:41:28.872+0100] {logging_mixin.py:190} INFO - [2025-03-06T23:41:28.871+0100] {dag.py:4180} INFO - Setting next_dagrun for example_branch_dop_operator_v3 to 2025-03-06 22:40:00+00:00, run_after=2025-03-06 22:41:00+00:00
[2025-03-06T23:41:28.892+0100] {processor.py:208} INFO - Processing /home/erij/Erij_Mazouz_4DS8_churn_ml_project/venv/lib/python3.8/site-packages/airflow/example_dags/example_branch_python_dop_operator_3.py took 0.070 seconds
[2025-03-06T23:42:24.248+0100] {processor.py:186} INFO - Started process (PID=56741) to work on /home/erij/Erij_Mazouz_4DS8_churn_ml_project/venv/lib/python3.8/site-packages/airflow/example_dags/example_branch_python_dop_operator_3.py
[2025-03-06T23:42:24.251+0100] {processor.py:914} INFO - Processing file /home/erij/Erij_Mazouz_4DS8_churn_ml_project/venv/lib/python3.8/site-packages/airflow/example_dags/example_branch_python_dop_operator_3.py for tasks to queue
[2025-03-06T23:42:24.253+0100] {logging_mixin.py:190} INFO - [2025-03-06T23:42:24.252+0100] {dagbag.py:588} INFO - Filling up the DagBag from /home/erij/Erij_Mazouz_4DS8_churn_ml_project/venv/lib/python3.8/site-packages/airflow/example_dags/example_branch_python_dop_operator_3.py
[2025-03-06T23:42:24.262+0100] {processor.py:925} INFO - DAG(s) 'example_branch_dop_operator_v3' retrieved from /home/erij/Erij_Mazouz_4DS8_churn_ml_project/venv/lib/python3.8/site-packages/airflow/example_dags/example_branch_python_dop_operator_3.py
[2025-03-06T23:42:24.275+0100] {logging_mixin.py:190} INFO - [2025-03-06T23:42:24.275+0100] {dag.py:3239} INFO - Sync 1 DAGs
[2025-03-06T23:42:24.294+0100] {logging_mixin.py:190} INFO - [2025-03-06T23:42:24.294+0100] {dag.py:4180} INFO - Setting next_dagrun for example_branch_dop_operator_v3 to 2025-03-06 22:41:00+00:00, run_after=2025-03-06 22:42:00+00:00
[2025-03-06T23:42:24.311+0100] {processor.py:208} INFO - Processing /home/erij/Erij_Mazouz_4DS8_churn_ml_project/venv/lib/python3.8/site-packages/airflow/example_dags/example_branch_python_dop_operator_3.py took 0.070 seconds
[2025-03-06T23:43:20.708+0100] {processor.py:186} INFO - Started process (PID=56871) to work on /home/erij/Erij_Mazouz_4DS8_churn_ml_project/venv/lib/python3.8/site-packages/airflow/example_dags/example_branch_python_dop_operator_3.py
[2025-03-06T23:43:20.710+0100] {processor.py:914} INFO - Processing file /home/erij/Erij_Mazouz_4DS8_churn_ml_project/venv/lib/python3.8/site-packages/airflow/example_dags/example_branch_python_dop_operator_3.py for tasks to queue
[2025-03-06T23:43:20.712+0100] {logging_mixin.py:190} INFO - [2025-03-06T23:43:20.711+0100] {dagbag.py:588} INFO - Filling up the DagBag from /home/erij/Erij_Mazouz_4DS8_churn_ml_project/venv/lib/python3.8/site-packages/airflow/example_dags/example_branch_python_dop_operator_3.py
[2025-03-06T23:43:20.720+0100] {processor.py:925} INFO - DAG(s) 'example_branch_dop_operator_v3' retrieved from /home/erij/Erij_Mazouz_4DS8_churn_ml_project/venv/lib/python3.8/site-packages/airflow/example_dags/example_branch_python_dop_operator_3.py
[2025-03-06T23:43:20.731+0100] {logging_mixin.py:190} INFO - [2025-03-06T23:43:20.731+0100] {dag.py:3239} INFO - Sync 1 DAGs
[2025-03-06T23:43:20.749+0100] {logging_mixin.py:190} INFO - [2025-03-06T23:43:20.749+0100] {dag.py:4180} INFO - Setting next_dagrun for example_branch_dop_operator_v3 to 2025-03-06 22:42:00+00:00, run_after=2025-03-06 22:43:00+00:00
[2025-03-06T23:43:20.767+0100] {processor.py:208} INFO - Processing /home/erij/Erij_Mazouz_4DS8_churn_ml_project/venv/lib/python3.8/site-packages/airflow/example_dags/example_branch_python_dop_operator_3.py took 0.064 seconds
[2025-03-06T23:44:40.345+0100] {processor.py:186} INFO - Started process (PID=57077) to work on /home/erij/Erij_Mazouz_4DS8_churn_ml_project/venv/lib/python3.8/site-packages/airflow/example_dags/example_branch_python_dop_operator_3.py
[2025-03-06T23:44:40.347+0100] {processor.py:914} INFO - Processing file /home/erij/Erij_Mazouz_4DS8_churn_ml_project/venv/lib/python3.8/site-packages/airflow/example_dags/example_branch_python_dop_operator_3.py for tasks to queue
[2025-03-06T23:44:40.349+0100] {logging_mixin.py:190} INFO - [2025-03-06T23:44:40.349+0100] {dagbag.py:588} INFO - Filling up the DagBag from /home/erij/Erij_Mazouz_4DS8_churn_ml_project/venv/lib/python3.8/site-packages/airflow/example_dags/example_branch_python_dop_operator_3.py
[2025-03-06T23:44:40.358+0100] {processor.py:925} INFO - DAG(s) 'example_branch_dop_operator_v3' retrieved from /home/erij/Erij_Mazouz_4DS8_churn_ml_project/venv/lib/python3.8/site-packages/airflow/example_dags/example_branch_python_dop_operator_3.py
[2025-03-06T23:44:40.371+0100] {logging_mixin.py:190} INFO - [2025-03-06T23:44:40.371+0100] {dag.py:3239} INFO - Sync 1 DAGs
[2025-03-06T23:44:40.390+0100] {logging_mixin.py:190} INFO - [2025-03-06T23:44:40.390+0100] {dag.py:4180} INFO - Setting next_dagrun for example_branch_dop_operator_v3 to 2025-03-06 22:43:00+00:00, run_after=2025-03-06 22:44:00+00:00
[2025-03-06T23:44:40.428+0100] {processor.py:208} INFO - Processing /home/erij/Erij_Mazouz_4DS8_churn_ml_project/venv/lib/python3.8/site-packages/airflow/example_dags/example_branch_python_dop_operator_3.py took 0.088 seconds
[2025-03-06T23:45:36.088+0100] {processor.py:186} INFO - Started process (PID=57198) to work on /home/erij/Erij_Mazouz_4DS8_churn_ml_project/venv/lib/python3.8/site-packages/airflow/example_dags/example_branch_python_dop_operator_3.py
[2025-03-06T23:45:36.103+0100] {processor.py:914} INFO - Processing file /home/erij/Erij_Mazouz_4DS8_churn_ml_project/venv/lib/python3.8/site-packages/airflow/example_dags/example_branch_python_dop_operator_3.py for tasks to queue
[2025-03-06T23:45:36.105+0100] {logging_mixin.py:190} INFO - [2025-03-06T23:45:36.105+0100] {dagbag.py:588} INFO - Filling up the DagBag from /home/erij/Erij_Mazouz_4DS8_churn_ml_project/venv/lib/python3.8/site-packages/airflow/example_dags/example_branch_python_dop_operator_3.py
[2025-03-06T23:45:36.114+0100] {processor.py:925} INFO - DAG(s) 'example_branch_dop_operator_v3' retrieved from /home/erij/Erij_Mazouz_4DS8_churn_ml_project/venv/lib/python3.8/site-packages/airflow/example_dags/example_branch_python_dop_operator_3.py
[2025-03-06T23:45:36.125+0100] {logging_mixin.py:190} INFO - [2025-03-06T23:45:36.125+0100] {dag.py:3239} INFO - Sync 1 DAGs
[2025-03-06T23:45:36.146+0100] {logging_mixin.py:190} INFO - [2025-03-06T23:45:36.146+0100] {dag.py:4180} INFO - Setting next_dagrun for example_branch_dop_operator_v3 to 2025-03-06 22:44:00+00:00, run_after=2025-03-06 22:45:00+00:00
[2025-03-06T23:45:36.176+0100] {processor.py:208} INFO - Processing /home/erij/Erij_Mazouz_4DS8_churn_ml_project/venv/lib/python3.8/site-packages/airflow/example_dags/example_branch_python_dop_operator_3.py took 0.093 seconds
[2025-03-06T23:46:34.609+0100] {processor.py:186} INFO - Started process (PID=57316) to work on /home/erij/Erij_Mazouz_4DS8_churn_ml_project/venv/lib/python3.8/site-packages/airflow/example_dags/example_branch_python_dop_operator_3.py
[2025-03-06T23:46:34.610+0100] {processor.py:914} INFO - Processing file /home/erij/Erij_Mazouz_4DS8_churn_ml_project/venv/lib/python3.8/site-packages/airflow/example_dags/example_branch_python_dop_operator_3.py for tasks to queue
[2025-03-06T23:46:34.613+0100] {logging_mixin.py:190} INFO - [2025-03-06T23:46:34.612+0100] {dagbag.py:588} INFO - Filling up the DagBag from /home/erij/Erij_Mazouz_4DS8_churn_ml_project/venv/lib/python3.8/site-packages/airflow/example_dags/example_branch_python_dop_operator_3.py
[2025-03-06T23:46:34.622+0100] {processor.py:925} INFO - DAG(s) 'example_branch_dop_operator_v3' retrieved from /home/erij/Erij_Mazouz_4DS8_churn_ml_project/venv/lib/python3.8/site-packages/airflow/example_dags/example_branch_python_dop_operator_3.py
[2025-03-06T23:46:34.635+0100] {logging_mixin.py:190} INFO - [2025-03-06T23:46:34.635+0100] {dag.py:3239} INFO - Sync 1 DAGs
[2025-03-06T23:46:34.654+0100] {logging_mixin.py:190} INFO - [2025-03-06T23:46:34.654+0100] {dag.py:4180} INFO - Setting next_dagrun for example_branch_dop_operator_v3 to 2025-03-06 22:45:00+00:00, run_after=2025-03-06 22:46:00+00:00
[2025-03-06T23:46:34.673+0100] {processor.py:208} INFO - Processing /home/erij/Erij_Mazouz_4DS8_churn_ml_project/venv/lib/python3.8/site-packages/airflow/example_dags/example_branch_python_dop_operator_3.py took 0.070 seconds
[2025-03-06T23:47:30.250+0100] {processor.py:186} INFO - Started process (PID=57426) to work on /home/erij/Erij_Mazouz_4DS8_churn_ml_project/venv/lib/python3.8/site-packages/airflow/example_dags/example_branch_python_dop_operator_3.py
[2025-03-06T23:47:30.253+0100] {processor.py:914} INFO - Processing file /home/erij/Erij_Mazouz_4DS8_churn_ml_project/venv/lib/python3.8/site-packages/airflow/example_dags/example_branch_python_dop_operator_3.py for tasks to queue
[2025-03-06T23:47:30.254+0100] {logging_mixin.py:190} INFO - [2025-03-06T23:47:30.254+0100] {dagbag.py:588} INFO - Filling up the DagBag from /home/erij/Erij_Mazouz_4DS8_churn_ml_project/venv/lib/python3.8/site-packages/airflow/example_dags/example_branch_python_dop_operator_3.py
[2025-03-06T23:47:30.264+0100] {processor.py:925} INFO - DAG(s) 'example_branch_dop_operator_v3' retrieved from /home/erij/Erij_Mazouz_4DS8_churn_ml_project/venv/lib/python3.8/site-packages/airflow/example_dags/example_branch_python_dop_operator_3.py
[2025-03-06T23:47:30.276+0100] {logging_mixin.py:190} INFO - [2025-03-06T23:47:30.275+0100] {dag.py:3239} INFO - Sync 1 DAGs
[2025-03-06T23:47:30.295+0100] {logging_mixin.py:190} INFO - [2025-03-06T23:47:30.295+0100] {dag.py:4180} INFO - Setting next_dagrun for example_branch_dop_operator_v3 to 2025-03-06 22:46:00+00:00, run_after=2025-03-06 22:47:00+00:00
[2025-03-06T23:47:30.315+0100] {processor.py:208} INFO - Processing /home/erij/Erij_Mazouz_4DS8_churn_ml_project/venv/lib/python3.8/site-packages/airflow/example_dags/example_branch_python_dop_operator_3.py took 0.069 seconds
[2025-03-06T23:48:27.729+0100] {processor.py:186} INFO - Started process (PID=57545) to work on /home/erij/Erij_Mazouz_4DS8_churn_ml_project/venv/lib/python3.8/site-packages/airflow/example_dags/example_branch_python_dop_operator_3.py
[2025-03-06T23:48:27.732+0100] {processor.py:914} INFO - Processing file /home/erij/Erij_Mazouz_4DS8_churn_ml_project/venv/lib/python3.8/site-packages/airflow/example_dags/example_branch_python_dop_operator_3.py for tasks to queue
[2025-03-06T23:48:27.733+0100] {logging_mixin.py:190} INFO - [2025-03-06T23:48:27.733+0100] {dagbag.py:588} INFO - Filling up the DagBag from /home/erij/Erij_Mazouz_4DS8_churn_ml_project/venv/lib/python3.8/site-packages/airflow/example_dags/example_branch_python_dop_operator_3.py
[2025-03-06T23:48:27.742+0100] {processor.py:925} INFO - DAG(s) 'example_branch_dop_operator_v3' retrieved from /home/erij/Erij_Mazouz_4DS8_churn_ml_project/venv/lib/python3.8/site-packages/airflow/example_dags/example_branch_python_dop_operator_3.py
[2025-03-06T23:48:27.753+0100] {logging_mixin.py:190} INFO - [2025-03-06T23:48:27.752+0100] {dag.py:3239} INFO - Sync 1 DAGs
[2025-03-06T23:48:27.773+0100] {logging_mixin.py:190} INFO - [2025-03-06T23:48:27.772+0100] {dag.py:4180} INFO - Setting next_dagrun for example_branch_dop_operator_v3 to 2025-03-06 22:47:00+00:00, run_after=2025-03-06 22:48:00+00:00
[2025-03-06T23:48:27.792+0100] {processor.py:208} INFO - Processing /home/erij/Erij_Mazouz_4DS8_churn_ml_project/venv/lib/python3.8/site-packages/airflow/example_dags/example_branch_python_dop_operator_3.py took 0.067 seconds
[2025-03-06T23:49:24.221+0100] {processor.py:186} INFO - Started process (PID=57655) to work on /home/erij/Erij_Mazouz_4DS8_churn_ml_project/venv/lib/python3.8/site-packages/airflow/example_dags/example_branch_python_dop_operator_3.py
[2025-03-06T23:49:24.223+0100] {processor.py:914} INFO - Processing file /home/erij/Erij_Mazouz_4DS8_churn_ml_project/venv/lib/python3.8/site-packages/airflow/example_dags/example_branch_python_dop_operator_3.py for tasks to queue
[2025-03-06T23:49:24.225+0100] {logging_mixin.py:190} INFO - [2025-03-06T23:49:24.224+0100] {dagbag.py:588} INFO - Filling up the DagBag from /home/erij/Erij_Mazouz_4DS8_churn_ml_project/venv/lib/python3.8/site-packages/airflow/example_dags/example_branch_python_dop_operator_3.py
[2025-03-06T23:49:24.233+0100] {processor.py:925} INFO - DAG(s) 'example_branch_dop_operator_v3' retrieved from /home/erij/Erij_Mazouz_4DS8_churn_ml_project/venv/lib/python3.8/site-packages/airflow/example_dags/example_branch_python_dop_operator_3.py
[2025-03-06T23:49:24.245+0100] {logging_mixin.py:190} INFO - [2025-03-06T23:49:24.245+0100] {dag.py:3239} INFO - Sync 1 DAGs
[2025-03-06T23:49:24.264+0100] {logging_mixin.py:190} INFO - [2025-03-06T23:49:24.264+0100] {dag.py:4180} INFO - Setting next_dagrun for example_branch_dop_operator_v3 to 2025-03-06 22:48:00+00:00, run_after=2025-03-06 22:49:00+00:00
[2025-03-06T23:49:24.282+0100] {processor.py:208} INFO - Processing /home/erij/Erij_Mazouz_4DS8_churn_ml_project/venv/lib/python3.8/site-packages/airflow/example_dags/example_branch_python_dop_operator_3.py took 0.066 seconds
[2025-03-06T23:50:17.996+0100] {processor.py:186} INFO - Started process (PID=57769) to work on /home/erij/Erij_Mazouz_4DS8_churn_ml_project/venv/lib/python3.8/site-packages/airflow/example_dags/example_branch_python_dop_operator_3.py
[2025-03-06T23:50:17.998+0100] {processor.py:914} INFO - Processing file /home/erij/Erij_Mazouz_4DS8_churn_ml_project/venv/lib/python3.8/site-packages/airflow/example_dags/example_branch_python_dop_operator_3.py for tasks to queue
[2025-03-06T23:50:18.000+0100] {logging_mixin.py:190} INFO - [2025-03-06T23:50:18.000+0100] {dagbag.py:588} INFO - Filling up the DagBag from /home/erij/Erij_Mazouz_4DS8_churn_ml_project/venv/lib/python3.8/site-packages/airflow/example_dags/example_branch_python_dop_operator_3.py
[2025-03-06T23:50:18.010+0100] {processor.py:925} INFO - DAG(s) 'example_branch_dop_operator_v3' retrieved from /home/erij/Erij_Mazouz_4DS8_churn_ml_project/venv/lib/python3.8/site-packages/airflow/example_dags/example_branch_python_dop_operator_3.py
[2025-03-06T23:50:18.023+0100] {logging_mixin.py:190} INFO - [2025-03-06T23:50:18.023+0100] {dag.py:3239} INFO - Sync 1 DAGs
[2025-03-06T23:50:18.044+0100] {logging_mixin.py:190} INFO - [2025-03-06T23:50:18.044+0100] {dag.py:4180} INFO - Setting next_dagrun for example_branch_dop_operator_v3 to 2025-03-06 22:49:00+00:00, run_after=2025-03-06 22:50:00+00:00
[2025-03-06T23:50:18.063+0100] {processor.py:208} INFO - Processing /home/erij/Erij_Mazouz_4DS8_churn_ml_project/venv/lib/python3.8/site-packages/airflow/example_dags/example_branch_python_dop_operator_3.py took 0.072 seconds
[2025-03-06T23:51:14.589+0100] {processor.py:186} INFO - Started process (PID=57884) to work on /home/erij/Erij_Mazouz_4DS8_churn_ml_project/venv/lib/python3.8/site-packages/airflow/example_dags/example_branch_python_dop_operator_3.py
[2025-03-06T23:51:14.591+0100] {processor.py:914} INFO - Processing file /home/erij/Erij_Mazouz_4DS8_churn_ml_project/venv/lib/python3.8/site-packages/airflow/example_dags/example_branch_python_dop_operator_3.py for tasks to queue
[2025-03-06T23:51:14.593+0100] {logging_mixin.py:190} INFO - [2025-03-06T23:51:14.593+0100] {dagbag.py:588} INFO - Filling up the DagBag from /home/erij/Erij_Mazouz_4DS8_churn_ml_project/venv/lib/python3.8/site-packages/airflow/example_dags/example_branch_python_dop_operator_3.py
[2025-03-06T23:51:14.603+0100] {processor.py:925} INFO - DAG(s) 'example_branch_dop_operator_v3' retrieved from /home/erij/Erij_Mazouz_4DS8_churn_ml_project/venv/lib/python3.8/site-packages/airflow/example_dags/example_branch_python_dop_operator_3.py
[2025-03-06T23:51:14.615+0100] {logging_mixin.py:190} INFO - [2025-03-06T23:51:14.614+0100] {dag.py:3239} INFO - Sync 1 DAGs
[2025-03-06T23:51:14.634+0100] {logging_mixin.py:190} INFO - [2025-03-06T23:51:14.634+0100] {dag.py:4180} INFO - Setting next_dagrun for example_branch_dop_operator_v3 to 2025-03-06 22:50:00+00:00, run_after=2025-03-06 22:51:00+00:00
[2025-03-06T23:51:14.652+0100] {processor.py:208} INFO - Processing /home/erij/Erij_Mazouz_4DS8_churn_ml_project/venv/lib/python3.8/site-packages/airflow/example_dags/example_branch_python_dop_operator_3.py took 0.068 seconds
[2025-03-06T23:52:09.901+0100] {processor.py:186} INFO - Started process (PID=57998) to work on /home/erij/Erij_Mazouz_4DS8_churn_ml_project/venv/lib/python3.8/site-packages/airflow/example_dags/example_branch_python_dop_operator_3.py
[2025-03-06T23:52:09.903+0100] {processor.py:914} INFO - Processing file /home/erij/Erij_Mazouz_4DS8_churn_ml_project/venv/lib/python3.8/site-packages/airflow/example_dags/example_branch_python_dop_operator_3.py for tasks to queue
[2025-03-06T23:52:09.905+0100] {logging_mixin.py:190} INFO - [2025-03-06T23:52:09.905+0100] {dagbag.py:588} INFO - Filling up the DagBag from /home/erij/Erij_Mazouz_4DS8_churn_ml_project/venv/lib/python3.8/site-packages/airflow/example_dags/example_branch_python_dop_operator_3.py
[2025-03-06T23:52:09.916+0100] {processor.py:925} INFO - DAG(s) 'example_branch_dop_operator_v3' retrieved from /home/erij/Erij_Mazouz_4DS8_churn_ml_project/venv/lib/python3.8/site-packages/airflow/example_dags/example_branch_python_dop_operator_3.py
[2025-03-06T23:52:09.929+0100] {logging_mixin.py:190} INFO - [2025-03-06T23:52:09.929+0100] {dag.py:3239} INFO - Sync 1 DAGs
[2025-03-06T23:52:09.951+0100] {logging_mixin.py:190} INFO - [2025-03-06T23:52:09.951+0100] {dag.py:4180} INFO - Setting next_dagrun for example_branch_dop_operator_v3 to 2025-03-06 22:51:00+00:00, run_after=2025-03-06 22:52:00+00:00
[2025-03-06T23:52:09.969+0100] {processor.py:208} INFO - Processing /home/erij/Erij_Mazouz_4DS8_churn_ml_project/venv/lib/python3.8/site-packages/airflow/example_dags/example_branch_python_dop_operator_3.py took 0.074 seconds
[2025-03-06T23:53:06.005+0100] {processor.py:186} INFO - Started process (PID=58113) to work on /home/erij/Erij_Mazouz_4DS8_churn_ml_project/venv/lib/python3.8/site-packages/airflow/example_dags/example_branch_python_dop_operator_3.py
[2025-03-06T23:53:06.008+0100] {processor.py:914} INFO - Processing file /home/erij/Erij_Mazouz_4DS8_churn_ml_project/venv/lib/python3.8/site-packages/airflow/example_dags/example_branch_python_dop_operator_3.py for tasks to queue
[2025-03-06T23:53:06.010+0100] {logging_mixin.py:190} INFO - [2025-03-06T23:53:06.010+0100] {dagbag.py:588} INFO - Filling up the DagBag from /home/erij/Erij_Mazouz_4DS8_churn_ml_project/venv/lib/python3.8/site-packages/airflow/example_dags/example_branch_python_dop_operator_3.py
[2025-03-06T23:53:06.019+0100] {processor.py:925} INFO - DAG(s) 'example_branch_dop_operator_v3' retrieved from /home/erij/Erij_Mazouz_4DS8_churn_ml_project/venv/lib/python3.8/site-packages/airflow/example_dags/example_branch_python_dop_operator_3.py
[2025-03-06T23:53:06.032+0100] {logging_mixin.py:190} INFO - [2025-03-06T23:53:06.032+0100] {dag.py:3239} INFO - Sync 1 DAGs
[2025-03-06T23:53:06.051+0100] {logging_mixin.py:190} INFO - [2025-03-06T23:53:06.051+0100] {dag.py:4180} INFO - Setting next_dagrun for example_branch_dop_operator_v3 to 2025-03-06 22:52:00+00:00, run_after=2025-03-06 22:53:00+00:00
[2025-03-06T23:53:06.072+0100] {processor.py:208} INFO - Processing /home/erij/Erij_Mazouz_4DS8_churn_ml_project/venv/lib/python3.8/site-packages/airflow/example_dags/example_branch_python_dop_operator_3.py took 0.072 seconds
[2025-03-06T23:54:03.025+0100] {processor.py:186} INFO - Started process (PID=58242) to work on /home/erij/Erij_Mazouz_4DS8_churn_ml_project/venv/lib/python3.8/site-packages/airflow/example_dags/example_branch_python_dop_operator_3.py
[2025-03-06T23:54:03.027+0100] {processor.py:914} INFO - Processing file /home/erij/Erij_Mazouz_4DS8_churn_ml_project/venv/lib/python3.8/site-packages/airflow/example_dags/example_branch_python_dop_operator_3.py for tasks to queue
[2025-03-06T23:54:03.029+0100] {logging_mixin.py:190} INFO - [2025-03-06T23:54:03.029+0100] {dagbag.py:588} INFO - Filling up the DagBag from /home/erij/Erij_Mazouz_4DS8_churn_ml_project/venv/lib/python3.8/site-packages/airflow/example_dags/example_branch_python_dop_operator_3.py
[2025-03-06T23:54:03.038+0100] {processor.py:925} INFO - DAG(s) 'example_branch_dop_operator_v3' retrieved from /home/erij/Erij_Mazouz_4DS8_churn_ml_project/venv/lib/python3.8/site-packages/airflow/example_dags/example_branch_python_dop_operator_3.py
[2025-03-06T23:54:03.050+0100] {logging_mixin.py:190} INFO - [2025-03-06T23:54:03.049+0100] {dag.py:3239} INFO - Sync 1 DAGs
[2025-03-06T23:54:03.068+0100] {logging_mixin.py:190} INFO - [2025-03-06T23:54:03.068+0100] {dag.py:4180} INFO - Setting next_dagrun for example_branch_dop_operator_v3 to 2025-03-06 22:53:00+00:00, run_after=2025-03-06 22:54:00+00:00
[2025-03-06T23:54:03.084+0100] {processor.py:208} INFO - Processing /home/erij/Erij_Mazouz_4DS8_churn_ml_project/venv/lib/python3.8/site-packages/airflow/example_dags/example_branch_python_dop_operator_3.py took 0.064 seconds
[2025-03-06T23:55:00.295+0100] {processor.py:186} INFO - Started process (PID=58610) to work on /home/erij/Erij_Mazouz_4DS8_churn_ml_project/venv/lib/python3.8/site-packages/airflow/example_dags/example_branch_python_dop_operator_3.py
[2025-03-06T23:55:00.297+0100] {processor.py:914} INFO - Processing file /home/erij/Erij_Mazouz_4DS8_churn_ml_project/venv/lib/python3.8/site-packages/airflow/example_dags/example_branch_python_dop_operator_3.py for tasks to queue
[2025-03-06T23:55:00.299+0100] {logging_mixin.py:190} INFO - [2025-03-06T23:55:00.299+0100] {dagbag.py:588} INFO - Filling up the DagBag from /home/erij/Erij_Mazouz_4DS8_churn_ml_project/venv/lib/python3.8/site-packages/airflow/example_dags/example_branch_python_dop_operator_3.py
[2025-03-06T23:55:00.308+0100] {processor.py:925} INFO - DAG(s) 'example_branch_dop_operator_v3' retrieved from /home/erij/Erij_Mazouz_4DS8_churn_ml_project/venv/lib/python3.8/site-packages/airflow/example_dags/example_branch_python_dop_operator_3.py
[2025-03-06T23:55:00.319+0100] {logging_mixin.py:190} INFO - [2025-03-06T23:55:00.318+0100] {dag.py:3239} INFO - Sync 1 DAGs
[2025-03-06T23:55:00.336+0100] {logging_mixin.py:190} INFO - [2025-03-06T23:55:00.336+0100] {dag.py:4180} INFO - Setting next_dagrun for example_branch_dop_operator_v3 to 2025-03-06 22:54:00+00:00, run_after=2025-03-06 22:55:00+00:00
[2025-03-06T23:55:00.356+0100] {processor.py:208} INFO - Processing /home/erij/Erij_Mazouz_4DS8_churn_ml_project/venv/lib/python3.8/site-packages/airflow/example_dags/example_branch_python_dop_operator_3.py took 0.066 seconds
[2025-03-06T23:55:59.292+0100] {processor.py:186} INFO - Started process (PID=59175) to work on /home/erij/Erij_Mazouz_4DS8_churn_ml_project/venv/lib/python3.8/site-packages/airflow/example_dags/example_branch_python_dop_operator_3.py
[2025-03-06T23:55:59.294+0100] {processor.py:914} INFO - Processing file /home/erij/Erij_Mazouz_4DS8_churn_ml_project/venv/lib/python3.8/site-packages/airflow/example_dags/example_branch_python_dop_operator_3.py for tasks to queue
[2025-03-06T23:55:59.297+0100] {logging_mixin.py:190} INFO - [2025-03-06T23:55:59.296+0100] {dagbag.py:588} INFO - Filling up the DagBag from /home/erij/Erij_Mazouz_4DS8_churn_ml_project/venv/lib/python3.8/site-packages/airflow/example_dags/example_branch_python_dop_operator_3.py
[2025-03-06T23:55:59.308+0100] {processor.py:925} INFO - DAG(s) 'example_branch_dop_operator_v3' retrieved from /home/erij/Erij_Mazouz_4DS8_churn_ml_project/venv/lib/python3.8/site-packages/airflow/example_dags/example_branch_python_dop_operator_3.py
[2025-03-06T23:55:59.323+0100] {logging_mixin.py:190} INFO - [2025-03-06T23:55:59.323+0100] {dag.py:3239} INFO - Sync 1 DAGs
[2025-03-06T23:55:59.345+0100] {logging_mixin.py:190} INFO - [2025-03-06T23:55:59.345+0100] {dag.py:4180} INFO - Setting next_dagrun for example_branch_dop_operator_v3 to 2025-03-06 22:54:00+00:00, run_after=2025-03-06 22:55:00+00:00
[2025-03-06T23:55:59.362+0100] {processor.py:208} INFO - Processing /home/erij/Erij_Mazouz_4DS8_churn_ml_project/venv/lib/python3.8/site-packages/airflow/example_dags/example_branch_python_dop_operator_3.py took 0.077 seconds
[2025-03-06T23:56:54.196+0100] {processor.py:186} INFO - Started process (PID=59299) to work on /home/erij/Erij_Mazouz_4DS8_churn_ml_project/venv/lib/python3.8/site-packages/airflow/example_dags/example_branch_python_dop_operator_3.py
[2025-03-06T23:56:54.198+0100] {processor.py:914} INFO - Processing file /home/erij/Erij_Mazouz_4DS8_churn_ml_project/venv/lib/python3.8/site-packages/airflow/example_dags/example_branch_python_dop_operator_3.py for tasks to queue
[2025-03-06T23:56:54.200+0100] {logging_mixin.py:190} INFO - [2025-03-06T23:56:54.200+0100] {dagbag.py:588} INFO - Filling up the DagBag from /home/erij/Erij_Mazouz_4DS8_churn_ml_project/venv/lib/python3.8/site-packages/airflow/example_dags/example_branch_python_dop_operator_3.py
[2025-03-06T23:56:54.209+0100] {processor.py:925} INFO - DAG(s) 'example_branch_dop_operator_v3' retrieved from /home/erij/Erij_Mazouz_4DS8_churn_ml_project/venv/lib/python3.8/site-packages/airflow/example_dags/example_branch_python_dop_operator_3.py
[2025-03-06T23:56:54.222+0100] {logging_mixin.py:190} INFO - [2025-03-06T23:56:54.221+0100] {dag.py:3239} INFO - Sync 1 DAGs
[2025-03-06T23:56:54.242+0100] {logging_mixin.py:190} INFO - [2025-03-06T23:56:54.242+0100] {dag.py:4180} INFO - Setting next_dagrun for example_branch_dop_operator_v3 to 2025-03-06 22:55:00+00:00, run_after=2025-03-06 22:56:00+00:00
[2025-03-06T23:56:54.262+0100] {processor.py:208} INFO - Processing /home/erij/Erij_Mazouz_4DS8_churn_ml_project/venv/lib/python3.8/site-packages/airflow/example_dags/example_branch_python_dop_operator_3.py took 0.071 seconds
[2025-03-06T23:57:49.676+0100] {processor.py:186} INFO - Started process (PID=59427) to work on /home/erij/Erij_Mazouz_4DS8_churn_ml_project/venv/lib/python3.8/site-packages/airflow/example_dags/example_branch_python_dop_operator_3.py
[2025-03-06T23:57:49.677+0100] {processor.py:914} INFO - Processing file /home/erij/Erij_Mazouz_4DS8_churn_ml_project/venv/lib/python3.8/site-packages/airflow/example_dags/example_branch_python_dop_operator_3.py for tasks to queue
[2025-03-06T23:57:49.679+0100] {logging_mixin.py:190} INFO - [2025-03-06T23:57:49.679+0100] {dagbag.py:588} INFO - Filling up the DagBag from /home/erij/Erij_Mazouz_4DS8_churn_ml_project/venv/lib/python3.8/site-packages/airflow/example_dags/example_branch_python_dop_operator_3.py
[2025-03-06T23:57:49.687+0100] {processor.py:925} INFO - DAG(s) 'example_branch_dop_operator_v3' retrieved from /home/erij/Erij_Mazouz_4DS8_churn_ml_project/venv/lib/python3.8/site-packages/airflow/example_dags/example_branch_python_dop_operator_3.py
[2025-03-06T23:57:49.701+0100] {logging_mixin.py:190} INFO - [2025-03-06T23:57:49.701+0100] {dag.py:3239} INFO - Sync 1 DAGs
[2025-03-06T23:57:49.721+0100] {logging_mixin.py:190} INFO - [2025-03-06T23:57:49.721+0100] {dag.py:4180} INFO - Setting next_dagrun for example_branch_dop_operator_v3 to 2025-03-06 22:56:00+00:00, run_after=2025-03-06 22:57:00+00:00
[2025-03-06T23:57:49.739+0100] {processor.py:208} INFO - Processing /home/erij/Erij_Mazouz_4DS8_churn_ml_project/venv/lib/python3.8/site-packages/airflow/example_dags/example_branch_python_dop_operator_3.py took 0.068 seconds
[2025-03-06T23:58:42.842+0100] {processor.py:186} INFO - Started process (PID=59578) to work on /home/erij/Erij_Mazouz_4DS8_churn_ml_project/venv/lib/python3.8/site-packages/airflow/example_dags/example_branch_python_dop_operator_3.py
[2025-03-06T23:58:42.843+0100] {processor.py:914} INFO - Processing file /home/erij/Erij_Mazouz_4DS8_churn_ml_project/venv/lib/python3.8/site-packages/airflow/example_dags/example_branch_python_dop_operator_3.py for tasks to queue
[2025-03-06T23:58:42.845+0100] {logging_mixin.py:190} INFO - [2025-03-06T23:58:42.844+0100] {dagbag.py:588} INFO - Filling up the DagBag from /home/erij/Erij_Mazouz_4DS8_churn_ml_project/venv/lib/python3.8/site-packages/airflow/example_dags/example_branch_python_dop_operator_3.py
[2025-03-06T23:58:42.853+0100] {processor.py:925} INFO - DAG(s) 'example_branch_dop_operator_v3' retrieved from /home/erij/Erij_Mazouz_4DS8_churn_ml_project/venv/lib/python3.8/site-packages/airflow/example_dags/example_branch_python_dop_operator_3.py
[2025-03-06T23:58:42.864+0100] {logging_mixin.py:190} INFO - [2025-03-06T23:58:42.864+0100] {dag.py:3239} INFO - Sync 1 DAGs
[2025-03-06T23:58:42.883+0100] {logging_mixin.py:190} INFO - [2025-03-06T23:58:42.883+0100] {dag.py:4180} INFO - Setting next_dagrun for example_branch_dop_operator_v3 to 2025-03-06 22:57:00+00:00, run_after=2025-03-06 22:58:00+00:00
[2025-03-06T23:58:42.900+0100] {processor.py:208} INFO - Processing /home/erij/Erij_Mazouz_4DS8_churn_ml_project/venv/lib/python3.8/site-packages/airflow/example_dags/example_branch_python_dop_operator_3.py took 0.063 seconds
[2025-03-06T23:59:58.904+0100] {processor.py:186} INFO - Started process (PID=59796) to work on /home/erij/Erij_Mazouz_4DS8_churn_ml_project/venv/lib/python3.8/site-packages/airflow/example_dags/example_branch_python_dop_operator_3.py
[2025-03-06T23:59:58.906+0100] {processor.py:914} INFO - Processing file /home/erij/Erij_Mazouz_4DS8_churn_ml_project/venv/lib/python3.8/site-packages/airflow/example_dags/example_branch_python_dop_operator_3.py for tasks to queue
[2025-03-06T23:59:58.908+0100] {logging_mixin.py:190} INFO - [2025-03-06T23:59:58.908+0100] {dagbag.py:588} INFO - Filling up the DagBag from /home/erij/Erij_Mazouz_4DS8_churn_ml_project/venv/lib/python3.8/site-packages/airflow/example_dags/example_branch_python_dop_operator_3.py
[2025-03-06T23:59:58.919+0100] {processor.py:925} INFO - DAG(s) 'example_branch_dop_operator_v3' retrieved from /home/erij/Erij_Mazouz_4DS8_churn_ml_project/venv/lib/python3.8/site-packages/airflow/example_dags/example_branch_python_dop_operator_3.py
[2025-03-06T23:59:58.933+0100] {logging_mixin.py:190} INFO - [2025-03-06T23:59:58.933+0100] {dag.py:3239} INFO - Sync 1 DAGs
[2025-03-06T23:59:58.955+0100] {logging_mixin.py:190} INFO - [2025-03-06T23:59:58.955+0100] {dag.py:4180} INFO - Setting next_dagrun for example_branch_dop_operator_v3 to 2025-03-06 22:58:00+00:00, run_after=2025-03-06 22:59:00+00:00
[2025-03-06T23:59:58.974+0100] {processor.py:208} INFO - Processing /home/erij/Erij_Mazouz_4DS8_churn_ml_project/venv/lib/python3.8/site-packages/airflow/example_dags/example_branch_python_dop_operator_3.py took 0.074 seconds
[2025-03-07T00:00:53.146+0100] {processor.py:186} INFO - Started process (PID=59997) to work on /home/erij/Erij_Mazouz_4DS8_churn_ml_project/venv/lib/python3.8/site-packages/airflow/example_dags/example_branch_python_dop_operator_3.py
[2025-03-07T00:00:53.148+0100] {processor.py:914} INFO - Processing file /home/erij/Erij_Mazouz_4DS8_churn_ml_project/venv/lib/python3.8/site-packages/airflow/example_dags/example_branch_python_dop_operator_3.py for tasks to queue
[2025-03-07T00:00:53.150+0100] {logging_mixin.py:190} INFO - [2025-03-07T00:00:53.150+0100] {dagbag.py:588} INFO - Filling up the DagBag from /home/erij/Erij_Mazouz_4DS8_churn_ml_project/venv/lib/python3.8/site-packages/airflow/example_dags/example_branch_python_dop_operator_3.py
[2025-03-07T00:00:53.161+0100] {processor.py:925} INFO - DAG(s) 'example_branch_dop_operator_v3' retrieved from /home/erij/Erij_Mazouz_4DS8_churn_ml_project/venv/lib/python3.8/site-packages/airflow/example_dags/example_branch_python_dop_operator_3.py
[2025-03-07T00:00:53.173+0100] {logging_mixin.py:190} INFO - [2025-03-07T00:00:53.173+0100] {dag.py:3239} INFO - Sync 1 DAGs
[2025-03-07T00:00:53.197+0100] {logging_mixin.py:190} INFO - [2025-03-07T00:00:53.196+0100] {dag.py:4180} INFO - Setting next_dagrun for example_branch_dop_operator_v3 to 2025-03-06 22:59:00+00:00, run_after=2025-03-06 23:00:00+00:00
[2025-03-07T00:00:53.218+0100] {processor.py:208} INFO - Processing /home/erij/Erij_Mazouz_4DS8_churn_ml_project/venv/lib/python3.8/site-packages/airflow/example_dags/example_branch_python_dop_operator_3.py took 0.077 seconds
[2025-03-07T00:02:16.463+0100] {processor.py:186} INFO - Started process (PID=60302) to work on /home/erij/Erij_Mazouz_4DS8_churn_ml_project/venv/lib/python3.8/site-packages/airflow/example_dags/example_branch_python_dop_operator_3.py
[2025-03-07T00:02:16.465+0100] {processor.py:914} INFO - Processing file /home/erij/Erij_Mazouz_4DS8_churn_ml_project/venv/lib/python3.8/site-packages/airflow/example_dags/example_branch_python_dop_operator_3.py for tasks to queue
[2025-03-07T00:02:16.467+0100] {logging_mixin.py:190} INFO - [2025-03-07T00:02:16.467+0100] {dagbag.py:588} INFO - Filling up the DagBag from /home/erij/Erij_Mazouz_4DS8_churn_ml_project/venv/lib/python3.8/site-packages/airflow/example_dags/example_branch_python_dop_operator_3.py
[2025-03-07T00:02:16.477+0100] {processor.py:925} INFO - DAG(s) 'example_branch_dop_operator_v3' retrieved from /home/erij/Erij_Mazouz_4DS8_churn_ml_project/venv/lib/python3.8/site-packages/airflow/example_dags/example_branch_python_dop_operator_3.py
[2025-03-07T00:02:16.491+0100] {logging_mixin.py:190} INFO - [2025-03-07T00:02:16.491+0100] {dag.py:3239} INFO - Sync 1 DAGs
[2025-03-07T00:02:16.513+0100] {logging_mixin.py:190} INFO - [2025-03-07T00:02:16.513+0100] {dag.py:4180} INFO - Setting next_dagrun for example_branch_dop_operator_v3 to 2025-03-06 23:01:00+00:00, run_after=2025-03-06 23:02:00+00:00
[2025-03-07T00:02:16.532+0100] {processor.py:208} INFO - Processing /home/erij/Erij_Mazouz_4DS8_churn_ml_project/venv/lib/python3.8/site-packages/airflow/example_dags/example_branch_python_dop_operator_3.py took 0.074 seconds
