[2025-03-06T23:39:33.414+0100] {processor.py:186} INFO - Started process (PID=55954) to work on /home/erij/Erij_Mazouz_4DS8_churn_ml_project/venv/lib/python3.8/site-packages/airflow/example_dags/example_task_group_decorator.py
[2025-03-06T23:39:33.415+0100] {processor.py:914} INFO - Processing file /home/erij/Erij_Mazouz_4DS8_churn_ml_project/venv/lib/python3.8/site-packages/airflow/example_dags/example_task_group_decorator.py for tasks to queue
[2025-03-06T23:39:33.417+0100] {logging_mixin.py:190} INFO - [2025-03-06T23:39:33.417+0100] {dagbag.py:588} INFO - Filling up the DagBag from /home/erij/Erij_Mazouz_4DS8_churn_ml_project/venv/lib/python3.8/site-packages/airflow/example_dags/example_task_group_decorator.py
[2025-03-06T23:39:33.430+0100] {processor.py:925} INFO - DAG(s) 'example_task_group_decorator' retrieved from /home/erij/Erij_Mazouz_4DS8_churn_ml_project/venv/lib/python3.8/site-packages/airflow/example_dags/example_task_group_decorator.py
[2025-03-06T23:39:33.447+0100] {logging_mixin.py:190} INFO - [2025-03-06T23:39:33.447+0100] {dag.py:3239} INFO - Sync 1 DAGs
[2025-03-06T23:39:33.459+0100] {logging_mixin.py:190} INFO - [2025-03-06T23:39:33.459+0100] {dag.py:4180} INFO - Setting next_dagrun for example_task_group_decorator to None, run_after=None
[2025-03-06T23:39:33.478+0100] {processor.py:208} INFO - Processing /home/erij/Erij_Mazouz_4DS8_churn_ml_project/venv/lib/python3.8/site-packages/airflow/example_dags/example_task_group_decorator.py took 0.070 seconds
[2025-03-06T23:41:01.977+0100] {processor.py:186} INFO - Started process (PID=56538) to work on /home/erij/Erij_Mazouz_4DS8_churn_ml_project/venv/lib/python3.8/site-packages/airflow/example_dags/example_task_group_decorator.py
[2025-03-06T23:41:01.980+0100] {processor.py:914} INFO - Processing file /home/erij/Erij_Mazouz_4DS8_churn_ml_project/venv/lib/python3.8/site-packages/airflow/example_dags/example_task_group_decorator.py for tasks to queue
[2025-03-06T23:41:01.981+0100] {logging_mixin.py:190} INFO - [2025-03-06T23:41:01.981+0100] {dagbag.py:588} INFO - Filling up the DagBag from /home/erij/Erij_Mazouz_4DS8_churn_ml_project/venv/lib/python3.8/site-packages/airflow/example_dags/example_task_group_decorator.py
[2025-03-06T23:41:01.994+0100] {processor.py:925} INFO - DAG(s) 'example_task_group_decorator' retrieved from /home/erij/Erij_Mazouz_4DS8_churn_ml_project/venv/lib/python3.8/site-packages/airflow/example_dags/example_task_group_decorator.py
[2025-03-06T23:41:02.010+0100] {logging_mixin.py:190} INFO - [2025-03-06T23:41:02.009+0100] {dag.py:3239} INFO - Sync 1 DAGs
[2025-03-06T23:41:02.020+0100] {logging_mixin.py:190} INFO - [2025-03-06T23:41:02.020+0100] {dag.py:4180} INFO - Setting next_dagrun for example_task_group_decorator to None, run_after=None
[2025-03-06T23:41:02.037+0100] {processor.py:208} INFO - Processing /home/erij/Erij_Mazouz_4DS8_churn_ml_project/venv/lib/python3.8/site-packages/airflow/example_dags/example_task_group_decorator.py took 0.064 seconds
[2025-03-06T23:41:58.503+0100] {processor.py:186} INFO - Started process (PID=56681) to work on /home/erij/Erij_Mazouz_4DS8_churn_ml_project/venv/lib/python3.8/site-packages/airflow/example_dags/example_task_group_decorator.py
[2025-03-06T23:41:58.505+0100] {processor.py:914} INFO - Processing file /home/erij/Erij_Mazouz_4DS8_churn_ml_project/venv/lib/python3.8/site-packages/airflow/example_dags/example_task_group_decorator.py for tasks to queue
[2025-03-06T23:41:58.506+0100] {logging_mixin.py:190} INFO - [2025-03-06T23:41:58.506+0100] {dagbag.py:588} INFO - Filling up the DagBag from /home/erij/Erij_Mazouz_4DS8_churn_ml_project/venv/lib/python3.8/site-packages/airflow/example_dags/example_task_group_decorator.py
[2025-03-06T23:41:58.519+0100] {processor.py:925} INFO - DAG(s) 'example_task_group_decorator' retrieved from /home/erij/Erij_Mazouz_4DS8_churn_ml_project/venv/lib/python3.8/site-packages/airflow/example_dags/example_task_group_decorator.py
[2025-03-06T23:41:58.535+0100] {logging_mixin.py:190} INFO - [2025-03-06T23:41:58.535+0100] {dag.py:3239} INFO - Sync 1 DAGs
[2025-03-06T23:41:58.545+0100] {logging_mixin.py:190} INFO - [2025-03-06T23:41:58.545+0100] {dag.py:4180} INFO - Setting next_dagrun for example_task_group_decorator to None, run_after=None
[2025-03-06T23:41:58.562+0100] {processor.py:208} INFO - Processing /home/erij/Erij_Mazouz_4DS8_churn_ml_project/venv/lib/python3.8/site-packages/airflow/example_dags/example_task_group_decorator.py took 0.064 seconds
[2025-03-06T23:42:52.623+0100] {processor.py:186} INFO - Started process (PID=56800) to work on /home/erij/Erij_Mazouz_4DS8_churn_ml_project/venv/lib/python3.8/site-packages/airflow/example_dags/example_task_group_decorator.py
[2025-03-06T23:42:52.626+0100] {processor.py:914} INFO - Processing file /home/erij/Erij_Mazouz_4DS8_churn_ml_project/venv/lib/python3.8/site-packages/airflow/example_dags/example_task_group_decorator.py for tasks to queue
[2025-03-06T23:42:52.627+0100] {logging_mixin.py:190} INFO - [2025-03-06T23:42:52.627+0100] {dagbag.py:588} INFO - Filling up the DagBag from /home/erij/Erij_Mazouz_4DS8_churn_ml_project/venv/lib/python3.8/site-packages/airflow/example_dags/example_task_group_decorator.py
[2025-03-06T23:42:52.643+0100] {processor.py:925} INFO - DAG(s) 'example_task_group_decorator' retrieved from /home/erij/Erij_Mazouz_4DS8_churn_ml_project/venv/lib/python3.8/site-packages/airflow/example_dags/example_task_group_decorator.py
[2025-03-06T23:42:52.661+0100] {logging_mixin.py:190} INFO - [2025-03-06T23:42:52.661+0100] {dag.py:3239} INFO - Sync 1 DAGs
[2025-03-06T23:42:52.676+0100] {logging_mixin.py:190} INFO - [2025-03-06T23:42:52.676+0100] {dag.py:4180} INFO - Setting next_dagrun for example_task_group_decorator to None, run_after=None
[2025-03-06T23:42:52.696+0100] {processor.py:208} INFO - Processing /home/erij/Erij_Mazouz_4DS8_churn_ml_project/venv/lib/python3.8/site-packages/airflow/example_dags/example_task_group_decorator.py took 0.078 seconds
[2025-03-06T23:43:45.913+0100] {processor.py:186} INFO - Started process (PID=56921) to work on /home/erij/Erij_Mazouz_4DS8_churn_ml_project/venv/lib/python3.8/site-packages/airflow/example_dags/example_task_group_decorator.py
[2025-03-06T23:43:45.915+0100] {processor.py:914} INFO - Processing file /home/erij/Erij_Mazouz_4DS8_churn_ml_project/venv/lib/python3.8/site-packages/airflow/example_dags/example_task_group_decorator.py for tasks to queue
[2025-03-06T23:43:45.917+0100] {logging_mixin.py:190} INFO - [2025-03-06T23:43:45.916+0100] {dagbag.py:588} INFO - Filling up the DagBag from /home/erij/Erij_Mazouz_4DS8_churn_ml_project/venv/lib/python3.8/site-packages/airflow/example_dags/example_task_group_decorator.py
[2025-03-06T23:43:45.930+0100] {processor.py:925} INFO - DAG(s) 'example_task_group_decorator' retrieved from /home/erij/Erij_Mazouz_4DS8_churn_ml_project/venv/lib/python3.8/site-packages/airflow/example_dags/example_task_group_decorator.py
[2025-03-06T23:43:45.947+0100] {logging_mixin.py:190} INFO - [2025-03-06T23:43:45.947+0100] {dag.py:3239} INFO - Sync 1 DAGs
[2025-03-06T23:43:45.959+0100] {logging_mixin.py:190} INFO - [2025-03-06T23:43:45.958+0100] {dag.py:4180} INFO - Setting next_dagrun for example_task_group_decorator to None, run_after=None
[2025-03-06T23:43:45.976+0100] {processor.py:208} INFO - Processing /home/erij/Erij_Mazouz_4DS8_churn_ml_project/venv/lib/python3.8/site-packages/airflow/example_dags/example_task_group_decorator.py took 0.068 seconds
[2025-03-06T23:44:59.589+0100] {processor.py:186} INFO - Started process (PID=57125) to work on /home/erij/Erij_Mazouz_4DS8_churn_ml_project/venv/lib/python3.8/site-packages/airflow/example_dags/example_task_group_decorator.py
[2025-03-06T23:44:59.593+0100] {processor.py:914} INFO - Processing file /home/erij/Erij_Mazouz_4DS8_churn_ml_project/venv/lib/python3.8/site-packages/airflow/example_dags/example_task_group_decorator.py for tasks to queue
[2025-03-06T23:44:59.595+0100] {logging_mixin.py:190} INFO - [2025-03-06T23:44:59.595+0100] {dagbag.py:588} INFO - Filling up the DagBag from /home/erij/Erij_Mazouz_4DS8_churn_ml_project/venv/lib/python3.8/site-packages/airflow/example_dags/example_task_group_decorator.py
[2025-03-06T23:44:59.609+0100] {processor.py:925} INFO - DAG(s) 'example_task_group_decorator' retrieved from /home/erij/Erij_Mazouz_4DS8_churn_ml_project/venv/lib/python3.8/site-packages/airflow/example_dags/example_task_group_decorator.py
[2025-03-06T23:44:59.624+0100] {logging_mixin.py:190} INFO - [2025-03-06T23:44:59.624+0100] {dag.py:3239} INFO - Sync 1 DAGs
[2025-03-06T23:44:59.634+0100] {logging_mixin.py:190} INFO - [2025-03-06T23:44:59.634+0100] {dag.py:4180} INFO - Setting next_dagrun for example_task_group_decorator to None, run_after=None
[2025-03-06T23:44:59.659+0100] {processor.py:208} INFO - Processing /home/erij/Erij_Mazouz_4DS8_churn_ml_project/venv/lib/python3.8/site-packages/airflow/example_dags/example_task_group_decorator.py took 0.076 seconds
[2025-03-06T23:45:57.106+0100] {processor.py:186} INFO - Started process (PID=57248) to work on /home/erij/Erij_Mazouz_4DS8_churn_ml_project/venv/lib/python3.8/site-packages/airflow/example_dags/example_task_group_decorator.py
[2025-03-06T23:45:57.116+0100] {processor.py:914} INFO - Processing file /home/erij/Erij_Mazouz_4DS8_churn_ml_project/venv/lib/python3.8/site-packages/airflow/example_dags/example_task_group_decorator.py for tasks to queue
[2025-03-06T23:45:57.118+0100] {logging_mixin.py:190} INFO - [2025-03-06T23:45:57.118+0100] {dagbag.py:588} INFO - Filling up the DagBag from /home/erij/Erij_Mazouz_4DS8_churn_ml_project/venv/lib/python3.8/site-packages/airflow/example_dags/example_task_group_decorator.py
[2025-03-06T23:45:57.132+0100] {processor.py:925} INFO - DAG(s) 'example_task_group_decorator' retrieved from /home/erij/Erij_Mazouz_4DS8_churn_ml_project/venv/lib/python3.8/site-packages/airflow/example_dags/example_task_group_decorator.py
[2025-03-06T23:45:57.151+0100] {logging_mixin.py:190} INFO - [2025-03-06T23:45:57.151+0100] {dag.py:3239} INFO - Sync 1 DAGs
[2025-03-06T23:45:57.163+0100] {logging_mixin.py:190} INFO - [2025-03-06T23:45:57.163+0100] {dag.py:4180} INFO - Setting next_dagrun for example_task_group_decorator to None, run_after=None
[2025-03-06T23:45:57.202+0100] {processor.py:208} INFO - Processing /home/erij/Erij_Mazouz_4DS8_churn_ml_project/venv/lib/python3.8/site-packages/airflow/example_dags/example_task_group_decorator.py took 0.101 seconds
[2025-03-06T23:46:53.748+0100] {processor.py:186} INFO - Started process (PID=57360) to work on /home/erij/Erij_Mazouz_4DS8_churn_ml_project/venv/lib/python3.8/site-packages/airflow/example_dags/example_task_group_decorator.py
[2025-03-06T23:46:53.750+0100] {processor.py:914} INFO - Processing file /home/erij/Erij_Mazouz_4DS8_churn_ml_project/venv/lib/python3.8/site-packages/airflow/example_dags/example_task_group_decorator.py for tasks to queue
[2025-03-06T23:46:53.752+0100] {logging_mixin.py:190} INFO - [2025-03-06T23:46:53.752+0100] {dagbag.py:588} INFO - Filling up the DagBag from /home/erij/Erij_Mazouz_4DS8_churn_ml_project/venv/lib/python3.8/site-packages/airflow/example_dags/example_task_group_decorator.py
[2025-03-06T23:46:53.764+0100] {processor.py:925} INFO - DAG(s) 'example_task_group_decorator' retrieved from /home/erij/Erij_Mazouz_4DS8_churn_ml_project/venv/lib/python3.8/site-packages/airflow/example_dags/example_task_group_decorator.py
[2025-03-06T23:46:53.781+0100] {logging_mixin.py:190} INFO - [2025-03-06T23:46:53.781+0100] {dag.py:3239} INFO - Sync 1 DAGs
[2025-03-06T23:46:53.791+0100] {logging_mixin.py:190} INFO - [2025-03-06T23:46:53.791+0100] {dag.py:4180} INFO - Setting next_dagrun for example_task_group_decorator to None, run_after=None
[2025-03-06T23:46:53.808+0100] {processor.py:208} INFO - Processing /home/erij/Erij_Mazouz_4DS8_churn_ml_project/venv/lib/python3.8/site-packages/airflow/example_dags/example_task_group_decorator.py took 0.065 seconds
[2025-03-06T23:47:48.974+0100] {processor.py:186} INFO - Started process (PID=57476) to work on /home/erij/Erij_Mazouz_4DS8_churn_ml_project/venv/lib/python3.8/site-packages/airflow/example_dags/example_task_group_decorator.py
[2025-03-06T23:47:48.976+0100] {processor.py:914} INFO - Processing file /home/erij/Erij_Mazouz_4DS8_churn_ml_project/venv/lib/python3.8/site-packages/airflow/example_dags/example_task_group_decorator.py for tasks to queue
[2025-03-06T23:47:48.978+0100] {logging_mixin.py:190} INFO - [2025-03-06T23:47:48.977+0100] {dagbag.py:588} INFO - Filling up the DagBag from /home/erij/Erij_Mazouz_4DS8_churn_ml_project/venv/lib/python3.8/site-packages/airflow/example_dags/example_task_group_decorator.py
[2025-03-06T23:47:48.992+0100] {processor.py:925} INFO - DAG(s) 'example_task_group_decorator' retrieved from /home/erij/Erij_Mazouz_4DS8_churn_ml_project/venv/lib/python3.8/site-packages/airflow/example_dags/example_task_group_decorator.py
[2025-03-06T23:47:49.009+0100] {logging_mixin.py:190} INFO - [2025-03-06T23:47:49.009+0100] {dag.py:3239} INFO - Sync 1 DAGs
[2025-03-06T23:47:49.021+0100] {logging_mixin.py:190} INFO - [2025-03-06T23:47:49.021+0100] {dag.py:4180} INFO - Setting next_dagrun for example_task_group_decorator to None, run_after=None
[2025-03-06T23:47:49.038+0100] {processor.py:208} INFO - Processing /home/erij/Erij_Mazouz_4DS8_churn_ml_project/venv/lib/python3.8/site-packages/airflow/example_dags/example_task_group_decorator.py took 0.069 seconds
[2025-03-06T23:48:46.837+0100] {processor.py:186} INFO - Started process (PID=57594) to work on /home/erij/Erij_Mazouz_4DS8_churn_ml_project/venv/lib/python3.8/site-packages/airflow/example_dags/example_task_group_decorator.py
[2025-03-06T23:48:46.840+0100] {processor.py:914} INFO - Processing file /home/erij/Erij_Mazouz_4DS8_churn_ml_project/venv/lib/python3.8/site-packages/airflow/example_dags/example_task_group_decorator.py for tasks to queue
[2025-03-06T23:48:46.842+0100] {logging_mixin.py:190} INFO - [2025-03-06T23:48:46.842+0100] {dagbag.py:588} INFO - Filling up the DagBag from /home/erij/Erij_Mazouz_4DS8_churn_ml_project/venv/lib/python3.8/site-packages/airflow/example_dags/example_task_group_decorator.py
[2025-03-06T23:48:46.856+0100] {processor.py:925} INFO - DAG(s) 'example_task_group_decorator' retrieved from /home/erij/Erij_Mazouz_4DS8_churn_ml_project/venv/lib/python3.8/site-packages/airflow/example_dags/example_task_group_decorator.py
[2025-03-06T23:48:46.872+0100] {logging_mixin.py:190} INFO - [2025-03-06T23:48:46.872+0100] {dag.py:3239} INFO - Sync 1 DAGs
[2025-03-06T23:48:46.882+0100] {logging_mixin.py:190} INFO - [2025-03-06T23:48:46.882+0100] {dag.py:4180} INFO - Setting next_dagrun for example_task_group_decorator to None, run_after=None
[2025-03-06T23:48:46.900+0100] {processor.py:208} INFO - Processing /home/erij/Erij_Mazouz_4DS8_churn_ml_project/venv/lib/python3.8/site-packages/airflow/example_dags/example_task_group_decorator.py took 0.067 seconds
[2025-03-06T23:49:43.307+0100] {processor.py:186} INFO - Started process (PID=57703) to work on /home/erij/Erij_Mazouz_4DS8_churn_ml_project/venv/lib/python3.8/site-packages/airflow/example_dags/example_task_group_decorator.py
[2025-03-06T23:49:43.308+0100] {processor.py:914} INFO - Processing file /home/erij/Erij_Mazouz_4DS8_churn_ml_project/venv/lib/python3.8/site-packages/airflow/example_dags/example_task_group_decorator.py for tasks to queue
[2025-03-06T23:49:43.311+0100] {logging_mixin.py:190} INFO - [2025-03-06T23:49:43.310+0100] {dagbag.py:588} INFO - Filling up the DagBag from /home/erij/Erij_Mazouz_4DS8_churn_ml_project/venv/lib/python3.8/site-packages/airflow/example_dags/example_task_group_decorator.py
[2025-03-06T23:49:43.326+0100] {processor.py:925} INFO - DAG(s) 'example_task_group_decorator' retrieved from /home/erij/Erij_Mazouz_4DS8_churn_ml_project/venv/lib/python3.8/site-packages/airflow/example_dags/example_task_group_decorator.py
[2025-03-06T23:49:43.345+0100] {logging_mixin.py:190} INFO - [2025-03-06T23:49:43.345+0100] {dag.py:3239} INFO - Sync 1 DAGs
[2025-03-06T23:49:43.358+0100] {logging_mixin.py:190} INFO - [2025-03-06T23:49:43.358+0100] {dag.py:4180} INFO - Setting next_dagrun for example_task_group_decorator to None, run_after=None
[2025-03-06T23:49:43.381+0100] {processor.py:208} INFO - Processing /home/erij/Erij_Mazouz_4DS8_churn_ml_project/venv/lib/python3.8/site-packages/airflow/example_dags/example_task_group_decorator.py took 0.080 seconds
[2025-03-06T23:50:37.129+0100] {processor.py:186} INFO - Started process (PID=57818) to work on /home/erij/Erij_Mazouz_4DS8_churn_ml_project/venv/lib/python3.8/site-packages/airflow/example_dags/example_task_group_decorator.py
[2025-03-06T23:50:37.131+0100] {processor.py:914} INFO - Processing file /home/erij/Erij_Mazouz_4DS8_churn_ml_project/venv/lib/python3.8/site-packages/airflow/example_dags/example_task_group_decorator.py for tasks to queue
[2025-03-06T23:50:37.133+0100] {logging_mixin.py:190} INFO - [2025-03-06T23:50:37.132+0100] {dagbag.py:588} INFO - Filling up the DagBag from /home/erij/Erij_Mazouz_4DS8_churn_ml_project/venv/lib/python3.8/site-packages/airflow/example_dags/example_task_group_decorator.py
[2025-03-06T23:50:37.146+0100] {processor.py:925} INFO - DAG(s) 'example_task_group_decorator' retrieved from /home/erij/Erij_Mazouz_4DS8_churn_ml_project/venv/lib/python3.8/site-packages/airflow/example_dags/example_task_group_decorator.py
[2025-03-06T23:50:37.163+0100] {logging_mixin.py:190} INFO - [2025-03-06T23:50:37.163+0100] {dag.py:3239} INFO - Sync 1 DAGs
[2025-03-06T23:50:37.173+0100] {logging_mixin.py:190} INFO - [2025-03-06T23:50:37.173+0100] {dag.py:4180} INFO - Setting next_dagrun for example_task_group_decorator to None, run_after=None
[2025-03-06T23:50:37.190+0100] {processor.py:208} INFO - Processing /home/erij/Erij_Mazouz_4DS8_churn_ml_project/venv/lib/python3.8/site-packages/airflow/example_dags/example_task_group_decorator.py took 0.067 seconds
[2025-03-06T23:51:33.344+0100] {processor.py:186} INFO - Started process (PID=57926) to work on /home/erij/Erij_Mazouz_4DS8_churn_ml_project/venv/lib/python3.8/site-packages/airflow/example_dags/example_task_group_decorator.py
[2025-03-06T23:51:33.346+0100] {processor.py:914} INFO - Processing file /home/erij/Erij_Mazouz_4DS8_churn_ml_project/venv/lib/python3.8/site-packages/airflow/example_dags/example_task_group_decorator.py for tasks to queue
[2025-03-06T23:51:33.348+0100] {logging_mixin.py:190} INFO - [2025-03-06T23:51:33.348+0100] {dagbag.py:588} INFO - Filling up the DagBag from /home/erij/Erij_Mazouz_4DS8_churn_ml_project/venv/lib/python3.8/site-packages/airflow/example_dags/example_task_group_decorator.py
[2025-03-06T23:51:33.361+0100] {processor.py:925} INFO - DAG(s) 'example_task_group_decorator' retrieved from /home/erij/Erij_Mazouz_4DS8_churn_ml_project/venv/lib/python3.8/site-packages/airflow/example_dags/example_task_group_decorator.py
[2025-03-06T23:51:33.377+0100] {logging_mixin.py:190} INFO - [2025-03-06T23:51:33.377+0100] {dag.py:3239} INFO - Sync 1 DAGs
[2025-03-06T23:51:33.389+0100] {logging_mixin.py:190} INFO - [2025-03-06T23:51:33.389+0100] {dag.py:4180} INFO - Setting next_dagrun for example_task_group_decorator to None, run_after=None
[2025-03-06T23:51:33.410+0100] {processor.py:208} INFO - Processing /home/erij/Erij_Mazouz_4DS8_churn_ml_project/venv/lib/python3.8/site-packages/airflow/example_dags/example_task_group_decorator.py took 0.070 seconds
[2025-03-06T23:52:28.764+0100] {processor.py:186} INFO - Started process (PID=58045) to work on /home/erij/Erij_Mazouz_4DS8_churn_ml_project/venv/lib/python3.8/site-packages/airflow/example_dags/example_task_group_decorator.py
[2025-03-06T23:52:28.766+0100] {processor.py:914} INFO - Processing file /home/erij/Erij_Mazouz_4DS8_churn_ml_project/venv/lib/python3.8/site-packages/airflow/example_dags/example_task_group_decorator.py for tasks to queue
[2025-03-06T23:52:28.768+0100] {logging_mixin.py:190} INFO - [2025-03-06T23:52:28.767+0100] {dagbag.py:588} INFO - Filling up the DagBag from /home/erij/Erij_Mazouz_4DS8_churn_ml_project/venv/lib/python3.8/site-packages/airflow/example_dags/example_task_group_decorator.py
[2025-03-06T23:52:28.781+0100] {processor.py:925} INFO - DAG(s) 'example_task_group_decorator' retrieved from /home/erij/Erij_Mazouz_4DS8_churn_ml_project/venv/lib/python3.8/site-packages/airflow/example_dags/example_task_group_decorator.py
[2025-03-06T23:52:28.797+0100] {logging_mixin.py:190} INFO - [2025-03-06T23:52:28.797+0100] {dag.py:3239} INFO - Sync 1 DAGs
[2025-03-06T23:52:28.809+0100] {logging_mixin.py:190} INFO - [2025-03-06T23:52:28.809+0100] {dag.py:4180} INFO - Setting next_dagrun for example_task_group_decorator to None, run_after=None
[2025-03-06T23:52:28.827+0100] {processor.py:208} INFO - Processing /home/erij/Erij_Mazouz_4DS8_churn_ml_project/venv/lib/python3.8/site-packages/airflow/example_dags/example_task_group_decorator.py took 0.068 seconds
[2025-03-06T23:53:25.986+0100] {processor.py:186} INFO - Started process (PID=58161) to work on /home/erij/Erij_Mazouz_4DS8_churn_ml_project/venv/lib/python3.8/site-packages/airflow/example_dags/example_task_group_decorator.py
[2025-03-06T23:53:25.988+0100] {processor.py:914} INFO - Processing file /home/erij/Erij_Mazouz_4DS8_churn_ml_project/venv/lib/python3.8/site-packages/airflow/example_dags/example_task_group_decorator.py for tasks to queue
[2025-03-06T23:53:25.990+0100] {logging_mixin.py:190} INFO - [2025-03-06T23:53:25.990+0100] {dagbag.py:588} INFO - Filling up the DagBag from /home/erij/Erij_Mazouz_4DS8_churn_ml_project/venv/lib/python3.8/site-packages/airflow/example_dags/example_task_group_decorator.py
[2025-03-06T23:53:26.005+0100] {processor.py:925} INFO - DAG(s) 'example_task_group_decorator' retrieved from /home/erij/Erij_Mazouz_4DS8_churn_ml_project/venv/lib/python3.8/site-packages/airflow/example_dags/example_task_group_decorator.py
[2025-03-06T23:53:26.024+0100] {logging_mixin.py:190} INFO - [2025-03-06T23:53:26.024+0100] {dag.py:3239} INFO - Sync 1 DAGs
[2025-03-06T23:53:26.036+0100] {logging_mixin.py:190} INFO - [2025-03-06T23:53:26.036+0100] {dag.py:4180} INFO - Setting next_dagrun for example_task_group_decorator to None, run_after=None
[2025-03-06T23:53:26.054+0100] {processor.py:208} INFO - Processing /home/erij/Erij_Mazouz_4DS8_churn_ml_project/venv/lib/python3.8/site-packages/airflow/example_dags/example_task_group_decorator.py took 0.076 seconds
[2025-03-06T23:54:23.710+0100] {processor.py:186} INFO - Started process (PID=58534) to work on /home/erij/Erij_Mazouz_4DS8_churn_ml_project/venv/lib/python3.8/site-packages/airflow/example_dags/example_task_group_decorator.py
[2025-03-06T23:54:23.713+0100] {processor.py:914} INFO - Processing file /home/erij/Erij_Mazouz_4DS8_churn_ml_project/venv/lib/python3.8/site-packages/airflow/example_dags/example_task_group_decorator.py for tasks to queue
[2025-03-06T23:54:23.715+0100] {logging_mixin.py:190} INFO - [2025-03-06T23:54:23.715+0100] {dagbag.py:588} INFO - Filling up the DagBag from /home/erij/Erij_Mazouz_4DS8_churn_ml_project/venv/lib/python3.8/site-packages/airflow/example_dags/example_task_group_decorator.py
[2025-03-06T23:54:23.729+0100] {processor.py:925} INFO - DAG(s) 'example_task_group_decorator' retrieved from /home/erij/Erij_Mazouz_4DS8_churn_ml_project/venv/lib/python3.8/site-packages/airflow/example_dags/example_task_group_decorator.py
[2025-03-06T23:54:23.747+0100] {logging_mixin.py:190} INFO - [2025-03-06T23:54:23.746+0100] {dag.py:3239} INFO - Sync 1 DAGs
[2025-03-06T23:54:23.764+0100] {logging_mixin.py:190} INFO - [2025-03-06T23:54:23.764+0100] {dag.py:4180} INFO - Setting next_dagrun for example_task_group_decorator to None, run_after=None
[2025-03-06T23:54:23.786+0100] {processor.py:208} INFO - Processing /home/erij/Erij_Mazouz_4DS8_churn_ml_project/venv/lib/python3.8/site-packages/airflow/example_dags/example_task_group_decorator.py took 0.081 seconds
[2025-03-06T23:55:21.183+0100] {processor.py:186} INFO - Started process (PID=59026) to work on /home/erij/Erij_Mazouz_4DS8_churn_ml_project/venv/lib/python3.8/site-packages/airflow/example_dags/example_task_group_decorator.py
[2025-03-06T23:55:21.186+0100] {processor.py:914} INFO - Processing file /home/erij/Erij_Mazouz_4DS8_churn_ml_project/venv/lib/python3.8/site-packages/airflow/example_dags/example_task_group_decorator.py for tasks to queue
[2025-03-06T23:55:21.187+0100] {logging_mixin.py:190} INFO - [2025-03-06T23:55:21.187+0100] {dagbag.py:588} INFO - Filling up the DagBag from /home/erij/Erij_Mazouz_4DS8_churn_ml_project/venv/lib/python3.8/site-packages/airflow/example_dags/example_task_group_decorator.py
[2025-03-06T23:55:21.200+0100] {processor.py:925} INFO - DAG(s) 'example_task_group_decorator' retrieved from /home/erij/Erij_Mazouz_4DS8_churn_ml_project/venv/lib/python3.8/site-packages/airflow/example_dags/example_task_group_decorator.py
[2025-03-06T23:55:21.215+0100] {logging_mixin.py:190} INFO - [2025-03-06T23:55:21.215+0100] {dag.py:3239} INFO - Sync 1 DAGs
[2025-03-06T23:55:21.225+0100] {logging_mixin.py:190} INFO - [2025-03-06T23:55:21.224+0100] {dag.py:4180} INFO - Setting next_dagrun for example_task_group_decorator to None, run_after=None
[2025-03-06T23:55:21.241+0100] {processor.py:208} INFO - Processing /home/erij/Erij_Mazouz_4DS8_churn_ml_project/venv/lib/python3.8/site-packages/airflow/example_dags/example_task_group_decorator.py took 0.062 seconds
[2025-03-06T23:56:22.177+0100] {processor.py:186} INFO - Started process (PID=59229) to work on /home/erij/Erij_Mazouz_4DS8_churn_ml_project/venv/lib/python3.8/site-packages/airflow/example_dags/example_task_group_decorator.py
[2025-03-06T23:56:22.179+0100] {processor.py:914} INFO - Processing file /home/erij/Erij_Mazouz_4DS8_churn_ml_project/venv/lib/python3.8/site-packages/airflow/example_dags/example_task_group_decorator.py for tasks to queue
[2025-03-06T23:56:22.182+0100] {logging_mixin.py:190} INFO - [2025-03-06T23:56:22.182+0100] {dagbag.py:588} INFO - Filling up the DagBag from /home/erij/Erij_Mazouz_4DS8_churn_ml_project/venv/lib/python3.8/site-packages/airflow/example_dags/example_task_group_decorator.py
[2025-03-06T23:56:22.197+0100] {processor.py:925} INFO - DAG(s) 'example_task_group_decorator' retrieved from /home/erij/Erij_Mazouz_4DS8_churn_ml_project/venv/lib/python3.8/site-packages/airflow/example_dags/example_task_group_decorator.py
[2025-03-06T23:56:22.215+0100] {logging_mixin.py:190} INFO - [2025-03-06T23:56:22.215+0100] {dag.py:3239} INFO - Sync 1 DAGs
[2025-03-06T23:56:22.226+0100] {logging_mixin.py:190} INFO - [2025-03-06T23:56:22.226+0100] {dag.py:4180} INFO - Setting next_dagrun for example_task_group_decorator to None, run_after=None
[2025-03-06T23:56:22.244+0100] {processor.py:208} INFO - Processing /home/erij/Erij_Mazouz_4DS8_churn_ml_project/venv/lib/python3.8/site-packages/airflow/example_dags/example_task_group_decorator.py took 0.072 seconds
[2025-03-06T23:57:17.898+0100] {processor.py:186} INFO - Started process (PID=59359) to work on /home/erij/Erij_Mazouz_4DS8_churn_ml_project/venv/lib/python3.8/site-packages/airflow/example_dags/example_task_group_decorator.py
[2025-03-06T23:57:17.899+0100] {processor.py:914} INFO - Processing file /home/erij/Erij_Mazouz_4DS8_churn_ml_project/venv/lib/python3.8/site-packages/airflow/example_dags/example_task_group_decorator.py for tasks to queue
[2025-03-06T23:57:17.902+0100] {logging_mixin.py:190} INFO - [2025-03-06T23:57:17.902+0100] {dagbag.py:588} INFO - Filling up the DagBag from /home/erij/Erij_Mazouz_4DS8_churn_ml_project/venv/lib/python3.8/site-packages/airflow/example_dags/example_task_group_decorator.py
[2025-03-06T23:57:17.918+0100] {processor.py:925} INFO - DAG(s) 'example_task_group_decorator' retrieved from /home/erij/Erij_Mazouz_4DS8_churn_ml_project/venv/lib/python3.8/site-packages/airflow/example_dags/example_task_group_decorator.py
[2025-03-06T23:57:17.936+0100] {logging_mixin.py:190} INFO - [2025-03-06T23:57:17.936+0100] {dag.py:3239} INFO - Sync 1 DAGs
[2025-03-06T23:57:17.952+0100] {logging_mixin.py:190} INFO - [2025-03-06T23:57:17.951+0100] {dag.py:4180} INFO - Setting next_dagrun for example_task_group_decorator to None, run_after=None
[2025-03-06T23:57:17.978+0100] {processor.py:208} INFO - Processing /home/erij/Erij_Mazouz_4DS8_churn_ml_project/venv/lib/python3.8/site-packages/airflow/example_dags/example_task_group_decorator.py took 0.086 seconds
[2025-03-06T23:58:13.137+0100] {processor.py:186} INFO - Started process (PID=59498) to work on /home/erij/Erij_Mazouz_4DS8_churn_ml_project/venv/lib/python3.8/site-packages/airflow/example_dags/example_task_group_decorator.py
[2025-03-06T23:58:13.139+0100] {processor.py:914} INFO - Processing file /home/erij/Erij_Mazouz_4DS8_churn_ml_project/venv/lib/python3.8/site-packages/airflow/example_dags/example_task_group_decorator.py for tasks to queue
[2025-03-06T23:58:13.142+0100] {logging_mixin.py:190} INFO - [2025-03-06T23:58:13.142+0100] {dagbag.py:588} INFO - Filling up the DagBag from /home/erij/Erij_Mazouz_4DS8_churn_ml_project/venv/lib/python3.8/site-packages/airflow/example_dags/example_task_group_decorator.py
[2025-03-06T23:58:13.156+0100] {processor.py:925} INFO - DAG(s) 'example_task_group_decorator' retrieved from /home/erij/Erij_Mazouz_4DS8_churn_ml_project/venv/lib/python3.8/site-packages/airflow/example_dags/example_task_group_decorator.py
[2025-03-06T23:58:13.172+0100] {logging_mixin.py:190} INFO - [2025-03-06T23:58:13.172+0100] {dag.py:3239} INFO - Sync 1 DAGs
[2025-03-06T23:58:13.182+0100] {logging_mixin.py:190} INFO - [2025-03-06T23:58:13.182+0100] {dag.py:4180} INFO - Setting next_dagrun for example_task_group_decorator to None, run_after=None
[2025-03-06T23:58:13.200+0100] {processor.py:208} INFO - Processing /home/erij/Erij_Mazouz_4DS8_churn_ml_project/venv/lib/python3.8/site-packages/airflow/example_dags/example_task_group_decorator.py took 0.068 seconds
[2025-03-06T23:59:04.079+0100] {processor.py:186} INFO - Started process (PID=59645) to work on /home/erij/Erij_Mazouz_4DS8_churn_ml_project/venv/lib/python3.8/site-packages/airflow/example_dags/example_task_group_decorator.py
[2025-03-06T23:59:04.081+0100] {processor.py:914} INFO - Processing file /home/erij/Erij_Mazouz_4DS8_churn_ml_project/venv/lib/python3.8/site-packages/airflow/example_dags/example_task_group_decorator.py for tasks to queue
[2025-03-06T23:59:04.084+0100] {logging_mixin.py:190} INFO - [2025-03-06T23:59:04.083+0100] {dagbag.py:588} INFO - Filling up the DagBag from /home/erij/Erij_Mazouz_4DS8_churn_ml_project/venv/lib/python3.8/site-packages/airflow/example_dags/example_task_group_decorator.py
[2025-03-06T23:59:04.097+0100] {processor.py:925} INFO - DAG(s) 'example_task_group_decorator' retrieved from /home/erij/Erij_Mazouz_4DS8_churn_ml_project/venv/lib/python3.8/site-packages/airflow/example_dags/example_task_group_decorator.py
[2025-03-06T23:59:04.114+0100] {logging_mixin.py:190} INFO - [2025-03-06T23:59:04.113+0100] {dag.py:3239} INFO - Sync 1 DAGs
[2025-03-06T23:59:04.124+0100] {logging_mixin.py:190} INFO - [2025-03-06T23:59:04.124+0100] {dag.py:4180} INFO - Setting next_dagrun for example_task_group_decorator to None, run_after=None
[2025-03-06T23:59:04.143+0100] {processor.py:208} INFO - Processing /home/erij/Erij_Mazouz_4DS8_churn_ml_project/venv/lib/python3.8/site-packages/airflow/example_dags/example_task_group_decorator.py took 0.069 seconds
[2025-03-06T23:59:55.498+0100] {processor.py:186} INFO - Started process (PID=59791) to work on /home/erij/Erij_Mazouz_4DS8_churn_ml_project/venv/lib/python3.8/site-packages/airflow/example_dags/example_task_group_decorator.py
[2025-03-06T23:59:55.500+0100] {processor.py:914} INFO - Processing file /home/erij/Erij_Mazouz_4DS8_churn_ml_project/venv/lib/python3.8/site-packages/airflow/example_dags/example_task_group_decorator.py for tasks to queue
[2025-03-06T23:59:55.502+0100] {logging_mixin.py:190} INFO - [2025-03-06T23:59:55.502+0100] {dagbag.py:588} INFO - Filling up the DagBag from /home/erij/Erij_Mazouz_4DS8_churn_ml_project/venv/lib/python3.8/site-packages/airflow/example_dags/example_task_group_decorator.py
[2025-03-06T23:59:55.514+0100] {processor.py:925} INFO - DAG(s) 'example_task_group_decorator' retrieved from /home/erij/Erij_Mazouz_4DS8_churn_ml_project/venv/lib/python3.8/site-packages/airflow/example_dags/example_task_group_decorator.py
[2025-03-06T23:59:55.529+0100] {logging_mixin.py:190} INFO - [2025-03-06T23:59:55.529+0100] {dag.py:3239} INFO - Sync 1 DAGs
[2025-03-06T23:59:55.539+0100] {logging_mixin.py:190} INFO - [2025-03-06T23:59:55.538+0100] {dag.py:4180} INFO - Setting next_dagrun for example_task_group_decorator to None, run_after=None
[2025-03-06T23:59:55.556+0100] {processor.py:208} INFO - Processing /home/erij/Erij_Mazouz_4DS8_churn_ml_project/venv/lib/python3.8/site-packages/airflow/example_dags/example_task_group_decorator.py took 0.063 seconds
[2025-03-07T00:00:48.005+0100] {processor.py:186} INFO - Started process (PID=59989) to work on /home/erij/Erij_Mazouz_4DS8_churn_ml_project/venv/lib/python3.8/site-packages/airflow/example_dags/example_task_group_decorator.py
[2025-03-07T00:00:48.007+0100] {processor.py:914} INFO - Processing file /home/erij/Erij_Mazouz_4DS8_churn_ml_project/venv/lib/python3.8/site-packages/airflow/example_dags/example_task_group_decorator.py for tasks to queue
[2025-03-07T00:00:48.009+0100] {logging_mixin.py:190} INFO - [2025-03-07T00:00:48.009+0100] {dagbag.py:588} INFO - Filling up the DagBag from /home/erij/Erij_Mazouz_4DS8_churn_ml_project/venv/lib/python3.8/site-packages/airflow/example_dags/example_task_group_decorator.py
[2025-03-07T00:00:48.023+0100] {processor.py:925} INFO - DAG(s) 'example_task_group_decorator' retrieved from /home/erij/Erij_Mazouz_4DS8_churn_ml_project/venv/lib/python3.8/site-packages/airflow/example_dags/example_task_group_decorator.py
[2025-03-07T00:00:48.040+0100] {logging_mixin.py:190} INFO - [2025-03-07T00:00:48.040+0100] {dag.py:3239} INFO - Sync 1 DAGs
[2025-03-07T00:00:48.050+0100] {logging_mixin.py:190} INFO - [2025-03-07T00:00:48.050+0100] {dag.py:4180} INFO - Setting next_dagrun for example_task_group_decorator to None, run_after=None
[2025-03-07T00:00:48.068+0100] {processor.py:208} INFO - Processing /home/erij/Erij_Mazouz_4DS8_churn_ml_project/venv/lib/python3.8/site-packages/airflow/example_dags/example_task_group_decorator.py took 0.069 seconds
[2025-03-07T00:01:41.869+0100] {processor.py:186} INFO - Started process (PID=60147) to work on /home/erij/Erij_Mazouz_4DS8_churn_ml_project/venv/lib/python3.8/site-packages/airflow/example_dags/example_task_group_decorator.py
[2025-03-07T00:01:41.870+0100] {processor.py:914} INFO - Processing file /home/erij/Erij_Mazouz_4DS8_churn_ml_project/venv/lib/python3.8/site-packages/airflow/example_dags/example_task_group_decorator.py for tasks to queue
[2025-03-07T00:01:41.872+0100] {logging_mixin.py:190} INFO - [2025-03-07T00:01:41.872+0100] {dagbag.py:588} INFO - Filling up the DagBag from /home/erij/Erij_Mazouz_4DS8_churn_ml_project/venv/lib/python3.8/site-packages/airflow/example_dags/example_task_group_decorator.py
[2025-03-07T00:01:41.887+0100] {processor.py:925} INFO - DAG(s) 'example_task_group_decorator' retrieved from /home/erij/Erij_Mazouz_4DS8_churn_ml_project/venv/lib/python3.8/site-packages/airflow/example_dags/example_task_group_decorator.py
[2025-03-07T00:01:41.907+0100] {logging_mixin.py:190} INFO - [2025-03-07T00:01:41.906+0100] {dag.py:3239} INFO - Sync 1 DAGs
[2025-03-07T00:01:41.919+0100] {logging_mixin.py:190} INFO - [2025-03-07T00:01:41.919+0100] {dag.py:4180} INFO - Setting next_dagrun for example_task_group_decorator to None, run_after=None
[2025-03-07T00:01:41.937+0100] {processor.py:208} INFO - Processing /home/erij/Erij_Mazouz_4DS8_churn_ml_project/venv/lib/python3.8/site-packages/airflow/example_dags/example_task_group_decorator.py took 0.075 seconds
[2025-03-07T00:02:37.305+0100] {processor.py:186} INFO - Started process (PID=60363) to work on /home/erij/Erij_Mazouz_4DS8_churn_ml_project/venv/lib/python3.8/site-packages/airflow/example_dags/example_task_group_decorator.py
[2025-03-07T00:02:37.306+0100] {processor.py:914} INFO - Processing file /home/erij/Erij_Mazouz_4DS8_churn_ml_project/venv/lib/python3.8/site-packages/airflow/example_dags/example_task_group_decorator.py for tasks to queue
[2025-03-07T00:02:37.309+0100] {logging_mixin.py:190} INFO - [2025-03-07T00:02:37.309+0100] {dagbag.py:588} INFO - Filling up the DagBag from /home/erij/Erij_Mazouz_4DS8_churn_ml_project/venv/lib/python3.8/site-packages/airflow/example_dags/example_task_group_decorator.py
[2025-03-07T00:02:37.322+0100] {processor.py:925} INFO - DAG(s) 'example_task_group_decorator' retrieved from /home/erij/Erij_Mazouz_4DS8_churn_ml_project/venv/lib/python3.8/site-packages/airflow/example_dags/example_task_group_decorator.py
[2025-03-07T00:02:37.338+0100] {logging_mixin.py:190} INFO - [2025-03-07T00:02:37.338+0100] {dag.py:3239} INFO - Sync 1 DAGs
[2025-03-07T00:02:37.349+0100] {logging_mixin.py:190} INFO - [2025-03-07T00:02:37.349+0100] {dag.py:4180} INFO - Setting next_dagrun for example_task_group_decorator to None, run_after=None
[2025-03-07T00:02:37.367+0100] {processor.py:208} INFO - Processing /home/erij/Erij_Mazouz_4DS8_churn_ml_project/venv/lib/python3.8/site-packages/airflow/example_dags/example_task_group_decorator.py took 0.067 seconds
