[2025-03-06T23:38:36.217+0100] {processor.py:186} INFO - Started process (PID=55620) to work on /home/erij/Erij_Mazouz_4DS8_churn_ml_project/venv/lib/python3.8/site-packages/airflow/example_dags/example_branch_operator.py
[2025-03-06T23:38:36.218+0100] {processor.py:914} INFO - Processing file /home/erij/Erij_Mazouz_4DS8_churn_ml_project/venv/lib/python3.8/site-packages/airflow/example_dags/example_branch_operator.py for tasks to queue
[2025-03-06T23:38:36.220+0100] {logging_mixin.py:190} INFO - [2025-03-06T23:38:36.219+0100] {dagbag.py:588} INFO - Filling up the DagBag from /home/erij/Erij_Mazouz_4DS8_churn_ml_project/venv/lib/python3.8/site-packages/airflow/example_dags/example_branch_operator.py
[2025-03-06T23:38:36.240+0100] {processor.py:925} INFO - DAG(s) 'example_branch_operator' retrieved from /home/erij/Erij_Mazouz_4DS8_churn_ml_project/venv/lib/python3.8/site-packages/airflow/example_dags/example_branch_operator.py
[2025-03-06T23:38:36.339+0100] {logging_mixin.py:190} INFO - [2025-03-06T23:38:36.339+0100] {dag.py:3239} INFO - Sync 1 DAGs
[2025-03-06T23:38:36.357+0100] {logging_mixin.py:190} INFO - [2025-03-06T23:38:36.357+0100] {dag.py:4180} INFO - Setting next_dagrun for example_branch_operator to 2025-03-05 00:00:00+00:00, run_after=2025-03-06 00:00:00+00:00
[2025-03-06T23:38:36.376+0100] {processor.py:208} INFO - Processing /home/erij/Erij_Mazouz_4DS8_churn_ml_project/venv/lib/python3.8/site-packages/airflow/example_dags/example_branch_operator.py took 0.165 seconds
[2025-03-06T23:40:27.112+0100] {processor.py:186} INFO - Started process (PID=56470) to work on /home/erij/Erij_Mazouz_4DS8_churn_ml_project/venv/lib/python3.8/site-packages/airflow/example_dags/example_branch_operator.py
[2025-03-06T23:40:27.115+0100] {processor.py:914} INFO - Processing file /home/erij/Erij_Mazouz_4DS8_churn_ml_project/venv/lib/python3.8/site-packages/airflow/example_dags/example_branch_operator.py for tasks to queue
[2025-03-06T23:40:27.117+0100] {logging_mixin.py:190} INFO - [2025-03-06T23:40:27.116+0100] {dagbag.py:588} INFO - Filling up the DagBag from /home/erij/Erij_Mazouz_4DS8_churn_ml_project/venv/lib/python3.8/site-packages/airflow/example_dags/example_branch_operator.py
[2025-03-06T23:40:27.134+0100] {processor.py:925} INFO - DAG(s) 'example_branch_operator' retrieved from /home/erij/Erij_Mazouz_4DS8_churn_ml_project/venv/lib/python3.8/site-packages/airflow/example_dags/example_branch_operator.py
[2025-03-06T23:40:27.154+0100] {logging_mixin.py:190} INFO - [2025-03-06T23:40:27.154+0100] {dag.py:3239} INFO - Sync 1 DAGs
[2025-03-06T23:40:27.172+0100] {logging_mixin.py:190} INFO - [2025-03-06T23:40:27.172+0100] {dag.py:4180} INFO - Setting next_dagrun for example_branch_operator to 2025-03-05 00:00:00+00:00, run_after=2025-03-06 00:00:00+00:00
[2025-03-06T23:40:27.190+0100] {processor.py:208} INFO - Processing /home/erij/Erij_Mazouz_4DS8_churn_ml_project/venv/lib/python3.8/site-packages/airflow/example_dags/example_branch_operator.py took 0.082 seconds
[2025-03-06T23:41:11.367+0100] {processor.py:186} INFO - Started process (PID=56569) to work on /home/erij/Erij_Mazouz_4DS8_churn_ml_project/venv/lib/python3.8/site-packages/airflow/example_dags/example_branch_operator.py
[2025-03-06T23:41:11.369+0100] {processor.py:914} INFO - Processing file /home/erij/Erij_Mazouz_4DS8_churn_ml_project/venv/lib/python3.8/site-packages/airflow/example_dags/example_branch_operator.py for tasks to queue
[2025-03-06T23:41:11.372+0100] {logging_mixin.py:190} INFO - [2025-03-06T23:41:11.371+0100] {dagbag.py:588} INFO - Filling up the DagBag from /home/erij/Erij_Mazouz_4DS8_churn_ml_project/venv/lib/python3.8/site-packages/airflow/example_dags/example_branch_operator.py
[2025-03-06T23:41:11.387+0100] {processor.py:925} INFO - DAG(s) 'example_branch_operator' retrieved from /home/erij/Erij_Mazouz_4DS8_churn_ml_project/venv/lib/python3.8/site-packages/airflow/example_dags/example_branch_operator.py
[2025-03-06T23:41:11.409+0100] {logging_mixin.py:190} INFO - [2025-03-06T23:41:11.408+0100] {dag.py:3239} INFO - Sync 1 DAGs
[2025-03-06T23:41:11.429+0100] {logging_mixin.py:190} INFO - [2025-03-06T23:41:11.428+0100] {dag.py:4180} INFO - Setting next_dagrun for example_branch_operator to 2025-03-05 00:00:00+00:00, run_after=2025-03-06 00:00:00+00:00
[2025-03-06T23:41:11.447+0100] {processor.py:208} INFO - Processing /home/erij/Erij_Mazouz_4DS8_churn_ml_project/venv/lib/python3.8/site-packages/airflow/example_dags/example_branch_operator.py took 0.086 seconds
[2025-03-06T23:42:08.482+0100] {processor.py:186} INFO - Started process (PID=56711) to work on /home/erij/Erij_Mazouz_4DS8_churn_ml_project/venv/lib/python3.8/site-packages/airflow/example_dags/example_branch_operator.py
[2025-03-06T23:42:08.485+0100] {processor.py:914} INFO - Processing file /home/erij/Erij_Mazouz_4DS8_churn_ml_project/venv/lib/python3.8/site-packages/airflow/example_dags/example_branch_operator.py for tasks to queue
[2025-03-06T23:42:08.487+0100] {logging_mixin.py:190} INFO - [2025-03-06T23:42:08.486+0100] {dagbag.py:588} INFO - Filling up the DagBag from /home/erij/Erij_Mazouz_4DS8_churn_ml_project/venv/lib/python3.8/site-packages/airflow/example_dags/example_branch_operator.py
[2025-03-06T23:42:08.506+0100] {processor.py:925} INFO - DAG(s) 'example_branch_operator' retrieved from /home/erij/Erij_Mazouz_4DS8_churn_ml_project/venv/lib/python3.8/site-packages/airflow/example_dags/example_branch_operator.py
[2025-03-06T23:42:08.528+0100] {logging_mixin.py:190} INFO - [2025-03-06T23:42:08.528+0100] {dag.py:3239} INFO - Sync 1 DAGs
[2025-03-06T23:42:08.549+0100] {logging_mixin.py:190} INFO - [2025-03-06T23:42:08.548+0100] {dag.py:4180} INFO - Setting next_dagrun for example_branch_operator to 2025-03-05 00:00:00+00:00, run_after=2025-03-06 00:00:00+00:00
[2025-03-06T23:42:08.568+0100] {processor.py:208} INFO - Processing /home/erij/Erij_Mazouz_4DS8_churn_ml_project/venv/lib/python3.8/site-packages/airflow/example_dags/example_branch_operator.py took 0.092 seconds
[2025-03-06T23:43:00.275+0100] {processor.py:186} INFO - Started process (PID=56830) to work on /home/erij/Erij_Mazouz_4DS8_churn_ml_project/venv/lib/python3.8/site-packages/airflow/example_dags/example_branch_operator.py
[2025-03-06T23:43:00.277+0100] {processor.py:914} INFO - Processing file /home/erij/Erij_Mazouz_4DS8_churn_ml_project/venv/lib/python3.8/site-packages/airflow/example_dags/example_branch_operator.py for tasks to queue
[2025-03-06T23:43:00.279+0100] {logging_mixin.py:190} INFO - [2025-03-06T23:43:00.278+0100] {dagbag.py:588} INFO - Filling up the DagBag from /home/erij/Erij_Mazouz_4DS8_churn_ml_project/venv/lib/python3.8/site-packages/airflow/example_dags/example_branch_operator.py
[2025-03-06T23:43:00.294+0100] {processor.py:925} INFO - DAG(s) 'example_branch_operator' retrieved from /home/erij/Erij_Mazouz_4DS8_churn_ml_project/venv/lib/python3.8/site-packages/airflow/example_dags/example_branch_operator.py
[2025-03-06T23:43:00.311+0100] {logging_mixin.py:190} INFO - [2025-03-06T23:43:00.311+0100] {dag.py:3239} INFO - Sync 1 DAGs
[2025-03-06T23:43:00.326+0100] {logging_mixin.py:190} INFO - [2025-03-06T23:43:00.326+0100] {dag.py:4180} INFO - Setting next_dagrun for example_branch_operator to 2025-03-05 00:00:00+00:00, run_after=2025-03-06 00:00:00+00:00
[2025-03-06T23:43:00.345+0100] {processor.py:208} INFO - Processing /home/erij/Erij_Mazouz_4DS8_churn_ml_project/venv/lib/python3.8/site-packages/airflow/example_dags/example_branch_operator.py took 0.076 seconds
[2025-03-06T23:43:52.698+0100] {processor.py:186} INFO - Started process (PID=56942) to work on /home/erij/Erij_Mazouz_4DS8_churn_ml_project/venv/lib/python3.8/site-packages/airflow/example_dags/example_branch_operator.py
[2025-03-06T23:43:52.700+0100] {processor.py:914} INFO - Processing file /home/erij/Erij_Mazouz_4DS8_churn_ml_project/venv/lib/python3.8/site-packages/airflow/example_dags/example_branch_operator.py for tasks to queue
[2025-03-06T23:43:52.702+0100] {logging_mixin.py:190} INFO - [2025-03-06T23:43:52.702+0100] {dagbag.py:588} INFO - Filling up the DagBag from /home/erij/Erij_Mazouz_4DS8_churn_ml_project/venv/lib/python3.8/site-packages/airflow/example_dags/example_branch_operator.py
[2025-03-06T23:43:52.719+0100] {processor.py:925} INFO - DAG(s) 'example_branch_operator' retrieved from /home/erij/Erij_Mazouz_4DS8_churn_ml_project/venv/lib/python3.8/site-packages/airflow/example_dags/example_branch_operator.py
[2025-03-06T23:43:52.739+0100] {logging_mixin.py:190} INFO - [2025-03-06T23:43:52.739+0100] {dag.py:3239} INFO - Sync 1 DAGs
[2025-03-06T23:43:52.757+0100] {logging_mixin.py:190} INFO - [2025-03-06T23:43:52.757+0100] {dag.py:4180} INFO - Setting next_dagrun for example_branch_operator to 2025-03-05 00:00:00+00:00, run_after=2025-03-06 00:00:00+00:00
[2025-03-06T23:43:52.774+0100] {processor.py:208} INFO - Processing /home/erij/Erij_Mazouz_4DS8_churn_ml_project/venv/lib/python3.8/site-packages/airflow/example_dags/example_branch_operator.py took 0.080 seconds
[2025-03-06T23:44:46.798+0100] {processor.py:186} INFO - Started process (PID=57105) to work on /home/erij/Erij_Mazouz_4DS8_churn_ml_project/venv/lib/python3.8/site-packages/airflow/example_dags/example_branch_operator.py
[2025-03-06T23:44:46.800+0100] {processor.py:914} INFO - Processing file /home/erij/Erij_Mazouz_4DS8_churn_ml_project/venv/lib/python3.8/site-packages/airflow/example_dags/example_branch_operator.py for tasks to queue
[2025-03-06T23:44:46.802+0100] {logging_mixin.py:190} INFO - [2025-03-06T23:44:46.802+0100] {dagbag.py:588} INFO - Filling up the DagBag from /home/erij/Erij_Mazouz_4DS8_churn_ml_project/venv/lib/python3.8/site-packages/airflow/example_dags/example_branch_operator.py
[2025-03-06T23:44:46.819+0100] {processor.py:925} INFO - DAG(s) 'example_branch_operator' retrieved from /home/erij/Erij_Mazouz_4DS8_churn_ml_project/venv/lib/python3.8/site-packages/airflow/example_dags/example_branch_operator.py
[2025-03-06T23:44:46.839+0100] {logging_mixin.py:190} INFO - [2025-03-06T23:44:46.839+0100] {dag.py:3239} INFO - Sync 1 DAGs
[2025-03-06T23:44:46.856+0100] {logging_mixin.py:190} INFO - [2025-03-06T23:44:46.855+0100] {dag.py:4180} INFO - Setting next_dagrun for example_branch_operator to 2025-03-05 00:00:00+00:00, run_after=2025-03-06 00:00:00+00:00
[2025-03-06T23:44:46.879+0100] {processor.py:208} INFO - Processing /home/erij/Erij_Mazouz_4DS8_churn_ml_project/venv/lib/python3.8/site-packages/airflow/example_dags/example_branch_operator.py took 0.086 seconds
[2025-03-06T23:45:43.861+0100] {processor.py:186} INFO - Started process (PID=57221) to work on /home/erij/Erij_Mazouz_4DS8_churn_ml_project/venv/lib/python3.8/site-packages/airflow/example_dags/example_branch_operator.py
[2025-03-06T23:45:43.863+0100] {processor.py:914} INFO - Processing file /home/erij/Erij_Mazouz_4DS8_churn_ml_project/venv/lib/python3.8/site-packages/airflow/example_dags/example_branch_operator.py for tasks to queue
[2025-03-06T23:45:43.865+0100] {logging_mixin.py:190} INFO - [2025-03-06T23:45:43.865+0100] {dagbag.py:588} INFO - Filling up the DagBag from /home/erij/Erij_Mazouz_4DS8_churn_ml_project/venv/lib/python3.8/site-packages/airflow/example_dags/example_branch_operator.py
[2025-03-06T23:45:43.880+0100] {processor.py:925} INFO - DAG(s) 'example_branch_operator' retrieved from /home/erij/Erij_Mazouz_4DS8_churn_ml_project/venv/lib/python3.8/site-packages/airflow/example_dags/example_branch_operator.py
[2025-03-06T23:45:43.898+0100] {logging_mixin.py:190} INFO - [2025-03-06T23:45:43.898+0100] {dag.py:3239} INFO - Sync 1 DAGs
[2025-03-06T23:45:43.915+0100] {logging_mixin.py:190} INFO - [2025-03-06T23:45:43.915+0100] {dag.py:4180} INFO - Setting next_dagrun for example_branch_operator to 2025-03-05 00:00:00+00:00, run_after=2025-03-06 00:00:00+00:00
[2025-03-06T23:45:43.949+0100] {processor.py:208} INFO - Processing /home/erij/Erij_Mazouz_4DS8_churn_ml_project/venv/lib/python3.8/site-packages/airflow/example_dags/example_branch_operator.py took 0.093 seconds
[2025-03-06T23:46:42.107+0100] {processor.py:186} INFO - Started process (PID=57337) to work on /home/erij/Erij_Mazouz_4DS8_churn_ml_project/venv/lib/python3.8/site-packages/airflow/example_dags/example_branch_operator.py
[2025-03-06T23:46:42.108+0100] {processor.py:914} INFO - Processing file /home/erij/Erij_Mazouz_4DS8_churn_ml_project/venv/lib/python3.8/site-packages/airflow/example_dags/example_branch_operator.py for tasks to queue
[2025-03-06T23:46:42.110+0100] {logging_mixin.py:190} INFO - [2025-03-06T23:46:42.110+0100] {dagbag.py:588} INFO - Filling up the DagBag from /home/erij/Erij_Mazouz_4DS8_churn_ml_project/venv/lib/python3.8/site-packages/airflow/example_dags/example_branch_operator.py
[2025-03-06T23:46:42.125+0100] {processor.py:925} INFO - DAG(s) 'example_branch_operator' retrieved from /home/erij/Erij_Mazouz_4DS8_churn_ml_project/venv/lib/python3.8/site-packages/airflow/example_dags/example_branch_operator.py
[2025-03-06T23:46:42.144+0100] {logging_mixin.py:190} INFO - [2025-03-06T23:46:42.144+0100] {dag.py:3239} INFO - Sync 1 DAGs
[2025-03-06T23:46:42.162+0100] {logging_mixin.py:190} INFO - [2025-03-06T23:46:42.161+0100] {dag.py:4180} INFO - Setting next_dagrun for example_branch_operator to 2025-03-05 00:00:00+00:00, run_after=2025-03-06 00:00:00+00:00
[2025-03-06T23:46:42.179+0100] {processor.py:208} INFO - Processing /home/erij/Erij_Mazouz_4DS8_churn_ml_project/venv/lib/python3.8/site-packages/airflow/example_dags/example_branch_operator.py took 0.077 seconds
[2025-03-06T23:47:36.400+0100] {processor.py:186} INFO - Started process (PID=57456) to work on /home/erij/Erij_Mazouz_4DS8_churn_ml_project/venv/lib/python3.8/site-packages/airflow/example_dags/example_branch_operator.py
[2025-03-06T23:47:36.402+0100] {processor.py:914} INFO - Processing file /home/erij/Erij_Mazouz_4DS8_churn_ml_project/venv/lib/python3.8/site-packages/airflow/example_dags/example_branch_operator.py for tasks to queue
[2025-03-06T23:47:36.403+0100] {logging_mixin.py:190} INFO - [2025-03-06T23:47:36.403+0100] {dagbag.py:588} INFO - Filling up the DagBag from /home/erij/Erij_Mazouz_4DS8_churn_ml_project/venv/lib/python3.8/site-packages/airflow/example_dags/example_branch_operator.py
[2025-03-06T23:47:36.419+0100] {processor.py:925} INFO - DAG(s) 'example_branch_operator' retrieved from /home/erij/Erij_Mazouz_4DS8_churn_ml_project/venv/lib/python3.8/site-packages/airflow/example_dags/example_branch_operator.py
[2025-03-06T23:47:36.437+0100] {logging_mixin.py:190} INFO - [2025-03-06T23:47:36.437+0100] {dag.py:3239} INFO - Sync 1 DAGs
[2025-03-06T23:47:36.456+0100] {logging_mixin.py:190} INFO - [2025-03-06T23:47:36.456+0100] {dag.py:4180} INFO - Setting next_dagrun for example_branch_operator to 2025-03-05 00:00:00+00:00, run_after=2025-03-06 00:00:00+00:00
[2025-03-06T23:47:36.475+0100] {processor.py:208} INFO - Processing /home/erij/Erij_Mazouz_4DS8_churn_ml_project/venv/lib/python3.8/site-packages/airflow/example_dags/example_branch_operator.py took 0.081 seconds
[2025-03-06T23:48:35.365+0100] {processor.py:186} INFO - Started process (PID=57573) to work on /home/erij/Erij_Mazouz_4DS8_churn_ml_project/venv/lib/python3.8/site-packages/airflow/example_dags/example_branch_operator.py
[2025-03-06T23:48:35.367+0100] {processor.py:914} INFO - Processing file /home/erij/Erij_Mazouz_4DS8_churn_ml_project/venv/lib/python3.8/site-packages/airflow/example_dags/example_branch_operator.py for tasks to queue
[2025-03-06T23:48:35.369+0100] {logging_mixin.py:190} INFO - [2025-03-06T23:48:35.368+0100] {dagbag.py:588} INFO - Filling up the DagBag from /home/erij/Erij_Mazouz_4DS8_churn_ml_project/venv/lib/python3.8/site-packages/airflow/example_dags/example_branch_operator.py
[2025-03-06T23:48:35.385+0100] {processor.py:925} INFO - DAG(s) 'example_branch_operator' retrieved from /home/erij/Erij_Mazouz_4DS8_churn_ml_project/venv/lib/python3.8/site-packages/airflow/example_dags/example_branch_operator.py
[2025-03-06T23:48:35.404+0100] {logging_mixin.py:190} INFO - [2025-03-06T23:48:35.404+0100] {dag.py:3239} INFO - Sync 1 DAGs
[2025-03-06T23:48:35.423+0100] {logging_mixin.py:190} INFO - [2025-03-06T23:48:35.423+0100] {dag.py:4180} INFO - Setting next_dagrun for example_branch_operator to 2025-03-05 00:00:00+00:00, run_after=2025-03-06 00:00:00+00:00
[2025-03-06T23:48:35.441+0100] {processor.py:208} INFO - Processing /home/erij/Erij_Mazouz_4DS8_churn_ml_project/venv/lib/python3.8/site-packages/airflow/example_dags/example_branch_operator.py took 0.082 seconds
[2025-03-06T23:49:29.609+0100] {processor.py:186} INFO - Started process (PID=57683) to work on /home/erij/Erij_Mazouz_4DS8_churn_ml_project/venv/lib/python3.8/site-packages/airflow/example_dags/example_branch_operator.py
[2025-03-06T23:49:29.612+0100] {processor.py:914} INFO - Processing file /home/erij/Erij_Mazouz_4DS8_churn_ml_project/venv/lib/python3.8/site-packages/airflow/example_dags/example_branch_operator.py for tasks to queue
[2025-03-06T23:49:29.613+0100] {logging_mixin.py:190} INFO - [2025-03-06T23:49:29.613+0100] {dagbag.py:588} INFO - Filling up the DagBag from /home/erij/Erij_Mazouz_4DS8_churn_ml_project/venv/lib/python3.8/site-packages/airflow/example_dags/example_branch_operator.py
[2025-03-06T23:49:29.630+0100] {processor.py:925} INFO - DAG(s) 'example_branch_operator' retrieved from /home/erij/Erij_Mazouz_4DS8_churn_ml_project/venv/lib/python3.8/site-packages/airflow/example_dags/example_branch_operator.py
[2025-03-06T23:49:29.648+0100] {logging_mixin.py:190} INFO - [2025-03-06T23:49:29.648+0100] {dag.py:3239} INFO - Sync 1 DAGs
[2025-03-06T23:49:29.664+0100] {logging_mixin.py:190} INFO - [2025-03-06T23:49:29.664+0100] {dag.py:4180} INFO - Setting next_dagrun for example_branch_operator to 2025-03-05 00:00:00+00:00, run_after=2025-03-06 00:00:00+00:00
[2025-03-06T23:49:29.682+0100] {processor.py:208} INFO - Processing /home/erij/Erij_Mazouz_4DS8_churn_ml_project/venv/lib/python3.8/site-packages/airflow/example_dags/example_branch_operator.py took 0.078 seconds
[2025-03-06T23:50:25.710+0100] {processor.py:186} INFO - Started process (PID=57797) to work on /home/erij/Erij_Mazouz_4DS8_churn_ml_project/venv/lib/python3.8/site-packages/airflow/example_dags/example_branch_operator.py
[2025-03-06T23:50:25.711+0100] {processor.py:914} INFO - Processing file /home/erij/Erij_Mazouz_4DS8_churn_ml_project/venv/lib/python3.8/site-packages/airflow/example_dags/example_branch_operator.py for tasks to queue
[2025-03-06T23:50:25.713+0100] {logging_mixin.py:190} INFO - [2025-03-06T23:50:25.712+0100] {dagbag.py:588} INFO - Filling up the DagBag from /home/erij/Erij_Mazouz_4DS8_churn_ml_project/venv/lib/python3.8/site-packages/airflow/example_dags/example_branch_operator.py
[2025-03-06T23:50:25.729+0100] {processor.py:925} INFO - DAG(s) 'example_branch_operator' retrieved from /home/erij/Erij_Mazouz_4DS8_churn_ml_project/venv/lib/python3.8/site-packages/airflow/example_dags/example_branch_operator.py
[2025-03-06T23:50:25.749+0100] {logging_mixin.py:190} INFO - [2025-03-06T23:50:25.749+0100] {dag.py:3239} INFO - Sync 1 DAGs
[2025-03-06T23:50:25.767+0100] {logging_mixin.py:190} INFO - [2025-03-06T23:50:25.767+0100] {dag.py:4180} INFO - Setting next_dagrun for example_branch_operator to 2025-03-05 00:00:00+00:00, run_after=2025-03-06 00:00:00+00:00
[2025-03-06T23:50:25.786+0100] {processor.py:208} INFO - Processing /home/erij/Erij_Mazouz_4DS8_churn_ml_project/venv/lib/python3.8/site-packages/airflow/example_dags/example_branch_operator.py took 0.081 seconds
[2025-03-06T23:51:20.934+0100] {processor.py:186} INFO - Started process (PID=57906) to work on /home/erij/Erij_Mazouz_4DS8_churn_ml_project/venv/lib/python3.8/site-packages/airflow/example_dags/example_branch_operator.py
[2025-03-06T23:51:20.936+0100] {processor.py:914} INFO - Processing file /home/erij/Erij_Mazouz_4DS8_churn_ml_project/venv/lib/python3.8/site-packages/airflow/example_dags/example_branch_operator.py for tasks to queue
[2025-03-06T23:51:20.938+0100] {logging_mixin.py:190} INFO - [2025-03-06T23:51:20.938+0100] {dagbag.py:588} INFO - Filling up the DagBag from /home/erij/Erij_Mazouz_4DS8_churn_ml_project/venv/lib/python3.8/site-packages/airflow/example_dags/example_branch_operator.py
[2025-03-06T23:51:20.955+0100] {processor.py:925} INFO - DAG(s) 'example_branch_operator' retrieved from /home/erij/Erij_Mazouz_4DS8_churn_ml_project/venv/lib/python3.8/site-packages/airflow/example_dags/example_branch_operator.py
[2025-03-06T23:51:20.974+0100] {logging_mixin.py:190} INFO - [2025-03-06T23:51:20.973+0100] {dag.py:3239} INFO - Sync 1 DAGs
[2025-03-06T23:51:20.992+0100] {logging_mixin.py:190} INFO - [2025-03-06T23:51:20.992+0100] {dag.py:4180} INFO - Setting next_dagrun for example_branch_operator to 2025-03-05 00:00:00+00:00, run_after=2025-03-06 00:00:00+00:00
[2025-03-06T23:51:21.010+0100] {processor.py:208} INFO - Processing /home/erij/Erij_Mazouz_4DS8_churn_ml_project/venv/lib/python3.8/site-packages/airflow/example_dags/example_branch_operator.py took 0.081 seconds
[2025-03-06T23:52:15.366+0100] {processor.py:186} INFO - Started process (PID=58025) to work on /home/erij/Erij_Mazouz_4DS8_churn_ml_project/venv/lib/python3.8/site-packages/airflow/example_dags/example_branch_operator.py
[2025-03-06T23:52:15.368+0100] {processor.py:914} INFO - Processing file /home/erij/Erij_Mazouz_4DS8_churn_ml_project/venv/lib/python3.8/site-packages/airflow/example_dags/example_branch_operator.py for tasks to queue
[2025-03-06T23:52:15.370+0100] {logging_mixin.py:190} INFO - [2025-03-06T23:52:15.370+0100] {dagbag.py:588} INFO - Filling up the DagBag from /home/erij/Erij_Mazouz_4DS8_churn_ml_project/venv/lib/python3.8/site-packages/airflow/example_dags/example_branch_operator.py
[2025-03-06T23:52:15.389+0100] {processor.py:925} INFO - DAG(s) 'example_branch_operator' retrieved from /home/erij/Erij_Mazouz_4DS8_churn_ml_project/venv/lib/python3.8/site-packages/airflow/example_dags/example_branch_operator.py
[2025-03-06T23:52:15.409+0100] {logging_mixin.py:190} INFO - [2025-03-06T23:52:15.409+0100] {dag.py:3239} INFO - Sync 1 DAGs
[2025-03-06T23:52:15.430+0100] {logging_mixin.py:190} INFO - [2025-03-06T23:52:15.429+0100] {dag.py:4180} INFO - Setting next_dagrun for example_branch_operator to 2025-03-05 00:00:00+00:00, run_after=2025-03-06 00:00:00+00:00
[2025-03-06T23:52:15.448+0100] {processor.py:208} INFO - Processing /home/erij/Erij_Mazouz_4DS8_churn_ml_project/venv/lib/python3.8/site-packages/airflow/example_dags/example_branch_operator.py took 0.087 seconds
[2025-03-06T23:53:12.788+0100] {processor.py:186} INFO - Started process (PID=58134) to work on /home/erij/Erij_Mazouz_4DS8_churn_ml_project/venv/lib/python3.8/site-packages/airflow/example_dags/example_branch_operator.py
[2025-03-06T23:53:12.790+0100] {processor.py:914} INFO - Processing file /home/erij/Erij_Mazouz_4DS8_churn_ml_project/venv/lib/python3.8/site-packages/airflow/example_dags/example_branch_operator.py for tasks to queue
[2025-03-06T23:53:12.792+0100] {logging_mixin.py:190} INFO - [2025-03-06T23:53:12.791+0100] {dagbag.py:588} INFO - Filling up the DagBag from /home/erij/Erij_Mazouz_4DS8_churn_ml_project/venv/lib/python3.8/site-packages/airflow/example_dags/example_branch_operator.py
[2025-03-06T23:53:12.809+0100] {processor.py:925} INFO - DAG(s) 'example_branch_operator' retrieved from /home/erij/Erij_Mazouz_4DS8_churn_ml_project/venv/lib/python3.8/site-packages/airflow/example_dags/example_branch_operator.py
[2025-03-06T23:53:12.829+0100] {logging_mixin.py:190} INFO - [2025-03-06T23:53:12.828+0100] {dag.py:3239} INFO - Sync 1 DAGs
[2025-03-06T23:53:12.847+0100] {logging_mixin.py:190} INFO - [2025-03-06T23:53:12.847+0100] {dag.py:4180} INFO - Setting next_dagrun for example_branch_operator to 2025-03-05 00:00:00+00:00, run_after=2025-03-06 00:00:00+00:00
[2025-03-06T23:53:12.866+0100] {processor.py:208} INFO - Processing /home/erij/Erij_Mazouz_4DS8_churn_ml_project/venv/lib/python3.8/site-packages/airflow/example_dags/example_branch_operator.py took 0.085 seconds
[2025-03-06T23:54:11.145+0100] {processor.py:186} INFO - Started process (PID=58275) to work on /home/erij/Erij_Mazouz_4DS8_churn_ml_project/venv/lib/python3.8/site-packages/airflow/example_dags/example_branch_operator.py
[2025-03-06T23:54:11.147+0100] {processor.py:914} INFO - Processing file /home/erij/Erij_Mazouz_4DS8_churn_ml_project/venv/lib/python3.8/site-packages/airflow/example_dags/example_branch_operator.py for tasks to queue
[2025-03-06T23:54:11.149+0100] {logging_mixin.py:190} INFO - [2025-03-06T23:54:11.149+0100] {dagbag.py:588} INFO - Filling up the DagBag from /home/erij/Erij_Mazouz_4DS8_churn_ml_project/venv/lib/python3.8/site-packages/airflow/example_dags/example_branch_operator.py
[2025-03-06T23:54:11.165+0100] {processor.py:925} INFO - DAG(s) 'example_branch_operator' retrieved from /home/erij/Erij_Mazouz_4DS8_churn_ml_project/venv/lib/python3.8/site-packages/airflow/example_dags/example_branch_operator.py
[2025-03-06T23:54:11.182+0100] {logging_mixin.py:190} INFO - [2025-03-06T23:54:11.182+0100] {dag.py:3239} INFO - Sync 1 DAGs
[2025-03-06T23:54:11.199+0100] {logging_mixin.py:190} INFO - [2025-03-06T23:54:11.199+0100] {dag.py:4180} INFO - Setting next_dagrun for example_branch_operator to 2025-03-05 00:00:00+00:00, run_after=2025-03-06 00:00:00+00:00
[2025-03-06T23:54:11.216+0100] {processor.py:208} INFO - Processing /home/erij/Erij_Mazouz_4DS8_churn_ml_project/venv/lib/python3.8/site-packages/airflow/example_dags/example_branch_operator.py took 0.076 seconds
[2025-03-06T23:55:08.165+0100] {processor.py:186} INFO - Started process (PID=59001) to work on /home/erij/Erij_Mazouz_4DS8_churn_ml_project/venv/lib/python3.8/site-packages/airflow/example_dags/example_branch_operator.py
[2025-03-06T23:55:08.168+0100] {processor.py:914} INFO - Processing file /home/erij/Erij_Mazouz_4DS8_churn_ml_project/venv/lib/python3.8/site-packages/airflow/example_dags/example_branch_operator.py for tasks to queue
[2025-03-06T23:55:08.173+0100] {logging_mixin.py:190} INFO - [2025-03-06T23:55:08.172+0100] {dagbag.py:588} INFO - Filling up the DagBag from /home/erij/Erij_Mazouz_4DS8_churn_ml_project/venv/lib/python3.8/site-packages/airflow/example_dags/example_branch_operator.py
[2025-03-06T23:55:08.198+0100] {processor.py:925} INFO - DAG(s) 'example_branch_operator' retrieved from /home/erij/Erij_Mazouz_4DS8_churn_ml_project/venv/lib/python3.8/site-packages/airflow/example_dags/example_branch_operator.py
[2025-03-06T23:55:08.224+0100] {logging_mixin.py:190} INFO - [2025-03-06T23:55:08.223+0100] {dag.py:3239} INFO - Sync 1 DAGs
[2025-03-06T23:55:08.245+0100] {logging_mixin.py:190} INFO - [2025-03-06T23:55:08.245+0100] {dag.py:4180} INFO - Setting next_dagrun for example_branch_operator to 2025-03-05 00:00:00+00:00, run_after=2025-03-06 00:00:00+00:00
[2025-03-06T23:55:08.266+0100] {processor.py:208} INFO - Processing /home/erij/Erij_Mazouz_4DS8_churn_ml_project/venv/lib/python3.8/site-packages/airflow/example_dags/example_branch_operator.py took 0.113 seconds
[2025-03-06T23:56:08.353+0100] {processor.py:186} INFO - Started process (PID=59205) to work on /home/erij/Erij_Mazouz_4DS8_churn_ml_project/venv/lib/python3.8/site-packages/airflow/example_dags/example_branch_operator.py
[2025-03-06T23:56:08.355+0100] {processor.py:914} INFO - Processing file /home/erij/Erij_Mazouz_4DS8_churn_ml_project/venv/lib/python3.8/site-packages/airflow/example_dags/example_branch_operator.py for tasks to queue
[2025-03-06T23:56:08.357+0100] {logging_mixin.py:190} INFO - [2025-03-06T23:56:08.357+0100] {dagbag.py:588} INFO - Filling up the DagBag from /home/erij/Erij_Mazouz_4DS8_churn_ml_project/venv/lib/python3.8/site-packages/airflow/example_dags/example_branch_operator.py
[2025-03-06T23:56:08.375+0100] {processor.py:925} INFO - DAG(s) 'example_branch_operator' retrieved from /home/erij/Erij_Mazouz_4DS8_churn_ml_project/venv/lib/python3.8/site-packages/airflow/example_dags/example_branch_operator.py
[2025-03-06T23:56:08.395+0100] {logging_mixin.py:190} INFO - [2025-03-06T23:56:08.395+0100] {dag.py:3239} INFO - Sync 1 DAGs
[2025-03-06T23:56:08.413+0100] {logging_mixin.py:190} INFO - [2025-03-06T23:56:08.412+0100] {dag.py:4180} INFO - Setting next_dagrun for example_branch_operator to 2025-03-05 00:00:00+00:00, run_after=2025-03-06 00:00:00+00:00
[2025-03-06T23:56:08.432+0100] {processor.py:208} INFO - Processing /home/erij/Erij_Mazouz_4DS8_churn_ml_project/venv/lib/python3.8/site-packages/airflow/example_dags/example_branch_operator.py took 0.085 seconds
[2025-03-06T23:57:03.049+0100] {processor.py:186} INFO - Started process (PID=59328) to work on /home/erij/Erij_Mazouz_4DS8_churn_ml_project/venv/lib/python3.8/site-packages/airflow/example_dags/example_branch_operator.py
[2025-03-06T23:57:03.051+0100] {processor.py:914} INFO - Processing file /home/erij/Erij_Mazouz_4DS8_churn_ml_project/venv/lib/python3.8/site-packages/airflow/example_dags/example_branch_operator.py for tasks to queue
[2025-03-06T23:57:03.053+0100] {logging_mixin.py:190} INFO - [2025-03-06T23:57:03.052+0100] {dagbag.py:588} INFO - Filling up the DagBag from /home/erij/Erij_Mazouz_4DS8_churn_ml_project/venv/lib/python3.8/site-packages/airflow/example_dags/example_branch_operator.py
[2025-03-06T23:57:03.071+0100] {processor.py:925} INFO - DAG(s) 'example_branch_operator' retrieved from /home/erij/Erij_Mazouz_4DS8_churn_ml_project/venv/lib/python3.8/site-packages/airflow/example_dags/example_branch_operator.py
[2025-03-06T23:57:03.091+0100] {logging_mixin.py:190} INFO - [2025-03-06T23:57:03.091+0100] {dag.py:3239} INFO - Sync 1 DAGs
[2025-03-06T23:57:03.112+0100] {logging_mixin.py:190} INFO - [2025-03-06T23:57:03.111+0100] {dag.py:4180} INFO - Setting next_dagrun for example_branch_operator to 2025-03-05 00:00:00+00:00, run_after=2025-03-06 00:00:00+00:00
[2025-03-06T23:57:03.137+0100] {processor.py:208} INFO - Processing /home/erij/Erij_Mazouz_4DS8_churn_ml_project/venv/lib/python3.8/site-packages/airflow/example_dags/example_branch_operator.py took 0.095 seconds
[2025-03-06T23:57:58.860+0100] {processor.py:186} INFO - Started process (PID=59463) to work on /home/erij/Erij_Mazouz_4DS8_churn_ml_project/venv/lib/python3.8/site-packages/airflow/example_dags/example_branch_operator.py
[2025-03-06T23:57:58.861+0100] {processor.py:914} INFO - Processing file /home/erij/Erij_Mazouz_4DS8_churn_ml_project/venv/lib/python3.8/site-packages/airflow/example_dags/example_branch_operator.py for tasks to queue
[2025-03-06T23:57:58.863+0100] {logging_mixin.py:190} INFO - [2025-03-06T23:57:58.863+0100] {dagbag.py:588} INFO - Filling up the DagBag from /home/erij/Erij_Mazouz_4DS8_churn_ml_project/venv/lib/python3.8/site-packages/airflow/example_dags/example_branch_operator.py
[2025-03-06T23:57:58.880+0100] {processor.py:925} INFO - DAG(s) 'example_branch_operator' retrieved from /home/erij/Erij_Mazouz_4DS8_churn_ml_project/venv/lib/python3.8/site-packages/airflow/example_dags/example_branch_operator.py
[2025-03-06T23:57:58.903+0100] {logging_mixin.py:190} INFO - [2025-03-06T23:57:58.903+0100] {dag.py:3239} INFO - Sync 1 DAGs
[2025-03-06T23:57:58.925+0100] {logging_mixin.py:190} INFO - [2025-03-06T23:57:58.925+0100] {dag.py:4180} INFO - Setting next_dagrun for example_branch_operator to 2025-03-05 00:00:00+00:00, run_after=2025-03-06 00:00:00+00:00
[2025-03-06T23:57:58.946+0100] {processor.py:208} INFO - Processing /home/erij/Erij_Mazouz_4DS8_churn_ml_project/venv/lib/python3.8/site-packages/airflow/example_dags/example_branch_operator.py took 0.092 seconds
[2025-03-06T23:58:50.216+0100] {processor.py:186} INFO - Started process (PID=59611) to work on /home/erij/Erij_Mazouz_4DS8_churn_ml_project/venv/lib/python3.8/site-packages/airflow/example_dags/example_branch_operator.py
[2025-03-06T23:58:50.219+0100] {processor.py:914} INFO - Processing file /home/erij/Erij_Mazouz_4DS8_churn_ml_project/venv/lib/python3.8/site-packages/airflow/example_dags/example_branch_operator.py for tasks to queue
[2025-03-06T23:58:50.221+0100] {logging_mixin.py:190} INFO - [2025-03-06T23:58:50.220+0100] {dagbag.py:588} INFO - Filling up the DagBag from /home/erij/Erij_Mazouz_4DS8_churn_ml_project/venv/lib/python3.8/site-packages/airflow/example_dags/example_branch_operator.py
[2025-03-06T23:58:50.239+0100] {processor.py:925} INFO - DAG(s) 'example_branch_operator' retrieved from /home/erij/Erij_Mazouz_4DS8_churn_ml_project/venv/lib/python3.8/site-packages/airflow/example_dags/example_branch_operator.py
[2025-03-06T23:58:50.259+0100] {logging_mixin.py:190} INFO - [2025-03-06T23:58:50.259+0100] {dag.py:3239} INFO - Sync 1 DAGs
[2025-03-06T23:58:50.277+0100] {logging_mixin.py:190} INFO - [2025-03-06T23:58:50.277+0100] {dag.py:4180} INFO - Setting next_dagrun for example_branch_operator to 2025-03-05 00:00:00+00:00, run_after=2025-03-06 00:00:00+00:00
[2025-03-06T23:58:50.296+0100] {processor.py:208} INFO - Processing /home/erij/Erij_Mazouz_4DS8_churn_ml_project/venv/lib/python3.8/site-packages/airflow/example_dags/example_branch_operator.py took 0.085 seconds
[2025-03-06T23:59:40.067+0100] {processor.py:186} INFO - Started process (PID=59753) to work on /home/erij/Erij_Mazouz_4DS8_churn_ml_project/venv/lib/python3.8/site-packages/airflow/example_dags/example_branch_operator.py
[2025-03-06T23:59:40.068+0100] {processor.py:914} INFO - Processing file /home/erij/Erij_Mazouz_4DS8_churn_ml_project/venv/lib/python3.8/site-packages/airflow/example_dags/example_branch_operator.py for tasks to queue
[2025-03-06T23:59:40.070+0100] {logging_mixin.py:190} INFO - [2025-03-06T23:59:40.069+0100] {dagbag.py:588} INFO - Filling up the DagBag from /home/erij/Erij_Mazouz_4DS8_churn_ml_project/venv/lib/python3.8/site-packages/airflow/example_dags/example_branch_operator.py
[2025-03-06T23:59:40.085+0100] {processor.py:925} INFO - DAG(s) 'example_branch_operator' retrieved from /home/erij/Erij_Mazouz_4DS8_churn_ml_project/venv/lib/python3.8/site-packages/airflow/example_dags/example_branch_operator.py
[2025-03-06T23:59:40.105+0100] {logging_mixin.py:190} INFO - [2025-03-06T23:59:40.105+0100] {dag.py:3239} INFO - Sync 1 DAGs
[2025-03-06T23:59:40.123+0100] {logging_mixin.py:190} INFO - [2025-03-06T23:59:40.123+0100] {dag.py:4180} INFO - Setting next_dagrun for example_branch_operator to 2025-03-05 00:00:00+00:00, run_after=2025-03-06 00:00:00+00:00
[2025-03-06T23:59:40.143+0100] {processor.py:208} INFO - Processing /home/erij/Erij_Mazouz_4DS8_churn_ml_project/venv/lib/python3.8/site-packages/airflow/example_dags/example_branch_operator.py took 0.083 seconds
[2025-03-07T00:00:33.713+0100] {processor.py:186} INFO - Started process (PID=59939) to work on /home/erij/Erij_Mazouz_4DS8_churn_ml_project/venv/lib/python3.8/site-packages/airflow/example_dags/example_branch_operator.py
[2025-03-07T00:00:33.715+0100] {processor.py:914} INFO - Processing file /home/erij/Erij_Mazouz_4DS8_churn_ml_project/venv/lib/python3.8/site-packages/airflow/example_dags/example_branch_operator.py for tasks to queue
[2025-03-07T00:00:33.717+0100] {logging_mixin.py:190} INFO - [2025-03-07T00:00:33.717+0100] {dagbag.py:588} INFO - Filling up the DagBag from /home/erij/Erij_Mazouz_4DS8_churn_ml_project/venv/lib/python3.8/site-packages/airflow/example_dags/example_branch_operator.py
[2025-03-07T00:00:33.734+0100] {processor.py:925} INFO - DAG(s) 'example_branch_operator' retrieved from /home/erij/Erij_Mazouz_4DS8_churn_ml_project/venv/lib/python3.8/site-packages/airflow/example_dags/example_branch_operator.py
[2025-03-07T00:00:33.753+0100] {logging_mixin.py:190} INFO - [2025-03-07T00:00:33.753+0100] {dag.py:3239} INFO - Sync 1 DAGs
[2025-03-07T00:00:33.771+0100] {logging_mixin.py:190} INFO - [2025-03-07T00:00:33.771+0100] {dag.py:4180} INFO - Setting next_dagrun for example_branch_operator to 2025-03-05 00:00:00+00:00, run_after=2025-03-06 00:00:00+00:00
[2025-03-07T00:00:33.790+0100] {processor.py:208} INFO - Processing /home/erij/Erij_Mazouz_4DS8_churn_ml_project/venv/lib/python3.8/site-packages/airflow/example_dags/example_branch_operator.py took 0.082 seconds
[2025-03-07T00:01:25.947+0100] {processor.py:186} INFO - Started process (PID=60117) to work on /home/erij/Erij_Mazouz_4DS8_churn_ml_project/venv/lib/python3.8/site-packages/airflow/example_dags/example_branch_operator.py
[2025-03-07T00:01:25.948+0100] {processor.py:914} INFO - Processing file /home/erij/Erij_Mazouz_4DS8_churn_ml_project/venv/lib/python3.8/site-packages/airflow/example_dags/example_branch_operator.py for tasks to queue
[2025-03-07T00:01:25.950+0100] {logging_mixin.py:190} INFO - [2025-03-07T00:01:25.950+0100] {dagbag.py:588} INFO - Filling up the DagBag from /home/erij/Erij_Mazouz_4DS8_churn_ml_project/venv/lib/python3.8/site-packages/airflow/example_dags/example_branch_operator.py
[2025-03-07T00:01:25.967+0100] {processor.py:925} INFO - DAG(s) 'example_branch_operator' retrieved from /home/erij/Erij_Mazouz_4DS8_churn_ml_project/venv/lib/python3.8/site-packages/airflow/example_dags/example_branch_operator.py
[2025-03-07T00:01:25.987+0100] {logging_mixin.py:190} INFO - [2025-03-07T00:01:25.987+0100] {dag.py:3239} INFO - Sync 1 DAGs
[2025-03-07T00:01:26.005+0100] {logging_mixin.py:190} INFO - [2025-03-07T00:01:26.005+0100] {dag.py:4180} INFO - Setting next_dagrun for example_branch_operator to 2025-03-05 00:00:00+00:00, run_after=2025-03-06 00:00:00+00:00
[2025-03-07T00:01:26.023+0100] {processor.py:208} INFO - Processing /home/erij/Erij_Mazouz_4DS8_churn_ml_project/venv/lib/python3.8/site-packages/airflow/example_dags/example_branch_operator.py took 0.081 seconds
[2025-03-07T00:02:23.185+0100] {processor.py:186} INFO - Started process (PID=60327) to work on /home/erij/Erij_Mazouz_4DS8_churn_ml_project/venv/lib/python3.8/site-packages/airflow/example_dags/example_branch_operator.py
[2025-03-07T00:02:23.187+0100] {processor.py:914} INFO - Processing file /home/erij/Erij_Mazouz_4DS8_churn_ml_project/venv/lib/python3.8/site-packages/airflow/example_dags/example_branch_operator.py for tasks to queue
[2025-03-07T00:02:23.189+0100] {logging_mixin.py:190} INFO - [2025-03-07T00:02:23.189+0100] {dagbag.py:588} INFO - Filling up the DagBag from /home/erij/Erij_Mazouz_4DS8_churn_ml_project/venv/lib/python3.8/site-packages/airflow/example_dags/example_branch_operator.py
[2025-03-07T00:02:23.208+0100] {processor.py:925} INFO - DAG(s) 'example_branch_operator' retrieved from /home/erij/Erij_Mazouz_4DS8_churn_ml_project/venv/lib/python3.8/site-packages/airflow/example_dags/example_branch_operator.py
[2025-03-07T00:02:23.233+0100] {logging_mixin.py:190} INFO - [2025-03-07T00:02:23.233+0100] {dag.py:3239} INFO - Sync 1 DAGs
[2025-03-07T00:02:23.262+0100] {logging_mixin.py:190} INFO - [2025-03-07T00:02:23.261+0100] {dag.py:4180} INFO - Setting next_dagrun for example_branch_operator to 2025-03-05 00:00:00+00:00, run_after=2025-03-06 00:00:00+00:00
[2025-03-07T00:02:23.286+0100] {processor.py:208} INFO - Processing /home/erij/Erij_Mazouz_4DS8_churn_ml_project/venv/lib/python3.8/site-packages/airflow/example_dags/example_branch_operator.py took 0.110 seconds
