[2025-03-06T23:39:28.947+0100] {processor.py:186} INFO - Started process (PID=55946) to work on /home/erij/Erij_Mazouz_4DS8_churn_ml_project/venv/lib/python3.8/site-packages/airflow/example_dags/example_xcom.py
[2025-03-06T23:39:28.947+0100] {processor.py:914} INFO - Processing file /home/erij/Erij_Mazouz_4DS8_churn_ml_project/venv/lib/python3.8/site-packages/airflow/example_dags/example_xcom.py for tasks to queue
[2025-03-06T23:39:28.951+0100] {logging_mixin.py:190} INFO - [2025-03-06T23:39:28.950+0100] {dagbag.py:588} INFO - Filling up the DagBag from /home/erij/Erij_Mazouz_4DS8_churn_ml_project/venv/lib/python3.8/site-packages/airflow/example_dags/example_xcom.py
[2025-03-06T23:39:28.958+0100] {processor.py:925} INFO - DAG(s) 'example_xcom' retrieved from /home/erij/Erij_Mazouz_4DS8_churn_ml_project/venv/lib/python3.8/site-packages/airflow/example_dags/example_xcom.py
[2025-03-06T23:39:28.972+0100] {logging_mixin.py:190} INFO - [2025-03-06T23:39:28.972+0100] {dag.py:3239} INFO - Sync 1 DAGs
[2025-03-06T23:39:28.988+0100] {logging_mixin.py:190} INFO - [2025-03-06T23:39:28.988+0100] {dag.py:4180} INFO - Setting next_dagrun for example_xcom to 2021-01-01 00:00:00+00:00, run_after=2021-01-01 00:00:00+00:00
[2025-03-06T23:39:29.007+0100] {processor.py:208} INFO - Processing /home/erij/Erij_Mazouz_4DS8_churn_ml_project/venv/lib/python3.8/site-packages/airflow/example_dags/example_xcom.py took 0.066 seconds
[2025-03-06T23:40:56.063+0100] {processor.py:186} INFO - Started process (PID=56532) to work on /home/erij/Erij_Mazouz_4DS8_churn_ml_project/venv/lib/python3.8/site-packages/airflow/example_dags/example_xcom.py
[2025-03-06T23:40:56.065+0100] {processor.py:914} INFO - Processing file /home/erij/Erij_Mazouz_4DS8_churn_ml_project/venv/lib/python3.8/site-packages/airflow/example_dags/example_xcom.py for tasks to queue
[2025-03-06T23:40:56.066+0100] {logging_mixin.py:190} INFO - [2025-03-06T23:40:56.066+0100] {dagbag.py:588} INFO - Filling up the DagBag from /home/erij/Erij_Mazouz_4DS8_churn_ml_project/venv/lib/python3.8/site-packages/airflow/example_dags/example_xcom.py
[2025-03-06T23:40:56.075+0100] {processor.py:925} INFO - DAG(s) 'example_xcom' retrieved from /home/erij/Erij_Mazouz_4DS8_churn_ml_project/venv/lib/python3.8/site-packages/airflow/example_dags/example_xcom.py
[2025-03-06T23:40:56.090+0100] {logging_mixin.py:190} INFO - [2025-03-06T23:40:56.090+0100] {dag.py:3239} INFO - Sync 1 DAGs
[2025-03-06T23:40:56.107+0100] {logging_mixin.py:190} INFO - [2025-03-06T23:40:56.107+0100] {dag.py:4180} INFO - Setting next_dagrun for example_xcom to 2021-01-01 00:00:00+00:00, run_after=2021-01-01 00:00:00+00:00
[2025-03-06T23:40:56.124+0100] {processor.py:208} INFO - Processing /home/erij/Erij_Mazouz_4DS8_churn_ml_project/venv/lib/python3.8/site-packages/airflow/example_dags/example_xcom.py took 0.066 seconds
[2025-03-06T23:41:53.147+0100] {processor.py:186} INFO - Started process (PID=56668) to work on /home/erij/Erij_Mazouz_4DS8_churn_ml_project/venv/lib/python3.8/site-packages/airflow/example_dags/example_xcom.py
[2025-03-06T23:41:53.149+0100] {processor.py:914} INFO - Processing file /home/erij/Erij_Mazouz_4DS8_churn_ml_project/venv/lib/python3.8/site-packages/airflow/example_dags/example_xcom.py for tasks to queue
[2025-03-06T23:41:53.151+0100] {logging_mixin.py:190} INFO - [2025-03-06T23:41:53.150+0100] {dagbag.py:588} INFO - Filling up the DagBag from /home/erij/Erij_Mazouz_4DS8_churn_ml_project/venv/lib/python3.8/site-packages/airflow/example_dags/example_xcom.py
[2025-03-06T23:41:53.159+0100] {processor.py:925} INFO - DAG(s) 'example_xcom' retrieved from /home/erij/Erij_Mazouz_4DS8_churn_ml_project/venv/lib/python3.8/site-packages/airflow/example_dags/example_xcom.py
[2025-03-06T23:41:53.173+0100] {logging_mixin.py:190} INFO - [2025-03-06T23:41:53.173+0100] {dag.py:3239} INFO - Sync 1 DAGs
[2025-03-06T23:41:53.195+0100] {logging_mixin.py:190} INFO - [2025-03-06T23:41:53.195+0100] {dag.py:4180} INFO - Setting next_dagrun for example_xcom to 2021-01-01 00:00:00+00:00, run_after=2021-01-01 00:00:00+00:00
[2025-03-06T23:41:53.215+0100] {processor.py:208} INFO - Processing /home/erij/Erij_Mazouz_4DS8_churn_ml_project/venv/lib/python3.8/site-packages/airflow/example_dags/example_xcom.py took 0.074 seconds
[2025-03-06T23:42:47.122+0100] {processor.py:186} INFO - Started process (PID=56790) to work on /home/erij/Erij_Mazouz_4DS8_churn_ml_project/venv/lib/python3.8/site-packages/airflow/example_dags/example_xcom.py
[2025-03-06T23:42:47.123+0100] {processor.py:914} INFO - Processing file /home/erij/Erij_Mazouz_4DS8_churn_ml_project/venv/lib/python3.8/site-packages/airflow/example_dags/example_xcom.py for tasks to queue
[2025-03-06T23:42:47.126+0100] {logging_mixin.py:190} INFO - [2025-03-06T23:42:47.125+0100] {dagbag.py:588} INFO - Filling up the DagBag from /home/erij/Erij_Mazouz_4DS8_churn_ml_project/venv/lib/python3.8/site-packages/airflow/example_dags/example_xcom.py
[2025-03-06T23:42:47.135+0100] {processor.py:925} INFO - DAG(s) 'example_xcom' retrieved from /home/erij/Erij_Mazouz_4DS8_churn_ml_project/venv/lib/python3.8/site-packages/airflow/example_dags/example_xcom.py
[2025-03-06T23:42:47.150+0100] {logging_mixin.py:190} INFO - [2025-03-06T23:42:47.150+0100] {dag.py:3239} INFO - Sync 1 DAGs
[2025-03-06T23:42:47.168+0100] {logging_mixin.py:190} INFO - [2025-03-06T23:42:47.167+0100] {dag.py:4180} INFO - Setting next_dagrun for example_xcom to 2021-01-01 00:00:00+00:00, run_after=2021-01-01 00:00:00+00:00
[2025-03-06T23:42:47.188+0100] {processor.py:208} INFO - Processing /home/erij/Erij_Mazouz_4DS8_churn_ml_project/venv/lib/python3.8/site-packages/airflow/example_dags/example_xcom.py took 0.072 seconds
[2025-03-06T23:43:40.565+0100] {processor.py:186} INFO - Started process (PID=56907) to work on /home/erij/Erij_Mazouz_4DS8_churn_ml_project/venv/lib/python3.8/site-packages/airflow/example_dags/example_xcom.py
[2025-03-06T23:43:40.567+0100] {processor.py:914} INFO - Processing file /home/erij/Erij_Mazouz_4DS8_churn_ml_project/venv/lib/python3.8/site-packages/airflow/example_dags/example_xcom.py for tasks to queue
[2025-03-06T23:43:40.569+0100] {logging_mixin.py:190} INFO - [2025-03-06T23:43:40.569+0100] {dagbag.py:588} INFO - Filling up the DagBag from /home/erij/Erij_Mazouz_4DS8_churn_ml_project/venv/lib/python3.8/site-packages/airflow/example_dags/example_xcom.py
[2025-03-06T23:43:40.577+0100] {processor.py:925} INFO - DAG(s) 'example_xcom' retrieved from /home/erij/Erij_Mazouz_4DS8_churn_ml_project/venv/lib/python3.8/site-packages/airflow/example_dags/example_xcom.py
[2025-03-06T23:43:40.591+0100] {logging_mixin.py:190} INFO - [2025-03-06T23:43:40.591+0100] {dag.py:3239} INFO - Sync 1 DAGs
[2025-03-06T23:43:40.607+0100] {logging_mixin.py:190} INFO - [2025-03-06T23:43:40.606+0100] {dag.py:4180} INFO - Setting next_dagrun for example_xcom to 2021-01-01 00:00:00+00:00, run_after=2021-01-01 00:00:00+00:00
[2025-03-06T23:43:40.624+0100] {processor.py:208} INFO - Processing /home/erij/Erij_Mazouz_4DS8_churn_ml_project/venv/lib/python3.8/site-packages/airflow/example_dags/example_xcom.py took 0.065 seconds
[2025-03-06T23:44:31.651+0100] {processor.py:186} INFO - Started process (PID=57062) to work on /home/erij/Erij_Mazouz_4DS8_churn_ml_project/venv/lib/python3.8/site-packages/airflow/example_dags/example_xcom.py
[2025-03-06T23:44:31.653+0100] {processor.py:914} INFO - Processing file /home/erij/Erij_Mazouz_4DS8_churn_ml_project/venv/lib/python3.8/site-packages/airflow/example_dags/example_xcom.py for tasks to queue
[2025-03-06T23:44:31.655+0100] {logging_mixin.py:190} INFO - [2025-03-06T23:44:31.655+0100] {dagbag.py:588} INFO - Filling up the DagBag from /home/erij/Erij_Mazouz_4DS8_churn_ml_project/venv/lib/python3.8/site-packages/airflow/example_dags/example_xcom.py
[2025-03-06T23:44:31.664+0100] {processor.py:925} INFO - DAG(s) 'example_xcom' retrieved from /home/erij/Erij_Mazouz_4DS8_churn_ml_project/venv/lib/python3.8/site-packages/airflow/example_dags/example_xcom.py
[2025-03-06T23:44:31.677+0100] {logging_mixin.py:190} INFO - [2025-03-06T23:44:31.677+0100] {dag.py:3239} INFO - Sync 1 DAGs
[2025-03-06T23:44:31.694+0100] {logging_mixin.py:190} INFO - [2025-03-06T23:44:31.693+0100] {dag.py:4180} INFO - Setting next_dagrun for example_xcom to 2021-01-01 00:00:00+00:00, run_after=2021-01-01 00:00:00+00:00
[2025-03-06T23:44:31.727+0100] {processor.py:208} INFO - Processing /home/erij/Erij_Mazouz_4DS8_churn_ml_project/venv/lib/python3.8/site-packages/airflow/example_dags/example_xcom.py took 0.082 seconds
[2025-03-06T23:45:27.693+0100] {processor.py:186} INFO - Started process (PID=57183) to work on /home/erij/Erij_Mazouz_4DS8_churn_ml_project/venv/lib/python3.8/site-packages/airflow/example_dags/example_xcom.py
[2025-03-06T23:45:27.699+0100] {processor.py:914} INFO - Processing file /home/erij/Erij_Mazouz_4DS8_churn_ml_project/venv/lib/python3.8/site-packages/airflow/example_dags/example_xcom.py for tasks to queue
[2025-03-06T23:45:27.700+0100] {logging_mixin.py:190} INFO - [2025-03-06T23:45:27.700+0100] {dagbag.py:588} INFO - Filling up the DagBag from /home/erij/Erij_Mazouz_4DS8_churn_ml_project/venv/lib/python3.8/site-packages/airflow/example_dags/example_xcom.py
[2025-03-06T23:45:27.710+0100] {processor.py:925} INFO - DAG(s) 'example_xcom' retrieved from /home/erij/Erij_Mazouz_4DS8_churn_ml_project/venv/lib/python3.8/site-packages/airflow/example_dags/example_xcom.py
[2025-03-06T23:45:27.732+0100] {logging_mixin.py:190} INFO - [2025-03-06T23:45:27.732+0100] {dag.py:3239} INFO - Sync 1 DAGs
[2025-03-06T23:45:27.751+0100] {logging_mixin.py:190} INFO - [2025-03-06T23:45:27.751+0100] {dag.py:4180} INFO - Setting next_dagrun for example_xcom to 2021-01-01 00:00:00+00:00, run_after=2021-01-01 00:00:00+00:00
[2025-03-06T23:45:27.785+0100] {processor.py:208} INFO - Processing /home/erij/Erij_Mazouz_4DS8_churn_ml_project/venv/lib/python3.8/site-packages/airflow/example_dags/example_xcom.py took 0.097 seconds
[2025-03-06T23:46:26.736+0100] {processor.py:186} INFO - Started process (PID=57301) to work on /home/erij/Erij_Mazouz_4DS8_churn_ml_project/venv/lib/python3.8/site-packages/airflow/example_dags/example_xcom.py
[2025-03-06T23:46:26.737+0100] {processor.py:914} INFO - Processing file /home/erij/Erij_Mazouz_4DS8_churn_ml_project/venv/lib/python3.8/site-packages/airflow/example_dags/example_xcom.py for tasks to queue
[2025-03-06T23:46:26.739+0100] {logging_mixin.py:190} INFO - [2025-03-06T23:46:26.738+0100] {dagbag.py:588} INFO - Filling up the DagBag from /home/erij/Erij_Mazouz_4DS8_churn_ml_project/venv/lib/python3.8/site-packages/airflow/example_dags/example_xcom.py
[2025-03-06T23:46:26.747+0100] {processor.py:925} INFO - DAG(s) 'example_xcom' retrieved from /home/erij/Erij_Mazouz_4DS8_churn_ml_project/venv/lib/python3.8/site-packages/airflow/example_dags/example_xcom.py
[2025-03-06T23:46:26.760+0100] {logging_mixin.py:190} INFO - [2025-03-06T23:46:26.760+0100] {dag.py:3239} INFO - Sync 1 DAGs
[2025-03-06T23:46:26.776+0100] {logging_mixin.py:190} INFO - [2025-03-06T23:46:26.776+0100] {dag.py:4180} INFO - Setting next_dagrun for example_xcom to 2021-01-01 00:00:00+00:00, run_after=2021-01-01 00:00:00+00:00
[2025-03-06T23:46:26.794+0100] {processor.py:208} INFO - Processing /home/erij/Erij_Mazouz_4DS8_churn_ml_project/venv/lib/python3.8/site-packages/airflow/example_dags/example_xcom.py took 0.064 seconds
[2025-03-06T23:47:22.118+0100] {processor.py:186} INFO - Started process (PID=57410) to work on /home/erij/Erij_Mazouz_4DS8_churn_ml_project/venv/lib/python3.8/site-packages/airflow/example_dags/example_xcom.py
[2025-03-06T23:47:22.121+0100] {processor.py:914} INFO - Processing file /home/erij/Erij_Mazouz_4DS8_churn_ml_project/venv/lib/python3.8/site-packages/airflow/example_dags/example_xcom.py for tasks to queue
[2025-03-06T23:47:22.122+0100] {logging_mixin.py:190} INFO - [2025-03-06T23:47:22.122+0100] {dagbag.py:588} INFO - Filling up the DagBag from /home/erij/Erij_Mazouz_4DS8_churn_ml_project/venv/lib/python3.8/site-packages/airflow/example_dags/example_xcom.py
[2025-03-06T23:47:22.131+0100] {processor.py:925} INFO - DAG(s) 'example_xcom' retrieved from /home/erij/Erij_Mazouz_4DS8_churn_ml_project/venv/lib/python3.8/site-packages/airflow/example_dags/example_xcom.py
[2025-03-06T23:47:22.143+0100] {logging_mixin.py:190} INFO - [2025-03-06T23:47:22.143+0100] {dag.py:3239} INFO - Sync 1 DAGs
[2025-03-06T23:47:22.159+0100] {logging_mixin.py:190} INFO - [2025-03-06T23:47:22.159+0100] {dag.py:4180} INFO - Setting next_dagrun for example_xcom to 2021-01-01 00:00:00+00:00, run_after=2021-01-01 00:00:00+00:00
[2025-03-06T23:47:22.177+0100] {processor.py:208} INFO - Processing /home/erij/Erij_Mazouz_4DS8_churn_ml_project/venv/lib/python3.8/site-packages/airflow/example_dags/example_xcom.py took 0.064 seconds
[2025-03-06T23:48:20.956+0100] {processor.py:186} INFO - Started process (PID=57530) to work on /home/erij/Erij_Mazouz_4DS8_churn_ml_project/venv/lib/python3.8/site-packages/airflow/example_dags/example_xcom.py
[2025-03-06T23:48:20.958+0100] {processor.py:914} INFO - Processing file /home/erij/Erij_Mazouz_4DS8_churn_ml_project/venv/lib/python3.8/site-packages/airflow/example_dags/example_xcom.py for tasks to queue
[2025-03-06T23:48:20.960+0100] {logging_mixin.py:190} INFO - [2025-03-06T23:48:20.960+0100] {dagbag.py:588} INFO - Filling up the DagBag from /home/erij/Erij_Mazouz_4DS8_churn_ml_project/venv/lib/python3.8/site-packages/airflow/example_dags/example_xcom.py
[2025-03-06T23:48:20.968+0100] {processor.py:925} INFO - DAG(s) 'example_xcom' retrieved from /home/erij/Erij_Mazouz_4DS8_churn_ml_project/venv/lib/python3.8/site-packages/airflow/example_dags/example_xcom.py
[2025-03-06T23:48:20.980+0100] {logging_mixin.py:190} INFO - [2025-03-06T23:48:20.980+0100] {dag.py:3239} INFO - Sync 1 DAGs
[2025-03-06T23:48:20.995+0100] {logging_mixin.py:190} INFO - [2025-03-06T23:48:20.995+0100] {dag.py:4180} INFO - Setting next_dagrun for example_xcom to 2021-01-01 00:00:00+00:00, run_after=2021-01-01 00:00:00+00:00
[2025-03-06T23:48:21.012+0100] {processor.py:208} INFO - Processing /home/erij/Erij_Mazouz_4DS8_churn_ml_project/venv/lib/python3.8/site-packages/airflow/example_dags/example_xcom.py took 0.060 seconds
[2025-03-06T23:49:16.113+0100] {processor.py:186} INFO - Started process (PID=57647) to work on /home/erij/Erij_Mazouz_4DS8_churn_ml_project/venv/lib/python3.8/site-packages/airflow/example_dags/example_xcom.py
[2025-03-06T23:49:16.115+0100] {processor.py:914} INFO - Processing file /home/erij/Erij_Mazouz_4DS8_churn_ml_project/venv/lib/python3.8/site-packages/airflow/example_dags/example_xcom.py for tasks to queue
[2025-03-06T23:49:16.117+0100] {logging_mixin.py:190} INFO - [2025-03-06T23:49:16.117+0100] {dagbag.py:588} INFO - Filling up the DagBag from /home/erij/Erij_Mazouz_4DS8_churn_ml_project/venv/lib/python3.8/site-packages/airflow/example_dags/example_xcom.py
[2025-03-06T23:49:16.125+0100] {processor.py:925} INFO - DAG(s) 'example_xcom' retrieved from /home/erij/Erij_Mazouz_4DS8_churn_ml_project/venv/lib/python3.8/site-packages/airflow/example_dags/example_xcom.py
[2025-03-06T23:49:16.138+0100] {logging_mixin.py:190} INFO - [2025-03-06T23:49:16.138+0100] {dag.py:3239} INFO - Sync 1 DAGs
[2025-03-06T23:49:16.155+0100] {logging_mixin.py:190} INFO - [2025-03-06T23:49:16.154+0100] {dag.py:4180} INFO - Setting next_dagrun for example_xcom to 2021-01-01 00:00:00+00:00, run_after=2021-01-01 00:00:00+00:00
[2025-03-06T23:49:16.173+0100] {processor.py:208} INFO - Processing /home/erij/Erij_Mazouz_4DS8_churn_ml_project/venv/lib/python3.8/site-packages/airflow/example_dags/example_xcom.py took 0.065 seconds
[2025-03-06T23:50:10.717+0100] {processor.py:186} INFO - Started process (PID=57754) to work on /home/erij/Erij_Mazouz_4DS8_churn_ml_project/venv/lib/python3.8/site-packages/airflow/example_dags/example_xcom.py
[2025-03-06T23:50:10.719+0100] {processor.py:914} INFO - Processing file /home/erij/Erij_Mazouz_4DS8_churn_ml_project/venv/lib/python3.8/site-packages/airflow/example_dags/example_xcom.py for tasks to queue
[2025-03-06T23:50:10.721+0100] {logging_mixin.py:190} INFO - [2025-03-06T23:50:10.720+0100] {dagbag.py:588} INFO - Filling up the DagBag from /home/erij/Erij_Mazouz_4DS8_churn_ml_project/venv/lib/python3.8/site-packages/airflow/example_dags/example_xcom.py
[2025-03-06T23:50:10.729+0100] {processor.py:925} INFO - DAG(s) 'example_xcom' retrieved from /home/erij/Erij_Mazouz_4DS8_churn_ml_project/venv/lib/python3.8/site-packages/airflow/example_dags/example_xcom.py
[2025-03-06T23:50:10.743+0100] {logging_mixin.py:190} INFO - [2025-03-06T23:50:10.743+0100] {dag.py:3239} INFO - Sync 1 DAGs
[2025-03-06T23:50:10.760+0100] {logging_mixin.py:190} INFO - [2025-03-06T23:50:10.760+0100] {dag.py:4180} INFO - Setting next_dagrun for example_xcom to 2021-01-01 00:00:00+00:00, run_after=2021-01-01 00:00:00+00:00
[2025-03-06T23:50:10.777+0100] {processor.py:208} INFO - Processing /home/erij/Erij_Mazouz_4DS8_churn_ml_project/venv/lib/python3.8/site-packages/airflow/example_dags/example_xcom.py took 0.066 seconds
[2025-03-06T23:51:07.171+0100] {processor.py:186} INFO - Started process (PID=57868) to work on /home/erij/Erij_Mazouz_4DS8_churn_ml_project/venv/lib/python3.8/site-packages/airflow/example_dags/example_xcom.py
[2025-03-06T23:51:07.173+0100] {processor.py:914} INFO - Processing file /home/erij/Erij_Mazouz_4DS8_churn_ml_project/venv/lib/python3.8/site-packages/airflow/example_dags/example_xcom.py for tasks to queue
[2025-03-06T23:51:07.175+0100] {logging_mixin.py:190} INFO - [2025-03-06T23:51:07.175+0100] {dagbag.py:588} INFO - Filling up the DagBag from /home/erij/Erij_Mazouz_4DS8_churn_ml_project/venv/lib/python3.8/site-packages/airflow/example_dags/example_xcom.py
[2025-03-06T23:51:07.183+0100] {processor.py:925} INFO - DAG(s) 'example_xcom' retrieved from /home/erij/Erij_Mazouz_4DS8_churn_ml_project/venv/lib/python3.8/site-packages/airflow/example_dags/example_xcom.py
[2025-03-06T23:51:07.196+0100] {logging_mixin.py:190} INFO - [2025-03-06T23:51:07.196+0100] {dag.py:3239} INFO - Sync 1 DAGs
[2025-03-06T23:51:07.213+0100] {logging_mixin.py:190} INFO - [2025-03-06T23:51:07.212+0100] {dag.py:4180} INFO - Setting next_dagrun for example_xcom to 2021-01-01 00:00:00+00:00, run_after=2021-01-01 00:00:00+00:00
[2025-03-06T23:51:07.229+0100] {processor.py:208} INFO - Processing /home/erij/Erij_Mazouz_4DS8_churn_ml_project/venv/lib/python3.8/site-packages/airflow/example_dags/example_xcom.py took 0.062 seconds
[2025-03-06T23:52:01.350+0100] {processor.py:186} INFO - Started process (PID=57977) to work on /home/erij/Erij_Mazouz_4DS8_churn_ml_project/venv/lib/python3.8/site-packages/airflow/example_dags/example_xcom.py
[2025-03-06T23:52:01.351+0100] {processor.py:914} INFO - Processing file /home/erij/Erij_Mazouz_4DS8_churn_ml_project/venv/lib/python3.8/site-packages/airflow/example_dags/example_xcom.py for tasks to queue
[2025-03-06T23:52:01.353+0100] {logging_mixin.py:190} INFO - [2025-03-06T23:52:01.353+0100] {dagbag.py:588} INFO - Filling up the DagBag from /home/erij/Erij_Mazouz_4DS8_churn_ml_project/venv/lib/python3.8/site-packages/airflow/example_dags/example_xcom.py
[2025-03-06T23:52:01.361+0100] {processor.py:925} INFO - DAG(s) 'example_xcom' retrieved from /home/erij/Erij_Mazouz_4DS8_churn_ml_project/venv/lib/python3.8/site-packages/airflow/example_dags/example_xcom.py
[2025-03-06T23:52:01.375+0100] {logging_mixin.py:190} INFO - [2025-03-06T23:52:01.375+0100] {dag.py:3239} INFO - Sync 1 DAGs
[2025-03-06T23:52:01.391+0100] {logging_mixin.py:190} INFO - [2025-03-06T23:52:01.391+0100] {dag.py:4180} INFO - Setting next_dagrun for example_xcom to 2021-01-01 00:00:00+00:00, run_after=2021-01-01 00:00:00+00:00
[2025-03-06T23:52:01.409+0100] {processor.py:208} INFO - Processing /home/erij/Erij_Mazouz_4DS8_churn_ml_project/venv/lib/python3.8/site-packages/airflow/example_dags/example_xcom.py took 0.064 seconds
[2025-03-06T23:52:58.600+0100] {processor.py:186} INFO - Started process (PID=58097) to work on /home/erij/Erij_Mazouz_4DS8_churn_ml_project/venv/lib/python3.8/site-packages/airflow/example_dags/example_xcom.py
[2025-03-06T23:52:58.602+0100] {processor.py:914} INFO - Processing file /home/erij/Erij_Mazouz_4DS8_churn_ml_project/venv/lib/python3.8/site-packages/airflow/example_dags/example_xcom.py for tasks to queue
[2025-03-06T23:52:58.604+0100] {logging_mixin.py:190} INFO - [2025-03-06T23:52:58.604+0100] {dagbag.py:588} INFO - Filling up the DagBag from /home/erij/Erij_Mazouz_4DS8_churn_ml_project/venv/lib/python3.8/site-packages/airflow/example_dags/example_xcom.py
[2025-03-06T23:52:58.612+0100] {processor.py:925} INFO - DAG(s) 'example_xcom' retrieved from /home/erij/Erij_Mazouz_4DS8_churn_ml_project/venv/lib/python3.8/site-packages/airflow/example_dags/example_xcom.py
[2025-03-06T23:52:58.624+0100] {logging_mixin.py:190} INFO - [2025-03-06T23:52:58.624+0100] {dag.py:3239} INFO - Sync 1 DAGs
[2025-03-06T23:52:58.641+0100] {logging_mixin.py:190} INFO - [2025-03-06T23:52:58.640+0100] {dag.py:4180} INFO - Setting next_dagrun for example_xcom to 2021-01-01 00:00:00+00:00, run_after=2021-01-01 00:00:00+00:00
[2025-03-06T23:52:58.657+0100] {processor.py:208} INFO - Processing /home/erij/Erij_Mazouz_4DS8_churn_ml_project/venv/lib/python3.8/site-packages/airflow/example_dags/example_xcom.py took 0.062 seconds
[2025-03-06T23:53:55.137+0100] {processor.py:186} INFO - Started process (PID=58229) to work on /home/erij/Erij_Mazouz_4DS8_churn_ml_project/venv/lib/python3.8/site-packages/airflow/example_dags/example_xcom.py
[2025-03-06T23:53:55.139+0100] {processor.py:914} INFO - Processing file /home/erij/Erij_Mazouz_4DS8_churn_ml_project/venv/lib/python3.8/site-packages/airflow/example_dags/example_xcom.py for tasks to queue
[2025-03-06T23:53:55.141+0100] {logging_mixin.py:190} INFO - [2025-03-06T23:53:55.141+0100] {dagbag.py:588} INFO - Filling up the DagBag from /home/erij/Erij_Mazouz_4DS8_churn_ml_project/venv/lib/python3.8/site-packages/airflow/example_dags/example_xcom.py
[2025-03-06T23:53:55.149+0100] {processor.py:925} INFO - DAG(s) 'example_xcom' retrieved from /home/erij/Erij_Mazouz_4DS8_churn_ml_project/venv/lib/python3.8/site-packages/airflow/example_dags/example_xcom.py
[2025-03-06T23:53:55.163+0100] {logging_mixin.py:190} INFO - [2025-03-06T23:53:55.163+0100] {dag.py:3239} INFO - Sync 1 DAGs
[2025-03-06T23:53:55.179+0100] {logging_mixin.py:190} INFO - [2025-03-06T23:53:55.178+0100] {dag.py:4180} INFO - Setting next_dagrun for example_xcom to 2021-01-01 00:00:00+00:00, run_after=2021-01-01 00:00:00+00:00
[2025-03-06T23:53:55.196+0100] {processor.py:208} INFO - Processing /home/erij/Erij_Mazouz_4DS8_churn_ml_project/venv/lib/python3.8/site-packages/airflow/example_dags/example_xcom.py took 0.063 seconds
[2025-03-06T23:54:52.581+0100] {processor.py:186} INFO - Started process (PID=58595) to work on /home/erij/Erij_Mazouz_4DS8_churn_ml_project/venv/lib/python3.8/site-packages/airflow/example_dags/example_xcom.py
[2025-03-06T23:54:52.582+0100] {processor.py:914} INFO - Processing file /home/erij/Erij_Mazouz_4DS8_churn_ml_project/venv/lib/python3.8/site-packages/airflow/example_dags/example_xcom.py for tasks to queue
[2025-03-06T23:54:52.584+0100] {logging_mixin.py:190} INFO - [2025-03-06T23:54:52.584+0100] {dagbag.py:588} INFO - Filling up the DagBag from /home/erij/Erij_Mazouz_4DS8_churn_ml_project/venv/lib/python3.8/site-packages/airflow/example_dags/example_xcom.py
[2025-03-06T23:54:52.592+0100] {processor.py:925} INFO - DAG(s) 'example_xcom' retrieved from /home/erij/Erij_Mazouz_4DS8_churn_ml_project/venv/lib/python3.8/site-packages/airflow/example_dags/example_xcom.py
[2025-03-06T23:54:52.604+0100] {logging_mixin.py:190} INFO - [2025-03-06T23:54:52.604+0100] {dag.py:3239} INFO - Sync 1 DAGs
[2025-03-06T23:54:52.619+0100] {logging_mixin.py:190} INFO - [2025-03-06T23:54:52.619+0100] {dag.py:4180} INFO - Setting next_dagrun for example_xcom to 2021-01-01 00:00:00+00:00, run_after=2021-01-01 00:00:00+00:00
[2025-03-06T23:54:52.636+0100] {processor.py:208} INFO - Processing /home/erij/Erij_Mazouz_4DS8_churn_ml_project/venv/lib/python3.8/site-packages/airflow/example_dags/example_xcom.py took 0.060 seconds
[2025-03-06T23:55:50.776+0100] {processor.py:186} INFO - Started process (PID=59158) to work on /home/erij/Erij_Mazouz_4DS8_churn_ml_project/venv/lib/python3.8/site-packages/airflow/example_dags/example_xcom.py
[2025-03-06T23:55:50.778+0100] {processor.py:914} INFO - Processing file /home/erij/Erij_Mazouz_4DS8_churn_ml_project/venv/lib/python3.8/site-packages/airflow/example_dags/example_xcom.py for tasks to queue
[2025-03-06T23:55:50.780+0100] {logging_mixin.py:190} INFO - [2025-03-06T23:55:50.779+0100] {dagbag.py:588} INFO - Filling up the DagBag from /home/erij/Erij_Mazouz_4DS8_churn_ml_project/venv/lib/python3.8/site-packages/airflow/example_dags/example_xcom.py
[2025-03-06T23:55:50.787+0100] {processor.py:925} INFO - DAG(s) 'example_xcom' retrieved from /home/erij/Erij_Mazouz_4DS8_churn_ml_project/venv/lib/python3.8/site-packages/airflow/example_dags/example_xcom.py
[2025-03-06T23:55:50.799+0100] {logging_mixin.py:190} INFO - [2025-03-06T23:55:50.799+0100] {dag.py:3239} INFO - Sync 1 DAGs
[2025-03-06T23:55:50.814+0100] {logging_mixin.py:190} INFO - [2025-03-06T23:55:50.814+0100] {dag.py:4180} INFO - Setting next_dagrun for example_xcom to 2021-01-01 00:00:00+00:00, run_after=2021-01-01 00:00:00+00:00
[2025-03-06T23:55:50.831+0100] {processor.py:208} INFO - Processing /home/erij/Erij_Mazouz_4DS8_churn_ml_project/venv/lib/python3.8/site-packages/airflow/example_dags/example_xcom.py took 0.060 seconds
[2025-03-06T23:56:47.459+0100] {processor.py:186} INFO - Started process (PID=59286) to work on /home/erij/Erij_Mazouz_4DS8_churn_ml_project/venv/lib/python3.8/site-packages/airflow/example_dags/example_xcom.py
[2025-03-06T23:56:47.461+0100] {processor.py:914} INFO - Processing file /home/erij/Erij_Mazouz_4DS8_churn_ml_project/venv/lib/python3.8/site-packages/airflow/example_dags/example_xcom.py for tasks to queue
[2025-03-06T23:56:47.463+0100] {logging_mixin.py:190} INFO - [2025-03-06T23:56:47.462+0100] {dagbag.py:588} INFO - Filling up the DagBag from /home/erij/Erij_Mazouz_4DS8_churn_ml_project/venv/lib/python3.8/site-packages/airflow/example_dags/example_xcom.py
[2025-03-06T23:56:47.470+0100] {processor.py:925} INFO - DAG(s) 'example_xcom' retrieved from /home/erij/Erij_Mazouz_4DS8_churn_ml_project/venv/lib/python3.8/site-packages/airflow/example_dags/example_xcom.py
[2025-03-06T23:56:47.482+0100] {logging_mixin.py:190} INFO - [2025-03-06T23:56:47.482+0100] {dag.py:3239} INFO - Sync 1 DAGs
[2025-03-06T23:56:47.497+0100] {logging_mixin.py:190} INFO - [2025-03-06T23:56:47.497+0100] {dag.py:4180} INFO - Setting next_dagrun for example_xcom to 2021-01-01 00:00:00+00:00, run_after=2021-01-01 00:00:00+00:00
[2025-03-06T23:56:47.514+0100] {processor.py:208} INFO - Processing /home/erij/Erij_Mazouz_4DS8_churn_ml_project/venv/lib/python3.8/site-packages/airflow/example_dags/example_xcom.py took 0.060 seconds
[2025-03-06T23:57:40.948+0100] {processor.py:186} INFO - Started process (PID=59412) to work on /home/erij/Erij_Mazouz_4DS8_churn_ml_project/venv/lib/python3.8/site-packages/airflow/example_dags/example_xcom.py
[2025-03-06T23:57:40.951+0100] {processor.py:914} INFO - Processing file /home/erij/Erij_Mazouz_4DS8_churn_ml_project/venv/lib/python3.8/site-packages/airflow/example_dags/example_xcom.py for tasks to queue
[2025-03-06T23:57:40.953+0100] {logging_mixin.py:190} INFO - [2025-03-06T23:57:40.952+0100] {dagbag.py:588} INFO - Filling up the DagBag from /home/erij/Erij_Mazouz_4DS8_churn_ml_project/venv/lib/python3.8/site-packages/airflow/example_dags/example_xcom.py
[2025-03-06T23:57:40.961+0100] {processor.py:925} INFO - DAG(s) 'example_xcom' retrieved from /home/erij/Erij_Mazouz_4DS8_churn_ml_project/venv/lib/python3.8/site-packages/airflow/example_dags/example_xcom.py
[2025-03-06T23:57:40.976+0100] {logging_mixin.py:190} INFO - [2025-03-06T23:57:40.976+0100] {dag.py:3239} INFO - Sync 1 DAGs
[2025-03-06T23:57:40.995+0100] {logging_mixin.py:190} INFO - [2025-03-06T23:57:40.994+0100] {dag.py:4180} INFO - Setting next_dagrun for example_xcom to 2021-01-01 00:00:00+00:00, run_after=2021-01-01 00:00:00+00:00
[2025-03-06T23:57:41.013+0100] {processor.py:208} INFO - Processing /home/erij/Erij_Mazouz_4DS8_churn_ml_project/venv/lib/python3.8/site-packages/airflow/example_dags/example_xcom.py took 0.070 seconds
[2025-03-06T23:58:35.082+0100] {processor.py:186} INFO - Started process (PID=59564) to work on /home/erij/Erij_Mazouz_4DS8_churn_ml_project/venv/lib/python3.8/site-packages/airflow/example_dags/example_xcom.py
[2025-03-06T23:58:35.084+0100] {processor.py:914} INFO - Processing file /home/erij/Erij_Mazouz_4DS8_churn_ml_project/venv/lib/python3.8/site-packages/airflow/example_dags/example_xcom.py for tasks to queue
[2025-03-06T23:58:35.086+0100] {logging_mixin.py:190} INFO - [2025-03-06T23:58:35.086+0100] {dagbag.py:588} INFO - Filling up the DagBag from /home/erij/Erij_Mazouz_4DS8_churn_ml_project/venv/lib/python3.8/site-packages/airflow/example_dags/example_xcom.py
[2025-03-06T23:58:35.095+0100] {processor.py:925} INFO - DAG(s) 'example_xcom' retrieved from /home/erij/Erij_Mazouz_4DS8_churn_ml_project/venv/lib/python3.8/site-packages/airflow/example_dags/example_xcom.py
[2025-03-06T23:58:35.108+0100] {logging_mixin.py:190} INFO - [2025-03-06T23:58:35.107+0100] {dag.py:3239} INFO - Sync 1 DAGs
[2025-03-06T23:58:35.124+0100] {logging_mixin.py:190} INFO - [2025-03-06T23:58:35.124+0100] {dag.py:4180} INFO - Setting next_dagrun for example_xcom to 2021-01-01 00:00:00+00:00, run_after=2021-01-01 00:00:00+00:00
[2025-03-06T23:58:35.141+0100] {processor.py:208} INFO - Processing /home/erij/Erij_Mazouz_4DS8_churn_ml_project/venv/lib/python3.8/site-packages/airflow/example_dags/example_xcom.py took 0.064 seconds
[2025-03-06T23:59:25.678+0100] {processor.py:186} INFO - Started process (PID=59705) to work on /home/erij/Erij_Mazouz_4DS8_churn_ml_project/venv/lib/python3.8/site-packages/airflow/example_dags/example_xcom.py
[2025-03-06T23:59:25.680+0100] {processor.py:914} INFO - Processing file /home/erij/Erij_Mazouz_4DS8_churn_ml_project/venv/lib/python3.8/site-packages/airflow/example_dags/example_xcom.py for tasks to queue
[2025-03-06T23:59:25.682+0100] {logging_mixin.py:190} INFO - [2025-03-06T23:59:25.681+0100] {dagbag.py:588} INFO - Filling up the DagBag from /home/erij/Erij_Mazouz_4DS8_churn_ml_project/venv/lib/python3.8/site-packages/airflow/example_dags/example_xcom.py
[2025-03-06T23:59:25.689+0100] {processor.py:925} INFO - DAG(s) 'example_xcom' retrieved from /home/erij/Erij_Mazouz_4DS8_churn_ml_project/venv/lib/python3.8/site-packages/airflow/example_dags/example_xcom.py
[2025-03-06T23:59:25.701+0100] {logging_mixin.py:190} INFO - [2025-03-06T23:59:25.701+0100] {dag.py:3239} INFO - Sync 1 DAGs
[2025-03-06T23:59:25.716+0100] {logging_mixin.py:190} INFO - [2025-03-06T23:59:25.716+0100] {dag.py:4180} INFO - Setting next_dagrun for example_xcom to 2021-01-01 00:00:00+00:00, run_after=2021-01-01 00:00:00+00:00
[2025-03-06T23:59:25.733+0100] {processor.py:208} INFO - Processing /home/erij/Erij_Mazouz_4DS8_churn_ml_project/venv/lib/python3.8/site-packages/airflow/example_dags/example_xcom.py took 0.060 seconds
[2025-03-07T00:00:18.507+0100] {processor.py:186} INFO - Started process (PID=59884) to work on /home/erij/Erij_Mazouz_4DS8_churn_ml_project/venv/lib/python3.8/site-packages/airflow/example_dags/example_xcom.py
[2025-03-07T00:00:18.509+0100] {processor.py:914} INFO - Processing file /home/erij/Erij_Mazouz_4DS8_churn_ml_project/venv/lib/python3.8/site-packages/airflow/example_dags/example_xcom.py for tasks to queue
[2025-03-07T00:00:18.511+0100] {logging_mixin.py:190} INFO - [2025-03-07T00:00:18.511+0100] {dagbag.py:588} INFO - Filling up the DagBag from /home/erij/Erij_Mazouz_4DS8_churn_ml_project/venv/lib/python3.8/site-packages/airflow/example_dags/example_xcom.py
[2025-03-07T00:00:18.519+0100] {processor.py:925} INFO - DAG(s) 'example_xcom' retrieved from /home/erij/Erij_Mazouz_4DS8_churn_ml_project/venv/lib/python3.8/site-packages/airflow/example_dags/example_xcom.py
[2025-03-07T00:00:18.531+0100] {logging_mixin.py:190} INFO - [2025-03-07T00:00:18.531+0100] {dag.py:3239} INFO - Sync 1 DAGs
[2025-03-07T00:00:18.547+0100] {logging_mixin.py:190} INFO - [2025-03-07T00:00:18.547+0100] {dag.py:4180} INFO - Setting next_dagrun for example_xcom to 2021-01-01 00:00:00+00:00, run_after=2021-01-01 00:00:00+00:00
[2025-03-07T00:00:18.572+0100] {processor.py:208} INFO - Processing /home/erij/Erij_Mazouz_4DS8_churn_ml_project/venv/lib/python3.8/site-packages/airflow/example_dags/example_xcom.py took 0.070 seconds
[2025-03-07T00:01:11.976+0100] {processor.py:186} INFO - Started process (PID=60071) to work on /home/erij/Erij_Mazouz_4DS8_churn_ml_project/venv/lib/python3.8/site-packages/airflow/example_dags/example_xcom.py
[2025-03-07T00:01:11.978+0100] {processor.py:914} INFO - Processing file /home/erij/Erij_Mazouz_4DS8_churn_ml_project/venv/lib/python3.8/site-packages/airflow/example_dags/example_xcom.py for tasks to queue
[2025-03-07T00:01:11.981+0100] {logging_mixin.py:190} INFO - [2025-03-07T00:01:11.980+0100] {dagbag.py:588} INFO - Filling up the DagBag from /home/erij/Erij_Mazouz_4DS8_churn_ml_project/venv/lib/python3.8/site-packages/airflow/example_dags/example_xcom.py
[2025-03-07T00:01:11.993+0100] {processor.py:925} INFO - DAG(s) 'example_xcom' retrieved from /home/erij/Erij_Mazouz_4DS8_churn_ml_project/venv/lib/python3.8/site-packages/airflow/example_dags/example_xcom.py
[2025-03-07T00:01:12.009+0100] {logging_mixin.py:190} INFO - [2025-03-07T00:01:12.009+0100] {dag.py:3239} INFO - Sync 1 DAGs
[2025-03-07T00:01:12.027+0100] {logging_mixin.py:190} INFO - [2025-03-07T00:01:12.027+0100] {dag.py:4180} INFO - Setting next_dagrun for example_xcom to 2021-01-01 00:00:00+00:00, run_after=2021-01-01 00:00:00+00:00
[2025-03-07T00:01:12.043+0100] {processor.py:208} INFO - Processing /home/erij/Erij_Mazouz_4DS8_churn_ml_project/venv/lib/python3.8/site-packages/airflow/example_dags/example_xcom.py took 0.072 seconds
[2025-03-07T00:02:05.198+0100] {processor.py:186} INFO - Started process (PID=60235) to work on /home/erij/Erij_Mazouz_4DS8_churn_ml_project/venv/lib/python3.8/site-packages/airflow/example_dags/example_xcom.py
[2025-03-07T00:02:05.200+0100] {processor.py:914} INFO - Processing file /home/erij/Erij_Mazouz_4DS8_churn_ml_project/venv/lib/python3.8/site-packages/airflow/example_dags/example_xcom.py for tasks to queue
[2025-03-07T00:02:05.202+0100] {logging_mixin.py:190} INFO - [2025-03-07T00:02:05.202+0100] {dagbag.py:588} INFO - Filling up the DagBag from /home/erij/Erij_Mazouz_4DS8_churn_ml_project/venv/lib/python3.8/site-packages/airflow/example_dags/example_xcom.py
[2025-03-07T00:02:05.210+0100] {processor.py:925} INFO - DAG(s) 'example_xcom' retrieved from /home/erij/Erij_Mazouz_4DS8_churn_ml_project/venv/lib/python3.8/site-packages/airflow/example_dags/example_xcom.py
[2025-03-07T00:02:05.222+0100] {logging_mixin.py:190} INFO - [2025-03-07T00:02:05.222+0100] {dag.py:3239} INFO - Sync 1 DAGs
[2025-03-07T00:02:05.238+0100] {logging_mixin.py:190} INFO - [2025-03-07T00:02:05.238+0100] {dag.py:4180} INFO - Setting next_dagrun for example_xcom to 2021-01-01 00:00:00+00:00, run_after=2021-01-01 00:00:00+00:00
[2025-03-07T00:02:05.256+0100] {processor.py:208} INFO - Processing /home/erij/Erij_Mazouz_4DS8_churn_ml_project/venv/lib/python3.8/site-packages/airflow/example_dags/example_xcom.py took 0.063 seconds
[2025-03-07T00:03:03.722+0100] {processor.py:186} INFO - Started process (PID=60442) to work on /home/erij/Erij_Mazouz_4DS8_churn_ml_project/venv/lib/python3.8/site-packages/airflow/example_dags/example_xcom.py
[2025-03-07T00:03:03.724+0100] {processor.py:914} INFO - Processing file /home/erij/Erij_Mazouz_4DS8_churn_ml_project/venv/lib/python3.8/site-packages/airflow/example_dags/example_xcom.py for tasks to queue
[2025-03-07T00:03:03.726+0100] {logging_mixin.py:190} INFO - [2025-03-07T00:03:03.726+0100] {dagbag.py:588} INFO - Filling up the DagBag from /home/erij/Erij_Mazouz_4DS8_churn_ml_project/venv/lib/python3.8/site-packages/airflow/example_dags/example_xcom.py
[2025-03-07T00:03:03.734+0100] {processor.py:925} INFO - DAG(s) 'example_xcom' retrieved from /home/erij/Erij_Mazouz_4DS8_churn_ml_project/venv/lib/python3.8/site-packages/airflow/example_dags/example_xcom.py
[2025-03-07T00:03:03.747+0100] {logging_mixin.py:190} INFO - [2025-03-07T00:03:03.746+0100] {dag.py:3239} INFO - Sync 1 DAGs
[2025-03-07T00:03:03.762+0100] {logging_mixin.py:190} INFO - [2025-03-07T00:03:03.762+0100] {dag.py:4180} INFO - Setting next_dagrun for example_xcom to 2021-01-01 00:00:00+00:00, run_after=2021-01-01 00:00:00+00:00
[2025-03-07T00:03:03.780+0100] {processor.py:208} INFO - Processing /home/erij/Erij_Mazouz_4DS8_churn_ml_project/venv/lib/python3.8/site-packages/airflow/example_dags/example_xcom.py took 0.064 seconds
