[2025-03-06T23:39:10.665+0100] {processor.py:186} INFO - Started process (PID=55908) to work on /home/erij/Erij_Mazouz_4DS8_churn_ml_project/venv/lib/python3.8/site-packages/airflow/example_dags/example_sensor_decorator.py
[2025-03-06T23:39:10.666+0100] {processor.py:914} INFO - Processing file /home/erij/Erij_Mazouz_4DS8_churn_ml_project/venv/lib/python3.8/site-packages/airflow/example_dags/example_sensor_decorator.py for tasks to queue
[2025-03-06T23:39:10.668+0100] {logging_mixin.py:190} INFO - [2025-03-06T23:39:10.668+0100] {dagbag.py:588} INFO - Filling up the DagBag from /home/erij/Erij_Mazouz_4DS8_churn_ml_project/venv/lib/python3.8/site-packages/airflow/example_dags/example_sensor_decorator.py
[2025-03-06T23:39:10.675+0100] {processor.py:925} INFO - DAG(s) 'example_sensor_decorator' retrieved from /home/erij/Erij_Mazouz_4DS8_churn_ml_project/venv/lib/python3.8/site-packages/airflow/example_dags/example_sensor_decorator.py
[2025-03-06T23:39:10.689+0100] {logging_mixin.py:190} INFO - [2025-03-06T23:39:10.689+0100] {dag.py:3239} INFO - Sync 1 DAGs
[2025-03-06T23:39:10.699+0100] {logging_mixin.py:190} INFO - [2025-03-06T23:39:10.699+0100] {dag.py:4180} INFO - Setting next_dagrun for example_sensor_decorator to None, run_after=None
[2025-03-06T23:39:10.719+0100] {processor.py:208} INFO - Processing /home/erij/Erij_Mazouz_4DS8_churn_ml_project/venv/lib/python3.8/site-packages/airflow/example_dags/example_sensor_decorator.py took 0.060 seconds
[2025-03-06T23:40:37.530+0100] {processor.py:186} INFO - Started process (PID=56491) to work on /home/erij/Erij_Mazouz_4DS8_churn_ml_project/venv/lib/python3.8/site-packages/airflow/example_dags/example_sensor_decorator.py
[2025-03-06T23:40:37.532+0100] {processor.py:914} INFO - Processing file /home/erij/Erij_Mazouz_4DS8_churn_ml_project/venv/lib/python3.8/site-packages/airflow/example_dags/example_sensor_decorator.py for tasks to queue
[2025-03-06T23:40:37.534+0100] {logging_mixin.py:190} INFO - [2025-03-06T23:40:37.534+0100] {dagbag.py:588} INFO - Filling up the DagBag from /home/erij/Erij_Mazouz_4DS8_churn_ml_project/venv/lib/python3.8/site-packages/airflow/example_dags/example_sensor_decorator.py
[2025-03-06T23:40:37.540+0100] {processor.py:925} INFO - DAG(s) 'example_sensor_decorator' retrieved from /home/erij/Erij_Mazouz_4DS8_churn_ml_project/venv/lib/python3.8/site-packages/airflow/example_dags/example_sensor_decorator.py
[2025-03-06T23:40:37.551+0100] {logging_mixin.py:190} INFO - [2025-03-06T23:40:37.551+0100] {dag.py:3239} INFO - Sync 1 DAGs
[2025-03-06T23:40:37.561+0100] {logging_mixin.py:190} INFO - [2025-03-06T23:40:37.561+0100] {dag.py:4180} INFO - Setting next_dagrun for example_sensor_decorator to None, run_after=None
[2025-03-06T23:40:37.579+0100] {processor.py:208} INFO - Processing /home/erij/Erij_Mazouz_4DS8_churn_ml_project/venv/lib/python3.8/site-packages/airflow/example_dags/example_sensor_decorator.py took 0.053 seconds
[2025-03-06T23:41:22.541+0100] {processor.py:186} INFO - Started process (PID=56592) to work on /home/erij/Erij_Mazouz_4DS8_churn_ml_project/venv/lib/python3.8/site-packages/airflow/example_dags/example_sensor_decorator.py
[2025-03-06T23:41:22.543+0100] {processor.py:914} INFO - Processing file /home/erij/Erij_Mazouz_4DS8_churn_ml_project/venv/lib/python3.8/site-packages/airflow/example_dags/example_sensor_decorator.py for tasks to queue
[2025-03-06T23:41:22.545+0100] {logging_mixin.py:190} INFO - [2025-03-06T23:41:22.545+0100] {dagbag.py:588} INFO - Filling up the DagBag from /home/erij/Erij_Mazouz_4DS8_churn_ml_project/venv/lib/python3.8/site-packages/airflow/example_dags/example_sensor_decorator.py
[2025-03-06T23:41:22.551+0100] {processor.py:925} INFO - DAG(s) 'example_sensor_decorator' retrieved from /home/erij/Erij_Mazouz_4DS8_churn_ml_project/venv/lib/python3.8/site-packages/airflow/example_dags/example_sensor_decorator.py
[2025-03-06T23:41:22.563+0100] {logging_mixin.py:190} INFO - [2025-03-06T23:41:22.563+0100] {dag.py:3239} INFO - Sync 1 DAGs
[2025-03-06T23:41:22.573+0100] {logging_mixin.py:190} INFO - [2025-03-06T23:41:22.573+0100] {dag.py:4180} INFO - Setting next_dagrun for example_sensor_decorator to None, run_after=None
[2025-03-06T23:41:22.592+0100] {processor.py:208} INFO - Processing /home/erij/Erij_Mazouz_4DS8_churn_ml_project/venv/lib/python3.8/site-packages/airflow/example_dags/example_sensor_decorator.py took 0.056 seconds
[2025-03-06T23:42:19.100+0100] {processor.py:186} INFO - Started process (PID=56735) to work on /home/erij/Erij_Mazouz_4DS8_churn_ml_project/venv/lib/python3.8/site-packages/airflow/example_dags/example_sensor_decorator.py
[2025-03-06T23:42:19.101+0100] {processor.py:914} INFO - Processing file /home/erij/Erij_Mazouz_4DS8_churn_ml_project/venv/lib/python3.8/site-packages/airflow/example_dags/example_sensor_decorator.py for tasks to queue
[2025-03-06T23:42:19.104+0100] {logging_mixin.py:190} INFO - [2025-03-06T23:42:19.103+0100] {dagbag.py:588} INFO - Filling up the DagBag from /home/erij/Erij_Mazouz_4DS8_churn_ml_project/venv/lib/python3.8/site-packages/airflow/example_dags/example_sensor_decorator.py
[2025-03-06T23:42:19.110+0100] {processor.py:925} INFO - DAG(s) 'example_sensor_decorator' retrieved from /home/erij/Erij_Mazouz_4DS8_churn_ml_project/venv/lib/python3.8/site-packages/airflow/example_dags/example_sensor_decorator.py
[2025-03-06T23:42:19.123+0100] {logging_mixin.py:190} INFO - [2025-03-06T23:42:19.123+0100] {dag.py:3239} INFO - Sync 1 DAGs
[2025-03-06T23:42:19.135+0100] {logging_mixin.py:190} INFO - [2025-03-06T23:42:19.135+0100] {dag.py:4180} INFO - Setting next_dagrun for example_sensor_decorator to None, run_after=None
[2025-03-06T23:42:19.154+0100] {processor.py:208} INFO - Processing /home/erij/Erij_Mazouz_4DS8_churn_ml_project/venv/lib/python3.8/site-packages/airflow/example_dags/example_sensor_decorator.py took 0.060 seconds
[2025-03-06T23:43:11.573+0100] {processor.py:186} INFO - Started process (PID=56851) to work on /home/erij/Erij_Mazouz_4DS8_churn_ml_project/venv/lib/python3.8/site-packages/airflow/example_dags/example_sensor_decorator.py
[2025-03-06T23:43:11.575+0100] {processor.py:914} INFO - Processing file /home/erij/Erij_Mazouz_4DS8_churn_ml_project/venv/lib/python3.8/site-packages/airflow/example_dags/example_sensor_decorator.py for tasks to queue
[2025-03-06T23:43:11.577+0100] {logging_mixin.py:190} INFO - [2025-03-06T23:43:11.576+0100] {dagbag.py:588} INFO - Filling up the DagBag from /home/erij/Erij_Mazouz_4DS8_churn_ml_project/venv/lib/python3.8/site-packages/airflow/example_dags/example_sensor_decorator.py
[2025-03-06T23:43:11.584+0100] {processor.py:925} INFO - DAG(s) 'example_sensor_decorator' retrieved from /home/erij/Erij_Mazouz_4DS8_churn_ml_project/venv/lib/python3.8/site-packages/airflow/example_dags/example_sensor_decorator.py
[2025-03-06T23:43:11.596+0100] {logging_mixin.py:190} INFO - [2025-03-06T23:43:11.596+0100] {dag.py:3239} INFO - Sync 1 DAGs
[2025-03-06T23:43:11.608+0100] {logging_mixin.py:190} INFO - [2025-03-06T23:43:11.608+0100] {dag.py:4180} INFO - Setting next_dagrun for example_sensor_decorator to None, run_after=None
[2025-03-06T23:43:11.626+0100] {processor.py:208} INFO - Processing /home/erij/Erij_Mazouz_4DS8_churn_ml_project/venv/lib/python3.8/site-packages/airflow/example_dags/example_sensor_decorator.py took 0.061 seconds
[2025-03-06T23:44:05.244+0100] {processor.py:186} INFO - Started process (PID=56973) to work on /home/erij/Erij_Mazouz_4DS8_churn_ml_project/venv/lib/python3.8/site-packages/airflow/example_dags/example_sensor_decorator.py
[2025-03-06T23:44:05.246+0100] {processor.py:914} INFO - Processing file /home/erij/Erij_Mazouz_4DS8_churn_ml_project/venv/lib/python3.8/site-packages/airflow/example_dags/example_sensor_decorator.py for tasks to queue
[2025-03-06T23:44:05.248+0100] {logging_mixin.py:190} INFO - [2025-03-06T23:44:05.247+0100] {dagbag.py:588} INFO - Filling up the DagBag from /home/erij/Erij_Mazouz_4DS8_churn_ml_project/venv/lib/python3.8/site-packages/airflow/example_dags/example_sensor_decorator.py
[2025-03-06T23:44:05.255+0100] {processor.py:925} INFO - DAG(s) 'example_sensor_decorator' retrieved from /home/erij/Erij_Mazouz_4DS8_churn_ml_project/venv/lib/python3.8/site-packages/airflow/example_dags/example_sensor_decorator.py
[2025-03-06T23:44:05.266+0100] {logging_mixin.py:190} INFO - [2025-03-06T23:44:05.266+0100] {dag.py:3239} INFO - Sync 1 DAGs
[2025-03-06T23:44:05.277+0100] {logging_mixin.py:190} INFO - [2025-03-06T23:44:05.277+0100] {dag.py:4180} INFO - Setting next_dagrun for example_sensor_decorator to None, run_after=None
[2025-03-06T23:44:05.294+0100] {processor.py:208} INFO - Processing /home/erij/Erij_Mazouz_4DS8_churn_ml_project/venv/lib/python3.8/site-packages/airflow/example_dags/example_sensor_decorator.py took 0.056 seconds
[2025-03-06T23:44:58.456+0100] {processor.py:186} INFO - Started process (PID=57124) to work on /home/erij/Erij_Mazouz_4DS8_churn_ml_project/venv/lib/python3.8/site-packages/airflow/example_dags/example_sensor_decorator.py
[2025-03-06T23:44:58.461+0100] {processor.py:914} INFO - Processing file /home/erij/Erij_Mazouz_4DS8_churn_ml_project/venv/lib/python3.8/site-packages/airflow/example_dags/example_sensor_decorator.py for tasks to queue
[2025-03-06T23:44:58.463+0100] {logging_mixin.py:190} INFO - [2025-03-06T23:44:58.463+0100] {dagbag.py:588} INFO - Filling up the DagBag from /home/erij/Erij_Mazouz_4DS8_churn_ml_project/venv/lib/python3.8/site-packages/airflow/example_dags/example_sensor_decorator.py
[2025-03-06T23:44:58.470+0100] {processor.py:925} INFO - DAG(s) 'example_sensor_decorator' retrieved from /home/erij/Erij_Mazouz_4DS8_churn_ml_project/venv/lib/python3.8/site-packages/airflow/example_dags/example_sensor_decorator.py
[2025-03-06T23:44:58.481+0100] {logging_mixin.py:190} INFO - [2025-03-06T23:44:58.481+0100] {dag.py:3239} INFO - Sync 1 DAGs
[2025-03-06T23:44:58.491+0100] {logging_mixin.py:190} INFO - [2025-03-06T23:44:58.491+0100] {dag.py:4180} INFO - Setting next_dagrun for example_sensor_decorator to None, run_after=None
[2025-03-06T23:44:58.516+0100] {processor.py:208} INFO - Processing /home/erij/Erij_Mazouz_4DS8_churn_ml_project/venv/lib/python3.8/site-packages/airflow/example_dags/example_sensor_decorator.py took 0.064 seconds
[2025-03-06T23:45:56.252+0100] {processor.py:186} INFO - Started process (PID=57247) to work on /home/erij/Erij_Mazouz_4DS8_churn_ml_project/venv/lib/python3.8/site-packages/airflow/example_dags/example_sensor_decorator.py
[2025-03-06T23:45:56.254+0100] {processor.py:914} INFO - Processing file /home/erij/Erij_Mazouz_4DS8_churn_ml_project/venv/lib/python3.8/site-packages/airflow/example_dags/example_sensor_decorator.py for tasks to queue
[2025-03-06T23:45:56.256+0100] {logging_mixin.py:190} INFO - [2025-03-06T23:45:56.256+0100] {dagbag.py:588} INFO - Filling up the DagBag from /home/erij/Erij_Mazouz_4DS8_churn_ml_project/venv/lib/python3.8/site-packages/airflow/example_dags/example_sensor_decorator.py
[2025-03-06T23:45:56.263+0100] {processor.py:925} INFO - DAG(s) 'example_sensor_decorator' retrieved from /home/erij/Erij_Mazouz_4DS8_churn_ml_project/venv/lib/python3.8/site-packages/airflow/example_dags/example_sensor_decorator.py
[2025-03-06T23:45:56.276+0100] {logging_mixin.py:190} INFO - [2025-03-06T23:45:56.276+0100] {dag.py:3239} INFO - Sync 1 DAGs
[2025-03-06T23:45:56.287+0100] {logging_mixin.py:190} INFO - [2025-03-06T23:45:56.287+0100] {dag.py:4180} INFO - Setting next_dagrun for example_sensor_decorator to None, run_after=None
[2025-03-06T23:45:56.313+0100] {processor.py:208} INFO - Processing /home/erij/Erij_Mazouz_4DS8_churn_ml_project/venv/lib/python3.8/site-packages/airflow/example_dags/example_sensor_decorator.py took 0.066 seconds
[2025-03-06T23:46:53.523+0100] {processor.py:186} INFO - Started process (PID=57359) to work on /home/erij/Erij_Mazouz_4DS8_churn_ml_project/venv/lib/python3.8/site-packages/airflow/example_dags/example_sensor_decorator.py
[2025-03-06T23:46:53.525+0100] {processor.py:914} INFO - Processing file /home/erij/Erij_Mazouz_4DS8_churn_ml_project/venv/lib/python3.8/site-packages/airflow/example_dags/example_sensor_decorator.py for tasks to queue
[2025-03-06T23:46:53.527+0100] {logging_mixin.py:190} INFO - [2025-03-06T23:46:53.526+0100] {dagbag.py:588} INFO - Filling up the DagBag from /home/erij/Erij_Mazouz_4DS8_churn_ml_project/venv/lib/python3.8/site-packages/airflow/example_dags/example_sensor_decorator.py
[2025-03-06T23:46:53.533+0100] {processor.py:925} INFO - DAG(s) 'example_sensor_decorator' retrieved from /home/erij/Erij_Mazouz_4DS8_churn_ml_project/venv/lib/python3.8/site-packages/airflow/example_dags/example_sensor_decorator.py
[2025-03-06T23:46:53.544+0100] {logging_mixin.py:190} INFO - [2025-03-06T23:46:53.544+0100] {dag.py:3239} INFO - Sync 1 DAGs
[2025-03-06T23:46:53.556+0100] {logging_mixin.py:190} INFO - [2025-03-06T23:46:53.556+0100] {dag.py:4180} INFO - Setting next_dagrun for example_sensor_decorator to None, run_after=None
[2025-03-06T23:46:53.575+0100] {processor.py:208} INFO - Processing /home/erij/Erij_Mazouz_4DS8_churn_ml_project/venv/lib/python3.8/site-packages/airflow/example_dags/example_sensor_decorator.py took 0.057 seconds
[2025-03-06T23:47:47.842+0100] {processor.py:186} INFO - Started process (PID=57475) to work on /home/erij/Erij_Mazouz_4DS8_churn_ml_project/venv/lib/python3.8/site-packages/airflow/example_dags/example_sensor_decorator.py
[2025-03-06T23:47:47.845+0100] {processor.py:914} INFO - Processing file /home/erij/Erij_Mazouz_4DS8_churn_ml_project/venv/lib/python3.8/site-packages/airflow/example_dags/example_sensor_decorator.py for tasks to queue
[2025-03-06T23:47:47.847+0100] {logging_mixin.py:190} INFO - [2025-03-06T23:47:47.846+0100] {dagbag.py:588} INFO - Filling up the DagBag from /home/erij/Erij_Mazouz_4DS8_churn_ml_project/venv/lib/python3.8/site-packages/airflow/example_dags/example_sensor_decorator.py
[2025-03-06T23:47:47.853+0100] {processor.py:925} INFO - DAG(s) 'example_sensor_decorator' retrieved from /home/erij/Erij_Mazouz_4DS8_churn_ml_project/venv/lib/python3.8/site-packages/airflow/example_dags/example_sensor_decorator.py
[2025-03-06T23:47:47.865+0100] {logging_mixin.py:190} INFO - [2025-03-06T23:47:47.865+0100] {dag.py:3239} INFO - Sync 1 DAGs
[2025-03-06T23:47:47.877+0100] {logging_mixin.py:190} INFO - [2025-03-06T23:47:47.877+0100] {dag.py:4180} INFO - Setting next_dagrun for example_sensor_decorator to None, run_after=None
[2025-03-06T23:47:47.895+0100] {processor.py:208} INFO - Processing /home/erij/Erij_Mazouz_4DS8_churn_ml_project/venv/lib/python3.8/site-packages/airflow/example_dags/example_sensor_decorator.py took 0.057 seconds
[2025-03-06T23:48:45.707+0100] {processor.py:186} INFO - Started process (PID=57593) to work on /home/erij/Erij_Mazouz_4DS8_churn_ml_project/venv/lib/python3.8/site-packages/airflow/example_dags/example_sensor_decorator.py
[2025-03-06T23:48:45.709+0100] {processor.py:914} INFO - Processing file /home/erij/Erij_Mazouz_4DS8_churn_ml_project/venv/lib/python3.8/site-packages/airflow/example_dags/example_sensor_decorator.py for tasks to queue
[2025-03-06T23:48:45.711+0100] {logging_mixin.py:190} INFO - [2025-03-06T23:48:45.710+0100] {dagbag.py:588} INFO - Filling up the DagBag from /home/erij/Erij_Mazouz_4DS8_churn_ml_project/venv/lib/python3.8/site-packages/airflow/example_dags/example_sensor_decorator.py
[2025-03-06T23:48:45.718+0100] {processor.py:925} INFO - DAG(s) 'example_sensor_decorator' retrieved from /home/erij/Erij_Mazouz_4DS8_churn_ml_project/venv/lib/python3.8/site-packages/airflow/example_dags/example_sensor_decorator.py
[2025-03-06T23:48:45.730+0100] {logging_mixin.py:190} INFO - [2025-03-06T23:48:45.729+0100] {dag.py:3239} INFO - Sync 1 DAGs
[2025-03-06T23:48:45.740+0100] {logging_mixin.py:190} INFO - [2025-03-06T23:48:45.740+0100] {dag.py:4180} INFO - Setting next_dagrun for example_sensor_decorator to None, run_after=None
[2025-03-06T23:48:45.758+0100] {processor.py:208} INFO - Processing /home/erij/Erij_Mazouz_4DS8_churn_ml_project/venv/lib/python3.8/site-packages/airflow/example_dags/example_sensor_decorator.py took 0.056 seconds
[2025-03-06T23:49:42.171+0100] {processor.py:186} INFO - Started process (PID=57702) to work on /home/erij/Erij_Mazouz_4DS8_churn_ml_project/venv/lib/python3.8/site-packages/airflow/example_dags/example_sensor_decorator.py
[2025-03-06T23:49:42.173+0100] {processor.py:914} INFO - Processing file /home/erij/Erij_Mazouz_4DS8_churn_ml_project/venv/lib/python3.8/site-packages/airflow/example_dags/example_sensor_decorator.py for tasks to queue
[2025-03-06T23:49:42.175+0100] {logging_mixin.py:190} INFO - [2025-03-06T23:49:42.174+0100] {dagbag.py:588} INFO - Filling up the DagBag from /home/erij/Erij_Mazouz_4DS8_churn_ml_project/venv/lib/python3.8/site-packages/airflow/example_dags/example_sensor_decorator.py
[2025-03-06T23:49:42.183+0100] {processor.py:925} INFO - DAG(s) 'example_sensor_decorator' retrieved from /home/erij/Erij_Mazouz_4DS8_churn_ml_project/venv/lib/python3.8/site-packages/airflow/example_dags/example_sensor_decorator.py
[2025-03-06T23:49:42.196+0100] {logging_mixin.py:190} INFO - [2025-03-06T23:49:42.196+0100] {dag.py:3239} INFO - Sync 1 DAGs
[2025-03-06T23:49:42.210+0100] {logging_mixin.py:190} INFO - [2025-03-06T23:49:42.210+0100] {dag.py:4180} INFO - Setting next_dagrun for example_sensor_decorator to None, run_after=None
[2025-03-06T23:49:42.228+0100] {processor.py:208} INFO - Processing /home/erij/Erij_Mazouz_4DS8_churn_ml_project/venv/lib/python3.8/site-packages/airflow/example_dags/example_sensor_decorator.py took 0.064 seconds
[2025-03-06T23:50:36.418+0100] {processor.py:186} INFO - Started process (PID=57817) to work on /home/erij/Erij_Mazouz_4DS8_churn_ml_project/venv/lib/python3.8/site-packages/airflow/example_dags/example_sensor_decorator.py
[2025-03-06T23:50:36.419+0100] {processor.py:914} INFO - Processing file /home/erij/Erij_Mazouz_4DS8_churn_ml_project/venv/lib/python3.8/site-packages/airflow/example_dags/example_sensor_decorator.py for tasks to queue
[2025-03-06T23:50:36.421+0100] {logging_mixin.py:190} INFO - [2025-03-06T23:50:36.421+0100] {dagbag.py:588} INFO - Filling up the DagBag from /home/erij/Erij_Mazouz_4DS8_churn_ml_project/venv/lib/python3.8/site-packages/airflow/example_dags/example_sensor_decorator.py
[2025-03-06T23:50:36.428+0100] {processor.py:925} INFO - DAG(s) 'example_sensor_decorator' retrieved from /home/erij/Erij_Mazouz_4DS8_churn_ml_project/venv/lib/python3.8/site-packages/airflow/example_dags/example_sensor_decorator.py
[2025-03-06T23:50:36.440+0100] {logging_mixin.py:190} INFO - [2025-03-06T23:50:36.440+0100] {dag.py:3239} INFO - Sync 1 DAGs
[2025-03-06T23:50:36.451+0100] {logging_mixin.py:190} INFO - [2025-03-06T23:50:36.451+0100] {dag.py:4180} INFO - Setting next_dagrun for example_sensor_decorator to None, run_after=None
[2025-03-06T23:50:36.468+0100] {processor.py:208} INFO - Processing /home/erij/Erij_Mazouz_4DS8_churn_ml_project/venv/lib/python3.8/site-packages/airflow/example_dags/example_sensor_decorator.py took 0.055 seconds
[2025-03-06T23:51:32.214+0100] {processor.py:186} INFO - Started process (PID=57925) to work on /home/erij/Erij_Mazouz_4DS8_churn_ml_project/venv/lib/python3.8/site-packages/airflow/example_dags/example_sensor_decorator.py
[2025-03-06T23:51:32.216+0100] {processor.py:914} INFO - Processing file /home/erij/Erij_Mazouz_4DS8_churn_ml_project/venv/lib/python3.8/site-packages/airflow/example_dags/example_sensor_decorator.py for tasks to queue
[2025-03-06T23:51:32.218+0100] {logging_mixin.py:190} INFO - [2025-03-06T23:51:32.218+0100] {dagbag.py:588} INFO - Filling up the DagBag from /home/erij/Erij_Mazouz_4DS8_churn_ml_project/venv/lib/python3.8/site-packages/airflow/example_dags/example_sensor_decorator.py
[2025-03-06T23:51:32.225+0100] {processor.py:925} INFO - DAG(s) 'example_sensor_decorator' retrieved from /home/erij/Erij_Mazouz_4DS8_churn_ml_project/venv/lib/python3.8/site-packages/airflow/example_dags/example_sensor_decorator.py
[2025-03-06T23:51:32.237+0100] {logging_mixin.py:190} INFO - [2025-03-06T23:51:32.237+0100] {dag.py:3239} INFO - Sync 1 DAGs
[2025-03-06T23:51:32.248+0100] {logging_mixin.py:190} INFO - [2025-03-06T23:51:32.248+0100] {dag.py:4180} INFO - Setting next_dagrun for example_sensor_decorator to None, run_after=None
[2025-03-06T23:51:32.264+0100] {processor.py:208} INFO - Processing /home/erij/Erij_Mazouz_4DS8_churn_ml_project/venv/lib/python3.8/site-packages/airflow/example_dags/example_sensor_decorator.py took 0.054 seconds
[2025-03-06T23:52:27.630+0100] {processor.py:186} INFO - Started process (PID=58044) to work on /home/erij/Erij_Mazouz_4DS8_churn_ml_project/venv/lib/python3.8/site-packages/airflow/example_dags/example_sensor_decorator.py
[2025-03-06T23:52:27.632+0100] {processor.py:914} INFO - Processing file /home/erij/Erij_Mazouz_4DS8_churn_ml_project/venv/lib/python3.8/site-packages/airflow/example_dags/example_sensor_decorator.py for tasks to queue
[2025-03-06T23:52:27.634+0100] {logging_mixin.py:190} INFO - [2025-03-06T23:52:27.633+0100] {dagbag.py:588} INFO - Filling up the DagBag from /home/erij/Erij_Mazouz_4DS8_churn_ml_project/venv/lib/python3.8/site-packages/airflow/example_dags/example_sensor_decorator.py
[2025-03-06T23:52:27.642+0100] {processor.py:925} INFO - DAG(s) 'example_sensor_decorator' retrieved from /home/erij/Erij_Mazouz_4DS8_churn_ml_project/venv/lib/python3.8/site-packages/airflow/example_dags/example_sensor_decorator.py
[2025-03-06T23:52:27.654+0100] {logging_mixin.py:190} INFO - [2025-03-06T23:52:27.653+0100] {dag.py:3239} INFO - Sync 1 DAGs
[2025-03-06T23:52:27.664+0100] {logging_mixin.py:190} INFO - [2025-03-06T23:52:27.664+0100] {dag.py:4180} INFO - Setting next_dagrun for example_sensor_decorator to None, run_after=None
[2025-03-06T23:52:27.683+0100] {processor.py:208} INFO - Processing /home/erij/Erij_Mazouz_4DS8_churn_ml_project/venv/lib/python3.8/site-packages/airflow/example_dags/example_sensor_decorator.py took 0.058 seconds
[2025-03-06T23:53:24.849+0100] {processor.py:186} INFO - Started process (PID=58160) to work on /home/erij/Erij_Mazouz_4DS8_churn_ml_project/venv/lib/python3.8/site-packages/airflow/example_dags/example_sensor_decorator.py
[2025-03-06T23:53:24.851+0100] {processor.py:914} INFO - Processing file /home/erij/Erij_Mazouz_4DS8_churn_ml_project/venv/lib/python3.8/site-packages/airflow/example_dags/example_sensor_decorator.py for tasks to queue
[2025-03-06T23:53:24.853+0100] {logging_mixin.py:190} INFO - [2025-03-06T23:53:24.852+0100] {dagbag.py:588} INFO - Filling up the DagBag from /home/erij/Erij_Mazouz_4DS8_churn_ml_project/venv/lib/python3.8/site-packages/airflow/example_dags/example_sensor_decorator.py
[2025-03-06T23:53:24.860+0100] {processor.py:925} INFO - DAG(s) 'example_sensor_decorator' retrieved from /home/erij/Erij_Mazouz_4DS8_churn_ml_project/venv/lib/python3.8/site-packages/airflow/example_dags/example_sensor_decorator.py
[2025-03-06T23:53:24.871+0100] {logging_mixin.py:190} INFO - [2025-03-06T23:53:24.871+0100] {dag.py:3239} INFO - Sync 1 DAGs
[2025-03-06T23:53:24.882+0100] {logging_mixin.py:190} INFO - [2025-03-06T23:53:24.882+0100] {dag.py:4180} INFO - Setting next_dagrun for example_sensor_decorator to None, run_after=None
[2025-03-06T23:53:24.899+0100] {processor.py:208} INFO - Processing /home/erij/Erij_Mazouz_4DS8_churn_ml_project/venv/lib/python3.8/site-packages/airflow/example_dags/example_sensor_decorator.py took 0.055 seconds
[2025-03-06T23:54:23.301+0100] {processor.py:186} INFO - Started process (PID=58533) to work on /home/erij/Erij_Mazouz_4DS8_churn_ml_project/venv/lib/python3.8/site-packages/airflow/example_dags/example_sensor_decorator.py
[2025-03-06T23:54:23.303+0100] {processor.py:914} INFO - Processing file /home/erij/Erij_Mazouz_4DS8_churn_ml_project/venv/lib/python3.8/site-packages/airflow/example_dags/example_sensor_decorator.py for tasks to queue
[2025-03-06T23:54:23.305+0100] {logging_mixin.py:190} INFO - [2025-03-06T23:54:23.305+0100] {dagbag.py:588} INFO - Filling up the DagBag from /home/erij/Erij_Mazouz_4DS8_churn_ml_project/venv/lib/python3.8/site-packages/airflow/example_dags/example_sensor_decorator.py
[2025-03-06T23:54:23.312+0100] {processor.py:925} INFO - DAG(s) 'example_sensor_decorator' retrieved from /home/erij/Erij_Mazouz_4DS8_churn_ml_project/venv/lib/python3.8/site-packages/airflow/example_dags/example_sensor_decorator.py
[2025-03-06T23:54:23.324+0100] {logging_mixin.py:190} INFO - [2025-03-06T23:54:23.324+0100] {dag.py:3239} INFO - Sync 1 DAGs
[2025-03-06T23:54:23.335+0100] {logging_mixin.py:190} INFO - [2025-03-06T23:54:23.335+0100] {dag.py:4180} INFO - Setting next_dagrun for example_sensor_decorator to None, run_after=None
[2025-03-06T23:54:23.355+0100] {processor.py:208} INFO - Processing /home/erij/Erij_Mazouz_4DS8_churn_ml_project/venv/lib/python3.8/site-packages/airflow/example_dags/example_sensor_decorator.py took 0.058 seconds
[2025-03-06T23:55:20.509+0100] {processor.py:186} INFO - Started process (PID=59022) to work on /home/erij/Erij_Mazouz_4DS8_churn_ml_project/venv/lib/python3.8/site-packages/airflow/example_dags/example_sensor_decorator.py
[2025-03-06T23:55:20.511+0100] {processor.py:914} INFO - Processing file /home/erij/Erij_Mazouz_4DS8_churn_ml_project/venv/lib/python3.8/site-packages/airflow/example_dags/example_sensor_decorator.py for tasks to queue
[2025-03-06T23:55:20.513+0100] {logging_mixin.py:190} INFO - [2025-03-06T23:55:20.512+0100] {dagbag.py:588} INFO - Filling up the DagBag from /home/erij/Erij_Mazouz_4DS8_churn_ml_project/venv/lib/python3.8/site-packages/airflow/example_dags/example_sensor_decorator.py
[2025-03-06T23:55:20.519+0100] {processor.py:925} INFO - DAG(s) 'example_sensor_decorator' retrieved from /home/erij/Erij_Mazouz_4DS8_churn_ml_project/venv/lib/python3.8/site-packages/airflow/example_dags/example_sensor_decorator.py
[2025-03-06T23:55:20.532+0100] {logging_mixin.py:190} INFO - [2025-03-06T23:55:20.532+0100] {dag.py:3239} INFO - Sync 1 DAGs
[2025-03-06T23:55:20.544+0100] {logging_mixin.py:190} INFO - [2025-03-06T23:55:20.543+0100] {dag.py:4180} INFO - Setting next_dagrun for example_sensor_decorator to None, run_after=None
[2025-03-06T23:55:20.560+0100] {processor.py:208} INFO - Processing /home/erij/Erij_Mazouz_4DS8_churn_ml_project/venv/lib/python3.8/site-packages/airflow/example_dags/example_sensor_decorator.py took 0.057 seconds
[2025-03-06T23:56:18.776+0100] {processor.py:186} INFO - Started process (PID=59226) to work on /home/erij/Erij_Mazouz_4DS8_churn_ml_project/venv/lib/python3.8/site-packages/airflow/example_dags/example_sensor_decorator.py
[2025-03-06T23:56:18.778+0100] {processor.py:914} INFO - Processing file /home/erij/Erij_Mazouz_4DS8_churn_ml_project/venv/lib/python3.8/site-packages/airflow/example_dags/example_sensor_decorator.py for tasks to queue
[2025-03-06T23:56:18.780+0100] {logging_mixin.py:190} INFO - [2025-03-06T23:56:18.780+0100] {dagbag.py:588} INFO - Filling up the DagBag from /home/erij/Erij_Mazouz_4DS8_churn_ml_project/venv/lib/python3.8/site-packages/airflow/example_dags/example_sensor_decorator.py
[2025-03-06T23:56:18.787+0100] {processor.py:925} INFO - DAG(s) 'example_sensor_decorator' retrieved from /home/erij/Erij_Mazouz_4DS8_churn_ml_project/venv/lib/python3.8/site-packages/airflow/example_dags/example_sensor_decorator.py
[2025-03-06T23:56:18.798+0100] {logging_mixin.py:190} INFO - [2025-03-06T23:56:18.797+0100] {dag.py:3239} INFO - Sync 1 DAGs
[2025-03-06T23:56:18.808+0100] {logging_mixin.py:190} INFO - [2025-03-06T23:56:18.808+0100] {dag.py:4180} INFO - Setting next_dagrun for example_sensor_decorator to None, run_after=None
[2025-03-06T23:56:18.825+0100] {processor.py:208} INFO - Processing /home/erij/Erij_Mazouz_4DS8_churn_ml_project/venv/lib/python3.8/site-packages/airflow/example_dags/example_sensor_decorator.py took 0.054 seconds
[2025-03-06T23:57:14.464+0100] {processor.py:186} INFO - Started process (PID=59356) to work on /home/erij/Erij_Mazouz_4DS8_churn_ml_project/venv/lib/python3.8/site-packages/airflow/example_dags/example_sensor_decorator.py
[2025-03-06T23:57:14.466+0100] {processor.py:914} INFO - Processing file /home/erij/Erij_Mazouz_4DS8_churn_ml_project/venv/lib/python3.8/site-packages/airflow/example_dags/example_sensor_decorator.py for tasks to queue
[2025-03-06T23:57:14.468+0100] {logging_mixin.py:190} INFO - [2025-03-06T23:57:14.468+0100] {dagbag.py:588} INFO - Filling up the DagBag from /home/erij/Erij_Mazouz_4DS8_churn_ml_project/venv/lib/python3.8/site-packages/airflow/example_dags/example_sensor_decorator.py
[2025-03-06T23:57:14.475+0100] {processor.py:925} INFO - DAG(s) 'example_sensor_decorator' retrieved from /home/erij/Erij_Mazouz_4DS8_churn_ml_project/venv/lib/python3.8/site-packages/airflow/example_dags/example_sensor_decorator.py
[2025-03-06T23:57:14.485+0100] {logging_mixin.py:190} INFO - [2025-03-06T23:57:14.485+0100] {dag.py:3239} INFO - Sync 1 DAGs
[2025-03-06T23:57:14.495+0100] {logging_mixin.py:190} INFO - [2025-03-06T23:57:14.495+0100] {dag.py:4180} INFO - Setting next_dagrun for example_sensor_decorator to None, run_after=None
[2025-03-06T23:57:14.513+0100] {processor.py:208} INFO - Processing /home/erij/Erij_Mazouz_4DS8_churn_ml_project/venv/lib/python3.8/site-packages/airflow/example_dags/example_sensor_decorator.py took 0.053 seconds
[2025-03-06T23:58:10.258+0100] {processor.py:186} INFO - Started process (PID=59492) to work on /home/erij/Erij_Mazouz_4DS8_churn_ml_project/venv/lib/python3.8/site-packages/airflow/example_dags/example_sensor_decorator.py
[2025-03-06T23:58:10.259+0100] {processor.py:914} INFO - Processing file /home/erij/Erij_Mazouz_4DS8_churn_ml_project/venv/lib/python3.8/site-packages/airflow/example_dags/example_sensor_decorator.py for tasks to queue
[2025-03-06T23:58:10.261+0100] {logging_mixin.py:190} INFO - [2025-03-06T23:58:10.261+0100] {dagbag.py:588} INFO - Filling up the DagBag from /home/erij/Erij_Mazouz_4DS8_churn_ml_project/venv/lib/python3.8/site-packages/airflow/example_dags/example_sensor_decorator.py
[2025-03-06T23:58:10.268+0100] {processor.py:925} INFO - DAG(s) 'example_sensor_decorator' retrieved from /home/erij/Erij_Mazouz_4DS8_churn_ml_project/venv/lib/python3.8/site-packages/airflow/example_dags/example_sensor_decorator.py
[2025-03-06T23:58:10.279+0100] {logging_mixin.py:190} INFO - [2025-03-06T23:58:10.279+0100] {dag.py:3239} INFO - Sync 1 DAGs
[2025-03-06T23:58:10.289+0100] {logging_mixin.py:190} INFO - [2025-03-06T23:58:10.289+0100] {dag.py:4180} INFO - Setting next_dagrun for example_sensor_decorator to None, run_after=None
[2025-03-06T23:58:10.307+0100] {processor.py:208} INFO - Processing /home/erij/Erij_Mazouz_4DS8_churn_ml_project/venv/lib/python3.8/site-packages/airflow/example_dags/example_sensor_decorator.py took 0.054 seconds
[2025-03-06T23:59:01.211+0100] {processor.py:186} INFO - Started process (PID=59637) to work on /home/erij/Erij_Mazouz_4DS8_churn_ml_project/venv/lib/python3.8/site-packages/airflow/example_dags/example_sensor_decorator.py
[2025-03-06T23:59:01.213+0100] {processor.py:914} INFO - Processing file /home/erij/Erij_Mazouz_4DS8_churn_ml_project/venv/lib/python3.8/site-packages/airflow/example_dags/example_sensor_decorator.py for tasks to queue
[2025-03-06T23:59:01.215+0100] {logging_mixin.py:190} INFO - [2025-03-06T23:59:01.215+0100] {dagbag.py:588} INFO - Filling up the DagBag from /home/erij/Erij_Mazouz_4DS8_churn_ml_project/venv/lib/python3.8/site-packages/airflow/example_dags/example_sensor_decorator.py
[2025-03-06T23:59:01.222+0100] {processor.py:925} INFO - DAG(s) 'example_sensor_decorator' retrieved from /home/erij/Erij_Mazouz_4DS8_churn_ml_project/venv/lib/python3.8/site-packages/airflow/example_dags/example_sensor_decorator.py
[2025-03-06T23:59:01.234+0100] {logging_mixin.py:190} INFO - [2025-03-06T23:59:01.234+0100] {dag.py:3239} INFO - Sync 1 DAGs
[2025-03-06T23:59:01.245+0100] {logging_mixin.py:190} INFO - [2025-03-06T23:59:01.245+0100] {dag.py:4180} INFO - Setting next_dagrun for example_sensor_decorator to None, run_after=None
[2025-03-06T23:59:01.265+0100] {processor.py:208} INFO - Processing /home/erij/Erij_Mazouz_4DS8_churn_ml_project/venv/lib/python3.8/site-packages/airflow/example_dags/example_sensor_decorator.py took 0.059 seconds
[2025-03-06T23:59:52.631+0100] {processor.py:186} INFO - Started process (PID=59780) to work on /home/erij/Erij_Mazouz_4DS8_churn_ml_project/venv/lib/python3.8/site-packages/airflow/example_dags/example_sensor_decorator.py
[2025-03-06T23:59:52.631+0100] {processor.py:914} INFO - Processing file /home/erij/Erij_Mazouz_4DS8_churn_ml_project/venv/lib/python3.8/site-packages/airflow/example_dags/example_sensor_decorator.py for tasks to queue
[2025-03-06T23:59:52.633+0100] {logging_mixin.py:190} INFO - [2025-03-06T23:59:52.633+0100] {dagbag.py:588} INFO - Filling up the DagBag from /home/erij/Erij_Mazouz_4DS8_churn_ml_project/venv/lib/python3.8/site-packages/airflow/example_dags/example_sensor_decorator.py
[2025-03-06T23:59:52.640+0100] {processor.py:925} INFO - DAG(s) 'example_sensor_decorator' retrieved from /home/erij/Erij_Mazouz_4DS8_churn_ml_project/venv/lib/python3.8/site-packages/airflow/example_dags/example_sensor_decorator.py
[2025-03-06T23:59:52.652+0100] {logging_mixin.py:190} INFO - [2025-03-06T23:59:52.652+0100] {dag.py:3239} INFO - Sync 1 DAGs
[2025-03-06T23:59:52.663+0100] {logging_mixin.py:190} INFO - [2025-03-06T23:59:52.663+0100] {dag.py:4180} INFO - Setting next_dagrun for example_sensor_decorator to None, run_after=None
[2025-03-06T23:59:52.679+0100] {processor.py:208} INFO - Processing /home/erij/Erij_Mazouz_4DS8_churn_ml_project/venv/lib/python3.8/site-packages/airflow/example_dags/example_sensor_decorator.py took 0.053 seconds
[2025-03-07T00:00:45.126+0100] {processor.py:186} INFO - Started process (PID=59984) to work on /home/erij/Erij_Mazouz_4DS8_churn_ml_project/venv/lib/python3.8/site-packages/airflow/example_dags/example_sensor_decorator.py
[2025-03-07T00:00:45.128+0100] {processor.py:914} INFO - Processing file /home/erij/Erij_Mazouz_4DS8_churn_ml_project/venv/lib/python3.8/site-packages/airflow/example_dags/example_sensor_decorator.py for tasks to queue
[2025-03-07T00:00:45.131+0100] {logging_mixin.py:190} INFO - [2025-03-07T00:00:45.130+0100] {dagbag.py:588} INFO - Filling up the DagBag from /home/erij/Erij_Mazouz_4DS8_churn_ml_project/venv/lib/python3.8/site-packages/airflow/example_dags/example_sensor_decorator.py
[2025-03-07T00:00:45.140+0100] {processor.py:925} INFO - DAG(s) 'example_sensor_decorator' retrieved from /home/erij/Erij_Mazouz_4DS8_churn_ml_project/venv/lib/python3.8/site-packages/airflow/example_dags/example_sensor_decorator.py
[2025-03-07T00:00:45.156+0100] {logging_mixin.py:190} INFO - [2025-03-07T00:00:45.156+0100] {dag.py:3239} INFO - Sync 1 DAGs
[2025-03-07T00:00:45.168+0100] {logging_mixin.py:190} INFO - [2025-03-07T00:00:45.168+0100] {dag.py:4180} INFO - Setting next_dagrun for example_sensor_decorator to None, run_after=None
[2025-03-07T00:00:45.186+0100] {processor.py:208} INFO - Processing /home/erij/Erij_Mazouz_4DS8_churn_ml_project/venv/lib/python3.8/site-packages/airflow/example_dags/example_sensor_decorator.py took 0.065 seconds
[2025-03-07T00:01:38.724+0100] {processor.py:186} INFO - Started process (PID=60143) to work on /home/erij/Erij_Mazouz_4DS8_churn_ml_project/venv/lib/python3.8/site-packages/airflow/example_dags/example_sensor_decorator.py
[2025-03-07T00:01:38.726+0100] {processor.py:914} INFO - Processing file /home/erij/Erij_Mazouz_4DS8_churn_ml_project/venv/lib/python3.8/site-packages/airflow/example_dags/example_sensor_decorator.py for tasks to queue
[2025-03-07T00:01:38.728+0100] {logging_mixin.py:190} INFO - [2025-03-07T00:01:38.728+0100] {dagbag.py:588} INFO - Filling up the DagBag from /home/erij/Erij_Mazouz_4DS8_churn_ml_project/venv/lib/python3.8/site-packages/airflow/example_dags/example_sensor_decorator.py
[2025-03-07T00:01:38.737+0100] {processor.py:925} INFO - DAG(s) 'example_sensor_decorator' retrieved from /home/erij/Erij_Mazouz_4DS8_churn_ml_project/venv/lib/python3.8/site-packages/airflow/example_dags/example_sensor_decorator.py
[2025-03-07T00:01:38.750+0100] {logging_mixin.py:190} INFO - [2025-03-07T00:01:38.750+0100] {dag.py:3239} INFO - Sync 1 DAGs
[2025-03-07T00:01:38.762+0100] {logging_mixin.py:190} INFO - [2025-03-07T00:01:38.762+0100] {dag.py:4180} INFO - Setting next_dagrun for example_sensor_decorator to None, run_after=None
[2025-03-07T00:01:38.781+0100] {processor.py:208} INFO - Processing /home/erij/Erij_Mazouz_4DS8_churn_ml_project/venv/lib/python3.8/site-packages/airflow/example_dags/example_sensor_decorator.py took 0.063 seconds
[2025-03-07T00:02:35.576+0100] {processor.py:186} INFO - Started process (PID=60360) to work on /home/erij/Erij_Mazouz_4DS8_churn_ml_project/venv/lib/python3.8/site-packages/airflow/example_dags/example_sensor_decorator.py
[2025-03-07T00:02:35.578+0100] {processor.py:914} INFO - Processing file /home/erij/Erij_Mazouz_4DS8_churn_ml_project/venv/lib/python3.8/site-packages/airflow/example_dags/example_sensor_decorator.py for tasks to queue
[2025-03-07T00:02:35.580+0100] {logging_mixin.py:190} INFO - [2025-03-07T00:02:35.580+0100] {dagbag.py:588} INFO - Filling up the DagBag from /home/erij/Erij_Mazouz_4DS8_churn_ml_project/venv/lib/python3.8/site-packages/airflow/example_dags/example_sensor_decorator.py
[2025-03-07T00:02:35.588+0100] {processor.py:925} INFO - DAG(s) 'example_sensor_decorator' retrieved from /home/erij/Erij_Mazouz_4DS8_churn_ml_project/venv/lib/python3.8/site-packages/airflow/example_dags/example_sensor_decorator.py
[2025-03-07T00:02:35.605+0100] {logging_mixin.py:190} INFO - [2025-03-07T00:02:35.605+0100] {dag.py:3239} INFO - Sync 1 DAGs
[2025-03-07T00:02:35.618+0100] {logging_mixin.py:190} INFO - [2025-03-07T00:02:35.618+0100] {dag.py:4180} INFO - Setting next_dagrun for example_sensor_decorator to None, run_after=None
[2025-03-07T00:02:35.640+0100] {processor.py:208} INFO - Processing /home/erij/Erij_Mazouz_4DS8_churn_ml_project/venv/lib/python3.8/site-packages/airflow/example_dags/example_sensor_decorator.py took 0.069 seconds
