[2025-03-06T23:40:11.806+0100] {processor.py:186} INFO - Started process (PID=56383) to work on /home/erij/Erij_Mazouz_4DS8_churn_ml_project/venv/lib/python3.8/site-packages/airflow/example_dags/example_sla_dag.py
[2025-03-06T23:40:11.807+0100] {processor.py:914} INFO - Processing file /home/erij/Erij_Mazouz_4DS8_churn_ml_project/venv/lib/python3.8/site-packages/airflow/example_dags/example_sla_dag.py for tasks to queue
[2025-03-06T23:40:11.809+0100] {logging_mixin.py:190} INFO - [2025-03-06T23:40:11.808+0100] {dagbag.py:588} INFO - Filling up the DagBag from /home/erij/Erij_Mazouz_4DS8_churn_ml_project/venv/lib/python3.8/site-packages/airflow/example_dags/example_sla_dag.py
[2025-03-06T23:40:11.819+0100] {processor.py:925} INFO - DAG(s) 'example_sla_dag' retrieved from /home/erij/Erij_Mazouz_4DS8_churn_ml_project/venv/lib/python3.8/site-packages/airflow/example_dags/example_sla_dag.py
[2025-03-06T23:40:11.832+0100] {logging_mixin.py:190} INFO - [2025-03-06T23:40:11.832+0100] {dag.py:3239} INFO - Sync 1 DAGs
[2025-03-06T23:40:11.855+0100] {logging_mixin.py:190} INFO - [2025-03-06T23:40:11.854+0100] {dag.py:4180} INFO - Setting next_dagrun for example_sla_dag to 2025-03-06 22:38:00+00:00, run_after=2025-03-06 22:40:00+00:00
[2025-03-06T23:40:11.873+0100] {processor.py:208} INFO - Processing /home/erij/Erij_Mazouz_4DS8_churn_ml_project/venv/lib/python3.8/site-packages/airflow/example_dags/example_sla_dag.py took 0.073 seconds
[2025-03-06T23:41:27.685+0100] {processor.py:186} INFO - Started process (PID=56608) to work on /home/erij/Erij_Mazouz_4DS8_churn_ml_project/venv/lib/python3.8/site-packages/airflow/example_dags/example_sla_dag.py
[2025-03-06T23:41:27.688+0100] {processor.py:914} INFO - Processing file /home/erij/Erij_Mazouz_4DS8_churn_ml_project/venv/lib/python3.8/site-packages/airflow/example_dags/example_sla_dag.py for tasks to queue
[2025-03-06T23:41:27.690+0100] {logging_mixin.py:190} INFO - [2025-03-06T23:41:27.689+0100] {dagbag.py:588} INFO - Filling up the DagBag from /home/erij/Erij_Mazouz_4DS8_churn_ml_project/venv/lib/python3.8/site-packages/airflow/example_dags/example_sla_dag.py
[2025-03-06T23:41:27.700+0100] {processor.py:925} INFO - DAG(s) 'example_sla_dag' retrieved from /home/erij/Erij_Mazouz_4DS8_churn_ml_project/venv/lib/python3.8/site-packages/airflow/example_dags/example_sla_dag.py
[2025-03-06T23:41:27.713+0100] {logging_mixin.py:190} INFO - [2025-03-06T23:41:27.713+0100] {dag.py:3239} INFO - Sync 1 DAGs
[2025-03-06T23:41:27.733+0100] {logging_mixin.py:190} INFO - [2025-03-06T23:41:27.733+0100] {dag.py:4180} INFO - Setting next_dagrun for example_sla_dag to 2025-03-06 22:38:00+00:00, run_after=2025-03-06 22:40:00+00:00
[2025-03-06T23:41:27.753+0100] {processor.py:208} INFO - Processing /home/erij/Erij_Mazouz_4DS8_churn_ml_project/venv/lib/python3.8/site-packages/airflow/example_dags/example_sla_dag.py took 0.073 seconds
[2025-03-06T23:42:23.367+0100] {processor.py:186} INFO - Started process (PID=56740) to work on /home/erij/Erij_Mazouz_4DS8_churn_ml_project/venv/lib/python3.8/site-packages/airflow/example_dags/example_sla_dag.py
[2025-03-06T23:42:23.369+0100] {processor.py:914} INFO - Processing file /home/erij/Erij_Mazouz_4DS8_churn_ml_project/venv/lib/python3.8/site-packages/airflow/example_dags/example_sla_dag.py for tasks to queue
[2025-03-06T23:42:23.372+0100] {logging_mixin.py:190} INFO - [2025-03-06T23:42:23.371+0100] {dagbag.py:588} INFO - Filling up the DagBag from /home/erij/Erij_Mazouz_4DS8_churn_ml_project/venv/lib/python3.8/site-packages/airflow/example_dags/example_sla_dag.py
[2025-03-06T23:42:23.382+0100] {processor.py:925} INFO - DAG(s) 'example_sla_dag' retrieved from /home/erij/Erij_Mazouz_4DS8_churn_ml_project/venv/lib/python3.8/site-packages/airflow/example_dags/example_sla_dag.py
[2025-03-06T23:42:23.395+0100] {logging_mixin.py:190} INFO - [2025-03-06T23:42:23.394+0100] {dag.py:3239} INFO - Sync 1 DAGs
[2025-03-06T23:42:23.416+0100] {logging_mixin.py:190} INFO - [2025-03-06T23:42:23.416+0100] {dag.py:4180} INFO - Setting next_dagrun for example_sla_dag to 2025-03-06 22:40:00+00:00, run_after=2025-03-06 22:42:00+00:00
[2025-03-06T23:42:23.435+0100] {processor.py:208} INFO - Processing /home/erij/Erij_Mazouz_4DS8_churn_ml_project/venv/lib/python3.8/site-packages/airflow/example_dags/example_sla_dag.py took 0.074 seconds
[2025-03-06T23:43:20.572+0100] {processor.py:186} INFO - Started process (PID=56870) to work on /home/erij/Erij_Mazouz_4DS8_churn_ml_project/venv/lib/python3.8/site-packages/airflow/example_dags/example_sla_dag.py
[2025-03-06T23:43:20.574+0100] {processor.py:914} INFO - Processing file /home/erij/Erij_Mazouz_4DS8_churn_ml_project/venv/lib/python3.8/site-packages/airflow/example_dags/example_sla_dag.py for tasks to queue
[2025-03-06T23:43:20.576+0100] {logging_mixin.py:190} INFO - [2025-03-06T23:43:20.576+0100] {dagbag.py:588} INFO - Filling up the DagBag from /home/erij/Erij_Mazouz_4DS8_churn_ml_project/venv/lib/python3.8/site-packages/airflow/example_dags/example_sla_dag.py
[2025-03-06T23:43:20.585+0100] {processor.py:925} INFO - DAG(s) 'example_sla_dag' retrieved from /home/erij/Erij_Mazouz_4DS8_churn_ml_project/venv/lib/python3.8/site-packages/airflow/example_dags/example_sla_dag.py
[2025-03-06T23:43:20.597+0100] {logging_mixin.py:190} INFO - [2025-03-06T23:43:20.596+0100] {dag.py:3239} INFO - Sync 1 DAGs
[2025-03-06T23:43:20.614+0100] {logging_mixin.py:190} INFO - [2025-03-06T23:43:20.614+0100] {dag.py:4180} INFO - Setting next_dagrun for example_sla_dag to 2025-03-06 22:40:00+00:00, run_after=2025-03-06 22:42:00+00:00
[2025-03-06T23:43:20.630+0100] {processor.py:208} INFO - Processing /home/erij/Erij_Mazouz_4DS8_churn_ml_project/venv/lib/python3.8/site-packages/airflow/example_dags/example_sla_dag.py took 0.064 seconds
[2025-03-06T23:44:39.209+0100] {processor.py:186} INFO - Started process (PID=57076) to work on /home/erij/Erij_Mazouz_4DS8_churn_ml_project/venv/lib/python3.8/site-packages/airflow/example_dags/example_sla_dag.py
[2025-03-06T23:44:39.218+0100] {processor.py:914} INFO - Processing file /home/erij/Erij_Mazouz_4DS8_churn_ml_project/venv/lib/python3.8/site-packages/airflow/example_dags/example_sla_dag.py for tasks to queue
[2025-03-06T23:44:39.220+0100] {logging_mixin.py:190} INFO - [2025-03-06T23:44:39.219+0100] {dagbag.py:588} INFO - Filling up the DagBag from /home/erij/Erij_Mazouz_4DS8_churn_ml_project/venv/lib/python3.8/site-packages/airflow/example_dags/example_sla_dag.py
[2025-03-06T23:44:39.228+0100] {processor.py:925} INFO - DAG(s) 'example_sla_dag' retrieved from /home/erij/Erij_Mazouz_4DS8_churn_ml_project/venv/lib/python3.8/site-packages/airflow/example_dags/example_sla_dag.py
[2025-03-06T23:44:39.239+0100] {logging_mixin.py:190} INFO - [2025-03-06T23:44:39.239+0100] {dag.py:3239} INFO - Sync 1 DAGs
[2025-03-06T23:44:39.258+0100] {logging_mixin.py:190} INFO - [2025-03-06T23:44:39.258+0100] {dag.py:4180} INFO - Setting next_dagrun for example_sla_dag to 2025-03-06 22:42:00+00:00, run_after=2025-03-06 22:44:00+00:00
[2025-03-06T23:44:39.289+0100] {processor.py:208} INFO - Processing /home/erij/Erij_Mazouz_4DS8_churn_ml_project/venv/lib/python3.8/site-packages/airflow/example_dags/example_sla_dag.py took 0.084 seconds
[2025-03-06T23:45:34.958+0100] {processor.py:186} INFO - Started process (PID=57197) to work on /home/erij/Erij_Mazouz_4DS8_churn_ml_project/venv/lib/python3.8/site-packages/airflow/example_dags/example_sla_dag.py
[2025-03-06T23:45:34.974+0100] {processor.py:914} INFO - Processing file /home/erij/Erij_Mazouz_4DS8_churn_ml_project/venv/lib/python3.8/site-packages/airflow/example_dags/example_sla_dag.py for tasks to queue
[2025-03-06T23:45:34.975+0100] {logging_mixin.py:190} INFO - [2025-03-06T23:45:34.975+0100] {dagbag.py:588} INFO - Filling up the DagBag from /home/erij/Erij_Mazouz_4DS8_churn_ml_project/venv/lib/python3.8/site-packages/airflow/example_dags/example_sla_dag.py
[2025-03-06T23:45:34.984+0100] {processor.py:925} INFO - DAG(s) 'example_sla_dag' retrieved from /home/erij/Erij_Mazouz_4DS8_churn_ml_project/venv/lib/python3.8/site-packages/airflow/example_dags/example_sla_dag.py
[2025-03-06T23:45:34.995+0100] {logging_mixin.py:190} INFO - [2025-03-06T23:45:34.995+0100] {dag.py:3239} INFO - Sync 1 DAGs
[2025-03-06T23:45:35.014+0100] {logging_mixin.py:190} INFO - [2025-03-06T23:45:35.014+0100] {dag.py:4180} INFO - Setting next_dagrun for example_sla_dag to 2025-03-06 22:42:00+00:00, run_after=2025-03-06 22:44:00+00:00
[2025-03-06T23:45:35.040+0100] {processor.py:208} INFO - Processing /home/erij/Erij_Mazouz_4DS8_churn_ml_project/venv/lib/python3.8/site-packages/airflow/example_dags/example_sla_dag.py took 0.088 seconds
[2025-03-06T23:46:33.464+0100] {processor.py:186} INFO - Started process (PID=57308) to work on /home/erij/Erij_Mazouz_4DS8_churn_ml_project/venv/lib/python3.8/site-packages/airflow/example_dags/example_sla_dag.py
[2025-03-06T23:46:33.465+0100] {processor.py:914} INFO - Processing file /home/erij/Erij_Mazouz_4DS8_churn_ml_project/venv/lib/python3.8/site-packages/airflow/example_dags/example_sla_dag.py for tasks to queue
[2025-03-06T23:46:33.467+0100] {logging_mixin.py:190} INFO - [2025-03-06T23:46:33.466+0100] {dagbag.py:588} INFO - Filling up the DagBag from /home/erij/Erij_Mazouz_4DS8_churn_ml_project/venv/lib/python3.8/site-packages/airflow/example_dags/example_sla_dag.py
[2025-03-06T23:46:33.474+0100] {processor.py:925} INFO - DAG(s) 'example_sla_dag' retrieved from /home/erij/Erij_Mazouz_4DS8_churn_ml_project/venv/lib/python3.8/site-packages/airflow/example_dags/example_sla_dag.py
[2025-03-06T23:46:33.486+0100] {logging_mixin.py:190} INFO - [2025-03-06T23:46:33.485+0100] {dag.py:3239} INFO - Sync 1 DAGs
[2025-03-06T23:46:33.503+0100] {logging_mixin.py:190} INFO - [2025-03-06T23:46:33.502+0100] {dag.py:4180} INFO - Setting next_dagrun for example_sla_dag to 2025-03-06 22:44:00+00:00, run_after=2025-03-06 22:46:00+00:00
[2025-03-06T23:46:33.519+0100] {processor.py:208} INFO - Processing /home/erij/Erij_Mazouz_4DS8_churn_ml_project/venv/lib/python3.8/site-packages/airflow/example_dags/example_sla_dag.py took 0.059 seconds
[2025-03-06T23:47:29.120+0100] {processor.py:186} INFO - Started process (PID=57424) to work on /home/erij/Erij_Mazouz_4DS8_churn_ml_project/venv/lib/python3.8/site-packages/airflow/example_dags/example_sla_dag.py
[2025-03-06T23:47:29.121+0100] {processor.py:914} INFO - Processing file /home/erij/Erij_Mazouz_4DS8_churn_ml_project/venv/lib/python3.8/site-packages/airflow/example_dags/example_sla_dag.py for tasks to queue
[2025-03-06T23:47:29.122+0100] {logging_mixin.py:190} INFO - [2025-03-06T23:47:29.122+0100] {dagbag.py:588} INFO - Filling up the DagBag from /home/erij/Erij_Mazouz_4DS8_churn_ml_project/venv/lib/python3.8/site-packages/airflow/example_dags/example_sla_dag.py
[2025-03-06T23:47:29.131+0100] {processor.py:925} INFO - DAG(s) 'example_sla_dag' retrieved from /home/erij/Erij_Mazouz_4DS8_churn_ml_project/venv/lib/python3.8/site-packages/airflow/example_dags/example_sla_dag.py
[2025-03-06T23:47:29.141+0100] {logging_mixin.py:190} INFO - [2025-03-06T23:47:29.141+0100] {dag.py:3239} INFO - Sync 1 DAGs
[2025-03-06T23:47:29.162+0100] {logging_mixin.py:190} INFO - [2025-03-06T23:47:29.161+0100] {dag.py:4180} INFO - Setting next_dagrun for example_sla_dag to 2025-03-06 22:44:00+00:00, run_after=2025-03-06 22:46:00+00:00
[2025-03-06T23:47:29.180+0100] {processor.py:208} INFO - Processing /home/erij/Erij_Mazouz_4DS8_churn_ml_project/venv/lib/python3.8/site-packages/airflow/example_dags/example_sla_dag.py took 0.065 seconds
[2025-03-06T23:48:26.575+0100] {processor.py:186} INFO - Started process (PID=57544) to work on /home/erij/Erij_Mazouz_4DS8_churn_ml_project/venv/lib/python3.8/site-packages/airflow/example_dags/example_sla_dag.py
[2025-03-06T23:48:26.577+0100] {processor.py:914} INFO - Processing file /home/erij/Erij_Mazouz_4DS8_churn_ml_project/venv/lib/python3.8/site-packages/airflow/example_dags/example_sla_dag.py for tasks to queue
[2025-03-06T23:48:26.579+0100] {logging_mixin.py:190} INFO - [2025-03-06T23:48:26.579+0100] {dagbag.py:588} INFO - Filling up the DagBag from /home/erij/Erij_Mazouz_4DS8_churn_ml_project/venv/lib/python3.8/site-packages/airflow/example_dags/example_sla_dag.py
[2025-03-06T23:48:26.588+0100] {processor.py:925} INFO - DAG(s) 'example_sla_dag' retrieved from /home/erij/Erij_Mazouz_4DS8_churn_ml_project/venv/lib/python3.8/site-packages/airflow/example_dags/example_sla_dag.py
[2025-03-06T23:48:26.599+0100] {logging_mixin.py:190} INFO - [2025-03-06T23:48:26.599+0100] {dag.py:3239} INFO - Sync 1 DAGs
[2025-03-06T23:48:26.617+0100] {logging_mixin.py:190} INFO - [2025-03-06T23:48:26.617+0100] {dag.py:4180} INFO - Setting next_dagrun for example_sla_dag to 2025-03-06 22:46:00+00:00, run_after=2025-03-06 22:48:00+00:00
[2025-03-06T23:48:26.634+0100] {processor.py:208} INFO - Processing /home/erij/Erij_Mazouz_4DS8_churn_ml_project/venv/lib/python3.8/site-packages/airflow/example_dags/example_sla_dag.py took 0.065 seconds
[2025-03-06T23:49:23.087+0100] {processor.py:186} INFO - Started process (PID=57654) to work on /home/erij/Erij_Mazouz_4DS8_churn_ml_project/venv/lib/python3.8/site-packages/airflow/example_dags/example_sla_dag.py
[2025-03-06T23:49:23.090+0100] {processor.py:914} INFO - Processing file /home/erij/Erij_Mazouz_4DS8_churn_ml_project/venv/lib/python3.8/site-packages/airflow/example_dags/example_sla_dag.py for tasks to queue
[2025-03-06T23:49:23.092+0100] {logging_mixin.py:190} INFO - [2025-03-06T23:49:23.092+0100] {dagbag.py:588} INFO - Filling up the DagBag from /home/erij/Erij_Mazouz_4DS8_churn_ml_project/venv/lib/python3.8/site-packages/airflow/example_dags/example_sla_dag.py
[2025-03-06T23:49:23.100+0100] {processor.py:925} INFO - DAG(s) 'example_sla_dag' retrieved from /home/erij/Erij_Mazouz_4DS8_churn_ml_project/venv/lib/python3.8/site-packages/airflow/example_dags/example_sla_dag.py
[2025-03-06T23:49:23.109+0100] {logging_mixin.py:190} INFO - [2025-03-06T23:49:23.109+0100] {dag.py:3239} INFO - Sync 1 DAGs
[2025-03-06T23:49:23.126+0100] {logging_mixin.py:190} INFO - [2025-03-06T23:49:23.126+0100] {dag.py:4180} INFO - Setting next_dagrun for example_sla_dag to 2025-03-06 22:46:00+00:00, run_after=2025-03-06 22:48:00+00:00
[2025-03-06T23:49:23.141+0100] {processor.py:208} INFO - Processing /home/erij/Erij_Mazouz_4DS8_churn_ml_project/venv/lib/python3.8/site-packages/airflow/example_dags/example_sla_dag.py took 0.059 seconds
[2025-03-06T23:50:16.859+0100] {processor.py:186} INFO - Started process (PID=57768) to work on /home/erij/Erij_Mazouz_4DS8_churn_ml_project/venv/lib/python3.8/site-packages/airflow/example_dags/example_sla_dag.py
[2025-03-06T23:50:16.862+0100] {processor.py:914} INFO - Processing file /home/erij/Erij_Mazouz_4DS8_churn_ml_project/venv/lib/python3.8/site-packages/airflow/example_dags/example_sla_dag.py for tasks to queue
[2025-03-06T23:50:16.864+0100] {logging_mixin.py:190} INFO - [2025-03-06T23:50:16.864+0100] {dagbag.py:588} INFO - Filling up the DagBag from /home/erij/Erij_Mazouz_4DS8_churn_ml_project/venv/lib/python3.8/site-packages/airflow/example_dags/example_sla_dag.py
[2025-03-06T23:50:16.875+0100] {processor.py:925} INFO - DAG(s) 'example_sla_dag' retrieved from /home/erij/Erij_Mazouz_4DS8_churn_ml_project/venv/lib/python3.8/site-packages/airflow/example_dags/example_sla_dag.py
[2025-03-06T23:50:16.889+0100] {logging_mixin.py:190} INFO - [2025-03-06T23:50:16.889+0100] {dag.py:3239} INFO - Sync 1 DAGs
[2025-03-06T23:50:16.913+0100] {logging_mixin.py:190} INFO - [2025-03-06T23:50:16.913+0100] {dag.py:4180} INFO - Setting next_dagrun for example_sla_dag to 2025-03-06 22:48:00+00:00, run_after=2025-03-06 22:50:00+00:00
[2025-03-06T23:50:16.933+0100] {processor.py:208} INFO - Processing /home/erij/Erij_Mazouz_4DS8_churn_ml_project/venv/lib/python3.8/site-packages/airflow/example_dags/example_sla_dag.py took 0.080 seconds
[2025-03-06T23:51:13.459+0100] {processor.py:186} INFO - Started process (PID=57876) to work on /home/erij/Erij_Mazouz_4DS8_churn_ml_project/venv/lib/python3.8/site-packages/airflow/example_dags/example_sla_dag.py
[2025-03-06T23:51:13.461+0100] {processor.py:914} INFO - Processing file /home/erij/Erij_Mazouz_4DS8_churn_ml_project/venv/lib/python3.8/site-packages/airflow/example_dags/example_sla_dag.py for tasks to queue
[2025-03-06T23:51:13.463+0100] {logging_mixin.py:190} INFO - [2025-03-06T23:51:13.462+0100] {dagbag.py:588} INFO - Filling up the DagBag from /home/erij/Erij_Mazouz_4DS8_churn_ml_project/venv/lib/python3.8/site-packages/airflow/example_dags/example_sla_dag.py
[2025-03-06T23:51:13.472+0100] {processor.py:925} INFO - DAG(s) 'example_sla_dag' retrieved from /home/erij/Erij_Mazouz_4DS8_churn_ml_project/venv/lib/python3.8/site-packages/airflow/example_dags/example_sla_dag.py
[2025-03-06T23:51:13.485+0100] {logging_mixin.py:190} INFO - [2025-03-06T23:51:13.485+0100] {dag.py:3239} INFO - Sync 1 DAGs
[2025-03-06T23:51:13.504+0100] {logging_mixin.py:190} INFO - [2025-03-06T23:51:13.504+0100] {dag.py:4180} INFO - Setting next_dagrun for example_sla_dag to 2025-03-06 22:48:00+00:00, run_after=2025-03-06 22:50:00+00:00
[2025-03-06T23:51:13.522+0100] {processor.py:208} INFO - Processing /home/erij/Erij_Mazouz_4DS8_churn_ml_project/venv/lib/python3.8/site-packages/airflow/example_dags/example_sla_dag.py took 0.069 seconds
[2025-03-06T23:52:09.303+0100] {processor.py:186} INFO - Started process (PID=57997) to work on /home/erij/Erij_Mazouz_4DS8_churn_ml_project/venv/lib/python3.8/site-packages/airflow/example_dags/example_sla_dag.py
[2025-03-06T23:52:09.305+0100] {processor.py:914} INFO - Processing file /home/erij/Erij_Mazouz_4DS8_churn_ml_project/venv/lib/python3.8/site-packages/airflow/example_dags/example_sla_dag.py for tasks to queue
[2025-03-06T23:52:09.307+0100] {logging_mixin.py:190} INFO - [2025-03-06T23:52:09.307+0100] {dagbag.py:588} INFO - Filling up the DagBag from /home/erij/Erij_Mazouz_4DS8_churn_ml_project/venv/lib/python3.8/site-packages/airflow/example_dags/example_sla_dag.py
[2025-03-06T23:52:09.316+0100] {processor.py:925} INFO - DAG(s) 'example_sla_dag' retrieved from /home/erij/Erij_Mazouz_4DS8_churn_ml_project/venv/lib/python3.8/site-packages/airflow/example_dags/example_sla_dag.py
[2025-03-06T23:52:09.328+0100] {logging_mixin.py:190} INFO - [2025-03-06T23:52:09.327+0100] {dag.py:3239} INFO - Sync 1 DAGs
[2025-03-06T23:52:09.347+0100] {logging_mixin.py:190} INFO - [2025-03-06T23:52:09.346+0100] {dag.py:4180} INFO - Setting next_dagrun for example_sla_dag to 2025-03-06 22:50:00+00:00, run_after=2025-03-06 22:52:00+00:00
[2025-03-06T23:52:09.370+0100] {processor.py:208} INFO - Processing /home/erij/Erij_Mazouz_4DS8_churn_ml_project/venv/lib/python3.8/site-packages/airflow/example_dags/example_sla_dag.py took 0.071 seconds
[2025-03-06T23:53:04.873+0100] {processor.py:186} INFO - Started process (PID=58112) to work on /home/erij/Erij_Mazouz_4DS8_churn_ml_project/venv/lib/python3.8/site-packages/airflow/example_dags/example_sla_dag.py
[2025-03-06T23:53:04.875+0100] {processor.py:914} INFO - Processing file /home/erij/Erij_Mazouz_4DS8_churn_ml_project/venv/lib/python3.8/site-packages/airflow/example_dags/example_sla_dag.py for tasks to queue
[2025-03-06T23:53:04.877+0100] {logging_mixin.py:190} INFO - [2025-03-06T23:53:04.877+0100] {dagbag.py:588} INFO - Filling up the DagBag from /home/erij/Erij_Mazouz_4DS8_churn_ml_project/venv/lib/python3.8/site-packages/airflow/example_dags/example_sla_dag.py
[2025-03-06T23:53:04.887+0100] {processor.py:925} INFO - DAG(s) 'example_sla_dag' retrieved from /home/erij/Erij_Mazouz_4DS8_churn_ml_project/venv/lib/python3.8/site-packages/airflow/example_dags/example_sla_dag.py
[2025-03-06T23:53:04.900+0100] {logging_mixin.py:190} INFO - [2025-03-06T23:53:04.900+0100] {dag.py:3239} INFO - Sync 1 DAGs
[2025-03-06T23:53:04.921+0100] {logging_mixin.py:190} INFO - [2025-03-06T23:53:04.921+0100] {dag.py:4180} INFO - Setting next_dagrun for example_sla_dag to 2025-03-06 22:50:00+00:00, run_after=2025-03-06 22:52:00+00:00
[2025-03-06T23:53:04.939+0100] {processor.py:208} INFO - Processing /home/erij/Erij_Mazouz_4DS8_churn_ml_project/venv/lib/python3.8/site-packages/airflow/example_dags/example_sla_dag.py took 0.071 seconds
[2025-03-06T23:54:01.893+0100] {processor.py:186} INFO - Started process (PID=58240) to work on /home/erij/Erij_Mazouz_4DS8_churn_ml_project/venv/lib/python3.8/site-packages/airflow/example_dags/example_sla_dag.py
[2025-03-06T23:54:01.895+0100] {processor.py:914} INFO - Processing file /home/erij/Erij_Mazouz_4DS8_churn_ml_project/venv/lib/python3.8/site-packages/airflow/example_dags/example_sla_dag.py for tasks to queue
[2025-03-06T23:54:01.897+0100] {logging_mixin.py:190} INFO - [2025-03-06T23:54:01.897+0100] {dagbag.py:588} INFO - Filling up the DagBag from /home/erij/Erij_Mazouz_4DS8_churn_ml_project/venv/lib/python3.8/site-packages/airflow/example_dags/example_sla_dag.py
[2025-03-06T23:54:01.907+0100] {processor.py:925} INFO - DAG(s) 'example_sla_dag' retrieved from /home/erij/Erij_Mazouz_4DS8_churn_ml_project/venv/lib/python3.8/site-packages/airflow/example_dags/example_sla_dag.py
[2025-03-06T23:54:01.920+0100] {logging_mixin.py:190} INFO - [2025-03-06T23:54:01.920+0100] {dag.py:3239} INFO - Sync 1 DAGs
[2025-03-06T23:54:01.941+0100] {logging_mixin.py:190} INFO - [2025-03-06T23:54:01.941+0100] {dag.py:4180} INFO - Setting next_dagrun for example_sla_dag to 2025-03-06 22:52:00+00:00, run_after=2025-03-06 22:54:00+00:00
[2025-03-06T23:54:01.958+0100] {processor.py:208} INFO - Processing /home/erij/Erij_Mazouz_4DS8_churn_ml_project/venv/lib/python3.8/site-packages/airflow/example_dags/example_sla_dag.py took 0.070 seconds
[2025-03-06T23:54:59.793+0100] {processor.py:186} INFO - Started process (PID=58609) to work on /home/erij/Erij_Mazouz_4DS8_churn_ml_project/venv/lib/python3.8/site-packages/airflow/example_dags/example_sla_dag.py
[2025-03-06T23:54:59.795+0100] {processor.py:914} INFO - Processing file /home/erij/Erij_Mazouz_4DS8_churn_ml_project/venv/lib/python3.8/site-packages/airflow/example_dags/example_sla_dag.py for tasks to queue
[2025-03-06T23:54:59.797+0100] {logging_mixin.py:190} INFO - [2025-03-06T23:54:59.797+0100] {dagbag.py:588} INFO - Filling up the DagBag from /home/erij/Erij_Mazouz_4DS8_churn_ml_project/venv/lib/python3.8/site-packages/airflow/example_dags/example_sla_dag.py
[2025-03-06T23:54:59.806+0100] {processor.py:925} INFO - DAG(s) 'example_sla_dag' retrieved from /home/erij/Erij_Mazouz_4DS8_churn_ml_project/venv/lib/python3.8/site-packages/airflow/example_dags/example_sla_dag.py
[2025-03-06T23:54:59.818+0100] {logging_mixin.py:190} INFO - [2025-03-06T23:54:59.818+0100] {dag.py:3239} INFO - Sync 1 DAGs
[2025-03-06T23:54:59.836+0100] {logging_mixin.py:190} INFO - [2025-03-06T23:54:59.836+0100] {dag.py:4180} INFO - Setting next_dagrun for example_sla_dag to 2025-03-06 22:52:00+00:00, run_after=2025-03-06 22:54:00+00:00
[2025-03-06T23:54:59.852+0100] {processor.py:208} INFO - Processing /home/erij/Erij_Mazouz_4DS8_churn_ml_project/venv/lib/python3.8/site-packages/airflow/example_dags/example_sla_dag.py took 0.063 seconds
[2025-03-06T23:55:58.156+0100] {processor.py:186} INFO - Started process (PID=59174) to work on /home/erij/Erij_Mazouz_4DS8_churn_ml_project/venv/lib/python3.8/site-packages/airflow/example_dags/example_sla_dag.py
[2025-03-06T23:55:58.158+0100] {processor.py:914} INFO - Processing file /home/erij/Erij_Mazouz_4DS8_churn_ml_project/venv/lib/python3.8/site-packages/airflow/example_dags/example_sla_dag.py for tasks to queue
[2025-03-06T23:55:58.160+0100] {logging_mixin.py:190} INFO - [2025-03-06T23:55:58.159+0100] {dagbag.py:588} INFO - Filling up the DagBag from /home/erij/Erij_Mazouz_4DS8_churn_ml_project/venv/lib/python3.8/site-packages/airflow/example_dags/example_sla_dag.py
[2025-03-06T23:55:58.169+0100] {processor.py:925} INFO - DAG(s) 'example_sla_dag' retrieved from /home/erij/Erij_Mazouz_4DS8_churn_ml_project/venv/lib/python3.8/site-packages/airflow/example_dags/example_sla_dag.py
[2025-03-06T23:55:58.181+0100] {logging_mixin.py:190} INFO - [2025-03-06T23:55:58.181+0100] {dag.py:3239} INFO - Sync 1 DAGs
[2025-03-06T23:55:58.200+0100] {logging_mixin.py:190} INFO - [2025-03-06T23:55:58.200+0100] {dag.py:4180} INFO - Setting next_dagrun for example_sla_dag to 2025-03-06 22:52:00+00:00, run_after=2025-03-06 22:54:00+00:00
[2025-03-06T23:55:58.218+0100] {processor.py:208} INFO - Processing /home/erij/Erij_Mazouz_4DS8_churn_ml_project/venv/lib/python3.8/site-packages/airflow/example_dags/example_sla_dag.py took 0.068 seconds
[2025-03-06T23:56:53.489+0100] {processor.py:186} INFO - Started process (PID=59298) to work on /home/erij/Erij_Mazouz_4DS8_churn_ml_project/venv/lib/python3.8/site-packages/airflow/example_dags/example_sla_dag.py
[2025-03-06T23:56:53.491+0100] {processor.py:914} INFO - Processing file /home/erij/Erij_Mazouz_4DS8_churn_ml_project/venv/lib/python3.8/site-packages/airflow/example_dags/example_sla_dag.py for tasks to queue
[2025-03-06T23:56:53.493+0100] {logging_mixin.py:190} INFO - [2025-03-06T23:56:53.492+0100] {dagbag.py:588} INFO - Filling up the DagBag from /home/erij/Erij_Mazouz_4DS8_churn_ml_project/venv/lib/python3.8/site-packages/airflow/example_dags/example_sla_dag.py
[2025-03-06T23:56:53.501+0100] {processor.py:925} INFO - DAG(s) 'example_sla_dag' retrieved from /home/erij/Erij_Mazouz_4DS8_churn_ml_project/venv/lib/python3.8/site-packages/airflow/example_dags/example_sla_dag.py
[2025-03-06T23:56:53.513+0100] {logging_mixin.py:190} INFO - [2025-03-06T23:56:53.513+0100] {dag.py:3239} INFO - Sync 1 DAGs
[2025-03-06T23:56:53.531+0100] {logging_mixin.py:190} INFO - [2025-03-06T23:56:53.531+0100] {dag.py:4180} INFO - Setting next_dagrun for example_sla_dag to 2025-03-06 22:54:00+00:00, run_after=2025-03-06 22:56:00+00:00
[2025-03-06T23:56:53.546+0100] {processor.py:208} INFO - Processing /home/erij/Erij_Mazouz_4DS8_churn_ml_project/venv/lib/python3.8/site-packages/airflow/example_dags/example_sla_dag.py took 0.062 seconds
[2025-03-06T23:57:48.435+0100] {processor.py:186} INFO - Started process (PID=59426) to work on /home/erij/Erij_Mazouz_4DS8_churn_ml_project/venv/lib/python3.8/site-packages/airflow/example_dags/example_sla_dag.py
[2025-03-06T23:57:48.436+0100] {processor.py:914} INFO - Processing file /home/erij/Erij_Mazouz_4DS8_churn_ml_project/venv/lib/python3.8/site-packages/airflow/example_dags/example_sla_dag.py for tasks to queue
[2025-03-06T23:57:48.439+0100] {logging_mixin.py:190} INFO - [2025-03-06T23:57:48.438+0100] {dagbag.py:588} INFO - Filling up the DagBag from /home/erij/Erij_Mazouz_4DS8_churn_ml_project/venv/lib/python3.8/site-packages/airflow/example_dags/example_sla_dag.py
[2025-03-06T23:57:48.458+0100] {processor.py:925} INFO - DAG(s) 'example_sla_dag' retrieved from /home/erij/Erij_Mazouz_4DS8_churn_ml_project/venv/lib/python3.8/site-packages/airflow/example_dags/example_sla_dag.py
[2025-03-06T23:57:48.479+0100] {logging_mixin.py:190} INFO - [2025-03-06T23:57:48.479+0100] {dag.py:3239} INFO - Sync 1 DAGs
[2025-03-06T23:57:48.514+0100] {logging_mixin.py:190} INFO - [2025-03-06T23:57:48.513+0100] {dag.py:4180} INFO - Setting next_dagrun for example_sla_dag to 2025-03-06 22:54:00+00:00, run_after=2025-03-06 22:56:00+00:00
[2025-03-06T23:57:48.534+0100] {processor.py:208} INFO - Processing /home/erij/Erij_Mazouz_4DS8_churn_ml_project/venv/lib/python3.8/site-packages/airflow/example_dags/example_sla_dag.py took 0.106 seconds
[2025-03-06T23:58:42.337+0100] {processor.py:186} INFO - Started process (PID=59577) to work on /home/erij/Erij_Mazouz_4DS8_churn_ml_project/venv/lib/python3.8/site-packages/airflow/example_dags/example_sla_dag.py
[2025-03-06T23:58:42.339+0100] {processor.py:914} INFO - Processing file /home/erij/Erij_Mazouz_4DS8_churn_ml_project/venv/lib/python3.8/site-packages/airflow/example_dags/example_sla_dag.py for tasks to queue
[2025-03-06T23:58:42.341+0100] {logging_mixin.py:190} INFO - [2025-03-06T23:58:42.341+0100] {dagbag.py:588} INFO - Filling up the DagBag from /home/erij/Erij_Mazouz_4DS8_churn_ml_project/venv/lib/python3.8/site-packages/airflow/example_dags/example_sla_dag.py
[2025-03-06T23:58:42.350+0100] {processor.py:925} INFO - DAG(s) 'example_sla_dag' retrieved from /home/erij/Erij_Mazouz_4DS8_churn_ml_project/venv/lib/python3.8/site-packages/airflow/example_dags/example_sla_dag.py
[2025-03-06T23:58:42.362+0100] {logging_mixin.py:190} INFO - [2025-03-06T23:58:42.361+0100] {dag.py:3239} INFO - Sync 1 DAGs
[2025-03-06T23:58:42.381+0100] {logging_mixin.py:190} INFO - [2025-03-06T23:58:42.381+0100] {dag.py:4180} INFO - Setting next_dagrun for example_sla_dag to 2025-03-06 22:56:00+00:00, run_after=2025-03-06 22:58:00+00:00
[2025-03-06T23:58:42.399+0100] {processor.py:208} INFO - Processing /home/erij/Erij_Mazouz_4DS8_churn_ml_project/venv/lib/python3.8/site-packages/airflow/example_dags/example_sla_dag.py took 0.067 seconds
[2025-03-06T23:59:34.455+0100] {processor.py:186} INFO - Started process (PID=59728) to work on /home/erij/Erij_Mazouz_4DS8_churn_ml_project/venv/lib/python3.8/site-packages/airflow/example_dags/example_sla_dag.py
[2025-03-06T23:59:34.458+0100] {processor.py:914} INFO - Processing file /home/erij/Erij_Mazouz_4DS8_churn_ml_project/venv/lib/python3.8/site-packages/airflow/example_dags/example_sla_dag.py for tasks to queue
[2025-03-06T23:59:34.460+0100] {logging_mixin.py:190} INFO - [2025-03-06T23:59:34.459+0100] {dagbag.py:588} INFO - Filling up the DagBag from /home/erij/Erij_Mazouz_4DS8_churn_ml_project/venv/lib/python3.8/site-packages/airflow/example_dags/example_sla_dag.py
[2025-03-06T23:59:34.468+0100] {processor.py:925} INFO - DAG(s) 'example_sla_dag' retrieved from /home/erij/Erij_Mazouz_4DS8_churn_ml_project/venv/lib/python3.8/site-packages/airflow/example_dags/example_sla_dag.py
[2025-03-06T23:59:34.480+0100] {logging_mixin.py:190} INFO - [2025-03-06T23:59:34.480+0100] {dag.py:3239} INFO - Sync 1 DAGs
[2025-03-06T23:59:34.497+0100] {logging_mixin.py:190} INFO - [2025-03-06T23:59:34.497+0100] {dag.py:4180} INFO - Setting next_dagrun for example_sla_dag to 2025-03-06 22:56:00+00:00, run_after=2025-03-06 22:58:00+00:00
[2025-03-06T23:59:34.513+0100] {processor.py:208} INFO - Processing /home/erij/Erij_Mazouz_4DS8_churn_ml_project/venv/lib/python3.8/site-packages/airflow/example_dags/example_sla_dag.py took 0.063 seconds
[2025-03-07T00:00:52.005+0100] {processor.py:186} INFO - Started process (PID=59996) to work on /home/erij/Erij_Mazouz_4DS8_churn_ml_project/venv/lib/python3.8/site-packages/airflow/example_dags/example_sla_dag.py
[2025-03-07T00:00:52.008+0100] {processor.py:914} INFO - Processing file /home/erij/Erij_Mazouz_4DS8_churn_ml_project/venv/lib/python3.8/site-packages/airflow/example_dags/example_sla_dag.py for tasks to queue
[2025-03-07T00:00:52.010+0100] {logging_mixin.py:190} INFO - [2025-03-07T00:00:52.010+0100] {dagbag.py:588} INFO - Filling up the DagBag from /home/erij/Erij_Mazouz_4DS8_churn_ml_project/venv/lib/python3.8/site-packages/airflow/example_dags/example_sla_dag.py
[2025-03-07T00:00:52.019+0100] {processor.py:925} INFO - DAG(s) 'example_sla_dag' retrieved from /home/erij/Erij_Mazouz_4DS8_churn_ml_project/venv/lib/python3.8/site-packages/airflow/example_dags/example_sla_dag.py
[2025-03-07T00:00:52.032+0100] {logging_mixin.py:190} INFO - [2025-03-07T00:00:52.032+0100] {dag.py:3239} INFO - Sync 1 DAGs
[2025-03-07T00:00:52.052+0100] {logging_mixin.py:190} INFO - [2025-03-07T00:00:52.052+0100] {dag.py:4180} INFO - Setting next_dagrun for example_sla_dag to 2025-03-06 22:58:00+00:00, run_after=2025-03-06 23:00:00+00:00
[2025-03-07T00:00:52.073+0100] {processor.py:208} INFO - Processing /home/erij/Erij_Mazouz_4DS8_churn_ml_project/venv/lib/python3.8/site-packages/airflow/example_dags/example_sla_dag.py took 0.073 seconds
[2025-03-07T00:01:47.111+0100] {processor.py:186} INFO - Started process (PID=60159) to work on /home/erij/Erij_Mazouz_4DS8_churn_ml_project/venv/lib/python3.8/site-packages/airflow/example_dags/example_sla_dag.py
[2025-03-07T00:01:47.114+0100] {processor.py:914} INFO - Processing file /home/erij/Erij_Mazouz_4DS8_churn_ml_project/venv/lib/python3.8/site-packages/airflow/example_dags/example_sla_dag.py for tasks to queue
[2025-03-07T00:01:47.116+0100] {logging_mixin.py:190} INFO - [2025-03-07T00:01:47.115+0100] {dagbag.py:588} INFO - Filling up the DagBag from /home/erij/Erij_Mazouz_4DS8_churn_ml_project/venv/lib/python3.8/site-packages/airflow/example_dags/example_sla_dag.py
[2025-03-07T00:01:47.125+0100] {processor.py:925} INFO - DAG(s) 'example_sla_dag' retrieved from /home/erij/Erij_Mazouz_4DS8_churn_ml_project/venv/lib/python3.8/site-packages/airflow/example_dags/example_sla_dag.py
[2025-03-07T00:01:47.137+0100] {logging_mixin.py:190} INFO - [2025-03-07T00:01:47.137+0100] {dag.py:3239} INFO - Sync 1 DAGs
[2025-03-07T00:01:47.157+0100] {logging_mixin.py:190} INFO - [2025-03-07T00:01:47.157+0100] {dag.py:4180} INFO - Setting next_dagrun for example_sla_dag to 2025-03-06 22:58:00+00:00, run_after=2025-03-06 23:00:00+00:00
[2025-03-07T00:01:47.177+0100] {processor.py:208} INFO - Processing /home/erij/Erij_Mazouz_4DS8_churn_ml_project/venv/lib/python3.8/site-packages/airflow/example_dags/example_sla_dag.py took 0.071 seconds
[2025-03-07T00:02:42.456+0100] {processor.py:186} INFO - Started process (PID=60368) to work on /home/erij/Erij_Mazouz_4DS8_churn_ml_project/venv/lib/python3.8/site-packages/airflow/example_dags/example_sla_dag.py
[2025-03-07T00:02:42.458+0100] {processor.py:914} INFO - Processing file /home/erij/Erij_Mazouz_4DS8_churn_ml_project/venv/lib/python3.8/site-packages/airflow/example_dags/example_sla_dag.py for tasks to queue
[2025-03-07T00:02:42.460+0100] {logging_mixin.py:190} INFO - [2025-03-07T00:02:42.460+0100] {dagbag.py:588} INFO - Filling up the DagBag from /home/erij/Erij_Mazouz_4DS8_churn_ml_project/venv/lib/python3.8/site-packages/airflow/example_dags/example_sla_dag.py
[2025-03-07T00:02:42.470+0100] {processor.py:925} INFO - DAG(s) 'example_sla_dag' retrieved from /home/erij/Erij_Mazouz_4DS8_churn_ml_project/venv/lib/python3.8/site-packages/airflow/example_dags/example_sla_dag.py
[2025-03-07T00:02:42.485+0100] {logging_mixin.py:190} INFO - [2025-03-07T00:02:42.484+0100] {dag.py:3239} INFO - Sync 1 DAGs
[2025-03-07T00:02:42.506+0100] {logging_mixin.py:190} INFO - [2025-03-07T00:02:42.506+0100] {dag.py:4180} INFO - Setting next_dagrun for example_sla_dag to 2025-03-06 23:00:00+00:00, run_after=2025-03-06 23:02:00+00:00
[2025-03-07T00:02:42.524+0100] {processor.py:208} INFO - Processing /home/erij/Erij_Mazouz_4DS8_churn_ml_project/venv/lib/python3.8/site-packages/airflow/example_dags/example_sla_dag.py took 0.073 seconds
