[2025-03-06T23:39:19.063+0100] {processor.py:186} INFO - Started process (PID=55929) to work on /home/erij/Erij_Mazouz_4DS8_churn_ml_project/venv/lib/python3.8/site-packages/airflow/example_dags/example_sensors.py
[2025-03-06T23:39:19.064+0100] {processor.py:914} INFO - Processing file /home/erij/Erij_Mazouz_4DS8_churn_ml_project/venv/lib/python3.8/site-packages/airflow/example_dags/example_sensors.py for tasks to queue
[2025-03-06T23:39:19.066+0100] {logging_mixin.py:190} INFO - [2025-03-06T23:39:19.066+0100] {dagbag.py:588} INFO - Filling up the DagBag from /home/erij/Erij_Mazouz_4DS8_churn_ml_project/venv/lib/python3.8/site-packages/airflow/example_dags/example_sensors.py
[2025-03-06T23:39:19.081+0100] {processor.py:925} INFO - DAG(s) 'example_sensors' retrieved from /home/erij/Erij_Mazouz_4DS8_churn_ml_project/venv/lib/python3.8/site-packages/airflow/example_dags/example_sensors.py
[2025-03-06T23:39:19.105+0100] {logging_mixin.py:190} INFO - [2025-03-06T23:39:19.105+0100] {dag.py:3239} INFO - Sync 1 DAGs
[2025-03-06T23:39:19.118+0100] {logging_mixin.py:190} INFO - [2025-03-06T23:39:19.117+0100] {dag.py:4180} INFO - Setting next_dagrun for example_sensors to None, run_after=None
[2025-03-06T23:39:19.137+0100] {processor.py:208} INFO - Processing /home/erij/Erij_Mazouz_4DS8_churn_ml_project/venv/lib/python3.8/site-packages/airflow/example_dags/example_sensors.py took 0.080 seconds
[2025-03-06T23:40:45.952+0100] {processor.py:186} INFO - Started process (PID=56515) to work on /home/erij/Erij_Mazouz_4DS8_churn_ml_project/venv/lib/python3.8/site-packages/airflow/example_dags/example_sensors.py
[2025-03-06T23:40:45.954+0100] {processor.py:914} INFO - Processing file /home/erij/Erij_Mazouz_4DS8_churn_ml_project/venv/lib/python3.8/site-packages/airflow/example_dags/example_sensors.py for tasks to queue
[2025-03-06T23:40:45.958+0100] {logging_mixin.py:190} INFO - [2025-03-06T23:40:45.957+0100] {dagbag.py:588} INFO - Filling up the DagBag from /home/erij/Erij_Mazouz_4DS8_churn_ml_project/venv/lib/python3.8/site-packages/airflow/example_dags/example_sensors.py
[2025-03-06T23:40:45.973+0100] {processor.py:925} INFO - DAG(s) 'example_sensors' retrieved from /home/erij/Erij_Mazouz_4DS8_churn_ml_project/venv/lib/python3.8/site-packages/airflow/example_dags/example_sensors.py
[2025-03-06T23:40:45.995+0100] {logging_mixin.py:190} INFO - [2025-03-06T23:40:45.995+0100] {dag.py:3239} INFO - Sync 1 DAGs
[2025-03-06T23:40:46.008+0100] {logging_mixin.py:190} INFO - [2025-03-06T23:40:46.008+0100] {dag.py:4180} INFO - Setting next_dagrun for example_sensors to None, run_after=None
[2025-03-06T23:40:46.029+0100] {processor.py:208} INFO - Processing /home/erij/Erij_Mazouz_4DS8_churn_ml_project/venv/lib/python3.8/site-packages/airflow/example_dags/example_sensors.py took 0.086 seconds
[2025-03-06T23:41:43.058+0100] {processor.py:186} INFO - Started process (PID=56643) to work on /home/erij/Erij_Mazouz_4DS8_churn_ml_project/venv/lib/python3.8/site-packages/airflow/example_dags/example_sensors.py
[2025-03-06T23:41:43.060+0100] {processor.py:914} INFO - Processing file /home/erij/Erij_Mazouz_4DS8_churn_ml_project/venv/lib/python3.8/site-packages/airflow/example_dags/example_sensors.py for tasks to queue
[2025-03-06T23:41:43.062+0100] {logging_mixin.py:190} INFO - [2025-03-06T23:41:43.061+0100] {dagbag.py:588} INFO - Filling up the DagBag from /home/erij/Erij_Mazouz_4DS8_churn_ml_project/venv/lib/python3.8/site-packages/airflow/example_dags/example_sensors.py
[2025-03-06T23:41:43.071+0100] {processor.py:925} INFO - DAG(s) 'example_sensors' retrieved from /home/erij/Erij_Mazouz_4DS8_churn_ml_project/venv/lib/python3.8/site-packages/airflow/example_dags/example_sensors.py
[2025-03-06T23:41:43.087+0100] {logging_mixin.py:190} INFO - [2025-03-06T23:41:43.087+0100] {dag.py:3239} INFO - Sync 1 DAGs
[2025-03-06T23:41:43.097+0100] {logging_mixin.py:190} INFO - [2025-03-06T23:41:43.097+0100] {dag.py:4180} INFO - Setting next_dagrun for example_sensors to None, run_after=None
[2025-03-06T23:41:43.115+0100] {processor.py:208} INFO - Processing /home/erij/Erij_Mazouz_4DS8_churn_ml_project/venv/lib/python3.8/site-packages/airflow/example_dags/example_sensors.py took 0.062 seconds
[2025-03-06T23:42:37.966+0100] {processor.py:186} INFO - Started process (PID=56770) to work on /home/erij/Erij_Mazouz_4DS8_churn_ml_project/venv/lib/python3.8/site-packages/airflow/example_dags/example_sensors.py
[2025-03-06T23:42:37.969+0100] {processor.py:914} INFO - Processing file /home/erij/Erij_Mazouz_4DS8_churn_ml_project/venv/lib/python3.8/site-packages/airflow/example_dags/example_sensors.py for tasks to queue
[2025-03-06T23:42:37.971+0100] {logging_mixin.py:190} INFO - [2025-03-06T23:42:37.971+0100] {dagbag.py:588} INFO - Filling up the DagBag from /home/erij/Erij_Mazouz_4DS8_churn_ml_project/venv/lib/python3.8/site-packages/airflow/example_dags/example_sensors.py
[2025-03-06T23:42:37.982+0100] {processor.py:925} INFO - DAG(s) 'example_sensors' retrieved from /home/erij/Erij_Mazouz_4DS8_churn_ml_project/venv/lib/python3.8/site-packages/airflow/example_dags/example_sensors.py
[2025-03-06T23:42:38.002+0100] {logging_mixin.py:190} INFO - [2025-03-06T23:42:38.002+0100] {dag.py:3239} INFO - Sync 1 DAGs
[2025-03-06T23:42:38.015+0100] {logging_mixin.py:190} INFO - [2025-03-06T23:42:38.014+0100] {dag.py:4180} INFO - Setting next_dagrun for example_sensors to None, run_after=None
[2025-03-06T23:42:38.034+0100] {processor.py:208} INFO - Processing /home/erij/Erij_Mazouz_4DS8_churn_ml_project/venv/lib/python3.8/site-packages/airflow/example_dags/example_sensors.py took 0.074 seconds
[2025-03-06T23:43:30.703+0100] {processor.py:186} INFO - Started process (PID=56890) to work on /home/erij/Erij_Mazouz_4DS8_churn_ml_project/venv/lib/python3.8/site-packages/airflow/example_dags/example_sensors.py
[2025-03-06T23:43:30.705+0100] {processor.py:914} INFO - Processing file /home/erij/Erij_Mazouz_4DS8_churn_ml_project/venv/lib/python3.8/site-packages/airflow/example_dags/example_sensors.py for tasks to queue
[2025-03-06T23:43:30.707+0100] {logging_mixin.py:190} INFO - [2025-03-06T23:43:30.706+0100] {dagbag.py:588} INFO - Filling up the DagBag from /home/erij/Erij_Mazouz_4DS8_churn_ml_project/venv/lib/python3.8/site-packages/airflow/example_dags/example_sensors.py
[2025-03-06T23:43:30.716+0100] {processor.py:925} INFO - DAG(s) 'example_sensors' retrieved from /home/erij/Erij_Mazouz_4DS8_churn_ml_project/venv/lib/python3.8/site-packages/airflow/example_dags/example_sensors.py
[2025-03-06T23:43:30.733+0100] {logging_mixin.py:190} INFO - [2025-03-06T23:43:30.733+0100] {dag.py:3239} INFO - Sync 1 DAGs
[2025-03-06T23:43:30.745+0100] {logging_mixin.py:190} INFO - [2025-03-06T23:43:30.744+0100] {dag.py:4180} INFO - Setting next_dagrun for example_sensors to None, run_after=None
[2025-03-06T23:43:30.765+0100] {processor.py:208} INFO - Processing /home/erij/Erij_Mazouz_4DS8_churn_ml_project/venv/lib/python3.8/site-packages/airflow/example_dags/example_sensors.py took 0.067 seconds
[2025-03-06T23:44:21.898+0100] {processor.py:186} INFO - Started process (PID=56998) to work on /home/erij/Erij_Mazouz_4DS8_churn_ml_project/venv/lib/python3.8/site-packages/airflow/example_dags/example_sensors.py
[2025-03-06T23:44:21.900+0100] {processor.py:914} INFO - Processing file /home/erij/Erij_Mazouz_4DS8_churn_ml_project/venv/lib/python3.8/site-packages/airflow/example_dags/example_sensors.py for tasks to queue
[2025-03-06T23:44:21.902+0100] {logging_mixin.py:190} INFO - [2025-03-06T23:44:21.901+0100] {dagbag.py:588} INFO - Filling up the DagBag from /home/erij/Erij_Mazouz_4DS8_churn_ml_project/venv/lib/python3.8/site-packages/airflow/example_dags/example_sensors.py
[2025-03-06T23:44:21.911+0100] {processor.py:925} INFO - DAG(s) 'example_sensors' retrieved from /home/erij/Erij_Mazouz_4DS8_churn_ml_project/venv/lib/python3.8/site-packages/airflow/example_dags/example_sensors.py
[2025-03-06T23:44:21.927+0100] {logging_mixin.py:190} INFO - [2025-03-06T23:44:21.927+0100] {dag.py:3239} INFO - Sync 1 DAGs
[2025-03-06T23:44:21.937+0100] {logging_mixin.py:190} INFO - [2025-03-06T23:44:21.937+0100] {dag.py:4180} INFO - Setting next_dagrun for example_sensors to None, run_after=None
[2025-03-06T23:44:21.954+0100] {processor.py:208} INFO - Processing /home/erij/Erij_Mazouz_4DS8_churn_ml_project/venv/lib/python3.8/site-packages/airflow/example_dags/example_sensors.py took 0.060 seconds
[2025-03-06T23:45:18.886+0100] {processor.py:186} INFO - Started process (PID=57164) to work on /home/erij/Erij_Mazouz_4DS8_churn_ml_project/venv/lib/python3.8/site-packages/airflow/example_dags/example_sensors.py
[2025-03-06T23:45:18.887+0100] {processor.py:914} INFO - Processing file /home/erij/Erij_Mazouz_4DS8_churn_ml_project/venv/lib/python3.8/site-packages/airflow/example_dags/example_sensors.py for tasks to queue
[2025-03-06T23:45:18.889+0100] {logging_mixin.py:190} INFO - [2025-03-06T23:45:18.889+0100] {dagbag.py:588} INFO - Filling up the DagBag from /home/erij/Erij_Mazouz_4DS8_churn_ml_project/venv/lib/python3.8/site-packages/airflow/example_dags/example_sensors.py
[2025-03-06T23:45:18.899+0100] {processor.py:925} INFO - DAG(s) 'example_sensors' retrieved from /home/erij/Erij_Mazouz_4DS8_churn_ml_project/venv/lib/python3.8/site-packages/airflow/example_dags/example_sensors.py
[2025-03-06T23:45:18.915+0100] {logging_mixin.py:190} INFO - [2025-03-06T23:45:18.915+0100] {dag.py:3239} INFO - Sync 1 DAGs
[2025-03-06T23:45:18.926+0100] {logging_mixin.py:190} INFO - [2025-03-06T23:45:18.925+0100] {dag.py:4180} INFO - Setting next_dagrun for example_sensors to None, run_after=None
[2025-03-06T23:45:18.951+0100] {processor.py:208} INFO - Processing /home/erij/Erij_Mazouz_4DS8_churn_ml_project/venv/lib/python3.8/site-packages/airflow/example_dags/example_sensors.py took 0.070 seconds
[2025-03-06T23:46:17.847+0100] {processor.py:186} INFO - Started process (PID=57284) to work on /home/erij/Erij_Mazouz_4DS8_churn_ml_project/venv/lib/python3.8/site-packages/airflow/example_dags/example_sensors.py
[2025-03-06T23:46:17.849+0100] {processor.py:914} INFO - Processing file /home/erij/Erij_Mazouz_4DS8_churn_ml_project/venv/lib/python3.8/site-packages/airflow/example_dags/example_sensors.py for tasks to queue
[2025-03-06T23:46:17.851+0100] {logging_mixin.py:190} INFO - [2025-03-06T23:46:17.851+0100] {dagbag.py:588} INFO - Filling up the DagBag from /home/erij/Erij_Mazouz_4DS8_churn_ml_project/venv/lib/python3.8/site-packages/airflow/example_dags/example_sensors.py
[2025-03-06T23:46:17.861+0100] {processor.py:925} INFO - DAG(s) 'example_sensors' retrieved from /home/erij/Erij_Mazouz_4DS8_churn_ml_project/venv/lib/python3.8/site-packages/airflow/example_dags/example_sensors.py
[2025-03-06T23:46:17.877+0100] {logging_mixin.py:190} INFO - [2025-03-06T23:46:17.877+0100] {dag.py:3239} INFO - Sync 1 DAGs
[2025-03-06T23:46:17.887+0100] {logging_mixin.py:190} INFO - [2025-03-06T23:46:17.887+0100] {dag.py:4180} INFO - Setting next_dagrun for example_sensors to None, run_after=None
[2025-03-06T23:46:17.920+0100] {processor.py:208} INFO - Processing /home/erij/Erij_Mazouz_4DS8_churn_ml_project/venv/lib/python3.8/site-packages/airflow/example_dags/example_sensors.py took 0.078 seconds
[2025-03-06T23:47:11.834+0100] {processor.py:186} INFO - Started process (PID=57393) to work on /home/erij/Erij_Mazouz_4DS8_churn_ml_project/venv/lib/python3.8/site-packages/airflow/example_dags/example_sensors.py
[2025-03-06T23:47:11.836+0100] {processor.py:914} INFO - Processing file /home/erij/Erij_Mazouz_4DS8_churn_ml_project/venv/lib/python3.8/site-packages/airflow/example_dags/example_sensors.py for tasks to queue
[2025-03-06T23:47:11.838+0100] {logging_mixin.py:190} INFO - [2025-03-06T23:47:11.838+0100] {dagbag.py:588} INFO - Filling up the DagBag from /home/erij/Erij_Mazouz_4DS8_churn_ml_project/venv/lib/python3.8/site-packages/airflow/example_dags/example_sensors.py
[2025-03-06T23:47:11.847+0100] {processor.py:925} INFO - DAG(s) 'example_sensors' retrieved from /home/erij/Erij_Mazouz_4DS8_churn_ml_project/venv/lib/python3.8/site-packages/airflow/example_dags/example_sensors.py
[2025-03-06T23:47:11.862+0100] {logging_mixin.py:190} INFO - [2025-03-06T23:47:11.861+0100] {dag.py:3239} INFO - Sync 1 DAGs
[2025-03-06T23:47:11.871+0100] {logging_mixin.py:190} INFO - [2025-03-06T23:47:11.871+0100] {dag.py:4180} INFO - Setting next_dagrun for example_sensors to None, run_after=None
[2025-03-06T23:47:11.887+0100] {processor.py:208} INFO - Processing /home/erij/Erij_Mazouz_4DS8_churn_ml_project/venv/lib/python3.8/site-packages/airflow/example_dags/example_sensors.py took 0.058 seconds
[2025-03-06T23:48:10.677+0100] {processor.py:186} INFO - Started process (PID=57512) to work on /home/erij/Erij_Mazouz_4DS8_churn_ml_project/venv/lib/python3.8/site-packages/airflow/example_dags/example_sensors.py
[2025-03-06T23:48:10.680+0100] {processor.py:914} INFO - Processing file /home/erij/Erij_Mazouz_4DS8_churn_ml_project/venv/lib/python3.8/site-packages/airflow/example_dags/example_sensors.py for tasks to queue
[2025-03-06T23:48:10.682+0100] {logging_mixin.py:190} INFO - [2025-03-06T23:48:10.681+0100] {dagbag.py:588} INFO - Filling up the DagBag from /home/erij/Erij_Mazouz_4DS8_churn_ml_project/venv/lib/python3.8/site-packages/airflow/example_dags/example_sensors.py
[2025-03-06T23:48:10.690+0100] {processor.py:925} INFO - DAG(s) 'example_sensors' retrieved from /home/erij/Erij_Mazouz_4DS8_churn_ml_project/venv/lib/python3.8/site-packages/airflow/example_dags/example_sensors.py
[2025-03-06T23:48:10.706+0100] {logging_mixin.py:190} INFO - [2025-03-06T23:48:10.706+0100] {dag.py:3239} INFO - Sync 1 DAGs
[2025-03-06T23:48:10.718+0100] {logging_mixin.py:190} INFO - [2025-03-06T23:48:10.717+0100] {dag.py:4180} INFO - Setting next_dagrun for example_sensors to None, run_after=None
[2025-03-06T23:48:10.738+0100] {processor.py:208} INFO - Processing /home/erij/Erij_Mazouz_4DS8_churn_ml_project/venv/lib/python3.8/site-packages/airflow/example_dags/example_sensors.py took 0.065 seconds
[2025-03-06T23:49:07.116+0100] {processor.py:186} INFO - Started process (PID=57630) to work on /home/erij/Erij_Mazouz_4DS8_churn_ml_project/venv/lib/python3.8/site-packages/airflow/example_dags/example_sensors.py
[2025-03-06T23:49:07.118+0100] {processor.py:914} INFO - Processing file /home/erij/Erij_Mazouz_4DS8_churn_ml_project/venv/lib/python3.8/site-packages/airflow/example_dags/example_sensors.py for tasks to queue
[2025-03-06T23:49:07.120+0100] {logging_mixin.py:190} INFO - [2025-03-06T23:49:07.120+0100] {dagbag.py:588} INFO - Filling up the DagBag from /home/erij/Erij_Mazouz_4DS8_churn_ml_project/venv/lib/python3.8/site-packages/airflow/example_dags/example_sensors.py
[2025-03-06T23:49:07.129+0100] {processor.py:925} INFO - DAG(s) 'example_sensors' retrieved from /home/erij/Erij_Mazouz_4DS8_churn_ml_project/venv/lib/python3.8/site-packages/airflow/example_dags/example_sensors.py
[2025-03-06T23:49:07.144+0100] {logging_mixin.py:190} INFO - [2025-03-06T23:49:07.144+0100] {dag.py:3239} INFO - Sync 1 DAGs
[2025-03-06T23:49:07.156+0100] {logging_mixin.py:190} INFO - [2025-03-06T23:49:07.156+0100] {dag.py:4180} INFO - Setting next_dagrun for example_sensors to None, run_after=None
[2025-03-06T23:49:07.176+0100] {processor.py:208} INFO - Processing /home/erij/Erij_Mazouz_4DS8_churn_ml_project/venv/lib/python3.8/site-packages/airflow/example_dags/example_sensors.py took 0.065 seconds
[2025-03-06T23:50:00.433+0100] {processor.py:186} INFO - Started process (PID=57737) to work on /home/erij/Erij_Mazouz_4DS8_churn_ml_project/venv/lib/python3.8/site-packages/airflow/example_dags/example_sensors.py
[2025-03-06T23:50:00.434+0100] {processor.py:914} INFO - Processing file /home/erij/Erij_Mazouz_4DS8_churn_ml_project/venv/lib/python3.8/site-packages/airflow/example_dags/example_sensors.py for tasks to queue
[2025-03-06T23:50:00.436+0100] {logging_mixin.py:190} INFO - [2025-03-06T23:50:00.435+0100] {dagbag.py:588} INFO - Filling up the DagBag from /home/erij/Erij_Mazouz_4DS8_churn_ml_project/venv/lib/python3.8/site-packages/airflow/example_dags/example_sensors.py
[2025-03-06T23:50:00.445+0100] {processor.py:925} INFO - DAG(s) 'example_sensors' retrieved from /home/erij/Erij_Mazouz_4DS8_churn_ml_project/venv/lib/python3.8/site-packages/airflow/example_dags/example_sensors.py
[2025-03-06T23:50:00.461+0100] {logging_mixin.py:190} INFO - [2025-03-06T23:50:00.461+0100] {dag.py:3239} INFO - Sync 1 DAGs
[2025-03-06T23:50:00.472+0100] {logging_mixin.py:190} INFO - [2025-03-06T23:50:00.472+0100] {dag.py:4180} INFO - Setting next_dagrun for example_sensors to None, run_after=None
[2025-03-06T23:50:00.489+0100] {processor.py:208} INFO - Processing /home/erij/Erij_Mazouz_4DS8_churn_ml_project/venv/lib/python3.8/site-packages/airflow/example_dags/example_sensors.py took 0.061 seconds
[2025-03-06T23:50:56.943+0100] {processor.py:186} INFO - Started process (PID=57851) to work on /home/erij/Erij_Mazouz_4DS8_churn_ml_project/venv/lib/python3.8/site-packages/airflow/example_dags/example_sensors.py
[2025-03-06T23:50:56.945+0100] {processor.py:914} INFO - Processing file /home/erij/Erij_Mazouz_4DS8_churn_ml_project/venv/lib/python3.8/site-packages/airflow/example_dags/example_sensors.py for tasks to queue
[2025-03-06T23:50:56.947+0100] {logging_mixin.py:190} INFO - [2025-03-06T23:50:56.947+0100] {dagbag.py:588} INFO - Filling up the DagBag from /home/erij/Erij_Mazouz_4DS8_churn_ml_project/venv/lib/python3.8/site-packages/airflow/example_dags/example_sensors.py
[2025-03-06T23:50:56.957+0100] {processor.py:925} INFO - DAG(s) 'example_sensors' retrieved from /home/erij/Erij_Mazouz_4DS8_churn_ml_project/venv/lib/python3.8/site-packages/airflow/example_dags/example_sensors.py
[2025-03-06T23:50:56.975+0100] {logging_mixin.py:190} INFO - [2025-03-06T23:50:56.975+0100] {dag.py:3239} INFO - Sync 1 DAGs
[2025-03-06T23:50:56.986+0100] {logging_mixin.py:190} INFO - [2025-03-06T23:50:56.986+0100] {dag.py:4180} INFO - Setting next_dagrun for example_sensors to None, run_after=None
[2025-03-06T23:50:57.003+0100] {processor.py:208} INFO - Processing /home/erij/Erij_Mazouz_4DS8_churn_ml_project/venv/lib/python3.8/site-packages/airflow/example_dags/example_sensors.py took 0.066 seconds
[2025-03-06T23:51:51.638+0100] {processor.py:186} INFO - Started process (PID=57960) to work on /home/erij/Erij_Mazouz_4DS8_churn_ml_project/venv/lib/python3.8/site-packages/airflow/example_dags/example_sensors.py
[2025-03-06T23:51:51.639+0100] {processor.py:914} INFO - Processing file /home/erij/Erij_Mazouz_4DS8_churn_ml_project/venv/lib/python3.8/site-packages/airflow/example_dags/example_sensors.py for tasks to queue
[2025-03-06T23:51:51.640+0100] {logging_mixin.py:190} INFO - [2025-03-06T23:51:51.640+0100] {dagbag.py:588} INFO - Filling up the DagBag from /home/erij/Erij_Mazouz_4DS8_churn_ml_project/venv/lib/python3.8/site-packages/airflow/example_dags/example_sensors.py
[2025-03-06T23:51:51.650+0100] {processor.py:925} INFO - DAG(s) 'example_sensors' retrieved from /home/erij/Erij_Mazouz_4DS8_churn_ml_project/venv/lib/python3.8/site-packages/airflow/example_dags/example_sensors.py
[2025-03-06T23:51:51.668+0100] {logging_mixin.py:190} INFO - [2025-03-06T23:51:51.667+0100] {dag.py:3239} INFO - Sync 1 DAGs
[2025-03-06T23:51:51.680+0100] {logging_mixin.py:190} INFO - [2025-03-06T23:51:51.680+0100] {dag.py:4180} INFO - Setting next_dagrun for example_sensors to None, run_after=None
[2025-03-06T23:51:51.698+0100] {processor.py:208} INFO - Processing /home/erij/Erij_Mazouz_4DS8_churn_ml_project/venv/lib/python3.8/site-packages/airflow/example_dags/example_sensors.py took 0.065 seconds
[2025-03-06T23:52:48.209+0100] {processor.py:186} INFO - Started process (PID=58080) to work on /home/erij/Erij_Mazouz_4DS8_churn_ml_project/venv/lib/python3.8/site-packages/airflow/example_dags/example_sensors.py
[2025-03-06T23:52:48.212+0100] {processor.py:914} INFO - Processing file /home/erij/Erij_Mazouz_4DS8_churn_ml_project/venv/lib/python3.8/site-packages/airflow/example_dags/example_sensors.py for tasks to queue
[2025-03-06T23:52:48.214+0100] {logging_mixin.py:190} INFO - [2025-03-06T23:52:48.214+0100] {dagbag.py:588} INFO - Filling up the DagBag from /home/erij/Erij_Mazouz_4DS8_churn_ml_project/venv/lib/python3.8/site-packages/airflow/example_dags/example_sensors.py
[2025-03-06T23:52:48.225+0100] {processor.py:925} INFO - DAG(s) 'example_sensors' retrieved from /home/erij/Erij_Mazouz_4DS8_churn_ml_project/venv/lib/python3.8/site-packages/airflow/example_dags/example_sensors.py
[2025-03-06T23:52:48.243+0100] {logging_mixin.py:190} INFO - [2025-03-06T23:52:48.243+0100] {dag.py:3239} INFO - Sync 1 DAGs
[2025-03-06T23:52:48.254+0100] {logging_mixin.py:190} INFO - [2025-03-06T23:52:48.254+0100] {dag.py:4180} INFO - Setting next_dagrun for example_sensors to None, run_after=None
[2025-03-06T23:52:48.274+0100] {processor.py:208} INFO - Processing /home/erij/Erij_Mazouz_4DS8_churn_ml_project/venv/lib/python3.8/site-packages/airflow/example_dags/example_sensors.py took 0.071 seconds
[2025-03-06T23:53:45.867+0100] {processor.py:186} INFO - Started process (PID=58206) to work on /home/erij/Erij_Mazouz_4DS8_churn_ml_project/venv/lib/python3.8/site-packages/airflow/example_dags/example_sensors.py
[2025-03-06T23:53:45.869+0100] {processor.py:914} INFO - Processing file /home/erij/Erij_Mazouz_4DS8_churn_ml_project/venv/lib/python3.8/site-packages/airflow/example_dags/example_sensors.py for tasks to queue
[2025-03-06T23:53:45.871+0100] {logging_mixin.py:190} INFO - [2025-03-06T23:53:45.871+0100] {dagbag.py:588} INFO - Filling up the DagBag from /home/erij/Erij_Mazouz_4DS8_churn_ml_project/venv/lib/python3.8/site-packages/airflow/example_dags/example_sensors.py
[2025-03-06T23:53:45.880+0100] {processor.py:925} INFO - DAG(s) 'example_sensors' retrieved from /home/erij/Erij_Mazouz_4DS8_churn_ml_project/venv/lib/python3.8/site-packages/airflow/example_dags/example_sensors.py
[2025-03-06T23:53:45.898+0100] {logging_mixin.py:190} INFO - [2025-03-06T23:53:45.897+0100] {dag.py:3239} INFO - Sync 1 DAGs
[2025-03-06T23:53:45.908+0100] {logging_mixin.py:190} INFO - [2025-03-06T23:53:45.908+0100] {dag.py:4180} INFO - Setting next_dagrun for example_sensors to None, run_after=None
[2025-03-06T23:53:45.926+0100] {processor.py:208} INFO - Processing /home/erij/Erij_Mazouz_4DS8_churn_ml_project/venv/lib/python3.8/site-packages/airflow/example_dags/example_sensors.py took 0.064 seconds
[2025-03-06T23:54:43.582+0100] {processor.py:186} INFO - Started process (PID=58578) to work on /home/erij/Erij_Mazouz_4DS8_churn_ml_project/venv/lib/python3.8/site-packages/airflow/example_dags/example_sensors.py
[2025-03-06T23:54:43.584+0100] {processor.py:914} INFO - Processing file /home/erij/Erij_Mazouz_4DS8_churn_ml_project/venv/lib/python3.8/site-packages/airflow/example_dags/example_sensors.py for tasks to queue
[2025-03-06T23:54:43.586+0100] {logging_mixin.py:190} INFO - [2025-03-06T23:54:43.586+0100] {dagbag.py:588} INFO - Filling up the DagBag from /home/erij/Erij_Mazouz_4DS8_churn_ml_project/venv/lib/python3.8/site-packages/airflow/example_dags/example_sensors.py
[2025-03-06T23:54:43.595+0100] {processor.py:925} INFO - DAG(s) 'example_sensors' retrieved from /home/erij/Erij_Mazouz_4DS8_churn_ml_project/venv/lib/python3.8/site-packages/airflow/example_dags/example_sensors.py
[2025-03-06T23:54:43.611+0100] {logging_mixin.py:190} INFO - [2025-03-06T23:54:43.611+0100] {dag.py:3239} INFO - Sync 1 DAGs
[2025-03-06T23:54:43.621+0100] {logging_mixin.py:190} INFO - [2025-03-06T23:54:43.621+0100] {dag.py:4180} INFO - Setting next_dagrun for example_sensors to None, run_after=None
[2025-03-06T23:54:43.640+0100] {processor.py:208} INFO - Processing /home/erij/Erij_Mazouz_4DS8_churn_ml_project/venv/lib/python3.8/site-packages/airflow/example_dags/example_sensors.py took 0.063 seconds
[2025-03-06T23:55:41.095+0100] {processor.py:186} INFO - Started process (PID=59140) to work on /home/erij/Erij_Mazouz_4DS8_churn_ml_project/venv/lib/python3.8/site-packages/airflow/example_dags/example_sensors.py
[2025-03-06T23:55:41.097+0100] {processor.py:914} INFO - Processing file /home/erij/Erij_Mazouz_4DS8_churn_ml_project/venv/lib/python3.8/site-packages/airflow/example_dags/example_sensors.py for tasks to queue
[2025-03-06T23:55:41.099+0100] {logging_mixin.py:190} INFO - [2025-03-06T23:55:41.099+0100] {dagbag.py:588} INFO - Filling up the DagBag from /home/erij/Erij_Mazouz_4DS8_churn_ml_project/venv/lib/python3.8/site-packages/airflow/example_dags/example_sensors.py
[2025-03-06T23:55:41.107+0100] {processor.py:925} INFO - DAG(s) 'example_sensors' retrieved from /home/erij/Erij_Mazouz_4DS8_churn_ml_project/venv/lib/python3.8/site-packages/airflow/example_dags/example_sensors.py
[2025-03-06T23:55:41.124+0100] {logging_mixin.py:190} INFO - [2025-03-06T23:55:41.124+0100] {dag.py:3239} INFO - Sync 1 DAGs
[2025-03-06T23:55:41.134+0100] {logging_mixin.py:190} INFO - [2025-03-06T23:55:41.134+0100] {dag.py:4180} INFO - Setting next_dagrun for example_sensors to None, run_after=None
[2025-03-06T23:55:41.153+0100] {processor.py:208} INFO - Processing /home/erij/Erij_Mazouz_4DS8_churn_ml_project/venv/lib/python3.8/site-packages/airflow/example_dags/example_sensors.py took 0.062 seconds
[2025-03-06T23:56:37.320+0100] {processor.py:186} INFO - Started process (PID=59269) to work on /home/erij/Erij_Mazouz_4DS8_churn_ml_project/venv/lib/python3.8/site-packages/airflow/example_dags/example_sensors.py
[2025-03-06T23:56:37.322+0100] {processor.py:914} INFO - Processing file /home/erij/Erij_Mazouz_4DS8_churn_ml_project/venv/lib/python3.8/site-packages/airflow/example_dags/example_sensors.py for tasks to queue
[2025-03-06T23:56:37.324+0100] {logging_mixin.py:190} INFO - [2025-03-06T23:56:37.324+0100] {dagbag.py:588} INFO - Filling up the DagBag from /home/erij/Erij_Mazouz_4DS8_churn_ml_project/venv/lib/python3.8/site-packages/airflow/example_dags/example_sensors.py
[2025-03-06T23:56:37.334+0100] {processor.py:925} INFO - DAG(s) 'example_sensors' retrieved from /home/erij/Erij_Mazouz_4DS8_churn_ml_project/venv/lib/python3.8/site-packages/airflow/example_dags/example_sensors.py
[2025-03-06T23:56:37.353+0100] {logging_mixin.py:190} INFO - [2025-03-06T23:56:37.353+0100] {dag.py:3239} INFO - Sync 1 DAGs
[2025-03-06T23:56:37.364+0100] {logging_mixin.py:190} INFO - [2025-03-06T23:56:37.364+0100] {dag.py:4180} INFO - Setting next_dagrun for example_sensors to None, run_after=None
[2025-03-06T23:56:37.383+0100] {processor.py:208} INFO - Processing /home/erij/Erij_Mazouz_4DS8_churn_ml_project/venv/lib/python3.8/site-packages/airflow/example_dags/example_sensors.py took 0.068 seconds
[2025-03-06T23:57:31.675+0100] {processor.py:186} INFO - Started process (PID=59384) to work on /home/erij/Erij_Mazouz_4DS8_churn_ml_project/venv/lib/python3.8/site-packages/airflow/example_dags/example_sensors.py
[2025-03-06T23:57:31.676+0100] {processor.py:914} INFO - Processing file /home/erij/Erij_Mazouz_4DS8_churn_ml_project/venv/lib/python3.8/site-packages/airflow/example_dags/example_sensors.py for tasks to queue
[2025-03-06T23:57:31.678+0100] {logging_mixin.py:190} INFO - [2025-03-06T23:57:31.678+0100] {dagbag.py:588} INFO - Filling up the DagBag from /home/erij/Erij_Mazouz_4DS8_churn_ml_project/venv/lib/python3.8/site-packages/airflow/example_dags/example_sensors.py
[2025-03-06T23:57:31.688+0100] {processor.py:925} INFO - DAG(s) 'example_sensors' retrieved from /home/erij/Erij_Mazouz_4DS8_churn_ml_project/venv/lib/python3.8/site-packages/airflow/example_dags/example_sensors.py
[2025-03-06T23:57:31.705+0100] {logging_mixin.py:190} INFO - [2025-03-06T23:57:31.705+0100] {dag.py:3239} INFO - Sync 1 DAGs
[2025-03-06T23:57:31.716+0100] {logging_mixin.py:190} INFO - [2025-03-06T23:57:31.716+0100] {dag.py:4180} INFO - Setting next_dagrun for example_sensors to None, run_after=None
[2025-03-06T23:57:31.734+0100] {processor.py:208} INFO - Processing /home/erij/Erij_Mazouz_4DS8_churn_ml_project/venv/lib/python3.8/site-packages/airflow/example_dags/example_sensors.py took 0.065 seconds
[2025-03-06T23:58:26.675+0100] {processor.py:186} INFO - Started process (PID=59537) to work on /home/erij/Erij_Mazouz_4DS8_churn_ml_project/venv/lib/python3.8/site-packages/airflow/example_dags/example_sensors.py
[2025-03-06T23:58:26.677+0100] {processor.py:914} INFO - Processing file /home/erij/Erij_Mazouz_4DS8_churn_ml_project/venv/lib/python3.8/site-packages/airflow/example_dags/example_sensors.py for tasks to queue
[2025-03-06T23:58:26.679+0100] {logging_mixin.py:190} INFO - [2025-03-06T23:58:26.679+0100] {dagbag.py:588} INFO - Filling up the DagBag from /home/erij/Erij_Mazouz_4DS8_churn_ml_project/venv/lib/python3.8/site-packages/airflow/example_dags/example_sensors.py
[2025-03-06T23:58:26.689+0100] {processor.py:925} INFO - DAG(s) 'example_sensors' retrieved from /home/erij/Erij_Mazouz_4DS8_churn_ml_project/venv/lib/python3.8/site-packages/airflow/example_dags/example_sensors.py
[2025-03-06T23:58:26.706+0100] {logging_mixin.py:190} INFO - [2025-03-06T23:58:26.705+0100] {dag.py:3239} INFO - Sync 1 DAGs
[2025-03-06T23:58:26.716+0100] {logging_mixin.py:190} INFO - [2025-03-06T23:58:26.716+0100] {dag.py:4180} INFO - Setting next_dagrun for example_sensors to None, run_after=None
[2025-03-06T23:58:26.735+0100] {processor.py:208} INFO - Processing /home/erij/Erij_Mazouz_4DS8_churn_ml_project/venv/lib/python3.8/site-packages/airflow/example_dags/example_sensors.py took 0.066 seconds
[2025-03-06T23:59:17.772+0100] {processor.py:186} INFO - Started process (PID=59681) to work on /home/erij/Erij_Mazouz_4DS8_churn_ml_project/venv/lib/python3.8/site-packages/airflow/example_dags/example_sensors.py
[2025-03-06T23:59:17.773+0100] {processor.py:914} INFO - Processing file /home/erij/Erij_Mazouz_4DS8_churn_ml_project/venv/lib/python3.8/site-packages/airflow/example_dags/example_sensors.py for tasks to queue
[2025-03-06T23:59:17.775+0100] {logging_mixin.py:190} INFO - [2025-03-06T23:59:17.774+0100] {dagbag.py:588} INFO - Filling up the DagBag from /home/erij/Erij_Mazouz_4DS8_churn_ml_project/venv/lib/python3.8/site-packages/airflow/example_dags/example_sensors.py
[2025-03-06T23:59:17.785+0100] {processor.py:925} INFO - DAG(s) 'example_sensors' retrieved from /home/erij/Erij_Mazouz_4DS8_churn_ml_project/venv/lib/python3.8/site-packages/airflow/example_dags/example_sensors.py
[2025-03-06T23:59:17.802+0100] {logging_mixin.py:190} INFO - [2025-03-06T23:59:17.802+0100] {dag.py:3239} INFO - Sync 1 DAGs
[2025-03-06T23:59:17.814+0100] {logging_mixin.py:190} INFO - [2025-03-06T23:59:17.813+0100] {dag.py:4180} INFO - Setting next_dagrun for example_sensors to None, run_after=None
[2025-03-06T23:59:17.832+0100] {processor.py:208} INFO - Processing /home/erij/Erij_Mazouz_4DS8_churn_ml_project/venv/lib/python3.8/site-packages/airflow/example_dags/example_sensors.py took 0.066 seconds
[2025-03-07T00:00:08.064+0100] {processor.py:186} INFO - Started process (PID=59860) to work on /home/erij/Erij_Mazouz_4DS8_churn_ml_project/venv/lib/python3.8/site-packages/airflow/example_dags/example_sensors.py
[2025-03-07T00:00:08.071+0100] {processor.py:914} INFO - Processing file /home/erij/Erij_Mazouz_4DS8_churn_ml_project/venv/lib/python3.8/site-packages/airflow/example_dags/example_sensors.py for tasks to queue
[2025-03-07T00:00:08.073+0100] {logging_mixin.py:190} INFO - [2025-03-07T00:00:08.073+0100] {dagbag.py:588} INFO - Filling up the DagBag from /home/erij/Erij_Mazouz_4DS8_churn_ml_project/venv/lib/python3.8/site-packages/airflow/example_dags/example_sensors.py
[2025-03-07T00:00:08.089+0100] {processor.py:925} INFO - DAG(s) 'example_sensors' retrieved from /home/erij/Erij_Mazouz_4DS8_churn_ml_project/venv/lib/python3.8/site-packages/airflow/example_dags/example_sensors.py
[2025-03-07T00:00:08.118+0100] {logging_mixin.py:190} INFO - [2025-03-07T00:00:08.118+0100] {dag.py:3239} INFO - Sync 1 DAGs
[2025-03-07T00:00:08.135+0100] {logging_mixin.py:190} INFO - [2025-03-07T00:00:08.135+0100] {dag.py:4180} INFO - Setting next_dagrun for example_sensors to None, run_after=None
[2025-03-07T00:00:08.157+0100] {processor.py:208} INFO - Processing /home/erij/Erij_Mazouz_4DS8_churn_ml_project/venv/lib/python3.8/site-packages/airflow/example_dags/example_sensors.py took 0.104 seconds
[2025-03-07T00:01:01.984+0100] {processor.py:186} INFO - Started process (PID=60017) to work on /home/erij/Erij_Mazouz_4DS8_churn_ml_project/venv/lib/python3.8/site-packages/airflow/example_dags/example_sensors.py
[2025-03-07T00:01:01.986+0100] {processor.py:914} INFO - Processing file /home/erij/Erij_Mazouz_4DS8_churn_ml_project/venv/lib/python3.8/site-packages/airflow/example_dags/example_sensors.py for tasks to queue
[2025-03-07T00:01:01.989+0100] {logging_mixin.py:190} INFO - [2025-03-07T00:01:01.988+0100] {dagbag.py:588} INFO - Filling up the DagBag from /home/erij/Erij_Mazouz_4DS8_churn_ml_project/venv/lib/python3.8/site-packages/airflow/example_dags/example_sensors.py
[2025-03-07T00:01:01.999+0100] {processor.py:925} INFO - DAG(s) 'example_sensors' retrieved from /home/erij/Erij_Mazouz_4DS8_churn_ml_project/venv/lib/python3.8/site-packages/airflow/example_dags/example_sensors.py
[2025-03-07T00:01:02.016+0100] {logging_mixin.py:190} INFO - [2025-03-07T00:01:02.016+0100] {dag.py:3239} INFO - Sync 1 DAGs
[2025-03-07T00:01:02.026+0100] {logging_mixin.py:190} INFO - [2025-03-07T00:01:02.025+0100] {dag.py:4180} INFO - Setting next_dagrun for example_sensors to None, run_after=None
[2025-03-07T00:01:02.043+0100] {processor.py:208} INFO - Processing /home/erij/Erij_Mazouz_4DS8_churn_ml_project/venv/lib/python3.8/site-packages/airflow/example_dags/example_sensors.py took 0.067 seconds
[2025-03-07T00:01:56.060+0100] {processor.py:186} INFO - Started process (PID=60188) to work on /home/erij/Erij_Mazouz_4DS8_churn_ml_project/venv/lib/python3.8/site-packages/airflow/example_dags/example_sensors.py
[2025-03-07T00:01:56.062+0100] {processor.py:914} INFO - Processing file /home/erij/Erij_Mazouz_4DS8_churn_ml_project/venv/lib/python3.8/site-packages/airflow/example_dags/example_sensors.py for tasks to queue
[2025-03-07T00:01:56.065+0100] {logging_mixin.py:190} INFO - [2025-03-07T00:01:56.065+0100] {dagbag.py:588} INFO - Filling up the DagBag from /home/erij/Erij_Mazouz_4DS8_churn_ml_project/venv/lib/python3.8/site-packages/airflow/example_dags/example_sensors.py
[2025-03-07T00:01:56.077+0100] {processor.py:925} INFO - DAG(s) 'example_sensors' retrieved from /home/erij/Erij_Mazouz_4DS8_churn_ml_project/venv/lib/python3.8/site-packages/airflow/example_dags/example_sensors.py
[2025-03-07T00:01:56.099+0100] {logging_mixin.py:190} INFO - [2025-03-07T00:01:56.099+0100] {dag.py:3239} INFO - Sync 1 DAGs
[2025-03-07T00:01:56.112+0100] {logging_mixin.py:190} INFO - [2025-03-07T00:01:56.112+0100] {dag.py:4180} INFO - Setting next_dagrun for example_sensors to None, run_after=None
[2025-03-07T00:01:56.132+0100] {processor.py:208} INFO - Processing /home/erij/Erij_Mazouz_4DS8_churn_ml_project/venv/lib/python3.8/site-packages/airflow/example_dags/example_sensors.py took 0.079 seconds
[2025-03-07T00:02:53.575+0100] {processor.py:186} INFO - Started process (PID=60425) to work on /home/erij/Erij_Mazouz_4DS8_churn_ml_project/venv/lib/python3.8/site-packages/airflow/example_dags/example_sensors.py
[2025-03-07T00:02:53.577+0100] {processor.py:914} INFO - Processing file /home/erij/Erij_Mazouz_4DS8_churn_ml_project/venv/lib/python3.8/site-packages/airflow/example_dags/example_sensors.py for tasks to queue
[2025-03-07T00:02:53.579+0100] {logging_mixin.py:190} INFO - [2025-03-07T00:02:53.579+0100] {dagbag.py:588} INFO - Filling up the DagBag from /home/erij/Erij_Mazouz_4DS8_churn_ml_project/venv/lib/python3.8/site-packages/airflow/example_dags/example_sensors.py
[2025-03-07T00:02:53.588+0100] {processor.py:925} INFO - DAG(s) 'example_sensors' retrieved from /home/erij/Erij_Mazouz_4DS8_churn_ml_project/venv/lib/python3.8/site-packages/airflow/example_dags/example_sensors.py
[2025-03-07T00:02:53.606+0100] {logging_mixin.py:190} INFO - [2025-03-07T00:02:53.606+0100] {dag.py:3239} INFO - Sync 1 DAGs
[2025-03-07T00:02:53.617+0100] {logging_mixin.py:190} INFO - [2025-03-07T00:02:53.617+0100] {dag.py:4180} INFO - Setting next_dagrun for example_sensors to None, run_after=None
[2025-03-07T00:02:53.635+0100] {processor.py:208} INFO - Processing /home/erij/Erij_Mazouz_4DS8_churn_ml_project/venv/lib/python3.8/site-packages/airflow/example_dags/example_sensors.py took 0.065 seconds
