[2025-03-06T23:39:15.078+0100] {processor.py:186} INFO - Started process (PID=55925) to work on /home/erij/Erij_Mazouz_4DS8_churn_ml_project/venv/lib/python3.8/site-packages/airflow/example_dags/example_trigger_target_dag.py
[2025-03-06T23:39:15.078+0100] {processor.py:914} INFO - Processing file /home/erij/Erij_Mazouz_4DS8_churn_ml_project/venv/lib/python3.8/site-packages/airflow/example_dags/example_trigger_target_dag.py for tasks to queue
[2025-03-06T23:39:15.080+0100] {logging_mixin.py:190} INFO - [2025-03-06T23:39:15.080+0100] {dagbag.py:588} INFO - Filling up the DagBag from /home/erij/Erij_Mazouz_4DS8_churn_ml_project/venv/lib/python3.8/site-packages/airflow/example_dags/example_trigger_target_dag.py
[2025-03-06T23:39:15.088+0100] {processor.py:925} INFO - DAG(s) 'example_trigger_target_dag' retrieved from /home/erij/Erij_Mazouz_4DS8_churn_ml_project/venv/lib/python3.8/site-packages/airflow/example_dags/example_trigger_target_dag.py
[2025-03-06T23:39:15.102+0100] {logging_mixin.py:190} INFO - [2025-03-06T23:39:15.102+0100] {dag.py:3239} INFO - Sync 1 DAGs
[2025-03-06T23:39:15.113+0100] {logging_mixin.py:190} INFO - [2025-03-06T23:39:15.113+0100] {dag.py:4180} INFO - Setting next_dagrun for example_trigger_target_dag to None, run_after=None
[2025-03-06T23:39:15.132+0100] {processor.py:208} INFO - Processing /home/erij/Erij_Mazouz_4DS8_churn_ml_project/venv/lib/python3.8/site-packages/airflow/example_dags/example_trigger_target_dag.py took 0.060 seconds
[2025-03-06T23:40:41.395+0100] {processor.py:186} INFO - Started process (PID=56495) to work on /home/erij/Erij_Mazouz_4DS8_churn_ml_project/venv/lib/python3.8/site-packages/airflow/example_dags/example_trigger_target_dag.py
[2025-03-06T23:40:41.397+0100] {processor.py:914} INFO - Processing file /home/erij/Erij_Mazouz_4DS8_churn_ml_project/venv/lib/python3.8/site-packages/airflow/example_dags/example_trigger_target_dag.py for tasks to queue
[2025-03-06T23:40:41.399+0100] {logging_mixin.py:190} INFO - [2025-03-06T23:40:41.399+0100] {dagbag.py:588} INFO - Filling up the DagBag from /home/erij/Erij_Mazouz_4DS8_churn_ml_project/venv/lib/python3.8/site-packages/airflow/example_dags/example_trigger_target_dag.py
[2025-03-06T23:40:41.406+0100] {processor.py:925} INFO - DAG(s) 'example_trigger_target_dag' retrieved from /home/erij/Erij_Mazouz_4DS8_churn_ml_project/venv/lib/python3.8/site-packages/airflow/example_dags/example_trigger_target_dag.py
[2025-03-06T23:40:41.418+0100] {logging_mixin.py:190} INFO - [2025-03-06T23:40:41.418+0100] {dag.py:3239} INFO - Sync 1 DAGs
[2025-03-06T23:40:41.429+0100] {logging_mixin.py:190} INFO - [2025-03-06T23:40:41.429+0100] {dag.py:4180} INFO - Setting next_dagrun for example_trigger_target_dag to None, run_after=None
[2025-03-06T23:40:41.446+0100] {processor.py:208} INFO - Processing /home/erij/Erij_Mazouz_4DS8_churn_ml_project/venv/lib/python3.8/site-packages/airflow/example_dags/example_trigger_target_dag.py took 0.057 seconds
[2025-03-06T23:41:39.507+0100] {processor.py:186} INFO - Started process (PID=56637) to work on /home/erij/Erij_Mazouz_4DS8_churn_ml_project/venv/lib/python3.8/site-packages/airflow/example_dags/example_trigger_target_dag.py
[2025-03-06T23:41:39.508+0100] {processor.py:914} INFO - Processing file /home/erij/Erij_Mazouz_4DS8_churn_ml_project/venv/lib/python3.8/site-packages/airflow/example_dags/example_trigger_target_dag.py for tasks to queue
[2025-03-06T23:41:39.510+0100] {logging_mixin.py:190} INFO - [2025-03-06T23:41:39.510+0100] {dagbag.py:588} INFO - Filling up the DagBag from /home/erij/Erij_Mazouz_4DS8_churn_ml_project/venv/lib/python3.8/site-packages/airflow/example_dags/example_trigger_target_dag.py
[2025-03-06T23:41:39.517+0100] {processor.py:925} INFO - DAG(s) 'example_trigger_target_dag' retrieved from /home/erij/Erij_Mazouz_4DS8_churn_ml_project/venv/lib/python3.8/site-packages/airflow/example_dags/example_trigger_target_dag.py
[2025-03-06T23:41:39.530+0100] {logging_mixin.py:190} INFO - [2025-03-06T23:41:39.530+0100] {dag.py:3239} INFO - Sync 1 DAGs
[2025-03-06T23:41:39.541+0100] {logging_mixin.py:190} INFO - [2025-03-06T23:41:39.541+0100] {dag.py:4180} INFO - Setting next_dagrun for example_trigger_target_dag to None, run_after=None
[2025-03-06T23:41:39.560+0100] {processor.py:208} INFO - Processing /home/erij/Erij_Mazouz_4DS8_churn_ml_project/venv/lib/python3.8/site-packages/airflow/example_dags/example_trigger_target_dag.py took 0.058 seconds
[2025-03-06T23:42:33.511+0100] {processor.py:186} INFO - Started process (PID=56759) to work on /home/erij/Erij_Mazouz_4DS8_churn_ml_project/venv/lib/python3.8/site-packages/airflow/example_dags/example_trigger_target_dag.py
[2025-03-06T23:42:33.513+0100] {processor.py:914} INFO - Processing file /home/erij/Erij_Mazouz_4DS8_churn_ml_project/venv/lib/python3.8/site-packages/airflow/example_dags/example_trigger_target_dag.py for tasks to queue
[2025-03-06T23:42:33.515+0100] {logging_mixin.py:190} INFO - [2025-03-06T23:42:33.515+0100] {dagbag.py:588} INFO - Filling up the DagBag from /home/erij/Erij_Mazouz_4DS8_churn_ml_project/venv/lib/python3.8/site-packages/airflow/example_dags/example_trigger_target_dag.py
[2025-03-06T23:42:33.521+0100] {processor.py:925} INFO - DAG(s) 'example_trigger_target_dag' retrieved from /home/erij/Erij_Mazouz_4DS8_churn_ml_project/venv/lib/python3.8/site-packages/airflow/example_dags/example_trigger_target_dag.py
[2025-03-06T23:42:33.534+0100] {logging_mixin.py:190} INFO - [2025-03-06T23:42:33.533+0100] {dag.py:3239} INFO - Sync 1 DAGs
[2025-03-06T23:42:33.545+0100] {logging_mixin.py:190} INFO - [2025-03-06T23:42:33.545+0100] {dag.py:4180} INFO - Setting next_dagrun for example_trigger_target_dag to None, run_after=None
[2025-03-06T23:42:33.566+0100] {processor.py:208} INFO - Processing /home/erij/Erij_Mazouz_4DS8_churn_ml_project/venv/lib/python3.8/site-packages/airflow/example_dags/example_trigger_target_dag.py took 0.060 seconds
[2025-03-06T23:43:26.992+0100] {processor.py:186} INFO - Started process (PID=56886) to work on /home/erij/Erij_Mazouz_4DS8_churn_ml_project/venv/lib/python3.8/site-packages/airflow/example_dags/example_trigger_target_dag.py
[2025-03-06T23:43:26.994+0100] {processor.py:914} INFO - Processing file /home/erij/Erij_Mazouz_4DS8_churn_ml_project/venv/lib/python3.8/site-packages/airflow/example_dags/example_trigger_target_dag.py for tasks to queue
[2025-03-06T23:43:26.996+0100] {logging_mixin.py:190} INFO - [2025-03-06T23:43:26.996+0100] {dagbag.py:588} INFO - Filling up the DagBag from /home/erij/Erij_Mazouz_4DS8_churn_ml_project/venv/lib/python3.8/site-packages/airflow/example_dags/example_trigger_target_dag.py
[2025-03-06T23:43:27.003+0100] {processor.py:925} INFO - DAG(s) 'example_trigger_target_dag' retrieved from /home/erij/Erij_Mazouz_4DS8_churn_ml_project/venv/lib/python3.8/site-packages/airflow/example_dags/example_trigger_target_dag.py
[2025-03-06T23:43:27.016+0100] {logging_mixin.py:190} INFO - [2025-03-06T23:43:27.016+0100] {dag.py:3239} INFO - Sync 1 DAGs
[2025-03-06T23:43:27.029+0100] {logging_mixin.py:190} INFO - [2025-03-06T23:43:27.028+0100] {dag.py:4180} INFO - Setting next_dagrun for example_trigger_target_dag to None, run_after=None
[2025-03-06T23:43:27.046+0100] {processor.py:208} INFO - Processing /home/erij/Erij_Mazouz_4DS8_churn_ml_project/venv/lib/python3.8/site-packages/airflow/example_dags/example_trigger_target_dag.py took 0.060 seconds
[2025-03-06T23:44:18.418+0100] {processor.py:186} INFO - Started process (PID=56994) to work on /home/erij/Erij_Mazouz_4DS8_churn_ml_project/venv/lib/python3.8/site-packages/airflow/example_dags/example_trigger_target_dag.py
[2025-03-06T23:44:18.419+0100] {processor.py:914} INFO - Processing file /home/erij/Erij_Mazouz_4DS8_churn_ml_project/venv/lib/python3.8/site-packages/airflow/example_dags/example_trigger_target_dag.py for tasks to queue
[2025-03-06T23:44:18.421+0100] {logging_mixin.py:190} INFO - [2025-03-06T23:44:18.421+0100] {dagbag.py:588} INFO - Filling up the DagBag from /home/erij/Erij_Mazouz_4DS8_churn_ml_project/venv/lib/python3.8/site-packages/airflow/example_dags/example_trigger_target_dag.py
[2025-03-06T23:44:18.428+0100] {processor.py:925} INFO - DAG(s) 'example_trigger_target_dag' retrieved from /home/erij/Erij_Mazouz_4DS8_churn_ml_project/venv/lib/python3.8/site-packages/airflow/example_dags/example_trigger_target_dag.py
[2025-03-06T23:44:18.443+0100] {logging_mixin.py:190} INFO - [2025-03-06T23:44:18.442+0100] {dag.py:3239} INFO - Sync 1 DAGs
[2025-03-06T23:44:18.454+0100] {logging_mixin.py:190} INFO - [2025-03-06T23:44:18.454+0100] {dag.py:4180} INFO - Setting next_dagrun for example_trigger_target_dag to None, run_after=None
[2025-03-06T23:44:18.471+0100] {processor.py:208} INFO - Processing /home/erij/Erij_Mazouz_4DS8_churn_ml_project/venv/lib/python3.8/site-packages/airflow/example_dags/example_trigger_target_dag.py took 0.059 seconds
[2025-03-06T23:45:14.490+0100] {processor.py:186} INFO - Started process (PID=57159) to work on /home/erij/Erij_Mazouz_4DS8_churn_ml_project/venv/lib/python3.8/site-packages/airflow/example_dags/example_trigger_target_dag.py
[2025-03-06T23:45:14.492+0100] {processor.py:914} INFO - Processing file /home/erij/Erij_Mazouz_4DS8_churn_ml_project/venv/lib/python3.8/site-packages/airflow/example_dags/example_trigger_target_dag.py for tasks to queue
[2025-03-06T23:45:14.494+0100] {logging_mixin.py:190} INFO - [2025-03-06T23:45:14.493+0100] {dagbag.py:588} INFO - Filling up the DagBag from /home/erij/Erij_Mazouz_4DS8_churn_ml_project/venv/lib/python3.8/site-packages/airflow/example_dags/example_trigger_target_dag.py
[2025-03-06T23:45:14.501+0100] {processor.py:925} INFO - DAG(s) 'example_trigger_target_dag' retrieved from /home/erij/Erij_Mazouz_4DS8_churn_ml_project/venv/lib/python3.8/site-packages/airflow/example_dags/example_trigger_target_dag.py
[2025-03-06T23:45:14.513+0100] {logging_mixin.py:190} INFO - [2025-03-06T23:45:14.513+0100] {dag.py:3239} INFO - Sync 1 DAGs
[2025-03-06T23:45:14.525+0100] {logging_mixin.py:190} INFO - [2025-03-06T23:45:14.524+0100] {dag.py:4180} INFO - Setting next_dagrun for example_trigger_target_dag to None, run_after=None
[2025-03-06T23:45:14.559+0100] {processor.py:208} INFO - Processing /home/erij/Erij_Mazouz_4DS8_churn_ml_project/venv/lib/python3.8/site-packages/airflow/example_dags/example_trigger_target_dag.py took 0.074 seconds
[2025-03-06T23:46:13.324+0100] {processor.py:186} INFO - Started process (PID=57273) to work on /home/erij/Erij_Mazouz_4DS8_churn_ml_project/venv/lib/python3.8/site-packages/airflow/example_dags/example_trigger_target_dag.py
[2025-03-06T23:46:13.339+0100] {processor.py:914} INFO - Processing file /home/erij/Erij_Mazouz_4DS8_churn_ml_project/venv/lib/python3.8/site-packages/airflow/example_dags/example_trigger_target_dag.py for tasks to queue
[2025-03-06T23:46:13.341+0100] {logging_mixin.py:190} INFO - [2025-03-06T23:46:13.341+0100] {dagbag.py:588} INFO - Filling up the DagBag from /home/erij/Erij_Mazouz_4DS8_churn_ml_project/venv/lib/python3.8/site-packages/airflow/example_dags/example_trigger_target_dag.py
[2025-03-06T23:46:13.348+0100] {processor.py:925} INFO - DAG(s) 'example_trigger_target_dag' retrieved from /home/erij/Erij_Mazouz_4DS8_churn_ml_project/venv/lib/python3.8/site-packages/airflow/example_dags/example_trigger_target_dag.py
[2025-03-06T23:46:13.360+0100] {logging_mixin.py:190} INFO - [2025-03-06T23:46:13.360+0100] {dag.py:3239} INFO - Sync 1 DAGs
[2025-03-06T23:46:13.371+0100] {logging_mixin.py:190} INFO - [2025-03-06T23:46:13.371+0100] {dag.py:4180} INFO - Setting next_dagrun for example_trigger_target_dag to None, run_after=None
[2025-03-06T23:46:13.406+0100] {processor.py:208} INFO - Processing /home/erij/Erij_Mazouz_4DS8_churn_ml_project/venv/lib/python3.8/site-packages/airflow/example_dags/example_trigger_target_dag.py took 0.087 seconds
[2025-03-06T23:47:07.828+0100] {processor.py:186} INFO - Started process (PID=57389) to work on /home/erij/Erij_Mazouz_4DS8_churn_ml_project/venv/lib/python3.8/site-packages/airflow/example_dags/example_trigger_target_dag.py
[2025-03-06T23:47:07.830+0100] {processor.py:914} INFO - Processing file /home/erij/Erij_Mazouz_4DS8_churn_ml_project/venv/lib/python3.8/site-packages/airflow/example_dags/example_trigger_target_dag.py for tasks to queue
[2025-03-06T23:47:07.832+0100] {logging_mixin.py:190} INFO - [2025-03-06T23:47:07.832+0100] {dagbag.py:588} INFO - Filling up the DagBag from /home/erij/Erij_Mazouz_4DS8_churn_ml_project/venv/lib/python3.8/site-packages/airflow/example_dags/example_trigger_target_dag.py
[2025-03-06T23:47:07.839+0100] {processor.py:925} INFO - DAG(s) 'example_trigger_target_dag' retrieved from /home/erij/Erij_Mazouz_4DS8_churn_ml_project/venv/lib/python3.8/site-packages/airflow/example_dags/example_trigger_target_dag.py
[2025-03-06T23:47:07.850+0100] {logging_mixin.py:190} INFO - [2025-03-06T23:47:07.850+0100] {dag.py:3239} INFO - Sync 1 DAGs
[2025-03-06T23:47:07.860+0100] {logging_mixin.py:190} INFO - [2025-03-06T23:47:07.860+0100] {dag.py:4180} INFO - Setting next_dagrun for example_trigger_target_dag to None, run_after=None
[2025-03-06T23:47:07.879+0100] {processor.py:208} INFO - Processing /home/erij/Erij_Mazouz_4DS8_churn_ml_project/venv/lib/python3.8/site-packages/airflow/example_dags/example_trigger_target_dag.py took 0.055 seconds
[2025-03-06T23:48:06.333+0100] {processor.py:186} INFO - Started process (PID=57508) to work on /home/erij/Erij_Mazouz_4DS8_churn_ml_project/venv/lib/python3.8/site-packages/airflow/example_dags/example_trigger_target_dag.py
[2025-03-06T23:48:06.336+0100] {processor.py:914} INFO - Processing file /home/erij/Erij_Mazouz_4DS8_churn_ml_project/venv/lib/python3.8/site-packages/airflow/example_dags/example_trigger_target_dag.py for tasks to queue
[2025-03-06T23:48:06.338+0100] {logging_mixin.py:190} INFO - [2025-03-06T23:48:06.337+0100] {dagbag.py:588} INFO - Filling up the DagBag from /home/erij/Erij_Mazouz_4DS8_churn_ml_project/venv/lib/python3.8/site-packages/airflow/example_dags/example_trigger_target_dag.py
[2025-03-06T23:48:06.344+0100] {processor.py:925} INFO - DAG(s) 'example_trigger_target_dag' retrieved from /home/erij/Erij_Mazouz_4DS8_churn_ml_project/venv/lib/python3.8/site-packages/airflow/example_dags/example_trigger_target_dag.py
[2025-03-06T23:48:06.355+0100] {logging_mixin.py:190} INFO - [2025-03-06T23:48:06.355+0100] {dag.py:3239} INFO - Sync 1 DAGs
[2025-03-06T23:48:06.366+0100] {logging_mixin.py:190} INFO - [2025-03-06T23:48:06.365+0100] {dag.py:4180} INFO - Setting next_dagrun for example_trigger_target_dag to None, run_after=None
[2025-03-06T23:48:06.385+0100] {processor.py:208} INFO - Processing /home/erij/Erij_Mazouz_4DS8_churn_ml_project/venv/lib/python3.8/site-packages/airflow/example_dags/example_trigger_target_dag.py took 0.056 seconds
[2025-03-06T23:49:03.298+0100] {processor.py:186} INFO - Started process (PID=57618) to work on /home/erij/Erij_Mazouz_4DS8_churn_ml_project/venv/lib/python3.8/site-packages/airflow/example_dags/example_trigger_target_dag.py
[2025-03-06T23:49:03.300+0100] {processor.py:914} INFO - Processing file /home/erij/Erij_Mazouz_4DS8_churn_ml_project/venv/lib/python3.8/site-packages/airflow/example_dags/example_trigger_target_dag.py for tasks to queue
[2025-03-06T23:49:03.302+0100] {logging_mixin.py:190} INFO - [2025-03-06T23:49:03.301+0100] {dagbag.py:588} INFO - Filling up the DagBag from /home/erij/Erij_Mazouz_4DS8_churn_ml_project/venv/lib/python3.8/site-packages/airflow/example_dags/example_trigger_target_dag.py
[2025-03-06T23:49:03.309+0100] {processor.py:925} INFO - DAG(s) 'example_trigger_target_dag' retrieved from /home/erij/Erij_Mazouz_4DS8_churn_ml_project/venv/lib/python3.8/site-packages/airflow/example_dags/example_trigger_target_dag.py
[2025-03-06T23:49:03.320+0100] {logging_mixin.py:190} INFO - [2025-03-06T23:49:03.320+0100] {dag.py:3239} INFO - Sync 1 DAGs
[2025-03-06T23:49:03.331+0100] {logging_mixin.py:190} INFO - [2025-03-06T23:49:03.331+0100] {dag.py:4180} INFO - Setting next_dagrun for example_trigger_target_dag to None, run_after=None
[2025-03-06T23:49:03.349+0100] {processor.py:208} INFO - Processing /home/erij/Erij_Mazouz_4DS8_churn_ml_project/venv/lib/python3.8/site-packages/airflow/example_dags/example_trigger_target_dag.py took 0.056 seconds
[2025-03-06T23:49:56.658+0100] {processor.py:186} INFO - Started process (PID=57733) to work on /home/erij/Erij_Mazouz_4DS8_churn_ml_project/venv/lib/python3.8/site-packages/airflow/example_dags/example_trigger_target_dag.py
[2025-03-06T23:49:56.659+0100] {processor.py:914} INFO - Processing file /home/erij/Erij_Mazouz_4DS8_churn_ml_project/venv/lib/python3.8/site-packages/airflow/example_dags/example_trigger_target_dag.py for tasks to queue
[2025-03-06T23:49:56.661+0100] {logging_mixin.py:190} INFO - [2025-03-06T23:49:56.661+0100] {dagbag.py:588} INFO - Filling up the DagBag from /home/erij/Erij_Mazouz_4DS8_churn_ml_project/venv/lib/python3.8/site-packages/airflow/example_dags/example_trigger_target_dag.py
[2025-03-06T23:49:56.668+0100] {processor.py:925} INFO - DAG(s) 'example_trigger_target_dag' retrieved from /home/erij/Erij_Mazouz_4DS8_churn_ml_project/venv/lib/python3.8/site-packages/airflow/example_dags/example_trigger_target_dag.py
[2025-03-06T23:49:56.680+0100] {logging_mixin.py:190} INFO - [2025-03-06T23:49:56.680+0100] {dag.py:3239} INFO - Sync 1 DAGs
[2025-03-06T23:49:56.692+0100] {logging_mixin.py:190} INFO - [2025-03-06T23:49:56.691+0100] {dag.py:4180} INFO - Setting next_dagrun for example_trigger_target_dag to None, run_after=None
[2025-03-06T23:49:56.710+0100] {processor.py:208} INFO - Processing /home/erij/Erij_Mazouz_4DS8_churn_ml_project/venv/lib/python3.8/site-packages/airflow/example_dags/example_trigger_target_dag.py took 0.057 seconds
[2025-03-06T23:50:52.942+0100] {processor.py:186} INFO - Started process (PID=57840) to work on /home/erij/Erij_Mazouz_4DS8_churn_ml_project/venv/lib/python3.8/site-packages/airflow/example_dags/example_trigger_target_dag.py
[2025-03-06T23:50:52.945+0100] {processor.py:914} INFO - Processing file /home/erij/Erij_Mazouz_4DS8_churn_ml_project/venv/lib/python3.8/site-packages/airflow/example_dags/example_trigger_target_dag.py for tasks to queue
[2025-03-06T23:50:52.946+0100] {logging_mixin.py:190} INFO - [2025-03-06T23:50:52.946+0100] {dagbag.py:588} INFO - Filling up the DagBag from /home/erij/Erij_Mazouz_4DS8_churn_ml_project/venv/lib/python3.8/site-packages/airflow/example_dags/example_trigger_target_dag.py
[2025-03-06T23:50:52.952+0100] {processor.py:925} INFO - DAG(s) 'example_trigger_target_dag' retrieved from /home/erij/Erij_Mazouz_4DS8_churn_ml_project/venv/lib/python3.8/site-packages/airflow/example_dags/example_trigger_target_dag.py
[2025-03-06T23:50:52.964+0100] {logging_mixin.py:190} INFO - [2025-03-06T23:50:52.964+0100] {dag.py:3239} INFO - Sync 1 DAGs
[2025-03-06T23:50:52.974+0100] {logging_mixin.py:190} INFO - [2025-03-06T23:50:52.974+0100] {dag.py:4180} INFO - Setting next_dagrun for example_trigger_target_dag to None, run_after=None
[2025-03-06T23:50:52.990+0100] {processor.py:208} INFO - Processing /home/erij/Erij_Mazouz_4DS8_churn_ml_project/venv/lib/python3.8/site-packages/airflow/example_dags/example_trigger_target_dag.py took 0.053 seconds
[2025-03-06T23:51:48.479+0100] {processor.py:186} INFO - Started process (PID=57956) to work on /home/erij/Erij_Mazouz_4DS8_churn_ml_project/venv/lib/python3.8/site-packages/airflow/example_dags/example_trigger_target_dag.py
[2025-03-06T23:51:48.481+0100] {processor.py:914} INFO - Processing file /home/erij/Erij_Mazouz_4DS8_churn_ml_project/venv/lib/python3.8/site-packages/airflow/example_dags/example_trigger_target_dag.py for tasks to queue
[2025-03-06T23:51:48.483+0100] {logging_mixin.py:190} INFO - [2025-03-06T23:51:48.482+0100] {dagbag.py:588} INFO - Filling up the DagBag from /home/erij/Erij_Mazouz_4DS8_churn_ml_project/venv/lib/python3.8/site-packages/airflow/example_dags/example_trigger_target_dag.py
[2025-03-06T23:51:48.489+0100] {processor.py:925} INFO - DAG(s) 'example_trigger_target_dag' retrieved from /home/erij/Erij_Mazouz_4DS8_churn_ml_project/venv/lib/python3.8/site-packages/airflow/example_dags/example_trigger_target_dag.py
[2025-03-06T23:51:48.500+0100] {logging_mixin.py:190} INFO - [2025-03-06T23:51:48.500+0100] {dag.py:3239} INFO - Sync 1 DAGs
[2025-03-06T23:51:48.510+0100] {logging_mixin.py:190} INFO - [2025-03-06T23:51:48.510+0100] {dag.py:4180} INFO - Setting next_dagrun for example_trigger_target_dag to None, run_after=None
[2025-03-06T23:51:48.526+0100] {processor.py:208} INFO - Processing /home/erij/Erij_Mazouz_4DS8_churn_ml_project/venv/lib/python3.8/site-packages/airflow/example_dags/example_trigger_target_dag.py took 0.052 seconds
[2025-03-06T23:52:45.339+0100] {processor.py:186} INFO - Started process (PID=58075) to work on /home/erij/Erij_Mazouz_4DS8_churn_ml_project/venv/lib/python3.8/site-packages/airflow/example_dags/example_trigger_target_dag.py
[2025-03-06T23:52:45.341+0100] {processor.py:914} INFO - Processing file /home/erij/Erij_Mazouz_4DS8_churn_ml_project/venv/lib/python3.8/site-packages/airflow/example_dags/example_trigger_target_dag.py for tasks to queue
[2025-03-06T23:52:45.343+0100] {logging_mixin.py:190} INFO - [2025-03-06T23:52:45.343+0100] {dagbag.py:588} INFO - Filling up the DagBag from /home/erij/Erij_Mazouz_4DS8_churn_ml_project/venv/lib/python3.8/site-packages/airflow/example_dags/example_trigger_target_dag.py
[2025-03-06T23:52:45.351+0100] {processor.py:925} INFO - DAG(s) 'example_trigger_target_dag' retrieved from /home/erij/Erij_Mazouz_4DS8_churn_ml_project/venv/lib/python3.8/site-packages/airflow/example_dags/example_trigger_target_dag.py
[2025-03-06T23:52:45.365+0100] {logging_mixin.py:190} INFO - [2025-03-06T23:52:45.365+0100] {dag.py:3239} INFO - Sync 1 DAGs
[2025-03-06T23:52:45.378+0100] {logging_mixin.py:190} INFO - [2025-03-06T23:52:45.378+0100] {dag.py:4180} INFO - Setting next_dagrun for example_trigger_target_dag to None, run_after=None
[2025-03-06T23:52:45.397+0100] {processor.py:208} INFO - Processing /home/erij/Erij_Mazouz_4DS8_churn_ml_project/venv/lib/python3.8/site-packages/airflow/example_dags/example_trigger_target_dag.py took 0.064 seconds
[2025-03-06T23:53:41.618+0100] {processor.py:186} INFO - Started process (PID=58192) to work on /home/erij/Erij_Mazouz_4DS8_churn_ml_project/venv/lib/python3.8/site-packages/airflow/example_dags/example_trigger_target_dag.py
[2025-03-06T23:53:41.620+0100] {processor.py:914} INFO - Processing file /home/erij/Erij_Mazouz_4DS8_churn_ml_project/venv/lib/python3.8/site-packages/airflow/example_dags/example_trigger_target_dag.py for tasks to queue
[2025-03-06T23:53:41.622+0100] {logging_mixin.py:190} INFO - [2025-03-06T23:53:41.621+0100] {dagbag.py:588} INFO - Filling up the DagBag from /home/erij/Erij_Mazouz_4DS8_churn_ml_project/venv/lib/python3.8/site-packages/airflow/example_dags/example_trigger_target_dag.py
[2025-03-06T23:53:41.629+0100] {processor.py:925} INFO - DAG(s) 'example_trigger_target_dag' retrieved from /home/erij/Erij_Mazouz_4DS8_churn_ml_project/venv/lib/python3.8/site-packages/airflow/example_dags/example_trigger_target_dag.py
[2025-03-06T23:53:41.641+0100] {logging_mixin.py:190} INFO - [2025-03-06T23:53:41.640+0100] {dag.py:3239} INFO - Sync 1 DAGs
[2025-03-06T23:53:41.652+0100] {logging_mixin.py:190} INFO - [2025-03-06T23:53:41.651+0100] {dag.py:4180} INFO - Setting next_dagrun for example_trigger_target_dag to None, run_after=None
[2025-03-06T23:53:41.668+0100] {processor.py:208} INFO - Processing /home/erij/Erij_Mazouz_4DS8_churn_ml_project/venv/lib/python3.8/site-packages/airflow/example_dags/example_trigger_target_dag.py took 0.055 seconds
[2025-03-06T23:54:39.720+0100] {processor.py:186} INFO - Started process (PID=58572) to work on /home/erij/Erij_Mazouz_4DS8_churn_ml_project/venv/lib/python3.8/site-packages/airflow/example_dags/example_trigger_target_dag.py
[2025-03-06T23:54:39.722+0100] {processor.py:914} INFO - Processing file /home/erij/Erij_Mazouz_4DS8_churn_ml_project/venv/lib/python3.8/site-packages/airflow/example_dags/example_trigger_target_dag.py for tasks to queue
[2025-03-06T23:54:39.724+0100] {logging_mixin.py:190} INFO - [2025-03-06T23:54:39.723+0100] {dagbag.py:588} INFO - Filling up the DagBag from /home/erij/Erij_Mazouz_4DS8_churn_ml_project/venv/lib/python3.8/site-packages/airflow/example_dags/example_trigger_target_dag.py
[2025-03-06T23:54:39.731+0100] {processor.py:925} INFO - DAG(s) 'example_trigger_target_dag' retrieved from /home/erij/Erij_Mazouz_4DS8_churn_ml_project/venv/lib/python3.8/site-packages/airflow/example_dags/example_trigger_target_dag.py
[2025-03-06T23:54:39.742+0100] {logging_mixin.py:190} INFO - [2025-03-06T23:54:39.741+0100] {dag.py:3239} INFO - Sync 1 DAGs
[2025-03-06T23:54:39.752+0100] {logging_mixin.py:190} INFO - [2025-03-06T23:54:39.752+0100] {dag.py:4180} INFO - Setting next_dagrun for example_trigger_target_dag to None, run_after=None
[2025-03-06T23:54:39.769+0100] {processor.py:208} INFO - Processing /home/erij/Erij_Mazouz_4DS8_churn_ml_project/venv/lib/python3.8/site-packages/airflow/example_dags/example_trigger_target_dag.py took 0.054 seconds
[2025-03-06T23:55:36.554+0100] {processor.py:186} INFO - Started process (PID=59131) to work on /home/erij/Erij_Mazouz_4DS8_churn_ml_project/venv/lib/python3.8/site-packages/airflow/example_dags/example_trigger_target_dag.py
[2025-03-06T23:55:36.555+0100] {processor.py:914} INFO - Processing file /home/erij/Erij_Mazouz_4DS8_churn_ml_project/venv/lib/python3.8/site-packages/airflow/example_dags/example_trigger_target_dag.py for tasks to queue
[2025-03-06T23:55:36.558+0100] {logging_mixin.py:190} INFO - [2025-03-06T23:55:36.557+0100] {dagbag.py:588} INFO - Filling up the DagBag from /home/erij/Erij_Mazouz_4DS8_churn_ml_project/venv/lib/python3.8/site-packages/airflow/example_dags/example_trigger_target_dag.py
[2025-03-06T23:55:36.567+0100] {processor.py:925} INFO - DAG(s) 'example_trigger_target_dag' retrieved from /home/erij/Erij_Mazouz_4DS8_churn_ml_project/venv/lib/python3.8/site-packages/airflow/example_dags/example_trigger_target_dag.py
[2025-03-06T23:55:36.582+0100] {logging_mixin.py:190} INFO - [2025-03-06T23:55:36.582+0100] {dag.py:3239} INFO - Sync 1 DAGs
[2025-03-06T23:55:36.596+0100] {logging_mixin.py:190} INFO - [2025-03-06T23:55:36.596+0100] {dag.py:4180} INFO - Setting next_dagrun for example_trigger_target_dag to None, run_after=None
[2025-03-06T23:55:36.616+0100] {processor.py:208} INFO - Processing /home/erij/Erij_Mazouz_4DS8_churn_ml_project/venv/lib/python3.8/site-packages/airflow/example_dags/example_trigger_target_dag.py took 0.069 seconds
[2025-03-06T23:56:32.922+0100] {processor.py:186} INFO - Started process (PID=59256) to work on /home/erij/Erij_Mazouz_4DS8_churn_ml_project/venv/lib/python3.8/site-packages/airflow/example_dags/example_trigger_target_dag.py
[2025-03-06T23:56:32.924+0100] {processor.py:914} INFO - Processing file /home/erij/Erij_Mazouz_4DS8_churn_ml_project/venv/lib/python3.8/site-packages/airflow/example_dags/example_trigger_target_dag.py for tasks to queue
[2025-03-06T23:56:32.926+0100] {logging_mixin.py:190} INFO - [2025-03-06T23:56:32.926+0100] {dagbag.py:588} INFO - Filling up the DagBag from /home/erij/Erij_Mazouz_4DS8_churn_ml_project/venv/lib/python3.8/site-packages/airflow/example_dags/example_trigger_target_dag.py
[2025-03-06T23:56:32.935+0100] {processor.py:925} INFO - DAG(s) 'example_trigger_target_dag' retrieved from /home/erij/Erij_Mazouz_4DS8_churn_ml_project/venv/lib/python3.8/site-packages/airflow/example_dags/example_trigger_target_dag.py
[2025-03-06T23:56:32.947+0100] {logging_mixin.py:190} INFO - [2025-03-06T23:56:32.947+0100] {dag.py:3239} INFO - Sync 1 DAGs
[2025-03-06T23:56:32.959+0100] {logging_mixin.py:190} INFO - [2025-03-06T23:56:32.959+0100] {dag.py:4180} INFO - Setting next_dagrun for example_trigger_target_dag to None, run_after=None
[2025-03-06T23:56:32.983+0100] {processor.py:208} INFO - Processing /home/erij/Erij_Mazouz_4DS8_churn_ml_project/venv/lib/python3.8/site-packages/airflow/example_dags/example_trigger_target_dag.py took 0.066 seconds
[2025-03-06T23:57:28.020+0100] {processor.py:186} INFO - Started process (PID=59380) to work on /home/erij/Erij_Mazouz_4DS8_churn_ml_project/venv/lib/python3.8/site-packages/airflow/example_dags/example_trigger_target_dag.py
[2025-03-06T23:57:28.022+0100] {processor.py:914} INFO - Processing file /home/erij/Erij_Mazouz_4DS8_churn_ml_project/venv/lib/python3.8/site-packages/airflow/example_dags/example_trigger_target_dag.py for tasks to queue
[2025-03-06T23:57:28.025+0100] {logging_mixin.py:190} INFO - [2025-03-06T23:57:28.025+0100] {dagbag.py:588} INFO - Filling up the DagBag from /home/erij/Erij_Mazouz_4DS8_churn_ml_project/venv/lib/python3.8/site-packages/airflow/example_dags/example_trigger_target_dag.py
[2025-03-06T23:57:28.033+0100] {processor.py:925} INFO - DAG(s) 'example_trigger_target_dag' retrieved from /home/erij/Erij_Mazouz_4DS8_churn_ml_project/venv/lib/python3.8/site-packages/airflow/example_dags/example_trigger_target_dag.py
[2025-03-06T23:57:28.049+0100] {logging_mixin.py:190} INFO - [2025-03-06T23:57:28.048+0100] {dag.py:3239} INFO - Sync 1 DAGs
[2025-03-06T23:57:28.061+0100] {logging_mixin.py:190} INFO - [2025-03-06T23:57:28.061+0100] {dag.py:4180} INFO - Setting next_dagrun for example_trigger_target_dag to None, run_after=None
[2025-03-06T23:57:28.080+0100] {processor.py:208} INFO - Processing /home/erij/Erij_Mazouz_4DS8_churn_ml_project/venv/lib/python3.8/site-packages/airflow/example_dags/example_trigger_target_dag.py took 0.065 seconds
[2025-03-06T23:58:23.445+0100] {processor.py:186} INFO - Started process (PID=59525) to work on /home/erij/Erij_Mazouz_4DS8_churn_ml_project/venv/lib/python3.8/site-packages/airflow/example_dags/example_trigger_target_dag.py
[2025-03-06T23:58:23.447+0100] {processor.py:914} INFO - Processing file /home/erij/Erij_Mazouz_4DS8_churn_ml_project/venv/lib/python3.8/site-packages/airflow/example_dags/example_trigger_target_dag.py for tasks to queue
[2025-03-06T23:58:23.449+0100] {logging_mixin.py:190} INFO - [2025-03-06T23:58:23.448+0100] {dagbag.py:588} INFO - Filling up the DagBag from /home/erij/Erij_Mazouz_4DS8_churn_ml_project/venv/lib/python3.8/site-packages/airflow/example_dags/example_trigger_target_dag.py
[2025-03-06T23:58:23.455+0100] {processor.py:925} INFO - DAG(s) 'example_trigger_target_dag' retrieved from /home/erij/Erij_Mazouz_4DS8_churn_ml_project/venv/lib/python3.8/site-packages/airflow/example_dags/example_trigger_target_dag.py
[2025-03-06T23:58:23.466+0100] {logging_mixin.py:190} INFO - [2025-03-06T23:58:23.466+0100] {dag.py:3239} INFO - Sync 1 DAGs
[2025-03-06T23:58:23.477+0100] {logging_mixin.py:190} INFO - [2025-03-06T23:58:23.477+0100] {dag.py:4180} INFO - Setting next_dagrun for example_trigger_target_dag to None, run_after=None
[2025-03-06T23:58:23.492+0100] {processor.py:208} INFO - Processing /home/erij/Erij_Mazouz_4DS8_churn_ml_project/venv/lib/python3.8/site-packages/airflow/example_dags/example_trigger_target_dag.py took 0.053 seconds
[2025-03-06T23:59:13.781+0100] {processor.py:186} INFO - Started process (PID=59668) to work on /home/erij/Erij_Mazouz_4DS8_churn_ml_project/venv/lib/python3.8/site-packages/airflow/example_dags/example_trigger_target_dag.py
[2025-03-06T23:59:13.783+0100] {processor.py:914} INFO - Processing file /home/erij/Erij_Mazouz_4DS8_churn_ml_project/venv/lib/python3.8/site-packages/airflow/example_dags/example_trigger_target_dag.py for tasks to queue
[2025-03-06T23:59:13.785+0100] {logging_mixin.py:190} INFO - [2025-03-06T23:59:13.784+0100] {dagbag.py:588} INFO - Filling up the DagBag from /home/erij/Erij_Mazouz_4DS8_churn_ml_project/venv/lib/python3.8/site-packages/airflow/example_dags/example_trigger_target_dag.py
[2025-03-06T23:59:13.792+0100] {processor.py:925} INFO - DAG(s) 'example_trigger_target_dag' retrieved from /home/erij/Erij_Mazouz_4DS8_churn_ml_project/venv/lib/python3.8/site-packages/airflow/example_dags/example_trigger_target_dag.py
[2025-03-06T23:59:13.805+0100] {logging_mixin.py:190} INFO - [2025-03-06T23:59:13.805+0100] {dag.py:3239} INFO - Sync 1 DAGs
[2025-03-06T23:59:13.820+0100] {logging_mixin.py:190} INFO - [2025-03-06T23:59:13.819+0100] {dag.py:4180} INFO - Setting next_dagrun for example_trigger_target_dag to None, run_after=None
[2025-03-06T23:59:13.848+0100] {processor.py:208} INFO - Processing /home/erij/Erij_Mazouz_4DS8_churn_ml_project/venv/lib/python3.8/site-packages/airflow/example_dags/example_trigger_target_dag.py took 0.073 seconds
[2025-03-07T00:00:04.057+0100] {processor.py:186} INFO - Started process (PID=59813) to work on /home/erij/Erij_Mazouz_4DS8_churn_ml_project/venv/lib/python3.8/site-packages/airflow/example_dags/example_trigger_target_dag.py
[2025-03-07T00:00:04.060+0100] {processor.py:914} INFO - Processing file /home/erij/Erij_Mazouz_4DS8_churn_ml_project/venv/lib/python3.8/site-packages/airflow/example_dags/example_trigger_target_dag.py for tasks to queue
[2025-03-07T00:00:04.062+0100] {logging_mixin.py:190} INFO - [2025-03-07T00:00:04.062+0100] {dagbag.py:588} INFO - Filling up the DagBag from /home/erij/Erij_Mazouz_4DS8_churn_ml_project/venv/lib/python3.8/site-packages/airflow/example_dags/example_trigger_target_dag.py
[2025-03-07T00:00:04.072+0100] {processor.py:925} INFO - DAG(s) 'example_trigger_target_dag' retrieved from /home/erij/Erij_Mazouz_4DS8_churn_ml_project/venv/lib/python3.8/site-packages/airflow/example_dags/example_trigger_target_dag.py
[2025-03-07T00:00:04.086+0100] {logging_mixin.py:190} INFO - [2025-03-07T00:00:04.086+0100] {dag.py:3239} INFO - Sync 1 DAGs
[2025-03-07T00:00:04.098+0100] {logging_mixin.py:190} INFO - [2025-03-07T00:00:04.098+0100] {dag.py:4180} INFO - Setting next_dagrun for example_trigger_target_dag to None, run_after=None
[2025-03-07T00:00:04.115+0100] {processor.py:208} INFO - Processing /home/erij/Erij_Mazouz_4DS8_churn_ml_project/venv/lib/python3.8/site-packages/airflow/example_dags/example_trigger_target_dag.py took 0.064 seconds
[2025-03-07T00:00:58.298+0100] {processor.py:186} INFO - Started process (PID=60012) to work on /home/erij/Erij_Mazouz_4DS8_churn_ml_project/venv/lib/python3.8/site-packages/airflow/example_dags/example_trigger_target_dag.py
[2025-03-07T00:00:58.300+0100] {processor.py:914} INFO - Processing file /home/erij/Erij_Mazouz_4DS8_churn_ml_project/venv/lib/python3.8/site-packages/airflow/example_dags/example_trigger_target_dag.py for tasks to queue
[2025-03-07T00:00:58.302+0100] {logging_mixin.py:190} INFO - [2025-03-07T00:00:58.302+0100] {dagbag.py:588} INFO - Filling up the DagBag from /home/erij/Erij_Mazouz_4DS8_churn_ml_project/venv/lib/python3.8/site-packages/airflow/example_dags/example_trigger_target_dag.py
[2025-03-07T00:00:58.310+0100] {processor.py:925} INFO - DAG(s) 'example_trigger_target_dag' retrieved from /home/erij/Erij_Mazouz_4DS8_churn_ml_project/venv/lib/python3.8/site-packages/airflow/example_dags/example_trigger_target_dag.py
[2025-03-07T00:00:58.322+0100] {logging_mixin.py:190} INFO - [2025-03-07T00:00:58.322+0100] {dag.py:3239} INFO - Sync 1 DAGs
[2025-03-07T00:00:58.334+0100] {logging_mixin.py:190} INFO - [2025-03-07T00:00:58.333+0100] {dag.py:4180} INFO - Setting next_dagrun for example_trigger_target_dag to None, run_after=None
[2025-03-07T00:00:58.355+0100] {processor.py:208} INFO - Processing /home/erij/Erij_Mazouz_4DS8_churn_ml_project/venv/lib/python3.8/site-packages/airflow/example_dags/example_trigger_target_dag.py took 0.062 seconds
[2025-03-07T00:01:51.596+0100] {processor.py:186} INFO - Started process (PID=60165) to work on /home/erij/Erij_Mazouz_4DS8_churn_ml_project/venv/lib/python3.8/site-packages/airflow/example_dags/example_trigger_target_dag.py
[2025-03-07T00:01:51.599+0100] {processor.py:914} INFO - Processing file /home/erij/Erij_Mazouz_4DS8_churn_ml_project/venv/lib/python3.8/site-packages/airflow/example_dags/example_trigger_target_dag.py for tasks to queue
[2025-03-07T00:01:51.601+0100] {logging_mixin.py:190} INFO - [2025-03-07T00:01:51.600+0100] {dagbag.py:588} INFO - Filling up the DagBag from /home/erij/Erij_Mazouz_4DS8_churn_ml_project/venv/lib/python3.8/site-packages/airflow/example_dags/example_trigger_target_dag.py
[2025-03-07T00:01:51.608+0100] {processor.py:925} INFO - DAG(s) 'example_trigger_target_dag' retrieved from /home/erij/Erij_Mazouz_4DS8_churn_ml_project/venv/lib/python3.8/site-packages/airflow/example_dags/example_trigger_target_dag.py
[2025-03-07T00:01:51.621+0100] {logging_mixin.py:190} INFO - [2025-03-07T00:01:51.621+0100] {dag.py:3239} INFO - Sync 1 DAGs
[2025-03-07T00:01:51.633+0100] {logging_mixin.py:190} INFO - [2025-03-07T00:01:51.633+0100] {dag.py:4180} INFO - Setting next_dagrun for example_trigger_target_dag to None, run_after=None
[2025-03-07T00:01:51.651+0100] {processor.py:208} INFO - Processing /home/erij/Erij_Mazouz_4DS8_churn_ml_project/venv/lib/python3.8/site-packages/airflow/example_dags/example_trigger_target_dag.py took 0.060 seconds
[2025-03-07T00:02:49.982+0100] {processor.py:186} INFO - Started process (PID=60403) to work on /home/erij/Erij_Mazouz_4DS8_churn_ml_project/venv/lib/python3.8/site-packages/airflow/example_dags/example_trigger_target_dag.py
[2025-03-07T00:02:49.985+0100] {processor.py:914} INFO - Processing file /home/erij/Erij_Mazouz_4DS8_churn_ml_project/venv/lib/python3.8/site-packages/airflow/example_dags/example_trigger_target_dag.py for tasks to queue
[2025-03-07T00:02:49.987+0100] {logging_mixin.py:190} INFO - [2025-03-07T00:02:49.986+0100] {dagbag.py:588} INFO - Filling up the DagBag from /home/erij/Erij_Mazouz_4DS8_churn_ml_project/venv/lib/python3.8/site-packages/airflow/example_dags/example_trigger_target_dag.py
[2025-03-07T00:02:49.995+0100] {processor.py:925} INFO - DAG(s) 'example_trigger_target_dag' retrieved from /home/erij/Erij_Mazouz_4DS8_churn_ml_project/venv/lib/python3.8/site-packages/airflow/example_dags/example_trigger_target_dag.py
[2025-03-07T00:02:50.013+0100] {logging_mixin.py:190} INFO - [2025-03-07T00:02:50.013+0100] {dag.py:3239} INFO - Sync 1 DAGs
[2025-03-07T00:02:50.035+0100] {logging_mixin.py:190} INFO - [2025-03-07T00:02:50.035+0100] {dag.py:4180} INFO - Setting next_dagrun for example_trigger_target_dag to None, run_after=None
[2025-03-07T00:02:50.063+0100] {processor.py:208} INFO - Processing /home/erij/Erij_Mazouz_4DS8_churn_ml_project/venv/lib/python3.8/site-packages/airflow/example_dags/example_trigger_target_dag.py took 0.086 seconds
