[2025-03-06T23:39:30.792+0100] {processor.py:186} INFO - Started process (PID=55949) to work on /home/erij/Erij_Mazouz_4DS8_churn_ml_project/venv/lib/python3.8/site-packages/airflow/example_dags/example_latest_only.py
[2025-03-06T23:39:30.792+0100] {processor.py:914} INFO - Processing file /home/erij/Erij_Mazouz_4DS8_churn_ml_project/venv/lib/python3.8/site-packages/airflow/example_dags/example_latest_only.py for tasks to queue
[2025-03-06T23:39:30.794+0100] {logging_mixin.py:190} INFO - [2025-03-06T23:39:30.794+0100] {dagbag.py:588} INFO - Filling up the DagBag from /home/erij/Erij_Mazouz_4DS8_churn_ml_project/venv/lib/python3.8/site-packages/airflow/example_dags/example_latest_only.py
[2025-03-06T23:39:30.800+0100] {processor.py:925} INFO - DAG(s) 'latest_only' retrieved from /home/erij/Erij_Mazouz_4DS8_churn_ml_project/venv/lib/python3.8/site-packages/airflow/example_dags/example_latest_only.py
[2025-03-06T23:39:30.812+0100] {logging_mixin.py:190} INFO - [2025-03-06T23:39:30.812+0100] {dag.py:3239} INFO - Sync 1 DAGs
[2025-03-06T23:39:30.830+0100] {logging_mixin.py:190} INFO - [2025-03-06T23:39:30.830+0100] {dag.py:4180} INFO - Setting next_dagrun for latest_only to 2025-03-06 16:00:00+00:00, run_after=2025-03-06 20:00:00+00:00
[2025-03-06T23:39:30.851+0100] {processor.py:208} INFO - Processing /home/erij/Erij_Mazouz_4DS8_churn_ml_project/venv/lib/python3.8/site-packages/airflow/example_dags/example_latest_only.py took 0.064 seconds
[2025-03-06T23:40:58.948+0100] {processor.py:186} INFO - Started process (PID=56535) to work on /home/erij/Erij_Mazouz_4DS8_churn_ml_project/venv/lib/python3.8/site-packages/airflow/example_dags/example_latest_only.py
[2025-03-06T23:40:58.950+0100] {processor.py:914} INFO - Processing file /home/erij/Erij_Mazouz_4DS8_churn_ml_project/venv/lib/python3.8/site-packages/airflow/example_dags/example_latest_only.py for tasks to queue
[2025-03-06T23:40:58.953+0100] {logging_mixin.py:190} INFO - [2025-03-06T23:40:58.953+0100] {dagbag.py:588} INFO - Filling up the DagBag from /home/erij/Erij_Mazouz_4DS8_churn_ml_project/venv/lib/python3.8/site-packages/airflow/example_dags/example_latest_only.py
[2025-03-06T23:40:58.960+0100] {processor.py:925} INFO - DAG(s) 'latest_only' retrieved from /home/erij/Erij_Mazouz_4DS8_churn_ml_project/venv/lib/python3.8/site-packages/airflow/example_dags/example_latest_only.py
[2025-03-06T23:40:58.975+0100] {logging_mixin.py:190} INFO - [2025-03-06T23:40:58.975+0100] {dag.py:3239} INFO - Sync 1 DAGs
[2025-03-06T23:40:58.994+0100] {logging_mixin.py:190} INFO - [2025-03-06T23:40:58.994+0100] {dag.py:4180} INFO - Setting next_dagrun for latest_only to 2025-03-06 16:00:00+00:00, run_after=2025-03-06 20:00:00+00:00
[2025-03-06T23:40:59.011+0100] {processor.py:208} INFO - Processing /home/erij/Erij_Mazouz_4DS8_churn_ml_project/venv/lib/python3.8/site-packages/airflow/example_dags/example_latest_only.py took 0.068 seconds
[2025-03-06T23:41:55.633+0100] {processor.py:186} INFO - Started process (PID=56678) to work on /home/erij/Erij_Mazouz_4DS8_churn_ml_project/venv/lib/python3.8/site-packages/airflow/example_dags/example_latest_only.py
[2025-03-06T23:41:55.635+0100] {processor.py:914} INFO - Processing file /home/erij/Erij_Mazouz_4DS8_churn_ml_project/venv/lib/python3.8/site-packages/airflow/example_dags/example_latest_only.py for tasks to queue
[2025-03-06T23:41:55.637+0100] {logging_mixin.py:190} INFO - [2025-03-06T23:41:55.636+0100] {dagbag.py:588} INFO - Filling up the DagBag from /home/erij/Erij_Mazouz_4DS8_churn_ml_project/venv/lib/python3.8/site-packages/airflow/example_dags/example_latest_only.py
[2025-03-06T23:41:55.643+0100] {processor.py:925} INFO - DAG(s) 'latest_only' retrieved from /home/erij/Erij_Mazouz_4DS8_churn_ml_project/venv/lib/python3.8/site-packages/airflow/example_dags/example_latest_only.py
[2025-03-06T23:41:55.656+0100] {logging_mixin.py:190} INFO - [2025-03-06T23:41:55.655+0100] {dag.py:3239} INFO - Sync 1 DAGs
[2025-03-06T23:41:55.673+0100] {logging_mixin.py:190} INFO - [2025-03-06T23:41:55.673+0100] {dag.py:4180} INFO - Setting next_dagrun for latest_only to 2025-03-06 16:00:00+00:00, run_after=2025-03-06 20:00:00+00:00
[2025-03-06T23:41:55.692+0100] {processor.py:208} INFO - Processing /home/erij/Erij_Mazouz_4DS8_churn_ml_project/venv/lib/python3.8/site-packages/airflow/example_dags/example_latest_only.py took 0.064 seconds
[2025-03-06T23:42:49.990+0100] {processor.py:186} INFO - Started process (PID=56793) to work on /home/erij/Erij_Mazouz_4DS8_churn_ml_project/venv/lib/python3.8/site-packages/airflow/example_dags/example_latest_only.py
[2025-03-06T23:42:49.991+0100] {processor.py:914} INFO - Processing file /home/erij/Erij_Mazouz_4DS8_churn_ml_project/venv/lib/python3.8/site-packages/airflow/example_dags/example_latest_only.py for tasks to queue
[2025-03-06T23:42:49.993+0100] {logging_mixin.py:190} INFO - [2025-03-06T23:42:49.993+0100] {dagbag.py:588} INFO - Filling up the DagBag from /home/erij/Erij_Mazouz_4DS8_churn_ml_project/venv/lib/python3.8/site-packages/airflow/example_dags/example_latest_only.py
[2025-03-06T23:42:50.000+0100] {processor.py:925} INFO - DAG(s) 'latest_only' retrieved from /home/erij/Erij_Mazouz_4DS8_churn_ml_project/venv/lib/python3.8/site-packages/airflow/example_dags/example_latest_only.py
[2025-03-06T23:42:50.013+0100] {logging_mixin.py:190} INFO - [2025-03-06T23:42:50.013+0100] {dag.py:3239} INFO - Sync 1 DAGs
[2025-03-06T23:42:50.033+0100] {logging_mixin.py:190} INFO - [2025-03-06T23:42:50.032+0100] {dag.py:4180} INFO - Setting next_dagrun for latest_only to 2025-03-06 16:00:00+00:00, run_after=2025-03-06 20:00:00+00:00
[2025-03-06T23:42:50.055+0100] {processor.py:208} INFO - Processing /home/erij/Erij_Mazouz_4DS8_churn_ml_project/venv/lib/python3.8/site-packages/airflow/example_dags/example_latest_only.py took 0.071 seconds
[2025-03-06T23:43:42.415+0100] {processor.py:186} INFO - Started process (PID=56910) to work on /home/erij/Erij_Mazouz_4DS8_churn_ml_project/venv/lib/python3.8/site-packages/airflow/example_dags/example_latest_only.py
[2025-03-06T23:43:42.417+0100] {processor.py:914} INFO - Processing file /home/erij/Erij_Mazouz_4DS8_churn_ml_project/venv/lib/python3.8/site-packages/airflow/example_dags/example_latest_only.py for tasks to queue
[2025-03-06T23:43:42.419+0100] {logging_mixin.py:190} INFO - [2025-03-06T23:43:42.419+0100] {dagbag.py:588} INFO - Filling up the DagBag from /home/erij/Erij_Mazouz_4DS8_churn_ml_project/venv/lib/python3.8/site-packages/airflow/example_dags/example_latest_only.py
[2025-03-06T23:43:42.425+0100] {processor.py:925} INFO - DAG(s) 'latest_only' retrieved from /home/erij/Erij_Mazouz_4DS8_churn_ml_project/venv/lib/python3.8/site-packages/airflow/example_dags/example_latest_only.py
[2025-03-06T23:43:42.437+0100] {logging_mixin.py:190} INFO - [2025-03-06T23:43:42.437+0100] {dag.py:3239} INFO - Sync 1 DAGs
[2025-03-06T23:43:42.454+0100] {logging_mixin.py:190} INFO - [2025-03-06T23:43:42.454+0100] {dag.py:4180} INFO - Setting next_dagrun for latest_only to 2025-03-06 16:00:00+00:00, run_after=2025-03-06 20:00:00+00:00
[2025-03-06T23:43:42.473+0100] {processor.py:208} INFO - Processing /home/erij/Erij_Mazouz_4DS8_churn_ml_project/venv/lib/python3.8/site-packages/airflow/example_dags/example_latest_only.py took 0.063 seconds
[2025-03-06T23:44:35.089+0100] {processor.py:186} INFO - Started process (PID=57072) to work on /home/erij/Erij_Mazouz_4DS8_churn_ml_project/venv/lib/python3.8/site-packages/airflow/example_dags/example_latest_only.py
[2025-03-06T23:44:35.095+0100] {processor.py:914} INFO - Processing file /home/erij/Erij_Mazouz_4DS8_churn_ml_project/venv/lib/python3.8/site-packages/airflow/example_dags/example_latest_only.py for tasks to queue
[2025-03-06T23:44:35.098+0100] {logging_mixin.py:190} INFO - [2025-03-06T23:44:35.097+0100] {dagbag.py:588} INFO - Filling up the DagBag from /home/erij/Erij_Mazouz_4DS8_churn_ml_project/venv/lib/python3.8/site-packages/airflow/example_dags/example_latest_only.py
[2025-03-06T23:44:35.106+0100] {processor.py:925} INFO - DAG(s) 'latest_only' retrieved from /home/erij/Erij_Mazouz_4DS8_churn_ml_project/venv/lib/python3.8/site-packages/airflow/example_dags/example_latest_only.py
[2025-03-06T23:44:35.119+0100] {logging_mixin.py:190} INFO - [2025-03-06T23:44:35.119+0100] {dag.py:3239} INFO - Sync 1 DAGs
[2025-03-06T23:44:35.136+0100] {logging_mixin.py:190} INFO - [2025-03-06T23:44:35.136+0100] {dag.py:4180} INFO - Setting next_dagrun for latest_only to 2025-03-06 16:00:00+00:00, run_after=2025-03-06 20:00:00+00:00
[2025-03-06T23:44:35.161+0100] {processor.py:208} INFO - Processing /home/erij/Erij_Mazouz_4DS8_churn_ml_project/venv/lib/python3.8/site-packages/airflow/example_dags/example_latest_only.py took 0.078 seconds
[2025-03-06T23:45:31.031+0100] {processor.py:186} INFO - Started process (PID=57186) to work on /home/erij/Erij_Mazouz_4DS8_churn_ml_project/venv/lib/python3.8/site-packages/airflow/example_dags/example_latest_only.py
[2025-03-06T23:45:31.038+0100] {processor.py:914} INFO - Processing file /home/erij/Erij_Mazouz_4DS8_churn_ml_project/venv/lib/python3.8/site-packages/airflow/example_dags/example_latest_only.py for tasks to queue
[2025-03-06T23:45:31.040+0100] {logging_mixin.py:190} INFO - [2025-03-06T23:45:31.040+0100] {dagbag.py:588} INFO - Filling up the DagBag from /home/erij/Erij_Mazouz_4DS8_churn_ml_project/venv/lib/python3.8/site-packages/airflow/example_dags/example_latest_only.py
[2025-03-06T23:45:31.045+0100] {processor.py:925} INFO - DAG(s) 'latest_only' retrieved from /home/erij/Erij_Mazouz_4DS8_churn_ml_project/venv/lib/python3.8/site-packages/airflow/example_dags/example_latest_only.py
[2025-03-06T23:45:31.056+0100] {logging_mixin.py:190} INFO - [2025-03-06T23:45:31.056+0100] {dag.py:3239} INFO - Sync 1 DAGs
[2025-03-06T23:45:31.071+0100] {logging_mixin.py:190} INFO - [2025-03-06T23:45:31.070+0100] {dag.py:4180} INFO - Setting next_dagrun for latest_only to 2025-03-06 16:00:00+00:00, run_after=2025-03-06 20:00:00+00:00
[2025-03-06T23:45:31.098+0100] {processor.py:208} INFO - Processing /home/erij/Erij_Mazouz_4DS8_churn_ml_project/venv/lib/python3.8/site-packages/airflow/example_dags/example_latest_only.py took 0.072 seconds
[2025-03-06T23:46:29.604+0100] {processor.py:186} INFO - Started process (PID=57304) to work on /home/erij/Erij_Mazouz_4DS8_churn_ml_project/venv/lib/python3.8/site-packages/airflow/example_dags/example_latest_only.py
[2025-03-06T23:46:29.606+0100] {processor.py:914} INFO - Processing file /home/erij/Erij_Mazouz_4DS8_churn_ml_project/venv/lib/python3.8/site-packages/airflow/example_dags/example_latest_only.py for tasks to queue
[2025-03-06T23:46:29.608+0100] {logging_mixin.py:190} INFO - [2025-03-06T23:46:29.607+0100] {dagbag.py:588} INFO - Filling up the DagBag from /home/erij/Erij_Mazouz_4DS8_churn_ml_project/venv/lib/python3.8/site-packages/airflow/example_dags/example_latest_only.py
[2025-03-06T23:46:29.614+0100] {processor.py:925} INFO - DAG(s) 'latest_only' retrieved from /home/erij/Erij_Mazouz_4DS8_churn_ml_project/venv/lib/python3.8/site-packages/airflow/example_dags/example_latest_only.py
[2025-03-06T23:46:29.625+0100] {logging_mixin.py:190} INFO - [2025-03-06T23:46:29.625+0100] {dag.py:3239} INFO - Sync 1 DAGs
[2025-03-06T23:46:29.642+0100] {logging_mixin.py:190} INFO - [2025-03-06T23:46:29.641+0100] {dag.py:4180} INFO - Setting next_dagrun for latest_only to 2025-03-06 16:00:00+00:00, run_after=2025-03-06 20:00:00+00:00
[2025-03-06T23:46:29.662+0100] {processor.py:208} INFO - Processing /home/erij/Erij_Mazouz_4DS8_churn_ml_project/venv/lib/python3.8/site-packages/airflow/example_dags/example_latest_only.py took 0.063 seconds
[2025-03-06T23:47:25.090+0100] {processor.py:186} INFO - Started process (PID=57420) to work on /home/erij/Erij_Mazouz_4DS8_churn_ml_project/venv/lib/python3.8/site-packages/airflow/example_dags/example_latest_only.py
[2025-03-06T23:47:25.092+0100] {processor.py:914} INFO - Processing file /home/erij/Erij_Mazouz_4DS8_churn_ml_project/venv/lib/python3.8/site-packages/airflow/example_dags/example_latest_only.py for tasks to queue
[2025-03-06T23:47:25.094+0100] {logging_mixin.py:190} INFO - [2025-03-06T23:47:25.094+0100] {dagbag.py:588} INFO - Filling up the DagBag from /home/erij/Erij_Mazouz_4DS8_churn_ml_project/venv/lib/python3.8/site-packages/airflow/example_dags/example_latest_only.py
[2025-03-06T23:47:25.100+0100] {processor.py:925} INFO - DAG(s) 'latest_only' retrieved from /home/erij/Erij_Mazouz_4DS8_churn_ml_project/venv/lib/python3.8/site-packages/airflow/example_dags/example_latest_only.py
[2025-03-06T23:47:25.112+0100] {logging_mixin.py:190} INFO - [2025-03-06T23:47:25.112+0100] {dag.py:3239} INFO - Sync 1 DAGs
[2025-03-06T23:47:25.129+0100] {logging_mixin.py:190} INFO - [2025-03-06T23:47:25.128+0100] {dag.py:4180} INFO - Setting next_dagrun for latest_only to 2025-03-06 16:00:00+00:00, run_after=2025-03-06 20:00:00+00:00
[2025-03-06T23:47:25.147+0100] {processor.py:208} INFO - Processing /home/erij/Erij_Mazouz_4DS8_churn_ml_project/venv/lib/python3.8/site-packages/airflow/example_dags/example_latest_only.py took 0.061 seconds
[2025-03-06T23:48:22.713+0100] {processor.py:186} INFO - Started process (PID=57533) to work on /home/erij/Erij_Mazouz_4DS8_churn_ml_project/venv/lib/python3.8/site-packages/airflow/example_dags/example_latest_only.py
[2025-03-06T23:48:22.715+0100] {processor.py:914} INFO - Processing file /home/erij/Erij_Mazouz_4DS8_churn_ml_project/venv/lib/python3.8/site-packages/airflow/example_dags/example_latest_only.py for tasks to queue
[2025-03-06T23:48:22.717+0100] {logging_mixin.py:190} INFO - [2025-03-06T23:48:22.717+0100] {dagbag.py:588} INFO - Filling up the DagBag from /home/erij/Erij_Mazouz_4DS8_churn_ml_project/venv/lib/python3.8/site-packages/airflow/example_dags/example_latest_only.py
[2025-03-06T23:48:22.723+0100] {processor.py:925} INFO - DAG(s) 'latest_only' retrieved from /home/erij/Erij_Mazouz_4DS8_churn_ml_project/venv/lib/python3.8/site-packages/airflow/example_dags/example_latest_only.py
[2025-03-06T23:48:22.736+0100] {logging_mixin.py:190} INFO - [2025-03-06T23:48:22.736+0100] {dag.py:3239} INFO - Sync 1 DAGs
[2025-03-06T23:48:22.752+0100] {logging_mixin.py:190} INFO - [2025-03-06T23:48:22.752+0100] {dag.py:4180} INFO - Setting next_dagrun for latest_only to 2025-03-06 16:00:00+00:00, run_after=2025-03-06 20:00:00+00:00
[2025-03-06T23:48:22.769+0100] {processor.py:208} INFO - Processing /home/erij/Erij_Mazouz_4DS8_churn_ml_project/venv/lib/python3.8/site-packages/airflow/example_dags/example_latest_only.py took 0.061 seconds
[2025-03-06T23:49:19.327+0100] {processor.py:186} INFO - Started process (PID=57650) to work on /home/erij/Erij_Mazouz_4DS8_churn_ml_project/venv/lib/python3.8/site-packages/airflow/example_dags/example_latest_only.py
[2025-03-06T23:49:19.329+0100] {processor.py:914} INFO - Processing file /home/erij/Erij_Mazouz_4DS8_churn_ml_project/venv/lib/python3.8/site-packages/airflow/example_dags/example_latest_only.py for tasks to queue
[2025-03-06T23:49:19.331+0100] {logging_mixin.py:190} INFO - [2025-03-06T23:49:19.331+0100] {dagbag.py:588} INFO - Filling up the DagBag from /home/erij/Erij_Mazouz_4DS8_churn_ml_project/venv/lib/python3.8/site-packages/airflow/example_dags/example_latest_only.py
[2025-03-06T23:49:19.337+0100] {processor.py:925} INFO - DAG(s) 'latest_only' retrieved from /home/erij/Erij_Mazouz_4DS8_churn_ml_project/venv/lib/python3.8/site-packages/airflow/example_dags/example_latest_only.py
[2025-03-06T23:49:19.348+0100] {logging_mixin.py:190} INFO - [2025-03-06T23:49:19.348+0100] {dag.py:3239} INFO - Sync 1 DAGs
[2025-03-06T23:49:19.366+0100] {logging_mixin.py:190} INFO - [2025-03-06T23:49:19.365+0100] {dag.py:4180} INFO - Setting next_dagrun for latest_only to 2025-03-06 16:00:00+00:00, run_after=2025-03-06 20:00:00+00:00
[2025-03-06T23:49:19.383+0100] {processor.py:208} INFO - Processing /home/erij/Erij_Mazouz_4DS8_churn_ml_project/venv/lib/python3.8/site-packages/airflow/example_dags/example_latest_only.py took 0.060 seconds
[2025-03-06T23:50:14.124+0100] {processor.py:186} INFO - Started process (PID=57757) to work on /home/erij/Erij_Mazouz_4DS8_churn_ml_project/venv/lib/python3.8/site-packages/airflow/example_dags/example_latest_only.py
[2025-03-06T23:50:14.126+0100] {processor.py:914} INFO - Processing file /home/erij/Erij_Mazouz_4DS8_churn_ml_project/venv/lib/python3.8/site-packages/airflow/example_dags/example_latest_only.py for tasks to queue
[2025-03-06T23:50:14.128+0100] {logging_mixin.py:190} INFO - [2025-03-06T23:50:14.128+0100] {dagbag.py:588} INFO - Filling up the DagBag from /home/erij/Erij_Mazouz_4DS8_churn_ml_project/venv/lib/python3.8/site-packages/airflow/example_dags/example_latest_only.py
[2025-03-06T23:50:14.134+0100] {processor.py:925} INFO - DAG(s) 'latest_only' retrieved from /home/erij/Erij_Mazouz_4DS8_churn_ml_project/venv/lib/python3.8/site-packages/airflow/example_dags/example_latest_only.py
[2025-03-06T23:50:14.147+0100] {logging_mixin.py:190} INFO - [2025-03-06T23:50:14.146+0100] {dag.py:3239} INFO - Sync 1 DAGs
[2025-03-06T23:50:14.165+0100] {logging_mixin.py:190} INFO - [2025-03-06T23:50:14.165+0100] {dag.py:4180} INFO - Setting next_dagrun for latest_only to 2025-03-06 16:00:00+00:00, run_after=2025-03-06 20:00:00+00:00
[2025-03-06T23:50:14.185+0100] {processor.py:208} INFO - Processing /home/erij/Erij_Mazouz_4DS8_churn_ml_project/venv/lib/python3.8/site-packages/airflow/example_dags/example_latest_only.py took 0.066 seconds
[2025-03-06T23:51:09.799+0100] {processor.py:186} INFO - Started process (PID=57871) to work on /home/erij/Erij_Mazouz_4DS8_churn_ml_project/venv/lib/python3.8/site-packages/airflow/example_dags/example_latest_only.py
[2025-03-06T23:51:09.801+0100] {processor.py:914} INFO - Processing file /home/erij/Erij_Mazouz_4DS8_churn_ml_project/venv/lib/python3.8/site-packages/airflow/example_dags/example_latest_only.py for tasks to queue
[2025-03-06T23:51:09.802+0100] {logging_mixin.py:190} INFO - [2025-03-06T23:51:09.802+0100] {dagbag.py:588} INFO - Filling up the DagBag from /home/erij/Erij_Mazouz_4DS8_churn_ml_project/venv/lib/python3.8/site-packages/airflow/example_dags/example_latest_only.py
[2025-03-06T23:51:09.809+0100] {processor.py:925} INFO - DAG(s) 'latest_only' retrieved from /home/erij/Erij_Mazouz_4DS8_churn_ml_project/venv/lib/python3.8/site-packages/airflow/example_dags/example_latest_only.py
[2025-03-06T23:51:09.821+0100] {logging_mixin.py:190} INFO - [2025-03-06T23:51:09.821+0100] {dag.py:3239} INFO - Sync 1 DAGs
[2025-03-06T23:51:09.839+0100] {logging_mixin.py:190} INFO - [2025-03-06T23:51:09.839+0100] {dag.py:4180} INFO - Setting next_dagrun for latest_only to 2025-03-06 16:00:00+00:00, run_after=2025-03-06 20:00:00+00:00
[2025-03-06T23:51:09.857+0100] {processor.py:208} INFO - Processing /home/erij/Erij_Mazouz_4DS8_churn_ml_project/venv/lib/python3.8/site-packages/airflow/example_dags/example_latest_only.py took 0.063 seconds
[2025-03-06T23:52:04.757+0100] {processor.py:186} INFO - Started process (PID=57988) to work on /home/erij/Erij_Mazouz_4DS8_churn_ml_project/venv/lib/python3.8/site-packages/airflow/example_dags/example_latest_only.py
[2025-03-06T23:52:04.759+0100] {processor.py:914} INFO - Processing file /home/erij/Erij_Mazouz_4DS8_churn_ml_project/venv/lib/python3.8/site-packages/airflow/example_dags/example_latest_only.py for tasks to queue
[2025-03-06T23:52:04.761+0100] {logging_mixin.py:190} INFO - [2025-03-06T23:52:04.760+0100] {dagbag.py:588} INFO - Filling up the DagBag from /home/erij/Erij_Mazouz_4DS8_churn_ml_project/venv/lib/python3.8/site-packages/airflow/example_dags/example_latest_only.py
[2025-03-06T23:52:04.766+0100] {processor.py:925} INFO - DAG(s) 'latest_only' retrieved from /home/erij/Erij_Mazouz_4DS8_churn_ml_project/venv/lib/python3.8/site-packages/airflow/example_dags/example_latest_only.py
[2025-03-06T23:52:04.778+0100] {logging_mixin.py:190} INFO - [2025-03-06T23:52:04.778+0100] {dag.py:3239} INFO - Sync 1 DAGs
[2025-03-06T23:52:04.794+0100] {logging_mixin.py:190} INFO - [2025-03-06T23:52:04.794+0100] {dag.py:4180} INFO - Setting next_dagrun for latest_only to 2025-03-06 16:00:00+00:00, run_after=2025-03-06 20:00:00+00:00
[2025-03-06T23:52:04.812+0100] {processor.py:208} INFO - Processing /home/erij/Erij_Mazouz_4DS8_churn_ml_project/venv/lib/python3.8/site-packages/airflow/example_dags/example_latest_only.py took 0.060 seconds
[2025-03-06T23:53:00.779+0100] {processor.py:186} INFO - Started process (PID=58100) to work on /home/erij/Erij_Mazouz_4DS8_churn_ml_project/venv/lib/python3.8/site-packages/airflow/example_dags/example_latest_only.py
[2025-03-06T23:53:00.782+0100] {processor.py:914} INFO - Processing file /home/erij/Erij_Mazouz_4DS8_churn_ml_project/venv/lib/python3.8/site-packages/airflow/example_dags/example_latest_only.py for tasks to queue
[2025-03-06T23:53:00.784+0100] {logging_mixin.py:190} INFO - [2025-03-06T23:53:00.783+0100] {dagbag.py:588} INFO - Filling up the DagBag from /home/erij/Erij_Mazouz_4DS8_churn_ml_project/venv/lib/python3.8/site-packages/airflow/example_dags/example_latest_only.py
[2025-03-06T23:53:00.790+0100] {processor.py:925} INFO - DAG(s) 'latest_only' retrieved from /home/erij/Erij_Mazouz_4DS8_churn_ml_project/venv/lib/python3.8/site-packages/airflow/example_dags/example_latest_only.py
[2025-03-06T23:53:00.802+0100] {logging_mixin.py:190} INFO - [2025-03-06T23:53:00.802+0100] {dag.py:3239} INFO - Sync 1 DAGs
[2025-03-06T23:53:00.820+0100] {logging_mixin.py:190} INFO - [2025-03-06T23:53:00.820+0100] {dag.py:4180} INFO - Setting next_dagrun for latest_only to 2025-03-06 16:00:00+00:00, run_after=2025-03-06 20:00:00+00:00
[2025-03-06T23:53:00.839+0100] {processor.py:208} INFO - Processing /home/erij/Erij_Mazouz_4DS8_churn_ml_project/venv/lib/python3.8/site-packages/airflow/example_dags/example_latest_only.py took 0.065 seconds
[2025-03-06T23:53:58.005+0100] {processor.py:186} INFO - Started process (PID=58234) to work on /home/erij/Erij_Mazouz_4DS8_churn_ml_project/venv/lib/python3.8/site-packages/airflow/example_dags/example_latest_only.py
[2025-03-06T23:53:58.007+0100] {processor.py:914} INFO - Processing file /home/erij/Erij_Mazouz_4DS8_churn_ml_project/venv/lib/python3.8/site-packages/airflow/example_dags/example_latest_only.py for tasks to queue
[2025-03-06T23:53:58.009+0100] {logging_mixin.py:190} INFO - [2025-03-06T23:53:58.008+0100] {dagbag.py:588} INFO - Filling up the DagBag from /home/erij/Erij_Mazouz_4DS8_churn_ml_project/venv/lib/python3.8/site-packages/airflow/example_dags/example_latest_only.py
[2025-03-06T23:53:58.015+0100] {processor.py:925} INFO - DAG(s) 'latest_only' retrieved from /home/erij/Erij_Mazouz_4DS8_churn_ml_project/venv/lib/python3.8/site-packages/airflow/example_dags/example_latest_only.py
[2025-03-06T23:53:58.028+0100] {logging_mixin.py:190} INFO - [2025-03-06T23:53:58.027+0100] {dag.py:3239} INFO - Sync 1 DAGs
[2025-03-06T23:53:58.045+0100] {logging_mixin.py:190} INFO - [2025-03-06T23:53:58.045+0100] {dag.py:4180} INFO - Setting next_dagrun for latest_only to 2025-03-06 16:00:00+00:00, run_after=2025-03-06 20:00:00+00:00
[2025-03-06T23:53:58.061+0100] {processor.py:208} INFO - Processing /home/erij/Erij_Mazouz_4DS8_churn_ml_project/venv/lib/python3.8/site-packages/airflow/example_dags/example_latest_only.py took 0.061 seconds
[2025-03-06T23:54:55.157+0100] {processor.py:186} INFO - Started process (PID=58605) to work on /home/erij/Erij_Mazouz_4DS8_churn_ml_project/venv/lib/python3.8/site-packages/airflow/example_dags/example_latest_only.py
[2025-03-06T23:54:55.158+0100] {processor.py:914} INFO - Processing file /home/erij/Erij_Mazouz_4DS8_churn_ml_project/venv/lib/python3.8/site-packages/airflow/example_dags/example_latest_only.py for tasks to queue
[2025-03-06T23:54:55.160+0100] {logging_mixin.py:190} INFO - [2025-03-06T23:54:55.160+0100] {dagbag.py:588} INFO - Filling up the DagBag from /home/erij/Erij_Mazouz_4DS8_churn_ml_project/venv/lib/python3.8/site-packages/airflow/example_dags/example_latest_only.py
[2025-03-06T23:54:55.168+0100] {processor.py:925} INFO - DAG(s) 'latest_only' retrieved from /home/erij/Erij_Mazouz_4DS8_churn_ml_project/venv/lib/python3.8/site-packages/airflow/example_dags/example_latest_only.py
[2025-03-06T23:54:55.180+0100] {logging_mixin.py:190} INFO - [2025-03-06T23:54:55.180+0100] {dag.py:3239} INFO - Sync 1 DAGs
[2025-03-06T23:54:55.197+0100] {logging_mixin.py:190} INFO - [2025-03-06T23:54:55.197+0100] {dag.py:4180} INFO - Setting next_dagrun for latest_only to 2025-03-06 16:00:00+00:00, run_after=2025-03-06 20:00:00+00:00
[2025-03-06T23:54:55.215+0100] {processor.py:208} INFO - Processing /home/erij/Erij_Mazouz_4DS8_churn_ml_project/venv/lib/python3.8/site-packages/airflow/example_dags/example_latest_only.py took 0.064 seconds
[2025-03-06T23:55:53.514+0100] {processor.py:186} INFO - Started process (PID=59161) to work on /home/erij/Erij_Mazouz_4DS8_churn_ml_project/venv/lib/python3.8/site-packages/airflow/example_dags/example_latest_only.py
[2025-03-06T23:55:53.516+0100] {processor.py:914} INFO - Processing file /home/erij/Erij_Mazouz_4DS8_churn_ml_project/venv/lib/python3.8/site-packages/airflow/example_dags/example_latest_only.py for tasks to queue
[2025-03-06T23:55:53.518+0100] {logging_mixin.py:190} INFO - [2025-03-06T23:55:53.518+0100] {dagbag.py:588} INFO - Filling up the DagBag from /home/erij/Erij_Mazouz_4DS8_churn_ml_project/venv/lib/python3.8/site-packages/airflow/example_dags/example_latest_only.py
[2025-03-06T23:55:53.525+0100] {processor.py:925} INFO - DAG(s) 'latest_only' retrieved from /home/erij/Erij_Mazouz_4DS8_churn_ml_project/venv/lib/python3.8/site-packages/airflow/example_dags/example_latest_only.py
[2025-03-06T23:55:53.536+0100] {logging_mixin.py:190} INFO - [2025-03-06T23:55:53.536+0100] {dag.py:3239} INFO - Sync 1 DAGs
[2025-03-06T23:55:53.552+0100] {logging_mixin.py:190} INFO - [2025-03-06T23:55:53.552+0100] {dag.py:4180} INFO - Setting next_dagrun for latest_only to 2025-03-06 16:00:00+00:00, run_after=2025-03-06 20:00:00+00:00
[2025-03-06T23:55:53.568+0100] {processor.py:208} INFO - Processing /home/erij/Erij_Mazouz_4DS8_churn_ml_project/venv/lib/python3.8/site-packages/airflow/example_dags/example_latest_only.py took 0.059 seconds
[2025-03-06T23:56:49.490+0100] {processor.py:186} INFO - Started process (PID=59290) to work on /home/erij/Erij_Mazouz_4DS8_churn_ml_project/venv/lib/python3.8/site-packages/airflow/example_dags/example_latest_only.py
[2025-03-06T23:56:49.491+0100] {processor.py:914} INFO - Processing file /home/erij/Erij_Mazouz_4DS8_churn_ml_project/venv/lib/python3.8/site-packages/airflow/example_dags/example_latest_only.py for tasks to queue
[2025-03-06T23:56:49.493+0100] {logging_mixin.py:190} INFO - [2025-03-06T23:56:49.493+0100] {dagbag.py:588} INFO - Filling up the DagBag from /home/erij/Erij_Mazouz_4DS8_churn_ml_project/venv/lib/python3.8/site-packages/airflow/example_dags/example_latest_only.py
[2025-03-06T23:56:49.500+0100] {processor.py:925} INFO - DAG(s) 'latest_only' retrieved from /home/erij/Erij_Mazouz_4DS8_churn_ml_project/venv/lib/python3.8/site-packages/airflow/example_dags/example_latest_only.py
[2025-03-06T23:56:49.513+0100] {logging_mixin.py:190} INFO - [2025-03-06T23:56:49.512+0100] {dag.py:3239} INFO - Sync 1 DAGs
[2025-03-06T23:56:49.532+0100] {logging_mixin.py:190} INFO - [2025-03-06T23:56:49.532+0100] {dag.py:4180} INFO - Setting next_dagrun for latest_only to 2025-03-06 16:00:00+00:00, run_after=2025-03-06 20:00:00+00:00
[2025-03-06T23:56:49.550+0100] {processor.py:208} INFO - Processing /home/erij/Erij_Mazouz_4DS8_churn_ml_project/venv/lib/python3.8/site-packages/airflow/example_dags/example_latest_only.py took 0.065 seconds
[2025-03-06T23:57:44.342+0100] {processor.py:186} INFO - Started process (PID=59415) to work on /home/erij/Erij_Mazouz_4DS8_churn_ml_project/venv/lib/python3.8/site-packages/airflow/example_dags/example_latest_only.py
[2025-03-06T23:57:44.344+0100] {processor.py:914} INFO - Processing file /home/erij/Erij_Mazouz_4DS8_churn_ml_project/venv/lib/python3.8/site-packages/airflow/example_dags/example_latest_only.py for tasks to queue
[2025-03-06T23:57:44.346+0100] {logging_mixin.py:190} INFO - [2025-03-06T23:57:44.346+0100] {dagbag.py:588} INFO - Filling up the DagBag from /home/erij/Erij_Mazouz_4DS8_churn_ml_project/venv/lib/python3.8/site-packages/airflow/example_dags/example_latest_only.py
[2025-03-06T23:57:44.353+0100] {processor.py:925} INFO - DAG(s) 'latest_only' retrieved from /home/erij/Erij_Mazouz_4DS8_churn_ml_project/venv/lib/python3.8/site-packages/airflow/example_dags/example_latest_only.py
[2025-03-06T23:57:44.366+0100] {logging_mixin.py:190} INFO - [2025-03-06T23:57:44.366+0100] {dag.py:3239} INFO - Sync 1 DAGs
[2025-03-06T23:57:44.385+0100] {logging_mixin.py:190} INFO - [2025-03-06T23:57:44.384+0100] {dag.py:4180} INFO - Setting next_dagrun for latest_only to 2025-03-06 16:00:00+00:00, run_after=2025-03-06 20:00:00+00:00
[2025-03-06T23:57:44.402+0100] {processor.py:208} INFO - Processing /home/erij/Erij_Mazouz_4DS8_churn_ml_project/venv/lib/python3.8/site-packages/airflow/example_dags/example_latest_only.py took 0.065 seconds
[2025-03-06T23:58:37.701+0100] {processor.py:186} INFO - Started process (PID=59568) to work on /home/erij/Erij_Mazouz_4DS8_churn_ml_project/venv/lib/python3.8/site-packages/airflow/example_dags/example_latest_only.py
[2025-03-06T23:58:37.703+0100] {processor.py:914} INFO - Processing file /home/erij/Erij_Mazouz_4DS8_churn_ml_project/venv/lib/python3.8/site-packages/airflow/example_dags/example_latest_only.py for tasks to queue
[2025-03-06T23:58:37.705+0100] {logging_mixin.py:190} INFO - [2025-03-06T23:58:37.705+0100] {dagbag.py:588} INFO - Filling up the DagBag from /home/erij/Erij_Mazouz_4DS8_churn_ml_project/venv/lib/python3.8/site-packages/airflow/example_dags/example_latest_only.py
[2025-03-06T23:58:37.711+0100] {processor.py:925} INFO - DAG(s) 'latest_only' retrieved from /home/erij/Erij_Mazouz_4DS8_churn_ml_project/venv/lib/python3.8/site-packages/airflow/example_dags/example_latest_only.py
[2025-03-06T23:58:37.724+0100] {logging_mixin.py:190} INFO - [2025-03-06T23:58:37.723+0100] {dag.py:3239} INFO - Sync 1 DAGs
[2025-03-06T23:58:37.741+0100] {logging_mixin.py:190} INFO - [2025-03-06T23:58:37.741+0100] {dag.py:4180} INFO - Setting next_dagrun for latest_only to 2025-03-06 16:00:00+00:00, run_after=2025-03-06 20:00:00+00:00
[2025-03-06T23:58:37.759+0100] {processor.py:208} INFO - Processing /home/erij/Erij_Mazouz_4DS8_churn_ml_project/venv/lib/python3.8/site-packages/airflow/example_dags/example_latest_only.py took 0.062 seconds
[2025-03-06T23:59:29.073+0100] {processor.py:186} INFO - Started process (PID=59709) to work on /home/erij/Erij_Mazouz_4DS8_churn_ml_project/venv/lib/python3.8/site-packages/airflow/example_dags/example_latest_only.py
[2025-03-06T23:59:29.075+0100] {processor.py:914} INFO - Processing file /home/erij/Erij_Mazouz_4DS8_churn_ml_project/venv/lib/python3.8/site-packages/airflow/example_dags/example_latest_only.py for tasks to queue
[2025-03-06T23:59:29.077+0100] {logging_mixin.py:190} INFO - [2025-03-06T23:59:29.076+0100] {dagbag.py:588} INFO - Filling up the DagBag from /home/erij/Erij_Mazouz_4DS8_churn_ml_project/venv/lib/python3.8/site-packages/airflow/example_dags/example_latest_only.py
[2025-03-06T23:59:29.084+0100] {processor.py:925} INFO - DAG(s) 'latest_only' retrieved from /home/erij/Erij_Mazouz_4DS8_churn_ml_project/venv/lib/python3.8/site-packages/airflow/example_dags/example_latest_only.py
[2025-03-06T23:59:29.097+0100] {logging_mixin.py:190} INFO - [2025-03-06T23:59:29.097+0100] {dag.py:3239} INFO - Sync 1 DAGs
[2025-03-06T23:59:29.118+0100] {logging_mixin.py:190} INFO - [2025-03-06T23:59:29.118+0100] {dag.py:4180} INFO - Setting next_dagrun for latest_only to 2025-03-06 16:00:00+00:00, run_after=2025-03-06 20:00:00+00:00
[2025-03-06T23:59:29.135+0100] {processor.py:208} INFO - Processing /home/erij/Erij_Mazouz_4DS8_churn_ml_project/venv/lib/python3.8/site-packages/airflow/example_dags/example_latest_only.py took 0.067 seconds
[2025-03-07T00:00:21.022+0100] {processor.py:186} INFO - Started process (PID=59891) to work on /home/erij/Erij_Mazouz_4DS8_churn_ml_project/venv/lib/python3.8/site-packages/airflow/example_dags/example_latest_only.py
[2025-03-07T00:00:21.023+0100] {processor.py:914} INFO - Processing file /home/erij/Erij_Mazouz_4DS8_churn_ml_project/venv/lib/python3.8/site-packages/airflow/example_dags/example_latest_only.py for tasks to queue
[2025-03-07T00:00:21.026+0100] {logging_mixin.py:190} INFO - [2025-03-07T00:00:21.025+0100] {dagbag.py:588} INFO - Filling up the DagBag from /home/erij/Erij_Mazouz_4DS8_churn_ml_project/venv/lib/python3.8/site-packages/airflow/example_dags/example_latest_only.py
[2025-03-07T00:00:21.031+0100] {processor.py:925} INFO - DAG(s) 'latest_only' retrieved from /home/erij/Erij_Mazouz_4DS8_churn_ml_project/venv/lib/python3.8/site-packages/airflow/example_dags/example_latest_only.py
[2025-03-07T00:00:21.045+0100] {logging_mixin.py:190} INFO - [2025-03-07T00:00:21.045+0100] {dag.py:3239} INFO - Sync 1 DAGs
[2025-03-07T00:00:21.064+0100] {logging_mixin.py:190} INFO - [2025-03-07T00:00:21.064+0100] {dag.py:4180} INFO - Setting next_dagrun for latest_only to 2025-03-06 16:00:00+00:00, run_after=2025-03-06 20:00:00+00:00
[2025-03-07T00:00:21.083+0100] {processor.py:208} INFO - Processing /home/erij/Erij_Mazouz_4DS8_churn_ml_project/venv/lib/python3.8/site-packages/airflow/example_dags/example_latest_only.py took 0.066 seconds
[2025-03-07T00:01:13.615+0100] {processor.py:186} INFO - Started process (PID=60074) to work on /home/erij/Erij_Mazouz_4DS8_churn_ml_project/venv/lib/python3.8/site-packages/airflow/example_dags/example_latest_only.py
[2025-03-07T00:01:13.617+0100] {processor.py:914} INFO - Processing file /home/erij/Erij_Mazouz_4DS8_churn_ml_project/venv/lib/python3.8/site-packages/airflow/example_dags/example_latest_only.py for tasks to queue
[2025-03-07T00:01:13.619+0100] {logging_mixin.py:190} INFO - [2025-03-07T00:01:13.619+0100] {dagbag.py:588} INFO - Filling up the DagBag from /home/erij/Erij_Mazouz_4DS8_churn_ml_project/venv/lib/python3.8/site-packages/airflow/example_dags/example_latest_only.py
[2025-03-07T00:01:13.625+0100] {processor.py:925} INFO - DAG(s) 'latest_only' retrieved from /home/erij/Erij_Mazouz_4DS8_churn_ml_project/venv/lib/python3.8/site-packages/airflow/example_dags/example_latest_only.py
[2025-03-07T00:01:13.638+0100] {logging_mixin.py:190} INFO - [2025-03-07T00:01:13.638+0100] {dag.py:3239} INFO - Sync 1 DAGs
[2025-03-07T00:01:13.657+0100] {logging_mixin.py:190} INFO - [2025-03-07T00:01:13.657+0100] {dag.py:4180} INFO - Setting next_dagrun for latest_only to 2025-03-06 16:00:00+00:00, run_after=2025-03-06 20:00:00+00:00
[2025-03-07T00:01:13.675+0100] {processor.py:208} INFO - Processing /home/erij/Erij_Mazouz_4DS8_churn_ml_project/venv/lib/python3.8/site-packages/airflow/example_dags/example_latest_only.py took 0.067 seconds
[2025-03-07T00:02:07.864+0100] {processor.py:186} INFO - Started process (PID=60242) to work on /home/erij/Erij_Mazouz_4DS8_churn_ml_project/venv/lib/python3.8/site-packages/airflow/example_dags/example_latest_only.py
[2025-03-07T00:02:07.867+0100] {processor.py:914} INFO - Processing file /home/erij/Erij_Mazouz_4DS8_churn_ml_project/venv/lib/python3.8/site-packages/airflow/example_dags/example_latest_only.py for tasks to queue
[2025-03-07T00:02:07.868+0100] {logging_mixin.py:190} INFO - [2025-03-07T00:02:07.868+0100] {dagbag.py:588} INFO - Filling up the DagBag from /home/erij/Erij_Mazouz_4DS8_churn_ml_project/venv/lib/python3.8/site-packages/airflow/example_dags/example_latest_only.py
[2025-03-07T00:02:07.875+0100] {processor.py:925} INFO - DAG(s) 'latest_only' retrieved from /home/erij/Erij_Mazouz_4DS8_churn_ml_project/venv/lib/python3.8/site-packages/airflow/example_dags/example_latest_only.py
[2025-03-07T00:02:07.886+0100] {logging_mixin.py:190} INFO - [2025-03-07T00:02:07.886+0100] {dag.py:3239} INFO - Sync 1 DAGs
[2025-03-07T00:02:07.903+0100] {logging_mixin.py:190} INFO - [2025-03-07T00:02:07.903+0100] {dag.py:4180} INFO - Setting next_dagrun for latest_only to 2025-03-06 16:00:00+00:00, run_after=2025-03-06 20:00:00+00:00
[2025-03-07T00:02:07.920+0100] {processor.py:208} INFO - Processing /home/erij/Erij_Mazouz_4DS8_churn_ml_project/venv/lib/python3.8/site-packages/airflow/example_dags/example_latest_only.py took 0.060 seconds
