[2025-03-06T23:39:27.714+0100] {processor.py:186} INFO - Started process (PID=55945) to work on /home/erij/Erij_Mazouz_4DS8_churn_ml_project/venv/lib/python3.8/site-packages/airflow/example_dags/example_workday_timetable.py
[2025-03-06T23:39:27.715+0100] {processor.py:914} INFO - Processing file /home/erij/Erij_Mazouz_4DS8_churn_ml_project/venv/lib/python3.8/site-packages/airflow/example_dags/example_workday_timetable.py for tasks to queue
[2025-03-06T23:39:27.718+0100] {logging_mixin.py:190} INFO - [2025-03-06T23:39:27.718+0100] {dagbag.py:588} INFO - Filling up the DagBag from /home/erij/Erij_Mazouz_4DS8_churn_ml_project/venv/lib/python3.8/site-packages/airflow/example_dags/example_workday_timetable.py
[2025-03-06T23:39:27.723+0100] {processor.py:925} INFO - DAG(s) 'example_workday_timetable' retrieved from /home/erij/Erij_Mazouz_4DS8_churn_ml_project/venv/lib/python3.8/site-packages/airflow/example_dags/example_workday_timetable.py
[2025-03-06T23:39:27.734+0100] {logging_mixin.py:190} INFO - [2025-03-06T23:39:27.734+0100] {dag.py:3239} INFO - Sync 1 DAGs
[2025-03-06T23:39:27.802+0100] {logging_mixin.py:190} INFO - [2025-03-06T23:39:27.802+0100] {dag.py:4180} INFO - Setting next_dagrun for example_workday_timetable to 2021-01-04 00:00:00+00:00, run_after=2021-01-05 00:00:00+00:00
[2025-03-06T23:39:27.820+0100] {processor.py:208} INFO - Processing /home/erij/Erij_Mazouz_4DS8_churn_ml_project/venv/lib/python3.8/site-packages/airflow/example_dags/example_workday_timetable.py took 0.110 seconds
[2025-03-06T23:40:54.928+0100] {processor.py:186} INFO - Started process (PID=56531) to work on /home/erij/Erij_Mazouz_4DS8_churn_ml_project/venv/lib/python3.8/site-packages/airflow/example_dags/example_workday_timetable.py
[2025-03-06T23:40:54.930+0100] {processor.py:914} INFO - Processing file /home/erij/Erij_Mazouz_4DS8_churn_ml_project/venv/lib/python3.8/site-packages/airflow/example_dags/example_workday_timetable.py for tasks to queue
[2025-03-06T23:40:54.933+0100] {logging_mixin.py:190} INFO - [2025-03-06T23:40:54.932+0100] {dagbag.py:588} INFO - Filling up the DagBag from /home/erij/Erij_Mazouz_4DS8_churn_ml_project/venv/lib/python3.8/site-packages/airflow/example_dags/example_workday_timetable.py
[2025-03-06T23:40:54.937+0100] {processor.py:925} INFO - DAG(s) 'example_workday_timetable' retrieved from /home/erij/Erij_Mazouz_4DS8_churn_ml_project/venv/lib/python3.8/site-packages/airflow/example_dags/example_workday_timetable.py
[2025-03-06T23:40:54.948+0100] {logging_mixin.py:190} INFO - [2025-03-06T23:40:54.948+0100] {dag.py:3239} INFO - Sync 1 DAGs
[2025-03-06T23:40:54.995+0100] {logging_mixin.py:190} INFO - [2025-03-06T23:40:54.995+0100] {dag.py:4180} INFO - Setting next_dagrun for example_workday_timetable to 2021-01-04 00:00:00+00:00, run_after=2021-01-05 00:00:00+00:00
[2025-03-06T23:40:55.013+0100] {processor.py:208} INFO - Processing /home/erij/Erij_Mazouz_4DS8_churn_ml_project/venv/lib/python3.8/site-packages/airflow/example_dags/example_workday_timetable.py took 0.089 seconds
[2025-03-06T23:41:51.913+0100] {processor.py:186} INFO - Started process (PID=56667) to work on /home/erij/Erij_Mazouz_4DS8_churn_ml_project/venv/lib/python3.8/site-packages/airflow/example_dags/example_workday_timetable.py
[2025-03-06T23:41:51.916+0100] {processor.py:914} INFO - Processing file /home/erij/Erij_Mazouz_4DS8_churn_ml_project/venv/lib/python3.8/site-packages/airflow/example_dags/example_workday_timetable.py for tasks to queue
[2025-03-06T23:41:51.918+0100] {logging_mixin.py:190} INFO - [2025-03-06T23:41:51.917+0100] {dagbag.py:588} INFO - Filling up the DagBag from /home/erij/Erij_Mazouz_4DS8_churn_ml_project/venv/lib/python3.8/site-packages/airflow/example_dags/example_workday_timetable.py
[2025-03-06T23:41:51.923+0100] {processor.py:925} INFO - DAG(s) 'example_workday_timetable' retrieved from /home/erij/Erij_Mazouz_4DS8_churn_ml_project/venv/lib/python3.8/site-packages/airflow/example_dags/example_workday_timetable.py
[2025-03-06T23:41:51.935+0100] {logging_mixin.py:190} INFO - [2025-03-06T23:41:51.935+0100] {dag.py:3239} INFO - Sync 1 DAGs
[2025-03-06T23:41:51.989+0100] {logging_mixin.py:190} INFO - [2025-03-06T23:41:51.989+0100] {dag.py:4180} INFO - Setting next_dagrun for example_workday_timetable to 2021-01-04 00:00:00+00:00, run_after=2021-01-05 00:00:00+00:00
[2025-03-06T23:41:52.014+0100] {processor.py:208} INFO - Processing /home/erij/Erij_Mazouz_4DS8_churn_ml_project/venv/lib/python3.8/site-packages/airflow/example_dags/example_workday_timetable.py took 0.106 seconds
[2025-03-06T23:42:45.989+0100] {processor.py:186} INFO - Started process (PID=56786) to work on /home/erij/Erij_Mazouz_4DS8_churn_ml_project/venv/lib/python3.8/site-packages/airflow/example_dags/example_workday_timetable.py
[2025-03-06T23:42:45.991+0100] {processor.py:914} INFO - Processing file /home/erij/Erij_Mazouz_4DS8_churn_ml_project/venv/lib/python3.8/site-packages/airflow/example_dags/example_workday_timetable.py for tasks to queue
[2025-03-06T23:42:45.993+0100] {logging_mixin.py:190} INFO - [2025-03-06T23:42:45.993+0100] {dagbag.py:588} INFO - Filling up the DagBag from /home/erij/Erij_Mazouz_4DS8_churn_ml_project/venv/lib/python3.8/site-packages/airflow/example_dags/example_workday_timetable.py
[2025-03-06T23:42:45.999+0100] {processor.py:925} INFO - DAG(s) 'example_workday_timetable' retrieved from /home/erij/Erij_Mazouz_4DS8_churn_ml_project/venv/lib/python3.8/site-packages/airflow/example_dags/example_workday_timetable.py
[2025-03-06T23:42:46.011+0100] {logging_mixin.py:190} INFO - [2025-03-06T23:42:46.010+0100] {dag.py:3239} INFO - Sync 1 DAGs
[2025-03-06T23:42:46.059+0100] {logging_mixin.py:190} INFO - [2025-03-06T23:42:46.058+0100] {dag.py:4180} INFO - Setting next_dagrun for example_workday_timetable to 2021-01-04 00:00:00+00:00, run_after=2021-01-05 00:00:00+00:00
[2025-03-06T23:42:46.077+0100] {processor.py:208} INFO - Processing /home/erij/Erij_Mazouz_4DS8_churn_ml_project/venv/lib/python3.8/site-packages/airflow/example_dags/example_workday_timetable.py took 0.094 seconds
[2025-03-06T23:43:39.540+0100] {processor.py:186} INFO - Started process (PID=56906) to work on /home/erij/Erij_Mazouz_4DS8_churn_ml_project/venv/lib/python3.8/site-packages/airflow/example_dags/example_workday_timetable.py
[2025-03-06T23:43:39.541+0100] {processor.py:914} INFO - Processing file /home/erij/Erij_Mazouz_4DS8_churn_ml_project/venv/lib/python3.8/site-packages/airflow/example_dags/example_workday_timetable.py for tasks to queue
[2025-03-06T23:43:39.544+0100] {logging_mixin.py:190} INFO - [2025-03-06T23:43:39.543+0100] {dagbag.py:588} INFO - Filling up the DagBag from /home/erij/Erij_Mazouz_4DS8_churn_ml_project/venv/lib/python3.8/site-packages/airflow/example_dags/example_workday_timetable.py
[2025-03-06T23:43:39.549+0100] {processor.py:925} INFO - DAG(s) 'example_workday_timetable' retrieved from /home/erij/Erij_Mazouz_4DS8_churn_ml_project/venv/lib/python3.8/site-packages/airflow/example_dags/example_workday_timetable.py
[2025-03-06T23:43:39.559+0100] {logging_mixin.py:190} INFO - [2025-03-06T23:43:39.559+0100] {dag.py:3239} INFO - Sync 1 DAGs
[2025-03-06T23:43:39.615+0100] {logging_mixin.py:190} INFO - [2025-03-06T23:43:39.615+0100] {dag.py:4180} INFO - Setting next_dagrun for example_workday_timetable to 2021-01-04 00:00:00+00:00, run_after=2021-01-05 00:00:00+00:00
[2025-03-06T23:43:39.633+0100] {processor.py:208} INFO - Processing /home/erij/Erij_Mazouz_4DS8_churn_ml_project/venv/lib/python3.8/site-packages/airflow/example_dags/example_workday_timetable.py took 0.098 seconds
[2025-03-06T23:44:31.072+0100] {processor.py:186} INFO - Started process (PID=57061) to work on /home/erij/Erij_Mazouz_4DS8_churn_ml_project/venv/lib/python3.8/site-packages/airflow/example_dags/example_workday_timetable.py
[2025-03-06T23:44:31.078+0100] {processor.py:914} INFO - Processing file /home/erij/Erij_Mazouz_4DS8_churn_ml_project/venv/lib/python3.8/site-packages/airflow/example_dags/example_workday_timetable.py for tasks to queue
[2025-03-06T23:44:31.081+0100] {logging_mixin.py:190} INFO - [2025-03-06T23:44:31.080+0100] {dagbag.py:588} INFO - Filling up the DagBag from /home/erij/Erij_Mazouz_4DS8_churn_ml_project/venv/lib/python3.8/site-packages/airflow/example_dags/example_workday_timetable.py
[2025-03-06T23:44:31.085+0100] {processor.py:925} INFO - DAG(s) 'example_workday_timetable' retrieved from /home/erij/Erij_Mazouz_4DS8_churn_ml_project/venv/lib/python3.8/site-packages/airflow/example_dags/example_workday_timetable.py
[2025-03-06T23:44:31.096+0100] {logging_mixin.py:190} INFO - [2025-03-06T23:44:31.096+0100] {dag.py:3239} INFO - Sync 1 DAGs
[2025-03-06T23:44:31.141+0100] {logging_mixin.py:190} INFO - [2025-03-06T23:44:31.141+0100] {dag.py:4180} INFO - Setting next_dagrun for example_workday_timetable to 2021-01-04 00:00:00+00:00, run_after=2021-01-05 00:00:00+00:00
[2025-03-06T23:44:31.172+0100] {processor.py:208} INFO - Processing /home/erij/Erij_Mazouz_4DS8_churn_ml_project/venv/lib/python3.8/site-packages/airflow/example_dags/example_workday_timetable.py took 0.105 seconds
[2025-03-06T23:45:26.456+0100] {processor.py:186} INFO - Started process (PID=57182) to work on /home/erij/Erij_Mazouz_4DS8_churn_ml_project/venv/lib/python3.8/site-packages/airflow/example_dags/example_workday_timetable.py
[2025-03-06T23:45:26.460+0100] {processor.py:914} INFO - Processing file /home/erij/Erij_Mazouz_4DS8_churn_ml_project/venv/lib/python3.8/site-packages/airflow/example_dags/example_workday_timetable.py for tasks to queue
[2025-03-06T23:45:26.462+0100] {logging_mixin.py:190} INFO - [2025-03-06T23:45:26.462+0100] {dagbag.py:588} INFO - Filling up the DagBag from /home/erij/Erij_Mazouz_4DS8_churn_ml_project/venv/lib/python3.8/site-packages/airflow/example_dags/example_workday_timetable.py
[2025-03-06T23:45:26.466+0100] {processor.py:925} INFO - DAG(s) 'example_workday_timetable' retrieved from /home/erij/Erij_Mazouz_4DS8_churn_ml_project/venv/lib/python3.8/site-packages/airflow/example_dags/example_workday_timetable.py
[2025-03-06T23:45:26.477+0100] {logging_mixin.py:190} INFO - [2025-03-06T23:45:26.477+0100] {dag.py:3239} INFO - Sync 1 DAGs
[2025-03-06T23:45:26.520+0100] {logging_mixin.py:190} INFO - [2025-03-06T23:45:26.519+0100] {dag.py:4180} INFO - Setting next_dagrun for example_workday_timetable to 2021-01-04 00:00:00+00:00, run_after=2021-01-05 00:00:00+00:00
[2025-03-06T23:45:26.558+0100] {processor.py:208} INFO - Processing /home/erij/Erij_Mazouz_4DS8_churn_ml_project/venv/lib/python3.8/site-packages/airflow/example_dags/example_workday_timetable.py took 0.106 seconds
[2025-03-06T23:46:25.604+0100] {processor.py:186} INFO - Started process (PID=57300) to work on /home/erij/Erij_Mazouz_4DS8_churn_ml_project/venv/lib/python3.8/site-packages/airflow/example_dags/example_workday_timetable.py
[2025-03-06T23:46:25.606+0100] {processor.py:914} INFO - Processing file /home/erij/Erij_Mazouz_4DS8_churn_ml_project/venv/lib/python3.8/site-packages/airflow/example_dags/example_workday_timetable.py for tasks to queue
[2025-03-06T23:46:25.608+0100] {logging_mixin.py:190} INFO - [2025-03-06T23:46:25.608+0100] {dagbag.py:588} INFO - Filling up the DagBag from /home/erij/Erij_Mazouz_4DS8_churn_ml_project/venv/lib/python3.8/site-packages/airflow/example_dags/example_workday_timetable.py
[2025-03-06T23:46:25.613+0100] {processor.py:925} INFO - DAG(s) 'example_workday_timetable' retrieved from /home/erij/Erij_Mazouz_4DS8_churn_ml_project/venv/lib/python3.8/site-packages/airflow/example_dags/example_workday_timetable.py
[2025-03-06T23:46:25.624+0100] {logging_mixin.py:190} INFO - [2025-03-06T23:46:25.623+0100] {dag.py:3239} INFO - Sync 1 DAGs
[2025-03-06T23:46:25.668+0100] {logging_mixin.py:190} INFO - [2025-03-06T23:46:25.668+0100] {dag.py:4180} INFO - Setting next_dagrun for example_workday_timetable to 2021-01-04 00:00:00+00:00, run_after=2021-01-05 00:00:00+00:00
[2025-03-06T23:46:25.688+0100] {processor.py:208} INFO - Processing /home/erij/Erij_Mazouz_4DS8_churn_ml_project/venv/lib/python3.8/site-packages/airflow/example_dags/example_workday_timetable.py took 0.089 seconds
[2025-03-06T23:47:20.974+0100] {processor.py:186} INFO - Started process (PID=57409) to work on /home/erij/Erij_Mazouz_4DS8_churn_ml_project/venv/lib/python3.8/site-packages/airflow/example_dags/example_workday_timetable.py
[2025-03-06T23:47:20.977+0100] {processor.py:914} INFO - Processing file /home/erij/Erij_Mazouz_4DS8_churn_ml_project/venv/lib/python3.8/site-packages/airflow/example_dags/example_workday_timetable.py for tasks to queue
[2025-03-06T23:47:20.979+0100] {logging_mixin.py:190} INFO - [2025-03-06T23:47:20.979+0100] {dagbag.py:588} INFO - Filling up the DagBag from /home/erij/Erij_Mazouz_4DS8_churn_ml_project/venv/lib/python3.8/site-packages/airflow/example_dags/example_workday_timetable.py
[2025-03-06T23:47:20.984+0100] {processor.py:925} INFO - DAG(s) 'example_workday_timetable' retrieved from /home/erij/Erij_Mazouz_4DS8_churn_ml_project/venv/lib/python3.8/site-packages/airflow/example_dags/example_workday_timetable.py
[2025-03-06T23:47:20.995+0100] {logging_mixin.py:190} INFO - [2025-03-06T23:47:20.995+0100] {dag.py:3239} INFO - Sync 1 DAGs
[2025-03-06T23:47:21.040+0100] {logging_mixin.py:190} INFO - [2025-03-06T23:47:21.040+0100] {dag.py:4180} INFO - Setting next_dagrun for example_workday_timetable to 2021-01-04 00:00:00+00:00, run_after=2021-01-05 00:00:00+00:00
[2025-03-06T23:47:21.057+0100] {processor.py:208} INFO - Processing /home/erij/Erij_Mazouz_4DS8_churn_ml_project/venv/lib/python3.8/site-packages/airflow/example_dags/example_workday_timetable.py took 0.087 seconds
[2025-03-06T23:48:19.825+0100] {processor.py:186} INFO - Started process (PID=57529) to work on /home/erij/Erij_Mazouz_4DS8_churn_ml_project/venv/lib/python3.8/site-packages/airflow/example_dags/example_workday_timetable.py
[2025-03-06T23:48:19.826+0100] {processor.py:914} INFO - Processing file /home/erij/Erij_Mazouz_4DS8_churn_ml_project/venv/lib/python3.8/site-packages/airflow/example_dags/example_workday_timetable.py for tasks to queue
[2025-03-06T23:48:19.829+0100] {logging_mixin.py:190} INFO - [2025-03-06T23:48:19.828+0100] {dagbag.py:588} INFO - Filling up the DagBag from /home/erij/Erij_Mazouz_4DS8_churn_ml_project/venv/lib/python3.8/site-packages/airflow/example_dags/example_workday_timetable.py
[2025-03-06T23:48:19.833+0100] {processor.py:925} INFO - DAG(s) 'example_workday_timetable' retrieved from /home/erij/Erij_Mazouz_4DS8_churn_ml_project/venv/lib/python3.8/site-packages/airflow/example_dags/example_workday_timetable.py
[2025-03-06T23:48:19.844+0100] {logging_mixin.py:190} INFO - [2025-03-06T23:48:19.844+0100] {dag.py:3239} INFO - Sync 1 DAGs
[2025-03-06T23:48:19.890+0100] {logging_mixin.py:190} INFO - [2025-03-06T23:48:19.889+0100] {dag.py:4180} INFO - Setting next_dagrun for example_workday_timetable to 2021-01-04 00:00:00+00:00, run_after=2021-01-05 00:00:00+00:00
[2025-03-06T23:48:19.907+0100] {processor.py:208} INFO - Processing /home/erij/Erij_Mazouz_4DS8_churn_ml_project/venv/lib/python3.8/site-packages/airflow/example_dags/example_workday_timetable.py took 0.087 seconds
[2025-03-06T23:49:15.328+0100] {processor.py:186} INFO - Started process (PID=57646) to work on /home/erij/Erij_Mazouz_4DS8_churn_ml_project/venv/lib/python3.8/site-packages/airflow/example_dags/example_workday_timetable.py
[2025-03-06T23:49:15.329+0100] {processor.py:914} INFO - Processing file /home/erij/Erij_Mazouz_4DS8_churn_ml_project/venv/lib/python3.8/site-packages/airflow/example_dags/example_workday_timetable.py for tasks to queue
[2025-03-06T23:49:15.331+0100] {logging_mixin.py:190} INFO - [2025-03-06T23:49:15.331+0100] {dagbag.py:588} INFO - Filling up the DagBag from /home/erij/Erij_Mazouz_4DS8_churn_ml_project/venv/lib/python3.8/site-packages/airflow/example_dags/example_workday_timetable.py
[2025-03-06T23:49:15.337+0100] {processor.py:925} INFO - DAG(s) 'example_workday_timetable' retrieved from /home/erij/Erij_Mazouz_4DS8_churn_ml_project/venv/lib/python3.8/site-packages/airflow/example_dags/example_workday_timetable.py
[2025-03-06T23:49:15.349+0100] {logging_mixin.py:190} INFO - [2025-03-06T23:49:15.348+0100] {dag.py:3239} INFO - Sync 1 DAGs
[2025-03-06T23:49:15.394+0100] {logging_mixin.py:190} INFO - [2025-03-06T23:49:15.394+0100] {dag.py:4180} INFO - Setting next_dagrun for example_workday_timetable to 2021-01-04 00:00:00+00:00, run_after=2021-01-05 00:00:00+00:00
[2025-03-06T23:49:15.414+0100] {processor.py:208} INFO - Processing /home/erij/Erij_Mazouz_4DS8_churn_ml_project/venv/lib/python3.8/site-packages/airflow/example_dags/example_workday_timetable.py took 0.091 seconds
[2025-03-06T23:50:10.124+0100] {processor.py:186} INFO - Started process (PID=57753) to work on /home/erij/Erij_Mazouz_4DS8_churn_ml_project/venv/lib/python3.8/site-packages/airflow/example_dags/example_workday_timetable.py
[2025-03-06T23:50:10.126+0100] {processor.py:914} INFO - Processing file /home/erij/Erij_Mazouz_4DS8_churn_ml_project/venv/lib/python3.8/site-packages/airflow/example_dags/example_workday_timetable.py for tasks to queue
[2025-03-06T23:50:10.128+0100] {logging_mixin.py:190} INFO - [2025-03-06T23:50:10.128+0100] {dagbag.py:588} INFO - Filling up the DagBag from /home/erij/Erij_Mazouz_4DS8_churn_ml_project/venv/lib/python3.8/site-packages/airflow/example_dags/example_workday_timetable.py
[2025-03-06T23:50:10.132+0100] {processor.py:925} INFO - DAG(s) 'example_workday_timetable' retrieved from /home/erij/Erij_Mazouz_4DS8_churn_ml_project/venv/lib/python3.8/site-packages/airflow/example_dags/example_workday_timetable.py
[2025-03-06T23:50:10.144+0100] {logging_mixin.py:190} INFO - [2025-03-06T23:50:10.144+0100] {dag.py:3239} INFO - Sync 1 DAGs
[2025-03-06T23:50:10.190+0100] {logging_mixin.py:190} INFO - [2025-03-06T23:50:10.190+0100] {dag.py:4180} INFO - Setting next_dagrun for example_workday_timetable to 2021-01-04 00:00:00+00:00, run_after=2021-01-05 00:00:00+00:00
[2025-03-06T23:50:10.208+0100] {processor.py:208} INFO - Processing /home/erij/Erij_Mazouz_4DS8_churn_ml_project/venv/lib/python3.8/site-packages/airflow/example_dags/example_workday_timetable.py took 0.088 seconds
[2025-03-06T23:51:06.565+0100] {processor.py:186} INFO - Started process (PID=57867) to work on /home/erij/Erij_Mazouz_4DS8_churn_ml_project/venv/lib/python3.8/site-packages/airflow/example_dags/example_workday_timetable.py
[2025-03-06T23:51:06.567+0100] {processor.py:914} INFO - Processing file /home/erij/Erij_Mazouz_4DS8_churn_ml_project/venv/lib/python3.8/site-packages/airflow/example_dags/example_workday_timetable.py for tasks to queue
[2025-03-06T23:51:06.569+0100] {logging_mixin.py:190} INFO - [2025-03-06T23:51:06.569+0100] {dagbag.py:588} INFO - Filling up the DagBag from /home/erij/Erij_Mazouz_4DS8_churn_ml_project/venv/lib/python3.8/site-packages/airflow/example_dags/example_workday_timetable.py
[2025-03-06T23:51:06.573+0100] {processor.py:925} INFO - DAG(s) 'example_workday_timetable' retrieved from /home/erij/Erij_Mazouz_4DS8_churn_ml_project/venv/lib/python3.8/site-packages/airflow/example_dags/example_workday_timetable.py
[2025-03-06T23:51:06.585+0100] {logging_mixin.py:190} INFO - [2025-03-06T23:51:06.585+0100] {dag.py:3239} INFO - Sync 1 DAGs
[2025-03-06T23:51:06.629+0100] {logging_mixin.py:190} INFO - [2025-03-06T23:51:06.628+0100] {dag.py:4180} INFO - Setting next_dagrun for example_workday_timetable to 2021-01-04 00:00:00+00:00, run_after=2021-01-05 00:00:00+00:00
[2025-03-06T23:51:06.647+0100] {processor.py:208} INFO - Processing /home/erij/Erij_Mazouz_4DS8_churn_ml_project/venv/lib/python3.8/site-packages/airflow/example_dags/example_workday_timetable.py took 0.087 seconds
[2025-03-06T23:52:00.215+0100] {processor.py:186} INFO - Started process (PID=57976) to work on /home/erij/Erij_Mazouz_4DS8_churn_ml_project/venv/lib/python3.8/site-packages/airflow/example_dags/example_workday_timetable.py
[2025-03-06T23:52:00.218+0100] {processor.py:914} INFO - Processing file /home/erij/Erij_Mazouz_4DS8_churn_ml_project/venv/lib/python3.8/site-packages/airflow/example_dags/example_workday_timetable.py for tasks to queue
[2025-03-06T23:52:00.220+0100] {logging_mixin.py:190} INFO - [2025-03-06T23:52:00.220+0100] {dagbag.py:588} INFO - Filling up the DagBag from /home/erij/Erij_Mazouz_4DS8_churn_ml_project/venv/lib/python3.8/site-packages/airflow/example_dags/example_workday_timetable.py
[2025-03-06T23:52:00.225+0100] {processor.py:925} INFO - DAG(s) 'example_workday_timetable' retrieved from /home/erij/Erij_Mazouz_4DS8_churn_ml_project/venv/lib/python3.8/site-packages/airflow/example_dags/example_workday_timetable.py
[2025-03-06T23:52:00.235+0100] {logging_mixin.py:190} INFO - [2025-03-06T23:52:00.235+0100] {dag.py:3239} INFO - Sync 1 DAGs
[2025-03-06T23:52:00.278+0100] {logging_mixin.py:190} INFO - [2025-03-06T23:52:00.278+0100] {dag.py:4180} INFO - Setting next_dagrun for example_workday_timetable to 2021-01-04 00:00:00+00:00, run_after=2021-01-05 00:00:00+00:00
[2025-03-06T23:52:00.296+0100] {processor.py:208} INFO - Processing /home/erij/Erij_Mazouz_4DS8_churn_ml_project/venv/lib/python3.8/site-packages/airflow/example_dags/example_workday_timetable.py took 0.086 seconds
[2025-03-06T23:52:57.364+0100] {processor.py:186} INFO - Started process (PID=58096) to work on /home/erij/Erij_Mazouz_4DS8_churn_ml_project/venv/lib/python3.8/site-packages/airflow/example_dags/example_workday_timetable.py
[2025-03-06T23:52:57.367+0100] {processor.py:914} INFO - Processing file /home/erij/Erij_Mazouz_4DS8_churn_ml_project/venv/lib/python3.8/site-packages/airflow/example_dags/example_workday_timetable.py for tasks to queue
[2025-03-06T23:52:57.370+0100] {logging_mixin.py:190} INFO - [2025-03-06T23:52:57.370+0100] {dagbag.py:588} INFO - Filling up the DagBag from /home/erij/Erij_Mazouz_4DS8_churn_ml_project/venv/lib/python3.8/site-packages/airflow/example_dags/example_workday_timetable.py
[2025-03-06T23:52:57.375+0100] {processor.py:925} INFO - DAG(s) 'example_workday_timetable' retrieved from /home/erij/Erij_Mazouz_4DS8_churn_ml_project/venv/lib/python3.8/site-packages/airflow/example_dags/example_workday_timetable.py
[2025-03-06T23:52:57.390+0100] {logging_mixin.py:190} INFO - [2025-03-06T23:52:57.390+0100] {dag.py:3239} INFO - Sync 1 DAGs
[2025-03-06T23:52:57.440+0100] {logging_mixin.py:190} INFO - [2025-03-06T23:52:57.439+0100] {dag.py:4180} INFO - Setting next_dagrun for example_workday_timetable to 2021-01-04 00:00:00+00:00, run_after=2021-01-05 00:00:00+00:00
[2025-03-06T23:52:57.459+0100] {processor.py:208} INFO - Processing /home/erij/Erij_Mazouz_4DS8_churn_ml_project/venv/lib/python3.8/site-packages/airflow/example_dags/example_workday_timetable.py took 0.100 seconds
[2025-03-06T23:53:54.006+0100] {processor.py:186} INFO - Started process (PID=58220) to work on /home/erij/Erij_Mazouz_4DS8_churn_ml_project/venv/lib/python3.8/site-packages/airflow/example_dags/example_workday_timetable.py
[2025-03-06T23:53:54.008+0100] {processor.py:914} INFO - Processing file /home/erij/Erij_Mazouz_4DS8_churn_ml_project/venv/lib/python3.8/site-packages/airflow/example_dags/example_workday_timetable.py for tasks to queue
[2025-03-06T23:53:54.010+0100] {logging_mixin.py:190} INFO - [2025-03-06T23:53:54.010+0100] {dagbag.py:588} INFO - Filling up the DagBag from /home/erij/Erij_Mazouz_4DS8_churn_ml_project/venv/lib/python3.8/site-packages/airflow/example_dags/example_workday_timetable.py
[2025-03-06T23:53:54.015+0100] {processor.py:925} INFO - DAG(s) 'example_workday_timetable' retrieved from /home/erij/Erij_Mazouz_4DS8_churn_ml_project/venv/lib/python3.8/site-packages/airflow/example_dags/example_workday_timetable.py
[2025-03-06T23:53:54.026+0100] {logging_mixin.py:190} INFO - [2025-03-06T23:53:54.026+0100] {dag.py:3239} INFO - Sync 1 DAGs
[2025-03-06T23:53:54.072+0100] {logging_mixin.py:190} INFO - [2025-03-06T23:53:54.072+0100] {dag.py:4180} INFO - Setting next_dagrun for example_workday_timetable to 2021-01-04 00:00:00+00:00, run_after=2021-01-05 00:00:00+00:00
[2025-03-06T23:53:54.092+0100] {processor.py:208} INFO - Processing /home/erij/Erij_Mazouz_4DS8_churn_ml_project/venv/lib/python3.8/site-packages/airflow/example_dags/example_workday_timetable.py took 0.090 seconds
[2025-03-06T23:54:52.300+0100] {processor.py:186} INFO - Started process (PID=58594) to work on /home/erij/Erij_Mazouz_4DS8_churn_ml_project/venv/lib/python3.8/site-packages/airflow/example_dags/example_workday_timetable.py
[2025-03-06T23:54:52.302+0100] {processor.py:914} INFO - Processing file /home/erij/Erij_Mazouz_4DS8_churn_ml_project/venv/lib/python3.8/site-packages/airflow/example_dags/example_workday_timetable.py for tasks to queue
[2025-03-06T23:54:52.305+0100] {logging_mixin.py:190} INFO - [2025-03-06T23:54:52.304+0100] {dagbag.py:588} INFO - Filling up the DagBag from /home/erij/Erij_Mazouz_4DS8_churn_ml_project/venv/lib/python3.8/site-packages/airflow/example_dags/example_workday_timetable.py
[2025-03-06T23:54:52.310+0100] {processor.py:925} INFO - DAG(s) 'example_workday_timetable' retrieved from /home/erij/Erij_Mazouz_4DS8_churn_ml_project/venv/lib/python3.8/site-packages/airflow/example_dags/example_workday_timetable.py
[2025-03-06T23:54:52.326+0100] {logging_mixin.py:190} INFO - [2025-03-06T23:54:52.325+0100] {dag.py:3239} INFO - Sync 1 DAGs
[2025-03-06T23:54:52.380+0100] {logging_mixin.py:190} INFO - [2025-03-06T23:54:52.379+0100] {dag.py:4180} INFO - Setting next_dagrun for example_workday_timetable to 2021-01-04 00:00:00+00:00, run_after=2021-01-05 00:00:00+00:00
[2025-03-06T23:54:52.403+0100] {processor.py:208} INFO - Processing /home/erij/Erij_Mazouz_4DS8_churn_ml_project/venv/lib/python3.8/site-packages/airflow/example_dags/example_workday_timetable.py took 0.108 seconds
[2025-03-06T23:55:49.645+0100] {processor.py:186} INFO - Started process (PID=59157) to work on /home/erij/Erij_Mazouz_4DS8_churn_ml_project/venv/lib/python3.8/site-packages/airflow/example_dags/example_workday_timetable.py
[2025-03-06T23:55:49.647+0100] {processor.py:914} INFO - Processing file /home/erij/Erij_Mazouz_4DS8_churn_ml_project/venv/lib/python3.8/site-packages/airflow/example_dags/example_workday_timetable.py for tasks to queue
[2025-03-06T23:55:49.649+0100] {logging_mixin.py:190} INFO - [2025-03-06T23:55:49.649+0100] {dagbag.py:588} INFO - Filling up the DagBag from /home/erij/Erij_Mazouz_4DS8_churn_ml_project/venv/lib/python3.8/site-packages/airflow/example_dags/example_workday_timetable.py
[2025-03-06T23:55:49.654+0100] {processor.py:925} INFO - DAG(s) 'example_workday_timetable' retrieved from /home/erij/Erij_Mazouz_4DS8_churn_ml_project/venv/lib/python3.8/site-packages/airflow/example_dags/example_workday_timetable.py
[2025-03-06T23:55:49.666+0100] {logging_mixin.py:190} INFO - [2025-03-06T23:55:49.666+0100] {dag.py:3239} INFO - Sync 1 DAGs
[2025-03-06T23:55:49.710+0100] {logging_mixin.py:190} INFO - [2025-03-06T23:55:49.709+0100] {dag.py:4180} INFO - Setting next_dagrun for example_workday_timetable to 2021-01-04 00:00:00+00:00, run_after=2021-01-05 00:00:00+00:00
[2025-03-06T23:55:49.729+0100] {processor.py:208} INFO - Processing /home/erij/Erij_Mazouz_4DS8_churn_ml_project/venv/lib/python3.8/site-packages/airflow/example_dags/example_workday_timetable.py took 0.089 seconds
[2025-03-06T23:56:46.329+0100] {processor.py:186} INFO - Started process (PID=59285) to work on /home/erij/Erij_Mazouz_4DS8_churn_ml_project/venv/lib/python3.8/site-packages/airflow/example_dags/example_workday_timetable.py
[2025-03-06T23:56:46.331+0100] {processor.py:914} INFO - Processing file /home/erij/Erij_Mazouz_4DS8_churn_ml_project/venv/lib/python3.8/site-packages/airflow/example_dags/example_workday_timetable.py for tasks to queue
[2025-03-06T23:56:46.333+0100] {logging_mixin.py:190} INFO - [2025-03-06T23:56:46.332+0100] {dagbag.py:588} INFO - Filling up the DagBag from /home/erij/Erij_Mazouz_4DS8_churn_ml_project/venv/lib/python3.8/site-packages/airflow/example_dags/example_workday_timetable.py
[2025-03-06T23:56:46.338+0100] {processor.py:925} INFO - DAG(s) 'example_workday_timetable' retrieved from /home/erij/Erij_Mazouz_4DS8_churn_ml_project/venv/lib/python3.8/site-packages/airflow/example_dags/example_workday_timetable.py
[2025-03-06T23:56:46.349+0100] {logging_mixin.py:190} INFO - [2025-03-06T23:56:46.349+0100] {dag.py:3239} INFO - Sync 1 DAGs
[2025-03-06T23:56:46.398+0100] {logging_mixin.py:190} INFO - [2025-03-06T23:56:46.398+0100] {dag.py:4180} INFO - Setting next_dagrun for example_workday_timetable to 2021-01-04 00:00:00+00:00, run_after=2021-01-05 00:00:00+00:00
[2025-03-06T23:56:46.416+0100] {processor.py:208} INFO - Processing /home/erij/Erij_Mazouz_4DS8_churn_ml_project/venv/lib/python3.8/site-packages/airflow/example_dags/example_workday_timetable.py took 0.093 seconds
[2025-03-06T23:57:39.702+0100] {processor.py:186} INFO - Started process (PID=59411) to work on /home/erij/Erij_Mazouz_4DS8_churn_ml_project/venv/lib/python3.8/site-packages/airflow/example_dags/example_workday_timetable.py
[2025-03-06T23:57:39.704+0100] {processor.py:914} INFO - Processing file /home/erij/Erij_Mazouz_4DS8_churn_ml_project/venv/lib/python3.8/site-packages/airflow/example_dags/example_workday_timetable.py for tasks to queue
[2025-03-06T23:57:39.707+0100] {logging_mixin.py:190} INFO - [2025-03-06T23:57:39.706+0100] {dagbag.py:588} INFO - Filling up the DagBag from /home/erij/Erij_Mazouz_4DS8_churn_ml_project/venv/lib/python3.8/site-packages/airflow/example_dags/example_workday_timetable.py
[2025-03-06T23:57:39.712+0100] {processor.py:925} INFO - DAG(s) 'example_workday_timetable' retrieved from /home/erij/Erij_Mazouz_4DS8_churn_ml_project/venv/lib/python3.8/site-packages/airflow/example_dags/example_workday_timetable.py
[2025-03-06T23:57:39.724+0100] {logging_mixin.py:190} INFO - [2025-03-06T23:57:39.724+0100] {dag.py:3239} INFO - Sync 1 DAGs
[2025-03-06T23:57:39.798+0100] {logging_mixin.py:190} INFO - [2025-03-06T23:57:39.798+0100] {dag.py:4180} INFO - Setting next_dagrun for example_workday_timetable to 2021-01-04 00:00:00+00:00, run_after=2021-01-05 00:00:00+00:00
[2025-03-06T23:57:39.820+0100] {processor.py:208} INFO - Processing /home/erij/Erij_Mazouz_4DS8_churn_ml_project/venv/lib/python3.8/site-packages/airflow/example_dags/example_workday_timetable.py took 0.123 seconds
[2025-03-06T23:58:33.945+0100] {processor.py:186} INFO - Started process (PID=59554) to work on /home/erij/Erij_Mazouz_4DS8_churn_ml_project/venv/lib/python3.8/site-packages/airflow/example_dags/example_workday_timetable.py
[2025-03-06T23:58:33.947+0100] {processor.py:914} INFO - Processing file /home/erij/Erij_Mazouz_4DS8_churn_ml_project/venv/lib/python3.8/site-packages/airflow/example_dags/example_workday_timetable.py for tasks to queue
[2025-03-06T23:58:33.949+0100] {logging_mixin.py:190} INFO - [2025-03-06T23:58:33.949+0100] {dagbag.py:588} INFO - Filling up the DagBag from /home/erij/Erij_Mazouz_4DS8_churn_ml_project/venv/lib/python3.8/site-packages/airflow/example_dags/example_workday_timetable.py
[2025-03-06T23:58:33.954+0100] {processor.py:925} INFO - DAG(s) 'example_workday_timetable' retrieved from /home/erij/Erij_Mazouz_4DS8_churn_ml_project/venv/lib/python3.8/site-packages/airflow/example_dags/example_workday_timetable.py
[2025-03-06T23:58:33.966+0100] {logging_mixin.py:190} INFO - [2025-03-06T23:58:33.965+0100] {dag.py:3239} INFO - Sync 1 DAGs
[2025-03-06T23:58:34.017+0100] {logging_mixin.py:190} INFO - [2025-03-06T23:58:34.016+0100] {dag.py:4180} INFO - Setting next_dagrun for example_workday_timetable to 2021-01-04 00:00:00+00:00, run_after=2021-01-05 00:00:00+00:00
[2025-03-06T23:58:34.037+0100] {processor.py:208} INFO - Processing /home/erij/Erij_Mazouz_4DS8_churn_ml_project/venv/lib/python3.8/site-packages/airflow/example_dags/example_workday_timetable.py took 0.097 seconds
[2025-03-06T23:59:24.534+0100] {processor.py:186} INFO - Started process (PID=59703) to work on /home/erij/Erij_Mazouz_4DS8_churn_ml_project/venv/lib/python3.8/site-packages/airflow/example_dags/example_workday_timetable.py
[2025-03-06T23:59:24.537+0100] {processor.py:914} INFO - Processing file /home/erij/Erij_Mazouz_4DS8_churn_ml_project/venv/lib/python3.8/site-packages/airflow/example_dags/example_workday_timetable.py for tasks to queue
[2025-03-06T23:59:24.539+0100] {logging_mixin.py:190} INFO - [2025-03-06T23:59:24.539+0100] {dagbag.py:588} INFO - Filling up the DagBag from /home/erij/Erij_Mazouz_4DS8_churn_ml_project/venv/lib/python3.8/site-packages/airflow/example_dags/example_workday_timetable.py
[2025-03-06T23:59:24.543+0100] {processor.py:925} INFO - DAG(s) 'example_workday_timetable' retrieved from /home/erij/Erij_Mazouz_4DS8_churn_ml_project/venv/lib/python3.8/site-packages/airflow/example_dags/example_workday_timetable.py
[2025-03-06T23:59:24.554+0100] {logging_mixin.py:190} INFO - [2025-03-06T23:59:24.554+0100] {dag.py:3239} INFO - Sync 1 DAGs
[2025-03-06T23:59:24.597+0100] {logging_mixin.py:190} INFO - [2025-03-06T23:59:24.597+0100] {dag.py:4180} INFO - Setting next_dagrun for example_workday_timetable to 2021-01-04 00:00:00+00:00, run_after=2021-01-05 00:00:00+00:00
[2025-03-06T23:59:24.614+0100] {processor.py:208} INFO - Processing /home/erij/Erij_Mazouz_4DS8_churn_ml_project/venv/lib/python3.8/site-packages/airflow/example_dags/example_workday_timetable.py took 0.085 seconds
[2025-03-07T00:00:17.275+0100] {processor.py:186} INFO - Started process (PID=59882) to work on /home/erij/Erij_Mazouz_4DS8_churn_ml_project/venv/lib/python3.8/site-packages/airflow/example_dags/example_workday_timetable.py
[2025-03-07T00:00:17.276+0100] {processor.py:914} INFO - Processing file /home/erij/Erij_Mazouz_4DS8_churn_ml_project/venv/lib/python3.8/site-packages/airflow/example_dags/example_workday_timetable.py for tasks to queue
[2025-03-07T00:00:17.278+0100] {logging_mixin.py:190} INFO - [2025-03-07T00:00:17.278+0100] {dagbag.py:588} INFO - Filling up the DagBag from /home/erij/Erij_Mazouz_4DS8_churn_ml_project/venv/lib/python3.8/site-packages/airflow/example_dags/example_workday_timetable.py
[2025-03-07T00:00:17.283+0100] {processor.py:925} INFO - DAG(s) 'example_workday_timetable' retrieved from /home/erij/Erij_Mazouz_4DS8_churn_ml_project/venv/lib/python3.8/site-packages/airflow/example_dags/example_workday_timetable.py
[2025-03-07T00:00:17.296+0100] {logging_mixin.py:190} INFO - [2025-03-07T00:00:17.295+0100] {dag.py:3239} INFO - Sync 1 DAGs
[2025-03-07T00:00:17.347+0100] {logging_mixin.py:190} INFO - [2025-03-07T00:00:17.347+0100] {dag.py:4180} INFO - Setting next_dagrun for example_workday_timetable to 2021-01-04 00:00:00+00:00, run_after=2021-01-05 00:00:00+00:00
[2025-03-07T00:00:17.372+0100] {processor.py:208} INFO - Processing /home/erij/Erij_Mazouz_4DS8_churn_ml_project/venv/lib/python3.8/site-packages/airflow/example_dags/example_workday_timetable.py took 0.103 seconds
[2025-03-07T00:01:10.745+0100] {processor.py:186} INFO - Started process (PID=60069) to work on /home/erij/Erij_Mazouz_4DS8_churn_ml_project/venv/lib/python3.8/site-packages/airflow/example_dags/example_workday_timetable.py
[2025-03-07T00:01:10.747+0100] {processor.py:914} INFO - Processing file /home/erij/Erij_Mazouz_4DS8_churn_ml_project/venv/lib/python3.8/site-packages/airflow/example_dags/example_workday_timetable.py for tasks to queue
[2025-03-07T00:01:10.750+0100] {logging_mixin.py:190} INFO - [2025-03-07T00:01:10.750+0100] {dagbag.py:588} INFO - Filling up the DagBag from /home/erij/Erij_Mazouz_4DS8_churn_ml_project/venv/lib/python3.8/site-packages/airflow/example_dags/example_workday_timetable.py
[2025-03-07T00:01:10.757+0100] {processor.py:925} INFO - DAG(s) 'example_workday_timetable' retrieved from /home/erij/Erij_Mazouz_4DS8_churn_ml_project/venv/lib/python3.8/site-packages/airflow/example_dags/example_workday_timetable.py
[2025-03-07T00:01:10.773+0100] {logging_mixin.py:190} INFO - [2025-03-07T00:01:10.773+0100] {dag.py:3239} INFO - Sync 1 DAGs
[2025-03-07T00:01:10.827+0100] {logging_mixin.py:190} INFO - [2025-03-07T00:01:10.827+0100] {dag.py:4180} INFO - Setting next_dagrun for example_workday_timetable to 2021-01-04 00:00:00+00:00, run_after=2021-01-05 00:00:00+00:00
[2025-03-07T00:01:10.848+0100] {processor.py:208} INFO - Processing /home/erij/Erij_Mazouz_4DS8_churn_ml_project/venv/lib/python3.8/site-packages/airflow/example_dags/example_workday_timetable.py took 0.111 seconds
[2025-03-07T00:02:05.047+0100] {processor.py:186} INFO - Started process (PID=60234) to work on /home/erij/Erij_Mazouz_4DS8_churn_ml_project/venv/lib/python3.8/site-packages/airflow/example_dags/example_workday_timetable.py
[2025-03-07T00:02:05.050+0100] {processor.py:914} INFO - Processing file /home/erij/Erij_Mazouz_4DS8_churn_ml_project/venv/lib/python3.8/site-packages/airflow/example_dags/example_workday_timetable.py for tasks to queue
[2025-03-07T00:02:05.052+0100] {logging_mixin.py:190} INFO - [2025-03-07T00:02:05.051+0100] {dagbag.py:588} INFO - Filling up the DagBag from /home/erij/Erij_Mazouz_4DS8_churn_ml_project/venv/lib/python3.8/site-packages/airflow/example_dags/example_workday_timetable.py
[2025-03-07T00:02:05.057+0100] {processor.py:925} INFO - DAG(s) 'example_workday_timetable' retrieved from /home/erij/Erij_Mazouz_4DS8_churn_ml_project/venv/lib/python3.8/site-packages/airflow/example_dags/example_workday_timetable.py
[2025-03-07T00:02:05.068+0100] {logging_mixin.py:190} INFO - [2025-03-07T00:02:05.068+0100] {dag.py:3239} INFO - Sync 1 DAGs
[2025-03-07T00:02:05.115+0100] {logging_mixin.py:190} INFO - [2025-03-07T00:02:05.115+0100] {dag.py:4180} INFO - Setting next_dagrun for example_workday_timetable to 2021-01-04 00:00:00+00:00, run_after=2021-01-05 00:00:00+00:00
[2025-03-07T00:02:05.134+0100] {processor.py:208} INFO - Processing /home/erij/Erij_Mazouz_4DS8_churn_ml_project/venv/lib/python3.8/site-packages/airflow/example_dags/example_workday_timetable.py took 0.091 seconds
[2025-03-07T00:03:03.030+0100] {processor.py:186} INFO - Started process (PID=60441) to work on /home/erij/Erij_Mazouz_4DS8_churn_ml_project/venv/lib/python3.8/site-packages/airflow/example_dags/example_workday_timetable.py
[2025-03-07T00:03:03.031+0100] {processor.py:914} INFO - Processing file /home/erij/Erij_Mazouz_4DS8_churn_ml_project/venv/lib/python3.8/site-packages/airflow/example_dags/example_workday_timetable.py for tasks to queue
[2025-03-07T00:03:03.033+0100] {logging_mixin.py:190} INFO - [2025-03-07T00:03:03.033+0100] {dagbag.py:588} INFO - Filling up the DagBag from /home/erij/Erij_Mazouz_4DS8_churn_ml_project/venv/lib/python3.8/site-packages/airflow/example_dags/example_workday_timetable.py
[2025-03-07T00:03:03.038+0100] {processor.py:925} INFO - DAG(s) 'example_workday_timetable' retrieved from /home/erij/Erij_Mazouz_4DS8_churn_ml_project/venv/lib/python3.8/site-packages/airflow/example_dags/example_workday_timetable.py
[2025-03-07T00:03:03.049+0100] {logging_mixin.py:190} INFO - [2025-03-07T00:03:03.049+0100] {dag.py:3239} INFO - Sync 1 DAGs
[2025-03-07T00:03:03.096+0100] {logging_mixin.py:190} INFO - [2025-03-07T00:03:03.096+0100] {dag.py:4180} INFO - Setting next_dagrun for example_workday_timetable to 2021-01-04 00:00:00+00:00, run_after=2021-01-05 00:00:00+00:00
[2025-03-07T00:03:03.116+0100] {processor.py:208} INFO - Processing /home/erij/Erij_Mazouz_4DS8_churn_ml_project/venv/lib/python3.8/site-packages/airflow/example_dags/example_workday_timetable.py took 0.093 seconds
