[2025-03-06T23:39:41.378+0100] {processor.py:186} INFO - Started process (PID=56086) to work on /home/erij/Erij_Mazouz_4DS8_churn_ml_project/venv/lib/python3.8/site-packages/airflow/example_dags/example_dynamic_task_mapping.py
[2025-03-06T23:39:41.378+0100] {processor.py:914} INFO - Processing file /home/erij/Erij_Mazouz_4DS8_churn_ml_project/venv/lib/python3.8/site-packages/airflow/example_dags/example_dynamic_task_mapping.py for tasks to queue
[2025-03-06T23:39:41.380+0100] {logging_mixin.py:190} INFO - [2025-03-06T23:39:41.380+0100] {dagbag.py:588} INFO - Filling up the DagBag from /home/erij/Erij_Mazouz_4DS8_churn_ml_project/venv/lib/python3.8/site-packages/airflow/example_dags/example_dynamic_task_mapping.py
[2025-03-06T23:39:41.387+0100] {processor.py:925} INFO - DAG(s) 'example_dynamic_task_mapping' retrieved from /home/erij/Erij_Mazouz_4DS8_churn_ml_project/venv/lib/python3.8/site-packages/airflow/example_dags/example_dynamic_task_mapping.py
[2025-03-06T23:39:41.399+0100] {logging_mixin.py:190} INFO - [2025-03-06T23:39:41.399+0100] {dag.py:3239} INFO - Sync 1 DAGs
[2025-03-06T23:39:41.409+0100] {logging_mixin.py:190} INFO - [2025-03-06T23:39:41.409+0100] {dag.py:4180} INFO - Setting next_dagrun for example_dynamic_task_mapping to None, run_after=None
[2025-03-06T23:39:41.428+0100] {processor.py:208} INFO - Processing /home/erij/Erij_Mazouz_4DS8_churn_ml_project/venv/lib/python3.8/site-packages/airflow/example_dags/example_dynamic_task_mapping.py took 0.056 seconds
[2025-03-06T23:41:06.515+0100] {processor.py:186} INFO - Started process (PID=56549) to work on /home/erij/Erij_Mazouz_4DS8_churn_ml_project/venv/lib/python3.8/site-packages/airflow/example_dags/example_dynamic_task_mapping.py
[2025-03-06T23:41:06.517+0100] {processor.py:914} INFO - Processing file /home/erij/Erij_Mazouz_4DS8_churn_ml_project/venv/lib/python3.8/site-packages/airflow/example_dags/example_dynamic_task_mapping.py for tasks to queue
[2025-03-06T23:41:06.519+0100] {logging_mixin.py:190} INFO - [2025-03-06T23:41:06.519+0100] {dagbag.py:588} INFO - Filling up the DagBag from /home/erij/Erij_Mazouz_4DS8_churn_ml_project/venv/lib/python3.8/site-packages/airflow/example_dags/example_dynamic_task_mapping.py
[2025-03-06T23:41:06.526+0100] {processor.py:925} INFO - DAG(s) 'example_dynamic_task_mapping' retrieved from /home/erij/Erij_Mazouz_4DS8_churn_ml_project/venv/lib/python3.8/site-packages/airflow/example_dags/example_dynamic_task_mapping.py
[2025-03-06T23:41:06.538+0100] {logging_mixin.py:190} INFO - [2025-03-06T23:41:06.538+0100] {dag.py:3239} INFO - Sync 1 DAGs
[2025-03-06T23:41:06.550+0100] {logging_mixin.py:190} INFO - [2025-03-06T23:41:06.550+0100] {dag.py:4180} INFO - Setting next_dagrun for example_dynamic_task_mapping to None, run_after=None
[2025-03-06T23:41:06.568+0100] {processor.py:208} INFO - Processing /home/erij/Erij_Mazouz_4DS8_churn_ml_project/venv/lib/python3.8/site-packages/airflow/example_dags/example_dynamic_task_mapping.py took 0.058 seconds
[2025-03-06T23:42:03.080+0100] {processor.py:186} INFO - Started process (PID=56685) to work on /home/erij/Erij_Mazouz_4DS8_churn_ml_project/venv/lib/python3.8/site-packages/airflow/example_dags/example_dynamic_task_mapping.py
[2025-03-06T23:42:03.082+0100] {processor.py:914} INFO - Processing file /home/erij/Erij_Mazouz_4DS8_churn_ml_project/venv/lib/python3.8/site-packages/airflow/example_dags/example_dynamic_task_mapping.py for tasks to queue
[2025-03-06T23:42:03.084+0100] {logging_mixin.py:190} INFO - [2025-03-06T23:42:03.083+0100] {dagbag.py:588} INFO - Filling up the DagBag from /home/erij/Erij_Mazouz_4DS8_churn_ml_project/venv/lib/python3.8/site-packages/airflow/example_dags/example_dynamic_task_mapping.py
[2025-03-06T23:42:03.091+0100] {processor.py:925} INFO - DAG(s) 'example_dynamic_task_mapping' retrieved from /home/erij/Erij_Mazouz_4DS8_churn_ml_project/venv/lib/python3.8/site-packages/airflow/example_dags/example_dynamic_task_mapping.py
[2025-03-06T23:42:03.104+0100] {logging_mixin.py:190} INFO - [2025-03-06T23:42:03.104+0100] {dag.py:3239} INFO - Sync 1 DAGs
[2025-03-06T23:42:03.116+0100] {logging_mixin.py:190} INFO - [2025-03-06T23:42:03.116+0100] {dag.py:4180} INFO - Setting next_dagrun for example_dynamic_task_mapping to None, run_after=None
[2025-03-06T23:42:03.135+0100] {processor.py:208} INFO - Processing /home/erij/Erij_Mazouz_4DS8_churn_ml_project/venv/lib/python3.8/site-packages/airflow/example_dags/example_dynamic_task_mapping.py took 0.061 seconds
[2025-03-06T23:43:14.969+0100] {processor.py:186} INFO - Started process (PID=56863) to work on /home/erij/Erij_Mazouz_4DS8_churn_ml_project/venv/lib/python3.8/site-packages/airflow/example_dags/example_dynamic_task_mapping.py
[2025-03-06T23:43:14.972+0100] {processor.py:914} INFO - Processing file /home/erij/Erij_Mazouz_4DS8_churn_ml_project/venv/lib/python3.8/site-packages/airflow/example_dags/example_dynamic_task_mapping.py for tasks to queue
[2025-03-06T23:43:14.974+0100] {logging_mixin.py:190} INFO - [2025-03-06T23:43:14.974+0100] {dagbag.py:588} INFO - Filling up the DagBag from /home/erij/Erij_Mazouz_4DS8_churn_ml_project/venv/lib/python3.8/site-packages/airflow/example_dags/example_dynamic_task_mapping.py
[2025-03-06T23:43:14.982+0100] {processor.py:925} INFO - DAG(s) 'example_dynamic_task_mapping' retrieved from /home/erij/Erij_Mazouz_4DS8_churn_ml_project/venv/lib/python3.8/site-packages/airflow/example_dags/example_dynamic_task_mapping.py
[2025-03-06T23:43:14.996+0100] {logging_mixin.py:190} INFO - [2025-03-06T23:43:14.995+0100] {dag.py:3239} INFO - Sync 1 DAGs
[2025-03-06T23:43:15.006+0100] {logging_mixin.py:190} INFO - [2025-03-06T23:43:15.006+0100] {dag.py:4180} INFO - Setting next_dagrun for example_dynamic_task_mapping to None, run_after=None
[2025-03-06T23:43:15.024+0100] {processor.py:208} INFO - Processing /home/erij/Erij_Mazouz_4DS8_churn_ml_project/venv/lib/python3.8/site-packages/airflow/example_dags/example_dynamic_task_mapping.py took 0.060 seconds
[2025-03-06T23:44:08.128+0100] {processor.py:186} INFO - Started process (PID=56976) to work on /home/erij/Erij_Mazouz_4DS8_churn_ml_project/venv/lib/python3.8/site-packages/airflow/example_dags/example_dynamic_task_mapping.py
[2025-03-06T23:44:08.131+0100] {processor.py:914} INFO - Processing file /home/erij/Erij_Mazouz_4DS8_churn_ml_project/venv/lib/python3.8/site-packages/airflow/example_dags/example_dynamic_task_mapping.py for tasks to queue
[2025-03-06T23:44:08.133+0100] {logging_mixin.py:190} INFO - [2025-03-06T23:44:08.132+0100] {dagbag.py:588} INFO - Filling up the DagBag from /home/erij/Erij_Mazouz_4DS8_churn_ml_project/venv/lib/python3.8/site-packages/airflow/example_dags/example_dynamic_task_mapping.py
[2025-03-06T23:44:08.139+0100] {processor.py:925} INFO - DAG(s) 'example_dynamic_task_mapping' retrieved from /home/erij/Erij_Mazouz_4DS8_churn_ml_project/venv/lib/python3.8/site-packages/airflow/example_dags/example_dynamic_task_mapping.py
[2025-03-06T23:44:08.153+0100] {logging_mixin.py:190} INFO - [2025-03-06T23:44:08.153+0100] {dag.py:3239} INFO - Sync 1 DAGs
[2025-03-06T23:44:08.164+0100] {logging_mixin.py:190} INFO - [2025-03-06T23:44:08.164+0100] {dag.py:4180} INFO - Setting next_dagrun for example_dynamic_task_mapping to None, run_after=None
[2025-03-06T23:44:08.181+0100] {processor.py:208} INFO - Processing /home/erij/Erij_Mazouz_4DS8_churn_ml_project/venv/lib/python3.8/site-packages/airflow/example_dags/example_dynamic_task_mapping.py took 0.058 seconds
[2025-03-06T23:45:03.226+0100] {processor.py:186} INFO - Started process (PID=57132) to work on /home/erij/Erij_Mazouz_4DS8_churn_ml_project/venv/lib/python3.8/site-packages/airflow/example_dags/example_dynamic_task_mapping.py
[2025-03-06T23:45:03.228+0100] {processor.py:914} INFO - Processing file /home/erij/Erij_Mazouz_4DS8_churn_ml_project/venv/lib/python3.8/site-packages/airflow/example_dags/example_dynamic_task_mapping.py for tasks to queue
[2025-03-06T23:45:03.231+0100] {logging_mixin.py:190} INFO - [2025-03-06T23:45:03.231+0100] {dagbag.py:588} INFO - Filling up the DagBag from /home/erij/Erij_Mazouz_4DS8_churn_ml_project/venv/lib/python3.8/site-packages/airflow/example_dags/example_dynamic_task_mapping.py
[2025-03-06T23:45:03.240+0100] {processor.py:925} INFO - DAG(s) 'example_dynamic_task_mapping' retrieved from /home/erij/Erij_Mazouz_4DS8_churn_ml_project/venv/lib/python3.8/site-packages/airflow/example_dags/example_dynamic_task_mapping.py
[2025-03-06T23:45:03.254+0100] {logging_mixin.py:190} INFO - [2025-03-06T23:45:03.253+0100] {dag.py:3239} INFO - Sync 1 DAGs
[2025-03-06T23:45:03.265+0100] {logging_mixin.py:190} INFO - [2025-03-06T23:45:03.265+0100] {dag.py:4180} INFO - Setting next_dagrun for example_dynamic_task_mapping to None, run_after=None
[2025-03-06T23:45:03.290+0100] {processor.py:208} INFO - Processing /home/erij/Erij_Mazouz_4DS8_churn_ml_project/venv/lib/python3.8/site-packages/airflow/example_dags/example_dynamic_task_mapping.py took 0.069 seconds
[2025-03-06T23:46:00.840+0100] {processor.py:186} INFO - Started process (PID=57253) to work on /home/erij/Erij_Mazouz_4DS8_churn_ml_project/venv/lib/python3.8/site-packages/airflow/example_dags/example_dynamic_task_mapping.py
[2025-03-06T23:46:00.841+0100] {processor.py:914} INFO - Processing file /home/erij/Erij_Mazouz_4DS8_churn_ml_project/venv/lib/python3.8/site-packages/airflow/example_dags/example_dynamic_task_mapping.py for tasks to queue
[2025-03-06T23:46:00.843+0100] {logging_mixin.py:190} INFO - [2025-03-06T23:46:00.842+0100] {dagbag.py:588} INFO - Filling up the DagBag from /home/erij/Erij_Mazouz_4DS8_churn_ml_project/venv/lib/python3.8/site-packages/airflow/example_dags/example_dynamic_task_mapping.py
[2025-03-06T23:46:00.850+0100] {processor.py:925} INFO - DAG(s) 'example_dynamic_task_mapping' retrieved from /home/erij/Erij_Mazouz_4DS8_churn_ml_project/venv/lib/python3.8/site-packages/airflow/example_dags/example_dynamic_task_mapping.py
[2025-03-06T23:46:00.861+0100] {logging_mixin.py:190} INFO - [2025-03-06T23:46:00.861+0100] {dag.py:3239} INFO - Sync 1 DAGs
[2025-03-06T23:46:00.871+0100] {logging_mixin.py:190} INFO - [2025-03-06T23:46:00.871+0100] {dag.py:4180} INFO - Setting next_dagrun for example_dynamic_task_mapping to None, run_after=None
[2025-03-06T23:46:00.903+0100] {processor.py:208} INFO - Processing /home/erij/Erij_Mazouz_4DS8_churn_ml_project/venv/lib/python3.8/site-packages/airflow/example_dags/example_dynamic_task_mapping.py took 0.068 seconds
[2025-03-06T23:46:57.532+0100] {processor.py:186} INFO - Started process (PID=57371) to work on /home/erij/Erij_Mazouz_4DS8_churn_ml_project/venv/lib/python3.8/site-packages/airflow/example_dags/example_dynamic_task_mapping.py
[2025-03-06T23:46:57.533+0100] {processor.py:914} INFO - Processing file /home/erij/Erij_Mazouz_4DS8_churn_ml_project/venv/lib/python3.8/site-packages/airflow/example_dags/example_dynamic_task_mapping.py for tasks to queue
[2025-03-06T23:46:57.535+0100] {logging_mixin.py:190} INFO - [2025-03-06T23:46:57.534+0100] {dagbag.py:588} INFO - Filling up the DagBag from /home/erij/Erij_Mazouz_4DS8_churn_ml_project/venv/lib/python3.8/site-packages/airflow/example_dags/example_dynamic_task_mapping.py
[2025-03-06T23:46:57.542+0100] {processor.py:925} INFO - DAG(s) 'example_dynamic_task_mapping' retrieved from /home/erij/Erij_Mazouz_4DS8_churn_ml_project/venv/lib/python3.8/site-packages/airflow/example_dags/example_dynamic_task_mapping.py
[2025-03-06T23:46:57.554+0100] {logging_mixin.py:190} INFO - [2025-03-06T23:46:57.554+0100] {dag.py:3239} INFO - Sync 1 DAGs
[2025-03-06T23:46:57.565+0100] {logging_mixin.py:190} INFO - [2025-03-06T23:46:57.565+0100] {dag.py:4180} INFO - Setting next_dagrun for example_dynamic_task_mapping to None, run_after=None
[2025-03-06T23:46:57.584+0100] {processor.py:208} INFO - Processing /home/erij/Erij_Mazouz_4DS8_churn_ml_project/venv/lib/python3.8/site-packages/airflow/example_dags/example_dynamic_task_mapping.py took 0.057 seconds
[2025-03-06T23:47:53.011+0100] {processor.py:186} INFO - Started process (PID=57480) to work on /home/erij/Erij_Mazouz_4DS8_churn_ml_project/venv/lib/python3.8/site-packages/airflow/example_dags/example_dynamic_task_mapping.py
[2025-03-06T23:47:53.014+0100] {processor.py:914} INFO - Processing file /home/erij/Erij_Mazouz_4DS8_churn_ml_project/venv/lib/python3.8/site-packages/airflow/example_dags/example_dynamic_task_mapping.py for tasks to queue
[2025-03-06T23:47:53.018+0100] {logging_mixin.py:190} INFO - [2025-03-06T23:47:53.018+0100] {dagbag.py:588} INFO - Filling up the DagBag from /home/erij/Erij_Mazouz_4DS8_churn_ml_project/venv/lib/python3.8/site-packages/airflow/example_dags/example_dynamic_task_mapping.py
[2025-03-06T23:47:53.027+0100] {processor.py:925} INFO - DAG(s) 'example_dynamic_task_mapping' retrieved from /home/erij/Erij_Mazouz_4DS8_churn_ml_project/venv/lib/python3.8/site-packages/airflow/example_dags/example_dynamic_task_mapping.py
[2025-03-06T23:47:53.041+0100] {logging_mixin.py:190} INFO - [2025-03-06T23:47:53.041+0100] {dag.py:3239} INFO - Sync 1 DAGs
[2025-03-06T23:47:53.053+0100] {logging_mixin.py:190} INFO - [2025-03-06T23:47:53.053+0100] {dag.py:4180} INFO - Setting next_dagrun for example_dynamic_task_mapping to None, run_after=None
[2025-03-06T23:47:53.069+0100] {processor.py:208} INFO - Processing /home/erij/Erij_Mazouz_4DS8_churn_ml_project/venv/lib/python3.8/site-packages/airflow/example_dags/example_dynamic_task_mapping.py took 0.064 seconds
[2025-03-06T23:48:50.787+0100] {processor.py:186} INFO - Started process (PID=57598) to work on /home/erij/Erij_Mazouz_4DS8_churn_ml_project/venv/lib/python3.8/site-packages/airflow/example_dags/example_dynamic_task_mapping.py
[2025-03-06T23:48:50.789+0100] {processor.py:914} INFO - Processing file /home/erij/Erij_Mazouz_4DS8_churn_ml_project/venv/lib/python3.8/site-packages/airflow/example_dags/example_dynamic_task_mapping.py for tasks to queue
[2025-03-06T23:48:50.791+0100] {logging_mixin.py:190} INFO - [2025-03-06T23:48:50.791+0100] {dagbag.py:588} INFO - Filling up the DagBag from /home/erij/Erij_Mazouz_4DS8_churn_ml_project/venv/lib/python3.8/site-packages/airflow/example_dags/example_dynamic_task_mapping.py
[2025-03-06T23:48:50.798+0100] {processor.py:925} INFO - DAG(s) 'example_dynamic_task_mapping' retrieved from /home/erij/Erij_Mazouz_4DS8_churn_ml_project/venv/lib/python3.8/site-packages/airflow/example_dags/example_dynamic_task_mapping.py
[2025-03-06T23:48:50.809+0100] {logging_mixin.py:190} INFO - [2025-03-06T23:48:50.809+0100] {dag.py:3239} INFO - Sync 1 DAGs
[2025-03-06T23:48:50.819+0100] {logging_mixin.py:190} INFO - [2025-03-06T23:48:50.818+0100] {dag.py:4180} INFO - Setting next_dagrun for example_dynamic_task_mapping to None, run_after=None
[2025-03-06T23:48:50.835+0100] {processor.py:208} INFO - Processing /home/erij/Erij_Mazouz_4DS8_churn_ml_project/venv/lib/python3.8/site-packages/airflow/example_dags/example_dynamic_task_mapping.py took 0.053 seconds
[2025-03-06T23:49:46.524+0100] {processor.py:186} INFO - Started process (PID=57715) to work on /home/erij/Erij_Mazouz_4DS8_churn_ml_project/venv/lib/python3.8/site-packages/airflow/example_dags/example_dynamic_task_mapping.py
[2025-03-06T23:49:46.525+0100] {processor.py:914} INFO - Processing file /home/erij/Erij_Mazouz_4DS8_churn_ml_project/venv/lib/python3.8/site-packages/airflow/example_dags/example_dynamic_task_mapping.py for tasks to queue
[2025-03-06T23:49:46.528+0100] {logging_mixin.py:190} INFO - [2025-03-06T23:49:46.527+0100] {dagbag.py:588} INFO - Filling up the DagBag from /home/erij/Erij_Mazouz_4DS8_churn_ml_project/venv/lib/python3.8/site-packages/airflow/example_dags/example_dynamic_task_mapping.py
[2025-03-06T23:49:46.536+0100] {processor.py:925} INFO - DAG(s) 'example_dynamic_task_mapping' retrieved from /home/erij/Erij_Mazouz_4DS8_churn_ml_project/venv/lib/python3.8/site-packages/airflow/example_dags/example_dynamic_task_mapping.py
[2025-03-06T23:49:46.552+0100] {logging_mixin.py:190} INFO - [2025-03-06T23:49:46.552+0100] {dag.py:3239} INFO - Sync 1 DAGs
[2025-03-06T23:49:46.566+0100] {logging_mixin.py:190} INFO - [2025-03-06T23:49:46.565+0100] {dag.py:4180} INFO - Setting next_dagrun for example_dynamic_task_mapping to None, run_after=None
[2025-03-06T23:49:46.587+0100] {processor.py:208} INFO - Processing /home/erij/Erij_Mazouz_4DS8_churn_ml_project/venv/lib/python3.8/site-packages/airflow/example_dags/example_dynamic_task_mapping.py took 0.070 seconds
[2025-03-06T23:50:41.560+0100] {processor.py:186} INFO - Started process (PID=57822) to work on /home/erij/Erij_Mazouz_4DS8_churn_ml_project/venv/lib/python3.8/site-packages/airflow/example_dags/example_dynamic_task_mapping.py
[2025-03-06T23:50:41.562+0100] {processor.py:914} INFO - Processing file /home/erij/Erij_Mazouz_4DS8_churn_ml_project/venv/lib/python3.8/site-packages/airflow/example_dags/example_dynamic_task_mapping.py for tasks to queue
[2025-03-06T23:50:41.564+0100] {logging_mixin.py:190} INFO - [2025-03-06T23:50:41.564+0100] {dagbag.py:588} INFO - Filling up the DagBag from /home/erij/Erij_Mazouz_4DS8_churn_ml_project/venv/lib/python3.8/site-packages/airflow/example_dags/example_dynamic_task_mapping.py
[2025-03-06T23:50:41.572+0100] {processor.py:925} INFO - DAG(s) 'example_dynamic_task_mapping' retrieved from /home/erij/Erij_Mazouz_4DS8_churn_ml_project/venv/lib/python3.8/site-packages/airflow/example_dags/example_dynamic_task_mapping.py
[2025-03-06T23:50:41.584+0100] {logging_mixin.py:190} INFO - [2025-03-06T23:50:41.584+0100] {dag.py:3239} INFO - Sync 1 DAGs
[2025-03-06T23:50:41.595+0100] {logging_mixin.py:190} INFO - [2025-03-06T23:50:41.595+0100] {dag.py:4180} INFO - Setting next_dagrun for example_dynamic_task_mapping to None, run_after=None
[2025-03-06T23:50:41.613+0100] {processor.py:208} INFO - Processing /home/erij/Erij_Mazouz_4DS8_churn_ml_project/venv/lib/python3.8/site-packages/airflow/example_dags/example_dynamic_task_mapping.py took 0.058 seconds
[2025-03-06T23:51:37.356+0100] {processor.py:186} INFO - Started process (PID=57937) to work on /home/erij/Erij_Mazouz_4DS8_churn_ml_project/venv/lib/python3.8/site-packages/airflow/example_dags/example_dynamic_task_mapping.py
[2025-03-06T23:51:37.358+0100] {processor.py:914} INFO - Processing file /home/erij/Erij_Mazouz_4DS8_churn_ml_project/venv/lib/python3.8/site-packages/airflow/example_dags/example_dynamic_task_mapping.py for tasks to queue
[2025-03-06T23:51:37.360+0100] {logging_mixin.py:190} INFO - [2025-03-06T23:51:37.360+0100] {dagbag.py:588} INFO - Filling up the DagBag from /home/erij/Erij_Mazouz_4DS8_churn_ml_project/venv/lib/python3.8/site-packages/airflow/example_dags/example_dynamic_task_mapping.py
[2025-03-06T23:51:37.367+0100] {processor.py:925} INFO - DAG(s) 'example_dynamic_task_mapping' retrieved from /home/erij/Erij_Mazouz_4DS8_churn_ml_project/venv/lib/python3.8/site-packages/airflow/example_dags/example_dynamic_task_mapping.py
[2025-03-06T23:51:37.384+0100] {logging_mixin.py:190} INFO - [2025-03-06T23:51:37.383+0100] {dag.py:3239} INFO - Sync 1 DAGs
[2025-03-06T23:51:37.399+0100] {logging_mixin.py:190} INFO - [2025-03-06T23:51:37.399+0100] {dag.py:4180} INFO - Setting next_dagrun for example_dynamic_task_mapping to None, run_after=None
[2025-03-06T23:51:37.417+0100] {processor.py:208} INFO - Processing /home/erij/Erij_Mazouz_4DS8_churn_ml_project/venv/lib/python3.8/site-packages/airflow/example_dags/example_dynamic_task_mapping.py took 0.068 seconds
[2025-03-06T23:52:32.783+0100] {processor.py:186} INFO - Started process (PID=58049) to work on /home/erij/Erij_Mazouz_4DS8_churn_ml_project/venv/lib/python3.8/site-packages/airflow/example_dags/example_dynamic_task_mapping.py
[2025-03-06T23:52:32.785+0100] {processor.py:914} INFO - Processing file /home/erij/Erij_Mazouz_4DS8_churn_ml_project/venv/lib/python3.8/site-packages/airflow/example_dags/example_dynamic_task_mapping.py for tasks to queue
[2025-03-06T23:52:32.787+0100] {logging_mixin.py:190} INFO - [2025-03-06T23:52:32.787+0100] {dagbag.py:588} INFO - Filling up the DagBag from /home/erij/Erij_Mazouz_4DS8_churn_ml_project/venv/lib/python3.8/site-packages/airflow/example_dags/example_dynamic_task_mapping.py
[2025-03-06T23:52:32.795+0100] {processor.py:925} INFO - DAG(s) 'example_dynamic_task_mapping' retrieved from /home/erij/Erij_Mazouz_4DS8_churn_ml_project/venv/lib/python3.8/site-packages/airflow/example_dags/example_dynamic_task_mapping.py
[2025-03-06T23:52:32.807+0100] {logging_mixin.py:190} INFO - [2025-03-06T23:52:32.807+0100] {dag.py:3239} INFO - Sync 1 DAGs
[2025-03-06T23:52:32.818+0100] {logging_mixin.py:190} INFO - [2025-03-06T23:52:32.818+0100] {dag.py:4180} INFO - Setting next_dagrun for example_dynamic_task_mapping to None, run_after=None
[2025-03-06T23:52:32.837+0100] {processor.py:208} INFO - Processing /home/erij/Erij_Mazouz_4DS8_churn_ml_project/venv/lib/python3.8/site-packages/airflow/example_dags/example_dynamic_task_mapping.py took 0.059 seconds
[2025-03-06T23:53:30.451+0100] {processor.py:186} INFO - Started process (PID=58165) to work on /home/erij/Erij_Mazouz_4DS8_churn_ml_project/venv/lib/python3.8/site-packages/airflow/example_dags/example_dynamic_task_mapping.py
[2025-03-06T23:53:30.453+0100] {processor.py:914} INFO - Processing file /home/erij/Erij_Mazouz_4DS8_churn_ml_project/venv/lib/python3.8/site-packages/airflow/example_dags/example_dynamic_task_mapping.py for tasks to queue
[2025-03-06T23:53:30.455+0100] {logging_mixin.py:190} INFO - [2025-03-06T23:53:30.455+0100] {dagbag.py:588} INFO - Filling up the DagBag from /home/erij/Erij_Mazouz_4DS8_churn_ml_project/venv/lib/python3.8/site-packages/airflow/example_dags/example_dynamic_task_mapping.py
[2025-03-06T23:53:30.462+0100] {processor.py:925} INFO - DAG(s) 'example_dynamic_task_mapping' retrieved from /home/erij/Erij_Mazouz_4DS8_churn_ml_project/venv/lib/python3.8/site-packages/airflow/example_dags/example_dynamic_task_mapping.py
[2025-03-06T23:53:30.474+0100] {logging_mixin.py:190} INFO - [2025-03-06T23:53:30.474+0100] {dag.py:3239} INFO - Sync 1 DAGs
[2025-03-06T23:53:30.484+0100] {logging_mixin.py:190} INFO - [2025-03-06T23:53:30.484+0100] {dag.py:4180} INFO - Setting next_dagrun for example_dynamic_task_mapping to None, run_after=None
[2025-03-06T23:53:30.504+0100] {processor.py:208} INFO - Processing /home/erij/Erij_Mazouz_4DS8_churn_ml_project/venv/lib/python3.8/site-packages/airflow/example_dags/example_dynamic_task_mapping.py took 0.058 seconds
[2025-03-06T23:54:26.574+0100] {processor.py:186} INFO - Started process (PID=58549) to work on /home/erij/Erij_Mazouz_4DS8_churn_ml_project/venv/lib/python3.8/site-packages/airflow/example_dags/example_dynamic_task_mapping.py
[2025-03-06T23:54:26.575+0100] {processor.py:914} INFO - Processing file /home/erij/Erij_Mazouz_4DS8_churn_ml_project/venv/lib/python3.8/site-packages/airflow/example_dags/example_dynamic_task_mapping.py for tasks to queue
[2025-03-06T23:54:26.577+0100] {logging_mixin.py:190} INFO - [2025-03-06T23:54:26.577+0100] {dagbag.py:588} INFO - Filling up the DagBag from /home/erij/Erij_Mazouz_4DS8_churn_ml_project/venv/lib/python3.8/site-packages/airflow/example_dags/example_dynamic_task_mapping.py
[2025-03-06T23:54:26.585+0100] {processor.py:925} INFO - DAG(s) 'example_dynamic_task_mapping' retrieved from /home/erij/Erij_Mazouz_4DS8_churn_ml_project/venv/lib/python3.8/site-packages/airflow/example_dags/example_dynamic_task_mapping.py
[2025-03-06T23:54:26.596+0100] {logging_mixin.py:190} INFO - [2025-03-06T23:54:26.596+0100] {dag.py:3239} INFO - Sync 1 DAGs
[2025-03-06T23:54:26.606+0100] {logging_mixin.py:190} INFO - [2025-03-06T23:54:26.606+0100] {dag.py:4180} INFO - Setting next_dagrun for example_dynamic_task_mapping to None, run_after=None
[2025-03-06T23:54:26.622+0100] {processor.py:208} INFO - Processing /home/erij/Erij_Mazouz_4DS8_churn_ml_project/venv/lib/python3.8/site-packages/airflow/example_dags/example_dynamic_task_mapping.py took 0.054 seconds
[2025-03-06T23:55:25.124+0100] {processor.py:186} INFO - Started process (PID=59039) to work on /home/erij/Erij_Mazouz_4DS8_churn_ml_project/venv/lib/python3.8/site-packages/airflow/example_dags/example_dynamic_task_mapping.py
[2025-03-06T23:55:25.126+0100] {processor.py:914} INFO - Processing file /home/erij/Erij_Mazouz_4DS8_churn_ml_project/venv/lib/python3.8/site-packages/airflow/example_dags/example_dynamic_task_mapping.py for tasks to queue
[2025-03-06T23:55:25.128+0100] {logging_mixin.py:190} INFO - [2025-03-06T23:55:25.128+0100] {dagbag.py:588} INFO - Filling up the DagBag from /home/erij/Erij_Mazouz_4DS8_churn_ml_project/venv/lib/python3.8/site-packages/airflow/example_dags/example_dynamic_task_mapping.py
[2025-03-06T23:55:25.134+0100] {processor.py:925} INFO - DAG(s) 'example_dynamic_task_mapping' retrieved from /home/erij/Erij_Mazouz_4DS8_churn_ml_project/venv/lib/python3.8/site-packages/airflow/example_dags/example_dynamic_task_mapping.py
[2025-03-06T23:55:25.151+0100] {logging_mixin.py:190} INFO - [2025-03-06T23:55:25.151+0100] {dag.py:3239} INFO - Sync 1 DAGs
[2025-03-06T23:55:25.165+0100] {logging_mixin.py:190} INFO - [2025-03-06T23:55:25.165+0100] {dag.py:4180} INFO - Setting next_dagrun for example_dynamic_task_mapping to None, run_after=None
[2025-03-06T23:55:25.186+0100] {processor.py:208} INFO - Processing /home/erij/Erij_Mazouz_4DS8_churn_ml_project/venv/lib/python3.8/site-packages/airflow/example_dags/example_dynamic_task_mapping.py took 0.066 seconds
[2025-03-06T23:56:25.259+0100] {processor.py:186} INFO - Started process (PID=59242) to work on /home/erij/Erij_Mazouz_4DS8_churn_ml_project/venv/lib/python3.8/site-packages/airflow/example_dags/example_dynamic_task_mapping.py
[2025-03-06T23:56:25.262+0100] {processor.py:914} INFO - Processing file /home/erij/Erij_Mazouz_4DS8_churn_ml_project/venv/lib/python3.8/site-packages/airflow/example_dags/example_dynamic_task_mapping.py for tasks to queue
[2025-03-06T23:56:25.263+0100] {logging_mixin.py:190} INFO - [2025-03-06T23:56:25.263+0100] {dagbag.py:588} INFO - Filling up the DagBag from /home/erij/Erij_Mazouz_4DS8_churn_ml_project/venv/lib/python3.8/site-packages/airflow/example_dags/example_dynamic_task_mapping.py
[2025-03-06T23:56:25.272+0100] {processor.py:925} INFO - DAG(s) 'example_dynamic_task_mapping' retrieved from /home/erij/Erij_Mazouz_4DS8_churn_ml_project/venv/lib/python3.8/site-packages/airflow/example_dags/example_dynamic_task_mapping.py
[2025-03-06T23:56:25.284+0100] {logging_mixin.py:190} INFO - [2025-03-06T23:56:25.284+0100] {dag.py:3239} INFO - Sync 1 DAGs
[2025-03-06T23:56:25.296+0100] {logging_mixin.py:190} INFO - [2025-03-06T23:56:25.296+0100] {dag.py:4180} INFO - Setting next_dagrun for example_dynamic_task_mapping to None, run_after=None
[2025-03-06T23:56:25.312+0100] {processor.py:208} INFO - Processing /home/erij/Erij_Mazouz_4DS8_churn_ml_project/venv/lib/python3.8/site-packages/airflow/example_dags/example_dynamic_task_mapping.py took 0.059 seconds
[2025-03-06T23:57:21.435+0100] {processor.py:186} INFO - Started process (PID=59364) to work on /home/erij/Erij_Mazouz_4DS8_churn_ml_project/venv/lib/python3.8/site-packages/airflow/example_dags/example_dynamic_task_mapping.py
[2025-03-06T23:57:21.436+0100] {processor.py:914} INFO - Processing file /home/erij/Erij_Mazouz_4DS8_churn_ml_project/venv/lib/python3.8/site-packages/airflow/example_dags/example_dynamic_task_mapping.py for tasks to queue
[2025-03-06T23:57:21.438+0100] {logging_mixin.py:190} INFO - [2025-03-06T23:57:21.437+0100] {dagbag.py:588} INFO - Filling up the DagBag from /home/erij/Erij_Mazouz_4DS8_churn_ml_project/venv/lib/python3.8/site-packages/airflow/example_dags/example_dynamic_task_mapping.py
[2025-03-06T23:57:21.447+0100] {processor.py:925} INFO - DAG(s) 'example_dynamic_task_mapping' retrieved from /home/erij/Erij_Mazouz_4DS8_churn_ml_project/venv/lib/python3.8/site-packages/airflow/example_dags/example_dynamic_task_mapping.py
[2025-03-06T23:57:21.458+0100] {logging_mixin.py:190} INFO - [2025-03-06T23:57:21.458+0100] {dag.py:3239} INFO - Sync 1 DAGs
[2025-03-06T23:57:21.468+0100] {logging_mixin.py:190} INFO - [2025-03-06T23:57:21.468+0100] {dag.py:4180} INFO - Setting next_dagrun for example_dynamic_task_mapping to None, run_after=None
[2025-03-06T23:57:21.485+0100] {processor.py:208} INFO - Processing /home/erij/Erij_Mazouz_4DS8_churn_ml_project/venv/lib/python3.8/site-packages/airflow/example_dags/example_dynamic_task_mapping.py took 0.056 seconds
[2025-03-06T23:58:16.848+0100] {processor.py:186} INFO - Started process (PID=59510) to work on /home/erij/Erij_Mazouz_4DS8_churn_ml_project/venv/lib/python3.8/site-packages/airflow/example_dags/example_dynamic_task_mapping.py
[2025-03-06T23:58:16.850+0100] {processor.py:914} INFO - Processing file /home/erij/Erij_Mazouz_4DS8_churn_ml_project/venv/lib/python3.8/site-packages/airflow/example_dags/example_dynamic_task_mapping.py for tasks to queue
[2025-03-06T23:58:16.852+0100] {logging_mixin.py:190} INFO - [2025-03-06T23:58:16.851+0100] {dagbag.py:588} INFO - Filling up the DagBag from /home/erij/Erij_Mazouz_4DS8_churn_ml_project/venv/lib/python3.8/site-packages/airflow/example_dags/example_dynamic_task_mapping.py
[2025-03-06T23:58:16.859+0100] {processor.py:925} INFO - DAG(s) 'example_dynamic_task_mapping' retrieved from /home/erij/Erij_Mazouz_4DS8_churn_ml_project/venv/lib/python3.8/site-packages/airflow/example_dags/example_dynamic_task_mapping.py
[2025-03-06T23:58:16.871+0100] {logging_mixin.py:190} INFO - [2025-03-06T23:58:16.871+0100] {dag.py:3239} INFO - Sync 1 DAGs
[2025-03-06T23:58:16.882+0100] {logging_mixin.py:190} INFO - [2025-03-06T23:58:16.882+0100] {dag.py:4180} INFO - Setting next_dagrun for example_dynamic_task_mapping to None, run_after=None
[2025-03-06T23:58:16.900+0100] {processor.py:208} INFO - Processing /home/erij/Erij_Mazouz_4DS8_churn_ml_project/venv/lib/python3.8/site-packages/airflow/example_dags/example_dynamic_task_mapping.py took 0.057 seconds
[2025-03-06T23:59:08.617+0100] {processor.py:186} INFO - Started process (PID=59658) to work on /home/erij/Erij_Mazouz_4DS8_churn_ml_project/venv/lib/python3.8/site-packages/airflow/example_dags/example_dynamic_task_mapping.py
[2025-03-06T23:59:08.618+0100] {processor.py:914} INFO - Processing file /home/erij/Erij_Mazouz_4DS8_churn_ml_project/venv/lib/python3.8/site-packages/airflow/example_dags/example_dynamic_task_mapping.py for tasks to queue
[2025-03-06T23:59:08.620+0100] {logging_mixin.py:190} INFO - [2025-03-06T23:59:08.619+0100] {dagbag.py:588} INFO - Filling up the DagBag from /home/erij/Erij_Mazouz_4DS8_churn_ml_project/venv/lib/python3.8/site-packages/airflow/example_dags/example_dynamic_task_mapping.py
[2025-03-06T23:59:08.626+0100] {processor.py:925} INFO - DAG(s) 'example_dynamic_task_mapping' retrieved from /home/erij/Erij_Mazouz_4DS8_churn_ml_project/venv/lib/python3.8/site-packages/airflow/example_dags/example_dynamic_task_mapping.py
[2025-03-06T23:59:08.638+0100] {logging_mixin.py:190} INFO - [2025-03-06T23:59:08.638+0100] {dag.py:3239} INFO - Sync 1 DAGs
[2025-03-06T23:59:08.648+0100] {logging_mixin.py:190} INFO - [2025-03-06T23:59:08.648+0100] {dag.py:4180} INFO - Setting next_dagrun for example_dynamic_task_mapping to None, run_after=None
[2025-03-06T23:59:08.665+0100] {processor.py:208} INFO - Processing /home/erij/Erij_Mazouz_4DS8_churn_ml_project/venv/lib/python3.8/site-packages/airflow/example_dags/example_dynamic_task_mapping.py took 0.053 seconds
[2025-03-07T00:00:24.050+0100] {processor.py:186} INFO - Started process (PID=59902) to work on /home/erij/Erij_Mazouz_4DS8_churn_ml_project/venv/lib/python3.8/site-packages/airflow/example_dags/example_dynamic_task_mapping.py
[2025-03-07T00:00:24.051+0100] {processor.py:914} INFO - Processing file /home/erij/Erij_Mazouz_4DS8_churn_ml_project/venv/lib/python3.8/site-packages/airflow/example_dags/example_dynamic_task_mapping.py for tasks to queue
[2025-03-07T00:00:24.053+0100] {logging_mixin.py:190} INFO - [2025-03-07T00:00:24.053+0100] {dagbag.py:588} INFO - Filling up the DagBag from /home/erij/Erij_Mazouz_4DS8_churn_ml_project/venv/lib/python3.8/site-packages/airflow/example_dags/example_dynamic_task_mapping.py
[2025-03-07T00:00:24.060+0100] {processor.py:925} INFO - DAG(s) 'example_dynamic_task_mapping' retrieved from /home/erij/Erij_Mazouz_4DS8_churn_ml_project/venv/lib/python3.8/site-packages/airflow/example_dags/example_dynamic_task_mapping.py
[2025-03-07T00:00:24.072+0100] {logging_mixin.py:190} INFO - [2025-03-07T00:00:24.072+0100] {dag.py:3239} INFO - Sync 1 DAGs
[2025-03-07T00:00:24.082+0100] {logging_mixin.py:190} INFO - [2025-03-07T00:00:24.082+0100] {dag.py:4180} INFO - Setting next_dagrun for example_dynamic_task_mapping to None, run_after=None
[2025-03-07T00:00:24.101+0100] {processor.py:208} INFO - Processing /home/erij/Erij_Mazouz_4DS8_churn_ml_project/venv/lib/python3.8/site-packages/airflow/example_dags/example_dynamic_task_mapping.py took 0.056 seconds
[2025-03-07T00:01:17.611+0100] {processor.py:186} INFO - Started process (PID=60085) to work on /home/erij/Erij_Mazouz_4DS8_churn_ml_project/venv/lib/python3.8/site-packages/airflow/example_dags/example_dynamic_task_mapping.py
[2025-03-07T00:01:17.613+0100] {processor.py:914} INFO - Processing file /home/erij/Erij_Mazouz_4DS8_churn_ml_project/venv/lib/python3.8/site-packages/airflow/example_dags/example_dynamic_task_mapping.py for tasks to queue
[2025-03-07T00:01:17.615+0100] {logging_mixin.py:190} INFO - [2025-03-07T00:01:17.615+0100] {dagbag.py:588} INFO - Filling up the DagBag from /home/erij/Erij_Mazouz_4DS8_churn_ml_project/venv/lib/python3.8/site-packages/airflow/example_dags/example_dynamic_task_mapping.py
[2025-03-07T00:01:17.622+0100] {processor.py:925} INFO - DAG(s) 'example_dynamic_task_mapping' retrieved from /home/erij/Erij_Mazouz_4DS8_churn_ml_project/venv/lib/python3.8/site-packages/airflow/example_dags/example_dynamic_task_mapping.py
[2025-03-07T00:01:17.634+0100] {logging_mixin.py:190} INFO - [2025-03-07T00:01:17.634+0100] {dag.py:3239} INFO - Sync 1 DAGs
[2025-03-07T00:01:17.645+0100] {logging_mixin.py:190} INFO - [2025-03-07T00:01:17.645+0100] {dag.py:4180} INFO - Setting next_dagrun for example_dynamic_task_mapping to None, run_after=None
[2025-03-07T00:01:17.664+0100] {processor.py:208} INFO - Processing /home/erij/Erij_Mazouz_4DS8_churn_ml_project/venv/lib/python3.8/site-packages/airflow/example_dags/example_dynamic_task_mapping.py took 0.058 seconds
[2025-03-07T00:02:12.512+0100] {processor.py:186} INFO - Started process (PID=60270) to work on /home/erij/Erij_Mazouz_4DS8_churn_ml_project/venv/lib/python3.8/site-packages/airflow/example_dags/example_dynamic_task_mapping.py
[2025-03-07T00:02:12.514+0100] {processor.py:914} INFO - Processing file /home/erij/Erij_Mazouz_4DS8_churn_ml_project/venv/lib/python3.8/site-packages/airflow/example_dags/example_dynamic_task_mapping.py for tasks to queue
[2025-03-07T00:02:12.517+0100] {logging_mixin.py:190} INFO - [2025-03-07T00:02:12.517+0100] {dagbag.py:588} INFO - Filling up the DagBag from /home/erij/Erij_Mazouz_4DS8_churn_ml_project/venv/lib/python3.8/site-packages/airflow/example_dags/example_dynamic_task_mapping.py
[2025-03-07T00:02:12.526+0100] {processor.py:925} INFO - DAG(s) 'example_dynamic_task_mapping' retrieved from /home/erij/Erij_Mazouz_4DS8_churn_ml_project/venv/lib/python3.8/site-packages/airflow/example_dags/example_dynamic_task_mapping.py
[2025-03-07T00:02:12.541+0100] {logging_mixin.py:190} INFO - [2025-03-07T00:02:12.541+0100] {dag.py:3239} INFO - Sync 1 DAGs
[2025-03-07T00:02:12.554+0100] {logging_mixin.py:190} INFO - [2025-03-07T00:02:12.554+0100] {dag.py:4180} INFO - Setting next_dagrun for example_dynamic_task_mapping to None, run_after=None
[2025-03-07T00:02:12.572+0100] {processor.py:208} INFO - Processing /home/erij/Erij_Mazouz_4DS8_churn_ml_project/venv/lib/python3.8/site-packages/airflow/example_dags/example_dynamic_task_mapping.py took 0.067 seconds
