[2025-03-06T23:40:17.156+0100] {processor.py:186} INFO - Started process (PID=56433) to work on /home/erij/Erij_Mazouz_4DS8_churn_ml_project/venv/lib/python3.8/site-packages/airflow/example_dags/example_outlet_event_extra.py
[2025-03-06T23:40:17.157+0100] {processor.py:914} INFO - Processing file /home/erij/Erij_Mazouz_4DS8_churn_ml_project/venv/lib/python3.8/site-packages/airflow/example_dags/example_outlet_event_extra.py for tasks to queue
[2025-03-06T23:40:17.159+0100] {logging_mixin.py:190} INFO - [2025-03-06T23:40:17.158+0100] {dagbag.py:588} INFO - Filling up the DagBag from /home/erij/Erij_Mazouz_4DS8_churn_ml_project/venv/lib/python3.8/site-packages/airflow/example_dags/example_outlet_event_extra.py
[2025-03-06T23:40:17.171+0100] {processor.py:925} INFO - DAG(s) 'dataset_with_extra_by_yield', 'dataset_with_extra_from_classic_operator', 'dataset_with_extra_by_context' retrieved from /home/erij/Erij_Mazouz_4DS8_churn_ml_project/venv/lib/python3.8/site-packages/airflow/example_dags/example_outlet_event_extra.py
[2025-03-06T23:40:17.187+0100] {logging_mixin.py:190} INFO - [2025-03-06T23:40:17.187+0100] {dag.py:3239} INFO - Sync 3 DAGs
[2025-03-06T23:40:17.207+0100] {logging_mixin.py:190} INFO - [2025-03-06T23:40:17.207+0100] {dag.py:4180} INFO - Setting next_dagrun for dataset_with_extra_by_context to 2025-03-05 00:00:00+00:00, run_after=2025-03-06 00:00:00+00:00
[2025-03-06T23:40:17.211+0100] {logging_mixin.py:190} INFO - [2025-03-06T23:40:17.211+0100] {dag.py:4180} INFO - Setting next_dagrun for dataset_with_extra_by_yield to 2025-03-05 00:00:00+00:00, run_after=2025-03-06 00:00:00+00:00
[2025-03-06T23:40:17.213+0100] {logging_mixin.py:190} INFO - [2025-03-06T23:40:17.213+0100] {dag.py:4180} INFO - Setting next_dagrun for dataset_with_extra_from_classic_operator to 2025-03-05 00:00:00+00:00, run_after=2025-03-06 00:00:00+00:00
[2025-03-06T23:40:17.232+0100] {processor.py:208} INFO - Processing /home/erij/Erij_Mazouz_4DS8_churn_ml_project/venv/lib/python3.8/site-packages/airflow/example_dags/example_outlet_event_extra.py took 0.082 seconds
[2025-03-06T23:41:29.368+0100] {processor.py:186} INFO - Started process (PID=56611) to work on /home/erij/Erij_Mazouz_4DS8_churn_ml_project/venv/lib/python3.8/site-packages/airflow/example_dags/example_outlet_event_extra.py
[2025-03-06T23:41:29.369+0100] {processor.py:914} INFO - Processing file /home/erij/Erij_Mazouz_4DS8_churn_ml_project/venv/lib/python3.8/site-packages/airflow/example_dags/example_outlet_event_extra.py for tasks to queue
[2025-03-06T23:41:29.371+0100] {logging_mixin.py:190} INFO - [2025-03-06T23:41:29.371+0100] {dagbag.py:588} INFO - Filling up the DagBag from /home/erij/Erij_Mazouz_4DS8_churn_ml_project/venv/lib/python3.8/site-packages/airflow/example_dags/example_outlet_event_extra.py
[2025-03-06T23:41:29.384+0100] {processor.py:925} INFO - DAG(s) 'dataset_with_extra_by_yield', 'dataset_with_extra_by_context', 'dataset_with_extra_from_classic_operator' retrieved from /home/erij/Erij_Mazouz_4DS8_churn_ml_project/venv/lib/python3.8/site-packages/airflow/example_dags/example_outlet_event_extra.py
[2025-03-06T23:41:29.399+0100] {logging_mixin.py:190} INFO - [2025-03-06T23:41:29.399+0100] {dag.py:3239} INFO - Sync 3 DAGs
[2025-03-06T23:41:29.417+0100] {logging_mixin.py:190} INFO - [2025-03-06T23:41:29.417+0100] {dag.py:4180} INFO - Setting next_dagrun for dataset_with_extra_by_context to 2025-03-05 00:00:00+00:00, run_after=2025-03-06 00:00:00+00:00
[2025-03-06T23:41:29.421+0100] {logging_mixin.py:190} INFO - [2025-03-06T23:41:29.421+0100] {dag.py:4180} INFO - Setting next_dagrun for dataset_with_extra_by_yield to 2025-03-05 00:00:00+00:00, run_after=2025-03-06 00:00:00+00:00
[2025-03-06T23:41:29.422+0100] {logging_mixin.py:190} INFO - [2025-03-06T23:41:29.422+0100] {dag.py:4180} INFO - Setting next_dagrun for dataset_with_extra_from_classic_operator to 2025-03-05 00:00:00+00:00, run_after=2025-03-06 00:00:00+00:00
[2025-03-06T23:41:29.442+0100] {processor.py:208} INFO - Processing /home/erij/Erij_Mazouz_4DS8_churn_ml_project/venv/lib/python3.8/site-packages/airflow/example_dags/example_outlet_event_extra.py took 0.080 seconds
[2025-03-06T23:42:24.768+0100] {processor.py:186} INFO - Started process (PID=56749) to work on /home/erij/Erij_Mazouz_4DS8_churn_ml_project/venv/lib/python3.8/site-packages/airflow/example_dags/example_outlet_event_extra.py
[2025-03-06T23:42:24.769+0100] {processor.py:914} INFO - Processing file /home/erij/Erij_Mazouz_4DS8_churn_ml_project/venv/lib/python3.8/site-packages/airflow/example_dags/example_outlet_event_extra.py for tasks to queue
[2025-03-06T23:42:24.771+0100] {logging_mixin.py:190} INFO - [2025-03-06T23:42:24.771+0100] {dagbag.py:588} INFO - Filling up the DagBag from /home/erij/Erij_Mazouz_4DS8_churn_ml_project/venv/lib/python3.8/site-packages/airflow/example_dags/example_outlet_event_extra.py
[2025-03-06T23:42:24.786+0100] {processor.py:925} INFO - DAG(s) 'dataset_with_extra_from_classic_operator', 'dataset_with_extra_by_context', 'dataset_with_extra_by_yield' retrieved from /home/erij/Erij_Mazouz_4DS8_churn_ml_project/venv/lib/python3.8/site-packages/airflow/example_dags/example_outlet_event_extra.py
[2025-03-06T23:42:24.811+0100] {logging_mixin.py:190} INFO - [2025-03-06T23:42:24.811+0100] {dag.py:3239} INFO - Sync 3 DAGs
[2025-03-06T23:42:24.831+0100] {logging_mixin.py:190} INFO - [2025-03-06T23:42:24.831+0100] {dag.py:4180} INFO - Setting next_dagrun for dataset_with_extra_by_context to 2025-03-05 00:00:00+00:00, run_after=2025-03-06 00:00:00+00:00
[2025-03-06T23:42:24.835+0100] {logging_mixin.py:190} INFO - [2025-03-06T23:42:24.835+0100] {dag.py:4180} INFO - Setting next_dagrun for dataset_with_extra_by_yield to 2025-03-05 00:00:00+00:00, run_after=2025-03-06 00:00:00+00:00
[2025-03-06T23:42:24.837+0100] {logging_mixin.py:190} INFO - [2025-03-06T23:42:24.837+0100] {dag.py:4180} INFO - Setting next_dagrun for dataset_with_extra_from_classic_operator to 2025-03-05 00:00:00+00:00, run_after=2025-03-06 00:00:00+00:00
[2025-03-06T23:42:24.866+0100] {processor.py:208} INFO - Processing /home/erij/Erij_Mazouz_4DS8_churn_ml_project/venv/lib/python3.8/site-packages/airflow/example_dags/example_outlet_event_extra.py took 0.104 seconds
[2025-03-06T23:43:21.622+0100] {processor.py:186} INFO - Started process (PID=56872) to work on /home/erij/Erij_Mazouz_4DS8_churn_ml_project/venv/lib/python3.8/site-packages/airflow/example_dags/example_outlet_event_extra.py
[2025-03-06T23:43:21.624+0100] {processor.py:914} INFO - Processing file /home/erij/Erij_Mazouz_4DS8_churn_ml_project/venv/lib/python3.8/site-packages/airflow/example_dags/example_outlet_event_extra.py for tasks to queue
[2025-03-06T23:43:21.626+0100] {logging_mixin.py:190} INFO - [2025-03-06T23:43:21.626+0100] {dagbag.py:588} INFO - Filling up the DagBag from /home/erij/Erij_Mazouz_4DS8_churn_ml_project/venv/lib/python3.8/site-packages/airflow/example_dags/example_outlet_event_extra.py
[2025-03-06T23:43:21.638+0100] {processor.py:925} INFO - DAG(s) 'dataset_with_extra_by_yield', 'dataset_with_extra_from_classic_operator', 'dataset_with_extra_by_context' retrieved from /home/erij/Erij_Mazouz_4DS8_churn_ml_project/venv/lib/python3.8/site-packages/airflow/example_dags/example_outlet_event_extra.py
[2025-03-06T23:43:21.654+0100] {logging_mixin.py:190} INFO - [2025-03-06T23:43:21.654+0100] {dag.py:3239} INFO - Sync 3 DAGs
[2025-03-06T23:43:21.672+0100] {logging_mixin.py:190} INFO - [2025-03-06T23:43:21.672+0100] {dag.py:4180} INFO - Setting next_dagrun for dataset_with_extra_by_context to 2025-03-05 00:00:00+00:00, run_after=2025-03-06 00:00:00+00:00
[2025-03-06T23:43:21.675+0100] {logging_mixin.py:190} INFO - [2025-03-06T23:43:21.675+0100] {dag.py:4180} INFO - Setting next_dagrun for dataset_with_extra_by_yield to 2025-03-05 00:00:00+00:00, run_after=2025-03-06 00:00:00+00:00
[2025-03-06T23:43:21.677+0100] {logging_mixin.py:190} INFO - [2025-03-06T23:43:21.677+0100] {dag.py:4180} INFO - Setting next_dagrun for dataset_with_extra_from_classic_operator to 2025-03-05 00:00:00+00:00, run_after=2025-03-06 00:00:00+00:00
[2025-03-06T23:43:21.697+0100] {processor.py:208} INFO - Processing /home/erij/Erij_Mazouz_4DS8_churn_ml_project/venv/lib/python3.8/site-packages/airflow/example_dags/example_outlet_event_extra.py took 0.080 seconds
[2025-03-06T23:44:41.061+0100] {processor.py:186} INFO - Started process (PID=57078) to work on /home/erij/Erij_Mazouz_4DS8_churn_ml_project/venv/lib/python3.8/site-packages/airflow/example_dags/example_outlet_event_extra.py
[2025-03-06T23:44:41.063+0100] {processor.py:914} INFO - Processing file /home/erij/Erij_Mazouz_4DS8_churn_ml_project/venv/lib/python3.8/site-packages/airflow/example_dags/example_outlet_event_extra.py for tasks to queue
[2025-03-06T23:44:41.065+0100] {logging_mixin.py:190} INFO - [2025-03-06T23:44:41.065+0100] {dagbag.py:588} INFO - Filling up the DagBag from /home/erij/Erij_Mazouz_4DS8_churn_ml_project/venv/lib/python3.8/site-packages/airflow/example_dags/example_outlet_event_extra.py
[2025-03-06T23:44:41.077+0100] {processor.py:925} INFO - DAG(s) 'dataset_with_extra_by_yield', 'dataset_with_extra_from_classic_operator', 'dataset_with_extra_by_context' retrieved from /home/erij/Erij_Mazouz_4DS8_churn_ml_project/venv/lib/python3.8/site-packages/airflow/example_dags/example_outlet_event_extra.py
[2025-03-06T23:44:41.093+0100] {logging_mixin.py:190} INFO - [2025-03-06T23:44:41.093+0100] {dag.py:3239} INFO - Sync 3 DAGs
[2025-03-06T23:44:41.111+0100] {logging_mixin.py:190} INFO - [2025-03-06T23:44:41.111+0100] {dag.py:4180} INFO - Setting next_dagrun for dataset_with_extra_by_context to 2025-03-05 00:00:00+00:00, run_after=2025-03-06 00:00:00+00:00
[2025-03-06T23:44:41.115+0100] {logging_mixin.py:190} INFO - [2025-03-06T23:44:41.115+0100] {dag.py:4180} INFO - Setting next_dagrun for dataset_with_extra_by_yield to 2025-03-05 00:00:00+00:00, run_after=2025-03-06 00:00:00+00:00
[2025-03-06T23:44:41.117+0100] {logging_mixin.py:190} INFO - [2025-03-06T23:44:41.117+0100] {dag.py:4180} INFO - Setting next_dagrun for dataset_with_extra_from_classic_operator to 2025-03-05 00:00:00+00:00, run_after=2025-03-06 00:00:00+00:00
[2025-03-06T23:44:41.143+0100] {processor.py:208} INFO - Processing /home/erij/Erij_Mazouz_4DS8_churn_ml_project/venv/lib/python3.8/site-packages/airflow/example_dags/example_outlet_event_extra.py took 0.088 seconds
[2025-03-06T23:45:37.243+0100] {processor.py:186} INFO - Started process (PID=57199) to work on /home/erij/Erij_Mazouz_4DS8_churn_ml_project/venv/lib/python3.8/site-packages/airflow/example_dags/example_outlet_event_extra.py
[2025-03-06T23:45:37.245+0100] {processor.py:914} INFO - Processing file /home/erij/Erij_Mazouz_4DS8_churn_ml_project/venv/lib/python3.8/site-packages/airflow/example_dags/example_outlet_event_extra.py for tasks to queue
[2025-03-06T23:45:37.247+0100] {logging_mixin.py:190} INFO - [2025-03-06T23:45:37.247+0100] {dagbag.py:588} INFO - Filling up the DagBag from /home/erij/Erij_Mazouz_4DS8_churn_ml_project/venv/lib/python3.8/site-packages/airflow/example_dags/example_outlet_event_extra.py
[2025-03-06T23:45:37.258+0100] {processor.py:925} INFO - DAG(s) 'dataset_with_extra_from_classic_operator', 'dataset_with_extra_by_yield', 'dataset_with_extra_by_context' retrieved from /home/erij/Erij_Mazouz_4DS8_churn_ml_project/venv/lib/python3.8/site-packages/airflow/example_dags/example_outlet_event_extra.py
[2025-03-06T23:45:37.272+0100] {logging_mixin.py:190} INFO - [2025-03-06T23:45:37.272+0100] {dag.py:3239} INFO - Sync 3 DAGs
[2025-03-06T23:45:37.289+0100] {logging_mixin.py:190} INFO - [2025-03-06T23:45:37.289+0100] {dag.py:4180} INFO - Setting next_dagrun for dataset_with_extra_by_context to 2025-03-05 00:00:00+00:00, run_after=2025-03-06 00:00:00+00:00
[2025-03-06T23:45:37.292+0100] {logging_mixin.py:190} INFO - [2025-03-06T23:45:37.292+0100] {dag.py:4180} INFO - Setting next_dagrun for dataset_with_extra_by_yield to 2025-03-05 00:00:00+00:00, run_after=2025-03-06 00:00:00+00:00
[2025-03-06T23:45:37.293+0100] {logging_mixin.py:190} INFO - [2025-03-06T23:45:37.293+0100] {dag.py:4180} INFO - Setting next_dagrun for dataset_with_extra_from_classic_operator to 2025-03-05 00:00:00+00:00, run_after=2025-03-06 00:00:00+00:00
[2025-03-06T23:45:37.333+0100] {processor.py:208} INFO - Processing /home/erij/Erij_Mazouz_4DS8_churn_ml_project/venv/lib/python3.8/site-packages/airflow/example_dags/example_outlet_event_extra.py took 0.095 seconds
[2025-03-06T23:46:35.742+0100] {processor.py:186} INFO - Started process (PID=57317) to work on /home/erij/Erij_Mazouz_4DS8_churn_ml_project/venv/lib/python3.8/site-packages/airflow/example_dags/example_outlet_event_extra.py
[2025-03-06T23:46:35.744+0100] {processor.py:914} INFO - Processing file /home/erij/Erij_Mazouz_4DS8_churn_ml_project/venv/lib/python3.8/site-packages/airflow/example_dags/example_outlet_event_extra.py for tasks to queue
[2025-03-06T23:46:35.745+0100] {logging_mixin.py:190} INFO - [2025-03-06T23:46:35.745+0100] {dagbag.py:588} INFO - Filling up the DagBag from /home/erij/Erij_Mazouz_4DS8_churn_ml_project/venv/lib/python3.8/site-packages/airflow/example_dags/example_outlet_event_extra.py
[2025-03-06T23:46:35.757+0100] {processor.py:925} INFO - DAG(s) 'dataset_with_extra_from_classic_operator', 'dataset_with_extra_by_yield', 'dataset_with_extra_by_context' retrieved from /home/erij/Erij_Mazouz_4DS8_churn_ml_project/venv/lib/python3.8/site-packages/airflow/example_dags/example_outlet_event_extra.py
[2025-03-06T23:46:35.773+0100] {logging_mixin.py:190} INFO - [2025-03-06T23:46:35.772+0100] {dag.py:3239} INFO - Sync 3 DAGs
[2025-03-06T23:46:35.791+0100] {logging_mixin.py:190} INFO - [2025-03-06T23:46:35.791+0100] {dag.py:4180} INFO - Setting next_dagrun for dataset_with_extra_by_context to 2025-03-05 00:00:00+00:00, run_after=2025-03-06 00:00:00+00:00
[2025-03-06T23:46:35.794+0100] {logging_mixin.py:190} INFO - [2025-03-06T23:46:35.794+0100] {dag.py:4180} INFO - Setting next_dagrun for dataset_with_extra_by_yield to 2025-03-05 00:00:00+00:00, run_after=2025-03-06 00:00:00+00:00
[2025-03-06T23:46:35.796+0100] {logging_mixin.py:190} INFO - [2025-03-06T23:46:35.796+0100] {dag.py:4180} INFO - Setting next_dagrun for dataset_with_extra_from_classic_operator to 2025-03-05 00:00:00+00:00, run_after=2025-03-06 00:00:00+00:00
[2025-03-06T23:46:35.815+0100] {processor.py:208} INFO - Processing /home/erij/Erij_Mazouz_4DS8_churn_ml_project/venv/lib/python3.8/site-packages/airflow/example_dags/example_outlet_event_extra.py took 0.079 seconds
[2025-03-06T23:47:58.127+0100] {processor.py:186} INFO - Started process (PID=57492) to work on /home/erij/Erij_Mazouz_4DS8_churn_ml_project/venv/lib/python3.8/site-packages/airflow/example_dags/example_outlet_event_extra.py
[2025-03-06T23:47:58.130+0100] {processor.py:914} INFO - Processing file /home/erij/Erij_Mazouz_4DS8_churn_ml_project/venv/lib/python3.8/site-packages/airflow/example_dags/example_outlet_event_extra.py for tasks to queue
[2025-03-06T23:47:58.132+0100] {logging_mixin.py:190} INFO - [2025-03-06T23:47:58.131+0100] {dagbag.py:588} INFO - Filling up the DagBag from /home/erij/Erij_Mazouz_4DS8_churn_ml_project/venv/lib/python3.8/site-packages/airflow/example_dags/example_outlet_event_extra.py
[2025-03-06T23:47:58.144+0100] {processor.py:925} INFO - DAG(s) 'dataset_with_extra_by_yield', 'dataset_with_extra_from_classic_operator', 'dataset_with_extra_by_context' retrieved from /home/erij/Erij_Mazouz_4DS8_churn_ml_project/venv/lib/python3.8/site-packages/airflow/example_dags/example_outlet_event_extra.py
[2025-03-06T23:47:58.160+0100] {logging_mixin.py:190} INFO - [2025-03-06T23:47:58.160+0100] {dag.py:3239} INFO - Sync 3 DAGs
[2025-03-06T23:47:58.178+0100] {logging_mixin.py:190} INFO - [2025-03-06T23:47:58.178+0100] {dag.py:4180} INFO - Setting next_dagrun for dataset_with_extra_by_context to 2025-03-05 00:00:00+00:00, run_after=2025-03-06 00:00:00+00:00
[2025-03-06T23:47:58.182+0100] {logging_mixin.py:190} INFO - [2025-03-06T23:47:58.181+0100] {dag.py:4180} INFO - Setting next_dagrun for dataset_with_extra_by_yield to 2025-03-05 00:00:00+00:00, run_after=2025-03-06 00:00:00+00:00
[2025-03-06T23:47:58.183+0100] {logging_mixin.py:190} INFO - [2025-03-06T23:47:58.183+0100] {dag.py:4180} INFO - Setting next_dagrun for dataset_with_extra_from_classic_operator to 2025-03-05 00:00:00+00:00, run_after=2025-03-06 00:00:00+00:00
[2025-03-06T23:47:58.203+0100] {processor.py:208} INFO - Processing /home/erij/Erij_Mazouz_4DS8_churn_ml_project/venv/lib/python3.8/site-packages/airflow/example_dags/example_outlet_event_extra.py took 0.081 seconds
[2025-03-06T23:48:55.838+0100] {processor.py:186} INFO - Started process (PID=57610) to work on /home/erij/Erij_Mazouz_4DS8_churn_ml_project/venv/lib/python3.8/site-packages/airflow/example_dags/example_outlet_event_extra.py
[2025-03-06T23:48:55.840+0100] {processor.py:914} INFO - Processing file /home/erij/Erij_Mazouz_4DS8_churn_ml_project/venv/lib/python3.8/site-packages/airflow/example_dags/example_outlet_event_extra.py for tasks to queue
[2025-03-06T23:48:55.842+0100] {logging_mixin.py:190} INFO - [2025-03-06T23:48:55.842+0100] {dagbag.py:588} INFO - Filling up the DagBag from /home/erij/Erij_Mazouz_4DS8_churn_ml_project/venv/lib/python3.8/site-packages/airflow/example_dags/example_outlet_event_extra.py
[2025-03-06T23:48:55.854+0100] {processor.py:925} INFO - DAG(s) 'dataset_with_extra_by_context', 'dataset_with_extra_by_yield', 'dataset_with_extra_from_classic_operator' retrieved from /home/erij/Erij_Mazouz_4DS8_churn_ml_project/venv/lib/python3.8/site-packages/airflow/example_dags/example_outlet_event_extra.py
[2025-03-06T23:48:55.870+0100] {logging_mixin.py:190} INFO - [2025-03-06T23:48:55.870+0100] {dag.py:3239} INFO - Sync 3 DAGs
[2025-03-06T23:48:55.888+0100] {logging_mixin.py:190} INFO - [2025-03-06T23:48:55.888+0100] {dag.py:4180} INFO - Setting next_dagrun for dataset_with_extra_by_context to 2025-03-05 00:00:00+00:00, run_after=2025-03-06 00:00:00+00:00
[2025-03-06T23:48:55.892+0100] {logging_mixin.py:190} INFO - [2025-03-06T23:48:55.892+0100] {dag.py:4180} INFO - Setting next_dagrun for dataset_with_extra_by_yield to 2025-03-05 00:00:00+00:00, run_after=2025-03-06 00:00:00+00:00
[2025-03-06T23:48:55.893+0100] {logging_mixin.py:190} INFO - [2025-03-06T23:48:55.893+0100] {dag.py:4180} INFO - Setting next_dagrun for dataset_with_extra_from_classic_operator to 2025-03-05 00:00:00+00:00, run_after=2025-03-06 00:00:00+00:00
[2025-03-06T23:48:55.914+0100] {processor.py:208} INFO - Processing /home/erij/Erij_Mazouz_4DS8_churn_ml_project/venv/lib/python3.8/site-packages/airflow/example_dags/example_outlet_event_extra.py took 0.081 seconds
[2025-03-06T23:49:51.331+0100] {processor.py:186} INFO - Started process (PID=57720) to work on /home/erij/Erij_Mazouz_4DS8_churn_ml_project/venv/lib/python3.8/site-packages/airflow/example_dags/example_outlet_event_extra.py
[2025-03-06T23:49:51.333+0100] {processor.py:914} INFO - Processing file /home/erij/Erij_Mazouz_4DS8_churn_ml_project/venv/lib/python3.8/site-packages/airflow/example_dags/example_outlet_event_extra.py for tasks to queue
[2025-03-06T23:49:51.335+0100] {logging_mixin.py:190} INFO - [2025-03-06T23:49:51.335+0100] {dagbag.py:588} INFO - Filling up the DagBag from /home/erij/Erij_Mazouz_4DS8_churn_ml_project/venv/lib/python3.8/site-packages/airflow/example_dags/example_outlet_event_extra.py
[2025-03-06T23:49:51.348+0100] {processor.py:925} INFO - DAG(s) 'dataset_with_extra_by_context', 'dataset_with_extra_from_classic_operator', 'dataset_with_extra_by_yield' retrieved from /home/erij/Erij_Mazouz_4DS8_churn_ml_project/venv/lib/python3.8/site-packages/airflow/example_dags/example_outlet_event_extra.py
[2025-03-06T23:49:51.366+0100] {logging_mixin.py:190} INFO - [2025-03-06T23:49:51.366+0100] {dag.py:3239} INFO - Sync 3 DAGs
[2025-03-06T23:49:51.388+0100] {logging_mixin.py:190} INFO - [2025-03-06T23:49:51.388+0100] {dag.py:4180} INFO - Setting next_dagrun for dataset_with_extra_by_context to 2025-03-05 00:00:00+00:00, run_after=2025-03-06 00:00:00+00:00
[2025-03-06T23:49:51.394+0100] {logging_mixin.py:190} INFO - [2025-03-06T23:49:51.393+0100] {dag.py:4180} INFO - Setting next_dagrun for dataset_with_extra_by_yield to 2025-03-05 00:00:00+00:00, run_after=2025-03-06 00:00:00+00:00
[2025-03-06T23:49:51.396+0100] {logging_mixin.py:190} INFO - [2025-03-06T23:49:51.396+0100] {dag.py:4180} INFO - Setting next_dagrun for dataset_with_extra_from_classic_operator to 2025-03-05 00:00:00+00:00, run_after=2025-03-06 00:00:00+00:00
[2025-03-06T23:49:51.418+0100] {processor.py:208} INFO - Processing /home/erij/Erij_Mazouz_4DS8_churn_ml_project/venv/lib/python3.8/site-packages/airflow/example_dags/example_outlet_event_extra.py took 0.096 seconds
[2025-03-06T23:50:46.701+0100] {processor.py:186} INFO - Started process (PID=57834) to work on /home/erij/Erij_Mazouz_4DS8_churn_ml_project/venv/lib/python3.8/site-packages/airflow/example_dags/example_outlet_event_extra.py
[2025-03-06T23:50:46.703+0100] {processor.py:914} INFO - Processing file /home/erij/Erij_Mazouz_4DS8_churn_ml_project/venv/lib/python3.8/site-packages/airflow/example_dags/example_outlet_event_extra.py for tasks to queue
[2025-03-06T23:50:46.706+0100] {logging_mixin.py:190} INFO - [2025-03-06T23:50:46.705+0100] {dagbag.py:588} INFO - Filling up the DagBag from /home/erij/Erij_Mazouz_4DS8_churn_ml_project/venv/lib/python3.8/site-packages/airflow/example_dags/example_outlet_event_extra.py
[2025-03-06T23:50:46.716+0100] {processor.py:925} INFO - DAG(s) 'dataset_with_extra_by_yield', 'dataset_with_extra_from_classic_operator', 'dataset_with_extra_by_context' retrieved from /home/erij/Erij_Mazouz_4DS8_churn_ml_project/venv/lib/python3.8/site-packages/airflow/example_dags/example_outlet_event_extra.py
[2025-03-06T23:50:46.731+0100] {logging_mixin.py:190} INFO - [2025-03-06T23:50:46.731+0100] {dag.py:3239} INFO - Sync 3 DAGs
[2025-03-06T23:50:46.747+0100] {logging_mixin.py:190} INFO - [2025-03-06T23:50:46.747+0100] {dag.py:4180} INFO - Setting next_dagrun for dataset_with_extra_by_context to 2025-03-05 00:00:00+00:00, run_after=2025-03-06 00:00:00+00:00
[2025-03-06T23:50:46.750+0100] {logging_mixin.py:190} INFO - [2025-03-06T23:50:46.750+0100] {dag.py:4180} INFO - Setting next_dagrun for dataset_with_extra_by_yield to 2025-03-05 00:00:00+00:00, run_after=2025-03-06 00:00:00+00:00
[2025-03-06T23:50:46.752+0100] {logging_mixin.py:190} INFO - [2025-03-06T23:50:46.752+0100] {dag.py:4180} INFO - Setting next_dagrun for dataset_with_extra_from_classic_operator to 2025-03-05 00:00:00+00:00, run_after=2025-03-06 00:00:00+00:00
[2025-03-06T23:50:46.770+0100] {processor.py:208} INFO - Processing /home/erij/Erij_Mazouz_4DS8_churn_ml_project/venv/lib/python3.8/site-packages/airflow/example_dags/example_outlet_event_extra.py took 0.074 seconds
[2025-03-06T23:51:41.357+0100] {processor.py:186} INFO - Started process (PID=57942) to work on /home/erij/Erij_Mazouz_4DS8_churn_ml_project/venv/lib/python3.8/site-packages/airflow/example_dags/example_outlet_event_extra.py
[2025-03-06T23:51:41.359+0100] {processor.py:914} INFO - Processing file /home/erij/Erij_Mazouz_4DS8_churn_ml_project/venv/lib/python3.8/site-packages/airflow/example_dags/example_outlet_event_extra.py for tasks to queue
[2025-03-06T23:51:41.361+0100] {logging_mixin.py:190} INFO - [2025-03-06T23:51:41.361+0100] {dagbag.py:588} INFO - Filling up the DagBag from /home/erij/Erij_Mazouz_4DS8_churn_ml_project/venv/lib/python3.8/site-packages/airflow/example_dags/example_outlet_event_extra.py
[2025-03-06T23:51:41.372+0100] {processor.py:925} INFO - DAG(s) 'dataset_with_extra_from_classic_operator', 'dataset_with_extra_by_yield', 'dataset_with_extra_by_context' retrieved from /home/erij/Erij_Mazouz_4DS8_churn_ml_project/venv/lib/python3.8/site-packages/airflow/example_dags/example_outlet_event_extra.py
[2025-03-06T23:51:41.386+0100] {logging_mixin.py:190} INFO - [2025-03-06T23:51:41.386+0100] {dag.py:3239} INFO - Sync 3 DAGs
[2025-03-06T23:51:41.404+0100] {logging_mixin.py:190} INFO - [2025-03-06T23:51:41.404+0100] {dag.py:4180} INFO - Setting next_dagrun for dataset_with_extra_by_context to 2025-03-05 00:00:00+00:00, run_after=2025-03-06 00:00:00+00:00
[2025-03-06T23:51:41.407+0100] {logging_mixin.py:190} INFO - [2025-03-06T23:51:41.407+0100] {dag.py:4180} INFO - Setting next_dagrun for dataset_with_extra_by_yield to 2025-03-05 00:00:00+00:00, run_after=2025-03-06 00:00:00+00:00
[2025-03-06T23:51:41.409+0100] {logging_mixin.py:190} INFO - [2025-03-06T23:51:41.409+0100] {dag.py:4180} INFO - Setting next_dagrun for dataset_with_extra_from_classic_operator to 2025-03-05 00:00:00+00:00, run_after=2025-03-06 00:00:00+00:00
[2025-03-06T23:51:41.429+0100] {processor.py:208} INFO - Processing /home/erij/Erij_Mazouz_4DS8_churn_ml_project/venv/lib/python3.8/site-packages/airflow/example_dags/example_outlet_event_extra.py took 0.078 seconds
[2025-03-06T23:52:37.916+0100] {processor.py:186} INFO - Started process (PID=58061) to work on /home/erij/Erij_Mazouz_4DS8_churn_ml_project/venv/lib/python3.8/site-packages/airflow/example_dags/example_outlet_event_extra.py
[2025-03-06T23:52:37.917+0100] {processor.py:914} INFO - Processing file /home/erij/Erij_Mazouz_4DS8_churn_ml_project/venv/lib/python3.8/site-packages/airflow/example_dags/example_outlet_event_extra.py for tasks to queue
[2025-03-06T23:52:37.920+0100] {logging_mixin.py:190} INFO - [2025-03-06T23:52:37.919+0100] {dagbag.py:588} INFO - Filling up the DagBag from /home/erij/Erij_Mazouz_4DS8_churn_ml_project/venv/lib/python3.8/site-packages/airflow/example_dags/example_outlet_event_extra.py
[2025-03-06T23:52:37.932+0100] {processor.py:925} INFO - DAG(s) 'dataset_with_extra_from_classic_operator', 'dataset_with_extra_by_yield', 'dataset_with_extra_by_context' retrieved from /home/erij/Erij_Mazouz_4DS8_churn_ml_project/venv/lib/python3.8/site-packages/airflow/example_dags/example_outlet_event_extra.py
[2025-03-06T23:52:37.948+0100] {logging_mixin.py:190} INFO - [2025-03-06T23:52:37.948+0100] {dag.py:3239} INFO - Sync 3 DAGs
[2025-03-06T23:52:37.966+0100] {logging_mixin.py:190} INFO - [2025-03-06T23:52:37.966+0100] {dag.py:4180} INFO - Setting next_dagrun for dataset_with_extra_by_context to 2025-03-05 00:00:00+00:00, run_after=2025-03-06 00:00:00+00:00
[2025-03-06T23:52:37.970+0100] {logging_mixin.py:190} INFO - [2025-03-06T23:52:37.970+0100] {dag.py:4180} INFO - Setting next_dagrun for dataset_with_extra_by_yield to 2025-03-05 00:00:00+00:00, run_after=2025-03-06 00:00:00+00:00
[2025-03-06T23:52:37.972+0100] {logging_mixin.py:190} INFO - [2025-03-06T23:52:37.971+0100] {dag.py:4180} INFO - Setting next_dagrun for dataset_with_extra_from_classic_operator to 2025-03-05 00:00:00+00:00, run_after=2025-03-06 00:00:00+00:00
[2025-03-06T23:52:37.991+0100] {processor.py:208} INFO - Processing /home/erij/Erij_Mazouz_4DS8_churn_ml_project/venv/lib/python3.8/site-packages/airflow/example_dags/example_outlet_event_extra.py took 0.081 seconds
[2025-03-06T23:53:34.459+0100] {processor.py:186} INFO - Started process (PID=58180) to work on /home/erij/Erij_Mazouz_4DS8_churn_ml_project/venv/lib/python3.8/site-packages/airflow/example_dags/example_outlet_event_extra.py
[2025-03-06T23:53:34.460+0100] {processor.py:914} INFO - Processing file /home/erij/Erij_Mazouz_4DS8_churn_ml_project/venv/lib/python3.8/site-packages/airflow/example_dags/example_outlet_event_extra.py for tasks to queue
[2025-03-06T23:53:34.462+0100] {logging_mixin.py:190} INFO - [2025-03-06T23:53:34.462+0100] {dagbag.py:588} INFO - Filling up the DagBag from /home/erij/Erij_Mazouz_4DS8_churn_ml_project/venv/lib/python3.8/site-packages/airflow/example_dags/example_outlet_event_extra.py
[2025-03-06T23:53:34.473+0100] {processor.py:925} INFO - DAG(s) 'dataset_with_extra_by_context', 'dataset_with_extra_from_classic_operator', 'dataset_with_extra_by_yield' retrieved from /home/erij/Erij_Mazouz_4DS8_churn_ml_project/venv/lib/python3.8/site-packages/airflow/example_dags/example_outlet_event_extra.py
[2025-03-06T23:53:34.488+0100] {logging_mixin.py:190} INFO - [2025-03-06T23:53:34.488+0100] {dag.py:3239} INFO - Sync 3 DAGs
[2025-03-06T23:53:34.505+0100] {logging_mixin.py:190} INFO - [2025-03-06T23:53:34.505+0100] {dag.py:4180} INFO - Setting next_dagrun for dataset_with_extra_by_context to 2025-03-05 00:00:00+00:00, run_after=2025-03-06 00:00:00+00:00
[2025-03-06T23:53:34.508+0100] {logging_mixin.py:190} INFO - [2025-03-06T23:53:34.508+0100] {dag.py:4180} INFO - Setting next_dagrun for dataset_with_extra_by_yield to 2025-03-05 00:00:00+00:00, run_after=2025-03-06 00:00:00+00:00
[2025-03-06T23:53:34.510+0100] {logging_mixin.py:190} INFO - [2025-03-06T23:53:34.510+0100] {dag.py:4180} INFO - Setting next_dagrun for dataset_with_extra_from_classic_operator to 2025-03-05 00:00:00+00:00, run_after=2025-03-06 00:00:00+00:00
[2025-03-06T23:53:34.528+0100] {processor.py:208} INFO - Processing /home/erij/Erij_Mazouz_4DS8_churn_ml_project/venv/lib/python3.8/site-packages/airflow/example_dags/example_outlet_event_extra.py took 0.075 seconds
[2025-03-06T23:54:31.560+0100] {processor.py:186} INFO - Started process (PID=58554) to work on /home/erij/Erij_Mazouz_4DS8_churn_ml_project/venv/lib/python3.8/site-packages/airflow/example_dags/example_outlet_event_extra.py
[2025-03-06T23:54:31.562+0100] {processor.py:914} INFO - Processing file /home/erij/Erij_Mazouz_4DS8_churn_ml_project/venv/lib/python3.8/site-packages/airflow/example_dags/example_outlet_event_extra.py for tasks to queue
[2025-03-06T23:54:31.564+0100] {logging_mixin.py:190} INFO - [2025-03-06T23:54:31.564+0100] {dagbag.py:588} INFO - Filling up the DagBag from /home/erij/Erij_Mazouz_4DS8_churn_ml_project/venv/lib/python3.8/site-packages/airflow/example_dags/example_outlet_event_extra.py
[2025-03-06T23:54:31.577+0100] {processor.py:925} INFO - DAG(s) 'dataset_with_extra_by_yield', 'dataset_with_extra_from_classic_operator', 'dataset_with_extra_by_context' retrieved from /home/erij/Erij_Mazouz_4DS8_churn_ml_project/venv/lib/python3.8/site-packages/airflow/example_dags/example_outlet_event_extra.py
[2025-03-06T23:54:31.593+0100] {logging_mixin.py:190} INFO - [2025-03-06T23:54:31.593+0100] {dag.py:3239} INFO - Sync 3 DAGs
[2025-03-06T23:54:31.612+0100] {logging_mixin.py:190} INFO - [2025-03-06T23:54:31.612+0100] {dag.py:4180} INFO - Setting next_dagrun for dataset_with_extra_by_context to 2025-03-05 00:00:00+00:00, run_after=2025-03-06 00:00:00+00:00
[2025-03-06T23:54:31.615+0100] {logging_mixin.py:190} INFO - [2025-03-06T23:54:31.615+0100] {dag.py:4180} INFO - Setting next_dagrun for dataset_with_extra_by_yield to 2025-03-05 00:00:00+00:00, run_after=2025-03-06 00:00:00+00:00
[2025-03-06T23:54:31.617+0100] {logging_mixin.py:190} INFO - [2025-03-06T23:54:31.617+0100] {dag.py:4180} INFO - Setting next_dagrun for dataset_with_extra_from_classic_operator to 2025-03-05 00:00:00+00:00, run_after=2025-03-06 00:00:00+00:00
[2025-03-06T23:54:31.636+0100] {processor.py:208} INFO - Processing /home/erij/Erij_Mazouz_4DS8_churn_ml_project/venv/lib/python3.8/site-packages/airflow/example_dags/example_outlet_event_extra.py took 0.081 seconds
[2025-03-06T23:55:30.807+0100] {processor.py:186} INFO - Started process (PID=59066) to work on /home/erij/Erij_Mazouz_4DS8_churn_ml_project/venv/lib/python3.8/site-packages/airflow/example_dags/example_outlet_event_extra.py
[2025-03-06T23:55:30.810+0100] {processor.py:914} INFO - Processing file /home/erij/Erij_Mazouz_4DS8_churn_ml_project/venv/lib/python3.8/site-packages/airflow/example_dags/example_outlet_event_extra.py for tasks to queue
[2025-03-06T23:55:30.814+0100] {logging_mixin.py:190} INFO - [2025-03-06T23:55:30.813+0100] {dagbag.py:588} INFO - Filling up the DagBag from /home/erij/Erij_Mazouz_4DS8_churn_ml_project/venv/lib/python3.8/site-packages/airflow/example_dags/example_outlet_event_extra.py
[2025-03-06T23:55:30.830+0100] {processor.py:925} INFO - DAG(s) 'dataset_with_extra_by_context', 'dataset_with_extra_from_classic_operator', 'dataset_with_extra_by_yield' retrieved from /home/erij/Erij_Mazouz_4DS8_churn_ml_project/venv/lib/python3.8/site-packages/airflow/example_dags/example_outlet_event_extra.py
[2025-03-06T23:55:30.853+0100] {logging_mixin.py:190} INFO - [2025-03-06T23:55:30.853+0100] {dag.py:3239} INFO - Sync 3 DAGs
[2025-03-06T23:55:30.878+0100] {logging_mixin.py:190} INFO - [2025-03-06T23:55:30.878+0100] {dag.py:4180} INFO - Setting next_dagrun for dataset_with_extra_by_context to 2025-03-05 00:00:00+00:00, run_after=2025-03-06 00:00:00+00:00
[2025-03-06T23:55:30.883+0100] {logging_mixin.py:190} INFO - [2025-03-06T23:55:30.882+0100] {dag.py:4180} INFO - Setting next_dagrun for dataset_with_extra_by_yield to 2025-03-05 00:00:00+00:00, run_after=2025-03-06 00:00:00+00:00
[2025-03-06T23:55:30.885+0100] {logging_mixin.py:190} INFO - [2025-03-06T23:55:30.884+0100] {dag.py:4180} INFO - Setting next_dagrun for dataset_with_extra_from_classic_operator to 2025-03-05 00:00:00+00:00, run_after=2025-03-06 00:00:00+00:00
[2025-03-06T23:55:30.909+0100] {processor.py:208} INFO - Processing /home/erij/Erij_Mazouz_4DS8_churn_ml_project/venv/lib/python3.8/site-packages/airflow/example_dags/example_outlet_event_extra.py took 0.111 seconds
[2025-03-06T23:56:30.056+0100] {processor.py:186} INFO - Started process (PID=59247) to work on /home/erij/Erij_Mazouz_4DS8_churn_ml_project/venv/lib/python3.8/site-packages/airflow/example_dags/example_outlet_event_extra.py
[2025-03-06T23:56:30.058+0100] {processor.py:914} INFO - Processing file /home/erij/Erij_Mazouz_4DS8_churn_ml_project/venv/lib/python3.8/site-packages/airflow/example_dags/example_outlet_event_extra.py for tasks to queue
[2025-03-06T23:56:30.060+0100] {logging_mixin.py:190} INFO - [2025-03-06T23:56:30.060+0100] {dagbag.py:588} INFO - Filling up the DagBag from /home/erij/Erij_Mazouz_4DS8_churn_ml_project/venv/lib/python3.8/site-packages/airflow/example_dags/example_outlet_event_extra.py
[2025-03-06T23:56:30.072+0100] {processor.py:925} INFO - DAG(s) 'dataset_with_extra_by_context', 'dataset_with_extra_by_yield', 'dataset_with_extra_from_classic_operator' retrieved from /home/erij/Erij_Mazouz_4DS8_churn_ml_project/venv/lib/python3.8/site-packages/airflow/example_dags/example_outlet_event_extra.py
[2025-03-06T23:56:30.088+0100] {logging_mixin.py:190} INFO - [2025-03-06T23:56:30.088+0100] {dag.py:3239} INFO - Sync 3 DAGs
[2025-03-06T23:56:30.107+0100] {logging_mixin.py:190} INFO - [2025-03-06T23:56:30.106+0100] {dag.py:4180} INFO - Setting next_dagrun for dataset_with_extra_by_context to 2025-03-05 00:00:00+00:00, run_after=2025-03-06 00:00:00+00:00
[2025-03-06T23:56:30.110+0100] {logging_mixin.py:190} INFO - [2025-03-06T23:56:30.110+0100] {dag.py:4180} INFO - Setting next_dagrun for dataset_with_extra_by_yield to 2025-03-05 00:00:00+00:00, run_after=2025-03-06 00:00:00+00:00
[2025-03-06T23:56:30.112+0100] {logging_mixin.py:190} INFO - [2025-03-06T23:56:30.112+0100] {dag.py:4180} INFO - Setting next_dagrun for dataset_with_extra_from_classic_operator to 2025-03-05 00:00:00+00:00, run_after=2025-03-06 00:00:00+00:00
[2025-03-06T23:56:30.129+0100] {processor.py:208} INFO - Processing /home/erij/Erij_Mazouz_4DS8_churn_ml_project/venv/lib/python3.8/site-packages/airflow/example_dags/example_outlet_event_extra.py took 0.079 seconds
[2025-03-06T23:57:50.067+0100] {processor.py:186} INFO - Started process (PID=59428) to work on /home/erij/Erij_Mazouz_4DS8_churn_ml_project/venv/lib/python3.8/site-packages/airflow/example_dags/example_outlet_event_extra.py
[2025-03-06T23:57:50.068+0100] {processor.py:914} INFO - Processing file /home/erij/Erij_Mazouz_4DS8_churn_ml_project/venv/lib/python3.8/site-packages/airflow/example_dags/example_outlet_event_extra.py for tasks to queue
[2025-03-06T23:57:50.070+0100] {logging_mixin.py:190} INFO - [2025-03-06T23:57:50.070+0100] {dagbag.py:588} INFO - Filling up the DagBag from /home/erij/Erij_Mazouz_4DS8_churn_ml_project/venv/lib/python3.8/site-packages/airflow/example_dags/example_outlet_event_extra.py
[2025-03-06T23:57:50.086+0100] {processor.py:925} INFO - DAG(s) 'dataset_with_extra_from_classic_operator', 'dataset_with_extra_by_context', 'dataset_with_extra_by_yield' retrieved from /home/erij/Erij_Mazouz_4DS8_churn_ml_project/venv/lib/python3.8/site-packages/airflow/example_dags/example_outlet_event_extra.py
[2025-03-06T23:57:50.104+0100] {logging_mixin.py:190} INFO - [2025-03-06T23:57:50.104+0100] {dag.py:3239} INFO - Sync 3 DAGs
[2025-03-06T23:57:50.129+0100] {logging_mixin.py:190} INFO - [2025-03-06T23:57:50.128+0100] {dag.py:4180} INFO - Setting next_dagrun for dataset_with_extra_by_context to 2025-03-05 00:00:00+00:00, run_after=2025-03-06 00:00:00+00:00
[2025-03-06T23:57:50.134+0100] {logging_mixin.py:190} INFO - [2025-03-06T23:57:50.134+0100] {dag.py:4180} INFO - Setting next_dagrun for dataset_with_extra_by_yield to 2025-03-05 00:00:00+00:00, run_after=2025-03-06 00:00:00+00:00
[2025-03-06T23:57:50.136+0100] {logging_mixin.py:190} INFO - [2025-03-06T23:57:50.136+0100] {dag.py:4180} INFO - Setting next_dagrun for dataset_with_extra_from_classic_operator to 2025-03-05 00:00:00+00:00, run_after=2025-03-06 00:00:00+00:00
[2025-03-06T23:57:50.160+0100] {processor.py:208} INFO - Processing /home/erij/Erij_Mazouz_4DS8_churn_ml_project/venv/lib/python3.8/site-packages/airflow/example_dags/example_outlet_event_extra.py took 0.099 seconds
[2025-03-06T23:58:43.984+0100] {processor.py:186} INFO - Started process (PID=59580) to work on /home/erij/Erij_Mazouz_4DS8_churn_ml_project/venv/lib/python3.8/site-packages/airflow/example_dags/example_outlet_event_extra.py
[2025-03-06T23:58:43.986+0100] {processor.py:914} INFO - Processing file /home/erij/Erij_Mazouz_4DS8_churn_ml_project/venv/lib/python3.8/site-packages/airflow/example_dags/example_outlet_event_extra.py for tasks to queue
[2025-03-06T23:58:43.988+0100] {logging_mixin.py:190} INFO - [2025-03-06T23:58:43.987+0100] {dagbag.py:588} INFO - Filling up the DagBag from /home/erij/Erij_Mazouz_4DS8_churn_ml_project/venv/lib/python3.8/site-packages/airflow/example_dags/example_outlet_event_extra.py
[2025-03-06T23:58:43.999+0100] {processor.py:925} INFO - DAG(s) 'dataset_with_extra_from_classic_operator', 'dataset_with_extra_by_yield', 'dataset_with_extra_by_context' retrieved from /home/erij/Erij_Mazouz_4DS8_churn_ml_project/venv/lib/python3.8/site-packages/airflow/example_dags/example_outlet_event_extra.py
[2025-03-06T23:58:44.015+0100] {logging_mixin.py:190} INFO - [2025-03-06T23:58:44.014+0100] {dag.py:3239} INFO - Sync 3 DAGs
[2025-03-06T23:58:44.032+0100] {logging_mixin.py:190} INFO - [2025-03-06T23:58:44.032+0100] {dag.py:4180} INFO - Setting next_dagrun for dataset_with_extra_by_context to 2025-03-05 00:00:00+00:00, run_after=2025-03-06 00:00:00+00:00
[2025-03-06T23:58:44.036+0100] {logging_mixin.py:190} INFO - [2025-03-06T23:58:44.036+0100] {dag.py:4180} INFO - Setting next_dagrun for dataset_with_extra_by_yield to 2025-03-05 00:00:00+00:00, run_after=2025-03-06 00:00:00+00:00
[2025-03-06T23:58:44.037+0100] {logging_mixin.py:190} INFO - [2025-03-06T23:58:44.037+0100] {dag.py:4180} INFO - Setting next_dagrun for dataset_with_extra_from_classic_operator to 2025-03-05 00:00:00+00:00, run_after=2025-03-06 00:00:00+00:00
[2025-03-06T23:58:44.056+0100] {processor.py:208} INFO - Processing /home/erij/Erij_Mazouz_4DS8_churn_ml_project/venv/lib/python3.8/site-packages/airflow/example_dags/example_outlet_event_extra.py took 0.077 seconds
[2025-03-06T23:59:59.620+0100] {processor.py:186} INFO - Started process (PID=59798) to work on /home/erij/Erij_Mazouz_4DS8_churn_ml_project/venv/lib/python3.8/site-packages/airflow/example_dags/example_outlet_event_extra.py
[2025-03-06T23:59:59.622+0100] {processor.py:914} INFO - Processing file /home/erij/Erij_Mazouz_4DS8_churn_ml_project/venv/lib/python3.8/site-packages/airflow/example_dags/example_outlet_event_extra.py for tasks to queue
[2025-03-06T23:59:59.624+0100] {logging_mixin.py:190} INFO - [2025-03-06T23:59:59.624+0100] {dagbag.py:588} INFO - Filling up the DagBag from /home/erij/Erij_Mazouz_4DS8_churn_ml_project/venv/lib/python3.8/site-packages/airflow/example_dags/example_outlet_event_extra.py
[2025-03-06T23:59:59.636+0100] {processor.py:925} INFO - DAG(s) 'dataset_with_extra_from_classic_operator', 'dataset_with_extra_by_yield', 'dataset_with_extra_by_context' retrieved from /home/erij/Erij_Mazouz_4DS8_churn_ml_project/venv/lib/python3.8/site-packages/airflow/example_dags/example_outlet_event_extra.py
[2025-03-06T23:59:59.653+0100] {logging_mixin.py:190} INFO - [2025-03-06T23:59:59.652+0100] {dag.py:3239} INFO - Sync 3 DAGs
[2025-03-06T23:59:59.671+0100] {logging_mixin.py:190} INFO - [2025-03-06T23:59:59.671+0100] {dag.py:4180} INFO - Setting next_dagrun for dataset_with_extra_by_context to 2025-03-05 00:00:00+00:00, run_after=2025-03-06 00:00:00+00:00
[2025-03-06T23:59:59.675+0100] {logging_mixin.py:190} INFO - [2025-03-06T23:59:59.675+0100] {dag.py:4180} INFO - Setting next_dagrun for dataset_with_extra_by_yield to 2025-03-05 00:00:00+00:00, run_after=2025-03-06 00:00:00+00:00
[2025-03-06T23:59:59.677+0100] {logging_mixin.py:190} INFO - [2025-03-06T23:59:59.677+0100] {dag.py:4180} INFO - Setting next_dagrun for dataset_with_extra_from_classic_operator to 2025-03-05 00:00:00+00:00, run_after=2025-03-06 00:00:00+00:00
[2025-03-06T23:59:59.696+0100] {processor.py:208} INFO - Processing /home/erij/Erij_Mazouz_4DS8_churn_ml_project/venv/lib/python3.8/site-packages/airflow/example_dags/example_outlet_event_extra.py took 0.082 seconds
[2025-03-07T00:00:54.283+0100] {processor.py:186} INFO - Started process (PID=59999) to work on /home/erij/Erij_Mazouz_4DS8_churn_ml_project/venv/lib/python3.8/site-packages/airflow/example_dags/example_outlet_event_extra.py
[2025-03-07T00:00:54.285+0100] {processor.py:914} INFO - Processing file /home/erij/Erij_Mazouz_4DS8_churn_ml_project/venv/lib/python3.8/site-packages/airflow/example_dags/example_outlet_event_extra.py for tasks to queue
[2025-03-07T00:00:54.287+0100] {logging_mixin.py:190} INFO - [2025-03-07T00:00:54.286+0100] {dagbag.py:588} INFO - Filling up the DagBag from /home/erij/Erij_Mazouz_4DS8_churn_ml_project/venv/lib/python3.8/site-packages/airflow/example_dags/example_outlet_event_extra.py
[2025-03-07T00:00:54.299+0100] {processor.py:925} INFO - DAG(s) 'dataset_with_extra_by_yield', 'dataset_with_extra_by_context', 'dataset_with_extra_from_classic_operator' retrieved from /home/erij/Erij_Mazouz_4DS8_churn_ml_project/venv/lib/python3.8/site-packages/airflow/example_dags/example_outlet_event_extra.py
[2025-03-07T00:00:54.316+0100] {logging_mixin.py:190} INFO - [2025-03-07T00:00:54.316+0100] {dag.py:3239} INFO - Sync 3 DAGs
[2025-03-07T00:00:54.336+0100] {logging_mixin.py:190} INFO - [2025-03-07T00:00:54.336+0100] {dag.py:4180} INFO - Setting next_dagrun for dataset_with_extra_by_context to 2025-03-05 00:00:00+00:00, run_after=2025-03-06 00:00:00+00:00
[2025-03-07T00:00:54.339+0100] {logging_mixin.py:190} INFO - [2025-03-07T00:00:54.339+0100] {dag.py:4180} INFO - Setting next_dagrun for dataset_with_extra_by_yield to 2025-03-05 00:00:00+00:00, run_after=2025-03-06 00:00:00+00:00
[2025-03-07T00:00:54.341+0100] {logging_mixin.py:190} INFO - [2025-03-07T00:00:54.341+0100] {dag.py:4180} INFO - Setting next_dagrun for dataset_with_extra_from_classic_operator to 2025-03-05 00:00:00+00:00, run_after=2025-03-06 00:00:00+00:00
[2025-03-07T00:00:54.362+0100] {processor.py:208} INFO - Processing /home/erij/Erij_Mazouz_4DS8_churn_ml_project/venv/lib/python3.8/site-packages/airflow/example_dags/example_outlet_event_extra.py took 0.085 seconds
[2025-03-07T00:02:17.600+0100] {processor.py:186} INFO - Started process (PID=60307) to work on /home/erij/Erij_Mazouz_4DS8_churn_ml_project/venv/lib/python3.8/site-packages/airflow/example_dags/example_outlet_event_extra.py
[2025-03-07T00:02:17.601+0100] {processor.py:914} INFO - Processing file /home/erij/Erij_Mazouz_4DS8_churn_ml_project/venv/lib/python3.8/site-packages/airflow/example_dags/example_outlet_event_extra.py for tasks to queue
[2025-03-07T00:02:17.603+0100] {logging_mixin.py:190} INFO - [2025-03-07T00:02:17.602+0100] {dagbag.py:588} INFO - Filling up the DagBag from /home/erij/Erij_Mazouz_4DS8_churn_ml_project/venv/lib/python3.8/site-packages/airflow/example_dags/example_outlet_event_extra.py
[2025-03-07T00:02:17.615+0100] {processor.py:925} INFO - DAG(s) 'dataset_with_extra_from_classic_operator', 'dataset_with_extra_by_context', 'dataset_with_extra_by_yield' retrieved from /home/erij/Erij_Mazouz_4DS8_churn_ml_project/venv/lib/python3.8/site-packages/airflow/example_dags/example_outlet_event_extra.py
[2025-03-07T00:02:17.637+0100] {logging_mixin.py:190} INFO - [2025-03-07T00:02:17.637+0100] {dag.py:3239} INFO - Sync 3 DAGs
[2025-03-07T00:02:17.659+0100] {logging_mixin.py:190} INFO - [2025-03-07T00:02:17.658+0100] {dag.py:4180} INFO - Setting next_dagrun for dataset_with_extra_by_context to 2025-03-05 00:00:00+00:00, run_after=2025-03-06 00:00:00+00:00
[2025-03-07T00:02:17.663+0100] {logging_mixin.py:190} INFO - [2025-03-07T00:02:17.663+0100] {dag.py:4180} INFO - Setting next_dagrun for dataset_with_extra_by_yield to 2025-03-05 00:00:00+00:00, run_after=2025-03-06 00:00:00+00:00
[2025-03-07T00:02:17.665+0100] {logging_mixin.py:190} INFO - [2025-03-07T00:02:17.665+0100] {dag.py:4180} INFO - Setting next_dagrun for dataset_with_extra_from_classic_operator to 2025-03-05 00:00:00+00:00, run_after=2025-03-06 00:00:00+00:00
[2025-03-07T00:02:17.689+0100] {processor.py:208} INFO - Processing /home/erij/Erij_Mazouz_4DS8_churn_ml_project/venv/lib/python3.8/site-packages/airflow/example_dags/example_outlet_event_extra.py took 0.094 seconds
