[2025-03-06T23:39:08.584+0100] {processor.py:186} INFO - Started process (PID=55905) to work on /home/erij/Erij_Mazouz_4DS8_churn_ml_project/venv/lib/python3.8/site-packages/airflow/example_dags/example_xcomargs.py
[2025-03-06T23:39:08.585+0100] {processor.py:914} INFO - Processing file /home/erij/Erij_Mazouz_4DS8_churn_ml_project/venv/lib/python3.8/site-packages/airflow/example_dags/example_xcomargs.py for tasks to queue
[2025-03-06T23:39:08.587+0100] {logging_mixin.py:190} INFO - [2025-03-06T23:39:08.586+0100] {dagbag.py:588} INFO - Filling up the DagBag from /home/erij/Erij_Mazouz_4DS8_churn_ml_project/venv/lib/python3.8/site-packages/airflow/example_dags/example_xcomargs.py
[2025-03-06T23:39:08.595+0100] {processor.py:925} INFO - DAG(s) 'example_xcom_args', 'example_xcom_args_with_operators' retrieved from /home/erij/Erij_Mazouz_4DS8_churn_ml_project/venv/lib/python3.8/site-packages/airflow/example_dags/example_xcomargs.py
[2025-03-06T23:39:08.611+0100] {logging_mixin.py:190} INFO - [2025-03-06T23:39:08.611+0100] {dag.py:3239} INFO - Sync 2 DAGs
[2025-03-06T23:39:08.621+0100] {logging_mixin.py:190} INFO - [2025-03-06T23:39:08.621+0100] {dag.py:4180} INFO - Setting next_dagrun for example_xcom_args to None, run_after=None
[2025-03-06T23:39:08.624+0100] {logging_mixin.py:190} INFO - [2025-03-06T23:39:08.624+0100] {dag.py:4180} INFO - Setting next_dagrun for example_xcom_args_with_operators to None, run_after=None
[2025-03-06T23:39:08.641+0100] {processor.py:208} INFO - Processing /home/erij/Erij_Mazouz_4DS8_churn_ml_project/venv/lib/python3.8/site-packages/airflow/example_dags/example_xcomargs.py took 0.062 seconds
[2025-03-06T23:40:35.655+0100] {processor.py:186} INFO - Started process (PID=56488) to work on /home/erij/Erij_Mazouz_4DS8_churn_ml_project/venv/lib/python3.8/site-packages/airflow/example_dags/example_xcomargs.py
[2025-03-06T23:40:35.657+0100] {processor.py:914} INFO - Processing file /home/erij/Erij_Mazouz_4DS8_churn_ml_project/venv/lib/python3.8/site-packages/airflow/example_dags/example_xcomargs.py for tasks to queue
[2025-03-06T23:40:35.659+0100] {logging_mixin.py:190} INFO - [2025-03-06T23:40:35.659+0100] {dagbag.py:588} INFO - Filling up the DagBag from /home/erij/Erij_Mazouz_4DS8_churn_ml_project/venv/lib/python3.8/site-packages/airflow/example_dags/example_xcomargs.py
[2025-03-06T23:40:35.669+0100] {processor.py:925} INFO - DAG(s) 'example_xcom_args', 'example_xcom_args_with_operators' retrieved from /home/erij/Erij_Mazouz_4DS8_churn_ml_project/venv/lib/python3.8/site-packages/airflow/example_dags/example_xcomargs.py
[2025-03-06T23:40:35.686+0100] {logging_mixin.py:190} INFO - [2025-03-06T23:40:35.685+0100] {dag.py:3239} INFO - Sync 2 DAGs
[2025-03-06T23:40:35.698+0100] {logging_mixin.py:190} INFO - [2025-03-06T23:40:35.698+0100] {dag.py:4180} INFO - Setting next_dagrun for example_xcom_args to None, run_after=None
[2025-03-06T23:40:35.701+0100] {logging_mixin.py:190} INFO - [2025-03-06T23:40:35.701+0100] {dag.py:4180} INFO - Setting next_dagrun for example_xcom_args_with_operators to None, run_after=None
[2025-03-06T23:40:35.718+0100] {processor.py:208} INFO - Processing /home/erij/Erij_Mazouz_4DS8_churn_ml_project/venv/lib/python3.8/site-packages/airflow/example_dags/example_xcomargs.py took 0.069 seconds
[2025-03-06T23:41:20.369+0100] {processor.py:186} INFO - Started process (PID=56588) to work on /home/erij/Erij_Mazouz_4DS8_churn_ml_project/venv/lib/python3.8/site-packages/airflow/example_dags/example_xcomargs.py
[2025-03-06T23:41:20.370+0100] {processor.py:914} INFO - Processing file /home/erij/Erij_Mazouz_4DS8_churn_ml_project/venv/lib/python3.8/site-packages/airflow/example_dags/example_xcomargs.py for tasks to queue
[2025-03-06T23:41:20.372+0100] {logging_mixin.py:190} INFO - [2025-03-06T23:41:20.372+0100] {dagbag.py:588} INFO - Filling up the DagBag from /home/erij/Erij_Mazouz_4DS8_churn_ml_project/venv/lib/python3.8/site-packages/airflow/example_dags/example_xcomargs.py
[2025-03-06T23:41:20.382+0100] {processor.py:925} INFO - DAG(s) 'example_xcom_args', 'example_xcom_args_with_operators' retrieved from /home/erij/Erij_Mazouz_4DS8_churn_ml_project/venv/lib/python3.8/site-packages/airflow/example_dags/example_xcomargs.py
[2025-03-06T23:41:20.397+0100] {logging_mixin.py:190} INFO - [2025-03-06T23:41:20.397+0100] {dag.py:3239} INFO - Sync 2 DAGs
[2025-03-06T23:41:20.408+0100] {logging_mixin.py:190} INFO - [2025-03-06T23:41:20.408+0100] {dag.py:4180} INFO - Setting next_dagrun for example_xcom_args to None, run_after=None
[2025-03-06T23:41:20.410+0100] {logging_mixin.py:190} INFO - [2025-03-06T23:41:20.410+0100] {dag.py:4180} INFO - Setting next_dagrun for example_xcom_args_with_operators to None, run_after=None
[2025-03-06T23:41:20.427+0100] {processor.py:208} INFO - Processing /home/erij/Erij_Mazouz_4DS8_churn_ml_project/venv/lib/python3.8/site-packages/airflow/example_dags/example_xcomargs.py took 0.064 seconds
[2025-03-06T23:42:16.231+0100] {processor.py:186} INFO - Started process (PID=56732) to work on /home/erij/Erij_Mazouz_4DS8_churn_ml_project/venv/lib/python3.8/site-packages/airflow/example_dags/example_xcomargs.py
[2025-03-06T23:42:16.234+0100] {processor.py:914} INFO - Processing file /home/erij/Erij_Mazouz_4DS8_churn_ml_project/venv/lib/python3.8/site-packages/airflow/example_dags/example_xcomargs.py for tasks to queue
[2025-03-06T23:42:16.235+0100] {logging_mixin.py:190} INFO - [2025-03-06T23:42:16.235+0100] {dagbag.py:588} INFO - Filling up the DagBag from /home/erij/Erij_Mazouz_4DS8_churn_ml_project/venv/lib/python3.8/site-packages/airflow/example_dags/example_xcomargs.py
[2025-03-06T23:42:16.245+0100] {processor.py:925} INFO - DAG(s) 'example_xcom_args', 'example_xcom_args_with_operators' retrieved from /home/erij/Erij_Mazouz_4DS8_churn_ml_project/venv/lib/python3.8/site-packages/airflow/example_dags/example_xcomargs.py
[2025-03-06T23:42:16.260+0100] {logging_mixin.py:190} INFO - [2025-03-06T23:42:16.259+0100] {dag.py:3239} INFO - Sync 2 DAGs
[2025-03-06T23:42:16.272+0100] {logging_mixin.py:190} INFO - [2025-03-06T23:42:16.271+0100] {dag.py:4180} INFO - Setting next_dagrun for example_xcom_args to None, run_after=None
[2025-03-06T23:42:16.274+0100] {logging_mixin.py:190} INFO - [2025-03-06T23:42:16.274+0100] {dag.py:4180} INFO - Setting next_dagrun for example_xcom_args_with_operators to None, run_after=None
[2025-03-06T23:42:16.290+0100] {processor.py:208} INFO - Processing /home/erij/Erij_Mazouz_4DS8_churn_ml_project/venv/lib/python3.8/site-packages/airflow/example_dags/example_xcomargs.py took 0.065 seconds
[2025-03-06T23:43:09.963+0100] {processor.py:186} INFO - Started process (PID=56848) to work on /home/erij/Erij_Mazouz_4DS8_churn_ml_project/venv/lib/python3.8/site-packages/airflow/example_dags/example_xcomargs.py
[2025-03-06T23:43:09.966+0100] {processor.py:914} INFO - Processing file /home/erij/Erij_Mazouz_4DS8_churn_ml_project/venv/lib/python3.8/site-packages/airflow/example_dags/example_xcomargs.py for tasks to queue
[2025-03-06T23:43:09.968+0100] {logging_mixin.py:190} INFO - [2025-03-06T23:43:09.967+0100] {dagbag.py:588} INFO - Filling up the DagBag from /home/erij/Erij_Mazouz_4DS8_churn_ml_project/venv/lib/python3.8/site-packages/airflow/example_dags/example_xcomargs.py
[2025-03-06T23:43:09.976+0100] {processor.py:925} INFO - DAG(s) 'example_xcom_args_with_operators', 'example_xcom_args' retrieved from /home/erij/Erij_Mazouz_4DS8_churn_ml_project/venv/lib/python3.8/site-packages/airflow/example_dags/example_xcomargs.py
[2025-03-06T23:43:09.990+0100] {logging_mixin.py:190} INFO - [2025-03-06T23:43:09.989+0100] {dag.py:3239} INFO - Sync 2 DAGs
[2025-03-06T23:43:10.000+0100] {logging_mixin.py:190} INFO - [2025-03-06T23:43:09.999+0100] {dag.py:4180} INFO - Setting next_dagrun for example_xcom_args to None, run_after=None
[2025-03-06T23:43:10.002+0100] {logging_mixin.py:190} INFO - [2025-03-06T23:43:10.002+0100] {dag.py:4180} INFO - Setting next_dagrun for example_xcom_args_with_operators to None, run_after=None
[2025-03-06T23:43:10.019+0100] {processor.py:208} INFO - Processing /home/erij/Erij_Mazouz_4DS8_churn_ml_project/venv/lib/python3.8/site-packages/airflow/example_dags/example_xcomargs.py took 0.061 seconds
[2025-03-06T23:44:01.842+0100] {processor.py:186} INFO - Started process (PID=56963) to work on /home/erij/Erij_Mazouz_4DS8_churn_ml_project/venv/lib/python3.8/site-packages/airflow/example_dags/example_xcomargs.py
[2025-03-06T23:44:01.844+0100] {processor.py:914} INFO - Processing file /home/erij/Erij_Mazouz_4DS8_churn_ml_project/venv/lib/python3.8/site-packages/airflow/example_dags/example_xcomargs.py for tasks to queue
[2025-03-06T23:44:01.846+0100] {logging_mixin.py:190} INFO - [2025-03-06T23:44:01.846+0100] {dagbag.py:588} INFO - Filling up the DagBag from /home/erij/Erij_Mazouz_4DS8_churn_ml_project/venv/lib/python3.8/site-packages/airflow/example_dags/example_xcomargs.py
[2025-03-06T23:44:01.855+0100] {processor.py:925} INFO - DAG(s) 'example_xcom_args_with_operators', 'example_xcom_args' retrieved from /home/erij/Erij_Mazouz_4DS8_churn_ml_project/venv/lib/python3.8/site-packages/airflow/example_dags/example_xcomargs.py
[2025-03-06T23:44:01.871+0100] {logging_mixin.py:190} INFO - [2025-03-06T23:44:01.871+0100] {dag.py:3239} INFO - Sync 2 DAGs
[2025-03-06T23:44:01.883+0100] {logging_mixin.py:190} INFO - [2025-03-06T23:44:01.883+0100] {dag.py:4180} INFO - Setting next_dagrun for example_xcom_args to None, run_after=None
[2025-03-06T23:44:01.886+0100] {logging_mixin.py:190} INFO - [2025-03-06T23:44:01.886+0100] {dag.py:4180} INFO - Setting next_dagrun for example_xcom_args_with_operators to None, run_after=None
[2025-03-06T23:44:01.900+0100] {processor.py:208} INFO - Processing /home/erij/Erij_Mazouz_4DS8_churn_ml_project/venv/lib/python3.8/site-packages/airflow/example_dags/example_xcomargs.py took 0.063 seconds
[2025-03-06T23:44:55.972+0100] {processor.py:186} INFO - Started process (PID=57121) to work on /home/erij/Erij_Mazouz_4DS8_churn_ml_project/venv/lib/python3.8/site-packages/airflow/example_dags/example_xcomargs.py
[2025-03-06T23:44:55.974+0100] {processor.py:914} INFO - Processing file /home/erij/Erij_Mazouz_4DS8_churn_ml_project/venv/lib/python3.8/site-packages/airflow/example_dags/example_xcomargs.py for tasks to queue
[2025-03-06T23:44:55.976+0100] {logging_mixin.py:190} INFO - [2025-03-06T23:44:55.976+0100] {dagbag.py:588} INFO - Filling up the DagBag from /home/erij/Erij_Mazouz_4DS8_churn_ml_project/venv/lib/python3.8/site-packages/airflow/example_dags/example_xcomargs.py
[2025-03-06T23:44:55.984+0100] {processor.py:925} INFO - DAG(s) 'example_xcom_args', 'example_xcom_args_with_operators' retrieved from /home/erij/Erij_Mazouz_4DS8_churn_ml_project/venv/lib/python3.8/site-packages/airflow/example_dags/example_xcomargs.py
[2025-03-06T23:44:55.997+0100] {logging_mixin.py:190} INFO - [2025-03-06T23:44:55.997+0100] {dag.py:3239} INFO - Sync 2 DAGs
[2025-03-06T23:44:56.006+0100] {logging_mixin.py:190} INFO - [2025-03-06T23:44:56.006+0100] {dag.py:4180} INFO - Setting next_dagrun for example_xcom_args to None, run_after=None
[2025-03-06T23:44:56.009+0100] {logging_mixin.py:190} INFO - [2025-03-06T23:44:56.009+0100] {dag.py:4180} INFO - Setting next_dagrun for example_xcom_args_with_operators to None, run_after=None
[2025-03-06T23:44:56.027+0100] {processor.py:208} INFO - Processing /home/erij/Erij_Mazouz_4DS8_churn_ml_project/venv/lib/python3.8/site-packages/airflow/example_dags/example_xcomargs.py took 0.060 seconds
[2025-03-06T23:45:52.859+0100] {processor.py:186} INFO - Started process (PID=57237) to work on /home/erij/Erij_Mazouz_4DS8_churn_ml_project/venv/lib/python3.8/site-packages/airflow/example_dags/example_xcomargs.py
[2025-03-06T23:45:52.865+0100] {processor.py:914} INFO - Processing file /home/erij/Erij_Mazouz_4DS8_churn_ml_project/venv/lib/python3.8/site-packages/airflow/example_dags/example_xcomargs.py for tasks to queue
[2025-03-06T23:45:52.867+0100] {logging_mixin.py:190} INFO - [2025-03-06T23:45:52.867+0100] {dagbag.py:588} INFO - Filling up the DagBag from /home/erij/Erij_Mazouz_4DS8_churn_ml_project/venv/lib/python3.8/site-packages/airflow/example_dags/example_xcomargs.py
[2025-03-06T23:45:52.876+0100] {processor.py:925} INFO - DAG(s) 'example_xcom_args', 'example_xcom_args_with_operators' retrieved from /home/erij/Erij_Mazouz_4DS8_churn_ml_project/venv/lib/python3.8/site-packages/airflow/example_dags/example_xcomargs.py
[2025-03-06T23:45:52.890+0100] {logging_mixin.py:190} INFO - [2025-03-06T23:45:52.890+0100] {dag.py:3239} INFO - Sync 2 DAGs
[2025-03-06T23:45:52.901+0100] {logging_mixin.py:190} INFO - [2025-03-06T23:45:52.901+0100] {dag.py:4180} INFO - Setting next_dagrun for example_xcom_args to None, run_after=None
[2025-03-06T23:45:52.904+0100] {logging_mixin.py:190} INFO - [2025-03-06T23:45:52.903+0100] {dag.py:4180} INFO - Setting next_dagrun for example_xcom_args_with_operators to None, run_after=None
[2025-03-06T23:45:52.934+0100] {processor.py:208} INFO - Processing /home/erij/Erij_Mazouz_4DS8_churn_ml_project/venv/lib/python3.8/site-packages/airflow/example_dags/example_xcomargs.py took 0.080 seconds
[2025-03-06T23:46:50.118+0100] {processor.py:186} INFO - Started process (PID=57356) to work on /home/erij/Erij_Mazouz_4DS8_churn_ml_project/venv/lib/python3.8/site-packages/airflow/example_dags/example_xcomargs.py
[2025-03-06T23:46:50.120+0100] {processor.py:914} INFO - Processing file /home/erij/Erij_Mazouz_4DS8_churn_ml_project/venv/lib/python3.8/site-packages/airflow/example_dags/example_xcomargs.py for tasks to queue
[2025-03-06T23:46:50.122+0100] {logging_mixin.py:190} INFO - [2025-03-06T23:46:50.121+0100] {dagbag.py:588} INFO - Filling up the DagBag from /home/erij/Erij_Mazouz_4DS8_churn_ml_project/venv/lib/python3.8/site-packages/airflow/example_dags/example_xcomargs.py
[2025-03-06T23:46:50.130+0100] {processor.py:925} INFO - DAG(s) 'example_xcom_args_with_operators', 'example_xcom_args' retrieved from /home/erij/Erij_Mazouz_4DS8_churn_ml_project/venv/lib/python3.8/site-packages/airflow/example_dags/example_xcomargs.py
[2025-03-06T23:46:50.145+0100] {logging_mixin.py:190} INFO - [2025-03-06T23:46:50.145+0100] {dag.py:3239} INFO - Sync 2 DAGs
[2025-03-06T23:46:50.156+0100] {logging_mixin.py:190} INFO - [2025-03-06T23:46:50.156+0100] {dag.py:4180} INFO - Setting next_dagrun for example_xcom_args to None, run_after=None
[2025-03-06T23:46:50.158+0100] {logging_mixin.py:190} INFO - [2025-03-06T23:46:50.158+0100] {dag.py:4180} INFO - Setting next_dagrun for example_xcom_args_with_operators to None, run_after=None
[2025-03-06T23:46:50.176+0100] {processor.py:208} INFO - Processing /home/erij/Erij_Mazouz_4DS8_churn_ml_project/venv/lib/python3.8/site-packages/airflow/example_dags/example_xcomargs.py took 0.064 seconds
[2025-03-06T23:47:44.889+0100] {processor.py:186} INFO - Started process (PID=57472) to work on /home/erij/Erij_Mazouz_4DS8_churn_ml_project/venv/lib/python3.8/site-packages/airflow/example_dags/example_xcomargs.py
[2025-03-06T23:47:44.892+0100] {processor.py:914} INFO - Processing file /home/erij/Erij_Mazouz_4DS8_churn_ml_project/venv/lib/python3.8/site-packages/airflow/example_dags/example_xcomargs.py for tasks to queue
[2025-03-06T23:47:44.893+0100] {logging_mixin.py:190} INFO - [2025-03-06T23:47:44.893+0100] {dagbag.py:588} INFO - Filling up the DagBag from /home/erij/Erij_Mazouz_4DS8_churn_ml_project/venv/lib/python3.8/site-packages/airflow/example_dags/example_xcomargs.py
[2025-03-06T23:47:44.901+0100] {processor.py:925} INFO - DAG(s) 'example_xcom_args_with_operators', 'example_xcom_args' retrieved from /home/erij/Erij_Mazouz_4DS8_churn_ml_project/venv/lib/python3.8/site-packages/airflow/example_dags/example_xcomargs.py
[2025-03-06T23:47:44.914+0100] {logging_mixin.py:190} INFO - [2025-03-06T23:47:44.914+0100] {dag.py:3239} INFO - Sync 2 DAGs
[2025-03-06T23:47:44.923+0100] {logging_mixin.py:190} INFO - [2025-03-06T23:47:44.923+0100] {dag.py:4180} INFO - Setting next_dagrun for example_xcom_args to None, run_after=None
[2025-03-06T23:47:44.925+0100] {logging_mixin.py:190} INFO - [2025-03-06T23:47:44.925+0100] {dag.py:4180} INFO - Setting next_dagrun for example_xcom_args_with_operators to None, run_after=None
[2025-03-06T23:47:44.941+0100] {processor.py:208} INFO - Processing /home/erij/Erij_Mazouz_4DS8_churn_ml_project/venv/lib/python3.8/site-packages/airflow/example_dags/example_xcomargs.py took 0.057 seconds
[2025-03-06T23:48:43.376+0100] {processor.py:186} INFO - Started process (PID=57583) to work on /home/erij/Erij_Mazouz_4DS8_churn_ml_project/venv/lib/python3.8/site-packages/airflow/example_dags/example_xcomargs.py
[2025-03-06T23:48:43.378+0100] {processor.py:914} INFO - Processing file /home/erij/Erij_Mazouz_4DS8_churn_ml_project/venv/lib/python3.8/site-packages/airflow/example_dags/example_xcomargs.py for tasks to queue
[2025-03-06T23:48:43.380+0100] {logging_mixin.py:190} INFO - [2025-03-06T23:48:43.380+0100] {dagbag.py:588} INFO - Filling up the DagBag from /home/erij/Erij_Mazouz_4DS8_churn_ml_project/venv/lib/python3.8/site-packages/airflow/example_dags/example_xcomargs.py
[2025-03-06T23:48:43.389+0100] {processor.py:925} INFO - DAG(s) 'example_xcom_args_with_operators', 'example_xcom_args' retrieved from /home/erij/Erij_Mazouz_4DS8_churn_ml_project/venv/lib/python3.8/site-packages/airflow/example_dags/example_xcomargs.py
[2025-03-06T23:48:43.403+0100] {logging_mixin.py:190} INFO - [2025-03-06T23:48:43.403+0100] {dag.py:3239} INFO - Sync 2 DAGs
[2025-03-06T23:48:43.414+0100] {logging_mixin.py:190} INFO - [2025-03-06T23:48:43.414+0100] {dag.py:4180} INFO - Setting next_dagrun for example_xcom_args to None, run_after=None
[2025-03-06T23:48:43.416+0100] {logging_mixin.py:190} INFO - [2025-03-06T23:48:43.416+0100] {dag.py:4180} INFO - Setting next_dagrun for example_xcom_args_with_operators to None, run_after=None
[2025-03-06T23:48:43.432+0100] {processor.py:208} INFO - Processing /home/erij/Erij_Mazouz_4DS8_churn_ml_project/venv/lib/python3.8/site-packages/airflow/example_dags/example_xcomargs.py took 0.061 seconds
[2025-03-06T23:49:38.665+0100] {processor.py:186} INFO - Started process (PID=57699) to work on /home/erij/Erij_Mazouz_4DS8_churn_ml_project/venv/lib/python3.8/site-packages/airflow/example_dags/example_xcomargs.py
[2025-03-06T23:49:38.666+0100] {processor.py:914} INFO - Processing file /home/erij/Erij_Mazouz_4DS8_churn_ml_project/venv/lib/python3.8/site-packages/airflow/example_dags/example_xcomargs.py for tasks to queue
[2025-03-06T23:49:38.670+0100] {logging_mixin.py:190} INFO - [2025-03-06T23:49:38.669+0100] {dagbag.py:588} INFO - Filling up the DagBag from /home/erij/Erij_Mazouz_4DS8_churn_ml_project/venv/lib/python3.8/site-packages/airflow/example_dags/example_xcomargs.py
[2025-03-06T23:49:38.686+0100] {processor.py:925} INFO - DAG(s) 'example_xcom_args_with_operators', 'example_xcom_args' retrieved from /home/erij/Erij_Mazouz_4DS8_churn_ml_project/venv/lib/python3.8/site-packages/airflow/example_dags/example_xcomargs.py
[2025-03-06T23:49:38.715+0100] {logging_mixin.py:190} INFO - [2025-03-06T23:49:38.714+0100] {dag.py:3239} INFO - Sync 2 DAGs
[2025-03-06T23:49:38.738+0100] {logging_mixin.py:190} INFO - [2025-03-06T23:49:38.738+0100] {dag.py:4180} INFO - Setting next_dagrun for example_xcom_args to None, run_after=None
[2025-03-06T23:49:38.742+0100] {logging_mixin.py:190} INFO - [2025-03-06T23:49:38.742+0100] {dag.py:4180} INFO - Setting next_dagrun for example_xcom_args_with_operators to None, run_after=None
[2025-03-06T23:49:38.763+0100] {processor.py:208} INFO - Processing /home/erij/Erij_Mazouz_4DS8_churn_ml_project/venv/lib/python3.8/site-packages/airflow/example_dags/example_xcomargs.py took 0.107 seconds
[2025-03-06T23:50:33.550+0100] {processor.py:186} INFO - Started process (PID=57807) to work on /home/erij/Erij_Mazouz_4DS8_churn_ml_project/venv/lib/python3.8/site-packages/airflow/example_dags/example_xcomargs.py
[2025-03-06T23:50:33.552+0100] {processor.py:914} INFO - Processing file /home/erij/Erij_Mazouz_4DS8_churn_ml_project/venv/lib/python3.8/site-packages/airflow/example_dags/example_xcomargs.py for tasks to queue
[2025-03-06T23:50:33.554+0100] {logging_mixin.py:190} INFO - [2025-03-06T23:50:33.554+0100] {dagbag.py:588} INFO - Filling up the DagBag from /home/erij/Erij_Mazouz_4DS8_churn_ml_project/venv/lib/python3.8/site-packages/airflow/example_dags/example_xcomargs.py
[2025-03-06T23:50:33.563+0100] {processor.py:925} INFO - DAG(s) 'example_xcom_args', 'example_xcom_args_with_operators' retrieved from /home/erij/Erij_Mazouz_4DS8_churn_ml_project/venv/lib/python3.8/site-packages/airflow/example_dags/example_xcomargs.py
[2025-03-06T23:50:33.577+0100] {logging_mixin.py:190} INFO - [2025-03-06T23:50:33.576+0100] {dag.py:3239} INFO - Sync 2 DAGs
[2025-03-06T23:50:33.587+0100] {logging_mixin.py:190} INFO - [2025-03-06T23:50:33.587+0100] {dag.py:4180} INFO - Setting next_dagrun for example_xcom_args to None, run_after=None
[2025-03-06T23:50:33.589+0100] {logging_mixin.py:190} INFO - [2025-03-06T23:50:33.589+0100] {dag.py:4180} INFO - Setting next_dagrun for example_xcom_args_with_operators to None, run_after=None
[2025-03-06T23:50:33.607+0100] {processor.py:208} INFO - Processing /home/erij/Erij_Mazouz_4DS8_churn_ml_project/venv/lib/python3.8/site-packages/airflow/example_dags/example_xcomargs.py took 0.062 seconds
[2025-03-06T23:51:28.808+0100] {processor.py:186} INFO - Started process (PID=57922) to work on /home/erij/Erij_Mazouz_4DS8_churn_ml_project/venv/lib/python3.8/site-packages/airflow/example_dags/example_xcomargs.py
[2025-03-06T23:51:28.811+0100] {processor.py:914} INFO - Processing file /home/erij/Erij_Mazouz_4DS8_churn_ml_project/venv/lib/python3.8/site-packages/airflow/example_dags/example_xcomargs.py for tasks to queue
[2025-03-06T23:51:28.813+0100] {logging_mixin.py:190} INFO - [2025-03-06T23:51:28.813+0100] {dagbag.py:588} INFO - Filling up the DagBag from /home/erij/Erij_Mazouz_4DS8_churn_ml_project/venv/lib/python3.8/site-packages/airflow/example_dags/example_xcomargs.py
[2025-03-06T23:51:28.822+0100] {processor.py:925} INFO - DAG(s) 'example_xcom_args', 'example_xcom_args_with_operators' retrieved from /home/erij/Erij_Mazouz_4DS8_churn_ml_project/venv/lib/python3.8/site-packages/airflow/example_dags/example_xcomargs.py
[2025-03-06T23:51:28.836+0100] {logging_mixin.py:190} INFO - [2025-03-06T23:51:28.835+0100] {dag.py:3239} INFO - Sync 2 DAGs
[2025-03-06T23:51:28.845+0100] {logging_mixin.py:190} INFO - [2025-03-06T23:51:28.845+0100] {dag.py:4180} INFO - Setting next_dagrun for example_xcom_args to None, run_after=None
[2025-03-06T23:51:28.848+0100] {logging_mixin.py:190} INFO - [2025-03-06T23:51:28.847+0100] {dag.py:4180} INFO - Setting next_dagrun for example_xcom_args_with_operators to None, run_after=None
[2025-03-06T23:51:28.863+0100] {processor.py:208} INFO - Processing /home/erij/Erij_Mazouz_4DS8_churn_ml_project/venv/lib/python3.8/site-packages/airflow/example_dags/example_xcomargs.py took 0.061 seconds
[2025-03-06T23:52:24.716+0100] {processor.py:186} INFO - Started process (PID=58041) to work on /home/erij/Erij_Mazouz_4DS8_churn_ml_project/venv/lib/python3.8/site-packages/airflow/example_dags/example_xcomargs.py
[2025-03-06T23:52:24.718+0100] {processor.py:914} INFO - Processing file /home/erij/Erij_Mazouz_4DS8_churn_ml_project/venv/lib/python3.8/site-packages/airflow/example_dags/example_xcomargs.py for tasks to queue
[2025-03-06T23:52:24.720+0100] {logging_mixin.py:190} INFO - [2025-03-06T23:52:24.720+0100] {dagbag.py:588} INFO - Filling up the DagBag from /home/erij/Erij_Mazouz_4DS8_churn_ml_project/venv/lib/python3.8/site-packages/airflow/example_dags/example_xcomargs.py
[2025-03-06T23:52:24.729+0100] {processor.py:925} INFO - DAG(s) 'example_xcom_args', 'example_xcom_args_with_operators' retrieved from /home/erij/Erij_Mazouz_4DS8_churn_ml_project/venv/lib/python3.8/site-packages/airflow/example_dags/example_xcomargs.py
[2025-03-06T23:52:24.746+0100] {logging_mixin.py:190} INFO - [2025-03-06T23:52:24.745+0100] {dag.py:3239} INFO - Sync 2 DAGs
[2025-03-06T23:52:24.757+0100] {logging_mixin.py:190} INFO - [2025-03-06T23:52:24.757+0100] {dag.py:4180} INFO - Setting next_dagrun for example_xcom_args to None, run_after=None
[2025-03-06T23:52:24.760+0100] {logging_mixin.py:190} INFO - [2025-03-06T23:52:24.760+0100] {dag.py:4180} INFO - Setting next_dagrun for example_xcom_args_with_operators to None, run_after=None
[2025-03-06T23:52:24.777+0100] {processor.py:208} INFO - Processing /home/erij/Erij_Mazouz_4DS8_churn_ml_project/venv/lib/python3.8/site-packages/airflow/example_dags/example_xcomargs.py took 0.067 seconds
[2025-03-06T23:53:21.892+0100] {processor.py:186} INFO - Started process (PID=58150) to work on /home/erij/Erij_Mazouz_4DS8_churn_ml_project/venv/lib/python3.8/site-packages/airflow/example_dags/example_xcomargs.py
[2025-03-06T23:53:21.894+0100] {processor.py:914} INFO - Processing file /home/erij/Erij_Mazouz_4DS8_churn_ml_project/venv/lib/python3.8/site-packages/airflow/example_dags/example_xcomargs.py for tasks to queue
[2025-03-06T23:53:21.897+0100] {logging_mixin.py:190} INFO - [2025-03-06T23:53:21.896+0100] {dagbag.py:588} INFO - Filling up the DagBag from /home/erij/Erij_Mazouz_4DS8_churn_ml_project/venv/lib/python3.8/site-packages/airflow/example_dags/example_xcomargs.py
[2025-03-06T23:53:21.907+0100] {processor.py:925} INFO - DAG(s) 'example_xcom_args', 'example_xcom_args_with_operators' retrieved from /home/erij/Erij_Mazouz_4DS8_churn_ml_project/venv/lib/python3.8/site-packages/airflow/example_dags/example_xcomargs.py
[2025-03-06T23:53:21.923+0100] {logging_mixin.py:190} INFO - [2025-03-06T23:53:21.923+0100] {dag.py:3239} INFO - Sync 2 DAGs
[2025-03-06T23:53:21.935+0100] {logging_mixin.py:190} INFO - [2025-03-06T23:53:21.935+0100] {dag.py:4180} INFO - Setting next_dagrun for example_xcom_args to None, run_after=None
[2025-03-06T23:53:21.941+0100] {logging_mixin.py:190} INFO - [2025-03-06T23:53:21.940+0100] {dag.py:4180} INFO - Setting next_dagrun for example_xcom_args_with_operators to None, run_after=None
[2025-03-06T23:53:21.957+0100] {processor.py:208} INFO - Processing /home/erij/Erij_Mazouz_4DS8_churn_ml_project/venv/lib/python3.8/site-packages/airflow/example_dags/example_xcomargs.py took 0.071 seconds
[2025-03-06T23:54:20.292+0100] {processor.py:186} INFO - Started process (PID=58530) to work on /home/erij/Erij_Mazouz_4DS8_churn_ml_project/venv/lib/python3.8/site-packages/airflow/example_dags/example_xcomargs.py
[2025-03-06T23:54:20.294+0100] {processor.py:914} INFO - Processing file /home/erij/Erij_Mazouz_4DS8_churn_ml_project/venv/lib/python3.8/site-packages/airflow/example_dags/example_xcomargs.py for tasks to queue
[2025-03-06T23:54:20.296+0100] {logging_mixin.py:190} INFO - [2025-03-06T23:54:20.295+0100] {dagbag.py:588} INFO - Filling up the DagBag from /home/erij/Erij_Mazouz_4DS8_churn_ml_project/venv/lib/python3.8/site-packages/airflow/example_dags/example_xcomargs.py
[2025-03-06T23:54:20.304+0100] {processor.py:925} INFO - DAG(s) 'example_xcom_args_with_operators', 'example_xcom_args' retrieved from /home/erij/Erij_Mazouz_4DS8_churn_ml_project/venv/lib/python3.8/site-packages/airflow/example_dags/example_xcomargs.py
[2025-03-06T23:54:20.318+0100] {logging_mixin.py:190} INFO - [2025-03-06T23:54:20.318+0100] {dag.py:3239} INFO - Sync 2 DAGs
[2025-03-06T23:54:20.328+0100] {logging_mixin.py:190} INFO - [2025-03-06T23:54:20.328+0100] {dag.py:4180} INFO - Setting next_dagrun for example_xcom_args to None, run_after=None
[2025-03-06T23:54:20.332+0100] {logging_mixin.py:190} INFO - [2025-03-06T23:54:20.332+0100] {dag.py:4180} INFO - Setting next_dagrun for example_xcom_args_with_operators to None, run_after=None
[2025-03-06T23:54:20.349+0100] {processor.py:208} INFO - Processing /home/erij/Erij_Mazouz_4DS8_churn_ml_project/venv/lib/python3.8/site-packages/airflow/example_dags/example_xcomargs.py took 0.062 seconds
[2025-03-06T23:55:17.106+0100] {processor.py:186} INFO - Started process (PID=59019) to work on /home/erij/Erij_Mazouz_4DS8_churn_ml_project/venv/lib/python3.8/site-packages/airflow/example_dags/example_xcomargs.py
[2025-03-06T23:55:17.108+0100] {processor.py:914} INFO - Processing file /home/erij/Erij_Mazouz_4DS8_churn_ml_project/venv/lib/python3.8/site-packages/airflow/example_dags/example_xcomargs.py for tasks to queue
[2025-03-06T23:55:17.110+0100] {logging_mixin.py:190} INFO - [2025-03-06T23:55:17.110+0100] {dagbag.py:588} INFO - Filling up the DagBag from /home/erij/Erij_Mazouz_4DS8_churn_ml_project/venv/lib/python3.8/site-packages/airflow/example_dags/example_xcomargs.py
[2025-03-06T23:55:17.119+0100] {processor.py:925} INFO - DAG(s) 'example_xcom_args_with_operators', 'example_xcom_args' retrieved from /home/erij/Erij_Mazouz_4DS8_churn_ml_project/venv/lib/python3.8/site-packages/airflow/example_dags/example_xcomargs.py
[2025-03-06T23:55:17.135+0100] {logging_mixin.py:190} INFO - [2025-03-06T23:55:17.135+0100] {dag.py:3239} INFO - Sync 2 DAGs
[2025-03-06T23:55:17.148+0100] {logging_mixin.py:190} INFO - [2025-03-06T23:55:17.148+0100] {dag.py:4180} INFO - Setting next_dagrun for example_xcom_args to None, run_after=None
[2025-03-06T23:55:17.151+0100] {logging_mixin.py:190} INFO - [2025-03-06T23:55:17.150+0100] {dag.py:4180} INFO - Setting next_dagrun for example_xcom_args_with_operators to None, run_after=None
[2025-03-06T23:55:17.166+0100] {processor.py:208} INFO - Processing /home/erij/Erij_Mazouz_4DS8_churn_ml_project/venv/lib/python3.8/site-packages/airflow/example_dags/example_xcomargs.py took 0.065 seconds
[2025-03-06T23:56:17.181+0100] {processor.py:186} INFO - Started process (PID=59223) to work on /home/erij/Erij_Mazouz_4DS8_churn_ml_project/venv/lib/python3.8/site-packages/airflow/example_dags/example_xcomargs.py
[2025-03-06T23:56:17.183+0100] {processor.py:914} INFO - Processing file /home/erij/Erij_Mazouz_4DS8_churn_ml_project/venv/lib/python3.8/site-packages/airflow/example_dags/example_xcomargs.py for tasks to queue
[2025-03-06T23:56:17.185+0100] {logging_mixin.py:190} INFO - [2025-03-06T23:56:17.185+0100] {dagbag.py:588} INFO - Filling up the DagBag from /home/erij/Erij_Mazouz_4DS8_churn_ml_project/venv/lib/python3.8/site-packages/airflow/example_dags/example_xcomargs.py
[2025-03-06T23:56:17.194+0100] {processor.py:925} INFO - DAG(s) 'example_xcom_args_with_operators', 'example_xcom_args' retrieved from /home/erij/Erij_Mazouz_4DS8_churn_ml_project/venv/lib/python3.8/site-packages/airflow/example_dags/example_xcomargs.py
[2025-03-06T23:56:17.208+0100] {logging_mixin.py:190} INFO - [2025-03-06T23:56:17.207+0100] {dag.py:3239} INFO - Sync 2 DAGs
[2025-03-06T23:56:17.218+0100] {logging_mixin.py:190} INFO - [2025-03-06T23:56:17.218+0100] {dag.py:4180} INFO - Setting next_dagrun for example_xcom_args to None, run_after=None
[2025-03-06T23:56:17.221+0100] {logging_mixin.py:190} INFO - [2025-03-06T23:56:17.221+0100] {dag.py:4180} INFO - Setting next_dagrun for example_xcom_args_with_operators to None, run_after=None
[2025-03-06T23:56:17.238+0100] {processor.py:208} INFO - Processing /home/erij/Erij_Mazouz_4DS8_churn_ml_project/venv/lib/python3.8/site-packages/airflow/example_dags/example_xcomargs.py took 0.062 seconds
[2025-03-06T23:57:12.283+0100] {processor.py:186} INFO - Started process (PID=59346) to work on /home/erij/Erij_Mazouz_4DS8_churn_ml_project/venv/lib/python3.8/site-packages/airflow/example_dags/example_xcomargs.py
[2025-03-06T23:57:12.285+0100] {processor.py:914} INFO - Processing file /home/erij/Erij_Mazouz_4DS8_churn_ml_project/venv/lib/python3.8/site-packages/airflow/example_dags/example_xcomargs.py for tasks to queue
[2025-03-06T23:57:12.287+0100] {logging_mixin.py:190} INFO - [2025-03-06T23:57:12.287+0100] {dagbag.py:588} INFO - Filling up the DagBag from /home/erij/Erij_Mazouz_4DS8_churn_ml_project/venv/lib/python3.8/site-packages/airflow/example_dags/example_xcomargs.py
[2025-03-06T23:57:12.296+0100] {processor.py:925} INFO - DAG(s) 'example_xcom_args_with_operators', 'example_xcom_args' retrieved from /home/erij/Erij_Mazouz_4DS8_churn_ml_project/venv/lib/python3.8/site-packages/airflow/example_dags/example_xcomargs.py
[2025-03-06T23:57:12.311+0100] {logging_mixin.py:190} INFO - [2025-03-06T23:57:12.310+0100] {dag.py:3239} INFO - Sync 2 DAGs
[2025-03-06T23:57:12.324+0100] {logging_mixin.py:190} INFO - [2025-03-06T23:57:12.324+0100] {dag.py:4180} INFO - Setting next_dagrun for example_xcom_args to None, run_after=None
[2025-03-06T23:57:12.328+0100] {logging_mixin.py:190} INFO - [2025-03-06T23:57:12.327+0100] {dag.py:4180} INFO - Setting next_dagrun for example_xcom_args_with_operators to None, run_after=None
[2025-03-06T23:57:12.345+0100] {processor.py:208} INFO - Processing /home/erij/Erij_Mazouz_4DS8_churn_ml_project/venv/lib/python3.8/site-packages/airflow/example_dags/example_xcomargs.py took 0.067 seconds
[2025-03-06T23:58:06.856+0100] {processor.py:186} INFO - Started process (PID=59485) to work on /home/erij/Erij_Mazouz_4DS8_churn_ml_project/venv/lib/python3.8/site-packages/airflow/example_dags/example_xcomargs.py
[2025-03-06T23:58:06.858+0100] {processor.py:914} INFO - Processing file /home/erij/Erij_Mazouz_4DS8_churn_ml_project/venv/lib/python3.8/site-packages/airflow/example_dags/example_xcomargs.py for tasks to queue
[2025-03-06T23:58:06.860+0100] {logging_mixin.py:190} INFO - [2025-03-06T23:58:06.860+0100] {dagbag.py:588} INFO - Filling up the DagBag from /home/erij/Erij_Mazouz_4DS8_churn_ml_project/venv/lib/python3.8/site-packages/airflow/example_dags/example_xcomargs.py
[2025-03-06T23:58:06.869+0100] {processor.py:925} INFO - DAG(s) 'example_xcom_args', 'example_xcom_args_with_operators' retrieved from /home/erij/Erij_Mazouz_4DS8_churn_ml_project/venv/lib/python3.8/site-packages/airflow/example_dags/example_xcomargs.py
[2025-03-06T23:58:06.885+0100] {logging_mixin.py:190} INFO - [2025-03-06T23:58:06.885+0100] {dag.py:3239} INFO - Sync 2 DAGs
[2025-03-06T23:58:06.896+0100] {logging_mixin.py:190} INFO - [2025-03-06T23:58:06.896+0100] {dag.py:4180} INFO - Setting next_dagrun for example_xcom_args to None, run_after=None
[2025-03-06T23:58:06.899+0100] {logging_mixin.py:190} INFO - [2025-03-06T23:58:06.899+0100] {dag.py:4180} INFO - Setting next_dagrun for example_xcom_args_with_operators to None, run_after=None
[2025-03-06T23:58:06.913+0100] {processor.py:208} INFO - Processing /home/erij/Erij_Mazouz_4DS8_churn_ml_project/venv/lib/python3.8/site-packages/airflow/example_dags/example_xcomargs.py took 0.062 seconds
[2025-03-06T23:58:58.798+0100] {processor.py:186} INFO - Started process (PID=59632) to work on /home/erij/Erij_Mazouz_4DS8_churn_ml_project/venv/lib/python3.8/site-packages/airflow/example_dags/example_xcomargs.py
[2025-03-06T23:58:58.800+0100] {processor.py:914} INFO - Processing file /home/erij/Erij_Mazouz_4DS8_churn_ml_project/venv/lib/python3.8/site-packages/airflow/example_dags/example_xcomargs.py for tasks to queue
[2025-03-06T23:58:58.802+0100] {logging_mixin.py:190} INFO - [2025-03-06T23:58:58.801+0100] {dagbag.py:588} INFO - Filling up the DagBag from /home/erij/Erij_Mazouz_4DS8_churn_ml_project/venv/lib/python3.8/site-packages/airflow/example_dags/example_xcomargs.py
[2025-03-06T23:58:58.810+0100] {processor.py:925} INFO - DAG(s) 'example_xcom_args_with_operators', 'example_xcom_args' retrieved from /home/erij/Erij_Mazouz_4DS8_churn_ml_project/venv/lib/python3.8/site-packages/airflow/example_dags/example_xcomargs.py
[2025-03-06T23:58:58.825+0100] {logging_mixin.py:190} INFO - [2025-03-06T23:58:58.825+0100] {dag.py:3239} INFO - Sync 2 DAGs
[2025-03-06T23:58:58.836+0100] {logging_mixin.py:190} INFO - [2025-03-06T23:58:58.836+0100] {dag.py:4180} INFO - Setting next_dagrun for example_xcom_args to None, run_after=None
[2025-03-06T23:58:58.838+0100] {logging_mixin.py:190} INFO - [2025-03-06T23:58:58.838+0100] {dag.py:4180} INFO - Setting next_dagrun for example_xcom_args_with_operators to None, run_after=None
[2025-03-06T23:58:58.852+0100] {processor.py:208} INFO - Processing /home/erij/Erij_Mazouz_4DS8_churn_ml_project/venv/lib/python3.8/site-packages/airflow/example_dags/example_xcomargs.py took 0.060 seconds
[2025-03-06T23:59:49.486+0100] {processor.py:186} INFO - Started process (PID=59774) to work on /home/erij/Erij_Mazouz_4DS8_churn_ml_project/venv/lib/python3.8/site-packages/airflow/example_dags/example_xcomargs.py
[2025-03-06T23:59:49.488+0100] {processor.py:914} INFO - Processing file /home/erij/Erij_Mazouz_4DS8_churn_ml_project/venv/lib/python3.8/site-packages/airflow/example_dags/example_xcomargs.py for tasks to queue
[2025-03-06T23:59:49.490+0100] {logging_mixin.py:190} INFO - [2025-03-06T23:59:49.490+0100] {dagbag.py:588} INFO - Filling up the DagBag from /home/erij/Erij_Mazouz_4DS8_churn_ml_project/venv/lib/python3.8/site-packages/airflow/example_dags/example_xcomargs.py
[2025-03-06T23:59:49.499+0100] {processor.py:925} INFO - DAG(s) 'example_xcom_args', 'example_xcom_args_with_operators' retrieved from /home/erij/Erij_Mazouz_4DS8_churn_ml_project/venv/lib/python3.8/site-packages/airflow/example_dags/example_xcomargs.py
[2025-03-06T23:59:49.514+0100] {logging_mixin.py:190} INFO - [2025-03-06T23:59:49.514+0100] {dag.py:3239} INFO - Sync 2 DAGs
[2025-03-06T23:59:49.525+0100] {logging_mixin.py:190} INFO - [2025-03-06T23:59:49.525+0100] {dag.py:4180} INFO - Setting next_dagrun for example_xcom_args to None, run_after=None
[2025-03-06T23:59:49.528+0100] {logging_mixin.py:190} INFO - [2025-03-06T23:59:49.528+0100] {dag.py:4180} INFO - Setting next_dagrun for example_xcom_args_with_operators to None, run_after=None
[2025-03-06T23:59:49.544+0100] {processor.py:208} INFO - Processing /home/erij/Erij_Mazouz_4DS8_churn_ml_project/venv/lib/python3.8/site-packages/airflow/example_dags/example_xcomargs.py took 0.063 seconds
[2025-03-07T00:00:41.715+0100] {processor.py:186} INFO - Started process (PID=59971) to work on /home/erij/Erij_Mazouz_4DS8_churn_ml_project/venv/lib/python3.8/site-packages/airflow/example_dags/example_xcomargs.py
[2025-03-07T00:00:41.717+0100] {processor.py:914} INFO - Processing file /home/erij/Erij_Mazouz_4DS8_churn_ml_project/venv/lib/python3.8/site-packages/airflow/example_dags/example_xcomargs.py for tasks to queue
[2025-03-07T00:00:41.720+0100] {logging_mixin.py:190} INFO - [2025-03-07T00:00:41.719+0100] {dagbag.py:588} INFO - Filling up the DagBag from /home/erij/Erij_Mazouz_4DS8_churn_ml_project/venv/lib/python3.8/site-packages/airflow/example_dags/example_xcomargs.py
[2025-03-07T00:00:41.728+0100] {processor.py:925} INFO - DAG(s) 'example_xcom_args_with_operators', 'example_xcom_args' retrieved from /home/erij/Erij_Mazouz_4DS8_churn_ml_project/venv/lib/python3.8/site-packages/airflow/example_dags/example_xcomargs.py
[2025-03-07T00:00:41.742+0100] {logging_mixin.py:190} INFO - [2025-03-07T00:00:41.742+0100] {dag.py:3239} INFO - Sync 2 DAGs
[2025-03-07T00:00:41.752+0100] {logging_mixin.py:190} INFO - [2025-03-07T00:00:41.752+0100] {dag.py:4180} INFO - Setting next_dagrun for example_xcom_args to None, run_after=None
[2025-03-07T00:00:41.755+0100] {logging_mixin.py:190} INFO - [2025-03-07T00:00:41.755+0100] {dag.py:4180} INFO - Setting next_dagrun for example_xcom_args_with_operators to None, run_after=None
[2025-03-07T00:00:41.771+0100] {processor.py:208} INFO - Processing /home/erij/Erij_Mazouz_4DS8_churn_ml_project/venv/lib/python3.8/site-packages/airflow/example_dags/example_xcomargs.py took 0.060 seconds
[2025-03-07T00:01:35.314+0100] {processor.py:186} INFO - Started process (PID=60138) to work on /home/erij/Erij_Mazouz_4DS8_churn_ml_project/venv/lib/python3.8/site-packages/airflow/example_dags/example_xcomargs.py
[2025-03-07T00:01:35.317+0100] {processor.py:914} INFO - Processing file /home/erij/Erij_Mazouz_4DS8_churn_ml_project/venv/lib/python3.8/site-packages/airflow/example_dags/example_xcomargs.py for tasks to queue
[2025-03-07T00:01:35.318+0100] {logging_mixin.py:190} INFO - [2025-03-07T00:01:35.318+0100] {dagbag.py:588} INFO - Filling up the DagBag from /home/erij/Erij_Mazouz_4DS8_churn_ml_project/venv/lib/python3.8/site-packages/airflow/example_dags/example_xcomargs.py
[2025-03-07T00:01:35.326+0100] {processor.py:925} INFO - DAG(s) 'example_xcom_args_with_operators', 'example_xcom_args' retrieved from /home/erij/Erij_Mazouz_4DS8_churn_ml_project/venv/lib/python3.8/site-packages/airflow/example_dags/example_xcomargs.py
[2025-03-07T00:01:35.341+0100] {logging_mixin.py:190} INFO - [2025-03-07T00:01:35.341+0100] {dag.py:3239} INFO - Sync 2 DAGs
[2025-03-07T00:01:35.351+0100] {logging_mixin.py:190} INFO - [2025-03-07T00:01:35.351+0100] {dag.py:4180} INFO - Setting next_dagrun for example_xcom_args to None, run_after=None
[2025-03-07T00:01:35.354+0100] {logging_mixin.py:190} INFO - [2025-03-07T00:01:35.353+0100] {dag.py:4180} INFO - Setting next_dagrun for example_xcom_args_with_operators to None, run_after=None
[2025-03-07T00:01:35.369+0100] {processor.py:208} INFO - Processing /home/erij/Erij_Mazouz_4DS8_churn_ml_project/venv/lib/python3.8/site-packages/airflow/example_dags/example_xcomargs.py took 0.060 seconds
[2025-03-07T00:02:32.164+0100] {processor.py:186} INFO - Started process (PID=60349) to work on /home/erij/Erij_Mazouz_4DS8_churn_ml_project/venv/lib/python3.8/site-packages/airflow/example_dags/example_xcomargs.py
[2025-03-07T00:02:32.166+0100] {processor.py:914} INFO - Processing file /home/erij/Erij_Mazouz_4DS8_churn_ml_project/venv/lib/python3.8/site-packages/airflow/example_dags/example_xcomargs.py for tasks to queue
[2025-03-07T00:02:32.169+0100] {logging_mixin.py:190} INFO - [2025-03-07T00:02:32.168+0100] {dagbag.py:588} INFO - Filling up the DagBag from /home/erij/Erij_Mazouz_4DS8_churn_ml_project/venv/lib/python3.8/site-packages/airflow/example_dags/example_xcomargs.py
[2025-03-07T00:02:32.180+0100] {processor.py:925} INFO - DAG(s) 'example_xcom_args', 'example_xcom_args_with_operators' retrieved from /home/erij/Erij_Mazouz_4DS8_churn_ml_project/venv/lib/python3.8/site-packages/airflow/example_dags/example_xcomargs.py
[2025-03-07T00:02:32.199+0100] {logging_mixin.py:190} INFO - [2025-03-07T00:02:32.198+0100] {dag.py:3239} INFO - Sync 2 DAGs
[2025-03-07T00:02:32.212+0100] {logging_mixin.py:190} INFO - [2025-03-07T00:02:32.212+0100] {dag.py:4180} INFO - Setting next_dagrun for example_xcom_args to None, run_after=None
[2025-03-07T00:02:32.215+0100] {logging_mixin.py:190} INFO - [2025-03-07T00:02:32.215+0100] {dag.py:4180} INFO - Setting next_dagrun for example_xcom_args_with_operators to None, run_after=None
[2025-03-07T00:02:32.232+0100] {processor.py:208} INFO - Processing /home/erij/Erij_Mazouz_4DS8_churn_ml_project/venv/lib/python3.8/site-packages/airflow/example_dags/example_xcomargs.py took 0.074 seconds
