[2025-03-06T23:40:18.533+0100] {processor.py:186} INFO - Started process (PID=56436) to work on /home/erij/Erij_Mazouz_4DS8_churn_ml_project/venv/lib/python3.8/site-packages/airflow/example_dags/example_branch_operator_decorator.py
[2025-03-06T23:40:18.534+0100] {processor.py:914} INFO - Processing file /home/erij/Erij_Mazouz_4DS8_churn_ml_project/venv/lib/python3.8/site-packages/airflow/example_dags/example_branch_operator_decorator.py for tasks to queue
[2025-03-06T23:40:18.536+0100] {logging_mixin.py:190} INFO - [2025-03-06T23:40:18.536+0100] {dagbag.py:588} INFO - Filling up the DagBag from /home/erij/Erij_Mazouz_4DS8_churn_ml_project/venv/lib/python3.8/site-packages/airflow/example_dags/example_branch_operator_decorator.py
[2025-03-06T23:40:18.558+0100] {processor.py:925} INFO - DAG(s) 'example_branch_python_operator_decorator' retrieved from /home/erij/Erij_Mazouz_4DS8_churn_ml_project/venv/lib/python3.8/site-packages/airflow/example_dags/example_branch_operator_decorator.py
[2025-03-06T23:40:18.649+0100] {logging_mixin.py:190} INFO - [2025-03-06T23:40:18.649+0100] {dag.py:3239} INFO - Sync 1 DAGs
[2025-03-06T23:40:18.668+0100] {logging_mixin.py:190} INFO - [2025-03-06T23:40:18.667+0100] {dag.py:4180} INFO - Setting next_dagrun for example_branch_python_operator_decorator to 2025-03-05 00:00:00+00:00, run_after=2025-03-06 00:00:00+00:00
[2025-03-06T23:40:18.689+0100] {processor.py:208} INFO - Processing /home/erij/Erij_Mazouz_4DS8_churn_ml_project/venv/lib/python3.8/site-packages/airflow/example_dags/example_branch_operator_decorator.py took 0.161 seconds
[2025-03-06T23:41:31.644+0100] {processor.py:186} INFO - Started process (PID=56615) to work on /home/erij/Erij_Mazouz_4DS8_churn_ml_project/venv/lib/python3.8/site-packages/airflow/example_dags/example_branch_operator_decorator.py
[2025-03-06T23:41:31.646+0100] {processor.py:914} INFO - Processing file /home/erij/Erij_Mazouz_4DS8_churn_ml_project/venv/lib/python3.8/site-packages/airflow/example_dags/example_branch_operator_decorator.py for tasks to queue
[2025-03-06T23:41:31.648+0100] {logging_mixin.py:190} INFO - [2025-03-06T23:41:31.648+0100] {dagbag.py:588} INFO - Filling up the DagBag from /home/erij/Erij_Mazouz_4DS8_churn_ml_project/venv/lib/python3.8/site-packages/airflow/example_dags/example_branch_operator_decorator.py
[2025-03-06T23:41:31.667+0100] {processor.py:925} INFO - DAG(s) 'example_branch_python_operator_decorator' retrieved from /home/erij/Erij_Mazouz_4DS8_churn_ml_project/venv/lib/python3.8/site-packages/airflow/example_dags/example_branch_operator_decorator.py
[2025-03-06T23:41:31.687+0100] {logging_mixin.py:190} INFO - [2025-03-06T23:41:31.686+0100] {dag.py:3239} INFO - Sync 1 DAGs
[2025-03-06T23:41:31.704+0100] {logging_mixin.py:190} INFO - [2025-03-06T23:41:31.704+0100] {dag.py:4180} INFO - Setting next_dagrun for example_branch_python_operator_decorator to 2025-03-05 00:00:00+00:00, run_after=2025-03-06 00:00:00+00:00
[2025-03-06T23:41:31.723+0100] {processor.py:208} INFO - Processing /home/erij/Erij_Mazouz_4DS8_churn_ml_project/venv/lib/python3.8/site-packages/airflow/example_dags/example_branch_operator_decorator.py took 0.083 seconds
[2025-03-06T23:42:27.137+0100] {processor.py:186} INFO - Started process (PID=56753) to work on /home/erij/Erij_Mazouz_4DS8_churn_ml_project/venv/lib/python3.8/site-packages/airflow/example_dags/example_branch_operator_decorator.py
[2025-03-06T23:42:27.139+0100] {processor.py:914} INFO - Processing file /home/erij/Erij_Mazouz_4DS8_churn_ml_project/venv/lib/python3.8/site-packages/airflow/example_dags/example_branch_operator_decorator.py for tasks to queue
[2025-03-06T23:42:27.141+0100] {logging_mixin.py:190} INFO - [2025-03-06T23:42:27.141+0100] {dagbag.py:588} INFO - Filling up the DagBag from /home/erij/Erij_Mazouz_4DS8_churn_ml_project/venv/lib/python3.8/site-packages/airflow/example_dags/example_branch_operator_decorator.py
[2025-03-06T23:42:27.163+0100] {processor.py:925} INFO - DAG(s) 'example_branch_python_operator_decorator' retrieved from /home/erij/Erij_Mazouz_4DS8_churn_ml_project/venv/lib/python3.8/site-packages/airflow/example_dags/example_branch_operator_decorator.py
[2025-03-06T23:42:27.182+0100] {logging_mixin.py:190} INFO - [2025-03-06T23:42:27.182+0100] {dag.py:3239} INFO - Sync 1 DAGs
[2025-03-06T23:42:27.202+0100] {logging_mixin.py:190} INFO - [2025-03-06T23:42:27.201+0100] {dag.py:4180} INFO - Setting next_dagrun for example_branch_python_operator_decorator to 2025-03-05 00:00:00+00:00, run_after=2025-03-06 00:00:00+00:00
[2025-03-06T23:42:27.220+0100] {processor.py:208} INFO - Processing /home/erij/Erij_Mazouz_4DS8_churn_ml_project/venv/lib/python3.8/site-packages/airflow/example_dags/example_branch_operator_decorator.py took 0.088 seconds
[2025-03-06T23:43:23.523+0100] {processor.py:186} INFO - Started process (PID=56874) to work on /home/erij/Erij_Mazouz_4DS8_churn_ml_project/venv/lib/python3.8/site-packages/airflow/example_dags/example_branch_operator_decorator.py
[2025-03-06T23:43:23.524+0100] {processor.py:914} INFO - Processing file /home/erij/Erij_Mazouz_4DS8_churn_ml_project/venv/lib/python3.8/site-packages/airflow/example_dags/example_branch_operator_decorator.py for tasks to queue
[2025-03-06T23:43:23.526+0100] {logging_mixin.py:190} INFO - [2025-03-06T23:43:23.526+0100] {dagbag.py:588} INFO - Filling up the DagBag from /home/erij/Erij_Mazouz_4DS8_churn_ml_project/venv/lib/python3.8/site-packages/airflow/example_dags/example_branch_operator_decorator.py
[2025-03-06T23:43:23.549+0100] {processor.py:925} INFO - DAG(s) 'example_branch_python_operator_decorator' retrieved from /home/erij/Erij_Mazouz_4DS8_churn_ml_project/venv/lib/python3.8/site-packages/airflow/example_dags/example_branch_operator_decorator.py
[2025-03-06T23:43:23.568+0100] {logging_mixin.py:190} INFO - [2025-03-06T23:43:23.567+0100] {dag.py:3239} INFO - Sync 1 DAGs
[2025-03-06T23:43:23.585+0100] {logging_mixin.py:190} INFO - [2025-03-06T23:43:23.585+0100] {dag.py:4180} INFO - Setting next_dagrun for example_branch_python_operator_decorator to 2025-03-05 00:00:00+00:00, run_after=2025-03-06 00:00:00+00:00
[2025-03-06T23:43:23.608+0100] {processor.py:208} INFO - Processing /home/erij/Erij_Mazouz_4DS8_churn_ml_project/venv/lib/python3.8/site-packages/airflow/example_dags/example_branch_operator_decorator.py took 0.089 seconds
[2025-03-06T23:44:42.925+0100] {processor.py:186} INFO - Started process (PID=57080) to work on /home/erij/Erij_Mazouz_4DS8_churn_ml_project/venv/lib/python3.8/site-packages/airflow/example_dags/example_branch_operator_decorator.py
[2025-03-06T23:44:42.927+0100] {processor.py:914} INFO - Processing file /home/erij/Erij_Mazouz_4DS8_churn_ml_project/venv/lib/python3.8/site-packages/airflow/example_dags/example_branch_operator_decorator.py for tasks to queue
[2025-03-06T23:44:42.929+0100] {logging_mixin.py:190} INFO - [2025-03-06T23:44:42.929+0100] {dagbag.py:588} INFO - Filling up the DagBag from /home/erij/Erij_Mazouz_4DS8_churn_ml_project/venv/lib/python3.8/site-packages/airflow/example_dags/example_branch_operator_decorator.py
[2025-03-06T23:44:42.948+0100] {processor.py:925} INFO - DAG(s) 'example_branch_python_operator_decorator' retrieved from /home/erij/Erij_Mazouz_4DS8_churn_ml_project/venv/lib/python3.8/site-packages/airflow/example_dags/example_branch_operator_decorator.py
[2025-03-06T23:44:42.968+0100] {logging_mixin.py:190} INFO - [2025-03-06T23:44:42.967+0100] {dag.py:3239} INFO - Sync 1 DAGs
[2025-03-06T23:44:42.986+0100] {logging_mixin.py:190} INFO - [2025-03-06T23:44:42.986+0100] {dag.py:4180} INFO - Setting next_dagrun for example_branch_python_operator_decorator to 2025-03-05 00:00:00+00:00, run_after=2025-03-06 00:00:00+00:00
[2025-03-06T23:44:43.019+0100] {processor.py:208} INFO - Processing /home/erij/Erij_Mazouz_4DS8_churn_ml_project/venv/lib/python3.8/site-packages/airflow/example_dags/example_branch_operator_decorator.py took 0.099 seconds
[2025-03-06T23:46:06.591+0100] {processor.py:186} INFO - Started process (PID=57266) to work on /home/erij/Erij_Mazouz_4DS8_churn_ml_project/venv/lib/python3.8/site-packages/airflow/example_dags/example_branch_operator_decorator.py
[2025-03-06T23:46:06.598+0100] {processor.py:914} INFO - Processing file /home/erij/Erij_Mazouz_4DS8_churn_ml_project/venv/lib/python3.8/site-packages/airflow/example_dags/example_branch_operator_decorator.py for tasks to queue
[2025-03-06T23:46:06.603+0100] {logging_mixin.py:190} INFO - [2025-03-06T23:46:06.603+0100] {dagbag.py:588} INFO - Filling up the DagBag from /home/erij/Erij_Mazouz_4DS8_churn_ml_project/venv/lib/python3.8/site-packages/airflow/example_dags/example_branch_operator_decorator.py
[2025-03-06T23:46:06.621+0100] {processor.py:925} INFO - DAG(s) 'example_branch_python_operator_decorator' retrieved from /home/erij/Erij_Mazouz_4DS8_churn_ml_project/venv/lib/python3.8/site-packages/airflow/example_dags/example_branch_operator_decorator.py
[2025-03-06T23:46:06.639+0100] {logging_mixin.py:190} INFO - [2025-03-06T23:46:06.639+0100] {dag.py:3239} INFO - Sync 1 DAGs
[2025-03-06T23:46:06.655+0100] {logging_mixin.py:190} INFO - [2025-03-06T23:46:06.655+0100] {dag.py:4180} INFO - Setting next_dagrun for example_branch_python_operator_decorator to 2025-03-05 00:00:00+00:00, run_after=2025-03-06 00:00:00+00:00
[2025-03-06T23:46:06.687+0100] {processor.py:208} INFO - Processing /home/erij/Erij_Mazouz_4DS8_churn_ml_project/venv/lib/python3.8/site-packages/airflow/example_dags/example_branch_operator_decorator.py took 0.101 seconds
[2025-03-06T23:47:02.683+0100] {processor.py:186} INFO - Started process (PID=57377) to work on /home/erij/Erij_Mazouz_4DS8_churn_ml_project/venv/lib/python3.8/site-packages/airflow/example_dags/example_branch_operator_decorator.py
[2025-03-06T23:47:02.685+0100] {processor.py:914} INFO - Processing file /home/erij/Erij_Mazouz_4DS8_churn_ml_project/venv/lib/python3.8/site-packages/airflow/example_dags/example_branch_operator_decorator.py for tasks to queue
[2025-03-06T23:47:02.687+0100] {logging_mixin.py:190} INFO - [2025-03-06T23:47:02.686+0100] {dagbag.py:588} INFO - Filling up the DagBag from /home/erij/Erij_Mazouz_4DS8_churn_ml_project/venv/lib/python3.8/site-packages/airflow/example_dags/example_branch_operator_decorator.py
[2025-03-06T23:47:02.706+0100] {processor.py:925} INFO - DAG(s) 'example_branch_python_operator_decorator' retrieved from /home/erij/Erij_Mazouz_4DS8_churn_ml_project/venv/lib/python3.8/site-packages/airflow/example_dags/example_branch_operator_decorator.py
[2025-03-06T23:47:02.724+0100] {logging_mixin.py:190} INFO - [2025-03-06T23:47:02.724+0100] {dag.py:3239} INFO - Sync 1 DAGs
[2025-03-06T23:47:02.742+0100] {logging_mixin.py:190} INFO - [2025-03-06T23:47:02.742+0100] {dag.py:4180} INFO - Setting next_dagrun for example_branch_python_operator_decorator to 2025-03-05 00:00:00+00:00, run_after=2025-03-06 00:00:00+00:00
[2025-03-06T23:47:02.759+0100] {processor.py:208} INFO - Processing /home/erij/Erij_Mazouz_4DS8_churn_ml_project/venv/lib/python3.8/site-packages/airflow/example_dags/example_branch_operator_decorator.py took 0.081 seconds
[2025-03-06T23:48:00.405+0100] {processor.py:186} INFO - Started process (PID=57494) to work on /home/erij/Erij_Mazouz_4DS8_churn_ml_project/venv/lib/python3.8/site-packages/airflow/example_dags/example_branch_operator_decorator.py
[2025-03-06T23:48:00.407+0100] {processor.py:914} INFO - Processing file /home/erij/Erij_Mazouz_4DS8_churn_ml_project/venv/lib/python3.8/site-packages/airflow/example_dags/example_branch_operator_decorator.py for tasks to queue
[2025-03-06T23:48:00.408+0100] {logging_mixin.py:190} INFO - [2025-03-06T23:48:00.408+0100] {dagbag.py:588} INFO - Filling up the DagBag from /home/erij/Erij_Mazouz_4DS8_churn_ml_project/venv/lib/python3.8/site-packages/airflow/example_dags/example_branch_operator_decorator.py
[2025-03-06T23:48:00.427+0100] {processor.py:925} INFO - DAG(s) 'example_branch_python_operator_decorator' retrieved from /home/erij/Erij_Mazouz_4DS8_churn_ml_project/venv/lib/python3.8/site-packages/airflow/example_dags/example_branch_operator_decorator.py
[2025-03-06T23:48:00.445+0100] {logging_mixin.py:190} INFO - [2025-03-06T23:48:00.444+0100] {dag.py:3239} INFO - Sync 1 DAGs
[2025-03-06T23:48:00.461+0100] {logging_mixin.py:190} INFO - [2025-03-06T23:48:00.460+0100] {dag.py:4180} INFO - Setting next_dagrun for example_branch_python_operator_decorator to 2025-03-05 00:00:00+00:00, run_after=2025-03-06 00:00:00+00:00
[2025-03-06T23:48:00.478+0100] {processor.py:208} INFO - Processing /home/erij/Erij_Mazouz_4DS8_churn_ml_project/venv/lib/python3.8/site-packages/airflow/example_dags/example_branch_operator_decorator.py took 0.078 seconds
[2025-03-06T23:48:58.101+0100] {processor.py:186} INFO - Started process (PID=57612) to work on /home/erij/Erij_Mazouz_4DS8_churn_ml_project/venv/lib/python3.8/site-packages/airflow/example_dags/example_branch_operator_decorator.py
[2025-03-06T23:48:58.104+0100] {processor.py:914} INFO - Processing file /home/erij/Erij_Mazouz_4DS8_churn_ml_project/venv/lib/python3.8/site-packages/airflow/example_dags/example_branch_operator_decorator.py for tasks to queue
[2025-03-06T23:48:58.106+0100] {logging_mixin.py:190} INFO - [2025-03-06T23:48:58.105+0100] {dagbag.py:588} INFO - Filling up the DagBag from /home/erij/Erij_Mazouz_4DS8_churn_ml_project/venv/lib/python3.8/site-packages/airflow/example_dags/example_branch_operator_decorator.py
[2025-03-06T23:48:58.125+0100] {processor.py:925} INFO - DAG(s) 'example_branch_python_operator_decorator' retrieved from /home/erij/Erij_Mazouz_4DS8_churn_ml_project/venv/lib/python3.8/site-packages/airflow/example_dags/example_branch_operator_decorator.py
[2025-03-06T23:48:58.143+0100] {logging_mixin.py:190} INFO - [2025-03-06T23:48:58.143+0100] {dag.py:3239} INFO - Sync 1 DAGs
[2025-03-06T23:48:58.162+0100] {logging_mixin.py:190} INFO - [2025-03-06T23:48:58.162+0100] {dag.py:4180} INFO - Setting next_dagrun for example_branch_python_operator_decorator to 2025-03-05 00:00:00+00:00, run_after=2025-03-06 00:00:00+00:00
[2025-03-06T23:48:58.181+0100] {processor.py:208} INFO - Processing /home/erij/Erij_Mazouz_4DS8_churn_ml_project/venv/lib/python3.8/site-packages/airflow/example_dags/example_branch_operator_decorator.py took 0.084 seconds
[2025-03-06T23:50:19.129+0100] {processor.py:186} INFO - Started process (PID=57770) to work on /home/erij/Erij_Mazouz_4DS8_churn_ml_project/venv/lib/python3.8/site-packages/airflow/example_dags/example_branch_operator_decorator.py
[2025-03-06T23:50:19.131+0100] {processor.py:914} INFO - Processing file /home/erij/Erij_Mazouz_4DS8_churn_ml_project/venv/lib/python3.8/site-packages/airflow/example_dags/example_branch_operator_decorator.py for tasks to queue
[2025-03-06T23:50:19.133+0100] {logging_mixin.py:190} INFO - [2025-03-06T23:50:19.133+0100] {dagbag.py:588} INFO - Filling up the DagBag from /home/erij/Erij_Mazouz_4DS8_churn_ml_project/venv/lib/python3.8/site-packages/airflow/example_dags/example_branch_operator_decorator.py
[2025-03-06T23:50:19.154+0100] {processor.py:925} INFO - DAG(s) 'example_branch_python_operator_decorator' retrieved from /home/erij/Erij_Mazouz_4DS8_churn_ml_project/venv/lib/python3.8/site-packages/airflow/example_dags/example_branch_operator_decorator.py
[2025-03-06T23:50:19.174+0100] {logging_mixin.py:190} INFO - [2025-03-06T23:50:19.173+0100] {dag.py:3239} INFO - Sync 1 DAGs
[2025-03-06T23:50:19.193+0100] {logging_mixin.py:190} INFO - [2025-03-06T23:50:19.193+0100] {dag.py:4180} INFO - Setting next_dagrun for example_branch_python_operator_decorator to 2025-03-05 00:00:00+00:00, run_after=2025-03-06 00:00:00+00:00
[2025-03-06T23:50:19.216+0100] {processor.py:208} INFO - Processing /home/erij/Erij_Mazouz_4DS8_churn_ml_project/venv/lib/python3.8/site-packages/airflow/example_dags/example_branch_operator_decorator.py took 0.093 seconds
[2025-03-06T23:51:16.032+0100] {processor.py:186} INFO - Started process (PID=57886) to work on /home/erij/Erij_Mazouz_4DS8_churn_ml_project/venv/lib/python3.8/site-packages/airflow/example_dags/example_branch_operator_decorator.py
[2025-03-06T23:51:16.034+0100] {processor.py:914} INFO - Processing file /home/erij/Erij_Mazouz_4DS8_churn_ml_project/venv/lib/python3.8/site-packages/airflow/example_dags/example_branch_operator_decorator.py for tasks to queue
[2025-03-06T23:51:16.036+0100] {logging_mixin.py:190} INFO - [2025-03-06T23:51:16.036+0100] {dagbag.py:588} INFO - Filling up the DagBag from /home/erij/Erij_Mazouz_4DS8_churn_ml_project/venv/lib/python3.8/site-packages/airflow/example_dags/example_branch_operator_decorator.py
[2025-03-06T23:51:16.055+0100] {processor.py:925} INFO - DAG(s) 'example_branch_python_operator_decorator' retrieved from /home/erij/Erij_Mazouz_4DS8_churn_ml_project/venv/lib/python3.8/site-packages/airflow/example_dags/example_branch_operator_decorator.py
[2025-03-06T23:51:16.074+0100] {logging_mixin.py:190} INFO - [2025-03-06T23:51:16.074+0100] {dag.py:3239} INFO - Sync 1 DAGs
[2025-03-06T23:51:16.091+0100] {logging_mixin.py:190} INFO - [2025-03-06T23:51:16.091+0100] {dag.py:4180} INFO - Setting next_dagrun for example_branch_python_operator_decorator to 2025-03-05 00:00:00+00:00, run_after=2025-03-06 00:00:00+00:00
[2025-03-06T23:51:16.110+0100] {processor.py:208} INFO - Processing /home/erij/Erij_Mazouz_4DS8_churn_ml_project/venv/lib/python3.8/site-packages/airflow/example_dags/example_branch_operator_decorator.py took 0.083 seconds
[2025-03-06T23:52:39.047+0100] {processor.py:186} INFO - Started process (PID=58062) to work on /home/erij/Erij_Mazouz_4DS8_churn_ml_project/venv/lib/python3.8/site-packages/airflow/example_dags/example_branch_operator_decorator.py
[2025-03-06T23:52:39.048+0100] {processor.py:914} INFO - Processing file /home/erij/Erij_Mazouz_4DS8_churn_ml_project/venv/lib/python3.8/site-packages/airflow/example_dags/example_branch_operator_decorator.py for tasks to queue
[2025-03-06T23:52:39.051+0100] {logging_mixin.py:190} INFO - [2025-03-06T23:52:39.051+0100] {dagbag.py:588} INFO - Filling up the DagBag from /home/erij/Erij_Mazouz_4DS8_churn_ml_project/venv/lib/python3.8/site-packages/airflow/example_dags/example_branch_operator_decorator.py
[2025-03-06T23:52:39.070+0100] {processor.py:925} INFO - DAG(s) 'example_branch_python_operator_decorator' retrieved from /home/erij/Erij_Mazouz_4DS8_churn_ml_project/venv/lib/python3.8/site-packages/airflow/example_dags/example_branch_operator_decorator.py
[2025-03-06T23:52:39.088+0100] {logging_mixin.py:190} INFO - [2025-03-06T23:52:39.088+0100] {dag.py:3239} INFO - Sync 1 DAGs
[2025-03-06T23:52:39.105+0100] {logging_mixin.py:190} INFO - [2025-03-06T23:52:39.105+0100] {dag.py:4180} INFO - Setting next_dagrun for example_branch_python_operator_decorator to 2025-03-05 00:00:00+00:00, run_after=2025-03-06 00:00:00+00:00
[2025-03-06T23:52:39.124+0100] {processor.py:208} INFO - Processing /home/erij/Erij_Mazouz_4DS8_churn_ml_project/venv/lib/python3.8/site-packages/airflow/example_dags/example_branch_operator_decorator.py took 0.082 seconds
[2025-03-06T23:53:35.608+0100] {processor.py:186} INFO - Started process (PID=58181) to work on /home/erij/Erij_Mazouz_4DS8_churn_ml_project/venv/lib/python3.8/site-packages/airflow/example_dags/example_branch_operator_decorator.py
[2025-03-06T23:53:35.610+0100] {processor.py:914} INFO - Processing file /home/erij/Erij_Mazouz_4DS8_churn_ml_project/venv/lib/python3.8/site-packages/airflow/example_dags/example_branch_operator_decorator.py for tasks to queue
[2025-03-06T23:53:35.612+0100] {logging_mixin.py:190} INFO - [2025-03-06T23:53:35.612+0100] {dagbag.py:588} INFO - Filling up the DagBag from /home/erij/Erij_Mazouz_4DS8_churn_ml_project/venv/lib/python3.8/site-packages/airflow/example_dags/example_branch_operator_decorator.py
[2025-03-06T23:53:35.630+0100] {processor.py:925} INFO - DAG(s) 'example_branch_python_operator_decorator' retrieved from /home/erij/Erij_Mazouz_4DS8_churn_ml_project/venv/lib/python3.8/site-packages/airflow/example_dags/example_branch_operator_decorator.py
[2025-03-06T23:53:35.647+0100] {logging_mixin.py:190} INFO - [2025-03-06T23:53:35.647+0100] {dag.py:3239} INFO - Sync 1 DAGs
[2025-03-06T23:53:35.664+0100] {logging_mixin.py:190} INFO - [2025-03-06T23:53:35.664+0100] {dag.py:4180} INFO - Setting next_dagrun for example_branch_python_operator_decorator to 2025-03-05 00:00:00+00:00, run_after=2025-03-06 00:00:00+00:00
[2025-03-06T23:53:35.681+0100] {processor.py:208} INFO - Processing /home/erij/Erij_Mazouz_4DS8_churn_ml_project/venv/lib/python3.8/site-packages/airflow/example_dags/example_branch_operator_decorator.py took 0.078 seconds
[2025-03-06T23:54:32.305+0100] {processor.py:186} INFO - Started process (PID=58555) to work on /home/erij/Erij_Mazouz_4DS8_churn_ml_project/venv/lib/python3.8/site-packages/airflow/example_dags/example_branch_operator_decorator.py
[2025-03-06T23:54:32.308+0100] {processor.py:914} INFO - Processing file /home/erij/Erij_Mazouz_4DS8_churn_ml_project/venv/lib/python3.8/site-packages/airflow/example_dags/example_branch_operator_decorator.py for tasks to queue
[2025-03-06T23:54:32.310+0100] {logging_mixin.py:190} INFO - [2025-03-06T23:54:32.309+0100] {dagbag.py:588} INFO - Filling up the DagBag from /home/erij/Erij_Mazouz_4DS8_churn_ml_project/venv/lib/python3.8/site-packages/airflow/example_dags/example_branch_operator_decorator.py
[2025-03-06T23:54:32.330+0100] {processor.py:925} INFO - DAG(s) 'example_branch_python_operator_decorator' retrieved from /home/erij/Erij_Mazouz_4DS8_churn_ml_project/venv/lib/python3.8/site-packages/airflow/example_dags/example_branch_operator_decorator.py
[2025-03-06T23:54:32.347+0100] {logging_mixin.py:190} INFO - [2025-03-06T23:54:32.347+0100] {dag.py:3239} INFO - Sync 1 DAGs
[2025-03-06T23:54:32.366+0100] {logging_mixin.py:190} INFO - [2025-03-06T23:54:32.366+0100] {dag.py:4180} INFO - Setting next_dagrun for example_branch_python_operator_decorator to 2025-03-05 00:00:00+00:00, run_after=2025-03-06 00:00:00+00:00
[2025-03-06T23:54:32.385+0100] {processor.py:208} INFO - Processing /home/erij/Erij_Mazouz_4DS8_churn_ml_project/venv/lib/python3.8/site-packages/airflow/example_dags/example_branch_operator_decorator.py took 0.084 seconds
[2025-03-06T23:55:31.402+0100] {processor.py:186} INFO - Started process (PID=59082) to work on /home/erij/Erij_Mazouz_4DS8_churn_ml_project/venv/lib/python3.8/site-packages/airflow/example_dags/example_branch_operator_decorator.py
[2025-03-06T23:55:31.404+0100] {processor.py:914} INFO - Processing file /home/erij/Erij_Mazouz_4DS8_churn_ml_project/venv/lib/python3.8/site-packages/airflow/example_dags/example_branch_operator_decorator.py for tasks to queue
[2025-03-06T23:55:31.407+0100] {logging_mixin.py:190} INFO - [2025-03-06T23:55:31.407+0100] {dagbag.py:588} INFO - Filling up the DagBag from /home/erij/Erij_Mazouz_4DS8_churn_ml_project/venv/lib/python3.8/site-packages/airflow/example_dags/example_branch_operator_decorator.py
[2025-03-06T23:55:31.428+0100] {processor.py:925} INFO - DAG(s) 'example_branch_python_operator_decorator' retrieved from /home/erij/Erij_Mazouz_4DS8_churn_ml_project/venv/lib/python3.8/site-packages/airflow/example_dags/example_branch_operator_decorator.py
[2025-03-06T23:55:31.452+0100] {logging_mixin.py:190} INFO - [2025-03-06T23:55:31.451+0100] {dag.py:3239} INFO - Sync 1 DAGs
[2025-03-06T23:55:31.473+0100] {logging_mixin.py:190} INFO - [2025-03-06T23:55:31.473+0100] {dag.py:4180} INFO - Setting next_dagrun for example_branch_python_operator_decorator to 2025-03-05 00:00:00+00:00, run_after=2025-03-06 00:00:00+00:00
[2025-03-06T23:55:31.496+0100] {processor.py:208} INFO - Processing /home/erij/Erij_Mazouz_4DS8_churn_ml_project/venv/lib/python3.8/site-packages/airflow/example_dags/example_branch_operator_decorator.py took 0.103 seconds
[2025-03-06T23:56:31.197+0100] {processor.py:186} INFO - Started process (PID=59250) to work on /home/erij/Erij_Mazouz_4DS8_churn_ml_project/venv/lib/python3.8/site-packages/airflow/example_dags/example_branch_operator_decorator.py
[2025-03-06T23:56:31.199+0100] {processor.py:914} INFO - Processing file /home/erij/Erij_Mazouz_4DS8_churn_ml_project/venv/lib/python3.8/site-packages/airflow/example_dags/example_branch_operator_decorator.py for tasks to queue
[2025-03-06T23:56:31.201+0100] {logging_mixin.py:190} INFO - [2025-03-06T23:56:31.201+0100] {dagbag.py:588} INFO - Filling up the DagBag from /home/erij/Erij_Mazouz_4DS8_churn_ml_project/venv/lib/python3.8/site-packages/airflow/example_dags/example_branch_operator_decorator.py
[2025-03-06T23:56:31.223+0100] {processor.py:925} INFO - DAG(s) 'example_branch_python_operator_decorator' retrieved from /home/erij/Erij_Mazouz_4DS8_churn_ml_project/venv/lib/python3.8/site-packages/airflow/example_dags/example_branch_operator_decorator.py
[2025-03-06T23:56:31.244+0100] {logging_mixin.py:190} INFO - [2025-03-06T23:56:31.244+0100] {dag.py:3239} INFO - Sync 1 DAGs
[2025-03-06T23:56:31.266+0100] {logging_mixin.py:190} INFO - [2025-03-06T23:56:31.266+0100] {dag.py:4180} INFO - Setting next_dagrun for example_branch_python_operator_decorator to 2025-03-05 00:00:00+00:00, run_after=2025-03-06 00:00:00+00:00
[2025-03-06T23:56:31.285+0100] {processor.py:208} INFO - Processing /home/erij/Erij_Mazouz_4DS8_churn_ml_project/venv/lib/python3.8/site-packages/airflow/example_dags/example_branch_operator_decorator.py took 0.095 seconds
[2025-03-06T23:57:52.449+0100] {processor.py:186} INFO - Started process (PID=59432) to work on /home/erij/Erij_Mazouz_4DS8_churn_ml_project/venv/lib/python3.8/site-packages/airflow/example_dags/example_branch_operator_decorator.py
[2025-03-06T23:57:52.451+0100] {processor.py:914} INFO - Processing file /home/erij/Erij_Mazouz_4DS8_churn_ml_project/venv/lib/python3.8/site-packages/airflow/example_dags/example_branch_operator_decorator.py for tasks to queue
[2025-03-06T23:57:52.453+0100] {logging_mixin.py:190} INFO - [2025-03-06T23:57:52.452+0100] {dagbag.py:588} INFO - Filling up the DagBag from /home/erij/Erij_Mazouz_4DS8_churn_ml_project/venv/lib/python3.8/site-packages/airflow/example_dags/example_branch_operator_decorator.py
[2025-03-06T23:57:52.474+0100] {processor.py:925} INFO - DAG(s) 'example_branch_python_operator_decorator' retrieved from /home/erij/Erij_Mazouz_4DS8_churn_ml_project/venv/lib/python3.8/site-packages/airflow/example_dags/example_branch_operator_decorator.py
[2025-03-06T23:57:52.497+0100] {logging_mixin.py:190} INFO - [2025-03-06T23:57:52.497+0100] {dag.py:3239} INFO - Sync 1 DAGs
[2025-03-06T23:57:52.519+0100] {logging_mixin.py:190} INFO - [2025-03-06T23:57:52.519+0100] {dag.py:4180} INFO - Setting next_dagrun for example_branch_python_operator_decorator to 2025-03-05 00:00:00+00:00, run_after=2025-03-06 00:00:00+00:00
[2025-03-06T23:57:52.540+0100] {processor.py:208} INFO - Processing /home/erij/Erij_Mazouz_4DS8_churn_ml_project/venv/lib/python3.8/site-packages/airflow/example_dags/example_branch_operator_decorator.py took 0.098 seconds
[2025-03-06T23:59:09.221+0100] {processor.py:186} INFO - Started process (PID=59660) to work on /home/erij/Erij_Mazouz_4DS8_churn_ml_project/venv/lib/python3.8/site-packages/airflow/example_dags/example_branch_operator_decorator.py
[2025-03-06T23:59:09.223+0100] {processor.py:914} INFO - Processing file /home/erij/Erij_Mazouz_4DS8_churn_ml_project/venv/lib/python3.8/site-packages/airflow/example_dags/example_branch_operator_decorator.py for tasks to queue
[2025-03-06T23:59:09.225+0100] {logging_mixin.py:190} INFO - [2025-03-06T23:59:09.225+0100] {dagbag.py:588} INFO - Filling up the DagBag from /home/erij/Erij_Mazouz_4DS8_churn_ml_project/venv/lib/python3.8/site-packages/airflow/example_dags/example_branch_operator_decorator.py
[2025-03-06T23:59:09.243+0100] {processor.py:925} INFO - DAG(s) 'example_branch_python_operator_decorator' retrieved from /home/erij/Erij_Mazouz_4DS8_churn_ml_project/venv/lib/python3.8/site-packages/airflow/example_dags/example_branch_operator_decorator.py
[2025-03-06T23:59:09.261+0100] {logging_mixin.py:190} INFO - [2025-03-06T23:59:09.261+0100] {dag.py:3239} INFO - Sync 1 DAGs
[2025-03-06T23:59:09.279+0100] {logging_mixin.py:190} INFO - [2025-03-06T23:59:09.279+0100] {dag.py:4180} INFO - Setting next_dagrun for example_branch_python_operator_decorator to 2025-03-05 00:00:00+00:00, run_after=2025-03-06 00:00:00+00:00
[2025-03-06T23:59:09.296+0100] {processor.py:208} INFO - Processing /home/erij/Erij_Mazouz_4DS8_churn_ml_project/venv/lib/python3.8/site-packages/airflow/example_dags/example_branch_operator_decorator.py took 0.081 seconds
[2025-03-07T00:00:27.558+0100] {processor.py:186} INFO - Started process (PID=59914) to work on /home/erij/Erij_Mazouz_4DS8_churn_ml_project/venv/lib/python3.8/site-packages/airflow/example_dags/example_branch_operator_decorator.py
[2025-03-07T00:00:27.560+0100] {processor.py:914} INFO - Processing file /home/erij/Erij_Mazouz_4DS8_churn_ml_project/venv/lib/python3.8/site-packages/airflow/example_dags/example_branch_operator_decorator.py for tasks to queue
[2025-03-07T00:00:27.562+0100] {logging_mixin.py:190} INFO - [2025-03-07T00:00:27.561+0100] {dagbag.py:588} INFO - Filling up the DagBag from /home/erij/Erij_Mazouz_4DS8_churn_ml_project/venv/lib/python3.8/site-packages/airflow/example_dags/example_branch_operator_decorator.py
[2025-03-07T00:00:27.581+0100] {processor.py:925} INFO - DAG(s) 'example_branch_python_operator_decorator' retrieved from /home/erij/Erij_Mazouz_4DS8_churn_ml_project/venv/lib/python3.8/site-packages/airflow/example_dags/example_branch_operator_decorator.py
[2025-03-07T00:00:27.601+0100] {logging_mixin.py:190} INFO - [2025-03-07T00:00:27.600+0100] {dag.py:3239} INFO - Sync 1 DAGs
[2025-03-07T00:00:27.621+0100] {logging_mixin.py:190} INFO - [2025-03-07T00:00:27.621+0100] {dag.py:4180} INFO - Setting next_dagrun for example_branch_python_operator_decorator to 2025-03-05 00:00:00+00:00, run_after=2025-03-06 00:00:00+00:00
[2025-03-07T00:00:27.639+0100] {processor.py:208} INFO - Processing /home/erij/Erij_Mazouz_4DS8_churn_ml_project/venv/lib/python3.8/site-packages/airflow/example_dags/example_branch_operator_decorator.py took 0.088 seconds
[2025-03-07T00:01:48.253+0100] {processor.py:186} INFO - Started process (PID=60160) to work on /home/erij/Erij_Mazouz_4DS8_churn_ml_project/venv/lib/python3.8/site-packages/airflow/example_dags/example_branch_operator_decorator.py
[2025-03-07T00:01:48.254+0100] {processor.py:914} INFO - Processing file /home/erij/Erij_Mazouz_4DS8_churn_ml_project/venv/lib/python3.8/site-packages/airflow/example_dags/example_branch_operator_decorator.py for tasks to queue
[2025-03-07T00:01:48.257+0100] {logging_mixin.py:190} INFO - [2025-03-07T00:01:48.256+0100] {dagbag.py:588} INFO - Filling up the DagBag from /home/erij/Erij_Mazouz_4DS8_churn_ml_project/venv/lib/python3.8/site-packages/airflow/example_dags/example_branch_operator_decorator.py
[2025-03-07T00:01:48.286+0100] {processor.py:925} INFO - DAG(s) 'example_branch_python_operator_decorator' retrieved from /home/erij/Erij_Mazouz_4DS8_churn_ml_project/venv/lib/python3.8/site-packages/airflow/example_dags/example_branch_operator_decorator.py
[2025-03-07T00:01:48.311+0100] {logging_mixin.py:190} INFO - [2025-03-07T00:01:48.310+0100] {dag.py:3239} INFO - Sync 1 DAGs
[2025-03-07T00:01:48.337+0100] {logging_mixin.py:190} INFO - [2025-03-07T00:01:48.337+0100] {dag.py:4180} INFO - Setting next_dagrun for example_branch_python_operator_decorator to 2025-03-05 00:00:00+00:00, run_after=2025-03-06 00:00:00+00:00
[2025-03-07T00:01:48.363+0100] {processor.py:208} INFO - Processing /home/erij/Erij_Mazouz_4DS8_churn_ml_project/venv/lib/python3.8/site-packages/airflow/example_dags/example_branch_operator_decorator.py took 0.121 seconds
[2025-03-07T00:02:44.574+0100] {processor.py:186} INFO - Started process (PID=60377) to work on /home/erij/Erij_Mazouz_4DS8_churn_ml_project/venv/lib/python3.8/site-packages/airflow/example_dags/example_branch_operator_decorator.py
[2025-03-07T00:02:44.576+0100] {processor.py:914} INFO - Processing file /home/erij/Erij_Mazouz_4DS8_churn_ml_project/venv/lib/python3.8/site-packages/airflow/example_dags/example_branch_operator_decorator.py for tasks to queue
[2025-03-07T00:02:44.578+0100] {logging_mixin.py:190} INFO - [2025-03-07T00:02:44.578+0100] {dagbag.py:588} INFO - Filling up the DagBag from /home/erij/Erij_Mazouz_4DS8_churn_ml_project/venv/lib/python3.8/site-packages/airflow/example_dags/example_branch_operator_decorator.py
[2025-03-07T00:02:44.596+0100] {processor.py:925} INFO - DAG(s) 'example_branch_python_operator_decorator' retrieved from /home/erij/Erij_Mazouz_4DS8_churn_ml_project/venv/lib/python3.8/site-packages/airflow/example_dags/example_branch_operator_decorator.py
[2025-03-07T00:02:44.613+0100] {logging_mixin.py:190} INFO - [2025-03-07T00:02:44.613+0100] {dag.py:3239} INFO - Sync 1 DAGs
[2025-03-07T00:02:44.630+0100] {logging_mixin.py:190} INFO - [2025-03-07T00:02:44.629+0100] {dag.py:4180} INFO - Setting next_dagrun for example_branch_python_operator_decorator to 2025-03-05 00:00:00+00:00, run_after=2025-03-06 00:00:00+00:00
[2025-03-07T00:02:44.649+0100] {processor.py:208} INFO - Processing /home/erij/Erij_Mazouz_4DS8_churn_ml_project/venv/lib/python3.8/site-packages/airflow/example_dags/example_branch_operator_decorator.py took 0.080 seconds
