[2025-03-06T23:40:02.409+0100] {processor.py:186} INFO - Started process (PID=56284) to work on /home/erij/Erij_Mazouz_4DS8_churn_ml_project/venv/lib/python3.8/site-packages/airflow/example_dags/example_branch_day_of_week_operator.py
[2025-03-06T23:40:02.410+0100] {processor.py:914} INFO - Processing file /home/erij/Erij_Mazouz_4DS8_churn_ml_project/venv/lib/python3.8/site-packages/airflow/example_dags/example_branch_day_of_week_operator.py for tasks to queue
[2025-03-06T23:40:02.412+0100] {logging_mixin.py:190} INFO - [2025-03-06T23:40:02.412+0100] {dagbag.py:588} INFO - Filling up the DagBag from /home/erij/Erij_Mazouz_4DS8_churn_ml_project/venv/lib/python3.8/site-packages/airflow/example_dags/example_branch_day_of_week_operator.py
[2025-03-06T23:40:02.421+0100] {processor.py:925} INFO - DAG(s) 'example_weekday_branch_operator' retrieved from /home/erij/Erij_Mazouz_4DS8_churn_ml_project/venv/lib/python3.8/site-packages/airflow/example_dags/example_branch_day_of_week_operator.py
[2025-03-06T23:40:02.435+0100] {logging_mixin.py:190} INFO - [2025-03-06T23:40:02.435+0100] {dag.py:3239} INFO - Sync 1 DAGs
[2025-03-06T23:40:02.454+0100] {logging_mixin.py:190} INFO - [2025-03-06T23:40:02.454+0100] {dag.py:4180} INFO - Setting next_dagrun for example_weekday_branch_operator to 2025-03-05 00:00:00+00:00, run_after=2025-03-06 00:00:00+00:00
[2025-03-06T23:40:02.475+0100] {processor.py:208} INFO - Processing /home/erij/Erij_Mazouz_4DS8_churn_ml_project/venv/lib/python3.8/site-packages/airflow/example_dags/example_branch_day_of_week_operator.py took 0.072 seconds
[2025-03-06T23:41:25.367+0100] {processor.py:186} INFO - Started process (PID=56604) to work on /home/erij/Erij_Mazouz_4DS8_churn_ml_project/venv/lib/python3.8/site-packages/airflow/example_dags/example_branch_day_of_week_operator.py
[2025-03-06T23:41:25.369+0100] {processor.py:914} INFO - Processing file /home/erij/Erij_Mazouz_4DS8_churn_ml_project/venv/lib/python3.8/site-packages/airflow/example_dags/example_branch_day_of_week_operator.py for tasks to queue
[2025-03-06T23:41:25.372+0100] {logging_mixin.py:190} INFO - [2025-03-06T23:41:25.371+0100] {dagbag.py:588} INFO - Filling up the DagBag from /home/erij/Erij_Mazouz_4DS8_churn_ml_project/venv/lib/python3.8/site-packages/airflow/example_dags/example_branch_day_of_week_operator.py
[2025-03-06T23:41:25.380+0100] {processor.py:925} INFO - DAG(s) 'example_weekday_branch_operator' retrieved from /home/erij/Erij_Mazouz_4DS8_churn_ml_project/venv/lib/python3.8/site-packages/airflow/example_dags/example_branch_day_of_week_operator.py
[2025-03-06T23:41:25.392+0100] {logging_mixin.py:190} INFO - [2025-03-06T23:41:25.392+0100] {dag.py:3239} INFO - Sync 1 DAGs
[2025-03-06T23:41:25.409+0100] {logging_mixin.py:190} INFO - [2025-03-06T23:41:25.409+0100] {dag.py:4180} INFO - Setting next_dagrun for example_weekday_branch_operator to 2025-03-05 00:00:00+00:00, run_after=2025-03-06 00:00:00+00:00
[2025-03-06T23:41:25.429+0100] {processor.py:208} INFO - Processing /home/erij/Erij_Mazouz_4DS8_churn_ml_project/venv/lib/python3.8/site-packages/airflow/example_dags/example_branch_day_of_week_operator.py took 0.067 seconds
[2025-03-06T23:42:21.762+0100] {processor.py:186} INFO - Started process (PID=56738) to work on /home/erij/Erij_Mazouz_4DS8_churn_ml_project/venv/lib/python3.8/site-packages/airflow/example_dags/example_branch_day_of_week_operator.py
[2025-03-06T23:42:21.765+0100] {processor.py:914} INFO - Processing file /home/erij/Erij_Mazouz_4DS8_churn_ml_project/venv/lib/python3.8/site-packages/airflow/example_dags/example_branch_day_of_week_operator.py for tasks to queue
[2025-03-06T23:42:21.767+0100] {logging_mixin.py:190} INFO - [2025-03-06T23:42:21.767+0100] {dagbag.py:588} INFO - Filling up the DagBag from /home/erij/Erij_Mazouz_4DS8_churn_ml_project/venv/lib/python3.8/site-packages/airflow/example_dags/example_branch_day_of_week_operator.py
[2025-03-06T23:42:21.776+0100] {processor.py:925} INFO - DAG(s) 'example_weekday_branch_operator' retrieved from /home/erij/Erij_Mazouz_4DS8_churn_ml_project/venv/lib/python3.8/site-packages/airflow/example_dags/example_branch_day_of_week_operator.py
[2025-03-06T23:42:21.787+0100] {logging_mixin.py:190} INFO - [2025-03-06T23:42:21.787+0100] {dag.py:3239} INFO - Sync 1 DAGs
[2025-03-06T23:42:21.803+0100] {logging_mixin.py:190} INFO - [2025-03-06T23:42:21.803+0100] {dag.py:4180} INFO - Setting next_dagrun for example_weekday_branch_operator to 2025-03-05 00:00:00+00:00, run_after=2025-03-06 00:00:00+00:00
[2025-03-06T23:42:21.820+0100] {processor.py:208} INFO - Processing /home/erij/Erij_Mazouz_4DS8_churn_ml_project/venv/lib/python3.8/site-packages/airflow/example_dags/example_branch_day_of_week_operator.py took 0.062 seconds
[2025-03-06T23:43:18.972+0100] {processor.py:186} INFO - Started process (PID=56867) to work on /home/erij/Erij_Mazouz_4DS8_churn_ml_project/venv/lib/python3.8/site-packages/airflow/example_dags/example_branch_day_of_week_operator.py
[2025-03-06T23:43:18.973+0100] {processor.py:914} INFO - Processing file /home/erij/Erij_Mazouz_4DS8_churn_ml_project/venv/lib/python3.8/site-packages/airflow/example_dags/example_branch_day_of_week_operator.py for tasks to queue
[2025-03-06T23:43:18.975+0100] {logging_mixin.py:190} INFO - [2025-03-06T23:43:18.975+0100] {dagbag.py:588} INFO - Filling up the DagBag from /home/erij/Erij_Mazouz_4DS8_churn_ml_project/venv/lib/python3.8/site-packages/airflow/example_dags/example_branch_day_of_week_operator.py
[2025-03-06T23:43:18.982+0100] {processor.py:925} INFO - DAG(s) 'example_weekday_branch_operator' retrieved from /home/erij/Erij_Mazouz_4DS8_churn_ml_project/venv/lib/python3.8/site-packages/airflow/example_dags/example_branch_day_of_week_operator.py
[2025-03-06T23:43:18.993+0100] {logging_mixin.py:190} INFO - [2025-03-06T23:43:18.993+0100] {dag.py:3239} INFO - Sync 1 DAGs
[2025-03-06T23:43:19.009+0100] {logging_mixin.py:190} INFO - [2025-03-06T23:43:19.009+0100] {dag.py:4180} INFO - Setting next_dagrun for example_weekday_branch_operator to 2025-03-05 00:00:00+00:00, run_after=2025-03-06 00:00:00+00:00
[2025-03-06T23:43:19.025+0100] {processor.py:208} INFO - Processing /home/erij/Erij_Mazouz_4DS8_churn_ml_project/venv/lib/python3.8/site-packages/airflow/example_dags/example_branch_day_of_week_operator.py took 0.058 seconds
[2025-03-06T23:44:11.383+0100] {processor.py:186} INFO - Started process (PID=56980) to work on /home/erij/Erij_Mazouz_4DS8_churn_ml_project/venv/lib/python3.8/site-packages/airflow/example_dags/example_branch_day_of_week_operator.py
[2025-03-06T23:44:11.385+0100] {processor.py:914} INFO - Processing file /home/erij/Erij_Mazouz_4DS8_churn_ml_project/venv/lib/python3.8/site-packages/airflow/example_dags/example_branch_day_of_week_operator.py for tasks to queue
[2025-03-06T23:44:11.387+0100] {logging_mixin.py:190} INFO - [2025-03-06T23:44:11.386+0100] {dagbag.py:588} INFO - Filling up the DagBag from /home/erij/Erij_Mazouz_4DS8_churn_ml_project/venv/lib/python3.8/site-packages/airflow/example_dags/example_branch_day_of_week_operator.py
[2025-03-06T23:44:11.396+0100] {processor.py:925} INFO - DAG(s) 'example_weekday_branch_operator' retrieved from /home/erij/Erij_Mazouz_4DS8_churn_ml_project/venv/lib/python3.8/site-packages/airflow/example_dags/example_branch_day_of_week_operator.py
[2025-03-06T23:44:11.407+0100] {logging_mixin.py:190} INFO - [2025-03-06T23:44:11.407+0100] {dag.py:3239} INFO - Sync 1 DAGs
[2025-03-06T23:44:11.423+0100] {logging_mixin.py:190} INFO - [2025-03-06T23:44:11.423+0100] {dag.py:4180} INFO - Setting next_dagrun for example_weekday_branch_operator to 2025-03-05 00:00:00+00:00, run_after=2025-03-06 00:00:00+00:00
[2025-03-06T23:44:11.440+0100] {processor.py:208} INFO - Processing /home/erij/Erij_Mazouz_4DS8_churn_ml_project/venv/lib/python3.8/site-packages/airflow/example_dags/example_branch_day_of_week_operator.py took 0.061 seconds
[2025-03-06T23:45:07.400+0100] {processor.py:186} INFO - Started process (PID=57143) to work on /home/erij/Erij_Mazouz_4DS8_churn_ml_project/venv/lib/python3.8/site-packages/airflow/example_dags/example_branch_day_of_week_operator.py
[2025-03-06T23:45:07.402+0100] {processor.py:914} INFO - Processing file /home/erij/Erij_Mazouz_4DS8_churn_ml_project/venv/lib/python3.8/site-packages/airflow/example_dags/example_branch_day_of_week_operator.py for tasks to queue
[2025-03-06T23:45:07.404+0100] {logging_mixin.py:190} INFO - [2025-03-06T23:45:07.404+0100] {dagbag.py:588} INFO - Filling up the DagBag from /home/erij/Erij_Mazouz_4DS8_churn_ml_project/venv/lib/python3.8/site-packages/airflow/example_dags/example_branch_day_of_week_operator.py
[2025-03-06T23:45:07.412+0100] {processor.py:925} INFO - DAG(s) 'example_weekday_branch_operator' retrieved from /home/erij/Erij_Mazouz_4DS8_churn_ml_project/venv/lib/python3.8/site-packages/airflow/example_dags/example_branch_day_of_week_operator.py
[2025-03-06T23:45:07.425+0100] {logging_mixin.py:190} INFO - [2025-03-06T23:45:07.424+0100] {dag.py:3239} INFO - Sync 1 DAGs
[2025-03-06T23:45:07.441+0100] {logging_mixin.py:190} INFO - [2025-03-06T23:45:07.441+0100] {dag.py:4180} INFO - Setting next_dagrun for example_weekday_branch_operator to 2025-03-05 00:00:00+00:00, run_after=2025-03-06 00:00:00+00:00
[2025-03-06T23:45:07.465+0100] {processor.py:208} INFO - Processing /home/erij/Erij_Mazouz_4DS8_churn_ml_project/venv/lib/python3.8/site-packages/airflow/example_dags/example_branch_day_of_week_operator.py took 0.071 seconds
[2025-03-06T23:46:04.325+0100] {processor.py:186} INFO - Started process (PID=57257) to work on /home/erij/Erij_Mazouz_4DS8_churn_ml_project/venv/lib/python3.8/site-packages/airflow/example_dags/example_branch_day_of_week_operator.py
[2025-03-06T23:46:04.330+0100] {processor.py:914} INFO - Processing file /home/erij/Erij_Mazouz_4DS8_churn_ml_project/venv/lib/python3.8/site-packages/airflow/example_dags/example_branch_day_of_week_operator.py for tasks to queue
[2025-03-06T23:46:04.332+0100] {logging_mixin.py:190} INFO - [2025-03-06T23:46:04.331+0100] {dagbag.py:588} INFO - Filling up the DagBag from /home/erij/Erij_Mazouz_4DS8_churn_ml_project/venv/lib/python3.8/site-packages/airflow/example_dags/example_branch_day_of_week_operator.py
[2025-03-06T23:46:04.339+0100] {processor.py:925} INFO - DAG(s) 'example_weekday_branch_operator' retrieved from /home/erij/Erij_Mazouz_4DS8_churn_ml_project/venv/lib/python3.8/site-packages/airflow/example_dags/example_branch_day_of_week_operator.py
[2025-03-06T23:46:04.351+0100] {logging_mixin.py:190} INFO - [2025-03-06T23:46:04.351+0100] {dag.py:3239} INFO - Sync 1 DAGs
[2025-03-06T23:46:04.369+0100] {logging_mixin.py:190} INFO - [2025-03-06T23:46:04.369+0100] {dag.py:4180} INFO - Setting next_dagrun for example_weekday_branch_operator to 2025-03-05 00:00:00+00:00, run_after=2025-03-06 00:00:00+00:00
[2025-03-06T23:46:04.403+0100] {processor.py:208} INFO - Processing /home/erij/Erij_Mazouz_4DS8_churn_ml_project/venv/lib/python3.8/site-packages/airflow/example_dags/example_branch_day_of_week_operator.py took 0.082 seconds
[2025-03-06T23:47:00.400+0100] {processor.py:186} INFO - Started process (PID=57375) to work on /home/erij/Erij_Mazouz_4DS8_churn_ml_project/venv/lib/python3.8/site-packages/airflow/example_dags/example_branch_day_of_week_operator.py
[2025-03-06T23:47:00.401+0100] {processor.py:914} INFO - Processing file /home/erij/Erij_Mazouz_4DS8_churn_ml_project/venv/lib/python3.8/site-packages/airflow/example_dags/example_branch_day_of_week_operator.py for tasks to queue
[2025-03-06T23:47:00.403+0100] {logging_mixin.py:190} INFO - [2025-03-06T23:47:00.403+0100] {dagbag.py:588} INFO - Filling up the DagBag from /home/erij/Erij_Mazouz_4DS8_churn_ml_project/venv/lib/python3.8/site-packages/airflow/example_dags/example_branch_day_of_week_operator.py
[2025-03-06T23:47:00.411+0100] {processor.py:925} INFO - DAG(s) 'example_weekday_branch_operator' retrieved from /home/erij/Erij_Mazouz_4DS8_churn_ml_project/venv/lib/python3.8/site-packages/airflow/example_dags/example_branch_day_of_week_operator.py
[2025-03-06T23:47:00.422+0100] {logging_mixin.py:190} INFO - [2025-03-06T23:47:00.422+0100] {dag.py:3239} INFO - Sync 1 DAGs
[2025-03-06T23:47:00.438+0100] {logging_mixin.py:190} INFO - [2025-03-06T23:47:00.438+0100] {dag.py:4180} INFO - Setting next_dagrun for example_weekday_branch_operator to 2025-03-05 00:00:00+00:00, run_after=2025-03-06 00:00:00+00:00
[2025-03-06T23:47:00.454+0100] {processor.py:208} INFO - Processing /home/erij/Erij_Mazouz_4DS8_churn_ml_project/venv/lib/python3.8/site-packages/airflow/example_dags/example_branch_day_of_week_operator.py took 0.059 seconds
[2025-03-06T23:47:56.986+0100] {processor.py:186} INFO - Started process (PID=57491) to work on /home/erij/Erij_Mazouz_4DS8_churn_ml_project/venv/lib/python3.8/site-packages/airflow/example_dags/example_branch_day_of_week_operator.py
[2025-03-06T23:47:56.989+0100] {processor.py:914} INFO - Processing file /home/erij/Erij_Mazouz_4DS8_churn_ml_project/venv/lib/python3.8/site-packages/airflow/example_dags/example_branch_day_of_week_operator.py for tasks to queue
[2025-03-06T23:47:56.991+0100] {logging_mixin.py:190} INFO - [2025-03-06T23:47:56.990+0100] {dagbag.py:588} INFO - Filling up the DagBag from /home/erij/Erij_Mazouz_4DS8_churn_ml_project/venv/lib/python3.8/site-packages/airflow/example_dags/example_branch_day_of_week_operator.py
[2025-03-06T23:47:56.999+0100] {processor.py:925} INFO - DAG(s) 'example_weekday_branch_operator' retrieved from /home/erij/Erij_Mazouz_4DS8_churn_ml_project/venv/lib/python3.8/site-packages/airflow/example_dags/example_branch_day_of_week_operator.py
[2025-03-06T23:47:57.012+0100] {logging_mixin.py:190} INFO - [2025-03-06T23:47:57.011+0100] {dag.py:3239} INFO - Sync 1 DAGs
[2025-03-06T23:47:57.036+0100] {logging_mixin.py:190} INFO - [2025-03-06T23:47:57.035+0100] {dag.py:4180} INFO - Setting next_dagrun for example_weekday_branch_operator to 2025-03-05 00:00:00+00:00, run_after=2025-03-06 00:00:00+00:00
[2025-03-06T23:47:57.055+0100] {processor.py:208} INFO - Processing /home/erij/Erij_Mazouz_4DS8_churn_ml_project/venv/lib/python3.8/site-packages/airflow/example_dags/example_branch_day_of_week_operator.py took 0.073 seconds
[2025-03-06T23:48:54.797+0100] {processor.py:186} INFO - Started process (PID=57609) to work on /home/erij/Erij_Mazouz_4DS8_churn_ml_project/venv/lib/python3.8/site-packages/airflow/example_dags/example_branch_day_of_week_operator.py
[2025-03-06T23:48:54.800+0100] {processor.py:914} INFO - Processing file /home/erij/Erij_Mazouz_4DS8_churn_ml_project/venv/lib/python3.8/site-packages/airflow/example_dags/example_branch_day_of_week_operator.py for tasks to queue
[2025-03-06T23:48:54.802+0100] {logging_mixin.py:190} INFO - [2025-03-06T23:48:54.801+0100] {dagbag.py:588} INFO - Filling up the DagBag from /home/erij/Erij_Mazouz_4DS8_churn_ml_project/venv/lib/python3.8/site-packages/airflow/example_dags/example_branch_day_of_week_operator.py
[2025-03-06T23:48:54.810+0100] {processor.py:925} INFO - DAG(s) 'example_weekday_branch_operator' retrieved from /home/erij/Erij_Mazouz_4DS8_churn_ml_project/venv/lib/python3.8/site-packages/airflow/example_dags/example_branch_day_of_week_operator.py
[2025-03-06T23:48:54.823+0100] {logging_mixin.py:190} INFO - [2025-03-06T23:48:54.823+0100] {dag.py:3239} INFO - Sync 1 DAGs
[2025-03-06T23:48:54.841+0100] {logging_mixin.py:190} INFO - [2025-03-06T23:48:54.841+0100] {dag.py:4180} INFO - Setting next_dagrun for example_weekday_branch_operator to 2025-03-05 00:00:00+00:00, run_after=2025-03-06 00:00:00+00:00
[2025-03-06T23:48:54.859+0100] {processor.py:208} INFO - Processing /home/erij/Erij_Mazouz_4DS8_churn_ml_project/venv/lib/python3.8/site-packages/airflow/example_dags/example_branch_day_of_week_operator.py took 0.067 seconds
[2025-03-06T23:49:50.179+0100] {processor.py:186} INFO - Started process (PID=57719) to work on /home/erij/Erij_Mazouz_4DS8_churn_ml_project/venv/lib/python3.8/site-packages/airflow/example_dags/example_branch_day_of_week_operator.py
[2025-03-06T23:49:50.181+0100] {processor.py:914} INFO - Processing file /home/erij/Erij_Mazouz_4DS8_churn_ml_project/venv/lib/python3.8/site-packages/airflow/example_dags/example_branch_day_of_week_operator.py for tasks to queue
[2025-03-06T23:49:50.183+0100] {logging_mixin.py:190} INFO - [2025-03-06T23:49:50.183+0100] {dagbag.py:588} INFO - Filling up the DagBag from /home/erij/Erij_Mazouz_4DS8_churn_ml_project/venv/lib/python3.8/site-packages/airflow/example_dags/example_branch_day_of_week_operator.py
[2025-03-06T23:49:50.192+0100] {processor.py:925} INFO - DAG(s) 'example_weekday_branch_operator' retrieved from /home/erij/Erij_Mazouz_4DS8_churn_ml_project/venv/lib/python3.8/site-packages/airflow/example_dags/example_branch_day_of_week_operator.py
[2025-03-06T23:49:50.205+0100] {logging_mixin.py:190} INFO - [2025-03-06T23:49:50.204+0100] {dag.py:3239} INFO - Sync 1 DAGs
[2025-03-06T23:49:50.222+0100] {logging_mixin.py:190} INFO - [2025-03-06T23:49:50.222+0100] {dag.py:4180} INFO - Setting next_dagrun for example_weekday_branch_operator to 2025-03-05 00:00:00+00:00, run_after=2025-03-06 00:00:00+00:00
[2025-03-06T23:49:50.246+0100] {processor.py:208} INFO - Processing /home/erij/Erij_Mazouz_4DS8_churn_ml_project/venv/lib/python3.8/site-packages/airflow/example_dags/example_branch_day_of_week_operator.py took 0.072 seconds
[2025-03-06T23:50:45.830+0100] {processor.py:186} INFO - Started process (PID=57833) to work on /home/erij/Erij_Mazouz_4DS8_churn_ml_project/venv/lib/python3.8/site-packages/airflow/example_dags/example_branch_day_of_week_operator.py
[2025-03-06T23:50:45.832+0100] {processor.py:914} INFO - Processing file /home/erij/Erij_Mazouz_4DS8_churn_ml_project/venv/lib/python3.8/site-packages/airflow/example_dags/example_branch_day_of_week_operator.py for tasks to queue
[2025-03-06T23:50:45.834+0100] {logging_mixin.py:190} INFO - [2025-03-06T23:50:45.833+0100] {dagbag.py:588} INFO - Filling up the DagBag from /home/erij/Erij_Mazouz_4DS8_churn_ml_project/venv/lib/python3.8/site-packages/airflow/example_dags/example_branch_day_of_week_operator.py
[2025-03-06T23:50:45.842+0100] {processor.py:925} INFO - DAG(s) 'example_weekday_branch_operator' retrieved from /home/erij/Erij_Mazouz_4DS8_churn_ml_project/venv/lib/python3.8/site-packages/airflow/example_dags/example_branch_day_of_week_operator.py
[2025-03-06T23:50:45.853+0100] {logging_mixin.py:190} INFO - [2025-03-06T23:50:45.853+0100] {dag.py:3239} INFO - Sync 1 DAGs
[2025-03-06T23:50:45.870+0100] {logging_mixin.py:190} INFO - [2025-03-06T23:50:45.870+0100] {dag.py:4180} INFO - Setting next_dagrun for example_weekday_branch_operator to 2025-03-05 00:00:00+00:00, run_after=2025-03-06 00:00:00+00:00
[2025-03-06T23:50:45.887+0100] {processor.py:208} INFO - Processing /home/erij/Erij_Mazouz_4DS8_churn_ml_project/venv/lib/python3.8/site-packages/airflow/example_dags/example_branch_day_of_week_operator.py took 0.062 seconds
[2025-03-06T23:51:40.226+0100] {processor.py:186} INFO - Started process (PID=57941) to work on /home/erij/Erij_Mazouz_4DS8_churn_ml_project/venv/lib/python3.8/site-packages/airflow/example_dags/example_branch_day_of_week_operator.py
[2025-03-06T23:51:40.227+0100] {processor.py:914} INFO - Processing file /home/erij/Erij_Mazouz_4DS8_churn_ml_project/venv/lib/python3.8/site-packages/airflow/example_dags/example_branch_day_of_week_operator.py for tasks to queue
[2025-03-06T23:51:40.229+0100] {logging_mixin.py:190} INFO - [2025-03-06T23:51:40.229+0100] {dagbag.py:588} INFO - Filling up the DagBag from /home/erij/Erij_Mazouz_4DS8_churn_ml_project/venv/lib/python3.8/site-packages/airflow/example_dags/example_branch_day_of_week_operator.py
[2025-03-06T23:51:40.237+0100] {processor.py:925} INFO - DAG(s) 'example_weekday_branch_operator' retrieved from /home/erij/Erij_Mazouz_4DS8_churn_ml_project/venv/lib/python3.8/site-packages/airflow/example_dags/example_branch_day_of_week_operator.py
[2025-03-06T23:51:40.249+0100] {logging_mixin.py:190} INFO - [2025-03-06T23:51:40.249+0100] {dag.py:3239} INFO - Sync 1 DAGs
[2025-03-06T23:51:40.266+0100] {logging_mixin.py:190} INFO - [2025-03-06T23:51:40.266+0100] {dag.py:4180} INFO - Setting next_dagrun for example_weekday_branch_operator to 2025-03-05 00:00:00+00:00, run_after=2025-03-06 00:00:00+00:00
[2025-03-06T23:51:40.283+0100] {processor.py:208} INFO - Processing /home/erij/Erij_Mazouz_4DS8_churn_ml_project/venv/lib/python3.8/site-packages/airflow/example_dags/example_branch_day_of_week_operator.py took 0.062 seconds
[2025-03-06T23:52:36.784+0100] {processor.py:186} INFO - Started process (PID=58060) to work on /home/erij/Erij_Mazouz_4DS8_churn_ml_project/venv/lib/python3.8/site-packages/airflow/example_dags/example_branch_day_of_week_operator.py
[2025-03-06T23:52:36.786+0100] {processor.py:914} INFO - Processing file /home/erij/Erij_Mazouz_4DS8_churn_ml_project/venv/lib/python3.8/site-packages/airflow/example_dags/example_branch_day_of_week_operator.py for tasks to queue
[2025-03-06T23:52:36.789+0100] {logging_mixin.py:190} INFO - [2025-03-06T23:52:36.788+0100] {dagbag.py:588} INFO - Filling up the DagBag from /home/erij/Erij_Mazouz_4DS8_churn_ml_project/venv/lib/python3.8/site-packages/airflow/example_dags/example_branch_day_of_week_operator.py
[2025-03-06T23:52:36.797+0100] {processor.py:925} INFO - DAG(s) 'example_weekday_branch_operator' retrieved from /home/erij/Erij_Mazouz_4DS8_churn_ml_project/venv/lib/python3.8/site-packages/airflow/example_dags/example_branch_day_of_week_operator.py
[2025-03-06T23:52:36.809+0100] {logging_mixin.py:190} INFO - [2025-03-06T23:52:36.809+0100] {dag.py:3239} INFO - Sync 1 DAGs
[2025-03-06T23:52:36.826+0100] {logging_mixin.py:190} INFO - [2025-03-06T23:52:36.825+0100] {dag.py:4180} INFO - Setting next_dagrun for example_weekday_branch_operator to 2025-03-05 00:00:00+00:00, run_after=2025-03-06 00:00:00+00:00
[2025-03-06T23:52:36.843+0100] {processor.py:208} INFO - Processing /home/erij/Erij_Mazouz_4DS8_churn_ml_project/venv/lib/python3.8/site-packages/airflow/example_dags/example_branch_day_of_week_operator.py took 0.064 seconds
[2025-03-06T23:53:33.328+0100] {processor.py:186} INFO - Started process (PID=58170) to work on /home/erij/Erij_Mazouz_4DS8_churn_ml_project/venv/lib/python3.8/site-packages/airflow/example_dags/example_branch_day_of_week_operator.py
[2025-03-06T23:53:33.330+0100] {processor.py:914} INFO - Processing file /home/erij/Erij_Mazouz_4DS8_churn_ml_project/venv/lib/python3.8/site-packages/airflow/example_dags/example_branch_day_of_week_operator.py for tasks to queue
[2025-03-06T23:53:33.333+0100] {logging_mixin.py:190} INFO - [2025-03-06T23:53:33.332+0100] {dagbag.py:588} INFO - Filling up the DagBag from /home/erij/Erij_Mazouz_4DS8_churn_ml_project/venv/lib/python3.8/site-packages/airflow/example_dags/example_branch_day_of_week_operator.py
[2025-03-06T23:53:33.341+0100] {processor.py:925} INFO - DAG(s) 'example_weekday_branch_operator' retrieved from /home/erij/Erij_Mazouz_4DS8_churn_ml_project/venv/lib/python3.8/site-packages/airflow/example_dags/example_branch_day_of_week_operator.py
[2025-03-06T23:53:33.355+0100] {logging_mixin.py:190} INFO - [2025-03-06T23:53:33.355+0100] {dag.py:3239} INFO - Sync 1 DAGs
[2025-03-06T23:53:33.376+0100] {logging_mixin.py:190} INFO - [2025-03-06T23:53:33.376+0100] {dag.py:4180} INFO - Setting next_dagrun for example_weekday_branch_operator to 2025-03-05 00:00:00+00:00, run_after=2025-03-06 00:00:00+00:00
[2025-03-06T23:53:33.395+0100] {processor.py:208} INFO - Processing /home/erij/Erij_Mazouz_4DS8_churn_ml_project/venv/lib/python3.8/site-packages/airflow/example_dags/example_branch_day_of_week_operator.py took 0.073 seconds
[2025-03-06T23:54:30.577+0100] {processor.py:186} INFO - Started process (PID=58553) to work on /home/erij/Erij_Mazouz_4DS8_churn_ml_project/venv/lib/python3.8/site-packages/airflow/example_dags/example_branch_day_of_week_operator.py
[2025-03-06T23:54:30.579+0100] {processor.py:914} INFO - Processing file /home/erij/Erij_Mazouz_4DS8_churn_ml_project/venv/lib/python3.8/site-packages/airflow/example_dags/example_branch_day_of_week_operator.py for tasks to queue
[2025-03-06T23:54:30.581+0100] {logging_mixin.py:190} INFO - [2025-03-06T23:54:30.581+0100] {dagbag.py:588} INFO - Filling up the DagBag from /home/erij/Erij_Mazouz_4DS8_churn_ml_project/venv/lib/python3.8/site-packages/airflow/example_dags/example_branch_day_of_week_operator.py
[2025-03-06T23:54:30.589+0100] {processor.py:925} INFO - DAG(s) 'example_weekday_branch_operator' retrieved from /home/erij/Erij_Mazouz_4DS8_churn_ml_project/venv/lib/python3.8/site-packages/airflow/example_dags/example_branch_day_of_week_operator.py
[2025-03-06T23:54:30.602+0100] {logging_mixin.py:190} INFO - [2025-03-06T23:54:30.602+0100] {dag.py:3239} INFO - Sync 1 DAGs
[2025-03-06T23:54:30.618+0100] {logging_mixin.py:190} INFO - [2025-03-06T23:54:30.617+0100] {dag.py:4180} INFO - Setting next_dagrun for example_weekday_branch_operator to 2025-03-05 00:00:00+00:00, run_after=2025-03-06 00:00:00+00:00
[2025-03-06T23:54:30.634+0100] {processor.py:208} INFO - Processing /home/erij/Erij_Mazouz_4DS8_churn_ml_project/venv/lib/python3.8/site-packages/airflow/example_dags/example_branch_day_of_week_operator.py took 0.062 seconds
[2025-03-06T23:55:29.668+0100] {processor.py:186} INFO - Started process (PID=59043) to work on /home/erij/Erij_Mazouz_4DS8_churn_ml_project/venv/lib/python3.8/site-packages/airflow/example_dags/example_branch_day_of_week_operator.py
[2025-03-06T23:55:29.670+0100] {processor.py:914} INFO - Processing file /home/erij/Erij_Mazouz_4DS8_churn_ml_project/venv/lib/python3.8/site-packages/airflow/example_dags/example_branch_day_of_week_operator.py for tasks to queue
[2025-03-06T23:55:29.672+0100] {logging_mixin.py:190} INFO - [2025-03-06T23:55:29.672+0100] {dagbag.py:588} INFO - Filling up the DagBag from /home/erij/Erij_Mazouz_4DS8_churn_ml_project/venv/lib/python3.8/site-packages/airflow/example_dags/example_branch_day_of_week_operator.py
[2025-03-06T23:55:29.680+0100] {processor.py:925} INFO - DAG(s) 'example_weekday_branch_operator' retrieved from /home/erij/Erij_Mazouz_4DS8_churn_ml_project/venv/lib/python3.8/site-packages/airflow/example_dags/example_branch_day_of_week_operator.py
[2025-03-06T23:55:29.694+0100] {logging_mixin.py:190} INFO - [2025-03-06T23:55:29.694+0100] {dag.py:3239} INFO - Sync 1 DAGs
[2025-03-06T23:55:29.715+0100] {logging_mixin.py:190} INFO - [2025-03-06T23:55:29.715+0100] {dag.py:4180} INFO - Setting next_dagrun for example_weekday_branch_operator to 2025-03-05 00:00:00+00:00, run_after=2025-03-06 00:00:00+00:00
[2025-03-06T23:55:29.735+0100] {processor.py:208} INFO - Processing /home/erij/Erij_Mazouz_4DS8_churn_ml_project/venv/lib/python3.8/site-packages/airflow/example_dags/example_branch_day_of_week_operator.py took 0.071 seconds
[2025-03-06T23:56:28.922+0100] {processor.py:186} INFO - Started process (PID=59246) to work on /home/erij/Erij_Mazouz_4DS8_churn_ml_project/venv/lib/python3.8/site-packages/airflow/example_dags/example_branch_day_of_week_operator.py
[2025-03-06T23:56:28.925+0100] {processor.py:914} INFO - Processing file /home/erij/Erij_Mazouz_4DS8_churn_ml_project/venv/lib/python3.8/site-packages/airflow/example_dags/example_branch_day_of_week_operator.py for tasks to queue
[2025-03-06T23:56:28.927+0100] {logging_mixin.py:190} INFO - [2025-03-06T23:56:28.927+0100] {dagbag.py:588} INFO - Filling up the DagBag from /home/erij/Erij_Mazouz_4DS8_churn_ml_project/venv/lib/python3.8/site-packages/airflow/example_dags/example_branch_day_of_week_operator.py
[2025-03-06T23:56:28.936+0100] {processor.py:925} INFO - DAG(s) 'example_weekday_branch_operator' retrieved from /home/erij/Erij_Mazouz_4DS8_churn_ml_project/venv/lib/python3.8/site-packages/airflow/example_dags/example_branch_day_of_week_operator.py
[2025-03-06T23:56:28.950+0100] {logging_mixin.py:190} INFO - [2025-03-06T23:56:28.949+0100] {dag.py:3239} INFO - Sync 1 DAGs
[2025-03-06T23:56:28.970+0100] {logging_mixin.py:190} INFO - [2025-03-06T23:56:28.969+0100] {dag.py:4180} INFO - Setting next_dagrun for example_weekday_branch_operator to 2025-03-05 00:00:00+00:00, run_after=2025-03-06 00:00:00+00:00
[2025-03-06T23:56:28.989+0100] {processor.py:208} INFO - Processing /home/erij/Erij_Mazouz_4DS8_churn_ml_project/venv/lib/python3.8/site-packages/airflow/example_dags/example_branch_day_of_week_operator.py took 0.072 seconds
[2025-03-06T23:57:24.621+0100] {processor.py:186} INFO - Started process (PID=59377) to work on /home/erij/Erij_Mazouz_4DS8_churn_ml_project/venv/lib/python3.8/site-packages/airflow/example_dags/example_branch_day_of_week_operator.py
[2025-03-06T23:57:24.623+0100] {processor.py:914} INFO - Processing file /home/erij/Erij_Mazouz_4DS8_churn_ml_project/venv/lib/python3.8/site-packages/airflow/example_dags/example_branch_day_of_week_operator.py for tasks to queue
[2025-03-06T23:57:24.624+0100] {logging_mixin.py:190} INFO - [2025-03-06T23:57:24.624+0100] {dagbag.py:588} INFO - Filling up the DagBag from /home/erij/Erij_Mazouz_4DS8_churn_ml_project/venv/lib/python3.8/site-packages/airflow/example_dags/example_branch_day_of_week_operator.py
[2025-03-06T23:57:24.632+0100] {processor.py:925} INFO - DAG(s) 'example_weekday_branch_operator' retrieved from /home/erij/Erij_Mazouz_4DS8_churn_ml_project/venv/lib/python3.8/site-packages/airflow/example_dags/example_branch_day_of_week_operator.py
[2025-03-06T23:57:24.645+0100] {logging_mixin.py:190} INFO - [2025-03-06T23:57:24.645+0100] {dag.py:3239} INFO - Sync 1 DAGs
[2025-03-06T23:57:24.663+0100] {logging_mixin.py:190} INFO - [2025-03-06T23:57:24.663+0100] {dag.py:4180} INFO - Setting next_dagrun for example_weekday_branch_operator to 2025-03-05 00:00:00+00:00, run_after=2025-03-06 00:00:00+00:00
[2025-03-06T23:57:24.680+0100] {processor.py:208} INFO - Processing /home/erij/Erij_Mazouz_4DS8_churn_ml_project/venv/lib/python3.8/site-packages/airflow/example_dags/example_branch_day_of_week_operator.py took 0.064 seconds
[2025-03-06T23:58:19.946+0100] {processor.py:186} INFO - Started process (PID=59516) to work on /home/erij/Erij_Mazouz_4DS8_churn_ml_project/venv/lib/python3.8/site-packages/airflow/example_dags/example_branch_day_of_week_operator.py
[2025-03-06T23:58:19.948+0100] {processor.py:914} INFO - Processing file /home/erij/Erij_Mazouz_4DS8_churn_ml_project/venv/lib/python3.8/site-packages/airflow/example_dags/example_branch_day_of_week_operator.py for tasks to queue
[2025-03-06T23:58:19.950+0100] {logging_mixin.py:190} INFO - [2025-03-06T23:58:19.949+0100] {dagbag.py:588} INFO - Filling up the DagBag from /home/erij/Erij_Mazouz_4DS8_churn_ml_project/venv/lib/python3.8/site-packages/airflow/example_dags/example_branch_day_of_week_operator.py
[2025-03-06T23:58:19.958+0100] {processor.py:925} INFO - DAG(s) 'example_weekday_branch_operator' retrieved from /home/erij/Erij_Mazouz_4DS8_churn_ml_project/venv/lib/python3.8/site-packages/airflow/example_dags/example_branch_day_of_week_operator.py
[2025-03-06T23:58:19.969+0100] {logging_mixin.py:190} INFO - [2025-03-06T23:58:19.969+0100] {dag.py:3239} INFO - Sync 1 DAGs
[2025-03-06T23:58:19.985+0100] {logging_mixin.py:190} INFO - [2025-03-06T23:58:19.985+0100] {dag.py:4180} INFO - Setting next_dagrun for example_weekday_branch_operator to 2025-03-05 00:00:00+00:00, run_after=2025-03-06 00:00:00+00:00
[2025-03-06T23:58:20.002+0100] {processor.py:208} INFO - Processing /home/erij/Erij_Mazouz_4DS8_churn_ml_project/venv/lib/python3.8/site-packages/airflow/example_dags/example_branch_day_of_week_operator.py took 0.060 seconds
[2025-03-06T23:59:33.187+0100] {processor.py:186} INFO - Started process (PID=59717) to work on /home/erij/Erij_Mazouz_4DS8_churn_ml_project/venv/lib/python3.8/site-packages/airflow/example_dags/example_branch_day_of_week_operator.py
[2025-03-06T23:59:33.189+0100] {processor.py:914} INFO - Processing file /home/erij/Erij_Mazouz_4DS8_churn_ml_project/venv/lib/python3.8/site-packages/airflow/example_dags/example_branch_day_of_week_operator.py for tasks to queue
[2025-03-06T23:59:33.191+0100] {logging_mixin.py:190} INFO - [2025-03-06T23:59:33.191+0100] {dagbag.py:588} INFO - Filling up the DagBag from /home/erij/Erij_Mazouz_4DS8_churn_ml_project/venv/lib/python3.8/site-packages/airflow/example_dags/example_branch_day_of_week_operator.py
[2025-03-06T23:59:33.199+0100] {processor.py:925} INFO - DAG(s) 'example_weekday_branch_operator' retrieved from /home/erij/Erij_Mazouz_4DS8_churn_ml_project/venv/lib/python3.8/site-packages/airflow/example_dags/example_branch_day_of_week_operator.py
[2025-03-06T23:59:33.210+0100] {logging_mixin.py:190} INFO - [2025-03-06T23:59:33.210+0100] {dag.py:3239} INFO - Sync 1 DAGs
[2025-03-06T23:59:33.226+0100] {logging_mixin.py:190} INFO - [2025-03-06T23:59:33.226+0100] {dag.py:4180} INFO - Setting next_dagrun for example_weekday_branch_operator to 2025-03-05 00:00:00+00:00, run_after=2025-03-06 00:00:00+00:00
[2025-03-06T23:59:33.244+0100] {processor.py:208} INFO - Processing /home/erij/Erij_Mazouz_4DS8_churn_ml_project/venv/lib/python3.8/site-packages/airflow/example_dags/example_branch_day_of_week_operator.py took 0.061 seconds
[2025-03-07T00:00:51.057+0100] {processor.py:186} INFO - Started process (PID=59993) to work on /home/erij/Erij_Mazouz_4DS8_churn_ml_project/venv/lib/python3.8/site-packages/airflow/example_dags/example_branch_day_of_week_operator.py
[2025-03-07T00:00:51.059+0100] {processor.py:914} INFO - Processing file /home/erij/Erij_Mazouz_4DS8_churn_ml_project/venv/lib/python3.8/site-packages/airflow/example_dags/example_branch_day_of_week_operator.py for tasks to queue
[2025-03-07T00:00:51.061+0100] {logging_mixin.py:190} INFO - [2025-03-07T00:00:51.061+0100] {dagbag.py:588} INFO - Filling up the DagBag from /home/erij/Erij_Mazouz_4DS8_churn_ml_project/venv/lib/python3.8/site-packages/airflow/example_dags/example_branch_day_of_week_operator.py
[2025-03-07T00:00:51.072+0100] {processor.py:925} INFO - DAG(s) 'example_weekday_branch_operator' retrieved from /home/erij/Erij_Mazouz_4DS8_churn_ml_project/venv/lib/python3.8/site-packages/airflow/example_dags/example_branch_day_of_week_operator.py
[2025-03-07T00:00:51.088+0100] {logging_mixin.py:190} INFO - [2025-03-07T00:00:51.087+0100] {dag.py:3239} INFO - Sync 1 DAGs
[2025-03-07T00:00:51.111+0100] {logging_mixin.py:190} INFO - [2025-03-07T00:00:51.111+0100] {dag.py:4180} INFO - Setting next_dagrun for example_weekday_branch_operator to 2025-03-05 00:00:00+00:00, run_after=2025-03-06 00:00:00+00:00
[2025-03-07T00:00:51.141+0100] {processor.py:208} INFO - Processing /home/erij/Erij_Mazouz_4DS8_churn_ml_project/venv/lib/python3.8/site-packages/airflow/example_dags/example_branch_day_of_week_operator.py took 0.093 seconds
[2025-03-07T00:01:44.737+0100] {processor.py:186} INFO - Started process (PID=60157) to work on /home/erij/Erij_Mazouz_4DS8_churn_ml_project/venv/lib/python3.8/site-packages/airflow/example_dags/example_branch_day_of_week_operator.py
[2025-03-07T00:01:44.739+0100] {processor.py:914} INFO - Processing file /home/erij/Erij_Mazouz_4DS8_churn_ml_project/venv/lib/python3.8/site-packages/airflow/example_dags/example_branch_day_of_week_operator.py for tasks to queue
[2025-03-07T00:01:44.741+0100] {logging_mixin.py:190} INFO - [2025-03-07T00:01:44.741+0100] {dagbag.py:588} INFO - Filling up the DagBag from /home/erij/Erij_Mazouz_4DS8_churn_ml_project/venv/lib/python3.8/site-packages/airflow/example_dags/example_branch_day_of_week_operator.py
[2025-03-07T00:01:44.751+0100] {processor.py:925} INFO - DAG(s) 'example_weekday_branch_operator' retrieved from /home/erij/Erij_Mazouz_4DS8_churn_ml_project/venv/lib/python3.8/site-packages/airflow/example_dags/example_branch_day_of_week_operator.py
[2025-03-07T00:01:44.766+0100] {logging_mixin.py:190} INFO - [2025-03-07T00:01:44.766+0100] {dag.py:3239} INFO - Sync 1 DAGs
[2025-03-07T00:01:44.786+0100] {logging_mixin.py:190} INFO - [2025-03-07T00:01:44.785+0100] {dag.py:4180} INFO - Setting next_dagrun for example_weekday_branch_operator to 2025-03-05 00:00:00+00:00, run_after=2025-03-06 00:00:00+00:00
[2025-03-07T00:01:44.805+0100] {processor.py:208} INFO - Processing /home/erij/Erij_Mazouz_4DS8_churn_ml_project/venv/lib/python3.8/site-packages/airflow/example_dags/example_branch_day_of_week_operator.py took 0.074 seconds
[2025-03-07T00:02:40.719+0100] {processor.py:186} INFO - Started process (PID=60366) to work on /home/erij/Erij_Mazouz_4DS8_churn_ml_project/venv/lib/python3.8/site-packages/airflow/example_dags/example_branch_day_of_week_operator.py
[2025-03-07T00:02:40.721+0100] {processor.py:914} INFO - Processing file /home/erij/Erij_Mazouz_4DS8_churn_ml_project/venv/lib/python3.8/site-packages/airflow/example_dags/example_branch_day_of_week_operator.py for tasks to queue
[2025-03-07T00:02:40.723+0100] {logging_mixin.py:190} INFO - [2025-03-07T00:02:40.723+0100] {dagbag.py:588} INFO - Filling up the DagBag from /home/erij/Erij_Mazouz_4DS8_churn_ml_project/venv/lib/python3.8/site-packages/airflow/example_dags/example_branch_day_of_week_operator.py
[2025-03-07T00:02:40.733+0100] {processor.py:925} INFO - DAG(s) 'example_weekday_branch_operator' retrieved from /home/erij/Erij_Mazouz_4DS8_churn_ml_project/venv/lib/python3.8/site-packages/airflow/example_dags/example_branch_day_of_week_operator.py
[2025-03-07T00:02:40.747+0100] {logging_mixin.py:190} INFO - [2025-03-07T00:02:40.747+0100] {dag.py:3239} INFO - Sync 1 DAGs
[2025-03-07T00:02:40.766+0100] {logging_mixin.py:190} INFO - [2025-03-07T00:02:40.766+0100] {dag.py:4180} INFO - Setting next_dagrun for example_weekday_branch_operator to 2025-03-05 00:00:00+00:00, run_after=2025-03-06 00:00:00+00:00
[2025-03-07T00:02:40.787+0100] {processor.py:208} INFO - Processing /home/erij/Erij_Mazouz_4DS8_churn_ml_project/venv/lib/python3.8/site-packages/airflow/example_dags/example_branch_day_of_week_operator.py took 0.074 seconds
