[2025-03-06T23:39:30.084+0100] {processor.py:186} INFO - Started process (PID=55947) to work on /home/erij/Erij_Mazouz_4DS8_churn_ml_project/venv/lib/python3.8/site-packages/airflow/example_dags/example_branch_datetime_operator.py
[2025-03-06T23:39:30.085+0100] {processor.py:914} INFO - Processing file /home/erij/Erij_Mazouz_4DS8_churn_ml_project/venv/lib/python3.8/site-packages/airflow/example_dags/example_branch_datetime_operator.py for tasks to queue
[2025-03-06T23:39:30.087+0100] {logging_mixin.py:190} INFO - [2025-03-06T23:39:30.086+0100] {dagbag.py:588} INFO - Filling up the DagBag from /home/erij/Erij_Mazouz_4DS8_churn_ml_project/venv/lib/python3.8/site-packages/airflow/example_dags/example_branch_datetime_operator.py
[2025-03-06T23:39:30.098+0100] {processor.py:925} INFO - DAG(s) 'example_branch_datetime_operator', 'example_branch_datetime_operator_2', 'example_branch_datetime_operator_3' retrieved from /home/erij/Erij_Mazouz_4DS8_churn_ml_project/venv/lib/python3.8/site-packages/airflow/example_dags/example_branch_datetime_operator.py
[2025-03-06T23:39:30.117+0100] {logging_mixin.py:190} INFO - [2025-03-06T23:39:30.117+0100] {dag.py:3239} INFO - Sync 3 DAGs
[2025-03-06T23:39:30.142+0100] {logging_mixin.py:190} INFO - [2025-03-06T23:39:30.142+0100] {dag.py:4180} INFO - Setting next_dagrun for example_branch_datetime_operator to 2025-03-05 00:00:00+00:00, run_after=2025-03-06 00:00:00+00:00
[2025-03-06T23:39:30.148+0100] {logging_mixin.py:190} INFO - [2025-03-06T23:39:30.147+0100] {dag.py:4180} INFO - Setting next_dagrun for example_branch_datetime_operator_2 to 2025-03-05 00:00:00+00:00, run_after=2025-03-06 00:00:00+00:00
[2025-03-06T23:39:30.151+0100] {logging_mixin.py:190} INFO - [2025-03-06T23:39:30.151+0100] {dag.py:4180} INFO - Setting next_dagrun for example_branch_datetime_operator_3 to 2025-03-05 00:00:00+00:00, run_after=2025-03-06 00:00:00+00:00
[2025-03-06T23:39:30.175+0100] {processor.py:208} INFO - Processing /home/erij/Erij_Mazouz_4DS8_churn_ml_project/venv/lib/python3.8/site-packages/airflow/example_dags/example_branch_datetime_operator.py took 0.097 seconds
[2025-03-06T23:40:56.837+0100] {processor.py:186} INFO - Started process (PID=56533) to work on /home/erij/Erij_Mazouz_4DS8_churn_ml_project/venv/lib/python3.8/site-packages/airflow/example_dags/example_branch_datetime_operator.py
[2025-03-06T23:40:56.839+0100] {processor.py:914} INFO - Processing file /home/erij/Erij_Mazouz_4DS8_churn_ml_project/venv/lib/python3.8/site-packages/airflow/example_dags/example_branch_datetime_operator.py for tasks to queue
[2025-03-06T23:40:56.840+0100] {logging_mixin.py:190} INFO - [2025-03-06T23:40:56.840+0100] {dagbag.py:588} INFO - Filling up the DagBag from /home/erij/Erij_Mazouz_4DS8_churn_ml_project/venv/lib/python3.8/site-packages/airflow/example_dags/example_branch_datetime_operator.py
[2025-03-06T23:40:56.851+0100] {processor.py:925} INFO - DAG(s) 'example_branch_datetime_operator_3', 'example_branch_datetime_operator_2', 'example_branch_datetime_operator' retrieved from /home/erij/Erij_Mazouz_4DS8_churn_ml_project/venv/lib/python3.8/site-packages/airflow/example_dags/example_branch_datetime_operator.py
[2025-03-06T23:40:56.867+0100] {logging_mixin.py:190} INFO - [2025-03-06T23:40:56.867+0100] {dag.py:3239} INFO - Sync 3 DAGs
[2025-03-06T23:40:56.885+0100] {logging_mixin.py:190} INFO - [2025-03-06T23:40:56.885+0100] {dag.py:4180} INFO - Setting next_dagrun for example_branch_datetime_operator to 2025-03-05 00:00:00+00:00, run_after=2025-03-06 00:00:00+00:00
[2025-03-06T23:40:56.889+0100] {logging_mixin.py:190} INFO - [2025-03-06T23:40:56.889+0100] {dag.py:4180} INFO - Setting next_dagrun for example_branch_datetime_operator_2 to 2025-03-05 00:00:00+00:00, run_after=2025-03-06 00:00:00+00:00
[2025-03-06T23:40:56.891+0100] {logging_mixin.py:190} INFO - [2025-03-06T23:40:56.891+0100] {dag.py:4180} INFO - Setting next_dagrun for example_branch_datetime_operator_3 to 2025-03-05 00:00:00+00:00, run_after=2025-03-06 00:00:00+00:00
[2025-03-06T23:40:56.906+0100] {processor.py:208} INFO - Processing /home/erij/Erij_Mazouz_4DS8_churn_ml_project/venv/lib/python3.8/site-packages/airflow/example_dags/example_branch_datetime_operator.py took 0.074 seconds
[2025-03-06T23:41:53.363+0100] {processor.py:186} INFO - Started process (PID=56669) to work on /home/erij/Erij_Mazouz_4DS8_churn_ml_project/venv/lib/python3.8/site-packages/airflow/example_dags/example_branch_datetime_operator.py
[2025-03-06T23:41:53.365+0100] {processor.py:914} INFO - Processing file /home/erij/Erij_Mazouz_4DS8_churn_ml_project/venv/lib/python3.8/site-packages/airflow/example_dags/example_branch_datetime_operator.py for tasks to queue
[2025-03-06T23:41:53.367+0100] {logging_mixin.py:190} INFO - [2025-03-06T23:41:53.367+0100] {dagbag.py:588} INFO - Filling up the DagBag from /home/erij/Erij_Mazouz_4DS8_churn_ml_project/venv/lib/python3.8/site-packages/airflow/example_dags/example_branch_datetime_operator.py
[2025-03-06T23:41:53.377+0100] {processor.py:925} INFO - DAG(s) 'example_branch_datetime_operator', 'example_branch_datetime_operator_2', 'example_branch_datetime_operator_3' retrieved from /home/erij/Erij_Mazouz_4DS8_churn_ml_project/venv/lib/python3.8/site-packages/airflow/example_dags/example_branch_datetime_operator.py
[2025-03-06T23:41:53.395+0100] {logging_mixin.py:190} INFO - [2025-03-06T23:41:53.394+0100] {dag.py:3239} INFO - Sync 3 DAGs
[2025-03-06T23:41:53.413+0100] {logging_mixin.py:190} INFO - [2025-03-06T23:41:53.413+0100] {dag.py:4180} INFO - Setting next_dagrun for example_branch_datetime_operator to 2025-03-05 00:00:00+00:00, run_after=2025-03-06 00:00:00+00:00
[2025-03-06T23:41:53.417+0100] {logging_mixin.py:190} INFO - [2025-03-06T23:41:53.417+0100] {dag.py:4180} INFO - Setting next_dagrun for example_branch_datetime_operator_2 to 2025-03-05 00:00:00+00:00, run_after=2025-03-06 00:00:00+00:00
[2025-03-06T23:41:53.418+0100] {logging_mixin.py:190} INFO - [2025-03-06T23:41:53.418+0100] {dag.py:4180} INFO - Setting next_dagrun for example_branch_datetime_operator_3 to 2025-03-05 00:00:00+00:00, run_after=2025-03-06 00:00:00+00:00
[2025-03-06T23:41:53.436+0100] {processor.py:208} INFO - Processing /home/erij/Erij_Mazouz_4DS8_churn_ml_project/venv/lib/python3.8/site-packages/airflow/example_dags/example_branch_datetime_operator.py took 0.077 seconds
[2025-03-06T23:42:48.252+0100] {processor.py:186} INFO - Started process (PID=56791) to work on /home/erij/Erij_Mazouz_4DS8_churn_ml_project/venv/lib/python3.8/site-packages/airflow/example_dags/example_branch_datetime_operator.py
[2025-03-06T23:42:48.254+0100] {processor.py:914} INFO - Processing file /home/erij/Erij_Mazouz_4DS8_churn_ml_project/venv/lib/python3.8/site-packages/airflow/example_dags/example_branch_datetime_operator.py for tasks to queue
[2025-03-06T23:42:48.256+0100] {logging_mixin.py:190} INFO - [2025-03-06T23:42:48.256+0100] {dagbag.py:588} INFO - Filling up the DagBag from /home/erij/Erij_Mazouz_4DS8_churn_ml_project/venv/lib/python3.8/site-packages/airflow/example_dags/example_branch_datetime_operator.py
[2025-03-06T23:42:48.266+0100] {processor.py:925} INFO - DAG(s) 'example_branch_datetime_operator', 'example_branch_datetime_operator_3', 'example_branch_datetime_operator_2' retrieved from /home/erij/Erij_Mazouz_4DS8_churn_ml_project/venv/lib/python3.8/site-packages/airflow/example_dags/example_branch_datetime_operator.py
[2025-03-06T23:42:48.283+0100] {logging_mixin.py:190} INFO - [2025-03-06T23:42:48.283+0100] {dag.py:3239} INFO - Sync 3 DAGs
[2025-03-06T23:42:48.301+0100] {logging_mixin.py:190} INFO - [2025-03-06T23:42:48.301+0100] {dag.py:4180} INFO - Setting next_dagrun for example_branch_datetime_operator to 2025-03-05 00:00:00+00:00, run_after=2025-03-06 00:00:00+00:00
[2025-03-06T23:42:48.304+0100] {logging_mixin.py:190} INFO - [2025-03-06T23:42:48.304+0100] {dag.py:4180} INFO - Setting next_dagrun for example_branch_datetime_operator_2 to 2025-03-05 00:00:00+00:00, run_after=2025-03-06 00:00:00+00:00
[2025-03-06T23:42:48.306+0100] {logging_mixin.py:190} INFO - [2025-03-06T23:42:48.306+0100] {dag.py:4180} INFO - Setting next_dagrun for example_branch_datetime_operator_3 to 2025-03-05 00:00:00+00:00, run_after=2025-03-06 00:00:00+00:00
[2025-03-06T23:42:48.322+0100] {processor.py:208} INFO - Processing /home/erij/Erij_Mazouz_4DS8_churn_ml_project/venv/lib/python3.8/site-packages/airflow/example_dags/example_branch_datetime_operator.py took 0.074 seconds
[2025-03-06T23:43:40.837+0100] {processor.py:186} INFO - Started process (PID=56908) to work on /home/erij/Erij_Mazouz_4DS8_churn_ml_project/venv/lib/python3.8/site-packages/airflow/example_dags/example_branch_datetime_operator.py
[2025-03-06T23:43:40.840+0100] {processor.py:914} INFO - Processing file /home/erij/Erij_Mazouz_4DS8_churn_ml_project/venv/lib/python3.8/site-packages/airflow/example_dags/example_branch_datetime_operator.py for tasks to queue
[2025-03-06T23:43:40.842+0100] {logging_mixin.py:190} INFO - [2025-03-06T23:43:40.842+0100] {dagbag.py:588} INFO - Filling up the DagBag from /home/erij/Erij_Mazouz_4DS8_churn_ml_project/venv/lib/python3.8/site-packages/airflow/example_dags/example_branch_datetime_operator.py
[2025-03-06T23:43:40.854+0100] {processor.py:925} INFO - DAG(s) 'example_branch_datetime_operator_3', 'example_branch_datetime_operator', 'example_branch_datetime_operator_2' retrieved from /home/erij/Erij_Mazouz_4DS8_churn_ml_project/venv/lib/python3.8/site-packages/airflow/example_dags/example_branch_datetime_operator.py
[2025-03-06T23:43:40.879+0100] {logging_mixin.py:190} INFO - [2025-03-06T23:43:40.878+0100] {dag.py:3239} INFO - Sync 3 DAGs
[2025-03-06T23:43:40.906+0100] {logging_mixin.py:190} INFO - [2025-03-06T23:43:40.905+0100] {dag.py:4180} INFO - Setting next_dagrun for example_branch_datetime_operator to 2025-03-05 00:00:00+00:00, run_after=2025-03-06 00:00:00+00:00
[2025-03-06T23:43:40.912+0100] {logging_mixin.py:190} INFO - [2025-03-06T23:43:40.912+0100] {dag.py:4180} INFO - Setting next_dagrun for example_branch_datetime_operator_2 to 2025-03-05 00:00:00+00:00, run_after=2025-03-06 00:00:00+00:00
[2025-03-06T23:43:40.915+0100] {logging_mixin.py:190} INFO - [2025-03-06T23:43:40.915+0100] {dag.py:4180} INFO - Setting next_dagrun for example_branch_datetime_operator_3 to 2025-03-05 00:00:00+00:00, run_after=2025-03-06 00:00:00+00:00
[2025-03-06T23:43:40.933+0100] {processor.py:208} INFO - Processing /home/erij/Erij_Mazouz_4DS8_churn_ml_project/venv/lib/python3.8/site-packages/airflow/example_dags/example_branch_datetime_operator.py took 0.102 seconds
[2025-03-06T23:44:32.790+0100] {processor.py:186} INFO - Started process (PID=57063) to work on /home/erij/Erij_Mazouz_4DS8_churn_ml_project/venv/lib/python3.8/site-packages/airflow/example_dags/example_branch_datetime_operator.py
[2025-03-06T23:44:32.792+0100] {processor.py:914} INFO - Processing file /home/erij/Erij_Mazouz_4DS8_churn_ml_project/venv/lib/python3.8/site-packages/airflow/example_dags/example_branch_datetime_operator.py for tasks to queue
[2025-03-06T23:44:32.794+0100] {logging_mixin.py:190} INFO - [2025-03-06T23:44:32.794+0100] {dagbag.py:588} INFO - Filling up the DagBag from /home/erij/Erij_Mazouz_4DS8_churn_ml_project/venv/lib/python3.8/site-packages/airflow/example_dags/example_branch_datetime_operator.py
[2025-03-06T23:44:32.805+0100] {processor.py:925} INFO - DAG(s) 'example_branch_datetime_operator_3', 'example_branch_datetime_operator', 'example_branch_datetime_operator_2' retrieved from /home/erij/Erij_Mazouz_4DS8_churn_ml_project/venv/lib/python3.8/site-packages/airflow/example_dags/example_branch_datetime_operator.py
[2025-03-06T23:44:32.821+0100] {logging_mixin.py:190} INFO - [2025-03-06T23:44:32.821+0100] {dag.py:3239} INFO - Sync 3 DAGs
[2025-03-06T23:44:32.837+0100] {logging_mixin.py:190} INFO - [2025-03-06T23:44:32.837+0100] {dag.py:4180} INFO - Setting next_dagrun for example_branch_datetime_operator to 2025-03-05 00:00:00+00:00, run_after=2025-03-06 00:00:00+00:00
[2025-03-06T23:44:32.840+0100] {logging_mixin.py:190} INFO - [2025-03-06T23:44:32.840+0100] {dag.py:4180} INFO - Setting next_dagrun for example_branch_datetime_operator_2 to 2025-03-05 00:00:00+00:00, run_after=2025-03-06 00:00:00+00:00
[2025-03-06T23:44:32.842+0100] {logging_mixin.py:190} INFO - [2025-03-06T23:44:32.841+0100] {dag.py:4180} INFO - Setting next_dagrun for example_branch_datetime_operator_3 to 2025-03-05 00:00:00+00:00, run_after=2025-03-06 00:00:00+00:00
[2025-03-06T23:44:32.875+0100] {processor.py:208} INFO - Processing /home/erij/Erij_Mazouz_4DS8_churn_ml_project/venv/lib/python3.8/site-packages/airflow/example_dags/example_branch_datetime_operator.py took 0.091 seconds
[2025-03-06T23:45:28.925+0100] {processor.py:186} INFO - Started process (PID=57184) to work on /home/erij/Erij_Mazouz_4DS8_churn_ml_project/venv/lib/python3.8/site-packages/airflow/example_dags/example_branch_datetime_operator.py
[2025-03-06T23:45:28.927+0100] {processor.py:914} INFO - Processing file /home/erij/Erij_Mazouz_4DS8_churn_ml_project/venv/lib/python3.8/site-packages/airflow/example_dags/example_branch_datetime_operator.py for tasks to queue
[2025-03-06T23:45:28.929+0100] {logging_mixin.py:190} INFO - [2025-03-06T23:45:28.929+0100] {dagbag.py:588} INFO - Filling up the DagBag from /home/erij/Erij_Mazouz_4DS8_churn_ml_project/venv/lib/python3.8/site-packages/airflow/example_dags/example_branch_datetime_operator.py
[2025-03-06T23:45:28.939+0100] {processor.py:925} INFO - DAG(s) 'example_branch_datetime_operator_2', 'example_branch_datetime_operator', 'example_branch_datetime_operator_3' retrieved from /home/erij/Erij_Mazouz_4DS8_churn_ml_project/venv/lib/python3.8/site-packages/airflow/example_dags/example_branch_datetime_operator.py
[2025-03-06T23:45:28.956+0100] {logging_mixin.py:190} INFO - [2025-03-06T23:45:28.956+0100] {dag.py:3239} INFO - Sync 3 DAGs
[2025-03-06T23:45:28.973+0100] {logging_mixin.py:190} INFO - [2025-03-06T23:45:28.973+0100] {dag.py:4180} INFO - Setting next_dagrun for example_branch_datetime_operator to 2025-03-05 00:00:00+00:00, run_after=2025-03-06 00:00:00+00:00
[2025-03-06T23:45:28.976+0100] {logging_mixin.py:190} INFO - [2025-03-06T23:45:28.976+0100] {dag.py:4180} INFO - Setting next_dagrun for example_branch_datetime_operator_2 to 2025-03-05 00:00:00+00:00, run_after=2025-03-06 00:00:00+00:00
[2025-03-06T23:45:28.978+0100] {logging_mixin.py:190} INFO - [2025-03-06T23:45:28.977+0100] {dag.py:4180} INFO - Setting next_dagrun for example_branch_datetime_operator_3 to 2025-03-05 00:00:00+00:00, run_after=2025-03-06 00:00:00+00:00
[2025-03-06T23:45:29.014+0100] {processor.py:208} INFO - Processing /home/erij/Erij_Mazouz_4DS8_churn_ml_project/venv/lib/python3.8/site-packages/airflow/example_dags/example_branch_datetime_operator.py took 0.093 seconds
[2025-03-06T23:46:27.441+0100] {processor.py:186} INFO - Started process (PID=57302) to work on /home/erij/Erij_Mazouz_4DS8_churn_ml_project/venv/lib/python3.8/site-packages/airflow/example_dags/example_branch_datetime_operator.py
[2025-03-06T23:46:27.443+0100] {processor.py:914} INFO - Processing file /home/erij/Erij_Mazouz_4DS8_churn_ml_project/venv/lib/python3.8/site-packages/airflow/example_dags/example_branch_datetime_operator.py for tasks to queue
[2025-03-06T23:46:27.445+0100] {logging_mixin.py:190} INFO - [2025-03-06T23:46:27.444+0100] {dagbag.py:588} INFO - Filling up the DagBag from /home/erij/Erij_Mazouz_4DS8_churn_ml_project/venv/lib/python3.8/site-packages/airflow/example_dags/example_branch_datetime_operator.py
[2025-03-06T23:46:27.455+0100] {processor.py:925} INFO - DAG(s) 'example_branch_datetime_operator_3', 'example_branch_datetime_operator_2', 'example_branch_datetime_operator' retrieved from /home/erij/Erij_Mazouz_4DS8_churn_ml_project/venv/lib/python3.8/site-packages/airflow/example_dags/example_branch_datetime_operator.py
[2025-03-06T23:46:27.470+0100] {logging_mixin.py:190} INFO - [2025-03-06T23:46:27.470+0100] {dag.py:3239} INFO - Sync 3 DAGs
[2025-03-06T23:46:27.487+0100] {logging_mixin.py:190} INFO - [2025-03-06T23:46:27.487+0100] {dag.py:4180} INFO - Setting next_dagrun for example_branch_datetime_operator to 2025-03-05 00:00:00+00:00, run_after=2025-03-06 00:00:00+00:00
[2025-03-06T23:46:27.490+0100] {logging_mixin.py:190} INFO - [2025-03-06T23:46:27.490+0100] {dag.py:4180} INFO - Setting next_dagrun for example_branch_datetime_operator_2 to 2025-03-05 00:00:00+00:00, run_after=2025-03-06 00:00:00+00:00
[2025-03-06T23:46:27.492+0100] {logging_mixin.py:190} INFO - [2025-03-06T23:46:27.492+0100] {dag.py:4180} INFO - Setting next_dagrun for example_branch_datetime_operator_3 to 2025-03-05 00:00:00+00:00, run_after=2025-03-06 00:00:00+00:00
[2025-03-06T23:46:27.508+0100] {processor.py:208} INFO - Processing /home/erij/Erij_Mazouz_4DS8_churn_ml_project/venv/lib/python3.8/site-packages/airflow/example_dags/example_branch_datetime_operator.py took 0.072 seconds
[2025-03-06T23:47:22.823+0100] {processor.py:186} INFO - Started process (PID=57411) to work on /home/erij/Erij_Mazouz_4DS8_churn_ml_project/venv/lib/python3.8/site-packages/airflow/example_dags/example_branch_datetime_operator.py
[2025-03-06T23:47:22.826+0100] {processor.py:914} INFO - Processing file /home/erij/Erij_Mazouz_4DS8_churn_ml_project/venv/lib/python3.8/site-packages/airflow/example_dags/example_branch_datetime_operator.py for tasks to queue
[2025-03-06T23:47:22.829+0100] {logging_mixin.py:190} INFO - [2025-03-06T23:47:22.828+0100] {dagbag.py:588} INFO - Filling up the DagBag from /home/erij/Erij_Mazouz_4DS8_churn_ml_project/venv/lib/python3.8/site-packages/airflow/example_dags/example_branch_datetime_operator.py
[2025-03-06T23:47:22.840+0100] {processor.py:925} INFO - DAG(s) 'example_branch_datetime_operator_3', 'example_branch_datetime_operator', 'example_branch_datetime_operator_2' retrieved from /home/erij/Erij_Mazouz_4DS8_churn_ml_project/venv/lib/python3.8/site-packages/airflow/example_dags/example_branch_datetime_operator.py
[2025-03-06T23:47:22.859+0100] {logging_mixin.py:190} INFO - [2025-03-06T23:47:22.858+0100] {dag.py:3239} INFO - Sync 3 DAGs
[2025-03-06T23:47:22.878+0100] {logging_mixin.py:190} INFO - [2025-03-06T23:47:22.877+0100] {dag.py:4180} INFO - Setting next_dagrun for example_branch_datetime_operator to 2025-03-05 00:00:00+00:00, run_after=2025-03-06 00:00:00+00:00
[2025-03-06T23:47:22.881+0100] {logging_mixin.py:190} INFO - [2025-03-06T23:47:22.881+0100] {dag.py:4180} INFO - Setting next_dagrun for example_branch_datetime_operator_2 to 2025-03-05 00:00:00+00:00, run_after=2025-03-06 00:00:00+00:00
[2025-03-06T23:47:22.883+0100] {logging_mixin.py:190} INFO - [2025-03-06T23:47:22.883+0100] {dag.py:4180} INFO - Setting next_dagrun for example_branch_datetime_operator_3 to 2025-03-05 00:00:00+00:00, run_after=2025-03-06 00:00:00+00:00
[2025-03-06T23:47:22.901+0100] {processor.py:208} INFO - Processing /home/erij/Erij_Mazouz_4DS8_churn_ml_project/venv/lib/python3.8/site-packages/airflow/example_dags/example_branch_datetime_operator.py took 0.083 seconds
[2025-03-06T23:48:21.757+0100] {processor.py:186} INFO - Started process (PID=57531) to work on /home/erij/Erij_Mazouz_4DS8_churn_ml_project/venv/lib/python3.8/site-packages/airflow/example_dags/example_branch_datetime_operator.py
[2025-03-06T23:48:21.758+0100] {processor.py:914} INFO - Processing file /home/erij/Erij_Mazouz_4DS8_churn_ml_project/venv/lib/python3.8/site-packages/airflow/example_dags/example_branch_datetime_operator.py for tasks to queue
[2025-03-06T23:48:21.760+0100] {logging_mixin.py:190} INFO - [2025-03-06T23:48:21.759+0100] {dagbag.py:588} INFO - Filling up the DagBag from /home/erij/Erij_Mazouz_4DS8_churn_ml_project/venv/lib/python3.8/site-packages/airflow/example_dags/example_branch_datetime_operator.py
[2025-03-06T23:48:21.770+0100] {processor.py:925} INFO - DAG(s) 'example_branch_datetime_operator_3', 'example_branch_datetime_operator', 'example_branch_datetime_operator_2' retrieved from /home/erij/Erij_Mazouz_4DS8_churn_ml_project/venv/lib/python3.8/site-packages/airflow/example_dags/example_branch_datetime_operator.py
[2025-03-06T23:48:21.786+0100] {logging_mixin.py:190} INFO - [2025-03-06T23:48:21.786+0100] {dag.py:3239} INFO - Sync 3 DAGs
[2025-03-06T23:48:21.803+0100] {logging_mixin.py:190} INFO - [2025-03-06T23:48:21.803+0100] {dag.py:4180} INFO - Setting next_dagrun for example_branch_datetime_operator to 2025-03-05 00:00:00+00:00, run_after=2025-03-06 00:00:00+00:00
[2025-03-06T23:48:21.806+0100] {logging_mixin.py:190} INFO - [2025-03-06T23:48:21.806+0100] {dag.py:4180} INFO - Setting next_dagrun for example_branch_datetime_operator_2 to 2025-03-05 00:00:00+00:00, run_after=2025-03-06 00:00:00+00:00
[2025-03-06T23:48:21.808+0100] {logging_mixin.py:190} INFO - [2025-03-06T23:48:21.808+0100] {dag.py:4180} INFO - Setting next_dagrun for example_branch_datetime_operator_3 to 2025-03-05 00:00:00+00:00, run_after=2025-03-06 00:00:00+00:00
[2025-03-06T23:48:21.822+0100] {processor.py:208} INFO - Processing /home/erij/Erij_Mazouz_4DS8_churn_ml_project/venv/lib/python3.8/site-packages/airflow/example_dags/example_branch_datetime_operator.py took 0.071 seconds
[2025-03-06T23:49:17.246+0100] {processor.py:186} INFO - Started process (PID=57648) to work on /home/erij/Erij_Mazouz_4DS8_churn_ml_project/venv/lib/python3.8/site-packages/airflow/example_dags/example_branch_datetime_operator.py
[2025-03-06T23:49:17.248+0100] {processor.py:914} INFO - Processing file /home/erij/Erij_Mazouz_4DS8_churn_ml_project/venv/lib/python3.8/site-packages/airflow/example_dags/example_branch_datetime_operator.py for tasks to queue
[2025-03-06T23:49:17.250+0100] {logging_mixin.py:190} INFO - [2025-03-06T23:49:17.250+0100] {dagbag.py:588} INFO - Filling up the DagBag from /home/erij/Erij_Mazouz_4DS8_churn_ml_project/venv/lib/python3.8/site-packages/airflow/example_dags/example_branch_datetime_operator.py
[2025-03-06T23:49:17.260+0100] {processor.py:925} INFO - DAG(s) 'example_branch_datetime_operator', 'example_branch_datetime_operator_3', 'example_branch_datetime_operator_2' retrieved from /home/erij/Erij_Mazouz_4DS8_churn_ml_project/venv/lib/python3.8/site-packages/airflow/example_dags/example_branch_datetime_operator.py
[2025-03-06T23:49:17.276+0100] {logging_mixin.py:190} INFO - [2025-03-06T23:49:17.276+0100] {dag.py:3239} INFO - Sync 3 DAGs
[2025-03-06T23:49:17.294+0100] {logging_mixin.py:190} INFO - [2025-03-06T23:49:17.294+0100] {dag.py:4180} INFO - Setting next_dagrun for example_branch_datetime_operator to 2025-03-05 00:00:00+00:00, run_after=2025-03-06 00:00:00+00:00
[2025-03-06T23:49:17.297+0100] {logging_mixin.py:190} INFO - [2025-03-06T23:49:17.297+0100] {dag.py:4180} INFO - Setting next_dagrun for example_branch_datetime_operator_2 to 2025-03-05 00:00:00+00:00, run_after=2025-03-06 00:00:00+00:00
[2025-03-06T23:49:17.299+0100] {logging_mixin.py:190} INFO - [2025-03-06T23:49:17.299+0100] {dag.py:4180} INFO - Setting next_dagrun for example_branch_datetime_operator_3 to 2025-03-05 00:00:00+00:00, run_after=2025-03-06 00:00:00+00:00
[2025-03-06T23:49:17.315+0100] {processor.py:208} INFO - Processing /home/erij/Erij_Mazouz_4DS8_churn_ml_project/venv/lib/python3.8/site-packages/airflow/example_dags/example_branch_datetime_operator.py took 0.074 seconds
[2025-03-06T23:50:11.859+0100] {processor.py:186} INFO - Started process (PID=57755) to work on /home/erij/Erij_Mazouz_4DS8_churn_ml_project/venv/lib/python3.8/site-packages/airflow/example_dags/example_branch_datetime_operator.py
[2025-03-06T23:50:11.860+0100] {processor.py:914} INFO - Processing file /home/erij/Erij_Mazouz_4DS8_churn_ml_project/venv/lib/python3.8/site-packages/airflow/example_dags/example_branch_datetime_operator.py for tasks to queue
[2025-03-06T23:50:11.862+0100] {logging_mixin.py:190} INFO - [2025-03-06T23:50:11.861+0100] {dagbag.py:588} INFO - Filling up the DagBag from /home/erij/Erij_Mazouz_4DS8_churn_ml_project/venv/lib/python3.8/site-packages/airflow/example_dags/example_branch_datetime_operator.py
[2025-03-06T23:50:11.873+0100] {processor.py:925} INFO - DAG(s) 'example_branch_datetime_operator_2', 'example_branch_datetime_operator', 'example_branch_datetime_operator_3' retrieved from /home/erij/Erij_Mazouz_4DS8_churn_ml_project/venv/lib/python3.8/site-packages/airflow/example_dags/example_branch_datetime_operator.py
[2025-03-06T23:50:11.891+0100] {logging_mixin.py:190} INFO - [2025-03-06T23:50:11.891+0100] {dag.py:3239} INFO - Sync 3 DAGs
[2025-03-06T23:50:11.911+0100] {logging_mixin.py:190} INFO - [2025-03-06T23:50:11.910+0100] {dag.py:4180} INFO - Setting next_dagrun for example_branch_datetime_operator to 2025-03-05 00:00:00+00:00, run_after=2025-03-06 00:00:00+00:00
[2025-03-06T23:50:11.914+0100] {logging_mixin.py:190} INFO - [2025-03-06T23:50:11.914+0100] {dag.py:4180} INFO - Setting next_dagrun for example_branch_datetime_operator_2 to 2025-03-05 00:00:00+00:00, run_after=2025-03-06 00:00:00+00:00
[2025-03-06T23:50:11.916+0100] {logging_mixin.py:190} INFO - [2025-03-06T23:50:11.916+0100] {dag.py:4180} INFO - Setting next_dagrun for example_branch_datetime_operator_3 to 2025-03-05 00:00:00+00:00, run_after=2025-03-06 00:00:00+00:00
[2025-03-06T23:50:11.931+0100] {processor.py:208} INFO - Processing /home/erij/Erij_Mazouz_4DS8_churn_ml_project/venv/lib/python3.8/site-packages/airflow/example_dags/example_branch_datetime_operator.py took 0.078 seconds
[2025-03-06T23:51:07.535+0100] {processor.py:186} INFO - Started process (PID=57869) to work on /home/erij/Erij_Mazouz_4DS8_churn_ml_project/venv/lib/python3.8/site-packages/airflow/example_dags/example_branch_datetime_operator.py
[2025-03-06T23:51:07.536+0100] {processor.py:914} INFO - Processing file /home/erij/Erij_Mazouz_4DS8_churn_ml_project/venv/lib/python3.8/site-packages/airflow/example_dags/example_branch_datetime_operator.py for tasks to queue
[2025-03-06T23:51:07.537+0100] {logging_mixin.py:190} INFO - [2025-03-06T23:51:07.537+0100] {dagbag.py:588} INFO - Filling up the DagBag from /home/erij/Erij_Mazouz_4DS8_churn_ml_project/venv/lib/python3.8/site-packages/airflow/example_dags/example_branch_datetime_operator.py
[2025-03-06T23:51:07.547+0100] {processor.py:925} INFO - DAG(s) 'example_branch_datetime_operator_3', 'example_branch_datetime_operator', 'example_branch_datetime_operator_2' retrieved from /home/erij/Erij_Mazouz_4DS8_churn_ml_project/venv/lib/python3.8/site-packages/airflow/example_dags/example_branch_datetime_operator.py
[2025-03-06T23:51:07.562+0100] {logging_mixin.py:190} INFO - [2025-03-06T23:51:07.562+0100] {dag.py:3239} INFO - Sync 3 DAGs
[2025-03-06T23:51:07.579+0100] {logging_mixin.py:190} INFO - [2025-03-06T23:51:07.578+0100] {dag.py:4180} INFO - Setting next_dagrun for example_branch_datetime_operator to 2025-03-05 00:00:00+00:00, run_after=2025-03-06 00:00:00+00:00
[2025-03-06T23:51:07.583+0100] {logging_mixin.py:190} INFO - [2025-03-06T23:51:07.583+0100] {dag.py:4180} INFO - Setting next_dagrun for example_branch_datetime_operator_2 to 2025-03-05 00:00:00+00:00, run_after=2025-03-06 00:00:00+00:00
[2025-03-06T23:51:07.585+0100] {logging_mixin.py:190} INFO - [2025-03-06T23:51:07.585+0100] {dag.py:4180} INFO - Setting next_dagrun for example_branch_datetime_operator_3 to 2025-03-05 00:00:00+00:00, run_after=2025-03-06 00:00:00+00:00
[2025-03-06T23:51:07.599+0100] {processor.py:208} INFO - Processing /home/erij/Erij_Mazouz_4DS8_churn_ml_project/venv/lib/python3.8/site-packages/airflow/example_dags/example_branch_datetime_operator.py took 0.069 seconds
[2025-03-06T23:52:02.480+0100] {processor.py:186} INFO - Started process (PID=57979) to work on /home/erij/Erij_Mazouz_4DS8_churn_ml_project/venv/lib/python3.8/site-packages/airflow/example_dags/example_branch_datetime_operator.py
[2025-03-06T23:52:02.481+0100] {processor.py:914} INFO - Processing file /home/erij/Erij_Mazouz_4DS8_churn_ml_project/venv/lib/python3.8/site-packages/airflow/example_dags/example_branch_datetime_operator.py for tasks to queue
[2025-03-06T23:52:02.483+0100] {logging_mixin.py:190} INFO - [2025-03-06T23:52:02.483+0100] {dagbag.py:588} INFO - Filling up the DagBag from /home/erij/Erij_Mazouz_4DS8_churn_ml_project/venv/lib/python3.8/site-packages/airflow/example_dags/example_branch_datetime_operator.py
[2025-03-06T23:52:02.493+0100] {processor.py:925} INFO - DAG(s) 'example_branch_datetime_operator_2', 'example_branch_datetime_operator', 'example_branch_datetime_operator_3' retrieved from /home/erij/Erij_Mazouz_4DS8_churn_ml_project/venv/lib/python3.8/site-packages/airflow/example_dags/example_branch_datetime_operator.py
[2025-03-06T23:52:02.509+0100] {logging_mixin.py:190} INFO - [2025-03-06T23:52:02.508+0100] {dag.py:3239} INFO - Sync 3 DAGs
[2025-03-06T23:52:02.526+0100] {logging_mixin.py:190} INFO - [2025-03-06T23:52:02.525+0100] {dag.py:4180} INFO - Setting next_dagrun for example_branch_datetime_operator to 2025-03-05 00:00:00+00:00, run_after=2025-03-06 00:00:00+00:00
[2025-03-06T23:52:02.529+0100] {logging_mixin.py:190} INFO - [2025-03-06T23:52:02.529+0100] {dag.py:4180} INFO - Setting next_dagrun for example_branch_datetime_operator_2 to 2025-03-05 00:00:00+00:00, run_after=2025-03-06 00:00:00+00:00
[2025-03-06T23:52:02.530+0100] {logging_mixin.py:190} INFO - [2025-03-06T23:52:02.530+0100] {dag.py:4180} INFO - Setting next_dagrun for example_branch_datetime_operator_3 to 2025-03-05 00:00:00+00:00, run_after=2025-03-06 00:00:00+00:00
[2025-03-06T23:52:02.546+0100] {processor.py:208} INFO - Processing /home/erij/Erij_Mazouz_4DS8_churn_ml_project/venv/lib/python3.8/site-packages/airflow/example_dags/example_branch_datetime_operator.py took 0.071 seconds
[2025-03-06T23:52:59.733+0100] {processor.py:186} INFO - Started process (PID=58098) to work on /home/erij/Erij_Mazouz_4DS8_churn_ml_project/venv/lib/python3.8/site-packages/airflow/example_dags/example_branch_datetime_operator.py
[2025-03-06T23:52:59.734+0100] {processor.py:914} INFO - Processing file /home/erij/Erij_Mazouz_4DS8_churn_ml_project/venv/lib/python3.8/site-packages/airflow/example_dags/example_branch_datetime_operator.py for tasks to queue
[2025-03-06T23:52:59.736+0100] {logging_mixin.py:190} INFO - [2025-03-06T23:52:59.736+0100] {dagbag.py:588} INFO - Filling up the DagBag from /home/erij/Erij_Mazouz_4DS8_churn_ml_project/venv/lib/python3.8/site-packages/airflow/example_dags/example_branch_datetime_operator.py
[2025-03-06T23:52:59.747+0100] {processor.py:925} INFO - DAG(s) 'example_branch_datetime_operator_2', 'example_branch_datetime_operator_3', 'example_branch_datetime_operator' retrieved from /home/erij/Erij_Mazouz_4DS8_churn_ml_project/venv/lib/python3.8/site-packages/airflow/example_dags/example_branch_datetime_operator.py
[2025-03-06T23:52:59.765+0100] {logging_mixin.py:190} INFO - [2025-03-06T23:52:59.764+0100] {dag.py:3239} INFO - Sync 3 DAGs
[2025-03-06T23:52:59.784+0100] {logging_mixin.py:190} INFO - [2025-03-06T23:52:59.783+0100] {dag.py:4180} INFO - Setting next_dagrun for example_branch_datetime_operator to 2025-03-05 00:00:00+00:00, run_after=2025-03-06 00:00:00+00:00
[2025-03-06T23:52:59.787+0100] {logging_mixin.py:190} INFO - [2025-03-06T23:52:59.787+0100] {dag.py:4180} INFO - Setting next_dagrun for example_branch_datetime_operator_2 to 2025-03-05 00:00:00+00:00, run_after=2025-03-06 00:00:00+00:00
[2025-03-06T23:52:59.789+0100] {logging_mixin.py:190} INFO - [2025-03-06T23:52:59.789+0100] {dag.py:4180} INFO - Setting next_dagrun for example_branch_datetime_operator_3 to 2025-03-05 00:00:00+00:00, run_after=2025-03-06 00:00:00+00:00
[2025-03-06T23:52:59.805+0100] {processor.py:208} INFO - Processing /home/erij/Erij_Mazouz_4DS8_churn_ml_project/venv/lib/python3.8/site-packages/airflow/example_dags/example_branch_datetime_operator.py took 0.077 seconds
[2025-03-06T23:53:56.269+0100] {processor.py:186} INFO - Started process (PID=58231) to work on /home/erij/Erij_Mazouz_4DS8_churn_ml_project/venv/lib/python3.8/site-packages/airflow/example_dags/example_branch_datetime_operator.py
[2025-03-06T23:53:56.271+0100] {processor.py:914} INFO - Processing file /home/erij/Erij_Mazouz_4DS8_churn_ml_project/venv/lib/python3.8/site-packages/airflow/example_dags/example_branch_datetime_operator.py for tasks to queue
[2025-03-06T23:53:56.272+0100] {logging_mixin.py:190} INFO - [2025-03-06T23:53:56.272+0100] {dagbag.py:588} INFO - Filling up the DagBag from /home/erij/Erij_Mazouz_4DS8_churn_ml_project/venv/lib/python3.8/site-packages/airflow/example_dags/example_branch_datetime_operator.py
[2025-03-06T23:53:56.283+0100] {processor.py:925} INFO - DAG(s) 'example_branch_datetime_operator', 'example_branch_datetime_operator_2', 'example_branch_datetime_operator_3' retrieved from /home/erij/Erij_Mazouz_4DS8_churn_ml_project/venv/lib/python3.8/site-packages/airflow/example_dags/example_branch_datetime_operator.py
[2025-03-06T23:53:56.300+0100] {logging_mixin.py:190} INFO - [2025-03-06T23:53:56.300+0100] {dag.py:3239} INFO - Sync 3 DAGs
[2025-03-06T23:53:56.319+0100] {logging_mixin.py:190} INFO - [2025-03-06T23:53:56.319+0100] {dag.py:4180} INFO - Setting next_dagrun for example_branch_datetime_operator to 2025-03-05 00:00:00+00:00, run_after=2025-03-06 00:00:00+00:00
[2025-03-06T23:53:56.322+0100] {logging_mixin.py:190} INFO - [2025-03-06T23:53:56.322+0100] {dag.py:4180} INFO - Setting next_dagrun for example_branch_datetime_operator_2 to 2025-03-05 00:00:00+00:00, run_after=2025-03-06 00:00:00+00:00
[2025-03-06T23:53:56.324+0100] {logging_mixin.py:190} INFO - [2025-03-06T23:53:56.324+0100] {dag.py:4180} INFO - Setting next_dagrun for example_branch_datetime_operator_3 to 2025-03-05 00:00:00+00:00, run_after=2025-03-06 00:00:00+00:00
[2025-03-06T23:53:56.341+0100] {processor.py:208} INFO - Processing /home/erij/Erij_Mazouz_4DS8_churn_ml_project/venv/lib/python3.8/site-packages/airflow/example_dags/example_branch_datetime_operator.py took 0.077 seconds
[2025-03-06T23:54:53.713+0100] {processor.py:186} INFO - Started process (PID=58596) to work on /home/erij/Erij_Mazouz_4DS8_churn_ml_project/venv/lib/python3.8/site-packages/airflow/example_dags/example_branch_datetime_operator.py
[2025-03-06T23:54:53.715+0100] {processor.py:914} INFO - Processing file /home/erij/Erij_Mazouz_4DS8_churn_ml_project/venv/lib/python3.8/site-packages/airflow/example_dags/example_branch_datetime_operator.py for tasks to queue
[2025-03-06T23:54:53.717+0100] {logging_mixin.py:190} INFO - [2025-03-06T23:54:53.717+0100] {dagbag.py:588} INFO - Filling up the DagBag from /home/erij/Erij_Mazouz_4DS8_churn_ml_project/venv/lib/python3.8/site-packages/airflow/example_dags/example_branch_datetime_operator.py
[2025-03-06T23:54:53.727+0100] {processor.py:925} INFO - DAG(s) 'example_branch_datetime_operator_3', 'example_branch_datetime_operator_2', 'example_branch_datetime_operator' retrieved from /home/erij/Erij_Mazouz_4DS8_churn_ml_project/venv/lib/python3.8/site-packages/airflow/example_dags/example_branch_datetime_operator.py
[2025-03-06T23:54:53.743+0100] {logging_mixin.py:190} INFO - [2025-03-06T23:54:53.743+0100] {dag.py:3239} INFO - Sync 3 DAGs
[2025-03-06T23:54:53.760+0100] {logging_mixin.py:190} INFO - [2025-03-06T23:54:53.760+0100] {dag.py:4180} INFO - Setting next_dagrun for example_branch_datetime_operator to 2025-03-05 00:00:00+00:00, run_after=2025-03-06 00:00:00+00:00
[2025-03-06T23:54:53.763+0100] {logging_mixin.py:190} INFO - [2025-03-06T23:54:53.763+0100] {dag.py:4180} INFO - Setting next_dagrun for example_branch_datetime_operator_2 to 2025-03-05 00:00:00+00:00, run_after=2025-03-06 00:00:00+00:00
[2025-03-06T23:54:53.765+0100] {logging_mixin.py:190} INFO - [2025-03-06T23:54:53.764+0100] {dag.py:4180} INFO - Setting next_dagrun for example_branch_datetime_operator_3 to 2025-03-05 00:00:00+00:00, run_after=2025-03-06 00:00:00+00:00
[2025-03-06T23:54:53.783+0100] {processor.py:208} INFO - Processing /home/erij/Erij_Mazouz_4DS8_churn_ml_project/venv/lib/python3.8/site-packages/airflow/example_dags/example_branch_datetime_operator.py took 0.074 seconds
[2025-03-06T23:55:51.906+0100] {processor.py:186} INFO - Started process (PID=59159) to work on /home/erij/Erij_Mazouz_4DS8_churn_ml_project/venv/lib/python3.8/site-packages/airflow/example_dags/example_branch_datetime_operator.py
[2025-03-06T23:55:51.908+0100] {processor.py:914} INFO - Processing file /home/erij/Erij_Mazouz_4DS8_churn_ml_project/venv/lib/python3.8/site-packages/airflow/example_dags/example_branch_datetime_operator.py for tasks to queue
[2025-03-06T23:55:51.909+0100] {logging_mixin.py:190} INFO - [2025-03-06T23:55:51.909+0100] {dagbag.py:588} INFO - Filling up the DagBag from /home/erij/Erij_Mazouz_4DS8_churn_ml_project/venv/lib/python3.8/site-packages/airflow/example_dags/example_branch_datetime_operator.py
[2025-03-06T23:55:51.919+0100] {processor.py:925} INFO - DAG(s) 'example_branch_datetime_operator_2', 'example_branch_datetime_operator', 'example_branch_datetime_operator_3' retrieved from /home/erij/Erij_Mazouz_4DS8_churn_ml_project/venv/lib/python3.8/site-packages/airflow/example_dags/example_branch_datetime_operator.py
[2025-03-06T23:55:51.935+0100] {logging_mixin.py:190} INFO - [2025-03-06T23:55:51.935+0100] {dag.py:3239} INFO - Sync 3 DAGs
[2025-03-06T23:55:51.952+0100] {logging_mixin.py:190} INFO - [2025-03-06T23:55:51.952+0100] {dag.py:4180} INFO - Setting next_dagrun for example_branch_datetime_operator to 2025-03-05 00:00:00+00:00, run_after=2025-03-06 00:00:00+00:00
[2025-03-06T23:55:51.956+0100] {logging_mixin.py:190} INFO - [2025-03-06T23:55:51.955+0100] {dag.py:4180} INFO - Setting next_dagrun for example_branch_datetime_operator_2 to 2025-03-05 00:00:00+00:00, run_after=2025-03-06 00:00:00+00:00
[2025-03-06T23:55:51.957+0100] {logging_mixin.py:190} INFO - [2025-03-06T23:55:51.957+0100] {dag.py:4180} INFO - Setting next_dagrun for example_branch_datetime_operator_3 to 2025-03-05 00:00:00+00:00, run_after=2025-03-06 00:00:00+00:00
[2025-03-06T23:55:51.973+0100] {processor.py:208} INFO - Processing /home/erij/Erij_Mazouz_4DS8_churn_ml_project/venv/lib/python3.8/site-packages/airflow/example_dags/example_branch_datetime_operator.py took 0.072 seconds
[2025-03-06T23:56:47.913+0100] {processor.py:186} INFO - Started process (PID=59287) to work on /home/erij/Erij_Mazouz_4DS8_churn_ml_project/venv/lib/python3.8/site-packages/airflow/example_dags/example_branch_datetime_operator.py
[2025-03-06T23:56:47.914+0100] {processor.py:914} INFO - Processing file /home/erij/Erij_Mazouz_4DS8_churn_ml_project/venv/lib/python3.8/site-packages/airflow/example_dags/example_branch_datetime_operator.py for tasks to queue
[2025-03-06T23:56:47.916+0100] {logging_mixin.py:190} INFO - [2025-03-06T23:56:47.916+0100] {dagbag.py:588} INFO - Filling up the DagBag from /home/erij/Erij_Mazouz_4DS8_churn_ml_project/venv/lib/python3.8/site-packages/airflow/example_dags/example_branch_datetime_operator.py
[2025-03-06T23:56:47.925+0100] {processor.py:925} INFO - DAG(s) 'example_branch_datetime_operator', 'example_branch_datetime_operator_3', 'example_branch_datetime_operator_2' retrieved from /home/erij/Erij_Mazouz_4DS8_churn_ml_project/venv/lib/python3.8/site-packages/airflow/example_dags/example_branch_datetime_operator.py
[2025-03-06T23:56:47.945+0100] {logging_mixin.py:190} INFO - [2025-03-06T23:56:47.944+0100] {dag.py:3239} INFO - Sync 3 DAGs
[2025-03-06T23:56:47.962+0100] {logging_mixin.py:190} INFO - [2025-03-06T23:56:47.962+0100] {dag.py:4180} INFO - Setting next_dagrun for example_branch_datetime_operator to 2025-03-05 00:00:00+00:00, run_after=2025-03-06 00:00:00+00:00
[2025-03-06T23:56:47.966+0100] {logging_mixin.py:190} INFO - [2025-03-06T23:56:47.966+0100] {dag.py:4180} INFO - Setting next_dagrun for example_branch_datetime_operator_2 to 2025-03-05 00:00:00+00:00, run_after=2025-03-06 00:00:00+00:00
[2025-03-06T23:56:47.967+0100] {logging_mixin.py:190} INFO - [2025-03-06T23:56:47.967+0100] {dag.py:4180} INFO - Setting next_dagrun for example_branch_datetime_operator_3 to 2025-03-05 00:00:00+00:00, run_after=2025-03-06 00:00:00+00:00
[2025-03-06T23:56:47.981+0100] {processor.py:208} INFO - Processing /home/erij/Erij_Mazouz_4DS8_churn_ml_project/venv/lib/python3.8/site-packages/airflow/example_dags/example_branch_datetime_operator.py took 0.074 seconds
[2025-03-06T23:57:42.078+0100] {processor.py:186} INFO - Started process (PID=59413) to work on /home/erij/Erij_Mazouz_4DS8_churn_ml_project/venv/lib/python3.8/site-packages/airflow/example_dags/example_branch_datetime_operator.py
[2025-03-06T23:57:42.080+0100] {processor.py:914} INFO - Processing file /home/erij/Erij_Mazouz_4DS8_churn_ml_project/venv/lib/python3.8/site-packages/airflow/example_dags/example_branch_datetime_operator.py for tasks to queue
[2025-03-06T23:57:42.082+0100] {logging_mixin.py:190} INFO - [2025-03-06T23:57:42.082+0100] {dagbag.py:588} INFO - Filling up the DagBag from /home/erij/Erij_Mazouz_4DS8_churn_ml_project/venv/lib/python3.8/site-packages/airflow/example_dags/example_branch_datetime_operator.py
[2025-03-06T23:57:42.091+0100] {processor.py:925} INFO - DAG(s) 'example_branch_datetime_operator', 'example_branch_datetime_operator_3', 'example_branch_datetime_operator_2' retrieved from /home/erij/Erij_Mazouz_4DS8_churn_ml_project/venv/lib/python3.8/site-packages/airflow/example_dags/example_branch_datetime_operator.py
[2025-03-06T23:57:42.106+0100] {logging_mixin.py:190} INFO - [2025-03-06T23:57:42.106+0100] {dag.py:3239} INFO - Sync 3 DAGs
[2025-03-06T23:57:42.123+0100] {logging_mixin.py:190} INFO - [2025-03-06T23:57:42.123+0100] {dag.py:4180} INFO - Setting next_dagrun for example_branch_datetime_operator to 2025-03-05 00:00:00+00:00, run_after=2025-03-06 00:00:00+00:00
[2025-03-06T23:57:42.126+0100] {logging_mixin.py:190} INFO - [2025-03-06T23:57:42.126+0100] {dag.py:4180} INFO - Setting next_dagrun for example_branch_datetime_operator_2 to 2025-03-05 00:00:00+00:00, run_after=2025-03-06 00:00:00+00:00
[2025-03-06T23:57:42.128+0100] {logging_mixin.py:190} INFO - [2025-03-06T23:57:42.128+0100] {dag.py:4180} INFO - Setting next_dagrun for example_branch_datetime_operator_3 to 2025-03-05 00:00:00+00:00, run_after=2025-03-06 00:00:00+00:00
[2025-03-06T23:57:42.142+0100] {processor.py:208} INFO - Processing /home/erij/Erij_Mazouz_4DS8_churn_ml_project/venv/lib/python3.8/site-packages/airflow/example_dags/example_branch_datetime_operator.py took 0.069 seconds
[2025-03-06T23:58:36.215+0100] {processor.py:186} INFO - Started process (PID=59565) to work on /home/erij/Erij_Mazouz_4DS8_churn_ml_project/venv/lib/python3.8/site-packages/airflow/example_dags/example_branch_datetime_operator.py
[2025-03-06T23:58:36.217+0100] {processor.py:914} INFO - Processing file /home/erij/Erij_Mazouz_4DS8_churn_ml_project/venv/lib/python3.8/site-packages/airflow/example_dags/example_branch_datetime_operator.py for tasks to queue
[2025-03-06T23:58:36.219+0100] {logging_mixin.py:190} INFO - [2025-03-06T23:58:36.218+0100] {dagbag.py:588} INFO - Filling up the DagBag from /home/erij/Erij_Mazouz_4DS8_churn_ml_project/venv/lib/python3.8/site-packages/airflow/example_dags/example_branch_datetime_operator.py
[2025-03-06T23:58:36.229+0100] {processor.py:925} INFO - DAG(s) 'example_branch_datetime_operator', 'example_branch_datetime_operator_2', 'example_branch_datetime_operator_3' retrieved from /home/erij/Erij_Mazouz_4DS8_churn_ml_project/venv/lib/python3.8/site-packages/airflow/example_dags/example_branch_datetime_operator.py
[2025-03-06T23:58:36.244+0100] {logging_mixin.py:190} INFO - [2025-03-06T23:58:36.244+0100] {dag.py:3239} INFO - Sync 3 DAGs
[2025-03-06T23:58:36.261+0100] {logging_mixin.py:190} INFO - [2025-03-06T23:58:36.261+0100] {dag.py:4180} INFO - Setting next_dagrun for example_branch_datetime_operator to 2025-03-05 00:00:00+00:00, run_after=2025-03-06 00:00:00+00:00
[2025-03-06T23:58:36.264+0100] {logging_mixin.py:190} INFO - [2025-03-06T23:58:36.264+0100] {dag.py:4180} INFO - Setting next_dagrun for example_branch_datetime_operator_2 to 2025-03-05 00:00:00+00:00, run_after=2025-03-06 00:00:00+00:00
[2025-03-06T23:58:36.266+0100] {logging_mixin.py:190} INFO - [2025-03-06T23:58:36.265+0100] {dag.py:4180} INFO - Setting next_dagrun for example_branch_datetime_operator_3 to 2025-03-05 00:00:00+00:00, run_after=2025-03-06 00:00:00+00:00
[2025-03-06T23:58:36.281+0100] {processor.py:208} INFO - Processing /home/erij/Erij_Mazouz_4DS8_churn_ml_project/venv/lib/python3.8/site-packages/airflow/example_dags/example_branch_datetime_operator.py took 0.071 seconds
[2025-03-06T23:59:26.808+0100] {processor.py:186} INFO - Started process (PID=59706) to work on /home/erij/Erij_Mazouz_4DS8_churn_ml_project/venv/lib/python3.8/site-packages/airflow/example_dags/example_branch_datetime_operator.py
[2025-03-06T23:59:26.811+0100] {processor.py:914} INFO - Processing file /home/erij/Erij_Mazouz_4DS8_churn_ml_project/venv/lib/python3.8/site-packages/airflow/example_dags/example_branch_datetime_operator.py for tasks to queue
[2025-03-06T23:59:26.812+0100] {logging_mixin.py:190} INFO - [2025-03-06T23:59:26.812+0100] {dagbag.py:588} INFO - Filling up the DagBag from /home/erij/Erij_Mazouz_4DS8_churn_ml_project/venv/lib/python3.8/site-packages/airflow/example_dags/example_branch_datetime_operator.py
[2025-03-06T23:59:26.822+0100] {processor.py:925} INFO - DAG(s) 'example_branch_datetime_operator', 'example_branch_datetime_operator_3', 'example_branch_datetime_operator_2' retrieved from /home/erij/Erij_Mazouz_4DS8_churn_ml_project/venv/lib/python3.8/site-packages/airflow/example_dags/example_branch_datetime_operator.py
[2025-03-06T23:59:26.838+0100] {logging_mixin.py:190} INFO - [2025-03-06T23:59:26.838+0100] {dag.py:3239} INFO - Sync 3 DAGs
[2025-03-06T23:59:26.855+0100] {logging_mixin.py:190} INFO - [2025-03-06T23:59:26.855+0100] {dag.py:4180} INFO - Setting next_dagrun for example_branch_datetime_operator to 2025-03-05 00:00:00+00:00, run_after=2025-03-06 00:00:00+00:00
[2025-03-06T23:59:26.858+0100] {logging_mixin.py:190} INFO - [2025-03-06T23:59:26.858+0100] {dag.py:4180} INFO - Setting next_dagrun for example_branch_datetime_operator_2 to 2025-03-05 00:00:00+00:00, run_after=2025-03-06 00:00:00+00:00
[2025-03-06T23:59:26.860+0100] {logging_mixin.py:190} INFO - [2025-03-06T23:59:26.860+0100] {dag.py:4180} INFO - Setting next_dagrun for example_branch_datetime_operator_3 to 2025-03-05 00:00:00+00:00, run_after=2025-03-06 00:00:00+00:00
[2025-03-06T23:59:26.875+0100] {processor.py:208} INFO - Processing /home/erij/Erij_Mazouz_4DS8_churn_ml_project/venv/lib/python3.8/site-packages/airflow/example_dags/example_branch_datetime_operator.py took 0.071 seconds
[2025-03-07T00:00:19.646+0100] {processor.py:186} INFO - Started process (PID=59887) to work on /home/erij/Erij_Mazouz_4DS8_churn_ml_project/venv/lib/python3.8/site-packages/airflow/example_dags/example_branch_datetime_operator.py
[2025-03-07T00:00:19.647+0100] {processor.py:914} INFO - Processing file /home/erij/Erij_Mazouz_4DS8_churn_ml_project/venv/lib/python3.8/site-packages/airflow/example_dags/example_branch_datetime_operator.py for tasks to queue
[2025-03-07T00:00:19.649+0100] {logging_mixin.py:190} INFO - [2025-03-07T00:00:19.649+0100] {dagbag.py:588} INFO - Filling up the DagBag from /home/erij/Erij_Mazouz_4DS8_churn_ml_project/venv/lib/python3.8/site-packages/airflow/example_dags/example_branch_datetime_operator.py
[2025-03-07T00:00:19.660+0100] {processor.py:925} INFO - DAG(s) 'example_branch_datetime_operator', 'example_branch_datetime_operator_3', 'example_branch_datetime_operator_2' retrieved from /home/erij/Erij_Mazouz_4DS8_churn_ml_project/venv/lib/python3.8/site-packages/airflow/example_dags/example_branch_datetime_operator.py
[2025-03-07T00:00:19.677+0100] {logging_mixin.py:190} INFO - [2025-03-07T00:00:19.677+0100] {dag.py:3239} INFO - Sync 3 DAGs
[2025-03-07T00:00:19.697+0100] {logging_mixin.py:190} INFO - [2025-03-07T00:00:19.697+0100] {dag.py:4180} INFO - Setting next_dagrun for example_branch_datetime_operator to 2025-03-05 00:00:00+00:00, run_after=2025-03-06 00:00:00+00:00
[2025-03-07T00:00:19.701+0100] {logging_mixin.py:190} INFO - [2025-03-07T00:00:19.701+0100] {dag.py:4180} INFO - Setting next_dagrun for example_branch_datetime_operator_2 to 2025-03-05 00:00:00+00:00, run_after=2025-03-06 00:00:00+00:00
[2025-03-07T00:00:19.703+0100] {logging_mixin.py:190} INFO - [2025-03-07T00:00:19.703+0100] {dag.py:4180} INFO - Setting next_dagrun for example_branch_datetime_operator_3 to 2025-03-05 00:00:00+00:00, run_after=2025-03-06 00:00:00+00:00
[2025-03-07T00:00:19.726+0100] {processor.py:208} INFO - Processing /home/erij/Erij_Mazouz_4DS8_churn_ml_project/venv/lib/python3.8/site-packages/airflow/example_dags/example_branch_datetime_operator.py took 0.086 seconds
[2025-03-07T00:01:12.114+0100] {processor.py:186} INFO - Started process (PID=60072) to work on /home/erij/Erij_Mazouz_4DS8_churn_ml_project/venv/lib/python3.8/site-packages/airflow/example_dags/example_branch_datetime_operator.py
[2025-03-07T00:01:12.116+0100] {processor.py:914} INFO - Processing file /home/erij/Erij_Mazouz_4DS8_churn_ml_project/venv/lib/python3.8/site-packages/airflow/example_dags/example_branch_datetime_operator.py for tasks to queue
[2025-03-07T00:01:12.118+0100] {logging_mixin.py:190} INFO - [2025-03-07T00:01:12.118+0100] {dagbag.py:588} INFO - Filling up the DagBag from /home/erij/Erij_Mazouz_4DS8_churn_ml_project/venv/lib/python3.8/site-packages/airflow/example_dags/example_branch_datetime_operator.py
[2025-03-07T00:01:12.128+0100] {processor.py:925} INFO - DAG(s) 'example_branch_datetime_operator', 'example_branch_datetime_operator_3', 'example_branch_datetime_operator_2' retrieved from /home/erij/Erij_Mazouz_4DS8_churn_ml_project/venv/lib/python3.8/site-packages/airflow/example_dags/example_branch_datetime_operator.py
[2025-03-07T00:01:12.147+0100] {logging_mixin.py:190} INFO - [2025-03-07T00:01:12.147+0100] {dag.py:3239} INFO - Sync 3 DAGs
[2025-03-07T00:01:12.165+0100] {logging_mixin.py:190} INFO - [2025-03-07T00:01:12.165+0100] {dag.py:4180} INFO - Setting next_dagrun for example_branch_datetime_operator to 2025-03-05 00:00:00+00:00, run_after=2025-03-06 00:00:00+00:00
[2025-03-07T00:01:12.169+0100] {logging_mixin.py:190} INFO - [2025-03-07T00:01:12.169+0100] {dag.py:4180} INFO - Setting next_dagrun for example_branch_datetime_operator_2 to 2025-03-05 00:00:00+00:00, run_after=2025-03-06 00:00:00+00:00
[2025-03-07T00:01:12.171+0100] {logging_mixin.py:190} INFO - [2025-03-07T00:01:12.170+0100] {dag.py:4180} INFO - Setting next_dagrun for example_branch_datetime_operator_3 to 2025-03-05 00:00:00+00:00, run_after=2025-03-06 00:00:00+00:00
[2025-03-07T00:01:12.186+0100] {processor.py:208} INFO - Processing /home/erij/Erij_Mazouz_4DS8_churn_ml_project/venv/lib/python3.8/site-packages/airflow/example_dags/example_branch_datetime_operator.py took 0.077 seconds
[2025-03-07T00:02:05.594+0100] {processor.py:186} INFO - Started process (PID=60237) to work on /home/erij/Erij_Mazouz_4DS8_churn_ml_project/venv/lib/python3.8/site-packages/airflow/example_dags/example_branch_datetime_operator.py
[2025-03-07T00:02:05.597+0100] {processor.py:914} INFO - Processing file /home/erij/Erij_Mazouz_4DS8_churn_ml_project/venv/lib/python3.8/site-packages/airflow/example_dags/example_branch_datetime_operator.py for tasks to queue
[2025-03-07T00:02:05.599+0100] {logging_mixin.py:190} INFO - [2025-03-07T00:02:05.598+0100] {dagbag.py:588} INFO - Filling up the DagBag from /home/erij/Erij_Mazouz_4DS8_churn_ml_project/venv/lib/python3.8/site-packages/airflow/example_dags/example_branch_datetime_operator.py
[2025-03-07T00:02:05.609+0100] {processor.py:925} INFO - DAG(s) 'example_branch_datetime_operator_2', 'example_branch_datetime_operator', 'example_branch_datetime_operator_3' retrieved from /home/erij/Erij_Mazouz_4DS8_churn_ml_project/venv/lib/python3.8/site-packages/airflow/example_dags/example_branch_datetime_operator.py
[2025-03-07T00:02:05.626+0100] {logging_mixin.py:190} INFO - [2025-03-07T00:02:05.626+0100] {dag.py:3239} INFO - Sync 3 DAGs
[2025-03-07T00:02:05.645+0100] {logging_mixin.py:190} INFO - [2025-03-07T00:02:05.645+0100] {dag.py:4180} INFO - Setting next_dagrun for example_branch_datetime_operator to 2025-03-05 00:00:00+00:00, run_after=2025-03-06 00:00:00+00:00
[2025-03-07T00:02:05.648+0100] {logging_mixin.py:190} INFO - [2025-03-07T00:02:05.648+0100] {dag.py:4180} INFO - Setting next_dagrun for example_branch_datetime_operator_2 to 2025-03-05 00:00:00+00:00, run_after=2025-03-06 00:00:00+00:00
[2025-03-07T00:02:05.650+0100] {logging_mixin.py:190} INFO - [2025-03-07T00:02:05.650+0100] {dag.py:4180} INFO - Setting next_dagrun for example_branch_datetime_operator_3 to 2025-03-05 00:00:00+00:00, run_after=2025-03-06 00:00:00+00:00
[2025-03-07T00:02:05.667+0100] {processor.py:208} INFO - Processing /home/erij/Erij_Mazouz_4DS8_churn_ml_project/venv/lib/python3.8/site-packages/airflow/example_dags/example_branch_datetime_operator.py took 0.078 seconds
[2025-03-07T00:03:04.847+0100] {processor.py:186} INFO - Started process (PID=60450) to work on /home/erij/Erij_Mazouz_4DS8_churn_ml_project/venv/lib/python3.8/site-packages/airflow/example_dags/example_branch_datetime_operator.py
[2025-03-07T00:03:04.849+0100] {processor.py:914} INFO - Processing file /home/erij/Erij_Mazouz_4DS8_churn_ml_project/venv/lib/python3.8/site-packages/airflow/example_dags/example_branch_datetime_operator.py for tasks to queue
[2025-03-07T00:03:04.851+0100] {logging_mixin.py:190} INFO - [2025-03-07T00:03:04.851+0100] {dagbag.py:588} INFO - Filling up the DagBag from /home/erij/Erij_Mazouz_4DS8_churn_ml_project/venv/lib/python3.8/site-packages/airflow/example_dags/example_branch_datetime_operator.py
[2025-03-07T00:03:04.861+0100] {processor.py:925} INFO - DAG(s) 'example_branch_datetime_operator', 'example_branch_datetime_operator_2', 'example_branch_datetime_operator_3' retrieved from /home/erij/Erij_Mazouz_4DS8_churn_ml_project/venv/lib/python3.8/site-packages/airflow/example_dags/example_branch_datetime_operator.py
[2025-03-07T00:03:04.876+0100] {logging_mixin.py:190} INFO - [2025-03-07T00:03:04.876+0100] {dag.py:3239} INFO - Sync 3 DAGs
[2025-03-07T00:03:04.894+0100] {logging_mixin.py:190} INFO - [2025-03-07T00:03:04.893+0100] {dag.py:4180} INFO - Setting next_dagrun for example_branch_datetime_operator to 2025-03-05 00:00:00+00:00, run_after=2025-03-06 00:00:00+00:00
[2025-03-07T00:03:04.897+0100] {logging_mixin.py:190} INFO - [2025-03-07T00:03:04.897+0100] {dag.py:4180} INFO - Setting next_dagrun for example_branch_datetime_operator_2 to 2025-03-05 00:00:00+00:00, run_after=2025-03-06 00:00:00+00:00
[2025-03-07T00:03:04.899+0100] {logging_mixin.py:190} INFO - [2025-03-07T00:03:04.899+0100] {dag.py:4180} INFO - Setting next_dagrun for example_branch_datetime_operator_3 to 2025-03-05 00:00:00+00:00, run_after=2025-03-06 00:00:00+00:00
[2025-03-07T00:03:04.917+0100] {processor.py:208} INFO - Processing /home/erij/Erij_Mazouz_4DS8_churn_ml_project/venv/lib/python3.8/site-packages/airflow/example_dags/example_branch_datetime_operator.py took 0.077 seconds
