[2025-03-06T23:39:35.678+0100] {processor.py:186} INFO - Started process (PID=56047) to work on /home/erij/Erij_Mazouz_4DS8_churn_ml_project/venv/lib/python3.8/site-packages/airflow/example_dags/example_setup_teardown.py
[2025-03-06T23:39:35.679+0100] {processor.py:914} INFO - Processing file /home/erij/Erij_Mazouz_4DS8_churn_ml_project/venv/lib/python3.8/site-packages/airflow/example_dags/example_setup_teardown.py for tasks to queue
[2025-03-06T23:39:35.682+0100] {logging_mixin.py:190} INFO - [2025-03-06T23:39:35.681+0100] {dagbag.py:588} INFO - Filling up the DagBag from /home/erij/Erij_Mazouz_4DS8_churn_ml_project/venv/lib/python3.8/site-packages/airflow/example_dags/example_setup_teardown.py
[2025-03-06T23:39:35.693+0100] {processor.py:925} INFO - DAG(s) 'example_setup_teardown' retrieved from /home/erij/Erij_Mazouz_4DS8_churn_ml_project/venv/lib/python3.8/site-packages/airflow/example_dags/example_setup_teardown.py
[2025-03-06T23:39:35.710+0100] {logging_mixin.py:190} INFO - [2025-03-06T23:39:35.709+0100] {dag.py:3239} INFO - Sync 1 DAGs
[2025-03-06T23:39:35.727+0100] {logging_mixin.py:190} INFO - [2025-03-06T23:39:35.727+0100] {dag.py:4180} INFO - Setting next_dagrun for example_setup_teardown to None, run_after=None
[2025-03-06T23:39:35.758+0100] {processor.py:208} INFO - Processing /home/erij/Erij_Mazouz_4DS8_churn_ml_project/venv/lib/python3.8/site-packages/airflow/example_dags/example_setup_teardown.py took 0.085 seconds
[2025-03-06T23:41:04.252+0100] {processor.py:186} INFO - Started process (PID=56540) to work on /home/erij/Erij_Mazouz_4DS8_churn_ml_project/venv/lib/python3.8/site-packages/airflow/example_dags/example_setup_teardown.py
[2025-03-06T23:41:04.254+0100] {processor.py:914} INFO - Processing file /home/erij/Erij_Mazouz_4DS8_churn_ml_project/venv/lib/python3.8/site-packages/airflow/example_dags/example_setup_teardown.py for tasks to queue
[2025-03-06T23:41:04.257+0100] {logging_mixin.py:190} INFO - [2025-03-06T23:41:04.256+0100] {dagbag.py:588} INFO - Filling up the DagBag from /home/erij/Erij_Mazouz_4DS8_churn_ml_project/venv/lib/python3.8/site-packages/airflow/example_dags/example_setup_teardown.py
[2025-03-06T23:41:04.266+0100] {processor.py:925} INFO - DAG(s) 'example_setup_teardown' retrieved from /home/erij/Erij_Mazouz_4DS8_churn_ml_project/venv/lib/python3.8/site-packages/airflow/example_dags/example_setup_teardown.py
[2025-03-06T23:41:04.281+0100] {logging_mixin.py:190} INFO - [2025-03-06T23:41:04.281+0100] {dag.py:3239} INFO - Sync 1 DAGs
[2025-03-06T23:41:04.295+0100] {logging_mixin.py:190} INFO - [2025-03-06T23:41:04.295+0100] {dag.py:4180} INFO - Setting next_dagrun for example_setup_teardown to None, run_after=None
[2025-03-06T23:41:04.315+0100] {processor.py:208} INFO - Processing /home/erij/Erij_Mazouz_4DS8_churn_ml_project/venv/lib/python3.8/site-packages/airflow/example_dags/example_setup_teardown.py took 0.069 seconds
[2025-03-06T23:42:00.814+0100] {processor.py:186} INFO - Started process (PID=56683) to work on /home/erij/Erij_Mazouz_4DS8_churn_ml_project/venv/lib/python3.8/site-packages/airflow/example_dags/example_setup_teardown.py
[2025-03-06T23:42:00.816+0100] {processor.py:914} INFO - Processing file /home/erij/Erij_Mazouz_4DS8_churn_ml_project/venv/lib/python3.8/site-packages/airflow/example_dags/example_setup_teardown.py for tasks to queue
[2025-03-06T23:42:00.818+0100] {logging_mixin.py:190} INFO - [2025-03-06T23:42:00.818+0100] {dagbag.py:588} INFO - Filling up the DagBag from /home/erij/Erij_Mazouz_4DS8_churn_ml_project/venv/lib/python3.8/site-packages/airflow/example_dags/example_setup_teardown.py
[2025-03-06T23:42:00.825+0100] {processor.py:925} INFO - DAG(s) 'example_setup_teardown' retrieved from /home/erij/Erij_Mazouz_4DS8_churn_ml_project/venv/lib/python3.8/site-packages/airflow/example_dags/example_setup_teardown.py
[2025-03-06T23:42:00.839+0100] {logging_mixin.py:190} INFO - [2025-03-06T23:42:00.839+0100] {dag.py:3239} INFO - Sync 1 DAGs
[2025-03-06T23:42:00.851+0100] {logging_mixin.py:190} INFO - [2025-03-06T23:42:00.851+0100] {dag.py:4180} INFO - Setting next_dagrun for example_setup_teardown to None, run_after=None
[2025-03-06T23:42:00.870+0100] {processor.py:208} INFO - Processing /home/erij/Erij_Mazouz_4DS8_churn_ml_project/venv/lib/python3.8/site-packages/airflow/example_dags/example_setup_teardown.py took 0.061 seconds
[2025-03-06T23:43:12.702+0100] {processor.py:186} INFO - Started process (PID=56852) to work on /home/erij/Erij_Mazouz_4DS8_churn_ml_project/venv/lib/python3.8/site-packages/airflow/example_dags/example_setup_teardown.py
[2025-03-06T23:43:12.704+0100] {processor.py:914} INFO - Processing file /home/erij/Erij_Mazouz_4DS8_churn_ml_project/venv/lib/python3.8/site-packages/airflow/example_dags/example_setup_teardown.py for tasks to queue
[2025-03-06T23:43:12.706+0100] {logging_mixin.py:190} INFO - [2025-03-06T23:43:12.706+0100] {dagbag.py:588} INFO - Filling up the DagBag from /home/erij/Erij_Mazouz_4DS8_churn_ml_project/venv/lib/python3.8/site-packages/airflow/example_dags/example_setup_teardown.py
[2025-03-06T23:43:12.714+0100] {processor.py:925} INFO - DAG(s) 'example_setup_teardown' retrieved from /home/erij/Erij_Mazouz_4DS8_churn_ml_project/venv/lib/python3.8/site-packages/airflow/example_dags/example_setup_teardown.py
[2025-03-06T23:43:12.727+0100] {logging_mixin.py:190} INFO - [2025-03-06T23:43:12.726+0100] {dag.py:3239} INFO - Sync 1 DAGs
[2025-03-06T23:43:12.737+0100] {logging_mixin.py:190} INFO - [2025-03-06T23:43:12.737+0100] {dag.py:4180} INFO - Setting next_dagrun for example_setup_teardown to None, run_after=None
[2025-03-06T23:43:12.755+0100] {processor.py:208} INFO - Processing /home/erij/Erij_Mazouz_4DS8_churn_ml_project/venv/lib/python3.8/site-packages/airflow/example_dags/example_setup_teardown.py took 0.058 seconds
[2025-03-06T23:44:06.375+0100] {processor.py:186} INFO - Started process (PID=56974) to work on /home/erij/Erij_Mazouz_4DS8_churn_ml_project/venv/lib/python3.8/site-packages/airflow/example_dags/example_setup_teardown.py
[2025-03-06T23:44:06.377+0100] {processor.py:914} INFO - Processing file /home/erij/Erij_Mazouz_4DS8_churn_ml_project/venv/lib/python3.8/site-packages/airflow/example_dags/example_setup_teardown.py for tasks to queue
[2025-03-06T23:44:06.379+0100] {logging_mixin.py:190} INFO - [2025-03-06T23:44:06.379+0100] {dagbag.py:588} INFO - Filling up the DagBag from /home/erij/Erij_Mazouz_4DS8_churn_ml_project/venv/lib/python3.8/site-packages/airflow/example_dags/example_setup_teardown.py
[2025-03-06T23:44:06.387+0100] {processor.py:925} INFO - DAG(s) 'example_setup_teardown' retrieved from /home/erij/Erij_Mazouz_4DS8_churn_ml_project/venv/lib/python3.8/site-packages/airflow/example_dags/example_setup_teardown.py
[2025-03-06T23:44:06.400+0100] {logging_mixin.py:190} INFO - [2025-03-06T23:44:06.400+0100] {dag.py:3239} INFO - Sync 1 DAGs
[2025-03-06T23:44:06.412+0100] {logging_mixin.py:190} INFO - [2025-03-06T23:44:06.412+0100] {dag.py:4180} INFO - Setting next_dagrun for example_setup_teardown to None, run_after=None
[2025-03-06T23:44:06.430+0100] {processor.py:208} INFO - Processing /home/erij/Erij_Mazouz_4DS8_churn_ml_project/venv/lib/python3.8/site-packages/airflow/example_dags/example_setup_teardown.py took 0.060 seconds
[2025-03-06T23:45:01.115+0100] {processor.py:186} INFO - Started process (PID=57127) to work on /home/erij/Erij_Mazouz_4DS8_churn_ml_project/venv/lib/python3.8/site-packages/airflow/example_dags/example_setup_teardown.py
[2025-03-06T23:45:01.116+0100] {processor.py:914} INFO - Processing file /home/erij/Erij_Mazouz_4DS8_churn_ml_project/venv/lib/python3.8/site-packages/airflow/example_dags/example_setup_teardown.py for tasks to queue
[2025-03-06T23:45:01.118+0100] {logging_mixin.py:190} INFO - [2025-03-06T23:45:01.118+0100] {dagbag.py:588} INFO - Filling up the DagBag from /home/erij/Erij_Mazouz_4DS8_churn_ml_project/venv/lib/python3.8/site-packages/airflow/example_dags/example_setup_teardown.py
[2025-03-06T23:45:01.125+0100] {processor.py:925} INFO - DAG(s) 'example_setup_teardown' retrieved from /home/erij/Erij_Mazouz_4DS8_churn_ml_project/venv/lib/python3.8/site-packages/airflow/example_dags/example_setup_teardown.py
[2025-03-06T23:45:01.138+0100] {logging_mixin.py:190} INFO - [2025-03-06T23:45:01.138+0100] {dag.py:3239} INFO - Sync 1 DAGs
[2025-03-06T23:45:01.149+0100] {logging_mixin.py:190} INFO - [2025-03-06T23:45:01.149+0100] {dag.py:4180} INFO - Setting next_dagrun for example_setup_teardown to None, run_after=None
[2025-03-06T23:45:01.177+0100] {processor.py:208} INFO - Processing /home/erij/Erij_Mazouz_4DS8_churn_ml_project/venv/lib/python3.8/site-packages/airflow/example_dags/example_setup_teardown.py took 0.067 seconds
[2025-03-06T23:45:58.578+0100] {processor.py:186} INFO - Started process (PID=57250) to work on /home/erij/Erij_Mazouz_4DS8_churn_ml_project/venv/lib/python3.8/site-packages/airflow/example_dags/example_setup_teardown.py
[2025-03-06T23:45:58.588+0100] {processor.py:914} INFO - Processing file /home/erij/Erij_Mazouz_4DS8_churn_ml_project/venv/lib/python3.8/site-packages/airflow/example_dags/example_setup_teardown.py for tasks to queue
[2025-03-06T23:45:58.590+0100] {logging_mixin.py:190} INFO - [2025-03-06T23:45:58.589+0100] {dagbag.py:588} INFO - Filling up the DagBag from /home/erij/Erij_Mazouz_4DS8_churn_ml_project/venv/lib/python3.8/site-packages/airflow/example_dags/example_setup_teardown.py
[2025-03-06T23:45:58.596+0100] {processor.py:925} INFO - DAG(s) 'example_setup_teardown' retrieved from /home/erij/Erij_Mazouz_4DS8_churn_ml_project/venv/lib/python3.8/site-packages/airflow/example_dags/example_setup_teardown.py
[2025-03-06T23:45:58.608+0100] {logging_mixin.py:190} INFO - [2025-03-06T23:45:58.608+0100] {dag.py:3239} INFO - Sync 1 DAGs
[2025-03-06T23:45:58.617+0100] {logging_mixin.py:190} INFO - [2025-03-06T23:45:58.617+0100] {dag.py:4180} INFO - Setting next_dagrun for example_setup_teardown to None, run_after=None
[2025-03-06T23:45:58.650+0100] {processor.py:208} INFO - Processing /home/erij/Erij_Mazouz_4DS8_churn_ml_project/venv/lib/python3.8/site-packages/airflow/example_dags/example_setup_teardown.py took 0.077 seconds
[2025-03-06T23:46:55.260+0100] {processor.py:186} INFO - Started process (PID=57369) to work on /home/erij/Erij_Mazouz_4DS8_churn_ml_project/venv/lib/python3.8/site-packages/airflow/example_dags/example_setup_teardown.py
[2025-03-06T23:46:55.262+0100] {processor.py:914} INFO - Processing file /home/erij/Erij_Mazouz_4DS8_churn_ml_project/venv/lib/python3.8/site-packages/airflow/example_dags/example_setup_teardown.py for tasks to queue
[2025-03-06T23:46:55.264+0100] {logging_mixin.py:190} INFO - [2025-03-06T23:46:55.264+0100] {dagbag.py:588} INFO - Filling up the DagBag from /home/erij/Erij_Mazouz_4DS8_churn_ml_project/venv/lib/python3.8/site-packages/airflow/example_dags/example_setup_teardown.py
[2025-03-06T23:46:55.270+0100] {processor.py:925} INFO - DAG(s) 'example_setup_teardown' retrieved from /home/erij/Erij_Mazouz_4DS8_churn_ml_project/venv/lib/python3.8/site-packages/airflow/example_dags/example_setup_teardown.py
[2025-03-06T23:46:55.282+0100] {logging_mixin.py:190} INFO - [2025-03-06T23:46:55.282+0100] {dag.py:3239} INFO - Sync 1 DAGs
[2025-03-06T23:46:55.292+0100] {logging_mixin.py:190} INFO - [2025-03-06T23:46:55.292+0100] {dag.py:4180} INFO - Setting next_dagrun for example_setup_teardown to None, run_after=None
[2025-03-06T23:46:55.311+0100] {processor.py:208} INFO - Processing /home/erij/Erij_Mazouz_4DS8_churn_ml_project/venv/lib/python3.8/site-packages/airflow/example_dags/example_setup_teardown.py took 0.055 seconds
[2025-03-06T23:47:51.257+0100] {processor.py:186} INFO - Started process (PID=57478) to work on /home/erij/Erij_Mazouz_4DS8_churn_ml_project/venv/lib/python3.8/site-packages/airflow/example_dags/example_setup_teardown.py
[2025-03-06T23:47:51.259+0100] {processor.py:914} INFO - Processing file /home/erij/Erij_Mazouz_4DS8_churn_ml_project/venv/lib/python3.8/site-packages/airflow/example_dags/example_setup_teardown.py for tasks to queue
[2025-03-06T23:47:51.260+0100] {logging_mixin.py:190} INFO - [2025-03-06T23:47:51.260+0100] {dagbag.py:588} INFO - Filling up the DagBag from /home/erij/Erij_Mazouz_4DS8_churn_ml_project/venv/lib/python3.8/site-packages/airflow/example_dags/example_setup_teardown.py
[2025-03-06T23:47:51.267+0100] {processor.py:925} INFO - DAG(s) 'example_setup_teardown' retrieved from /home/erij/Erij_Mazouz_4DS8_churn_ml_project/venv/lib/python3.8/site-packages/airflow/example_dags/example_setup_teardown.py
[2025-03-06T23:47:51.278+0100] {logging_mixin.py:190} INFO - [2025-03-06T23:47:51.278+0100] {dag.py:3239} INFO - Sync 1 DAGs
[2025-03-06T23:47:51.288+0100] {logging_mixin.py:190} INFO - [2025-03-06T23:47:51.288+0100] {dag.py:4180} INFO - Setting next_dagrun for example_setup_teardown to None, run_after=None
[2025-03-06T23:47:51.306+0100] {processor.py:208} INFO - Processing /home/erij/Erij_Mazouz_4DS8_churn_ml_project/venv/lib/python3.8/site-packages/airflow/example_dags/example_setup_teardown.py took 0.053 seconds
[2025-03-06T23:48:48.517+0100] {processor.py:186} INFO - Started process (PID=57596) to work on /home/erij/Erij_Mazouz_4DS8_churn_ml_project/venv/lib/python3.8/site-packages/airflow/example_dags/example_setup_teardown.py
[2025-03-06T23:48:48.519+0100] {processor.py:914} INFO - Processing file /home/erij/Erij_Mazouz_4DS8_churn_ml_project/venv/lib/python3.8/site-packages/airflow/example_dags/example_setup_teardown.py for tasks to queue
[2025-03-06T23:48:48.521+0100] {logging_mixin.py:190} INFO - [2025-03-06T23:48:48.521+0100] {dagbag.py:588} INFO - Filling up the DagBag from /home/erij/Erij_Mazouz_4DS8_churn_ml_project/venv/lib/python3.8/site-packages/airflow/example_dags/example_setup_teardown.py
[2025-03-06T23:48:48.528+0100] {processor.py:925} INFO - DAG(s) 'example_setup_teardown' retrieved from /home/erij/Erij_Mazouz_4DS8_churn_ml_project/venv/lib/python3.8/site-packages/airflow/example_dags/example_setup_teardown.py
[2025-03-06T23:48:48.542+0100] {logging_mixin.py:190} INFO - [2025-03-06T23:48:48.541+0100] {dag.py:3239} INFO - Sync 1 DAGs
[2025-03-06T23:48:48.553+0100] {logging_mixin.py:190} INFO - [2025-03-06T23:48:48.553+0100] {dag.py:4180} INFO - Setting next_dagrun for example_setup_teardown to None, run_after=None
[2025-03-06T23:48:48.569+0100] {processor.py:208} INFO - Processing /home/erij/Erij_Mazouz_4DS8_churn_ml_project/venv/lib/python3.8/site-packages/airflow/example_dags/example_setup_teardown.py took 0.058 seconds
[2025-03-06T23:49:45.036+0100] {processor.py:186} INFO - Started process (PID=57712) to work on /home/erij/Erij_Mazouz_4DS8_churn_ml_project/venv/lib/python3.8/site-packages/airflow/example_dags/example_setup_teardown.py
[2025-03-06T23:49:45.037+0100] {processor.py:914} INFO - Processing file /home/erij/Erij_Mazouz_4DS8_churn_ml_project/venv/lib/python3.8/site-packages/airflow/example_dags/example_setup_teardown.py for tasks to queue
[2025-03-06T23:49:45.039+0100] {logging_mixin.py:190} INFO - [2025-03-06T23:49:45.039+0100] {dagbag.py:588} INFO - Filling up the DagBag from /home/erij/Erij_Mazouz_4DS8_churn_ml_project/venv/lib/python3.8/site-packages/airflow/example_dags/example_setup_teardown.py
[2025-03-06T23:49:45.048+0100] {processor.py:925} INFO - DAG(s) 'example_setup_teardown' retrieved from /home/erij/Erij_Mazouz_4DS8_churn_ml_project/venv/lib/python3.8/site-packages/airflow/example_dags/example_setup_teardown.py
[2025-03-06T23:49:45.063+0100] {logging_mixin.py:190} INFO - [2025-03-06T23:49:45.063+0100] {dag.py:3239} INFO - Sync 1 DAGs
[2025-03-06T23:49:45.077+0100] {logging_mixin.py:190} INFO - [2025-03-06T23:49:45.076+0100] {dag.py:4180} INFO - Setting next_dagrun for example_setup_teardown to None, run_after=None
[2025-03-06T23:49:45.098+0100] {processor.py:208} INFO - Processing /home/erij/Erij_Mazouz_4DS8_churn_ml_project/venv/lib/python3.8/site-packages/airflow/example_dags/example_setup_teardown.py took 0.068 seconds
[2025-03-06T23:50:39.403+0100] {processor.py:186} INFO - Started process (PID=57820) to work on /home/erij/Erij_Mazouz_4DS8_churn_ml_project/venv/lib/python3.8/site-packages/airflow/example_dags/example_setup_teardown.py
[2025-03-06T23:50:39.405+0100] {processor.py:914} INFO - Processing file /home/erij/Erij_Mazouz_4DS8_churn_ml_project/venv/lib/python3.8/site-packages/airflow/example_dags/example_setup_teardown.py for tasks to queue
[2025-03-06T23:50:39.407+0100] {logging_mixin.py:190} INFO - [2025-03-06T23:50:39.407+0100] {dagbag.py:588} INFO - Filling up the DagBag from /home/erij/Erij_Mazouz_4DS8_churn_ml_project/venv/lib/python3.8/site-packages/airflow/example_dags/example_setup_teardown.py
[2025-03-06T23:50:39.415+0100] {processor.py:925} INFO - DAG(s) 'example_setup_teardown' retrieved from /home/erij/Erij_Mazouz_4DS8_churn_ml_project/venv/lib/python3.8/site-packages/airflow/example_dags/example_setup_teardown.py
[2025-03-06T23:50:39.427+0100] {logging_mixin.py:190} INFO - [2025-03-06T23:50:39.427+0100] {dag.py:3239} INFO - Sync 1 DAGs
[2025-03-06T23:50:39.437+0100] {logging_mixin.py:190} INFO - [2025-03-06T23:50:39.437+0100] {dag.py:4180} INFO - Setting next_dagrun for example_setup_teardown to None, run_after=None
[2025-03-06T23:50:39.455+0100] {processor.py:208} INFO - Processing /home/erij/Erij_Mazouz_4DS8_churn_ml_project/venv/lib/python3.8/site-packages/airflow/example_dags/example_setup_teardown.py took 0.057 seconds
[2025-03-06T23:51:35.092+0100] {processor.py:186} INFO - Started process (PID=57935) to work on /home/erij/Erij_Mazouz_4DS8_churn_ml_project/venv/lib/python3.8/site-packages/airflow/example_dags/example_setup_teardown.py
[2025-03-06T23:51:35.094+0100] {processor.py:914} INFO - Processing file /home/erij/Erij_Mazouz_4DS8_churn_ml_project/venv/lib/python3.8/site-packages/airflow/example_dags/example_setup_teardown.py for tasks to queue
[2025-03-06T23:51:35.097+0100] {logging_mixin.py:190} INFO - [2025-03-06T23:51:35.096+0100] {dagbag.py:588} INFO - Filling up the DagBag from /home/erij/Erij_Mazouz_4DS8_churn_ml_project/venv/lib/python3.8/site-packages/airflow/example_dags/example_setup_teardown.py
[2025-03-06T23:51:35.103+0100] {processor.py:925} INFO - DAG(s) 'example_setup_teardown' retrieved from /home/erij/Erij_Mazouz_4DS8_churn_ml_project/venv/lib/python3.8/site-packages/airflow/example_dags/example_setup_teardown.py
[2025-03-06T23:51:35.115+0100] {logging_mixin.py:190} INFO - [2025-03-06T23:51:35.115+0100] {dag.py:3239} INFO - Sync 1 DAGs
[2025-03-06T23:51:35.126+0100] {logging_mixin.py:190} INFO - [2025-03-06T23:51:35.126+0100] {dag.py:4180} INFO - Setting next_dagrun for example_setup_teardown to None, run_after=None
[2025-03-06T23:51:35.144+0100] {processor.py:208} INFO - Processing /home/erij/Erij_Mazouz_4DS8_churn_ml_project/venv/lib/python3.8/site-packages/airflow/example_dags/example_setup_teardown.py took 0.057 seconds
[2025-03-06T23:52:30.498+0100] {processor.py:186} INFO - Started process (PID=58047) to work on /home/erij/Erij_Mazouz_4DS8_churn_ml_project/venv/lib/python3.8/site-packages/airflow/example_dags/example_setup_teardown.py
[2025-03-06T23:52:30.500+0100] {processor.py:914} INFO - Processing file /home/erij/Erij_Mazouz_4DS8_churn_ml_project/venv/lib/python3.8/site-packages/airflow/example_dags/example_setup_teardown.py for tasks to queue
[2025-03-06T23:52:30.502+0100] {logging_mixin.py:190} INFO - [2025-03-06T23:52:30.501+0100] {dagbag.py:588} INFO - Filling up the DagBag from /home/erij/Erij_Mazouz_4DS8_churn_ml_project/venv/lib/python3.8/site-packages/airflow/example_dags/example_setup_teardown.py
[2025-03-06T23:52:30.509+0100] {processor.py:925} INFO - DAG(s) 'example_setup_teardown' retrieved from /home/erij/Erij_Mazouz_4DS8_churn_ml_project/venv/lib/python3.8/site-packages/airflow/example_dags/example_setup_teardown.py
[2025-03-06T23:52:30.522+0100] {logging_mixin.py:190} INFO - [2025-03-06T23:52:30.522+0100] {dag.py:3239} INFO - Sync 1 DAGs
[2025-03-06T23:52:30.534+0100] {logging_mixin.py:190} INFO - [2025-03-06T23:52:30.534+0100] {dag.py:4180} INFO - Setting next_dagrun for example_setup_teardown to None, run_after=None
[2025-03-06T23:52:30.553+0100] {processor.py:208} INFO - Processing /home/erij/Erij_Mazouz_4DS8_churn_ml_project/venv/lib/python3.8/site-packages/airflow/example_dags/example_setup_teardown.py took 0.060 seconds
[2025-03-06T23:53:28.183+0100] {processor.py:186} INFO - Started process (PID=58163) to work on /home/erij/Erij_Mazouz_4DS8_churn_ml_project/venv/lib/python3.8/site-packages/airflow/example_dags/example_setup_teardown.py
[2025-03-06T23:53:28.186+0100] {processor.py:914} INFO - Processing file /home/erij/Erij_Mazouz_4DS8_churn_ml_project/venv/lib/python3.8/site-packages/airflow/example_dags/example_setup_teardown.py for tasks to queue
[2025-03-06T23:53:28.189+0100] {logging_mixin.py:190} INFO - [2025-03-06T23:53:28.189+0100] {dagbag.py:588} INFO - Filling up the DagBag from /home/erij/Erij_Mazouz_4DS8_churn_ml_project/venv/lib/python3.8/site-packages/airflow/example_dags/example_setup_teardown.py
[2025-03-06T23:53:28.198+0100] {processor.py:925} INFO - DAG(s) 'example_setup_teardown' retrieved from /home/erij/Erij_Mazouz_4DS8_churn_ml_project/venv/lib/python3.8/site-packages/airflow/example_dags/example_setup_teardown.py
[2025-03-06T23:53:28.214+0100] {logging_mixin.py:190} INFO - [2025-03-06T23:53:28.214+0100] {dag.py:3239} INFO - Sync 1 DAGs
[2025-03-06T23:53:28.226+0100] {logging_mixin.py:190} INFO - [2025-03-06T23:53:28.226+0100] {dag.py:4180} INFO - Setting next_dagrun for example_setup_teardown to None, run_after=None
[2025-03-06T23:53:28.246+0100] {processor.py:208} INFO - Processing /home/erij/Erij_Mazouz_4DS8_churn_ml_project/venv/lib/python3.8/site-packages/airflow/example_dags/example_setup_teardown.py took 0.069 seconds
[2025-03-06T23:54:24.293+0100] {processor.py:186} INFO - Started process (PID=58536) to work on /home/erij/Erij_Mazouz_4DS8_churn_ml_project/venv/lib/python3.8/site-packages/airflow/example_dags/example_setup_teardown.py
[2025-03-06T23:54:24.296+0100] {processor.py:914} INFO - Processing file /home/erij/Erij_Mazouz_4DS8_churn_ml_project/venv/lib/python3.8/site-packages/airflow/example_dags/example_setup_teardown.py for tasks to queue
[2025-03-06T23:54:24.297+0100] {logging_mixin.py:190} INFO - [2025-03-06T23:54:24.297+0100] {dagbag.py:588} INFO - Filling up the DagBag from /home/erij/Erij_Mazouz_4DS8_churn_ml_project/venv/lib/python3.8/site-packages/airflow/example_dags/example_setup_teardown.py
[2025-03-06T23:54:24.304+0100] {processor.py:925} INFO - DAG(s) 'example_setup_teardown' retrieved from /home/erij/Erij_Mazouz_4DS8_churn_ml_project/venv/lib/python3.8/site-packages/airflow/example_dags/example_setup_teardown.py
[2025-03-06T23:54:24.319+0100] {logging_mixin.py:190} INFO - [2025-03-06T23:54:24.319+0100] {dag.py:3239} INFO - Sync 1 DAGs
[2025-03-06T23:54:24.331+0100] {logging_mixin.py:190} INFO - [2025-03-06T23:54:24.331+0100] {dag.py:4180} INFO - Setting next_dagrun for example_setup_teardown to None, run_after=None
[2025-03-06T23:54:24.347+0100] {processor.py:208} INFO - Processing /home/erij/Erij_Mazouz_4DS8_churn_ml_project/venv/lib/python3.8/site-packages/airflow/example_dags/example_setup_teardown.py took 0.059 seconds
[2025-03-06T23:55:23.000+0100] {processor.py:186} INFO - Started process (PID=59028) to work on /home/erij/Erij_Mazouz_4DS8_churn_ml_project/venv/lib/python3.8/site-packages/airflow/example_dags/example_setup_teardown.py
[2025-03-06T23:55:23.002+0100] {processor.py:914} INFO - Processing file /home/erij/Erij_Mazouz_4DS8_churn_ml_project/venv/lib/python3.8/site-packages/airflow/example_dags/example_setup_teardown.py for tasks to queue
[2025-03-06T23:55:23.004+0100] {logging_mixin.py:190} INFO - [2025-03-06T23:55:23.004+0100] {dagbag.py:588} INFO - Filling up the DagBag from /home/erij/Erij_Mazouz_4DS8_churn_ml_project/venv/lib/python3.8/site-packages/airflow/example_dags/example_setup_teardown.py
[2025-03-06T23:55:23.011+0100] {processor.py:925} INFO - DAG(s) 'example_setup_teardown' retrieved from /home/erij/Erij_Mazouz_4DS8_churn_ml_project/venv/lib/python3.8/site-packages/airflow/example_dags/example_setup_teardown.py
[2025-03-06T23:55:23.024+0100] {logging_mixin.py:190} INFO - [2025-03-06T23:55:23.024+0100] {dag.py:3239} INFO - Sync 1 DAGs
[2025-03-06T23:55:23.035+0100] {logging_mixin.py:190} INFO - [2025-03-06T23:55:23.035+0100] {dag.py:4180} INFO - Setting next_dagrun for example_setup_teardown to None, run_after=None
[2025-03-06T23:55:23.053+0100] {processor.py:208} INFO - Processing /home/erij/Erij_Mazouz_4DS8_churn_ml_project/venv/lib/python3.8/site-packages/airflow/example_dags/example_setup_teardown.py took 0.057 seconds
[2025-03-06T23:56:23.780+0100] {processor.py:186} INFO - Started process (PID=59231) to work on /home/erij/Erij_Mazouz_4DS8_churn_ml_project/venv/lib/python3.8/site-packages/airflow/example_dags/example_setup_teardown.py
[2025-03-06T23:56:23.781+0100] {processor.py:914} INFO - Processing file /home/erij/Erij_Mazouz_4DS8_churn_ml_project/venv/lib/python3.8/site-packages/airflow/example_dags/example_setup_teardown.py for tasks to queue
[2025-03-06T23:56:23.783+0100] {logging_mixin.py:190} INFO - [2025-03-06T23:56:23.783+0100] {dagbag.py:588} INFO - Filling up the DagBag from /home/erij/Erij_Mazouz_4DS8_churn_ml_project/venv/lib/python3.8/site-packages/airflow/example_dags/example_setup_teardown.py
[2025-03-06T23:56:23.790+0100] {processor.py:925} INFO - DAG(s) 'example_setup_teardown' retrieved from /home/erij/Erij_Mazouz_4DS8_churn_ml_project/venv/lib/python3.8/site-packages/airflow/example_dags/example_setup_teardown.py
[2025-03-06T23:56:23.801+0100] {logging_mixin.py:190} INFO - [2025-03-06T23:56:23.801+0100] {dag.py:3239} INFO - Sync 1 DAGs
[2025-03-06T23:56:23.811+0100] {logging_mixin.py:190} INFO - [2025-03-06T23:56:23.810+0100] {dag.py:4180} INFO - Setting next_dagrun for example_setup_teardown to None, run_after=None
[2025-03-06T23:56:23.829+0100] {processor.py:208} INFO - Processing /home/erij/Erij_Mazouz_4DS8_churn_ml_project/venv/lib/python3.8/site-packages/airflow/example_dags/example_setup_teardown.py took 0.053 seconds
[2025-03-06T23:57:19.158+0100] {processor.py:186} INFO - Started process (PID=59362) to work on /home/erij/Erij_Mazouz_4DS8_churn_ml_project/venv/lib/python3.8/site-packages/airflow/example_dags/example_setup_teardown.py
[2025-03-06T23:57:19.159+0100] {processor.py:914} INFO - Processing file /home/erij/Erij_Mazouz_4DS8_churn_ml_project/venv/lib/python3.8/site-packages/airflow/example_dags/example_setup_teardown.py for tasks to queue
[2025-03-06T23:57:19.162+0100] {logging_mixin.py:190} INFO - [2025-03-06T23:57:19.161+0100] {dagbag.py:588} INFO - Filling up the DagBag from /home/erij/Erij_Mazouz_4DS8_churn_ml_project/venv/lib/python3.8/site-packages/airflow/example_dags/example_setup_teardown.py
[2025-03-06T23:57:19.170+0100] {processor.py:925} INFO - DAG(s) 'example_setup_teardown' retrieved from /home/erij/Erij_Mazouz_4DS8_churn_ml_project/venv/lib/python3.8/site-packages/airflow/example_dags/example_setup_teardown.py
[2025-03-06T23:57:19.190+0100] {logging_mixin.py:190} INFO - [2025-03-06T23:57:19.190+0100] {dag.py:3239} INFO - Sync 1 DAGs
[2025-03-06T23:57:19.209+0100] {logging_mixin.py:190} INFO - [2025-03-06T23:57:19.208+0100] {dag.py:4180} INFO - Setting next_dagrun for example_setup_teardown to None, run_after=None
[2025-03-06T23:57:19.238+0100] {processor.py:208} INFO - Processing /home/erij/Erij_Mazouz_4DS8_churn_ml_project/venv/lib/python3.8/site-packages/airflow/example_dags/example_setup_teardown.py took 0.088 seconds
[2025-03-06T23:58:15.407+0100] {processor.py:186} INFO - Started process (PID=59508) to work on /home/erij/Erij_Mazouz_4DS8_churn_ml_project/venv/lib/python3.8/site-packages/airflow/example_dags/example_setup_teardown.py
[2025-03-06T23:58:15.410+0100] {processor.py:914} INFO - Processing file /home/erij/Erij_Mazouz_4DS8_churn_ml_project/venv/lib/python3.8/site-packages/airflow/example_dags/example_setup_teardown.py for tasks to queue
[2025-03-06T23:58:15.411+0100] {logging_mixin.py:190} INFO - [2025-03-06T23:58:15.411+0100] {dagbag.py:588} INFO - Filling up the DagBag from /home/erij/Erij_Mazouz_4DS8_churn_ml_project/venv/lib/python3.8/site-packages/airflow/example_dags/example_setup_teardown.py
[2025-03-06T23:58:15.421+0100] {processor.py:925} INFO - DAG(s) 'example_setup_teardown' retrieved from /home/erij/Erij_Mazouz_4DS8_churn_ml_project/venv/lib/python3.8/site-packages/airflow/example_dags/example_setup_teardown.py
[2025-03-06T23:58:15.434+0100] {logging_mixin.py:190} INFO - [2025-03-06T23:58:15.434+0100] {dag.py:3239} INFO - Sync 1 DAGs
[2025-03-06T23:58:15.444+0100] {logging_mixin.py:190} INFO - [2025-03-06T23:58:15.444+0100] {dag.py:4180} INFO - Setting next_dagrun for example_setup_teardown to None, run_after=None
[2025-03-06T23:58:15.462+0100] {processor.py:208} INFO - Processing /home/erij/Erij_Mazouz_4DS8_churn_ml_project/venv/lib/python3.8/site-packages/airflow/example_dags/example_setup_teardown.py took 0.061 seconds
[2025-03-06T23:59:06.354+0100] {processor.py:186} INFO - Started process (PID=59655) to work on /home/erij/Erij_Mazouz_4DS8_churn_ml_project/venv/lib/python3.8/site-packages/airflow/example_dags/example_setup_teardown.py
[2025-03-06T23:59:06.356+0100] {processor.py:914} INFO - Processing file /home/erij/Erij_Mazouz_4DS8_churn_ml_project/venv/lib/python3.8/site-packages/airflow/example_dags/example_setup_teardown.py for tasks to queue
[2025-03-06T23:59:06.358+0100] {logging_mixin.py:190} INFO - [2025-03-06T23:59:06.358+0100] {dagbag.py:588} INFO - Filling up the DagBag from /home/erij/Erij_Mazouz_4DS8_churn_ml_project/venv/lib/python3.8/site-packages/airflow/example_dags/example_setup_teardown.py
[2025-03-06T23:59:06.365+0100] {processor.py:925} INFO - DAG(s) 'example_setup_teardown' retrieved from /home/erij/Erij_Mazouz_4DS8_churn_ml_project/venv/lib/python3.8/site-packages/airflow/example_dags/example_setup_teardown.py
[2025-03-06T23:59:06.378+0100] {logging_mixin.py:190} INFO - [2025-03-06T23:59:06.378+0100] {dag.py:3239} INFO - Sync 1 DAGs
[2025-03-06T23:59:06.390+0100] {logging_mixin.py:190} INFO - [2025-03-06T23:59:06.389+0100] {dag.py:4180} INFO - Setting next_dagrun for example_setup_teardown to None, run_after=None
[2025-03-06T23:59:06.408+0100] {processor.py:208} INFO - Processing /home/erij/Erij_Mazouz_4DS8_churn_ml_project/venv/lib/python3.8/site-packages/airflow/example_dags/example_setup_teardown.py took 0.059 seconds
[2025-03-06T23:59:57.773+0100] {processor.py:186} INFO - Started process (PID=59795) to work on /home/erij/Erij_Mazouz_4DS8_churn_ml_project/venv/lib/python3.8/site-packages/airflow/example_dags/example_setup_teardown.py
[2025-03-06T23:59:57.774+0100] {processor.py:914} INFO - Processing file /home/erij/Erij_Mazouz_4DS8_churn_ml_project/venv/lib/python3.8/site-packages/airflow/example_dags/example_setup_teardown.py for tasks to queue
[2025-03-06T23:59:57.775+0100] {logging_mixin.py:190} INFO - [2025-03-06T23:59:57.775+0100] {dagbag.py:588} INFO - Filling up the DagBag from /home/erij/Erij_Mazouz_4DS8_churn_ml_project/venv/lib/python3.8/site-packages/airflow/example_dags/example_setup_teardown.py
[2025-03-06T23:59:57.782+0100] {processor.py:925} INFO - DAG(s) 'example_setup_teardown' retrieved from /home/erij/Erij_Mazouz_4DS8_churn_ml_project/venv/lib/python3.8/site-packages/airflow/example_dags/example_setup_teardown.py
[2025-03-06T23:59:57.793+0100] {logging_mixin.py:190} INFO - [2025-03-06T23:59:57.793+0100] {dag.py:3239} INFO - Sync 1 DAGs
[2025-03-06T23:59:57.805+0100] {logging_mixin.py:190} INFO - [2025-03-06T23:59:57.805+0100] {dag.py:4180} INFO - Setting next_dagrun for example_setup_teardown to None, run_after=None
[2025-03-06T23:59:57.822+0100] {processor.py:208} INFO - Processing /home/erij/Erij_Mazouz_4DS8_churn_ml_project/venv/lib/python3.8/site-packages/airflow/example_dags/example_setup_teardown.py took 0.054 seconds
[2025-03-07T00:00:49.916+0100] {processor.py:186} INFO - Started process (PID=59991) to work on /home/erij/Erij_Mazouz_4DS8_churn_ml_project/venv/lib/python3.8/site-packages/airflow/example_dags/example_setup_teardown.py
[2025-03-07T00:00:49.918+0100] {processor.py:914} INFO - Processing file /home/erij/Erij_Mazouz_4DS8_churn_ml_project/venv/lib/python3.8/site-packages/airflow/example_dags/example_setup_teardown.py for tasks to queue
[2025-03-07T00:00:49.921+0100] {logging_mixin.py:190} INFO - [2025-03-07T00:00:49.920+0100] {dagbag.py:588} INFO - Filling up the DagBag from /home/erij/Erij_Mazouz_4DS8_churn_ml_project/venv/lib/python3.8/site-packages/airflow/example_dags/example_setup_teardown.py
[2025-03-07T00:00:49.929+0100] {processor.py:925} INFO - DAG(s) 'example_setup_teardown' retrieved from /home/erij/Erij_Mazouz_4DS8_churn_ml_project/venv/lib/python3.8/site-packages/airflow/example_dags/example_setup_teardown.py
[2025-03-07T00:00:49.943+0100] {logging_mixin.py:190} INFO - [2025-03-07T00:00:49.943+0100] {dag.py:3239} INFO - Sync 1 DAGs
[2025-03-07T00:00:49.955+0100] {logging_mixin.py:190} INFO - [2025-03-07T00:00:49.954+0100] {dag.py:4180} INFO - Setting next_dagrun for example_setup_teardown to None, run_after=None
[2025-03-07T00:00:49.972+0100] {processor.py:208} INFO - Processing /home/erij/Erij_Mazouz_4DS8_churn_ml_project/venv/lib/python3.8/site-packages/airflow/example_dags/example_setup_teardown.py took 0.062 seconds
[2025-03-07T00:01:43.650+0100] {processor.py:186} INFO - Started process (PID=60149) to work on /home/erij/Erij_Mazouz_4DS8_churn_ml_project/venv/lib/python3.8/site-packages/airflow/example_dags/example_setup_teardown.py
[2025-03-07T00:01:43.652+0100] {processor.py:914} INFO - Processing file /home/erij/Erij_Mazouz_4DS8_churn_ml_project/venv/lib/python3.8/site-packages/airflow/example_dags/example_setup_teardown.py for tasks to queue
[2025-03-07T00:01:43.654+0100] {logging_mixin.py:190} INFO - [2025-03-07T00:01:43.653+0100] {dagbag.py:588} INFO - Filling up the DagBag from /home/erij/Erij_Mazouz_4DS8_churn_ml_project/venv/lib/python3.8/site-packages/airflow/example_dags/example_setup_teardown.py
[2025-03-07T00:01:43.661+0100] {processor.py:925} INFO - DAG(s) 'example_setup_teardown' retrieved from /home/erij/Erij_Mazouz_4DS8_churn_ml_project/venv/lib/python3.8/site-packages/airflow/example_dags/example_setup_teardown.py
[2025-03-07T00:01:43.674+0100] {logging_mixin.py:190} INFO - [2025-03-07T00:01:43.674+0100] {dag.py:3239} INFO - Sync 1 DAGs
[2025-03-07T00:01:43.685+0100] {logging_mixin.py:190} INFO - [2025-03-07T00:01:43.685+0100] {dag.py:4180} INFO - Setting next_dagrun for example_setup_teardown to None, run_after=None
[2025-03-07T00:01:43.704+0100] {processor.py:208} INFO - Processing /home/erij/Erij_Mazouz_4DS8_churn_ml_project/venv/lib/python3.8/site-packages/airflow/example_dags/example_setup_teardown.py took 0.059 seconds
[2025-03-07T00:02:39.587+0100] {processor.py:186} INFO - Started process (PID=60365) to work on /home/erij/Erij_Mazouz_4DS8_churn_ml_project/venv/lib/python3.8/site-packages/airflow/example_dags/example_setup_teardown.py
[2025-03-07T00:02:39.588+0100] {processor.py:914} INFO - Processing file /home/erij/Erij_Mazouz_4DS8_churn_ml_project/venv/lib/python3.8/site-packages/airflow/example_dags/example_setup_teardown.py for tasks to queue
[2025-03-07T00:02:39.590+0100] {logging_mixin.py:190} INFO - [2025-03-07T00:02:39.590+0100] {dagbag.py:588} INFO - Filling up the DagBag from /home/erij/Erij_Mazouz_4DS8_churn_ml_project/venv/lib/python3.8/site-packages/airflow/example_dags/example_setup_teardown.py
[2025-03-07T00:02:39.598+0100] {processor.py:925} INFO - DAG(s) 'example_setup_teardown' retrieved from /home/erij/Erij_Mazouz_4DS8_churn_ml_project/venv/lib/python3.8/site-packages/airflow/example_dags/example_setup_teardown.py
[2025-03-07T00:02:39.610+0100] {logging_mixin.py:190} INFO - [2025-03-07T00:02:39.610+0100] {dag.py:3239} INFO - Sync 1 DAGs
[2025-03-07T00:02:39.621+0100] {logging_mixin.py:190} INFO - [2025-03-07T00:02:39.621+0100] {dag.py:4180} INFO - Setting next_dagrun for example_setup_teardown to None, run_after=None
[2025-03-07T00:02:39.639+0100] {processor.py:208} INFO - Processing /home/erij/Erij_Mazouz_4DS8_churn_ml_project/venv/lib/python3.8/site-packages/airflow/example_dags/example_setup_teardown.py took 0.057 seconds
