[2025-03-06T23:39:32.172+0100] {processor.py:186} INFO - Started process (PID=55951) to work on /home/erij/Erij_Mazouz_4DS8_churn_ml_project/venv/lib/python3.8/site-packages/airflow/example_dags/example_datasets.py
[2025-03-06T23:39:32.173+0100] {processor.py:914} INFO - Processing file /home/erij/Erij_Mazouz_4DS8_churn_ml_project/venv/lib/python3.8/site-packages/airflow/example_dags/example_datasets.py for tasks to queue
[2025-03-06T23:39:32.175+0100] {logging_mixin.py:190} INFO - [2025-03-06T23:39:32.174+0100] {dagbag.py:588} INFO - Filling up the DagBag from /home/erij/Erij_Mazouz_4DS8_churn_ml_project/venv/lib/python3.8/site-packages/airflow/example_dags/example_datasets.py
[2025-03-06T23:39:32.189+0100] {processor.py:925} INFO - DAG(s) 'consume_1_or_2_with_dataset_expressions', 'consume_1_and_2_with_dataset_expressions', 'dataset_consumes_1', 'dataset_consumes_1_never_scheduled', 'consume_1_or_both_2_and_3_with_dataset_expressions', 'dataset_produces_1', 'dataset_produces_2', 'dataset_consumes_unknown_never_scheduled', 'conditional_dataset_and_time_based_timetable', 'dataset_consumes_1_and_2' retrieved from /home/erij/Erij_Mazouz_4DS8_churn_ml_project/venv/lib/python3.8/site-packages/airflow/example_dags/example_datasets.py
[2025-03-06T23:39:32.219+0100] {logging_mixin.py:190} INFO - [2025-03-06T23:39:32.219+0100] {dag.py:3239} INFO - Sync 10 DAGs
[2025-03-06T23:39:32.241+0100] {logging_mixin.py:190} INFO - [2025-03-06T23:39:32.241+0100] {dag.py:4180} INFO - Setting next_dagrun for conditional_dataset_and_time_based_timetable to 2025-03-05 01:00:00+00:00, run_after=2025-03-05 01:00:00+00:00
[2025-03-06T23:39:32.243+0100] {logging_mixin.py:190} INFO - [2025-03-06T23:39:32.243+0100] {dag.py:4180} INFO - Setting next_dagrun for consume_1_and_2_with_dataset_expressions to None, run_after=None
[2025-03-06T23:39:32.244+0100] {logging_mixin.py:190} INFO - [2025-03-06T23:39:32.244+0100] {dag.py:4180} INFO - Setting next_dagrun for consume_1_or_2_with_dataset_expressions to None, run_after=None
[2025-03-06T23:39:32.245+0100] {logging_mixin.py:190} INFO - [2025-03-06T23:39:32.245+0100] {dag.py:4180} INFO - Setting next_dagrun for consume_1_or_both_2_and_3_with_dataset_expressions to None, run_after=None
[2025-03-06T23:39:32.246+0100] {logging_mixin.py:190} INFO - [2025-03-06T23:39:32.246+0100] {dag.py:4180} INFO - Setting next_dagrun for dataset_consumes_1 to None, run_after=None
[2025-03-06T23:39:32.246+0100] {logging_mixin.py:190} INFO - [2025-03-06T23:39:32.246+0100] {dag.py:4180} INFO - Setting next_dagrun for dataset_consumes_1_and_2 to None, run_after=None
[2025-03-06T23:39:32.247+0100] {logging_mixin.py:190} INFO - [2025-03-06T23:39:32.247+0100] {dag.py:4180} INFO - Setting next_dagrun for dataset_consumes_1_never_scheduled to None, run_after=None
[2025-03-06T23:39:32.248+0100] {logging_mixin.py:190} INFO - [2025-03-06T23:39:32.248+0100] {dag.py:4180} INFO - Setting next_dagrun for dataset_consumes_unknown_never_scheduled to None, run_after=None
[2025-03-06T23:39:32.250+0100] {logging_mixin.py:190} INFO - [2025-03-06T23:39:32.250+0100] {dag.py:4180} INFO - Setting next_dagrun for dataset_produces_1 to 2025-03-05 00:00:00+00:00, run_after=2025-03-06 00:00:00+00:00
[2025-03-06T23:39:32.250+0100] {logging_mixin.py:190} INFO - [2025-03-06T23:39:32.250+0100] {dag.py:4180} INFO - Setting next_dagrun for dataset_produces_2 to None, run_after=None
[2025-03-06T23:39:32.279+0100] {processor.py:208} INFO - Processing /home/erij/Erij_Mazouz_4DS8_churn_ml_project/venv/lib/python3.8/site-packages/airflow/example_dags/example_datasets.py took 0.113 seconds
[2025-03-06T23:41:01.222+0100] {processor.py:186} INFO - Started process (PID=56537) to work on /home/erij/Erij_Mazouz_4DS8_churn_ml_project/venv/lib/python3.8/site-packages/airflow/example_dags/example_datasets.py
[2025-03-06T23:41:01.224+0100] {processor.py:914} INFO - Processing file /home/erij/Erij_Mazouz_4DS8_churn_ml_project/venv/lib/python3.8/site-packages/airflow/example_dags/example_datasets.py for tasks to queue
[2025-03-06T23:41:01.226+0100] {logging_mixin.py:190} INFO - [2025-03-06T23:41:01.226+0100] {dagbag.py:588} INFO - Filling up the DagBag from /home/erij/Erij_Mazouz_4DS8_churn_ml_project/venv/lib/python3.8/site-packages/airflow/example_dags/example_datasets.py
[2025-03-06T23:41:01.241+0100] {processor.py:925} INFO - DAG(s) 'dataset_consumes_1', 'dataset_consumes_1_and_2', 'dataset_produces_1', 'dataset_consumes_unknown_never_scheduled', 'conditional_dataset_and_time_based_timetable', 'consume_1_or_both_2_and_3_with_dataset_expressions', 'consume_1_and_2_with_dataset_expressions', 'consume_1_or_2_with_dataset_expressions', 'dataset_produces_2', 'dataset_consumes_1_never_scheduled' retrieved from /home/erij/Erij_Mazouz_4DS8_churn_ml_project/venv/lib/python3.8/site-packages/airflow/example_dags/example_datasets.py
[2025-03-06T23:41:01.272+0100] {logging_mixin.py:190} INFO - [2025-03-06T23:41:01.272+0100] {dag.py:3239} INFO - Sync 10 DAGs
[2025-03-06T23:41:01.295+0100] {logging_mixin.py:190} INFO - [2025-03-06T23:41:01.295+0100] {dag.py:4180} INFO - Setting next_dagrun for conditional_dataset_and_time_based_timetable to 2025-03-05 01:00:00+00:00, run_after=2025-03-05 01:00:00+00:00
[2025-03-06T23:41:01.298+0100] {logging_mixin.py:190} INFO - [2025-03-06T23:41:01.298+0100] {dag.py:4180} INFO - Setting next_dagrun for consume_1_and_2_with_dataset_expressions to None, run_after=None
[2025-03-06T23:41:01.299+0100] {logging_mixin.py:190} INFO - [2025-03-06T23:41:01.299+0100] {dag.py:4180} INFO - Setting next_dagrun for consume_1_or_2_with_dataset_expressions to None, run_after=None
[2025-03-06T23:41:01.300+0100] {logging_mixin.py:190} INFO - [2025-03-06T23:41:01.300+0100] {dag.py:4180} INFO - Setting next_dagrun for consume_1_or_both_2_and_3_with_dataset_expressions to None, run_after=None
[2025-03-06T23:41:01.301+0100] {logging_mixin.py:190} INFO - [2025-03-06T23:41:01.300+0100] {dag.py:4180} INFO - Setting next_dagrun for dataset_consumes_1 to None, run_after=None
[2025-03-06T23:41:01.301+0100] {logging_mixin.py:190} INFO - [2025-03-06T23:41:01.301+0100] {dag.py:4180} INFO - Setting next_dagrun for dataset_consumes_1_and_2 to None, run_after=None
[2025-03-06T23:41:01.302+0100] {logging_mixin.py:190} INFO - [2025-03-06T23:41:01.302+0100] {dag.py:4180} INFO - Setting next_dagrun for dataset_consumes_1_never_scheduled to None, run_after=None
[2025-03-06T23:41:01.303+0100] {logging_mixin.py:190} INFO - [2025-03-06T23:41:01.303+0100] {dag.py:4180} INFO - Setting next_dagrun for dataset_consumes_unknown_never_scheduled to None, run_after=None
[2025-03-06T23:41:01.305+0100] {logging_mixin.py:190} INFO - [2025-03-06T23:41:01.305+0100] {dag.py:4180} INFO - Setting next_dagrun for dataset_produces_1 to 2025-03-05 00:00:00+00:00, run_after=2025-03-06 00:00:00+00:00
[2025-03-06T23:41:01.306+0100] {logging_mixin.py:190} INFO - [2025-03-06T23:41:01.306+0100] {dag.py:4180} INFO - Setting next_dagrun for dataset_produces_2 to None, run_after=None
[2025-03-06T23:41:01.334+0100] {processor.py:208} INFO - Processing /home/erij/Erij_Mazouz_4DS8_churn_ml_project/venv/lib/python3.8/site-packages/airflow/example_dags/example_datasets.py took 0.119 seconds
[2025-03-06T23:41:57.899+0100] {processor.py:186} INFO - Started process (PID=56680) to work on /home/erij/Erij_Mazouz_4DS8_churn_ml_project/venv/lib/python3.8/site-packages/airflow/example_dags/example_datasets.py
[2025-03-06T23:41:57.901+0100] {processor.py:914} INFO - Processing file /home/erij/Erij_Mazouz_4DS8_churn_ml_project/venv/lib/python3.8/site-packages/airflow/example_dags/example_datasets.py for tasks to queue
[2025-03-06T23:41:57.903+0100] {logging_mixin.py:190} INFO - [2025-03-06T23:41:57.903+0100] {dagbag.py:588} INFO - Filling up the DagBag from /home/erij/Erij_Mazouz_4DS8_churn_ml_project/venv/lib/python3.8/site-packages/airflow/example_dags/example_datasets.py
[2025-03-06T23:41:57.917+0100] {processor.py:925} INFO - DAG(s) 'dataset_consumes_1_never_scheduled', 'dataset_consumes_1_and_2', 'dataset_consumes_1', 'consume_1_and_2_with_dataset_expressions', 'dataset_produces_2', 'consume_1_or_both_2_and_3_with_dataset_expressions', 'dataset_produces_1', 'conditional_dataset_and_time_based_timetable', 'dataset_consumes_unknown_never_scheduled', 'consume_1_or_2_with_dataset_expressions' retrieved from /home/erij/Erij_Mazouz_4DS8_churn_ml_project/venv/lib/python3.8/site-packages/airflow/example_dags/example_datasets.py
[2025-03-06T23:41:57.947+0100] {logging_mixin.py:190} INFO - [2025-03-06T23:41:57.946+0100] {dag.py:3239} INFO - Sync 10 DAGs
[2025-03-06T23:41:57.967+0100] {logging_mixin.py:190} INFO - [2025-03-06T23:41:57.967+0100] {dag.py:4180} INFO - Setting next_dagrun for conditional_dataset_and_time_based_timetable to 2025-03-05 01:00:00+00:00, run_after=2025-03-05 01:00:00+00:00
[2025-03-06T23:41:57.970+0100] {logging_mixin.py:190} INFO - [2025-03-06T23:41:57.970+0100] {dag.py:4180} INFO - Setting next_dagrun for consume_1_and_2_with_dataset_expressions to None, run_after=None
[2025-03-06T23:41:57.970+0100] {logging_mixin.py:190} INFO - [2025-03-06T23:41:57.970+0100] {dag.py:4180} INFO - Setting next_dagrun for consume_1_or_2_with_dataset_expressions to None, run_after=None
[2025-03-06T23:41:57.971+0100] {logging_mixin.py:190} INFO - [2025-03-06T23:41:57.971+0100] {dag.py:4180} INFO - Setting next_dagrun for consume_1_or_both_2_and_3_with_dataset_expressions to None, run_after=None
[2025-03-06T23:41:57.972+0100] {logging_mixin.py:190} INFO - [2025-03-06T23:41:57.972+0100] {dag.py:4180} INFO - Setting next_dagrun for dataset_consumes_1 to None, run_after=None
[2025-03-06T23:41:57.973+0100] {logging_mixin.py:190} INFO - [2025-03-06T23:41:57.972+0100] {dag.py:4180} INFO - Setting next_dagrun for dataset_consumes_1_and_2 to None, run_after=None
[2025-03-06T23:41:57.973+0100] {logging_mixin.py:190} INFO - [2025-03-06T23:41:57.973+0100] {dag.py:4180} INFO - Setting next_dagrun for dataset_consumes_1_never_scheduled to None, run_after=None
[2025-03-06T23:41:57.974+0100] {logging_mixin.py:190} INFO - [2025-03-06T23:41:57.974+0100] {dag.py:4180} INFO - Setting next_dagrun for dataset_consumes_unknown_never_scheduled to None, run_after=None
[2025-03-06T23:41:57.976+0100] {logging_mixin.py:190} INFO - [2025-03-06T23:41:57.976+0100] {dag.py:4180} INFO - Setting next_dagrun for dataset_produces_1 to 2025-03-05 00:00:00+00:00, run_after=2025-03-06 00:00:00+00:00
[2025-03-06T23:41:57.977+0100] {logging_mixin.py:190} INFO - [2025-03-06T23:41:57.976+0100] {dag.py:4180} INFO - Setting next_dagrun for dataset_produces_2 to None, run_after=None
[2025-03-06T23:41:58.003+0100] {processor.py:208} INFO - Processing /home/erij/Erij_Mazouz_4DS8_churn_ml_project/venv/lib/python3.8/site-packages/airflow/example_dags/example_datasets.py took 0.110 seconds
[2025-03-06T23:42:51.386+0100] {processor.py:186} INFO - Started process (PID=56799) to work on /home/erij/Erij_Mazouz_4DS8_churn_ml_project/venv/lib/python3.8/site-packages/airflow/example_dags/example_datasets.py
[2025-03-06T23:42:51.387+0100] {processor.py:914} INFO - Processing file /home/erij/Erij_Mazouz_4DS8_churn_ml_project/venv/lib/python3.8/site-packages/airflow/example_dags/example_datasets.py for tasks to queue
[2025-03-06T23:42:51.389+0100] {logging_mixin.py:190} INFO - [2025-03-06T23:42:51.389+0100] {dagbag.py:588} INFO - Filling up the DagBag from /home/erij/Erij_Mazouz_4DS8_churn_ml_project/venv/lib/python3.8/site-packages/airflow/example_dags/example_datasets.py
[2025-03-06T23:42:51.406+0100] {processor.py:925} INFO - DAG(s) 'consume_1_and_2_with_dataset_expressions', 'conditional_dataset_and_time_based_timetable', 'dataset_produces_1', 'consume_1_or_both_2_and_3_with_dataset_expressions', 'dataset_consumes_unknown_never_scheduled', 'dataset_consumes_1_never_scheduled', 'dataset_consumes_1', 'consume_1_or_2_with_dataset_expressions', 'dataset_consumes_1_and_2', 'dataset_produces_2' retrieved from /home/erij/Erij_Mazouz_4DS8_churn_ml_project/venv/lib/python3.8/site-packages/airflow/example_dags/example_datasets.py
[2025-03-06T23:42:51.449+0100] {logging_mixin.py:190} INFO - [2025-03-06T23:42:51.448+0100] {dag.py:3239} INFO - Sync 10 DAGs
[2025-03-06T23:42:51.472+0100] {logging_mixin.py:190} INFO - [2025-03-06T23:42:51.472+0100] {dag.py:4180} INFO - Setting next_dagrun for conditional_dataset_and_time_based_timetable to 2025-03-05 01:00:00+00:00, run_after=2025-03-05 01:00:00+00:00
[2025-03-06T23:42:51.475+0100] {logging_mixin.py:190} INFO - [2025-03-06T23:42:51.475+0100] {dag.py:4180} INFO - Setting next_dagrun for consume_1_and_2_with_dataset_expressions to None, run_after=None
[2025-03-06T23:42:51.475+0100] {logging_mixin.py:190} INFO - [2025-03-06T23:42:51.475+0100] {dag.py:4180} INFO - Setting next_dagrun for consume_1_or_2_with_dataset_expressions to None, run_after=None
[2025-03-06T23:42:51.476+0100] {logging_mixin.py:190} INFO - [2025-03-06T23:42:51.476+0100] {dag.py:4180} INFO - Setting next_dagrun for consume_1_or_both_2_and_3_with_dataset_expressions to None, run_after=None
[2025-03-06T23:42:51.477+0100] {logging_mixin.py:190} INFO - [2025-03-06T23:42:51.477+0100] {dag.py:4180} INFO - Setting next_dagrun for dataset_consumes_1 to None, run_after=None
[2025-03-06T23:42:51.478+0100] {logging_mixin.py:190} INFO - [2025-03-06T23:42:51.478+0100] {dag.py:4180} INFO - Setting next_dagrun for dataset_consumes_1_and_2 to None, run_after=None
[2025-03-06T23:42:51.478+0100] {logging_mixin.py:190} INFO - [2025-03-06T23:42:51.478+0100] {dag.py:4180} INFO - Setting next_dagrun for dataset_consumes_1_never_scheduled to None, run_after=None
[2025-03-06T23:42:51.479+0100] {logging_mixin.py:190} INFO - [2025-03-06T23:42:51.479+0100] {dag.py:4180} INFO - Setting next_dagrun for dataset_consumes_unknown_never_scheduled to None, run_after=None
[2025-03-06T23:42:51.481+0100] {logging_mixin.py:190} INFO - [2025-03-06T23:42:51.481+0100] {dag.py:4180} INFO - Setting next_dagrun for dataset_produces_1 to 2025-03-05 00:00:00+00:00, run_after=2025-03-06 00:00:00+00:00
[2025-03-06T23:42:51.482+0100] {logging_mixin.py:190} INFO - [2025-03-06T23:42:51.482+0100] {dag.py:4180} INFO - Setting next_dagrun for dataset_produces_2 to None, run_after=None
[2025-03-06T23:42:51.514+0100] {processor.py:208} INFO - Processing /home/erij/Erij_Mazouz_4DS8_churn_ml_project/venv/lib/python3.8/site-packages/airflow/example_dags/example_datasets.py took 0.134 seconds
[2025-03-06T23:43:44.680+0100] {processor.py:186} INFO - Started process (PID=56920) to work on /home/erij/Erij_Mazouz_4DS8_churn_ml_project/venv/lib/python3.8/site-packages/airflow/example_dags/example_datasets.py
[2025-03-06T23:43:44.682+0100] {processor.py:914} INFO - Processing file /home/erij/Erij_Mazouz_4DS8_churn_ml_project/venv/lib/python3.8/site-packages/airflow/example_dags/example_datasets.py for tasks to queue
[2025-03-06T23:43:44.684+0100] {logging_mixin.py:190} INFO - [2025-03-06T23:43:44.684+0100] {dagbag.py:588} INFO - Filling up the DagBag from /home/erij/Erij_Mazouz_4DS8_churn_ml_project/venv/lib/python3.8/site-packages/airflow/example_dags/example_datasets.py
[2025-03-06T23:43:44.697+0100] {processor.py:925} INFO - DAG(s) 'consume_1_and_2_with_dataset_expressions', 'consume_1_or_2_with_dataset_expressions', 'dataset_produces_1', 'dataset_consumes_unknown_never_scheduled', 'consume_1_or_both_2_and_3_with_dataset_expressions', 'dataset_consumes_1', 'conditional_dataset_and_time_based_timetable', 'dataset_consumes_1_and_2', 'dataset_consumes_1_never_scheduled', 'dataset_produces_2' retrieved from /home/erij/Erij_Mazouz_4DS8_churn_ml_project/venv/lib/python3.8/site-packages/airflow/example_dags/example_datasets.py
[2025-03-06T23:43:44.725+0100] {logging_mixin.py:190} INFO - [2025-03-06T23:43:44.725+0100] {dag.py:3239} INFO - Sync 10 DAGs
[2025-03-06T23:43:44.748+0100] {logging_mixin.py:190} INFO - [2025-03-06T23:43:44.747+0100] {dag.py:4180} INFO - Setting next_dagrun for conditional_dataset_and_time_based_timetable to 2025-03-05 01:00:00+00:00, run_after=2025-03-05 01:00:00+00:00
[2025-03-06T23:43:44.751+0100] {logging_mixin.py:190} INFO - [2025-03-06T23:43:44.751+0100] {dag.py:4180} INFO - Setting next_dagrun for consume_1_and_2_with_dataset_expressions to None, run_after=None
[2025-03-06T23:43:44.752+0100] {logging_mixin.py:190} INFO - [2025-03-06T23:43:44.752+0100] {dag.py:4180} INFO - Setting next_dagrun for consume_1_or_2_with_dataset_expressions to None, run_after=None
[2025-03-06T23:43:44.753+0100] {logging_mixin.py:190} INFO - [2025-03-06T23:43:44.753+0100] {dag.py:4180} INFO - Setting next_dagrun for consume_1_or_both_2_and_3_with_dataset_expressions to None, run_after=None
[2025-03-06T23:43:44.754+0100] {logging_mixin.py:190} INFO - [2025-03-06T23:43:44.754+0100] {dag.py:4180} INFO - Setting next_dagrun for dataset_consumes_1 to None, run_after=None
[2025-03-06T23:43:44.755+0100] {logging_mixin.py:190} INFO - [2025-03-06T23:43:44.755+0100] {dag.py:4180} INFO - Setting next_dagrun for dataset_consumes_1_and_2 to None, run_after=None
[2025-03-06T23:43:44.755+0100] {logging_mixin.py:190} INFO - [2025-03-06T23:43:44.755+0100] {dag.py:4180} INFO - Setting next_dagrun for dataset_consumes_1_never_scheduled to None, run_after=None
[2025-03-06T23:43:44.756+0100] {logging_mixin.py:190} INFO - [2025-03-06T23:43:44.756+0100] {dag.py:4180} INFO - Setting next_dagrun for dataset_consumes_unknown_never_scheduled to None, run_after=None
[2025-03-06T23:43:44.758+0100] {logging_mixin.py:190} INFO - [2025-03-06T23:43:44.758+0100] {dag.py:4180} INFO - Setting next_dagrun for dataset_produces_1 to 2025-03-05 00:00:00+00:00, run_after=2025-03-06 00:00:00+00:00
[2025-03-06T23:43:44.759+0100] {logging_mixin.py:190} INFO - [2025-03-06T23:43:44.759+0100] {dag.py:4180} INFO - Setting next_dagrun for dataset_produces_2 to None, run_after=None
[2025-03-06T23:43:44.786+0100] {processor.py:208} INFO - Processing /home/erij/Erij_Mazouz_4DS8_churn_ml_project/venv/lib/python3.8/site-packages/airflow/example_dags/example_datasets.py took 0.111 seconds
[2025-03-06T23:44:37.452+0100] {processor.py:186} INFO - Started process (PID=57074) to work on /home/erij/Erij_Mazouz_4DS8_churn_ml_project/venv/lib/python3.8/site-packages/airflow/example_dags/example_datasets.py
[2025-03-06T23:44:37.454+0100] {processor.py:914} INFO - Processing file /home/erij/Erij_Mazouz_4DS8_churn_ml_project/venv/lib/python3.8/site-packages/airflow/example_dags/example_datasets.py for tasks to queue
[2025-03-06T23:44:37.456+0100] {logging_mixin.py:190} INFO - [2025-03-06T23:44:37.456+0100] {dagbag.py:588} INFO - Filling up the DagBag from /home/erij/Erij_Mazouz_4DS8_churn_ml_project/venv/lib/python3.8/site-packages/airflow/example_dags/example_datasets.py
[2025-03-06T23:44:37.469+0100] {processor.py:925} INFO - DAG(s) 'dataset_produces_2', 'dataset_produces_1', 'dataset_consumes_1', 'consume_1_or_both_2_and_3_with_dataset_expressions', 'dataset_consumes_unknown_never_scheduled', 'conditional_dataset_and_time_based_timetable', 'dataset_consumes_1_never_scheduled', 'consume_1_and_2_with_dataset_expressions', 'consume_1_or_2_with_dataset_expressions', 'dataset_consumes_1_and_2' retrieved from /home/erij/Erij_Mazouz_4DS8_churn_ml_project/venv/lib/python3.8/site-packages/airflow/example_dags/example_datasets.py
[2025-03-06T23:44:37.494+0100] {logging_mixin.py:190} INFO - [2025-03-06T23:44:37.494+0100] {dag.py:3239} INFO - Sync 10 DAGs
[2025-03-06T23:44:37.513+0100] {logging_mixin.py:190} INFO - [2025-03-06T23:44:37.513+0100] {dag.py:4180} INFO - Setting next_dagrun for conditional_dataset_and_time_based_timetable to 2025-03-05 01:00:00+00:00, run_after=2025-03-05 01:00:00+00:00
[2025-03-06T23:44:37.515+0100] {logging_mixin.py:190} INFO - [2025-03-06T23:44:37.515+0100] {dag.py:4180} INFO - Setting next_dagrun for consume_1_and_2_with_dataset_expressions to None, run_after=None
[2025-03-06T23:44:37.517+0100] {logging_mixin.py:190} INFO - [2025-03-06T23:44:37.516+0100] {dag.py:4180} INFO - Setting next_dagrun for consume_1_or_2_with_dataset_expressions to None, run_after=None
[2025-03-06T23:44:37.517+0100] {logging_mixin.py:190} INFO - [2025-03-06T23:44:37.517+0100] {dag.py:4180} INFO - Setting next_dagrun for consume_1_or_both_2_and_3_with_dataset_expressions to None, run_after=None
[2025-03-06T23:44:37.518+0100] {logging_mixin.py:190} INFO - [2025-03-06T23:44:37.518+0100] {dag.py:4180} INFO - Setting next_dagrun for dataset_consumes_1 to None, run_after=None
[2025-03-06T23:44:37.518+0100] {logging_mixin.py:190} INFO - [2025-03-06T23:44:37.518+0100] {dag.py:4180} INFO - Setting next_dagrun for dataset_consumes_1_and_2 to None, run_after=None
[2025-03-06T23:44:37.519+0100] {logging_mixin.py:190} INFO - [2025-03-06T23:44:37.519+0100] {dag.py:4180} INFO - Setting next_dagrun for dataset_consumes_1_never_scheduled to None, run_after=None
[2025-03-06T23:44:37.520+0100] {logging_mixin.py:190} INFO - [2025-03-06T23:44:37.520+0100] {dag.py:4180} INFO - Setting next_dagrun for dataset_consumes_unknown_never_scheduled to None, run_after=None
[2025-03-06T23:44:37.521+0100] {logging_mixin.py:190} INFO - [2025-03-06T23:44:37.521+0100] {dag.py:4180} INFO - Setting next_dagrun for dataset_produces_1 to 2025-03-05 00:00:00+00:00, run_after=2025-03-06 00:00:00+00:00
[2025-03-06T23:44:37.522+0100] {logging_mixin.py:190} INFO - [2025-03-06T23:44:37.522+0100] {dag.py:4180} INFO - Setting next_dagrun for dataset_produces_2 to None, run_after=None
[2025-03-06T23:44:37.561+0100] {processor.py:208} INFO - Processing /home/erij/Erij_Mazouz_4DS8_churn_ml_project/venv/lib/python3.8/site-packages/airflow/example_dags/example_datasets.py took 0.114 seconds
[2025-03-06T23:45:32.489+0100] {processor.py:186} INFO - Started process (PID=57188) to work on /home/erij/Erij_Mazouz_4DS8_churn_ml_project/venv/lib/python3.8/site-packages/airflow/example_dags/example_datasets.py
[2025-03-06T23:45:32.490+0100] {processor.py:914} INFO - Processing file /home/erij/Erij_Mazouz_4DS8_churn_ml_project/venv/lib/python3.8/site-packages/airflow/example_dags/example_datasets.py for tasks to queue
[2025-03-06T23:45:32.491+0100] {logging_mixin.py:190} INFO - [2025-03-06T23:45:32.491+0100] {dagbag.py:588} INFO - Filling up the DagBag from /home/erij/Erij_Mazouz_4DS8_churn_ml_project/venv/lib/python3.8/site-packages/airflow/example_dags/example_datasets.py
[2025-03-06T23:45:32.504+0100] {processor.py:925} INFO - DAG(s) 'dataset_produces_2', 'consume_1_and_2_with_dataset_expressions', 'consume_1_or_2_with_dataset_expressions', 'dataset_consumes_1', 'dataset_consumes_unknown_never_scheduled', 'dataset_consumes_1_and_2', 'conditional_dataset_and_time_based_timetable', 'dataset_consumes_1_never_scheduled', 'consume_1_or_both_2_and_3_with_dataset_expressions', 'dataset_produces_1' retrieved from /home/erij/Erij_Mazouz_4DS8_churn_ml_project/venv/lib/python3.8/site-packages/airflow/example_dags/example_datasets.py
[2025-03-06T23:45:32.530+0100] {logging_mixin.py:190} INFO - [2025-03-06T23:45:32.530+0100] {dag.py:3239} INFO - Sync 10 DAGs
[2025-03-06T23:45:32.549+0100] {logging_mixin.py:190} INFO - [2025-03-06T23:45:32.549+0100] {dag.py:4180} INFO - Setting next_dagrun for conditional_dataset_and_time_based_timetable to 2025-03-05 01:00:00+00:00, run_after=2025-03-05 01:00:00+00:00
[2025-03-06T23:45:32.552+0100] {logging_mixin.py:190} INFO - [2025-03-06T23:45:32.552+0100] {dag.py:4180} INFO - Setting next_dagrun for consume_1_and_2_with_dataset_expressions to None, run_after=None
[2025-03-06T23:45:32.552+0100] {logging_mixin.py:190} INFO - [2025-03-06T23:45:32.552+0100] {dag.py:4180} INFO - Setting next_dagrun for consume_1_or_2_with_dataset_expressions to None, run_after=None
[2025-03-06T23:45:32.553+0100] {logging_mixin.py:190} INFO - [2025-03-06T23:45:32.553+0100] {dag.py:4180} INFO - Setting next_dagrun for consume_1_or_both_2_and_3_with_dataset_expressions to None, run_after=None
[2025-03-06T23:45:32.554+0100] {logging_mixin.py:190} INFO - [2025-03-06T23:45:32.553+0100] {dag.py:4180} INFO - Setting next_dagrun for dataset_consumes_1 to None, run_after=None
[2025-03-06T23:45:32.554+0100] {logging_mixin.py:190} INFO - [2025-03-06T23:45:32.554+0100] {dag.py:4180} INFO - Setting next_dagrun for dataset_consumes_1_and_2 to None, run_after=None
[2025-03-06T23:45:32.555+0100] {logging_mixin.py:190} INFO - [2025-03-06T23:45:32.555+0100] {dag.py:4180} INFO - Setting next_dagrun for dataset_consumes_1_never_scheduled to None, run_after=None
[2025-03-06T23:45:32.556+0100] {logging_mixin.py:190} INFO - [2025-03-06T23:45:32.555+0100] {dag.py:4180} INFO - Setting next_dagrun for dataset_consumes_unknown_never_scheduled to None, run_after=None
[2025-03-06T23:45:32.557+0100] {logging_mixin.py:190} INFO - [2025-03-06T23:45:32.557+0100] {dag.py:4180} INFO - Setting next_dagrun for dataset_produces_1 to 2025-03-05 00:00:00+00:00, run_after=2025-03-06 00:00:00+00:00
[2025-03-06T23:45:32.558+0100] {logging_mixin.py:190} INFO - [2025-03-06T23:45:32.558+0100] {dag.py:4180} INFO - Setting next_dagrun for dataset_produces_2 to None, run_after=None
[2025-03-06T23:45:32.617+0100] {processor.py:208} INFO - Processing /home/erij/Erij_Mazouz_4DS8_churn_ml_project/venv/lib/python3.8/site-packages/airflow/example_dags/example_datasets.py took 0.133 seconds
[2025-03-06T23:46:31.880+0100] {processor.py:186} INFO - Started process (PID=57306) to work on /home/erij/Erij_Mazouz_4DS8_churn_ml_project/venv/lib/python3.8/site-packages/airflow/example_dags/example_datasets.py
[2025-03-06T23:46:31.882+0100] {processor.py:914} INFO - Processing file /home/erij/Erij_Mazouz_4DS8_churn_ml_project/venv/lib/python3.8/site-packages/airflow/example_dags/example_datasets.py for tasks to queue
[2025-03-06T23:46:31.884+0100] {logging_mixin.py:190} INFO - [2025-03-06T23:46:31.884+0100] {dagbag.py:588} INFO - Filling up the DagBag from /home/erij/Erij_Mazouz_4DS8_churn_ml_project/venv/lib/python3.8/site-packages/airflow/example_dags/example_datasets.py
[2025-03-06T23:46:31.896+0100] {processor.py:925} INFO - DAG(s) 'consume_1_and_2_with_dataset_expressions', 'dataset_consumes_1', 'dataset_produces_1', 'dataset_produces_2', 'consume_1_or_both_2_and_3_with_dataset_expressions', 'dataset_consumes_1_never_scheduled', 'dataset_consumes_1_and_2', 'conditional_dataset_and_time_based_timetable', 'consume_1_or_2_with_dataset_expressions', 'dataset_consumes_unknown_never_scheduled' retrieved from /home/erij/Erij_Mazouz_4DS8_churn_ml_project/venv/lib/python3.8/site-packages/airflow/example_dags/example_datasets.py
[2025-03-06T23:46:31.921+0100] {logging_mixin.py:190} INFO - [2025-03-06T23:46:31.921+0100] {dag.py:3239} INFO - Sync 10 DAGs
[2025-03-06T23:46:31.939+0100] {logging_mixin.py:190} INFO - [2025-03-06T23:46:31.939+0100] {dag.py:4180} INFO - Setting next_dagrun for conditional_dataset_and_time_based_timetable to 2025-03-05 01:00:00+00:00, run_after=2025-03-05 01:00:00+00:00
[2025-03-06T23:46:31.941+0100] {logging_mixin.py:190} INFO - [2025-03-06T23:46:31.941+0100] {dag.py:4180} INFO - Setting next_dagrun for consume_1_and_2_with_dataset_expressions to None, run_after=None
[2025-03-06T23:46:31.942+0100] {logging_mixin.py:190} INFO - [2025-03-06T23:46:31.942+0100] {dag.py:4180} INFO - Setting next_dagrun for consume_1_or_2_with_dataset_expressions to None, run_after=None
[2025-03-06T23:46:31.943+0100] {logging_mixin.py:190} INFO - [2025-03-06T23:46:31.943+0100] {dag.py:4180} INFO - Setting next_dagrun for consume_1_or_both_2_and_3_with_dataset_expressions to None, run_after=None
[2025-03-06T23:46:31.943+0100] {logging_mixin.py:190} INFO - [2025-03-06T23:46:31.943+0100] {dag.py:4180} INFO - Setting next_dagrun for dataset_consumes_1 to None, run_after=None
[2025-03-06T23:46:31.944+0100] {logging_mixin.py:190} INFO - [2025-03-06T23:46:31.944+0100] {dag.py:4180} INFO - Setting next_dagrun for dataset_consumes_1_and_2 to None, run_after=None
[2025-03-06T23:46:31.945+0100] {logging_mixin.py:190} INFO - [2025-03-06T23:46:31.945+0100] {dag.py:4180} INFO - Setting next_dagrun for dataset_consumes_1_never_scheduled to None, run_after=None
[2025-03-06T23:46:31.945+0100] {logging_mixin.py:190} INFO - [2025-03-06T23:46:31.945+0100] {dag.py:4180} INFO - Setting next_dagrun for dataset_consumes_unknown_never_scheduled to None, run_after=None
[2025-03-06T23:46:31.947+0100] {logging_mixin.py:190} INFO - [2025-03-06T23:46:31.947+0100] {dag.py:4180} INFO - Setting next_dagrun for dataset_produces_1 to 2025-03-05 00:00:00+00:00, run_after=2025-03-06 00:00:00+00:00
[2025-03-06T23:46:31.948+0100] {logging_mixin.py:190} INFO - [2025-03-06T23:46:31.948+0100] {dag.py:4180} INFO - Setting next_dagrun for dataset_produces_2 to None, run_after=None
[2025-03-06T23:46:31.976+0100] {processor.py:208} INFO - Processing /home/erij/Erij_Mazouz_4DS8_churn_ml_project/venv/lib/python3.8/site-packages/airflow/example_dags/example_datasets.py took 0.101 seconds
[2025-03-06T23:47:27.258+0100] {processor.py:186} INFO - Started process (PID=57422) to work on /home/erij/Erij_Mazouz_4DS8_churn_ml_project/venv/lib/python3.8/site-packages/airflow/example_dags/example_datasets.py
[2025-03-06T23:47:27.261+0100] {processor.py:914} INFO - Processing file /home/erij/Erij_Mazouz_4DS8_churn_ml_project/venv/lib/python3.8/site-packages/airflow/example_dags/example_datasets.py for tasks to queue
[2025-03-06T23:47:27.262+0100] {logging_mixin.py:190} INFO - [2025-03-06T23:47:27.262+0100] {dagbag.py:588} INFO - Filling up the DagBag from /home/erij/Erij_Mazouz_4DS8_churn_ml_project/venv/lib/python3.8/site-packages/airflow/example_dags/example_datasets.py
[2025-03-06T23:47:27.274+0100] {processor.py:925} INFO - DAG(s) 'dataset_produces_1', 'dataset_consumes_unknown_never_scheduled', 'consume_1_and_2_with_dataset_expressions', 'dataset_consumes_1_never_scheduled', 'consume_1_or_2_with_dataset_expressions', 'dataset_produces_2', 'conditional_dataset_and_time_based_timetable', 'dataset_consumes_1', 'consume_1_or_both_2_and_3_with_dataset_expressions', 'dataset_consumes_1_and_2' retrieved from /home/erij/Erij_Mazouz_4DS8_churn_ml_project/venv/lib/python3.8/site-packages/airflow/example_dags/example_datasets.py
[2025-03-06T23:47:27.299+0100] {logging_mixin.py:190} INFO - [2025-03-06T23:47:27.299+0100] {dag.py:3239} INFO - Sync 10 DAGs
[2025-03-06T23:47:27.318+0100] {logging_mixin.py:190} INFO - [2025-03-06T23:47:27.318+0100] {dag.py:4180} INFO - Setting next_dagrun for conditional_dataset_and_time_based_timetable to 2025-03-05 01:00:00+00:00, run_after=2025-03-05 01:00:00+00:00
[2025-03-06T23:47:27.320+0100] {logging_mixin.py:190} INFO - [2025-03-06T23:47:27.320+0100] {dag.py:4180} INFO - Setting next_dagrun for consume_1_and_2_with_dataset_expressions to None, run_after=None
[2025-03-06T23:47:27.321+0100] {logging_mixin.py:190} INFO - [2025-03-06T23:47:27.321+0100] {dag.py:4180} INFO - Setting next_dagrun for consume_1_or_2_with_dataset_expressions to None, run_after=None
[2025-03-06T23:47:27.322+0100] {logging_mixin.py:190} INFO - [2025-03-06T23:47:27.322+0100] {dag.py:4180} INFO - Setting next_dagrun for consume_1_or_both_2_and_3_with_dataset_expressions to None, run_after=None
[2025-03-06T23:47:27.322+0100] {logging_mixin.py:190} INFO - [2025-03-06T23:47:27.322+0100] {dag.py:4180} INFO - Setting next_dagrun for dataset_consumes_1 to None, run_after=None
[2025-03-06T23:47:27.323+0100] {logging_mixin.py:190} INFO - [2025-03-06T23:47:27.323+0100] {dag.py:4180} INFO - Setting next_dagrun for dataset_consumes_1_and_2 to None, run_after=None
[2025-03-06T23:47:27.323+0100] {logging_mixin.py:190} INFO - [2025-03-06T23:47:27.323+0100] {dag.py:4180} INFO - Setting next_dagrun for dataset_consumes_1_never_scheduled to None, run_after=None
[2025-03-06T23:47:27.324+0100] {logging_mixin.py:190} INFO - [2025-03-06T23:47:27.324+0100] {dag.py:4180} INFO - Setting next_dagrun for dataset_consumes_unknown_never_scheduled to None, run_after=None
[2025-03-06T23:47:27.326+0100] {logging_mixin.py:190} INFO - [2025-03-06T23:47:27.326+0100] {dag.py:4180} INFO - Setting next_dagrun for dataset_produces_1 to 2025-03-05 00:00:00+00:00, run_after=2025-03-06 00:00:00+00:00
[2025-03-06T23:47:27.326+0100] {logging_mixin.py:190} INFO - [2025-03-06T23:47:27.326+0100] {dag.py:4180} INFO - Setting next_dagrun for dataset_produces_2 to None, run_after=None
[2025-03-06T23:47:27.356+0100] {processor.py:208} INFO - Processing /home/erij/Erij_Mazouz_4DS8_churn_ml_project/venv/lib/python3.8/site-packages/airflow/example_dags/example_datasets.py took 0.103 seconds
[2025-03-06T23:48:24.110+0100] {processor.py:186} INFO - Started process (PID=57535) to work on /home/erij/Erij_Mazouz_4DS8_churn_ml_project/venv/lib/python3.8/site-packages/airflow/example_dags/example_datasets.py
[2025-03-06T23:48:24.113+0100] {processor.py:914} INFO - Processing file /home/erij/Erij_Mazouz_4DS8_churn_ml_project/venv/lib/python3.8/site-packages/airflow/example_dags/example_datasets.py for tasks to queue
[2025-03-06T23:48:24.115+0100] {logging_mixin.py:190} INFO - [2025-03-06T23:48:24.114+0100] {dagbag.py:588} INFO - Filling up the DagBag from /home/erij/Erij_Mazouz_4DS8_churn_ml_project/venv/lib/python3.8/site-packages/airflow/example_dags/example_datasets.py
[2025-03-06T23:48:24.126+0100] {processor.py:925} INFO - DAG(s) 'dataset_consumes_unknown_never_scheduled', 'dataset_consumes_1', 'conditional_dataset_and_time_based_timetable', 'dataset_produces_1', 'consume_1_or_both_2_and_3_with_dataset_expressions', 'dataset_consumes_1_and_2', 'dataset_produces_2', 'consume_1_and_2_with_dataset_expressions', 'dataset_consumes_1_never_scheduled', 'consume_1_or_2_with_dataset_expressions' retrieved from /home/erij/Erij_Mazouz_4DS8_churn_ml_project/venv/lib/python3.8/site-packages/airflow/example_dags/example_datasets.py
[2025-03-06T23:48:24.153+0100] {logging_mixin.py:190} INFO - [2025-03-06T23:48:24.153+0100] {dag.py:3239} INFO - Sync 10 DAGs
[2025-03-06T23:48:24.173+0100] {logging_mixin.py:190} INFO - [2025-03-06T23:48:24.173+0100] {dag.py:4180} INFO - Setting next_dagrun for conditional_dataset_and_time_based_timetable to 2025-03-05 01:00:00+00:00, run_after=2025-03-05 01:00:00+00:00
[2025-03-06T23:48:24.176+0100] {logging_mixin.py:190} INFO - [2025-03-06T23:48:24.176+0100] {dag.py:4180} INFO - Setting next_dagrun for consume_1_and_2_with_dataset_expressions to None, run_after=None
[2025-03-06T23:48:24.177+0100] {logging_mixin.py:190} INFO - [2025-03-06T23:48:24.177+0100] {dag.py:4180} INFO - Setting next_dagrun for consume_1_or_2_with_dataset_expressions to None, run_after=None
[2025-03-06T23:48:24.177+0100] {logging_mixin.py:190} INFO - [2025-03-06T23:48:24.177+0100] {dag.py:4180} INFO - Setting next_dagrun for consume_1_or_both_2_and_3_with_dataset_expressions to None, run_after=None
[2025-03-06T23:48:24.178+0100] {logging_mixin.py:190} INFO - [2025-03-06T23:48:24.178+0100] {dag.py:4180} INFO - Setting next_dagrun for dataset_consumes_1 to None, run_after=None
[2025-03-06T23:48:24.179+0100] {logging_mixin.py:190} INFO - [2025-03-06T23:48:24.179+0100] {dag.py:4180} INFO - Setting next_dagrun for dataset_consumes_1_and_2 to None, run_after=None
[2025-03-06T23:48:24.179+0100] {logging_mixin.py:190} INFO - [2025-03-06T23:48:24.179+0100] {dag.py:4180} INFO - Setting next_dagrun for dataset_consumes_1_never_scheduled to None, run_after=None
[2025-03-06T23:48:24.180+0100] {logging_mixin.py:190} INFO - [2025-03-06T23:48:24.180+0100] {dag.py:4180} INFO - Setting next_dagrun for dataset_consumes_unknown_never_scheduled to None, run_after=None
[2025-03-06T23:48:24.182+0100] {logging_mixin.py:190} INFO - [2025-03-06T23:48:24.182+0100] {dag.py:4180} INFO - Setting next_dagrun for dataset_produces_1 to 2025-03-05 00:00:00+00:00, run_after=2025-03-06 00:00:00+00:00
[2025-03-06T23:48:24.182+0100] {logging_mixin.py:190} INFO - [2025-03-06T23:48:24.182+0100] {dag.py:4180} INFO - Setting next_dagrun for dataset_produces_2 to None, run_after=None
[2025-03-06T23:48:24.209+0100] {processor.py:208} INFO - Processing /home/erij/Erij_Mazouz_4DS8_churn_ml_project/venv/lib/python3.8/site-packages/airflow/example_dags/example_datasets.py took 0.104 seconds
[2025-03-06T23:49:21.601+0100] {processor.py:186} INFO - Started process (PID=57652) to work on /home/erij/Erij_Mazouz_4DS8_churn_ml_project/venv/lib/python3.8/site-packages/airflow/example_dags/example_datasets.py
[2025-03-06T23:49:21.603+0100] {processor.py:914} INFO - Processing file /home/erij/Erij_Mazouz_4DS8_churn_ml_project/venv/lib/python3.8/site-packages/airflow/example_dags/example_datasets.py for tasks to queue
[2025-03-06T23:49:21.605+0100] {logging_mixin.py:190} INFO - [2025-03-06T23:49:21.604+0100] {dagbag.py:588} INFO - Filling up the DagBag from /home/erij/Erij_Mazouz_4DS8_churn_ml_project/venv/lib/python3.8/site-packages/airflow/example_dags/example_datasets.py
[2025-03-06T23:49:21.617+0100] {processor.py:925} INFO - DAG(s) 'dataset_produces_1', 'consume_1_and_2_with_dataset_expressions', 'dataset_produces_2', 'dataset_consumes_1', 'consume_1_or_both_2_and_3_with_dataset_expressions', 'consume_1_or_2_with_dataset_expressions', 'dataset_consumes_1_never_scheduled', 'dataset_consumes_1_and_2', 'dataset_consumes_unknown_never_scheduled', 'conditional_dataset_and_time_based_timetable' retrieved from /home/erij/Erij_Mazouz_4DS8_churn_ml_project/venv/lib/python3.8/site-packages/airflow/example_dags/example_datasets.py
[2025-03-06T23:49:21.645+0100] {logging_mixin.py:190} INFO - [2025-03-06T23:49:21.645+0100] {dag.py:3239} INFO - Sync 10 DAGs
[2025-03-06T23:49:21.664+0100] {logging_mixin.py:190} INFO - [2025-03-06T23:49:21.664+0100] {dag.py:4180} INFO - Setting next_dagrun for conditional_dataset_and_time_based_timetable to 2025-03-05 01:00:00+00:00, run_after=2025-03-05 01:00:00+00:00
[2025-03-06T23:49:21.667+0100] {logging_mixin.py:190} INFO - [2025-03-06T23:49:21.667+0100] {dag.py:4180} INFO - Setting next_dagrun for consume_1_and_2_with_dataset_expressions to None, run_after=None
[2025-03-06T23:49:21.667+0100] {logging_mixin.py:190} INFO - [2025-03-06T23:49:21.667+0100] {dag.py:4180} INFO - Setting next_dagrun for consume_1_or_2_with_dataset_expressions to None, run_after=None
[2025-03-06T23:49:21.668+0100] {logging_mixin.py:190} INFO - [2025-03-06T23:49:21.668+0100] {dag.py:4180} INFO - Setting next_dagrun for consume_1_or_both_2_and_3_with_dataset_expressions to None, run_after=None
[2025-03-06T23:49:21.669+0100] {logging_mixin.py:190} INFO - [2025-03-06T23:49:21.669+0100] {dag.py:4180} INFO - Setting next_dagrun for dataset_consumes_1 to None, run_after=None
[2025-03-06T23:49:21.669+0100] {logging_mixin.py:190} INFO - [2025-03-06T23:49:21.669+0100] {dag.py:4180} INFO - Setting next_dagrun for dataset_consumes_1_and_2 to None, run_after=None
[2025-03-06T23:49:21.670+0100] {logging_mixin.py:190} INFO - [2025-03-06T23:49:21.670+0100] {dag.py:4180} INFO - Setting next_dagrun for dataset_consumes_1_never_scheduled to None, run_after=None
[2025-03-06T23:49:21.671+0100] {logging_mixin.py:190} INFO - [2025-03-06T23:49:21.671+0100] {dag.py:4180} INFO - Setting next_dagrun for dataset_consumes_unknown_never_scheduled to None, run_after=None
[2025-03-06T23:49:21.673+0100] {logging_mixin.py:190} INFO - [2025-03-06T23:49:21.672+0100] {dag.py:4180} INFO - Setting next_dagrun for dataset_produces_1 to 2025-03-05 00:00:00+00:00, run_after=2025-03-06 00:00:00+00:00
[2025-03-06T23:49:21.673+0100] {logging_mixin.py:190} INFO - [2025-03-06T23:49:21.673+0100] {dag.py:4180} INFO - Setting next_dagrun for dataset_produces_2 to None, run_after=None
[2025-03-06T23:49:21.699+0100] {processor.py:208} INFO - Processing /home/erij/Erij_Mazouz_4DS8_churn_ml_project/venv/lib/python3.8/site-packages/airflow/example_dags/example_datasets.py took 0.104 seconds
[2025-03-06T23:50:15.569+0100] {processor.py:186} INFO - Started process (PID=57766) to work on /home/erij/Erij_Mazouz_4DS8_churn_ml_project/venv/lib/python3.8/site-packages/airflow/example_dags/example_datasets.py
[2025-03-06T23:50:15.571+0100] {processor.py:914} INFO - Processing file /home/erij/Erij_Mazouz_4DS8_churn_ml_project/venv/lib/python3.8/site-packages/airflow/example_dags/example_datasets.py for tasks to queue
[2025-03-06T23:50:15.573+0100] {logging_mixin.py:190} INFO - [2025-03-06T23:50:15.572+0100] {dagbag.py:588} INFO - Filling up the DagBag from /home/erij/Erij_Mazouz_4DS8_churn_ml_project/venv/lib/python3.8/site-packages/airflow/example_dags/example_datasets.py
[2025-03-06T23:50:15.587+0100] {processor.py:925} INFO - DAG(s) 'dataset_consumes_1', 'dataset_consumes_1_and_2', 'dataset_produces_2', 'consume_1_and_2_with_dataset_expressions', 'consume_1_or_both_2_and_3_with_dataset_expressions', 'consume_1_or_2_with_dataset_expressions', 'dataset_consumes_unknown_never_scheduled', 'dataset_consumes_1_never_scheduled', 'conditional_dataset_and_time_based_timetable', 'dataset_produces_1' retrieved from /home/erij/Erij_Mazouz_4DS8_churn_ml_project/venv/lib/python3.8/site-packages/airflow/example_dags/example_datasets.py
[2025-03-06T23:50:15.616+0100] {logging_mixin.py:190} INFO - [2025-03-06T23:50:15.615+0100] {dag.py:3239} INFO - Sync 10 DAGs
[2025-03-06T23:50:15.636+0100] {logging_mixin.py:190} INFO - [2025-03-06T23:50:15.636+0100] {dag.py:4180} INFO - Setting next_dagrun for conditional_dataset_and_time_based_timetable to 2025-03-05 01:00:00+00:00, run_after=2025-03-05 01:00:00+00:00
[2025-03-06T23:50:15.639+0100] {logging_mixin.py:190} INFO - [2025-03-06T23:50:15.639+0100] {dag.py:4180} INFO - Setting next_dagrun for consume_1_and_2_with_dataset_expressions to None, run_after=None
[2025-03-06T23:50:15.640+0100] {logging_mixin.py:190} INFO - [2025-03-06T23:50:15.640+0100] {dag.py:4180} INFO - Setting next_dagrun for consume_1_or_2_with_dataset_expressions to None, run_after=None
[2025-03-06T23:50:15.641+0100] {logging_mixin.py:190} INFO - [2025-03-06T23:50:15.641+0100] {dag.py:4180} INFO - Setting next_dagrun for consume_1_or_both_2_and_3_with_dataset_expressions to None, run_after=None
[2025-03-06T23:50:15.642+0100] {logging_mixin.py:190} INFO - [2025-03-06T23:50:15.641+0100] {dag.py:4180} INFO - Setting next_dagrun for dataset_consumes_1 to None, run_after=None
[2025-03-06T23:50:15.642+0100] {logging_mixin.py:190} INFO - [2025-03-06T23:50:15.642+0100] {dag.py:4180} INFO - Setting next_dagrun for dataset_consumes_1_and_2 to None, run_after=None
[2025-03-06T23:50:15.643+0100] {logging_mixin.py:190} INFO - [2025-03-06T23:50:15.643+0100] {dag.py:4180} INFO - Setting next_dagrun for dataset_consumes_1_never_scheduled to None, run_after=None
[2025-03-06T23:50:15.644+0100] {logging_mixin.py:190} INFO - [2025-03-06T23:50:15.644+0100] {dag.py:4180} INFO - Setting next_dagrun for dataset_consumes_unknown_never_scheduled to None, run_after=None
[2025-03-06T23:50:15.646+0100] {logging_mixin.py:190} INFO - [2025-03-06T23:50:15.645+0100] {dag.py:4180} INFO - Setting next_dagrun for dataset_produces_1 to 2025-03-05 00:00:00+00:00, run_after=2025-03-06 00:00:00+00:00
[2025-03-06T23:50:15.646+0100] {logging_mixin.py:190} INFO - [2025-03-06T23:50:15.646+0100] {dag.py:4180} INFO - Setting next_dagrun for dataset_produces_2 to None, run_after=None
[2025-03-06T23:50:15.673+0100] {processor.py:208} INFO - Processing /home/erij/Erij_Mazouz_4DS8_churn_ml_project/venv/lib/python3.8/site-packages/airflow/example_dags/example_datasets.py took 0.109 seconds
[2025-03-06T23:51:12.061+0100] {processor.py:186} INFO - Started process (PID=57874) to work on /home/erij/Erij_Mazouz_4DS8_churn_ml_project/venv/lib/python3.8/site-packages/airflow/example_dags/example_datasets.py
[2025-03-06T23:51:12.063+0100] {processor.py:914} INFO - Processing file /home/erij/Erij_Mazouz_4DS8_churn_ml_project/venv/lib/python3.8/site-packages/airflow/example_dags/example_datasets.py for tasks to queue
[2025-03-06T23:51:12.065+0100] {logging_mixin.py:190} INFO - [2025-03-06T23:51:12.064+0100] {dagbag.py:588} INFO - Filling up the DagBag from /home/erij/Erij_Mazouz_4DS8_churn_ml_project/venv/lib/python3.8/site-packages/airflow/example_dags/example_datasets.py
[2025-03-06T23:51:12.077+0100] {processor.py:925} INFO - DAG(s) 'consume_1_or_2_with_dataset_expressions', 'dataset_consumes_1', 'conditional_dataset_and_time_based_timetable', 'dataset_produces_2', 'consume_1_and_2_with_dataset_expressions', 'dataset_consumes_1_never_scheduled', 'dataset_produces_1', 'consume_1_or_both_2_and_3_with_dataset_expressions', 'dataset_consumes_1_and_2', 'dataset_consumes_unknown_never_scheduled' retrieved from /home/erij/Erij_Mazouz_4DS8_churn_ml_project/venv/lib/python3.8/site-packages/airflow/example_dags/example_datasets.py
[2025-03-06T23:51:12.102+0100] {logging_mixin.py:190} INFO - [2025-03-06T23:51:12.102+0100] {dag.py:3239} INFO - Sync 10 DAGs
[2025-03-06T23:51:12.122+0100] {logging_mixin.py:190} INFO - [2025-03-06T23:51:12.122+0100] {dag.py:4180} INFO - Setting next_dagrun for conditional_dataset_and_time_based_timetable to 2025-03-05 01:00:00+00:00, run_after=2025-03-05 01:00:00+00:00
[2025-03-06T23:51:12.124+0100] {logging_mixin.py:190} INFO - [2025-03-06T23:51:12.124+0100] {dag.py:4180} INFO - Setting next_dagrun for consume_1_and_2_with_dataset_expressions to None, run_after=None
[2025-03-06T23:51:12.125+0100] {logging_mixin.py:190} INFO - [2025-03-06T23:51:12.125+0100] {dag.py:4180} INFO - Setting next_dagrun for consume_1_or_2_with_dataset_expressions to None, run_after=None
[2025-03-06T23:51:12.127+0100] {logging_mixin.py:190} INFO - [2025-03-06T23:51:12.127+0100] {dag.py:4180} INFO - Setting next_dagrun for consume_1_or_both_2_and_3_with_dataset_expressions to None, run_after=None
[2025-03-06T23:51:12.127+0100] {logging_mixin.py:190} INFO - [2025-03-06T23:51:12.127+0100] {dag.py:4180} INFO - Setting next_dagrun for dataset_consumes_1 to None, run_after=None
[2025-03-06T23:51:12.128+0100] {logging_mixin.py:190} INFO - [2025-03-06T23:51:12.128+0100] {dag.py:4180} INFO - Setting next_dagrun for dataset_consumes_1_and_2 to None, run_after=None
[2025-03-06T23:51:12.129+0100] {logging_mixin.py:190} INFO - [2025-03-06T23:51:12.129+0100] {dag.py:4180} INFO - Setting next_dagrun for dataset_consumes_1_never_scheduled to None, run_after=None
[2025-03-06T23:51:12.129+0100] {logging_mixin.py:190} INFO - [2025-03-06T23:51:12.129+0100] {dag.py:4180} INFO - Setting next_dagrun for dataset_consumes_unknown_never_scheduled to None, run_after=None
[2025-03-06T23:51:12.131+0100] {logging_mixin.py:190} INFO - [2025-03-06T23:51:12.131+0100] {dag.py:4180} INFO - Setting next_dagrun for dataset_produces_1 to 2025-03-05 00:00:00+00:00, run_after=2025-03-06 00:00:00+00:00
[2025-03-06T23:51:12.132+0100] {logging_mixin.py:190} INFO - [2025-03-06T23:51:12.132+0100] {dag.py:4180} INFO - Setting next_dagrun for dataset_produces_2 to None, run_after=None
[2025-03-06T23:51:12.160+0100] {processor.py:208} INFO - Processing /home/erij/Erij_Mazouz_4DS8_churn_ml_project/venv/lib/python3.8/site-packages/airflow/example_dags/example_datasets.py took 0.104 seconds
[2025-03-06T23:52:07.035+0100] {processor.py:186} INFO - Started process (PID=57990) to work on /home/erij/Erij_Mazouz_4DS8_churn_ml_project/venv/lib/python3.8/site-packages/airflow/example_dags/example_datasets.py
[2025-03-06T23:52:07.037+0100] {processor.py:914} INFO - Processing file /home/erij/Erij_Mazouz_4DS8_churn_ml_project/venv/lib/python3.8/site-packages/airflow/example_dags/example_datasets.py for tasks to queue
[2025-03-06T23:52:07.039+0100] {logging_mixin.py:190} INFO - [2025-03-06T23:52:07.039+0100] {dagbag.py:588} INFO - Filling up the DagBag from /home/erij/Erij_Mazouz_4DS8_churn_ml_project/venv/lib/python3.8/site-packages/airflow/example_dags/example_datasets.py
[2025-03-06T23:52:07.054+0100] {processor.py:925} INFO - DAG(s) 'dataset_consumes_1_and_2', 'consume_1_or_both_2_and_3_with_dataset_expressions', 'consume_1_and_2_with_dataset_expressions', 'dataset_produces_2', 'dataset_produces_1', 'dataset_consumes_1', 'conditional_dataset_and_time_based_timetable', 'dataset_consumes_unknown_never_scheduled', 'dataset_consumes_1_never_scheduled', 'consume_1_or_2_with_dataset_expressions' retrieved from /home/erij/Erij_Mazouz_4DS8_churn_ml_project/venv/lib/python3.8/site-packages/airflow/example_dags/example_datasets.py
[2025-03-06T23:52:07.084+0100] {logging_mixin.py:190} INFO - [2025-03-06T23:52:07.084+0100] {dag.py:3239} INFO - Sync 10 DAGs
[2025-03-06T23:52:07.106+0100] {logging_mixin.py:190} INFO - [2025-03-06T23:52:07.106+0100] {dag.py:4180} INFO - Setting next_dagrun for conditional_dataset_and_time_based_timetable to 2025-03-05 01:00:00+00:00, run_after=2025-03-05 01:00:00+00:00
[2025-03-06T23:52:07.109+0100] {logging_mixin.py:190} INFO - [2025-03-06T23:52:07.108+0100] {dag.py:4180} INFO - Setting next_dagrun for consume_1_and_2_with_dataset_expressions to None, run_after=None
[2025-03-06T23:52:07.109+0100] {logging_mixin.py:190} INFO - [2025-03-06T23:52:07.109+0100] {dag.py:4180} INFO - Setting next_dagrun for consume_1_or_2_with_dataset_expressions to None, run_after=None
[2025-03-06T23:52:07.110+0100] {logging_mixin.py:190} INFO - [2025-03-06T23:52:07.110+0100] {dag.py:4180} INFO - Setting next_dagrun for consume_1_or_both_2_and_3_with_dataset_expressions to None, run_after=None
[2025-03-06T23:52:07.111+0100] {logging_mixin.py:190} INFO - [2025-03-06T23:52:07.111+0100] {dag.py:4180} INFO - Setting next_dagrun for dataset_consumes_1 to None, run_after=None
[2025-03-06T23:52:07.112+0100] {logging_mixin.py:190} INFO - [2025-03-06T23:52:07.112+0100] {dag.py:4180} INFO - Setting next_dagrun for dataset_consumes_1_and_2 to None, run_after=None
[2025-03-06T23:52:07.113+0100] {logging_mixin.py:190} INFO - [2025-03-06T23:52:07.112+0100] {dag.py:4180} INFO - Setting next_dagrun for dataset_consumes_1_never_scheduled to None, run_after=None
[2025-03-06T23:52:07.113+0100] {logging_mixin.py:190} INFO - [2025-03-06T23:52:07.113+0100] {dag.py:4180} INFO - Setting next_dagrun for dataset_consumes_unknown_never_scheduled to None, run_after=None
[2025-03-06T23:52:07.115+0100] {logging_mixin.py:190} INFO - [2025-03-06T23:52:07.115+0100] {dag.py:4180} INFO - Setting next_dagrun for dataset_produces_1 to 2025-03-05 00:00:00+00:00, run_after=2025-03-06 00:00:00+00:00
[2025-03-06T23:52:07.116+0100] {logging_mixin.py:190} INFO - [2025-03-06T23:52:07.116+0100] {dag.py:4180} INFO - Setting next_dagrun for dataset_produces_2 to None, run_after=None
[2025-03-06T23:52:07.147+0100] {processor.py:208} INFO - Processing /home/erij/Erij_Mazouz_4DS8_churn_ml_project/venv/lib/python3.8/site-packages/airflow/example_dags/example_datasets.py took 0.118 seconds
[2025-03-06T23:53:02.505+0100] {processor.py:186} INFO - Started process (PID=58102) to work on /home/erij/Erij_Mazouz_4DS8_churn_ml_project/venv/lib/python3.8/site-packages/airflow/example_dags/example_datasets.py
[2025-03-06T23:53:02.508+0100] {processor.py:914} INFO - Processing file /home/erij/Erij_Mazouz_4DS8_churn_ml_project/venv/lib/python3.8/site-packages/airflow/example_dags/example_datasets.py for tasks to queue
[2025-03-06T23:53:02.510+0100] {logging_mixin.py:190} INFO - [2025-03-06T23:53:02.509+0100] {dagbag.py:588} INFO - Filling up the DagBag from /home/erij/Erij_Mazouz_4DS8_churn_ml_project/venv/lib/python3.8/site-packages/airflow/example_dags/example_datasets.py
[2025-03-06T23:53:02.523+0100] {processor.py:925} INFO - DAG(s) 'dataset_consumes_unknown_never_scheduled', 'dataset_consumes_1_never_scheduled', 'conditional_dataset_and_time_based_timetable', 'consume_1_and_2_with_dataset_expressions', 'dataset_produces_2', 'dataset_consumes_1', 'dataset_consumes_1_and_2', 'consume_1_or_both_2_and_3_with_dataset_expressions', 'dataset_produces_1', 'consume_1_or_2_with_dataset_expressions' retrieved from /home/erij/Erij_Mazouz_4DS8_churn_ml_project/venv/lib/python3.8/site-packages/airflow/example_dags/example_datasets.py
[2025-03-06T23:53:02.550+0100] {logging_mixin.py:190} INFO - [2025-03-06T23:53:02.550+0100] {dag.py:3239} INFO - Sync 10 DAGs
[2025-03-06T23:53:02.570+0100] {logging_mixin.py:190} INFO - [2025-03-06T23:53:02.569+0100] {dag.py:4180} INFO - Setting next_dagrun for conditional_dataset_and_time_based_timetable to 2025-03-05 01:00:00+00:00, run_after=2025-03-05 01:00:00+00:00
[2025-03-06T23:53:02.572+0100] {logging_mixin.py:190} INFO - [2025-03-06T23:53:02.572+0100] {dag.py:4180} INFO - Setting next_dagrun for consume_1_and_2_with_dataset_expressions to None, run_after=None
[2025-03-06T23:53:02.573+0100] {logging_mixin.py:190} INFO - [2025-03-06T23:53:02.573+0100] {dag.py:4180} INFO - Setting next_dagrun for consume_1_or_2_with_dataset_expressions to None, run_after=None
[2025-03-06T23:53:02.574+0100] {logging_mixin.py:190} INFO - [2025-03-06T23:53:02.574+0100] {dag.py:4180} INFO - Setting next_dagrun for consume_1_or_both_2_and_3_with_dataset_expressions to None, run_after=None
[2025-03-06T23:53:02.575+0100] {logging_mixin.py:190} INFO - [2025-03-06T23:53:02.575+0100] {dag.py:4180} INFO - Setting next_dagrun for dataset_consumes_1 to None, run_after=None
[2025-03-06T23:53:02.576+0100] {logging_mixin.py:190} INFO - [2025-03-06T23:53:02.575+0100] {dag.py:4180} INFO - Setting next_dagrun for dataset_consumes_1_and_2 to None, run_after=None
[2025-03-06T23:53:02.576+0100] {logging_mixin.py:190} INFO - [2025-03-06T23:53:02.576+0100] {dag.py:4180} INFO - Setting next_dagrun for dataset_consumes_1_never_scheduled to None, run_after=None
[2025-03-06T23:53:02.577+0100] {logging_mixin.py:190} INFO - [2025-03-06T23:53:02.577+0100] {dag.py:4180} INFO - Setting next_dagrun for dataset_consumes_unknown_never_scheduled to None, run_after=None
[2025-03-06T23:53:02.579+0100] {logging_mixin.py:190} INFO - [2025-03-06T23:53:02.578+0100] {dag.py:4180} INFO - Setting next_dagrun for dataset_produces_1 to 2025-03-05 00:00:00+00:00, run_after=2025-03-06 00:00:00+00:00
[2025-03-06T23:53:02.579+0100] {logging_mixin.py:190} INFO - [2025-03-06T23:53:02.579+0100] {dag.py:4180} INFO - Setting next_dagrun for dataset_produces_2 to None, run_after=None
[2025-03-06T23:53:02.609+0100] {processor.py:208} INFO - Processing /home/erij/Erij_Mazouz_4DS8_churn_ml_project/venv/lib/python3.8/site-packages/airflow/example_dags/example_datasets.py took 0.109 seconds
[2025-03-06T23:54:00.276+0100] {processor.py:186} INFO - Started process (PID=58237) to work on /home/erij/Erij_Mazouz_4DS8_churn_ml_project/venv/lib/python3.8/site-packages/airflow/example_dags/example_datasets.py
[2025-03-06T23:54:00.279+0100] {processor.py:914} INFO - Processing file /home/erij/Erij_Mazouz_4DS8_churn_ml_project/venv/lib/python3.8/site-packages/airflow/example_dags/example_datasets.py for tasks to queue
[2025-03-06T23:54:00.280+0100] {logging_mixin.py:190} INFO - [2025-03-06T23:54:00.280+0100] {dagbag.py:588} INFO - Filling up the DagBag from /home/erij/Erij_Mazouz_4DS8_churn_ml_project/venv/lib/python3.8/site-packages/airflow/example_dags/example_datasets.py
[2025-03-06T23:54:00.292+0100] {processor.py:925} INFO - DAG(s) 'consume_1_or_both_2_and_3_with_dataset_expressions', 'dataset_consumes_1_never_scheduled', 'consume_1_or_2_with_dataset_expressions', 'dataset_consumes_1', 'dataset_consumes_unknown_never_scheduled', 'dataset_consumes_1_and_2', 'dataset_produces_2', 'consume_1_and_2_with_dataset_expressions', 'conditional_dataset_and_time_based_timetable', 'dataset_produces_1' retrieved from /home/erij/Erij_Mazouz_4DS8_churn_ml_project/venv/lib/python3.8/site-packages/airflow/example_dags/example_datasets.py
[2025-03-06T23:54:00.318+0100] {logging_mixin.py:190} INFO - [2025-03-06T23:54:00.318+0100] {dag.py:3239} INFO - Sync 10 DAGs
[2025-03-06T23:54:00.336+0100] {logging_mixin.py:190} INFO - [2025-03-06T23:54:00.336+0100] {dag.py:4180} INFO - Setting next_dagrun for conditional_dataset_and_time_based_timetable to 2025-03-05 01:00:00+00:00, run_after=2025-03-05 01:00:00+00:00
[2025-03-06T23:54:00.339+0100] {logging_mixin.py:190} INFO - [2025-03-06T23:54:00.338+0100] {dag.py:4180} INFO - Setting next_dagrun for consume_1_and_2_with_dataset_expressions to None, run_after=None
[2025-03-06T23:54:00.339+0100] {logging_mixin.py:190} INFO - [2025-03-06T23:54:00.339+0100] {dag.py:4180} INFO - Setting next_dagrun for consume_1_or_2_with_dataset_expressions to None, run_after=None
[2025-03-06T23:54:00.340+0100] {logging_mixin.py:190} INFO - [2025-03-06T23:54:00.340+0100] {dag.py:4180} INFO - Setting next_dagrun for consume_1_or_both_2_and_3_with_dataset_expressions to None, run_after=None
[2025-03-06T23:54:00.341+0100] {logging_mixin.py:190} INFO - [2025-03-06T23:54:00.341+0100] {dag.py:4180} INFO - Setting next_dagrun for dataset_consumes_1 to None, run_after=None
[2025-03-06T23:54:00.341+0100] {logging_mixin.py:190} INFO - [2025-03-06T23:54:00.341+0100] {dag.py:4180} INFO - Setting next_dagrun for dataset_consumes_1_and_2 to None, run_after=None
[2025-03-06T23:54:00.342+0100] {logging_mixin.py:190} INFO - [2025-03-06T23:54:00.342+0100] {dag.py:4180} INFO - Setting next_dagrun for dataset_consumes_1_never_scheduled to None, run_after=None
[2025-03-06T23:54:00.343+0100] {logging_mixin.py:190} INFO - [2025-03-06T23:54:00.343+0100] {dag.py:4180} INFO - Setting next_dagrun for dataset_consumes_unknown_never_scheduled to None, run_after=None
[2025-03-06T23:54:00.345+0100] {logging_mixin.py:190} INFO - [2025-03-06T23:54:00.345+0100] {dag.py:4180} INFO - Setting next_dagrun for dataset_produces_1 to 2025-03-05 00:00:00+00:00, run_after=2025-03-06 00:00:00+00:00
[2025-03-06T23:54:00.346+0100] {logging_mixin.py:190} INFO - [2025-03-06T23:54:00.346+0100] {dag.py:4180} INFO - Setting next_dagrun for dataset_produces_2 to None, run_after=None
[2025-03-06T23:54:00.376+0100] {processor.py:208} INFO - Processing /home/erij/Erij_Mazouz_4DS8_churn_ml_project/venv/lib/python3.8/site-packages/airflow/example_dags/example_datasets.py took 0.104 seconds
[2025-03-06T23:54:57.430+0100] {processor.py:186} INFO - Started process (PID=58607) to work on /home/erij/Erij_Mazouz_4DS8_churn_ml_project/venv/lib/python3.8/site-packages/airflow/example_dags/example_datasets.py
[2025-03-06T23:54:57.432+0100] {processor.py:914} INFO - Processing file /home/erij/Erij_Mazouz_4DS8_churn_ml_project/venv/lib/python3.8/site-packages/airflow/example_dags/example_datasets.py for tasks to queue
[2025-03-06T23:54:57.434+0100] {logging_mixin.py:190} INFO - [2025-03-06T23:54:57.434+0100] {dagbag.py:588} INFO - Filling up the DagBag from /home/erij/Erij_Mazouz_4DS8_churn_ml_project/venv/lib/python3.8/site-packages/airflow/example_dags/example_datasets.py
[2025-03-06T23:54:57.448+0100] {processor.py:925} INFO - DAG(s) 'dataset_consumes_1', 'dataset_produces_2', 'consume_1_and_2_with_dataset_expressions', 'dataset_consumes_1_never_scheduled', 'consume_1_or_2_with_dataset_expressions', 'dataset_produces_1', 'dataset_consumes_1_and_2', 'conditional_dataset_and_time_based_timetable', 'dataset_consumes_unknown_never_scheduled', 'consume_1_or_both_2_and_3_with_dataset_expressions' retrieved from /home/erij/Erij_Mazouz_4DS8_churn_ml_project/venv/lib/python3.8/site-packages/airflow/example_dags/example_datasets.py
[2025-03-06T23:54:57.476+0100] {logging_mixin.py:190} INFO - [2025-03-06T23:54:57.475+0100] {dag.py:3239} INFO - Sync 10 DAGs
[2025-03-06T23:54:57.495+0100] {logging_mixin.py:190} INFO - [2025-03-06T23:54:57.495+0100] {dag.py:4180} INFO - Setting next_dagrun for conditional_dataset_and_time_based_timetable to 2025-03-05 01:00:00+00:00, run_after=2025-03-05 01:00:00+00:00
[2025-03-06T23:54:57.498+0100] {logging_mixin.py:190} INFO - [2025-03-06T23:54:57.498+0100] {dag.py:4180} INFO - Setting next_dagrun for consume_1_and_2_with_dataset_expressions to None, run_after=None
[2025-03-06T23:54:57.498+0100] {logging_mixin.py:190} INFO - [2025-03-06T23:54:57.498+0100] {dag.py:4180} INFO - Setting next_dagrun for consume_1_or_2_with_dataset_expressions to None, run_after=None
[2025-03-06T23:54:57.499+0100] {logging_mixin.py:190} INFO - [2025-03-06T23:54:57.499+0100] {dag.py:4180} INFO - Setting next_dagrun for consume_1_or_both_2_and_3_with_dataset_expressions to None, run_after=None
[2025-03-06T23:54:57.500+0100] {logging_mixin.py:190} INFO - [2025-03-06T23:54:57.500+0100] {dag.py:4180} INFO - Setting next_dagrun for dataset_consumes_1 to None, run_after=None
[2025-03-06T23:54:57.500+0100] {logging_mixin.py:190} INFO - [2025-03-06T23:54:57.500+0100] {dag.py:4180} INFO - Setting next_dagrun for dataset_consumes_1_and_2 to None, run_after=None
[2025-03-06T23:54:57.501+0100] {logging_mixin.py:190} INFO - [2025-03-06T23:54:57.501+0100] {dag.py:4180} INFO - Setting next_dagrun for dataset_consumes_1_never_scheduled to None, run_after=None
[2025-03-06T23:54:57.502+0100] {logging_mixin.py:190} INFO - [2025-03-06T23:54:57.502+0100] {dag.py:4180} INFO - Setting next_dagrun for dataset_consumes_unknown_never_scheduled to None, run_after=None
[2025-03-06T23:54:57.504+0100] {logging_mixin.py:190} INFO - [2025-03-06T23:54:57.503+0100] {dag.py:4180} INFO - Setting next_dagrun for dataset_produces_1 to 2025-03-05 00:00:00+00:00, run_after=2025-03-06 00:00:00+00:00
[2025-03-06T23:54:57.504+0100] {logging_mixin.py:190} INFO - [2025-03-06T23:54:57.504+0100] {dag.py:4180} INFO - Setting next_dagrun for dataset_produces_2 to None, run_after=None
[2025-03-06T23:54:57.532+0100] {processor.py:208} INFO - Processing /home/erij/Erij_Mazouz_4DS8_churn_ml_project/venv/lib/python3.8/site-packages/airflow/example_dags/example_datasets.py took 0.108 seconds
[2025-03-06T23:55:55.783+0100] {processor.py:186} INFO - Started process (PID=59172) to work on /home/erij/Erij_Mazouz_4DS8_churn_ml_project/venv/lib/python3.8/site-packages/airflow/example_dags/example_datasets.py
[2025-03-06T23:55:55.785+0100] {processor.py:914} INFO - Processing file /home/erij/Erij_Mazouz_4DS8_churn_ml_project/venv/lib/python3.8/site-packages/airflow/example_dags/example_datasets.py for tasks to queue
[2025-03-06T23:55:55.787+0100] {logging_mixin.py:190} INFO - [2025-03-06T23:55:55.787+0100] {dagbag.py:588} INFO - Filling up the DagBag from /home/erij/Erij_Mazouz_4DS8_churn_ml_project/venv/lib/python3.8/site-packages/airflow/example_dags/example_datasets.py
[2025-03-06T23:55:55.800+0100] {processor.py:925} INFO - DAG(s) 'dataset_consumes_1', 'dataset_produces_2', 'conditional_dataset_and_time_based_timetable', 'consume_1_or_2_with_dataset_expressions', 'consume_1_and_2_with_dataset_expressions', 'dataset_consumes_1_never_scheduled', 'dataset_consumes_unknown_never_scheduled', 'consume_1_or_both_2_and_3_with_dataset_expressions', 'dataset_consumes_1_and_2', 'dataset_produces_1' retrieved from /home/erij/Erij_Mazouz_4DS8_churn_ml_project/venv/lib/python3.8/site-packages/airflow/example_dags/example_datasets.py
[2025-03-06T23:55:55.829+0100] {logging_mixin.py:190} INFO - [2025-03-06T23:55:55.829+0100] {dag.py:3239} INFO - Sync 10 DAGs
[2025-03-06T23:55:55.850+0100] {logging_mixin.py:190} INFO - [2025-03-06T23:55:55.850+0100] {dag.py:4180} INFO - Setting next_dagrun for conditional_dataset_and_time_based_timetable to 2025-03-05 01:00:00+00:00, run_after=2025-03-05 01:00:00+00:00
[2025-03-06T23:55:55.852+0100] {logging_mixin.py:190} INFO - [2025-03-06T23:55:55.852+0100] {dag.py:4180} INFO - Setting next_dagrun for consume_1_and_2_with_dataset_expressions to None, run_after=None
[2025-03-06T23:55:55.853+0100] {logging_mixin.py:190} INFO - [2025-03-06T23:55:55.853+0100] {dag.py:4180} INFO - Setting next_dagrun for consume_1_or_2_with_dataset_expressions to None, run_after=None
[2025-03-06T23:55:55.854+0100] {logging_mixin.py:190} INFO - [2025-03-06T23:55:55.854+0100] {dag.py:4180} INFO - Setting next_dagrun for consume_1_or_both_2_and_3_with_dataset_expressions to None, run_after=None
[2025-03-06T23:55:55.854+0100] {logging_mixin.py:190} INFO - [2025-03-06T23:55:55.854+0100] {dag.py:4180} INFO - Setting next_dagrun for dataset_consumes_1 to None, run_after=None
[2025-03-06T23:55:55.855+0100] {logging_mixin.py:190} INFO - [2025-03-06T23:55:55.855+0100] {dag.py:4180} INFO - Setting next_dagrun for dataset_consumes_1_and_2 to None, run_after=None
[2025-03-06T23:55:55.856+0100] {logging_mixin.py:190} INFO - [2025-03-06T23:55:55.856+0100] {dag.py:4180} INFO - Setting next_dagrun for dataset_consumes_1_never_scheduled to None, run_after=None
[2025-03-06T23:55:55.857+0100] {logging_mixin.py:190} INFO - [2025-03-06T23:55:55.856+0100] {dag.py:4180} INFO - Setting next_dagrun for dataset_consumes_unknown_never_scheduled to None, run_after=None
[2025-03-06T23:55:55.858+0100] {logging_mixin.py:190} INFO - [2025-03-06T23:55:55.858+0100] {dag.py:4180} INFO - Setting next_dagrun for dataset_produces_1 to 2025-03-05 00:00:00+00:00, run_after=2025-03-06 00:00:00+00:00
[2025-03-06T23:55:55.859+0100] {logging_mixin.py:190} INFO - [2025-03-06T23:55:55.859+0100] {dag.py:4180} INFO - Setting next_dagrun for dataset_produces_2 to None, run_after=None
[2025-03-06T23:55:55.886+0100] {processor.py:208} INFO - Processing /home/erij/Erij_Mazouz_4DS8_churn_ml_project/venv/lib/python3.8/site-packages/airflow/example_dags/example_datasets.py took 0.108 seconds
[2025-03-06T23:56:51.764+0100] {processor.py:186} INFO - Started process (PID=59294) to work on /home/erij/Erij_Mazouz_4DS8_churn_ml_project/venv/lib/python3.8/site-packages/airflow/example_dags/example_datasets.py
[2025-03-06T23:56:51.765+0100] {processor.py:914} INFO - Processing file /home/erij/Erij_Mazouz_4DS8_churn_ml_project/venv/lib/python3.8/site-packages/airflow/example_dags/example_datasets.py for tasks to queue
[2025-03-06T23:56:51.768+0100] {logging_mixin.py:190} INFO - [2025-03-06T23:56:51.768+0100] {dagbag.py:588} INFO - Filling up the DagBag from /home/erij/Erij_Mazouz_4DS8_churn_ml_project/venv/lib/python3.8/site-packages/airflow/example_dags/example_datasets.py
[2025-03-06T23:56:51.784+0100] {processor.py:925} INFO - DAG(s) 'dataset_consumes_1', 'dataset_consumes_1_and_2', 'consume_1_and_2_with_dataset_expressions', 'dataset_produces_2', 'conditional_dataset_and_time_based_timetable', 'dataset_produces_1', 'dataset_consumes_1_never_scheduled', 'consume_1_or_2_with_dataset_expressions', 'consume_1_or_both_2_and_3_with_dataset_expressions', 'dataset_consumes_unknown_never_scheduled' retrieved from /home/erij/Erij_Mazouz_4DS8_churn_ml_project/venv/lib/python3.8/site-packages/airflow/example_dags/example_datasets.py
[2025-03-06T23:56:51.819+0100] {logging_mixin.py:190} INFO - [2025-03-06T23:56:51.819+0100] {dag.py:3239} INFO - Sync 10 DAGs
[2025-03-06T23:56:51.841+0100] {logging_mixin.py:190} INFO - [2025-03-06T23:56:51.840+0100] {dag.py:4180} INFO - Setting next_dagrun for conditional_dataset_and_time_based_timetable to 2025-03-05 01:00:00+00:00, run_after=2025-03-05 01:00:00+00:00
[2025-03-06T23:56:51.843+0100] {logging_mixin.py:190} INFO - [2025-03-06T23:56:51.843+0100] {dag.py:4180} INFO - Setting next_dagrun for consume_1_and_2_with_dataset_expressions to None, run_after=None
[2025-03-06T23:56:51.844+0100] {logging_mixin.py:190} INFO - [2025-03-06T23:56:51.844+0100] {dag.py:4180} INFO - Setting next_dagrun for consume_1_or_2_with_dataset_expressions to None, run_after=None
[2025-03-06T23:56:51.845+0100] {logging_mixin.py:190} INFO - [2025-03-06T23:56:51.845+0100] {dag.py:4180} INFO - Setting next_dagrun for consume_1_or_both_2_and_3_with_dataset_expressions to None, run_after=None
[2025-03-06T23:56:51.845+0100] {logging_mixin.py:190} INFO - [2025-03-06T23:56:51.845+0100] {dag.py:4180} INFO - Setting next_dagrun for dataset_consumes_1 to None, run_after=None
[2025-03-06T23:56:51.846+0100] {logging_mixin.py:190} INFO - [2025-03-06T23:56:51.846+0100] {dag.py:4180} INFO - Setting next_dagrun for dataset_consumes_1_and_2 to None, run_after=None
[2025-03-06T23:56:51.847+0100] {logging_mixin.py:190} INFO - [2025-03-06T23:56:51.847+0100] {dag.py:4180} INFO - Setting next_dagrun for dataset_consumes_1_never_scheduled to None, run_after=None
[2025-03-06T23:56:51.848+0100] {logging_mixin.py:190} INFO - [2025-03-06T23:56:51.847+0100] {dag.py:4180} INFO - Setting next_dagrun for dataset_consumes_unknown_never_scheduled to None, run_after=None
[2025-03-06T23:56:51.849+0100] {logging_mixin.py:190} INFO - [2025-03-06T23:56:51.849+0100] {dag.py:4180} INFO - Setting next_dagrun for dataset_produces_1 to 2025-03-05 00:00:00+00:00, run_after=2025-03-06 00:00:00+00:00
[2025-03-06T23:56:51.850+0100] {logging_mixin.py:190} INFO - [2025-03-06T23:56:51.850+0100] {dag.py:4180} INFO - Setting next_dagrun for dataset_produces_2 to None, run_after=None
[2025-03-06T23:56:51.876+0100] {processor.py:208} INFO - Processing /home/erij/Erij_Mazouz_4DS8_churn_ml_project/venv/lib/python3.8/site-packages/airflow/example_dags/example_datasets.py took 0.118 seconds
[2025-03-06T23:57:46.063+0100] {processor.py:186} INFO - Started process (PID=59424) to work on /home/erij/Erij_Mazouz_4DS8_churn_ml_project/venv/lib/python3.8/site-packages/airflow/example_dags/example_datasets.py
[2025-03-06T23:57:46.065+0100] {processor.py:914} INFO - Processing file /home/erij/Erij_Mazouz_4DS8_churn_ml_project/venv/lib/python3.8/site-packages/airflow/example_dags/example_datasets.py for tasks to queue
[2025-03-06T23:57:46.067+0100] {logging_mixin.py:190} INFO - [2025-03-06T23:57:46.067+0100] {dagbag.py:588} INFO - Filling up the DagBag from /home/erij/Erij_Mazouz_4DS8_churn_ml_project/venv/lib/python3.8/site-packages/airflow/example_dags/example_datasets.py
[2025-03-06T23:57:46.081+0100] {processor.py:925} INFO - DAG(s) 'dataset_consumes_unknown_never_scheduled', 'consume_1_or_2_with_dataset_expressions', 'dataset_consumes_1_never_scheduled', 'dataset_consumes_1_and_2', 'consume_1_and_2_with_dataset_expressions', 'consume_1_or_both_2_and_3_with_dataset_expressions', 'dataset_consumes_1', 'dataset_produces_1', 'dataset_produces_2', 'conditional_dataset_and_time_based_timetable' retrieved from /home/erij/Erij_Mazouz_4DS8_churn_ml_project/venv/lib/python3.8/site-packages/airflow/example_dags/example_datasets.py
[2025-03-06T23:57:46.109+0100] {logging_mixin.py:190} INFO - [2025-03-06T23:57:46.108+0100] {dag.py:3239} INFO - Sync 10 DAGs
[2025-03-06T23:57:46.129+0100] {logging_mixin.py:190} INFO - [2025-03-06T23:57:46.129+0100] {dag.py:4180} INFO - Setting next_dagrun for conditional_dataset_and_time_based_timetable to 2025-03-05 01:00:00+00:00, run_after=2025-03-05 01:00:00+00:00
[2025-03-06T23:57:46.131+0100] {logging_mixin.py:190} INFO - [2025-03-06T23:57:46.131+0100] {dag.py:4180} INFO - Setting next_dagrun for consume_1_and_2_with_dataset_expressions to None, run_after=None
[2025-03-06T23:57:46.132+0100] {logging_mixin.py:190} INFO - [2025-03-06T23:57:46.132+0100] {dag.py:4180} INFO - Setting next_dagrun for consume_1_or_2_with_dataset_expressions to None, run_after=None
[2025-03-06T23:57:46.133+0100] {logging_mixin.py:190} INFO - [2025-03-06T23:57:46.133+0100] {dag.py:4180} INFO - Setting next_dagrun for consume_1_or_both_2_and_3_with_dataset_expressions to None, run_after=None
[2025-03-06T23:57:46.134+0100] {logging_mixin.py:190} INFO - [2025-03-06T23:57:46.133+0100] {dag.py:4180} INFO - Setting next_dagrun for dataset_consumes_1 to None, run_after=None
[2025-03-06T23:57:46.134+0100] {logging_mixin.py:190} INFO - [2025-03-06T23:57:46.134+0100] {dag.py:4180} INFO - Setting next_dagrun for dataset_consumes_1_and_2 to None, run_after=None
[2025-03-06T23:57:46.135+0100] {logging_mixin.py:190} INFO - [2025-03-06T23:57:46.135+0100] {dag.py:4180} INFO - Setting next_dagrun for dataset_consumes_1_never_scheduled to None, run_after=None
[2025-03-06T23:57:46.136+0100] {logging_mixin.py:190} INFO - [2025-03-06T23:57:46.136+0100] {dag.py:4180} INFO - Setting next_dagrun for dataset_consumes_unknown_never_scheduled to None, run_after=None
[2025-03-06T23:57:46.138+0100] {logging_mixin.py:190} INFO - [2025-03-06T23:57:46.138+0100] {dag.py:4180} INFO - Setting next_dagrun for dataset_produces_1 to 2025-03-05 00:00:00+00:00, run_after=2025-03-06 00:00:00+00:00
[2025-03-06T23:57:46.139+0100] {logging_mixin.py:190} INFO - [2025-03-06T23:57:46.138+0100] {dag.py:4180} INFO - Setting next_dagrun for dataset_produces_2 to None, run_after=None
[2025-03-06T23:57:46.165+0100] {processor.py:208} INFO - Processing /home/erij/Erij_Mazouz_4DS8_churn_ml_project/venv/lib/python3.8/site-packages/airflow/example_dags/example_datasets.py took 0.107 seconds
[2025-03-06T23:58:39.974+0100] {processor.py:186} INFO - Started process (PID=59573) to work on /home/erij/Erij_Mazouz_4DS8_churn_ml_project/venv/lib/python3.8/site-packages/airflow/example_dags/example_datasets.py
[2025-03-06T23:58:39.976+0100] {processor.py:914} INFO - Processing file /home/erij/Erij_Mazouz_4DS8_churn_ml_project/venv/lib/python3.8/site-packages/airflow/example_dags/example_datasets.py for tasks to queue
[2025-03-06T23:58:39.978+0100] {logging_mixin.py:190} INFO - [2025-03-06T23:58:39.978+0100] {dagbag.py:588} INFO - Filling up the DagBag from /home/erij/Erij_Mazouz_4DS8_churn_ml_project/venv/lib/python3.8/site-packages/airflow/example_dags/example_datasets.py
[2025-03-06T23:58:39.995+0100] {processor.py:925} INFO - DAG(s) 'consume_1_or_both_2_and_3_with_dataset_expressions', 'dataset_produces_1', 'dataset_consumes_1_never_scheduled', 'dataset_produces_2', 'dataset_consumes_1', 'dataset_consumes_1_and_2', 'dataset_consumes_unknown_never_scheduled', 'consume_1_and_2_with_dataset_expressions', 'consume_1_or_2_with_dataset_expressions', 'conditional_dataset_and_time_based_timetable' retrieved from /home/erij/Erij_Mazouz_4DS8_churn_ml_project/venv/lib/python3.8/site-packages/airflow/example_dags/example_datasets.py
[2025-03-06T23:58:40.022+0100] {logging_mixin.py:190} INFO - [2025-03-06T23:58:40.021+0100] {dag.py:3239} INFO - Sync 10 DAGs
[2025-03-06T23:58:40.040+0100] {logging_mixin.py:190} INFO - [2025-03-06T23:58:40.040+0100] {dag.py:4180} INFO - Setting next_dagrun for conditional_dataset_and_time_based_timetable to 2025-03-05 01:00:00+00:00, run_after=2025-03-05 01:00:00+00:00
[2025-03-06T23:58:40.042+0100] {logging_mixin.py:190} INFO - [2025-03-06T23:58:40.042+0100] {dag.py:4180} INFO - Setting next_dagrun for consume_1_and_2_with_dataset_expressions to None, run_after=None
[2025-03-06T23:58:40.043+0100] {logging_mixin.py:190} INFO - [2025-03-06T23:58:40.043+0100] {dag.py:4180} INFO - Setting next_dagrun for consume_1_or_2_with_dataset_expressions to None, run_after=None
[2025-03-06T23:58:40.044+0100] {logging_mixin.py:190} INFO - [2025-03-06T23:58:40.044+0100] {dag.py:4180} INFO - Setting next_dagrun for consume_1_or_both_2_and_3_with_dataset_expressions to None, run_after=None
[2025-03-06T23:58:40.044+0100] {logging_mixin.py:190} INFO - [2025-03-06T23:58:40.044+0100] {dag.py:4180} INFO - Setting next_dagrun for dataset_consumes_1 to None, run_after=None
[2025-03-06T23:58:40.045+0100] {logging_mixin.py:190} INFO - [2025-03-06T23:58:40.045+0100] {dag.py:4180} INFO - Setting next_dagrun for dataset_consumes_1_and_2 to None, run_after=None
[2025-03-06T23:58:40.046+0100] {logging_mixin.py:190} INFO - [2025-03-06T23:58:40.046+0100] {dag.py:4180} INFO - Setting next_dagrun for dataset_consumes_1_never_scheduled to None, run_after=None
[2025-03-06T23:58:40.046+0100] {logging_mixin.py:190} INFO - [2025-03-06T23:58:40.046+0100] {dag.py:4180} INFO - Setting next_dagrun for dataset_consumes_unknown_never_scheduled to None, run_after=None
[2025-03-06T23:58:40.048+0100] {logging_mixin.py:190} INFO - [2025-03-06T23:58:40.048+0100] {dag.py:4180} INFO - Setting next_dagrun for dataset_produces_1 to 2025-03-05 00:00:00+00:00, run_after=2025-03-06 00:00:00+00:00
[2025-03-06T23:58:40.049+0100] {logging_mixin.py:190} INFO - [2025-03-06T23:58:40.049+0100] {dag.py:4180} INFO - Setting next_dagrun for dataset_produces_2 to None, run_after=None
[2025-03-06T23:58:40.074+0100] {processor.py:208} INFO - Processing /home/erij/Erij_Mazouz_4DS8_churn_ml_project/venv/lib/python3.8/site-packages/airflow/example_dags/example_datasets.py took 0.105 seconds
[2025-03-06T23:59:29.678+0100] {processor.py:186} INFO - Started process (PID=59712) to work on /home/erij/Erij_Mazouz_4DS8_churn_ml_project/venv/lib/python3.8/site-packages/airflow/example_dags/example_datasets.py
[2025-03-06T23:59:29.680+0100] {processor.py:914} INFO - Processing file /home/erij/Erij_Mazouz_4DS8_churn_ml_project/venv/lib/python3.8/site-packages/airflow/example_dags/example_datasets.py for tasks to queue
[2025-03-06T23:59:29.682+0100] {logging_mixin.py:190} INFO - [2025-03-06T23:59:29.682+0100] {dagbag.py:588} INFO - Filling up the DagBag from /home/erij/Erij_Mazouz_4DS8_churn_ml_project/venv/lib/python3.8/site-packages/airflow/example_dags/example_datasets.py
[2025-03-06T23:59:29.695+0100] {processor.py:925} INFO - DAG(s) 'consume_1_or_both_2_and_3_with_dataset_expressions', 'dataset_consumes_1_never_scheduled', 'dataset_produces_2', 'dataset_consumes_unknown_never_scheduled', 'dataset_consumes_1', 'consume_1_and_2_with_dataset_expressions', 'conditional_dataset_and_time_based_timetable', 'dataset_produces_1', 'consume_1_or_2_with_dataset_expressions', 'dataset_consumes_1_and_2' retrieved from /home/erij/Erij_Mazouz_4DS8_churn_ml_project/venv/lib/python3.8/site-packages/airflow/example_dags/example_datasets.py
[2025-03-06T23:59:29.720+0100] {logging_mixin.py:190} INFO - [2025-03-06T23:59:29.720+0100] {dag.py:3239} INFO - Sync 10 DAGs
[2025-03-06T23:59:29.739+0100] {logging_mixin.py:190} INFO - [2025-03-06T23:59:29.739+0100] {dag.py:4180} INFO - Setting next_dagrun for conditional_dataset_and_time_based_timetable to 2025-03-05 01:00:00+00:00, run_after=2025-03-05 01:00:00+00:00
[2025-03-06T23:59:29.742+0100] {logging_mixin.py:190} INFO - [2025-03-06T23:59:29.742+0100] {dag.py:4180} INFO - Setting next_dagrun for consume_1_and_2_with_dataset_expressions to None, run_after=None
[2025-03-06T23:59:29.742+0100] {logging_mixin.py:190} INFO - [2025-03-06T23:59:29.742+0100] {dag.py:4180} INFO - Setting next_dagrun for consume_1_or_2_with_dataset_expressions to None, run_after=None
[2025-03-06T23:59:29.743+0100] {logging_mixin.py:190} INFO - [2025-03-06T23:59:29.743+0100] {dag.py:4180} INFO - Setting next_dagrun for consume_1_or_both_2_and_3_with_dataset_expressions to None, run_after=None
[2025-03-06T23:59:29.744+0100] {logging_mixin.py:190} INFO - [2025-03-06T23:59:29.744+0100] {dag.py:4180} INFO - Setting next_dagrun for dataset_consumes_1 to None, run_after=None
[2025-03-06T23:59:29.744+0100] {logging_mixin.py:190} INFO - [2025-03-06T23:59:29.744+0100] {dag.py:4180} INFO - Setting next_dagrun for dataset_consumes_1_and_2 to None, run_after=None
[2025-03-06T23:59:29.745+0100] {logging_mixin.py:190} INFO - [2025-03-06T23:59:29.745+0100] {dag.py:4180} INFO - Setting next_dagrun for dataset_consumes_1_never_scheduled to None, run_after=None
[2025-03-06T23:59:29.746+0100] {logging_mixin.py:190} INFO - [2025-03-06T23:59:29.746+0100] {dag.py:4180} INFO - Setting next_dagrun for dataset_consumes_unknown_never_scheduled to None, run_after=None
[2025-03-06T23:59:29.747+0100] {logging_mixin.py:190} INFO - [2025-03-06T23:59:29.747+0100] {dag.py:4180} INFO - Setting next_dagrun for dataset_produces_1 to 2025-03-05 00:00:00+00:00, run_after=2025-03-06 00:00:00+00:00
[2025-03-06T23:59:29.748+0100] {logging_mixin.py:190} INFO - [2025-03-06T23:59:29.748+0100] {dag.py:4180} INFO - Setting next_dagrun for dataset_produces_2 to None, run_after=None
[2025-03-06T23:59:29.774+0100] {processor.py:208} INFO - Processing /home/erij/Erij_Mazouz_4DS8_churn_ml_project/venv/lib/python3.8/site-packages/airflow/example_dags/example_datasets.py took 0.100 seconds
[2025-03-07T00:00:22.416+0100] {processor.py:186} INFO - Started process (PID=59894) to work on /home/erij/Erij_Mazouz_4DS8_churn_ml_project/venv/lib/python3.8/site-packages/airflow/example_dags/example_datasets.py
[2025-03-07T00:00:22.418+0100] {processor.py:914} INFO - Processing file /home/erij/Erij_Mazouz_4DS8_churn_ml_project/venv/lib/python3.8/site-packages/airflow/example_dags/example_datasets.py for tasks to queue
[2025-03-07T00:00:22.420+0100] {logging_mixin.py:190} INFO - [2025-03-07T00:00:22.419+0100] {dagbag.py:588} INFO - Filling up the DagBag from /home/erij/Erij_Mazouz_4DS8_churn_ml_project/venv/lib/python3.8/site-packages/airflow/example_dags/example_datasets.py
[2025-03-07T00:00:22.432+0100] {processor.py:925} INFO - DAG(s) 'dataset_consumes_1', 'dataset_consumes_unknown_never_scheduled', 'dataset_produces_2', 'consume_1_and_2_with_dataset_expressions', 'consume_1_or_both_2_and_3_with_dataset_expressions', 'consume_1_or_2_with_dataset_expressions', 'dataset_produces_1', 'dataset_consumes_1_and_2', 'dataset_consumes_1_never_scheduled', 'conditional_dataset_and_time_based_timetable' retrieved from /home/erij/Erij_Mazouz_4DS8_churn_ml_project/venv/lib/python3.8/site-packages/airflow/example_dags/example_datasets.py
[2025-03-07T00:00:22.460+0100] {logging_mixin.py:190} INFO - [2025-03-07T00:00:22.459+0100] {dag.py:3239} INFO - Sync 10 DAGs
[2025-03-07T00:00:22.478+0100] {logging_mixin.py:190} INFO - [2025-03-07T00:00:22.478+0100] {dag.py:4180} INFO - Setting next_dagrun for conditional_dataset_and_time_based_timetable to 2025-03-05 01:00:00+00:00, run_after=2025-03-05 01:00:00+00:00
[2025-03-07T00:00:22.481+0100] {logging_mixin.py:190} INFO - [2025-03-07T00:00:22.481+0100] {dag.py:4180} INFO - Setting next_dagrun for consume_1_and_2_with_dataset_expressions to None, run_after=None
[2025-03-07T00:00:22.481+0100] {logging_mixin.py:190} INFO - [2025-03-07T00:00:22.481+0100] {dag.py:4180} INFO - Setting next_dagrun for consume_1_or_2_with_dataset_expressions to None, run_after=None
[2025-03-07T00:00:22.482+0100] {logging_mixin.py:190} INFO - [2025-03-07T00:00:22.482+0100] {dag.py:4180} INFO - Setting next_dagrun for consume_1_or_both_2_and_3_with_dataset_expressions to None, run_after=None
[2025-03-07T00:00:22.483+0100] {logging_mixin.py:190} INFO - [2025-03-07T00:00:22.483+0100] {dag.py:4180} INFO - Setting next_dagrun for dataset_consumes_1 to None, run_after=None
[2025-03-07T00:00:22.483+0100] {logging_mixin.py:190} INFO - [2025-03-07T00:00:22.483+0100] {dag.py:4180} INFO - Setting next_dagrun for dataset_consumes_1_and_2 to None, run_after=None
[2025-03-07T00:00:22.484+0100] {logging_mixin.py:190} INFO - [2025-03-07T00:00:22.484+0100] {dag.py:4180} INFO - Setting next_dagrun for dataset_consumes_1_never_scheduled to None, run_after=None
[2025-03-07T00:00:22.485+0100] {logging_mixin.py:190} INFO - [2025-03-07T00:00:22.485+0100] {dag.py:4180} INFO - Setting next_dagrun for dataset_consumes_unknown_never_scheduled to None, run_after=None
[2025-03-07T00:00:22.486+0100] {logging_mixin.py:190} INFO - [2025-03-07T00:00:22.486+0100] {dag.py:4180} INFO - Setting next_dagrun for dataset_produces_1 to 2025-03-05 00:00:00+00:00, run_after=2025-03-06 00:00:00+00:00
[2025-03-07T00:00:22.487+0100] {logging_mixin.py:190} INFO - [2025-03-07T00:00:22.487+0100] {dag.py:4180} INFO - Setting next_dagrun for dataset_produces_2 to None, run_after=None
[2025-03-07T00:00:22.517+0100] {processor.py:208} INFO - Processing /home/erij/Erij_Mazouz_4DS8_churn_ml_project/venv/lib/python3.8/site-packages/airflow/example_dags/example_datasets.py took 0.105 seconds
[2025-03-07T00:01:15.879+0100] {processor.py:186} INFO - Started process (PID=60083) to work on /home/erij/Erij_Mazouz_4DS8_churn_ml_project/venv/lib/python3.8/site-packages/airflow/example_dags/example_datasets.py
[2025-03-07T00:01:15.881+0100] {processor.py:914} INFO - Processing file /home/erij/Erij_Mazouz_4DS8_churn_ml_project/venv/lib/python3.8/site-packages/airflow/example_dags/example_datasets.py for tasks to queue
[2025-03-07T00:01:15.883+0100] {logging_mixin.py:190} INFO - [2025-03-07T00:01:15.883+0100] {dagbag.py:588} INFO - Filling up the DagBag from /home/erij/Erij_Mazouz_4DS8_churn_ml_project/venv/lib/python3.8/site-packages/airflow/example_dags/example_datasets.py
[2025-03-07T00:01:15.897+0100] {processor.py:925} INFO - DAG(s) 'dataset_produces_1', 'consume_1_or_2_with_dataset_expressions', 'dataset_consumes_1_never_scheduled', 'dataset_consumes_1_and_2', 'dataset_produces_2', 'conditional_dataset_and_time_based_timetable', 'consume_1_and_2_with_dataset_expressions', 'dataset_consumes_1', 'consume_1_or_both_2_and_3_with_dataset_expressions', 'dataset_consumes_unknown_never_scheduled' retrieved from /home/erij/Erij_Mazouz_4DS8_churn_ml_project/venv/lib/python3.8/site-packages/airflow/example_dags/example_datasets.py
[2025-03-07T00:01:15.928+0100] {logging_mixin.py:190} INFO - [2025-03-07T00:01:15.928+0100] {dag.py:3239} INFO - Sync 10 DAGs
[2025-03-07T00:01:15.949+0100] {logging_mixin.py:190} INFO - [2025-03-07T00:01:15.949+0100] {dag.py:4180} INFO - Setting next_dagrun for conditional_dataset_and_time_based_timetable to 2025-03-05 01:00:00+00:00, run_after=2025-03-05 01:00:00+00:00
[2025-03-07T00:01:15.952+0100] {logging_mixin.py:190} INFO - [2025-03-07T00:01:15.951+0100] {dag.py:4180} INFO - Setting next_dagrun for consume_1_and_2_with_dataset_expressions to None, run_after=None
[2025-03-07T00:01:15.952+0100] {logging_mixin.py:190} INFO - [2025-03-07T00:01:15.952+0100] {dag.py:4180} INFO - Setting next_dagrun for consume_1_or_2_with_dataset_expressions to None, run_after=None
[2025-03-07T00:01:15.953+0100] {logging_mixin.py:190} INFO - [2025-03-07T00:01:15.953+0100] {dag.py:4180} INFO - Setting next_dagrun for consume_1_or_both_2_and_3_with_dataset_expressions to None, run_after=None
[2025-03-07T00:01:15.954+0100] {logging_mixin.py:190} INFO - [2025-03-07T00:01:15.953+0100] {dag.py:4180} INFO - Setting next_dagrun for dataset_consumes_1 to None, run_after=None
[2025-03-07T00:01:15.954+0100] {logging_mixin.py:190} INFO - [2025-03-07T00:01:15.954+0100] {dag.py:4180} INFO - Setting next_dagrun for dataset_consumes_1_and_2 to None, run_after=None
[2025-03-07T00:01:15.955+0100] {logging_mixin.py:190} INFO - [2025-03-07T00:01:15.955+0100] {dag.py:4180} INFO - Setting next_dagrun for dataset_consumes_1_never_scheduled to None, run_after=None
[2025-03-07T00:01:15.956+0100] {logging_mixin.py:190} INFO - [2025-03-07T00:01:15.956+0100] {dag.py:4180} INFO - Setting next_dagrun for dataset_consumes_unknown_never_scheduled to None, run_after=None
[2025-03-07T00:01:15.957+0100] {logging_mixin.py:190} INFO - [2025-03-07T00:01:15.957+0100] {dag.py:4180} INFO - Setting next_dagrun for dataset_produces_1 to 2025-03-05 00:00:00+00:00, run_after=2025-03-06 00:00:00+00:00
[2025-03-07T00:01:15.958+0100] {logging_mixin.py:190} INFO - [2025-03-07T00:01:15.958+0100] {dag.py:4180} INFO - Setting next_dagrun for dataset_produces_2 to None, run_after=None
[2025-03-07T00:01:15.992+0100] {processor.py:208} INFO - Processing /home/erij/Erij_Mazouz_4DS8_churn_ml_project/venv/lib/python3.8/site-packages/airflow/example_dags/example_datasets.py took 0.118 seconds
[2025-03-07T00:02:10.129+0100] {processor.py:186} INFO - Started process (PID=60245) to work on /home/erij/Erij_Mazouz_4DS8_churn_ml_project/venv/lib/python3.8/site-packages/airflow/example_dags/example_datasets.py
[2025-03-07T00:02:10.131+0100] {processor.py:914} INFO - Processing file /home/erij/Erij_Mazouz_4DS8_churn_ml_project/venv/lib/python3.8/site-packages/airflow/example_dags/example_datasets.py for tasks to queue
[2025-03-07T00:02:10.133+0100] {logging_mixin.py:190} INFO - [2025-03-07T00:02:10.133+0100] {dagbag.py:588} INFO - Filling up the DagBag from /home/erij/Erij_Mazouz_4DS8_churn_ml_project/venv/lib/python3.8/site-packages/airflow/example_dags/example_datasets.py
[2025-03-07T00:02:10.146+0100] {processor.py:925} INFO - DAG(s) 'dataset_produces_2', 'dataset_consumes_1', 'dataset_consumes_1_and_2', 'consume_1_and_2_with_dataset_expressions', 'consume_1_or_both_2_and_3_with_dataset_expressions', 'consume_1_or_2_with_dataset_expressions', 'conditional_dataset_and_time_based_timetable', 'dataset_produces_1', 'dataset_consumes_1_never_scheduled', 'dataset_consumes_unknown_never_scheduled' retrieved from /home/erij/Erij_Mazouz_4DS8_churn_ml_project/venv/lib/python3.8/site-packages/airflow/example_dags/example_datasets.py
[2025-03-07T00:02:10.175+0100] {logging_mixin.py:190} INFO - [2025-03-07T00:02:10.174+0100] {dag.py:3239} INFO - Sync 10 DAGs
[2025-03-07T00:02:10.194+0100] {logging_mixin.py:190} INFO - [2025-03-07T00:02:10.194+0100] {dag.py:4180} INFO - Setting next_dagrun for conditional_dataset_and_time_based_timetable to 2025-03-05 01:00:00+00:00, run_after=2025-03-05 01:00:00+00:00
[2025-03-07T00:02:10.196+0100] {logging_mixin.py:190} INFO - [2025-03-07T00:02:10.196+0100] {dag.py:4180} INFO - Setting next_dagrun for consume_1_and_2_with_dataset_expressions to None, run_after=None
[2025-03-07T00:02:10.197+0100] {logging_mixin.py:190} INFO - [2025-03-07T00:02:10.197+0100] {dag.py:4180} INFO - Setting next_dagrun for consume_1_or_2_with_dataset_expressions to None, run_after=None
[2025-03-07T00:02:10.198+0100] {logging_mixin.py:190} INFO - [2025-03-07T00:02:10.198+0100] {dag.py:4180} INFO - Setting next_dagrun for consume_1_or_both_2_and_3_with_dataset_expressions to None, run_after=None
[2025-03-07T00:02:10.199+0100] {logging_mixin.py:190} INFO - [2025-03-07T00:02:10.198+0100] {dag.py:4180} INFO - Setting next_dagrun for dataset_consumes_1 to None, run_after=None
[2025-03-07T00:02:10.199+0100] {logging_mixin.py:190} INFO - [2025-03-07T00:02:10.199+0100] {dag.py:4180} INFO - Setting next_dagrun for dataset_consumes_1_and_2 to None, run_after=None
[2025-03-07T00:02:10.200+0100] {logging_mixin.py:190} INFO - [2025-03-07T00:02:10.200+0100] {dag.py:4180} INFO - Setting next_dagrun for dataset_consumes_1_never_scheduled to None, run_after=None
[2025-03-07T00:02:10.201+0100] {logging_mixin.py:190} INFO - [2025-03-07T00:02:10.200+0100] {dag.py:4180} INFO - Setting next_dagrun for dataset_consumes_unknown_never_scheduled to None, run_after=None
[2025-03-07T00:02:10.202+0100] {logging_mixin.py:190} INFO - [2025-03-07T00:02:10.202+0100] {dag.py:4180} INFO - Setting next_dagrun for dataset_produces_1 to 2025-03-05 00:00:00+00:00, run_after=2025-03-06 00:00:00+00:00
[2025-03-07T00:02:10.203+0100] {logging_mixin.py:190} INFO - [2025-03-07T00:02:10.203+0100] {dag.py:4180} INFO - Setting next_dagrun for dataset_produces_2 to None, run_after=None
[2025-03-07T00:02:10.232+0100] {processor.py:208} INFO - Processing /home/erij/Erij_Mazouz_4DS8_churn_ml_project/venv/lib/python3.8/site-packages/airflow/example_dags/example_datasets.py took 0.108 seconds
