[2025-03-06T23:39:20.803+0100] {processor.py:186} INFO - Started process (PID=55931) to work on /home/erij/Erij_Mazouz_4DS8_churn_ml_project/venv/lib/python3.8/site-packages/airflow/example_dags/example_trigger_controller_dag.py
[2025-03-06T23:39:20.803+0100] {processor.py:914} INFO - Processing file /home/erij/Erij_Mazouz_4DS8_churn_ml_project/venv/lib/python3.8/site-packages/airflow/example_dags/example_trigger_controller_dag.py for tasks to queue
[2025-03-06T23:39:20.806+0100] {logging_mixin.py:190} INFO - [2025-03-06T23:39:20.806+0100] {dagbag.py:588} INFO - Filling up the DagBag from /home/erij/Erij_Mazouz_4DS8_churn_ml_project/venv/lib/python3.8/site-packages/airflow/example_dags/example_trigger_controller_dag.py
[2025-03-06T23:39:20.813+0100] {processor.py:925} INFO - DAG(s) 'example_trigger_controller_dag' retrieved from /home/erij/Erij_Mazouz_4DS8_churn_ml_project/venv/lib/python3.8/site-packages/airflow/example_dags/example_trigger_controller_dag.py
[2025-03-06T23:39:20.826+0100] {logging_mixin.py:190} INFO - [2025-03-06T23:39:20.826+0100] {dag.py:3239} INFO - Sync 1 DAGs
[2025-03-06T23:39:20.844+0100] {logging_mixin.py:190} INFO - [2025-03-06T23:39:20.844+0100] {dag.py:4180} INFO - Setting next_dagrun for example_trigger_controller_dag to 2021-01-01 00:00:00+00:00, run_after=2021-01-01 00:00:00+00:00
[2025-03-06T23:39:20.863+0100] {processor.py:208} INFO - Processing /home/erij/Erij_Mazouz_4DS8_churn_ml_project/venv/lib/python3.8/site-packages/airflow/example_dags/example_trigger_controller_dag.py took 0.067 seconds
[2025-03-06T23:40:47.667+0100] {processor.py:186} INFO - Started process (PID=56517) to work on /home/erij/Erij_Mazouz_4DS8_churn_ml_project/venv/lib/python3.8/site-packages/airflow/example_dags/example_trigger_controller_dag.py
[2025-03-06T23:40:47.669+0100] {processor.py:914} INFO - Processing file /home/erij/Erij_Mazouz_4DS8_churn_ml_project/venv/lib/python3.8/site-packages/airflow/example_dags/example_trigger_controller_dag.py for tasks to queue
[2025-03-06T23:40:47.672+0100] {logging_mixin.py:190} INFO - [2025-03-06T23:40:47.671+0100] {dagbag.py:588} INFO - Filling up the DagBag from /home/erij/Erij_Mazouz_4DS8_churn_ml_project/venv/lib/python3.8/site-packages/airflow/example_dags/example_trigger_controller_dag.py
[2025-03-06T23:40:47.679+0100] {processor.py:925} INFO - DAG(s) 'example_trigger_controller_dag' retrieved from /home/erij/Erij_Mazouz_4DS8_churn_ml_project/venv/lib/python3.8/site-packages/airflow/example_dags/example_trigger_controller_dag.py
[2025-03-06T23:40:47.692+0100] {logging_mixin.py:190} INFO - [2025-03-06T23:40:47.692+0100] {dag.py:3239} INFO - Sync 1 DAGs
[2025-03-06T23:40:47.712+0100] {logging_mixin.py:190} INFO - [2025-03-06T23:40:47.711+0100] {dag.py:4180} INFO - Setting next_dagrun for example_trigger_controller_dag to 2021-01-01 00:00:00+00:00, run_after=2021-01-01 00:00:00+00:00
[2025-03-06T23:40:47.731+0100] {processor.py:208} INFO - Processing /home/erij/Erij_Mazouz_4DS8_churn_ml_project/venv/lib/python3.8/site-packages/airflow/example_dags/example_trigger_controller_dag.py took 0.070 seconds
[2025-03-06T23:41:45.334+0100] {processor.py:186} INFO - Started process (PID=56654) to work on /home/erij/Erij_Mazouz_4DS8_churn_ml_project/venv/lib/python3.8/site-packages/airflow/example_dags/example_trigger_controller_dag.py
[2025-03-06T23:41:45.336+0100] {processor.py:914} INFO - Processing file /home/erij/Erij_Mazouz_4DS8_churn_ml_project/venv/lib/python3.8/site-packages/airflow/example_dags/example_trigger_controller_dag.py for tasks to queue
[2025-03-06T23:41:45.338+0100] {logging_mixin.py:190} INFO - [2025-03-06T23:41:45.338+0100] {dagbag.py:588} INFO - Filling up the DagBag from /home/erij/Erij_Mazouz_4DS8_churn_ml_project/venv/lib/python3.8/site-packages/airflow/example_dags/example_trigger_controller_dag.py
[2025-03-06T23:41:45.345+0100] {processor.py:925} INFO - DAG(s) 'example_trigger_controller_dag' retrieved from /home/erij/Erij_Mazouz_4DS8_churn_ml_project/venv/lib/python3.8/site-packages/airflow/example_dags/example_trigger_controller_dag.py
[2025-03-06T23:41:45.356+0100] {logging_mixin.py:190} INFO - [2025-03-06T23:41:45.356+0100] {dag.py:3239} INFO - Sync 1 DAGs
[2025-03-06T23:41:45.372+0100] {logging_mixin.py:190} INFO - [2025-03-06T23:41:45.372+0100] {dag.py:4180} INFO - Setting next_dagrun for example_trigger_controller_dag to 2021-01-01 00:00:00+00:00, run_after=2021-01-01 00:00:00+00:00
[2025-03-06T23:41:45.393+0100] {processor.py:208} INFO - Processing /home/erij/Erij_Mazouz_4DS8_churn_ml_project/venv/lib/python3.8/site-packages/airflow/example_dags/example_trigger_controller_dag.py took 0.064 seconds
[2025-03-06T23:42:39.701+0100] {processor.py:186} INFO - Started process (PID=56772) to work on /home/erij/Erij_Mazouz_4DS8_churn_ml_project/venv/lib/python3.8/site-packages/airflow/example_dags/example_trigger_controller_dag.py
[2025-03-06T23:42:39.704+0100] {processor.py:914} INFO - Processing file /home/erij/Erij_Mazouz_4DS8_churn_ml_project/venv/lib/python3.8/site-packages/airflow/example_dags/example_trigger_controller_dag.py for tasks to queue
[2025-03-06T23:42:39.705+0100] {logging_mixin.py:190} INFO - [2025-03-06T23:42:39.705+0100] {dagbag.py:588} INFO - Filling up the DagBag from /home/erij/Erij_Mazouz_4DS8_churn_ml_project/venv/lib/python3.8/site-packages/airflow/example_dags/example_trigger_controller_dag.py
[2025-03-06T23:42:39.711+0100] {processor.py:925} INFO - DAG(s) 'example_trigger_controller_dag' retrieved from /home/erij/Erij_Mazouz_4DS8_churn_ml_project/venv/lib/python3.8/site-packages/airflow/example_dags/example_trigger_controller_dag.py
[2025-03-06T23:42:39.721+0100] {logging_mixin.py:190} INFO - [2025-03-06T23:42:39.721+0100] {dag.py:3239} INFO - Sync 1 DAGs
[2025-03-06T23:42:39.735+0100] {logging_mixin.py:190} INFO - [2025-03-06T23:42:39.735+0100] {dag.py:4180} INFO - Setting next_dagrun for example_trigger_controller_dag to 2021-01-01 00:00:00+00:00, run_after=2021-01-01 00:00:00+00:00
[2025-03-06T23:42:39.752+0100] {processor.py:208} INFO - Processing /home/erij/Erij_Mazouz_4DS8_churn_ml_project/venv/lib/python3.8/site-packages/airflow/example_dags/example_trigger_controller_dag.py took 0.055 seconds
[2025-03-06T23:43:32.133+0100] {processor.py:186} INFO - Started process (PID=56892) to work on /home/erij/Erij_Mazouz_4DS8_churn_ml_project/venv/lib/python3.8/site-packages/airflow/example_dags/example_trigger_controller_dag.py
[2025-03-06T23:43:32.135+0100] {processor.py:914} INFO - Processing file /home/erij/Erij_Mazouz_4DS8_churn_ml_project/venv/lib/python3.8/site-packages/airflow/example_dags/example_trigger_controller_dag.py for tasks to queue
[2025-03-06T23:43:32.136+0100] {logging_mixin.py:190} INFO - [2025-03-06T23:43:32.136+0100] {dagbag.py:588} INFO - Filling up the DagBag from /home/erij/Erij_Mazouz_4DS8_churn_ml_project/venv/lib/python3.8/site-packages/airflow/example_dags/example_trigger_controller_dag.py
[2025-03-06T23:43:32.142+0100] {processor.py:925} INFO - DAG(s) 'example_trigger_controller_dag' retrieved from /home/erij/Erij_Mazouz_4DS8_churn_ml_project/venv/lib/python3.8/site-packages/airflow/example_dags/example_trigger_controller_dag.py
[2025-03-06T23:43:32.153+0100] {logging_mixin.py:190} INFO - [2025-03-06T23:43:32.153+0100] {dag.py:3239} INFO - Sync 1 DAGs
[2025-03-06T23:43:32.168+0100] {logging_mixin.py:190} INFO - [2025-03-06T23:43:32.168+0100] {dag.py:4180} INFO - Setting next_dagrun for example_trigger_controller_dag to 2021-01-01 00:00:00+00:00, run_after=2021-01-01 00:00:00+00:00
[2025-03-06T23:43:32.189+0100] {processor.py:208} INFO - Processing /home/erij/Erij_Mazouz_4DS8_churn_ml_project/venv/lib/python3.8/site-packages/airflow/example_dags/example_trigger_controller_dag.py took 0.061 seconds
[2025-03-06T23:44:23.563+0100] {processor.py:186} INFO - Started process (PID=57002) to work on /home/erij/Erij_Mazouz_4DS8_churn_ml_project/venv/lib/python3.8/site-packages/airflow/example_dags/example_trigger_controller_dag.py
[2025-03-06T23:44:23.565+0100] {processor.py:914} INFO - Processing file /home/erij/Erij_Mazouz_4DS8_churn_ml_project/venv/lib/python3.8/site-packages/airflow/example_dags/example_trigger_controller_dag.py for tasks to queue
[2025-03-06T23:44:23.567+0100] {logging_mixin.py:190} INFO - [2025-03-06T23:44:23.566+0100] {dagbag.py:588} INFO - Filling up the DagBag from /home/erij/Erij_Mazouz_4DS8_churn_ml_project/venv/lib/python3.8/site-packages/airflow/example_dags/example_trigger_controller_dag.py
[2025-03-06T23:44:23.573+0100] {processor.py:925} INFO - DAG(s) 'example_trigger_controller_dag' retrieved from /home/erij/Erij_Mazouz_4DS8_churn_ml_project/venv/lib/python3.8/site-packages/airflow/example_dags/example_trigger_controller_dag.py
[2025-03-06T23:44:23.584+0100] {logging_mixin.py:190} INFO - [2025-03-06T23:44:23.584+0100] {dag.py:3239} INFO - Sync 1 DAGs
[2025-03-06T23:44:23.600+0100] {logging_mixin.py:190} INFO - [2025-03-06T23:44:23.600+0100] {dag.py:4180} INFO - Setting next_dagrun for example_trigger_controller_dag to 2021-01-01 00:00:00+00:00, run_after=2021-01-01 00:00:00+00:00
[2025-03-06T23:44:23.617+0100] {processor.py:208} INFO - Processing /home/erij/Erij_Mazouz_4DS8_churn_ml_project/venv/lib/python3.8/site-packages/airflow/example_dags/example_trigger_controller_dag.py took 0.059 seconds
[2025-03-06T23:45:20.621+0100] {processor.py:186} INFO - Started process (PID=57166) to work on /home/erij/Erij_Mazouz_4DS8_churn_ml_project/venv/lib/python3.8/site-packages/airflow/example_dags/example_trigger_controller_dag.py
[2025-03-06T23:45:20.628+0100] {processor.py:914} INFO - Processing file /home/erij/Erij_Mazouz_4DS8_churn_ml_project/venv/lib/python3.8/site-packages/airflow/example_dags/example_trigger_controller_dag.py for tasks to queue
[2025-03-06T23:45:20.631+0100] {logging_mixin.py:190} INFO - [2025-03-06T23:45:20.630+0100] {dagbag.py:588} INFO - Filling up the DagBag from /home/erij/Erij_Mazouz_4DS8_churn_ml_project/venv/lib/python3.8/site-packages/airflow/example_dags/example_trigger_controller_dag.py
[2025-03-06T23:45:20.638+0100] {processor.py:925} INFO - DAG(s) 'example_trigger_controller_dag' retrieved from /home/erij/Erij_Mazouz_4DS8_churn_ml_project/venv/lib/python3.8/site-packages/airflow/example_dags/example_trigger_controller_dag.py
[2025-03-06T23:45:20.651+0100] {logging_mixin.py:190} INFO - [2025-03-06T23:45:20.651+0100] {dag.py:3239} INFO - Sync 1 DAGs
[2025-03-06T23:45:20.668+0100] {logging_mixin.py:190} INFO - [2025-03-06T23:45:20.668+0100] {dag.py:4180} INFO - Setting next_dagrun for example_trigger_controller_dag to 2021-01-01 00:00:00+00:00, run_after=2021-01-01 00:00:00+00:00
[2025-03-06T23:45:20.687+0100] {processor.py:208} INFO - Processing /home/erij/Erij_Mazouz_4DS8_churn_ml_project/venv/lib/python3.8/site-packages/airflow/example_dags/example_trigger_controller_dag.py took 0.071 seconds
[2025-03-06T23:46:19.323+0100] {processor.py:186} INFO - Started process (PID=57286) to work on /home/erij/Erij_Mazouz_4DS8_churn_ml_project/venv/lib/python3.8/site-packages/airflow/example_dags/example_trigger_controller_dag.py
[2025-03-06T23:46:19.324+0100] {processor.py:914} INFO - Processing file /home/erij/Erij_Mazouz_4DS8_churn_ml_project/venv/lib/python3.8/site-packages/airflow/example_dags/example_trigger_controller_dag.py for tasks to queue
[2025-03-06T23:46:19.326+0100] {logging_mixin.py:190} INFO - [2025-03-06T23:46:19.325+0100] {dagbag.py:588} INFO - Filling up the DagBag from /home/erij/Erij_Mazouz_4DS8_churn_ml_project/venv/lib/python3.8/site-packages/airflow/example_dags/example_trigger_controller_dag.py
[2025-03-06T23:46:19.331+0100] {processor.py:925} INFO - DAG(s) 'example_trigger_controller_dag' retrieved from /home/erij/Erij_Mazouz_4DS8_churn_ml_project/venv/lib/python3.8/site-packages/airflow/example_dags/example_trigger_controller_dag.py
[2025-03-06T23:46:19.342+0100] {logging_mixin.py:190} INFO - [2025-03-06T23:46:19.342+0100] {dag.py:3239} INFO - Sync 1 DAGs
[2025-03-06T23:46:19.358+0100] {logging_mixin.py:190} INFO - [2025-03-06T23:46:19.358+0100] {dag.py:4180} INFO - Setting next_dagrun for example_trigger_controller_dag to 2021-01-01 00:00:00+00:00, run_after=2021-01-01 00:00:00+00:00
[2025-03-06T23:46:19.396+0100] {processor.py:208} INFO - Processing /home/erij/Erij_Mazouz_4DS8_churn_ml_project/venv/lib/python3.8/site-packages/airflow/example_dags/example_trigger_controller_dag.py took 0.077 seconds
[2025-03-06T23:47:13.953+0100] {processor.py:186} INFO - Started process (PID=57395) to work on /home/erij/Erij_Mazouz_4DS8_churn_ml_project/venv/lib/python3.8/site-packages/airflow/example_dags/example_trigger_controller_dag.py
[2025-03-06T23:47:13.954+0100] {processor.py:914} INFO - Processing file /home/erij/Erij_Mazouz_4DS8_churn_ml_project/venv/lib/python3.8/site-packages/airflow/example_dags/example_trigger_controller_dag.py for tasks to queue
[2025-03-06T23:47:13.956+0100] {logging_mixin.py:190} INFO - [2025-03-06T23:47:13.955+0100] {dagbag.py:588} INFO - Filling up the DagBag from /home/erij/Erij_Mazouz_4DS8_churn_ml_project/venv/lib/python3.8/site-packages/airflow/example_dags/example_trigger_controller_dag.py
[2025-03-06T23:47:13.961+0100] {processor.py:925} INFO - DAG(s) 'example_trigger_controller_dag' retrieved from /home/erij/Erij_Mazouz_4DS8_churn_ml_project/venv/lib/python3.8/site-packages/airflow/example_dags/example_trigger_controller_dag.py
[2025-03-06T23:47:13.972+0100] {logging_mixin.py:190} INFO - [2025-03-06T23:47:13.972+0100] {dag.py:3239} INFO - Sync 1 DAGs
[2025-03-06T23:47:13.988+0100] {logging_mixin.py:190} INFO - [2025-03-06T23:47:13.988+0100] {dag.py:4180} INFO - Setting next_dagrun for example_trigger_controller_dag to 2021-01-01 00:00:00+00:00, run_after=2021-01-01 00:00:00+00:00
[2025-03-06T23:47:14.005+0100] {processor.py:208} INFO - Processing /home/erij/Erij_Mazouz_4DS8_churn_ml_project/venv/lib/python3.8/site-packages/airflow/example_dags/example_trigger_controller_dag.py took 0.057 seconds
[2025-03-06T23:48:12.411+0100] {processor.py:186} INFO - Started process (PID=57514) to work on /home/erij/Erij_Mazouz_4DS8_churn_ml_project/venv/lib/python3.8/site-packages/airflow/example_dags/example_trigger_controller_dag.py
[2025-03-06T23:48:12.414+0100] {processor.py:914} INFO - Processing file /home/erij/Erij_Mazouz_4DS8_churn_ml_project/venv/lib/python3.8/site-packages/airflow/example_dags/example_trigger_controller_dag.py for tasks to queue
[2025-03-06T23:48:12.416+0100] {logging_mixin.py:190} INFO - [2025-03-06T23:48:12.415+0100] {dagbag.py:588} INFO - Filling up the DagBag from /home/erij/Erij_Mazouz_4DS8_churn_ml_project/venv/lib/python3.8/site-packages/airflow/example_dags/example_trigger_controller_dag.py
[2025-03-06T23:48:12.421+0100] {processor.py:925} INFO - DAG(s) 'example_trigger_controller_dag' retrieved from /home/erij/Erij_Mazouz_4DS8_churn_ml_project/venv/lib/python3.8/site-packages/airflow/example_dags/example_trigger_controller_dag.py
[2025-03-06T23:48:12.431+0100] {logging_mixin.py:190} INFO - [2025-03-06T23:48:12.431+0100] {dag.py:3239} INFO - Sync 1 DAGs
[2025-03-06T23:48:12.446+0100] {logging_mixin.py:190} INFO - [2025-03-06T23:48:12.446+0100] {dag.py:4180} INFO - Setting next_dagrun for example_trigger_controller_dag to 2021-01-01 00:00:00+00:00, run_after=2021-01-01 00:00:00+00:00
[2025-03-06T23:48:12.463+0100] {processor.py:208} INFO - Processing /home/erij/Erij_Mazouz_4DS8_churn_ml_project/venv/lib/python3.8/site-packages/airflow/example_dags/example_trigger_controller_dag.py took 0.057 seconds
[2025-03-06T23:49:09.043+0100] {processor.py:186} INFO - Started process (PID=57632) to work on /home/erij/Erij_Mazouz_4DS8_churn_ml_project/venv/lib/python3.8/site-packages/airflow/example_dags/example_trigger_controller_dag.py
[2025-03-06T23:49:09.045+0100] {processor.py:914} INFO - Processing file /home/erij/Erij_Mazouz_4DS8_churn_ml_project/venv/lib/python3.8/site-packages/airflow/example_dags/example_trigger_controller_dag.py for tasks to queue
[2025-03-06T23:49:09.047+0100] {logging_mixin.py:190} INFO - [2025-03-06T23:49:09.046+0100] {dagbag.py:588} INFO - Filling up the DagBag from /home/erij/Erij_Mazouz_4DS8_churn_ml_project/venv/lib/python3.8/site-packages/airflow/example_dags/example_trigger_controller_dag.py
[2025-03-06T23:49:09.052+0100] {processor.py:925} INFO - DAG(s) 'example_trigger_controller_dag' retrieved from /home/erij/Erij_Mazouz_4DS8_churn_ml_project/venv/lib/python3.8/site-packages/airflow/example_dags/example_trigger_controller_dag.py
[2025-03-06T23:49:09.063+0100] {logging_mixin.py:190} INFO - [2025-03-06T23:49:09.063+0100] {dag.py:3239} INFO - Sync 1 DAGs
[2025-03-06T23:49:09.078+0100] {logging_mixin.py:190} INFO - [2025-03-06T23:49:09.078+0100] {dag.py:4180} INFO - Setting next_dagrun for example_trigger_controller_dag to 2021-01-01 00:00:00+00:00, run_after=2021-01-01 00:00:00+00:00
[2025-03-06T23:49:09.095+0100] {processor.py:208} INFO - Processing /home/erij/Erij_Mazouz_4DS8_churn_ml_project/venv/lib/python3.8/site-packages/airflow/example_dags/example_trigger_controller_dag.py took 0.058 seconds
[2025-03-06T23:50:02.709+0100] {processor.py:186} INFO - Started process (PID=57739) to work on /home/erij/Erij_Mazouz_4DS8_churn_ml_project/venv/lib/python3.8/site-packages/airflow/example_dags/example_trigger_controller_dag.py
[2025-03-06T23:50:02.710+0100] {processor.py:914} INFO - Processing file /home/erij/Erij_Mazouz_4DS8_churn_ml_project/venv/lib/python3.8/site-packages/airflow/example_dags/example_trigger_controller_dag.py for tasks to queue
[2025-03-06T23:50:02.712+0100] {logging_mixin.py:190} INFO - [2025-03-06T23:50:02.712+0100] {dagbag.py:588} INFO - Filling up the DagBag from /home/erij/Erij_Mazouz_4DS8_churn_ml_project/venv/lib/python3.8/site-packages/airflow/example_dags/example_trigger_controller_dag.py
[2025-03-06T23:50:02.718+0100] {processor.py:925} INFO - DAG(s) 'example_trigger_controller_dag' retrieved from /home/erij/Erij_Mazouz_4DS8_churn_ml_project/venv/lib/python3.8/site-packages/airflow/example_dags/example_trigger_controller_dag.py
[2025-03-06T23:50:02.730+0100] {logging_mixin.py:190} INFO - [2025-03-06T23:50:02.730+0100] {dag.py:3239} INFO - Sync 1 DAGs
[2025-03-06T23:50:02.748+0100] {logging_mixin.py:190} INFO - [2025-03-06T23:50:02.748+0100] {dag.py:4180} INFO - Setting next_dagrun for example_trigger_controller_dag to 2021-01-01 00:00:00+00:00, run_after=2021-01-01 00:00:00+00:00
[2025-03-06T23:50:02.766+0100] {processor.py:208} INFO - Processing /home/erij/Erij_Mazouz_4DS8_churn_ml_project/venv/lib/python3.8/site-packages/airflow/example_dags/example_trigger_controller_dag.py took 0.062 seconds
[2025-03-06T23:50:58.536+0100] {processor.py:186} INFO - Started process (PID=57853) to work on /home/erij/Erij_Mazouz_4DS8_churn_ml_project/venv/lib/python3.8/site-packages/airflow/example_dags/example_trigger_controller_dag.py
[2025-03-06T23:50:58.538+0100] {processor.py:914} INFO - Processing file /home/erij/Erij_Mazouz_4DS8_churn_ml_project/venv/lib/python3.8/site-packages/airflow/example_dags/example_trigger_controller_dag.py for tasks to queue
[2025-03-06T23:50:58.540+0100] {logging_mixin.py:190} INFO - [2025-03-06T23:50:58.539+0100] {dagbag.py:588} INFO - Filling up the DagBag from /home/erij/Erij_Mazouz_4DS8_churn_ml_project/venv/lib/python3.8/site-packages/airflow/example_dags/example_trigger_controller_dag.py
[2025-03-06T23:50:58.545+0100] {processor.py:925} INFO - DAG(s) 'example_trigger_controller_dag' retrieved from /home/erij/Erij_Mazouz_4DS8_churn_ml_project/venv/lib/python3.8/site-packages/airflow/example_dags/example_trigger_controller_dag.py
[2025-03-06T23:50:58.557+0100] {logging_mixin.py:190} INFO - [2025-03-06T23:50:58.557+0100] {dag.py:3239} INFO - Sync 1 DAGs
[2025-03-06T23:50:58.571+0100] {logging_mixin.py:190} INFO - [2025-03-06T23:50:58.571+0100] {dag.py:4180} INFO - Setting next_dagrun for example_trigger_controller_dag to 2021-01-01 00:00:00+00:00, run_after=2021-01-01 00:00:00+00:00
[2025-03-06T23:50:58.587+0100] {processor.py:208} INFO - Processing /home/erij/Erij_Mazouz_4DS8_churn_ml_project/venv/lib/python3.8/site-packages/airflow/example_dags/example_trigger_controller_dag.py took 0.057 seconds
[2025-03-06T23:51:53.900+0100] {processor.py:186} INFO - Started process (PID=57962) to work on /home/erij/Erij_Mazouz_4DS8_churn_ml_project/venv/lib/python3.8/site-packages/airflow/example_dags/example_trigger_controller_dag.py
[2025-03-06T23:51:53.901+0100] {processor.py:914} INFO - Processing file /home/erij/Erij_Mazouz_4DS8_churn_ml_project/venv/lib/python3.8/site-packages/airflow/example_dags/example_trigger_controller_dag.py for tasks to queue
[2025-03-06T23:51:53.903+0100] {logging_mixin.py:190} INFO - [2025-03-06T23:51:53.903+0100] {dagbag.py:588} INFO - Filling up the DagBag from /home/erij/Erij_Mazouz_4DS8_churn_ml_project/venv/lib/python3.8/site-packages/airflow/example_dags/example_trigger_controller_dag.py
[2025-03-06T23:51:53.908+0100] {processor.py:925} INFO - DAG(s) 'example_trigger_controller_dag' retrieved from /home/erij/Erij_Mazouz_4DS8_churn_ml_project/venv/lib/python3.8/site-packages/airflow/example_dags/example_trigger_controller_dag.py
[2025-03-06T23:51:53.919+0100] {logging_mixin.py:190} INFO - [2025-03-06T23:51:53.918+0100] {dag.py:3239} INFO - Sync 1 DAGs
[2025-03-06T23:51:53.933+0100] {logging_mixin.py:190} INFO - [2025-03-06T23:51:53.933+0100] {dag.py:4180} INFO - Setting next_dagrun for example_trigger_controller_dag to 2021-01-01 00:00:00+00:00, run_after=2021-01-01 00:00:00+00:00
[2025-03-06T23:51:53.950+0100] {processor.py:208} INFO - Processing /home/erij/Erij_Mazouz_4DS8_churn_ml_project/venv/lib/python3.8/site-packages/airflow/example_dags/example_trigger_controller_dag.py took 0.055 seconds
[2025-03-06T23:52:49.842+0100] {processor.py:186} INFO - Started process (PID=58082) to work on /home/erij/Erij_Mazouz_4DS8_churn_ml_project/venv/lib/python3.8/site-packages/airflow/example_dags/example_trigger_controller_dag.py
[2025-03-06T23:52:49.844+0100] {processor.py:914} INFO - Processing file /home/erij/Erij_Mazouz_4DS8_churn_ml_project/venv/lib/python3.8/site-packages/airflow/example_dags/example_trigger_controller_dag.py for tasks to queue
[2025-03-06T23:52:49.847+0100] {logging_mixin.py:190} INFO - [2025-03-06T23:52:49.847+0100] {dagbag.py:588} INFO - Filling up the DagBag from /home/erij/Erij_Mazouz_4DS8_churn_ml_project/venv/lib/python3.8/site-packages/airflow/example_dags/example_trigger_controller_dag.py
[2025-03-06T23:52:49.853+0100] {processor.py:925} INFO - DAG(s) 'example_trigger_controller_dag' retrieved from /home/erij/Erij_Mazouz_4DS8_churn_ml_project/venv/lib/python3.8/site-packages/airflow/example_dags/example_trigger_controller_dag.py
[2025-03-06T23:52:49.866+0100] {logging_mixin.py:190} INFO - [2025-03-06T23:52:49.865+0100] {dag.py:3239} INFO - Sync 1 DAGs
[2025-03-06T23:52:49.882+0100] {logging_mixin.py:190} INFO - [2025-03-06T23:52:49.881+0100] {dag.py:4180} INFO - Setting next_dagrun for example_trigger_controller_dag to 2021-01-01 00:00:00+00:00, run_after=2021-01-01 00:00:00+00:00
[2025-03-06T23:52:49.900+0100] {processor.py:208} INFO - Processing /home/erij/Erij_Mazouz_4DS8_churn_ml_project/venv/lib/python3.8/site-packages/airflow/example_dags/example_trigger_controller_dag.py took 0.063 seconds
[2025-03-06T23:53:47.316+0100] {processor.py:186} INFO - Started process (PID=58209) to work on /home/erij/Erij_Mazouz_4DS8_churn_ml_project/venv/lib/python3.8/site-packages/airflow/example_dags/example_trigger_controller_dag.py
[2025-03-06T23:53:47.319+0100] {processor.py:914} INFO - Processing file /home/erij/Erij_Mazouz_4DS8_churn_ml_project/venv/lib/python3.8/site-packages/airflow/example_dags/example_trigger_controller_dag.py for tasks to queue
[2025-03-06T23:53:47.320+0100] {logging_mixin.py:190} INFO - [2025-03-06T23:53:47.320+0100] {dagbag.py:588} INFO - Filling up the DagBag from /home/erij/Erij_Mazouz_4DS8_churn_ml_project/venv/lib/python3.8/site-packages/airflow/example_dags/example_trigger_controller_dag.py
[2025-03-06T23:53:47.326+0100] {processor.py:925} INFO - DAG(s) 'example_trigger_controller_dag' retrieved from /home/erij/Erij_Mazouz_4DS8_churn_ml_project/venv/lib/python3.8/site-packages/airflow/example_dags/example_trigger_controller_dag.py
[2025-03-06T23:53:47.339+0100] {logging_mixin.py:190} INFO - [2025-03-06T23:53:47.339+0100] {dag.py:3239} INFO - Sync 1 DAGs
[2025-03-06T23:53:47.356+0100] {logging_mixin.py:190} INFO - [2025-03-06T23:53:47.356+0100] {dag.py:4180} INFO - Setting next_dagrun for example_trigger_controller_dag to 2021-01-01 00:00:00+00:00, run_after=2021-01-01 00:00:00+00:00
[2025-03-06T23:53:47.372+0100] {processor.py:208} INFO - Processing /home/erij/Erij_Mazouz_4DS8_churn_ml_project/venv/lib/python3.8/site-packages/airflow/example_dags/example_trigger_controller_dag.py took 0.061 seconds
[2025-03-06T23:54:44.875+0100] {processor.py:186} INFO - Started process (PID=58587) to work on /home/erij/Erij_Mazouz_4DS8_churn_ml_project/venv/lib/python3.8/site-packages/airflow/example_dags/example_trigger_controller_dag.py
[2025-03-06T23:54:44.877+0100] {processor.py:914} INFO - Processing file /home/erij/Erij_Mazouz_4DS8_churn_ml_project/venv/lib/python3.8/site-packages/airflow/example_dags/example_trigger_controller_dag.py for tasks to queue
[2025-03-06T23:54:44.879+0100] {logging_mixin.py:190} INFO - [2025-03-06T23:54:44.879+0100] {dagbag.py:588} INFO - Filling up the DagBag from /home/erij/Erij_Mazouz_4DS8_churn_ml_project/venv/lib/python3.8/site-packages/airflow/example_dags/example_trigger_controller_dag.py
[2025-03-06T23:54:44.885+0100] {processor.py:925} INFO - DAG(s) 'example_trigger_controller_dag' retrieved from /home/erij/Erij_Mazouz_4DS8_churn_ml_project/venv/lib/python3.8/site-packages/airflow/example_dags/example_trigger_controller_dag.py
[2025-03-06T23:54:44.898+0100] {logging_mixin.py:190} INFO - [2025-03-06T23:54:44.897+0100] {dag.py:3239} INFO - Sync 1 DAGs
[2025-03-06T23:54:44.914+0100] {logging_mixin.py:190} INFO - [2025-03-06T23:54:44.914+0100] {dag.py:4180} INFO - Setting next_dagrun for example_trigger_controller_dag to 2021-01-01 00:00:00+00:00, run_after=2021-01-01 00:00:00+00:00
[2025-03-06T23:54:44.931+0100] {processor.py:208} INFO - Processing /home/erij/Erij_Mazouz_4DS8_churn_ml_project/venv/lib/python3.8/site-packages/airflow/example_dags/example_trigger_controller_dag.py took 0.060 seconds
[2025-03-06T23:55:42.836+0100] {processor.py:186} INFO - Started process (PID=59142) to work on /home/erij/Erij_Mazouz_4DS8_churn_ml_project/venv/lib/python3.8/site-packages/airflow/example_dags/example_trigger_controller_dag.py
[2025-03-06T23:55:42.838+0100] {processor.py:914} INFO - Processing file /home/erij/Erij_Mazouz_4DS8_churn_ml_project/venv/lib/python3.8/site-packages/airflow/example_dags/example_trigger_controller_dag.py for tasks to queue
[2025-03-06T23:55:42.840+0100] {logging_mixin.py:190} INFO - [2025-03-06T23:55:42.839+0100] {dagbag.py:588} INFO - Filling up the DagBag from /home/erij/Erij_Mazouz_4DS8_churn_ml_project/venv/lib/python3.8/site-packages/airflow/example_dags/example_trigger_controller_dag.py
[2025-03-06T23:55:42.846+0100] {processor.py:925} INFO - DAG(s) 'example_trigger_controller_dag' retrieved from /home/erij/Erij_Mazouz_4DS8_churn_ml_project/venv/lib/python3.8/site-packages/airflow/example_dags/example_trigger_controller_dag.py
[2025-03-06T23:55:42.857+0100] {logging_mixin.py:190} INFO - [2025-03-06T23:55:42.857+0100] {dag.py:3239} INFO - Sync 1 DAGs
[2025-03-06T23:55:42.874+0100] {logging_mixin.py:190} INFO - [2025-03-06T23:55:42.874+0100] {dag.py:4180} INFO - Setting next_dagrun for example_trigger_controller_dag to 2021-01-01 00:00:00+00:00, run_after=2021-01-01 00:00:00+00:00
[2025-03-06T23:55:42.889+0100] {processor.py:208} INFO - Processing /home/erij/Erij_Mazouz_4DS8_churn_ml_project/venv/lib/python3.8/site-packages/airflow/example_dags/example_trigger_controller_dag.py took 0.059 seconds
[2025-03-06T23:56:39.209+0100] {processor.py:186} INFO - Started process (PID=59271) to work on /home/erij/Erij_Mazouz_4DS8_churn_ml_project/venv/lib/python3.8/site-packages/airflow/example_dags/example_trigger_controller_dag.py
[2025-03-06T23:56:39.211+0100] {processor.py:914} INFO - Processing file /home/erij/Erij_Mazouz_4DS8_churn_ml_project/venv/lib/python3.8/site-packages/airflow/example_dags/example_trigger_controller_dag.py for tasks to queue
[2025-03-06T23:56:39.213+0100] {logging_mixin.py:190} INFO - [2025-03-06T23:56:39.213+0100] {dagbag.py:588} INFO - Filling up the DagBag from /home/erij/Erij_Mazouz_4DS8_churn_ml_project/venv/lib/python3.8/site-packages/airflow/example_dags/example_trigger_controller_dag.py
[2025-03-06T23:56:39.219+0100] {processor.py:925} INFO - DAG(s) 'example_trigger_controller_dag' retrieved from /home/erij/Erij_Mazouz_4DS8_churn_ml_project/venv/lib/python3.8/site-packages/airflow/example_dags/example_trigger_controller_dag.py
[2025-03-06T23:56:39.230+0100] {logging_mixin.py:190} INFO - [2025-03-06T23:56:39.230+0100] {dag.py:3239} INFO - Sync 1 DAGs
[2025-03-06T23:56:39.247+0100] {logging_mixin.py:190} INFO - [2025-03-06T23:56:39.247+0100] {dag.py:4180} INFO - Setting next_dagrun for example_trigger_controller_dag to 2021-01-01 00:00:00+00:00, run_after=2021-01-01 00:00:00+00:00
[2025-03-06T23:56:39.264+0100] {processor.py:208} INFO - Processing /home/erij/Erij_Mazouz_4DS8_churn_ml_project/venv/lib/python3.8/site-packages/airflow/example_dags/example_trigger_controller_dag.py took 0.061 seconds
[2025-03-06T23:57:33.326+0100] {processor.py:186} INFO - Started process (PID=59386) to work on /home/erij/Erij_Mazouz_4DS8_churn_ml_project/venv/lib/python3.8/site-packages/airflow/example_dags/example_trigger_controller_dag.py
[2025-03-06T23:57:33.327+0100] {processor.py:914} INFO - Processing file /home/erij/Erij_Mazouz_4DS8_churn_ml_project/venv/lib/python3.8/site-packages/airflow/example_dags/example_trigger_controller_dag.py for tasks to queue
[2025-03-06T23:57:33.329+0100] {logging_mixin.py:190} INFO - [2025-03-06T23:57:33.329+0100] {dagbag.py:588} INFO - Filling up the DagBag from /home/erij/Erij_Mazouz_4DS8_churn_ml_project/venv/lib/python3.8/site-packages/airflow/example_dags/example_trigger_controller_dag.py
[2025-03-06T23:57:33.334+0100] {processor.py:925} INFO - DAG(s) 'example_trigger_controller_dag' retrieved from /home/erij/Erij_Mazouz_4DS8_churn_ml_project/venv/lib/python3.8/site-packages/airflow/example_dags/example_trigger_controller_dag.py
[2025-03-06T23:57:33.345+0100] {logging_mixin.py:190} INFO - [2025-03-06T23:57:33.345+0100] {dag.py:3239} INFO - Sync 1 DAGs
[2025-03-06T23:57:33.361+0100] {logging_mixin.py:190} INFO - [2025-03-06T23:57:33.361+0100] {dag.py:4180} INFO - Setting next_dagrun for example_trigger_controller_dag to 2021-01-01 00:00:00+00:00, run_after=2021-01-01 00:00:00+00:00
[2025-03-06T23:57:33.378+0100] {processor.py:208} INFO - Processing /home/erij/Erij_Mazouz_4DS8_churn_ml_project/venv/lib/python3.8/site-packages/airflow/example_dags/example_trigger_controller_dag.py took 0.057 seconds
[2025-03-06T23:58:27.421+0100] {processor.py:186} INFO - Started process (PID=59540) to work on /home/erij/Erij_Mazouz_4DS8_churn_ml_project/venv/lib/python3.8/site-packages/airflow/example_dags/example_trigger_controller_dag.py
[2025-03-06T23:58:27.423+0100] {processor.py:914} INFO - Processing file /home/erij/Erij_Mazouz_4DS8_churn_ml_project/venv/lib/python3.8/site-packages/airflow/example_dags/example_trigger_controller_dag.py for tasks to queue
[2025-03-06T23:58:27.425+0100] {logging_mixin.py:190} INFO - [2025-03-06T23:58:27.425+0100] {dagbag.py:588} INFO - Filling up the DagBag from /home/erij/Erij_Mazouz_4DS8_churn_ml_project/venv/lib/python3.8/site-packages/airflow/example_dags/example_trigger_controller_dag.py
[2025-03-06T23:58:27.431+0100] {processor.py:925} INFO - DAG(s) 'example_trigger_controller_dag' retrieved from /home/erij/Erij_Mazouz_4DS8_churn_ml_project/venv/lib/python3.8/site-packages/airflow/example_dags/example_trigger_controller_dag.py
[2025-03-06T23:58:27.443+0100] {logging_mixin.py:190} INFO - [2025-03-06T23:58:27.443+0100] {dag.py:3239} INFO - Sync 1 DAGs
[2025-03-06T23:58:27.460+0100] {logging_mixin.py:190} INFO - [2025-03-06T23:58:27.460+0100] {dag.py:4180} INFO - Setting next_dagrun for example_trigger_controller_dag to 2021-01-01 00:00:00+00:00, run_after=2021-01-01 00:00:00+00:00
[2025-03-06T23:58:27.477+0100] {processor.py:208} INFO - Processing /home/erij/Erij_Mazouz_4DS8_churn_ml_project/venv/lib/python3.8/site-packages/airflow/example_dags/example_trigger_controller_dag.py took 0.061 seconds
[2025-03-06T23:59:19.081+0100] {processor.py:186} INFO - Started process (PID=59685) to work on /home/erij/Erij_Mazouz_4DS8_churn_ml_project/venv/lib/python3.8/site-packages/airflow/example_dags/example_trigger_controller_dag.py
[2025-03-06T23:59:19.083+0100] {processor.py:914} INFO - Processing file /home/erij/Erij_Mazouz_4DS8_churn_ml_project/venv/lib/python3.8/site-packages/airflow/example_dags/example_trigger_controller_dag.py for tasks to queue
[2025-03-06T23:59:19.084+0100] {logging_mixin.py:190} INFO - [2025-03-06T23:59:19.084+0100] {dagbag.py:588} INFO - Filling up the DagBag from /home/erij/Erij_Mazouz_4DS8_churn_ml_project/venv/lib/python3.8/site-packages/airflow/example_dags/example_trigger_controller_dag.py
[2025-03-06T23:59:19.090+0100] {processor.py:925} INFO - DAG(s) 'example_trigger_controller_dag' retrieved from /home/erij/Erij_Mazouz_4DS8_churn_ml_project/venv/lib/python3.8/site-packages/airflow/example_dags/example_trigger_controller_dag.py
[2025-03-06T23:59:19.100+0100] {logging_mixin.py:190} INFO - [2025-03-06T23:59:19.100+0100] {dag.py:3239} INFO - Sync 1 DAGs
[2025-03-06T23:59:19.117+0100] {logging_mixin.py:190} INFO - [2025-03-06T23:59:19.117+0100] {dag.py:4180} INFO - Setting next_dagrun for example_trigger_controller_dag to 2021-01-01 00:00:00+00:00, run_after=2021-01-01 00:00:00+00:00
[2025-03-06T23:59:19.135+0100] {processor.py:208} INFO - Processing /home/erij/Erij_Mazouz_4DS8_churn_ml_project/venv/lib/python3.8/site-packages/airflow/example_dags/example_trigger_controller_dag.py took 0.059 seconds
[2025-03-07T00:00:09.756+0100] {processor.py:186} INFO - Started process (PID=59864) to work on /home/erij/Erij_Mazouz_4DS8_churn_ml_project/venv/lib/python3.8/site-packages/airflow/example_dags/example_trigger_controller_dag.py
[2025-03-07T00:00:09.757+0100] {processor.py:914} INFO - Processing file /home/erij/Erij_Mazouz_4DS8_churn_ml_project/venv/lib/python3.8/site-packages/airflow/example_dags/example_trigger_controller_dag.py for tasks to queue
[2025-03-07T00:00:09.759+0100] {logging_mixin.py:190} INFO - [2025-03-07T00:00:09.759+0100] {dagbag.py:588} INFO - Filling up the DagBag from /home/erij/Erij_Mazouz_4DS8_churn_ml_project/venv/lib/python3.8/site-packages/airflow/example_dags/example_trigger_controller_dag.py
[2025-03-07T00:00:09.766+0100] {processor.py:925} INFO - DAG(s) 'example_trigger_controller_dag' retrieved from /home/erij/Erij_Mazouz_4DS8_churn_ml_project/venv/lib/python3.8/site-packages/airflow/example_dags/example_trigger_controller_dag.py
[2025-03-07T00:00:09.779+0100] {logging_mixin.py:190} INFO - [2025-03-07T00:00:09.778+0100] {dag.py:3239} INFO - Sync 1 DAGs
[2025-03-07T00:00:09.796+0100] {logging_mixin.py:190} INFO - [2025-03-07T00:00:09.796+0100] {dag.py:4180} INFO - Setting next_dagrun for example_trigger_controller_dag to 2021-01-01 00:00:00+00:00, run_after=2021-01-01 00:00:00+00:00
[2025-03-07T00:00:09.815+0100] {processor.py:208} INFO - Processing /home/erij/Erij_Mazouz_4DS8_churn_ml_project/venv/lib/python3.8/site-packages/airflow/example_dags/example_trigger_controller_dag.py took 0.065 seconds
[2025-03-07T00:01:03.447+0100] {processor.py:186} INFO - Started process (PID=60019) to work on /home/erij/Erij_Mazouz_4DS8_churn_ml_project/venv/lib/python3.8/site-packages/airflow/example_dags/example_trigger_controller_dag.py
[2025-03-07T00:01:03.449+0100] {processor.py:914} INFO - Processing file /home/erij/Erij_Mazouz_4DS8_churn_ml_project/venv/lib/python3.8/site-packages/airflow/example_dags/example_trigger_controller_dag.py for tasks to queue
[2025-03-07T00:01:03.451+0100] {logging_mixin.py:190} INFO - [2025-03-07T00:01:03.451+0100] {dagbag.py:588} INFO - Filling up the DagBag from /home/erij/Erij_Mazouz_4DS8_churn_ml_project/venv/lib/python3.8/site-packages/airflow/example_dags/example_trigger_controller_dag.py
[2025-03-07T00:01:03.458+0100] {processor.py:925} INFO - DAG(s) 'example_trigger_controller_dag' retrieved from /home/erij/Erij_Mazouz_4DS8_churn_ml_project/venv/lib/python3.8/site-packages/airflow/example_dags/example_trigger_controller_dag.py
[2025-03-07T00:01:03.472+0100] {logging_mixin.py:190} INFO - [2025-03-07T00:01:03.472+0100] {dag.py:3239} INFO - Sync 1 DAGs
[2025-03-07T00:01:03.491+0100] {logging_mixin.py:190} INFO - [2025-03-07T00:01:03.491+0100] {dag.py:4180} INFO - Setting next_dagrun for example_trigger_controller_dag to 2021-01-01 00:00:00+00:00, run_after=2021-01-01 00:00:00+00:00
[2025-03-07T00:01:03.509+0100] {processor.py:208} INFO - Processing /home/erij/Erij_Mazouz_4DS8_churn_ml_project/venv/lib/python3.8/site-packages/airflow/example_dags/example_trigger_controller_dag.py took 0.068 seconds
[2025-03-07T00:01:58.321+0100] {processor.py:186} INFO - Started process (PID=60191) to work on /home/erij/Erij_Mazouz_4DS8_churn_ml_project/venv/lib/python3.8/site-packages/airflow/example_dags/example_trigger_controller_dag.py
[2025-03-07T00:01:58.322+0100] {processor.py:914} INFO - Processing file /home/erij/Erij_Mazouz_4DS8_churn_ml_project/venv/lib/python3.8/site-packages/airflow/example_dags/example_trigger_controller_dag.py for tasks to queue
[2025-03-07T00:01:58.324+0100] {logging_mixin.py:190} INFO - [2025-03-07T00:01:58.323+0100] {dagbag.py:588} INFO - Filling up the DagBag from /home/erij/Erij_Mazouz_4DS8_churn_ml_project/venv/lib/python3.8/site-packages/airflow/example_dags/example_trigger_controller_dag.py
[2025-03-07T00:01:58.329+0100] {processor.py:925} INFO - DAG(s) 'example_trigger_controller_dag' retrieved from /home/erij/Erij_Mazouz_4DS8_churn_ml_project/venv/lib/python3.8/site-packages/airflow/example_dags/example_trigger_controller_dag.py
[2025-03-07T00:01:58.340+0100] {logging_mixin.py:190} INFO - [2025-03-07T00:01:58.340+0100] {dag.py:3239} INFO - Sync 1 DAGs
[2025-03-07T00:01:58.357+0100] {logging_mixin.py:190} INFO - [2025-03-07T00:01:58.357+0100] {dag.py:4180} INFO - Setting next_dagrun for example_trigger_controller_dag to 2021-01-01 00:00:00+00:00, run_after=2021-01-01 00:00:00+00:00
[2025-03-07T00:01:58.375+0100] {processor.py:208} INFO - Processing /home/erij/Erij_Mazouz_4DS8_churn_ml_project/venv/lib/python3.8/site-packages/airflow/example_dags/example_trigger_controller_dag.py took 0.059 seconds
[2025-03-07T00:02:55.844+0100] {processor.py:186} INFO - Started process (PID=60434) to work on /home/erij/Erij_Mazouz_4DS8_churn_ml_project/venv/lib/python3.8/site-packages/airflow/example_dags/example_trigger_controller_dag.py
[2025-03-07T00:02:55.846+0100] {processor.py:914} INFO - Processing file /home/erij/Erij_Mazouz_4DS8_churn_ml_project/venv/lib/python3.8/site-packages/airflow/example_dags/example_trigger_controller_dag.py for tasks to queue
[2025-03-07T00:02:55.848+0100] {logging_mixin.py:190} INFO - [2025-03-07T00:02:55.848+0100] {dagbag.py:588} INFO - Filling up the DagBag from /home/erij/Erij_Mazouz_4DS8_churn_ml_project/venv/lib/python3.8/site-packages/airflow/example_dags/example_trigger_controller_dag.py
[2025-03-07T00:02:55.854+0100] {processor.py:925} INFO - DAG(s) 'example_trigger_controller_dag' retrieved from /home/erij/Erij_Mazouz_4DS8_churn_ml_project/venv/lib/python3.8/site-packages/airflow/example_dags/example_trigger_controller_dag.py
[2025-03-07T00:02:55.867+0100] {logging_mixin.py:190} INFO - [2025-03-07T00:02:55.867+0100] {dag.py:3239} INFO - Sync 1 DAGs
[2025-03-07T00:02:55.885+0100] {logging_mixin.py:190} INFO - [2025-03-07T00:02:55.885+0100] {dag.py:4180} INFO - Setting next_dagrun for example_trigger_controller_dag to 2021-01-01 00:00:00+00:00, run_after=2021-01-01 00:00:00+00:00
[2025-03-07T00:02:55.903+0100] {processor.py:208} INFO - Processing /home/erij/Erij_Mazouz_4DS8_churn_ml_project/venv/lib/python3.8/site-packages/airflow/example_dags/example_trigger_controller_dag.py took 0.064 seconds
