[2025-03-06T23:39:23.995+0100] {processor.py:186} INFO - Started process (PID=55934) to work on /home/erij/Erij_Mazouz_4DS8_churn_ml_project/venv/lib/python3.8/site-packages/airflow/example_dags/example_subdag_operator.py
[2025-03-06T23:39:23.995+0100] {processor.py:914} INFO - Processing file /home/erij/Erij_Mazouz_4DS8_churn_ml_project/venv/lib/python3.8/site-packages/airflow/example_dags/example_subdag_operator.py for tasks to queue
[2025-03-06T23:39:23.997+0100] {logging_mixin.py:190} INFO - [2025-03-06T23:39:23.997+0100] {dagbag.py:588} INFO - Filling up the DagBag from /home/erij/Erij_Mazouz_4DS8_churn_ml_project/venv/lib/python3.8/site-packages/airflow/example_dags/example_subdag_operator.py
[2025-03-06T23:39:24.013+0100] {processor.py:925} INFO - DAG(s) 'example_subdag_operator.section-1', 'example_subdag_operator.section-2', 'example_subdag_operator' retrieved from /home/erij/Erij_Mazouz_4DS8_churn_ml_project/venv/lib/python3.8/site-packages/airflow/example_dags/example_subdag_operator.py
[2025-03-06T23:39:24.024+0100] {logging_mixin.py:190} INFO - [2025-03-06T23:39:24.024+0100] {dag.py:3239} INFO - Sync 3 DAGs
[2025-03-06T23:39:24.039+0100] {logging_mixin.py:190} INFO - [2025-03-06T23:39:24.039+0100] {dag.py:4180} INFO - Setting next_dagrun for example_subdag_operator to 2022-01-01 00:00:00+00:00, run_after=2022-01-01 00:00:00+00:00
[2025-03-06T23:39:24.042+0100] {logging_mixin.py:190} INFO - [2025-03-06T23:39:24.041+0100] {dag.py:4180} INFO - Setting next_dagrun for example_subdag_operator.section-1 to None, run_after=None
[2025-03-06T23:39:24.042+0100] {logging_mixin.py:190} INFO - [2025-03-06T23:39:24.042+0100] {dag.py:4180} INFO - Setting next_dagrun for example_subdag_operator.section-2 to None, run_after=None
[2025-03-06T23:39:24.046+0100] {logging_mixin.py:190} INFO - [2025-03-06T23:39:24.046+0100] {dag.py:3239} INFO - Sync 2 DAGs
[2025-03-06T23:39:24.050+0100] {logging_mixin.py:190} INFO - [2025-03-06T23:39:24.049+0100] {dag.py:4180} INFO - Setting next_dagrun for example_subdag_operator.section-1 to None, run_after=None
[2025-03-06T23:39:24.050+0100] {logging_mixin.py:190} INFO - [2025-03-06T23:39:24.050+0100] {dag.py:4180} INFO - Setting next_dagrun for example_subdag_operator.section-2 to None, run_after=None
[2025-03-06T23:39:24.065+0100] {processor.py:208} INFO - Processing /home/erij/Erij_Mazouz_4DS8_churn_ml_project/venv/lib/python3.8/site-packages/airflow/example_dags/example_subdag_operator.py took 0.075 seconds
[2025-03-06T23:40:51.184+0100] {processor.py:186} INFO - Started process (PID=56520) to work on /home/erij/Erij_Mazouz_4DS8_churn_ml_project/venv/lib/python3.8/site-packages/airflow/example_dags/example_subdag_operator.py
[2025-03-06T23:40:51.186+0100] {processor.py:914} INFO - Processing file /home/erij/Erij_Mazouz_4DS8_churn_ml_project/venv/lib/python3.8/site-packages/airflow/example_dags/example_subdag_operator.py for tasks to queue
[2025-03-06T23:40:51.188+0100] {logging_mixin.py:190} INFO - [2025-03-06T23:40:51.188+0100] {dagbag.py:588} INFO - Filling up the DagBag from /home/erij/Erij_Mazouz_4DS8_churn_ml_project/venv/lib/python3.8/site-packages/airflow/example_dags/example_subdag_operator.py
[2025-03-06T23:40:51.206+0100] {processor.py:925} INFO - DAG(s) 'example_subdag_operator.section-1', 'example_subdag_operator.section-2', 'example_subdag_operator' retrieved from /home/erij/Erij_Mazouz_4DS8_churn_ml_project/venv/lib/python3.8/site-packages/airflow/example_dags/example_subdag_operator.py
[2025-03-06T23:40:51.220+0100] {logging_mixin.py:190} INFO - [2025-03-06T23:40:51.220+0100] {dag.py:3239} INFO - Sync 3 DAGs
[2025-03-06T23:40:51.239+0100] {logging_mixin.py:190} INFO - [2025-03-06T23:40:51.239+0100] {dag.py:4180} INFO - Setting next_dagrun for example_subdag_operator to 2022-01-01 00:00:00+00:00, run_after=2022-01-01 00:00:00+00:00
[2025-03-06T23:40:51.242+0100] {logging_mixin.py:190} INFO - [2025-03-06T23:40:51.242+0100] {dag.py:4180} INFO - Setting next_dagrun for example_subdag_operator.section-1 to None, run_after=None
[2025-03-06T23:40:51.243+0100] {logging_mixin.py:190} INFO - [2025-03-06T23:40:51.242+0100] {dag.py:4180} INFO - Setting next_dagrun for example_subdag_operator.section-2 to None, run_after=None
[2025-03-06T23:40:51.247+0100] {logging_mixin.py:190} INFO - [2025-03-06T23:40:51.247+0100] {dag.py:3239} INFO - Sync 2 DAGs
[2025-03-06T23:40:51.250+0100] {logging_mixin.py:190} INFO - [2025-03-06T23:40:51.250+0100] {dag.py:4180} INFO - Setting next_dagrun for example_subdag_operator.section-1 to None, run_after=None
[2025-03-06T23:40:51.250+0100] {logging_mixin.py:190} INFO - [2025-03-06T23:40:51.250+0100] {dag.py:4180} INFO - Setting next_dagrun for example_subdag_operator.section-2 to None, run_after=None
[2025-03-06T23:40:51.265+0100] {processor.py:208} INFO - Processing /home/erij/Erij_Mazouz_4DS8_churn_ml_project/venv/lib/python3.8/site-packages/airflow/example_dags/example_subdag_operator.py took 0.087 seconds
[2025-03-06T23:41:48.198+0100] {processor.py:186} INFO - Started process (PID=56657) to work on /home/erij/Erij_Mazouz_4DS8_churn_ml_project/venv/lib/python3.8/site-packages/airflow/example_dags/example_subdag_operator.py
[2025-03-06T23:41:48.200+0100] {processor.py:914} INFO - Processing file /home/erij/Erij_Mazouz_4DS8_churn_ml_project/venv/lib/python3.8/site-packages/airflow/example_dags/example_subdag_operator.py for tasks to queue
[2025-03-06T23:41:48.201+0100] {logging_mixin.py:190} INFO - [2025-03-06T23:41:48.201+0100] {dagbag.py:588} INFO - Filling up the DagBag from /home/erij/Erij_Mazouz_4DS8_churn_ml_project/venv/lib/python3.8/site-packages/airflow/example_dags/example_subdag_operator.py
[2025-03-06T23:41:48.218+0100] {processor.py:925} INFO - DAG(s) 'example_subdag_operator.section-1', 'example_subdag_operator.section-2', 'example_subdag_operator' retrieved from /home/erij/Erij_Mazouz_4DS8_churn_ml_project/venv/lib/python3.8/site-packages/airflow/example_dags/example_subdag_operator.py
[2025-03-06T23:41:48.228+0100] {logging_mixin.py:190} INFO - [2025-03-06T23:41:48.228+0100] {dag.py:3239} INFO - Sync 3 DAGs
[2025-03-06T23:41:48.243+0100] {logging_mixin.py:190} INFO - [2025-03-06T23:41:48.242+0100] {dag.py:4180} INFO - Setting next_dagrun for example_subdag_operator to 2022-01-01 00:00:00+00:00, run_after=2022-01-01 00:00:00+00:00
[2025-03-06T23:41:48.245+0100] {logging_mixin.py:190} INFO - [2025-03-06T23:41:48.245+0100] {dag.py:4180} INFO - Setting next_dagrun for example_subdag_operator.section-1 to None, run_after=None
[2025-03-06T23:41:48.245+0100] {logging_mixin.py:190} INFO - [2025-03-06T23:41:48.245+0100] {dag.py:4180} INFO - Setting next_dagrun for example_subdag_operator.section-2 to None, run_after=None
[2025-03-06T23:41:48.249+0100] {logging_mixin.py:190} INFO - [2025-03-06T23:41:48.249+0100] {dag.py:3239} INFO - Sync 2 DAGs
[2025-03-06T23:41:48.252+0100] {logging_mixin.py:190} INFO - [2025-03-06T23:41:48.252+0100] {dag.py:4180} INFO - Setting next_dagrun for example_subdag_operator.section-1 to None, run_after=None
[2025-03-06T23:41:48.252+0100] {logging_mixin.py:190} INFO - [2025-03-06T23:41:48.252+0100] {dag.py:4180} INFO - Setting next_dagrun for example_subdag_operator.section-2 to None, run_after=None
[2025-03-06T23:41:48.265+0100] {processor.py:208} INFO - Processing /home/erij/Erij_Mazouz_4DS8_churn_ml_project/venv/lib/python3.8/site-packages/airflow/example_dags/example_subdag_operator.py took 0.072 seconds
[2025-03-06T23:42:42.375+0100] {processor.py:186} INFO - Started process (PID=56775) to work on /home/erij/Erij_Mazouz_4DS8_churn_ml_project/venv/lib/python3.8/site-packages/airflow/example_dags/example_subdag_operator.py
[2025-03-06T23:42:42.377+0100] {processor.py:914} INFO - Processing file /home/erij/Erij_Mazouz_4DS8_churn_ml_project/venv/lib/python3.8/site-packages/airflow/example_dags/example_subdag_operator.py for tasks to queue
[2025-03-06T23:42:42.379+0100] {logging_mixin.py:190} INFO - [2025-03-06T23:42:42.379+0100] {dagbag.py:588} INFO - Filling up the DagBag from /home/erij/Erij_Mazouz_4DS8_churn_ml_project/venv/lib/python3.8/site-packages/airflow/example_dags/example_subdag_operator.py
[2025-03-06T23:42:42.395+0100] {processor.py:925} INFO - DAG(s) 'example_subdag_operator.section-1', 'example_subdag_operator.section-2', 'example_subdag_operator' retrieved from /home/erij/Erij_Mazouz_4DS8_churn_ml_project/venv/lib/python3.8/site-packages/airflow/example_dags/example_subdag_operator.py
[2025-03-06T23:42:42.406+0100] {logging_mixin.py:190} INFO - [2025-03-06T23:42:42.406+0100] {dag.py:3239} INFO - Sync 3 DAGs
[2025-03-06T23:42:42.421+0100] {logging_mixin.py:190} INFO - [2025-03-06T23:42:42.421+0100] {dag.py:4180} INFO - Setting next_dagrun for example_subdag_operator to 2022-01-01 00:00:00+00:00, run_after=2022-01-01 00:00:00+00:00
[2025-03-06T23:42:42.423+0100] {logging_mixin.py:190} INFO - [2025-03-06T23:42:42.423+0100] {dag.py:4180} INFO - Setting next_dagrun for example_subdag_operator.section-1 to None, run_after=None
[2025-03-06T23:42:42.424+0100] {logging_mixin.py:190} INFO - [2025-03-06T23:42:42.423+0100] {dag.py:4180} INFO - Setting next_dagrun for example_subdag_operator.section-2 to None, run_after=None
[2025-03-06T23:42:42.428+0100] {logging_mixin.py:190} INFO - [2025-03-06T23:42:42.428+0100] {dag.py:3239} INFO - Sync 2 DAGs
[2025-03-06T23:42:42.430+0100] {logging_mixin.py:190} INFO - [2025-03-06T23:42:42.430+0100] {dag.py:4180} INFO - Setting next_dagrun for example_subdag_operator.section-1 to None, run_after=None
[2025-03-06T23:42:42.430+0100] {logging_mixin.py:190} INFO - [2025-03-06T23:42:42.430+0100] {dag.py:4180} INFO - Setting next_dagrun for example_subdag_operator.section-2 to None, run_after=None
[2025-03-06T23:42:42.443+0100] {processor.py:208} INFO - Processing /home/erij/Erij_Mazouz_4DS8_churn_ml_project/venv/lib/python3.8/site-packages/airflow/example_dags/example_subdag_operator.py took 0.074 seconds
[2025-03-06T23:43:35.629+0100] {processor.py:186} INFO - Started process (PID=56902) to work on /home/erij/Erij_Mazouz_4DS8_churn_ml_project/venv/lib/python3.8/site-packages/airflow/example_dags/example_subdag_operator.py
[2025-03-06T23:43:35.631+0100] {processor.py:914} INFO - Processing file /home/erij/Erij_Mazouz_4DS8_churn_ml_project/venv/lib/python3.8/site-packages/airflow/example_dags/example_subdag_operator.py for tasks to queue
[2025-03-06T23:43:35.633+0100] {logging_mixin.py:190} INFO - [2025-03-06T23:43:35.633+0100] {dagbag.py:588} INFO - Filling up the DagBag from /home/erij/Erij_Mazouz_4DS8_churn_ml_project/venv/lib/python3.8/site-packages/airflow/example_dags/example_subdag_operator.py
[2025-03-06T23:43:35.651+0100] {processor.py:925} INFO - DAG(s) 'example_subdag_operator.section-1', 'example_subdag_operator.section-2', 'example_subdag_operator' retrieved from /home/erij/Erij_Mazouz_4DS8_churn_ml_project/venv/lib/python3.8/site-packages/airflow/example_dags/example_subdag_operator.py
[2025-03-06T23:43:35.663+0100] {logging_mixin.py:190} INFO - [2025-03-06T23:43:35.663+0100] {dag.py:3239} INFO - Sync 3 DAGs
[2025-03-06T23:43:35.680+0100] {logging_mixin.py:190} INFO - [2025-03-06T23:43:35.680+0100] {dag.py:4180} INFO - Setting next_dagrun for example_subdag_operator to 2022-01-01 00:00:00+00:00, run_after=2022-01-01 00:00:00+00:00
[2025-03-06T23:43:35.684+0100] {logging_mixin.py:190} INFO - [2025-03-06T23:43:35.683+0100] {dag.py:4180} INFO - Setting next_dagrun for example_subdag_operator.section-1 to None, run_after=None
[2025-03-06T23:43:35.684+0100] {logging_mixin.py:190} INFO - [2025-03-06T23:43:35.684+0100] {dag.py:4180} INFO - Setting next_dagrun for example_subdag_operator.section-2 to None, run_after=None
[2025-03-06T23:43:35.689+0100] {logging_mixin.py:190} INFO - [2025-03-06T23:43:35.689+0100] {dag.py:3239} INFO - Sync 2 DAGs
[2025-03-06T23:43:35.692+0100] {logging_mixin.py:190} INFO - [2025-03-06T23:43:35.692+0100] {dag.py:4180} INFO - Setting next_dagrun for example_subdag_operator.section-1 to None, run_after=None
[2025-03-06T23:43:35.692+0100] {logging_mixin.py:190} INFO - [2025-03-06T23:43:35.692+0100] {dag.py:4180} INFO - Setting next_dagrun for example_subdag_operator.section-2 to None, run_after=None
[2025-03-06T23:43:35.705+0100] {processor.py:208} INFO - Processing /home/erij/Erij_Mazouz_4DS8_churn_ml_project/venv/lib/python3.8/site-packages/airflow/example_dags/example_subdag_operator.py took 0.081 seconds
[2025-03-06T23:44:27.086+0100] {processor.py:186} INFO - Started process (PID=57050) to work on /home/erij/Erij_Mazouz_4DS8_churn_ml_project/venv/lib/python3.8/site-packages/airflow/example_dags/example_subdag_operator.py
[2025-03-06T23:44:27.088+0100] {processor.py:914} INFO - Processing file /home/erij/Erij_Mazouz_4DS8_churn_ml_project/venv/lib/python3.8/site-packages/airflow/example_dags/example_subdag_operator.py for tasks to queue
[2025-03-06T23:44:27.091+0100] {logging_mixin.py:190} INFO - [2025-03-06T23:44:27.090+0100] {dagbag.py:588} INFO - Filling up the DagBag from /home/erij/Erij_Mazouz_4DS8_churn_ml_project/venv/lib/python3.8/site-packages/airflow/example_dags/example_subdag_operator.py
[2025-03-06T23:44:27.114+0100] {processor.py:925} INFO - DAG(s) 'example_subdag_operator.section-1', 'example_subdag_operator.section-2', 'example_subdag_operator' retrieved from /home/erij/Erij_Mazouz_4DS8_churn_ml_project/venv/lib/python3.8/site-packages/airflow/example_dags/example_subdag_operator.py
[2025-03-06T23:44:27.129+0100] {logging_mixin.py:190} INFO - [2025-03-06T23:44:27.129+0100] {dag.py:3239} INFO - Sync 3 DAGs
[2025-03-06T23:44:27.149+0100] {logging_mixin.py:190} INFO - [2025-03-06T23:44:27.148+0100] {dag.py:4180} INFO - Setting next_dagrun for example_subdag_operator to 2022-01-01 00:00:00+00:00, run_after=2022-01-01 00:00:00+00:00
[2025-03-06T23:44:27.152+0100] {logging_mixin.py:190} INFO - [2025-03-06T23:44:27.152+0100] {dag.py:4180} INFO - Setting next_dagrun for example_subdag_operator.section-1 to None, run_after=None
[2025-03-06T23:44:27.153+0100] {logging_mixin.py:190} INFO - [2025-03-06T23:44:27.153+0100] {dag.py:4180} INFO - Setting next_dagrun for example_subdag_operator.section-2 to None, run_after=None
[2025-03-06T23:44:27.159+0100] {logging_mixin.py:190} INFO - [2025-03-06T23:44:27.159+0100] {dag.py:3239} INFO - Sync 2 DAGs
[2025-03-06T23:44:27.162+0100] {logging_mixin.py:190} INFO - [2025-03-06T23:44:27.162+0100] {dag.py:4180} INFO - Setting next_dagrun for example_subdag_operator.section-1 to None, run_after=None
[2025-03-06T23:44:27.163+0100] {logging_mixin.py:190} INFO - [2025-03-06T23:44:27.162+0100] {dag.py:4180} INFO - Setting next_dagrun for example_subdag_operator.section-2 to None, run_after=None
[2025-03-06T23:44:27.174+0100] {processor.py:208} INFO - Processing /home/erij/Erij_Mazouz_4DS8_churn_ml_project/venv/lib/python3.8/site-packages/airflow/example_dags/example_subdag_operator.py took 0.098 seconds
[2025-03-06T23:45:22.558+0100] {processor.py:186} INFO - Started process (PID=57169) to work on /home/erij/Erij_Mazouz_4DS8_churn_ml_project/venv/lib/python3.8/site-packages/airflow/example_dags/example_subdag_operator.py
[2025-03-06T23:45:22.566+0100] {processor.py:914} INFO - Processing file /home/erij/Erij_Mazouz_4DS8_churn_ml_project/venv/lib/python3.8/site-packages/airflow/example_dags/example_subdag_operator.py for tasks to queue
[2025-03-06T23:45:22.567+0100] {logging_mixin.py:190} INFO - [2025-03-06T23:45:22.567+0100] {dagbag.py:588} INFO - Filling up the DagBag from /home/erij/Erij_Mazouz_4DS8_churn_ml_project/venv/lib/python3.8/site-packages/airflow/example_dags/example_subdag_operator.py
[2025-03-06T23:45:22.584+0100] {processor.py:925} INFO - DAG(s) 'example_subdag_operator.section-1', 'example_subdag_operator.section-2', 'example_subdag_operator' retrieved from /home/erij/Erij_Mazouz_4DS8_churn_ml_project/venv/lib/python3.8/site-packages/airflow/example_dags/example_subdag_operator.py
[2025-03-06T23:45:22.595+0100] {logging_mixin.py:190} INFO - [2025-03-06T23:45:22.595+0100] {dag.py:3239} INFO - Sync 3 DAGs
[2025-03-06T23:45:22.612+0100] {logging_mixin.py:190} INFO - [2025-03-06T23:45:22.612+0100] {dag.py:4180} INFO - Setting next_dagrun for example_subdag_operator to 2022-01-01 00:00:00+00:00, run_after=2022-01-01 00:00:00+00:00
[2025-03-06T23:45:22.615+0100] {logging_mixin.py:190} INFO - [2025-03-06T23:45:22.615+0100] {dag.py:4180} INFO - Setting next_dagrun for example_subdag_operator.section-1 to None, run_after=None
[2025-03-06T23:45:22.616+0100] {logging_mixin.py:190} INFO - [2025-03-06T23:45:22.616+0100] {dag.py:4180} INFO - Setting next_dagrun for example_subdag_operator.section-2 to None, run_after=None
[2025-03-06T23:45:22.622+0100] {logging_mixin.py:190} INFO - [2025-03-06T23:45:22.622+0100] {dag.py:3239} INFO - Sync 2 DAGs
[2025-03-06T23:45:22.626+0100] {logging_mixin.py:190} INFO - [2025-03-06T23:45:22.626+0100] {dag.py:4180} INFO - Setting next_dagrun for example_subdag_operator.section-1 to None, run_after=None
[2025-03-06T23:45:22.626+0100] {logging_mixin.py:190} INFO - [2025-03-06T23:45:22.626+0100] {dag.py:4180} INFO - Setting next_dagrun for example_subdag_operator.section-2 to None, run_after=None
[2025-03-06T23:45:22.646+0100] {processor.py:208} INFO - Processing /home/erij/Erij_Mazouz_4DS8_churn_ml_project/venv/lib/python3.8/site-packages/airflow/example_dags/example_subdag_operator.py took 0.093 seconds
[2025-03-06T23:46:22.029+0100] {processor.py:186} INFO - Started process (PID=57289) to work on /home/erij/Erij_Mazouz_4DS8_churn_ml_project/venv/lib/python3.8/site-packages/airflow/example_dags/example_subdag_operator.py
[2025-03-06T23:46:22.032+0100] {processor.py:914} INFO - Processing file /home/erij/Erij_Mazouz_4DS8_churn_ml_project/venv/lib/python3.8/site-packages/airflow/example_dags/example_subdag_operator.py for tasks to queue
[2025-03-06T23:46:22.034+0100] {logging_mixin.py:190} INFO - [2025-03-06T23:46:22.033+0100] {dagbag.py:588} INFO - Filling up the DagBag from /home/erij/Erij_Mazouz_4DS8_churn_ml_project/venv/lib/python3.8/site-packages/airflow/example_dags/example_subdag_operator.py
[2025-03-06T23:46:22.052+0100] {processor.py:925} INFO - DAG(s) 'example_subdag_operator.section-1', 'example_subdag_operator.section-2', 'example_subdag_operator' retrieved from /home/erij/Erij_Mazouz_4DS8_churn_ml_project/venv/lib/python3.8/site-packages/airflow/example_dags/example_subdag_operator.py
[2025-03-06T23:46:22.064+0100] {logging_mixin.py:190} INFO - [2025-03-06T23:46:22.064+0100] {dag.py:3239} INFO - Sync 3 DAGs
[2025-03-06T23:46:22.082+0100] {logging_mixin.py:190} INFO - [2025-03-06T23:46:22.081+0100] {dag.py:4180} INFO - Setting next_dagrun for example_subdag_operator to 2022-01-01 00:00:00+00:00, run_after=2022-01-01 00:00:00+00:00
[2025-03-06T23:46:22.084+0100] {logging_mixin.py:190} INFO - [2025-03-06T23:46:22.084+0100] {dag.py:4180} INFO - Setting next_dagrun for example_subdag_operator.section-1 to None, run_after=None
[2025-03-06T23:46:22.085+0100] {logging_mixin.py:190} INFO - [2025-03-06T23:46:22.085+0100] {dag.py:4180} INFO - Setting next_dagrun for example_subdag_operator.section-2 to None, run_after=None
[2025-03-06T23:46:22.090+0100] {logging_mixin.py:190} INFO - [2025-03-06T23:46:22.090+0100] {dag.py:3239} INFO - Sync 2 DAGs
[2025-03-06T23:46:22.093+0100] {logging_mixin.py:190} INFO - [2025-03-06T23:46:22.093+0100] {dag.py:4180} INFO - Setting next_dagrun for example_subdag_operator.section-1 to None, run_after=None
[2025-03-06T23:46:22.093+0100] {logging_mixin.py:190} INFO - [2025-03-06T23:46:22.093+0100] {dag.py:4180} INFO - Setting next_dagrun for example_subdag_operator.section-2 to None, run_after=None
[2025-03-06T23:46:22.106+0100] {processor.py:208} INFO - Processing /home/erij/Erij_Mazouz_4DS8_churn_ml_project/venv/lib/python3.8/site-packages/airflow/example_dags/example_subdag_operator.py took 0.082 seconds
[2025-03-06T23:47:16.975+0100] {processor.py:186} INFO - Started process (PID=57405) to work on /home/erij/Erij_Mazouz_4DS8_churn_ml_project/venv/lib/python3.8/site-packages/airflow/example_dags/example_subdag_operator.py
[2025-03-06T23:47:16.977+0100] {processor.py:914} INFO - Processing file /home/erij/Erij_Mazouz_4DS8_churn_ml_project/venv/lib/python3.8/site-packages/airflow/example_dags/example_subdag_operator.py for tasks to queue
[2025-03-06T23:47:16.979+0100] {logging_mixin.py:190} INFO - [2025-03-06T23:47:16.978+0100] {dagbag.py:588} INFO - Filling up the DagBag from /home/erij/Erij_Mazouz_4DS8_churn_ml_project/venv/lib/python3.8/site-packages/airflow/example_dags/example_subdag_operator.py
[2025-03-06T23:47:16.995+0100] {processor.py:925} INFO - DAG(s) 'example_subdag_operator.section-1', 'example_subdag_operator.section-2', 'example_subdag_operator' retrieved from /home/erij/Erij_Mazouz_4DS8_churn_ml_project/venv/lib/python3.8/site-packages/airflow/example_dags/example_subdag_operator.py
[2025-03-06T23:47:17.006+0100] {logging_mixin.py:190} INFO - [2025-03-06T23:47:17.006+0100] {dag.py:3239} INFO - Sync 3 DAGs
[2025-03-06T23:47:17.022+0100] {logging_mixin.py:190} INFO - [2025-03-06T23:47:17.021+0100] {dag.py:4180} INFO - Setting next_dagrun for example_subdag_operator to 2022-01-01 00:00:00+00:00, run_after=2022-01-01 00:00:00+00:00
[2025-03-06T23:47:17.024+0100] {logging_mixin.py:190} INFO - [2025-03-06T23:47:17.024+0100] {dag.py:4180} INFO - Setting next_dagrun for example_subdag_operator.section-1 to None, run_after=None
[2025-03-06T23:47:17.024+0100] {logging_mixin.py:190} INFO - [2025-03-06T23:47:17.024+0100] {dag.py:4180} INFO - Setting next_dagrun for example_subdag_operator.section-2 to None, run_after=None
[2025-03-06T23:47:17.028+0100] {logging_mixin.py:190} INFO - [2025-03-06T23:47:17.028+0100] {dag.py:3239} INFO - Sync 2 DAGs
[2025-03-06T23:47:17.031+0100] {logging_mixin.py:190} INFO - [2025-03-06T23:47:17.031+0100] {dag.py:4180} INFO - Setting next_dagrun for example_subdag_operator.section-1 to None, run_after=None
[2025-03-06T23:47:17.031+0100] {logging_mixin.py:190} INFO - [2025-03-06T23:47:17.031+0100] {dag.py:4180} INFO - Setting next_dagrun for example_subdag_operator.section-2 to None, run_after=None
[2025-03-06T23:47:17.044+0100] {processor.py:208} INFO - Processing /home/erij/Erij_Mazouz_4DS8_churn_ml_project/venv/lib/python3.8/site-packages/airflow/example_dags/example_subdag_operator.py took 0.074 seconds
[2025-03-06T23:48:15.335+0100] {processor.py:186} INFO - Started process (PID=57525) to work on /home/erij/Erij_Mazouz_4DS8_churn_ml_project/venv/lib/python3.8/site-packages/airflow/example_dags/example_subdag_operator.py
[2025-03-06T23:48:15.337+0100] {processor.py:914} INFO - Processing file /home/erij/Erij_Mazouz_4DS8_churn_ml_project/venv/lib/python3.8/site-packages/airflow/example_dags/example_subdag_operator.py for tasks to queue
[2025-03-06T23:48:15.338+0100] {logging_mixin.py:190} INFO - [2025-03-06T23:48:15.338+0100] {dagbag.py:588} INFO - Filling up the DagBag from /home/erij/Erij_Mazouz_4DS8_churn_ml_project/venv/lib/python3.8/site-packages/airflow/example_dags/example_subdag_operator.py
[2025-03-06T23:48:15.356+0100] {processor.py:925} INFO - DAG(s) 'example_subdag_operator.section-1', 'example_subdag_operator.section-2', 'example_subdag_operator' retrieved from /home/erij/Erij_Mazouz_4DS8_churn_ml_project/venv/lib/python3.8/site-packages/airflow/example_dags/example_subdag_operator.py
[2025-03-06T23:48:15.367+0100] {logging_mixin.py:190} INFO - [2025-03-06T23:48:15.367+0100] {dag.py:3239} INFO - Sync 3 DAGs
[2025-03-06T23:48:15.384+0100] {logging_mixin.py:190} INFO - [2025-03-06T23:48:15.384+0100] {dag.py:4180} INFO - Setting next_dagrun for example_subdag_operator to 2022-01-01 00:00:00+00:00, run_after=2022-01-01 00:00:00+00:00
[2025-03-06T23:48:15.387+0100] {logging_mixin.py:190} INFO - [2025-03-06T23:48:15.387+0100] {dag.py:4180} INFO - Setting next_dagrun for example_subdag_operator.section-1 to None, run_after=None
[2025-03-06T23:48:15.387+0100] {logging_mixin.py:190} INFO - [2025-03-06T23:48:15.387+0100] {dag.py:4180} INFO - Setting next_dagrun for example_subdag_operator.section-2 to None, run_after=None
[2025-03-06T23:48:15.392+0100] {logging_mixin.py:190} INFO - [2025-03-06T23:48:15.392+0100] {dag.py:3239} INFO - Sync 2 DAGs
[2025-03-06T23:48:15.396+0100] {logging_mixin.py:190} INFO - [2025-03-06T23:48:15.395+0100] {dag.py:4180} INFO - Setting next_dagrun for example_subdag_operator.section-1 to None, run_after=None
[2025-03-06T23:48:15.396+0100] {logging_mixin.py:190} INFO - [2025-03-06T23:48:15.396+0100] {dag.py:4180} INFO - Setting next_dagrun for example_subdag_operator.section-2 to None, run_after=None
[2025-03-06T23:48:15.410+0100] {processor.py:208} INFO - Processing /home/erij/Erij_Mazouz_4DS8_churn_ml_project/venv/lib/python3.8/site-packages/airflow/example_dags/example_subdag_operator.py took 0.080 seconds
[2025-03-06T23:49:12.551+0100] {processor.py:186} INFO - Started process (PID=57635) to work on /home/erij/Erij_Mazouz_4DS8_churn_ml_project/venv/lib/python3.8/site-packages/airflow/example_dags/example_subdag_operator.py
[2025-03-06T23:49:12.554+0100] {processor.py:914} INFO - Processing file /home/erij/Erij_Mazouz_4DS8_churn_ml_project/venv/lib/python3.8/site-packages/airflow/example_dags/example_subdag_operator.py for tasks to queue
[2025-03-06T23:49:12.555+0100] {logging_mixin.py:190} INFO - [2025-03-06T23:49:12.555+0100] {dagbag.py:588} INFO - Filling up the DagBag from /home/erij/Erij_Mazouz_4DS8_churn_ml_project/venv/lib/python3.8/site-packages/airflow/example_dags/example_subdag_operator.py
[2025-03-06T23:49:12.571+0100] {processor.py:925} INFO - DAG(s) 'example_subdag_operator.section-1', 'example_subdag_operator.section-2', 'example_subdag_operator' retrieved from /home/erij/Erij_Mazouz_4DS8_churn_ml_project/venv/lib/python3.8/site-packages/airflow/example_dags/example_subdag_operator.py
[2025-03-06T23:49:12.581+0100] {logging_mixin.py:190} INFO - [2025-03-06T23:49:12.581+0100] {dag.py:3239} INFO - Sync 3 DAGs
[2025-03-06T23:49:12.596+0100] {logging_mixin.py:190} INFO - [2025-03-06T23:49:12.596+0100] {dag.py:4180} INFO - Setting next_dagrun for example_subdag_operator to 2022-01-01 00:00:00+00:00, run_after=2022-01-01 00:00:00+00:00
[2025-03-06T23:49:12.599+0100] {logging_mixin.py:190} INFO - [2025-03-06T23:49:12.598+0100] {dag.py:4180} INFO - Setting next_dagrun for example_subdag_operator.section-1 to None, run_after=None
[2025-03-06T23:49:12.599+0100] {logging_mixin.py:190} INFO - [2025-03-06T23:49:12.599+0100] {dag.py:4180} INFO - Setting next_dagrun for example_subdag_operator.section-2 to None, run_after=None
[2025-03-06T23:49:12.603+0100] {logging_mixin.py:190} INFO - [2025-03-06T23:49:12.603+0100] {dag.py:3239} INFO - Sync 2 DAGs
[2025-03-06T23:49:12.606+0100] {logging_mixin.py:190} INFO - [2025-03-06T23:49:12.606+0100] {dag.py:4180} INFO - Setting next_dagrun for example_subdag_operator.section-1 to None, run_after=None
[2025-03-06T23:49:12.606+0100] {logging_mixin.py:190} INFO - [2025-03-06T23:49:12.606+0100] {dag.py:4180} INFO - Setting next_dagrun for example_subdag_operator.section-2 to None, run_after=None
[2025-03-06T23:49:12.620+0100] {processor.py:208} INFO - Processing /home/erij/Erij_Mazouz_4DS8_churn_ml_project/venv/lib/python3.8/site-packages/airflow/example_dags/example_subdag_operator.py took 0.073 seconds
[2025-03-06T23:50:05.575+0100] {processor.py:186} INFO - Started process (PID=57749) to work on /home/erij/Erij_Mazouz_4DS8_churn_ml_project/venv/lib/python3.8/site-packages/airflow/example_dags/example_subdag_operator.py
[2025-03-06T23:50:05.576+0100] {processor.py:914} INFO - Processing file /home/erij/Erij_Mazouz_4DS8_churn_ml_project/venv/lib/python3.8/site-packages/airflow/example_dags/example_subdag_operator.py for tasks to queue
[2025-03-06T23:50:05.578+0100] {logging_mixin.py:190} INFO - [2025-03-06T23:50:05.578+0100] {dagbag.py:588} INFO - Filling up the DagBag from /home/erij/Erij_Mazouz_4DS8_churn_ml_project/venv/lib/python3.8/site-packages/airflow/example_dags/example_subdag_operator.py
[2025-03-06T23:50:05.597+0100] {processor.py:925} INFO - DAG(s) 'example_subdag_operator.section-1', 'example_subdag_operator.section-2', 'example_subdag_operator' retrieved from /home/erij/Erij_Mazouz_4DS8_churn_ml_project/venv/lib/python3.8/site-packages/airflow/example_dags/example_subdag_operator.py
[2025-03-06T23:50:05.609+0100] {logging_mixin.py:190} INFO - [2025-03-06T23:50:05.609+0100] {dag.py:3239} INFO - Sync 3 DAGs
[2025-03-06T23:50:05.626+0100] {logging_mixin.py:190} INFO - [2025-03-06T23:50:05.626+0100] {dag.py:4180} INFO - Setting next_dagrun for example_subdag_operator to 2022-01-01 00:00:00+00:00, run_after=2022-01-01 00:00:00+00:00
[2025-03-06T23:50:05.628+0100] {logging_mixin.py:190} INFO - [2025-03-06T23:50:05.628+0100] {dag.py:4180} INFO - Setting next_dagrun for example_subdag_operator.section-1 to None, run_after=None
[2025-03-06T23:50:05.629+0100] {logging_mixin.py:190} INFO - [2025-03-06T23:50:05.629+0100] {dag.py:4180} INFO - Setting next_dagrun for example_subdag_operator.section-2 to None, run_after=None
[2025-03-06T23:50:05.634+0100] {logging_mixin.py:190} INFO - [2025-03-06T23:50:05.634+0100] {dag.py:3239} INFO - Sync 2 DAGs
[2025-03-06T23:50:05.637+0100] {logging_mixin.py:190} INFO - [2025-03-06T23:50:05.637+0100] {dag.py:4180} INFO - Setting next_dagrun for example_subdag_operator.section-1 to None, run_after=None
[2025-03-06T23:50:05.637+0100] {logging_mixin.py:190} INFO - [2025-03-06T23:50:05.637+0100] {dag.py:4180} INFO - Setting next_dagrun for example_subdag_operator.section-2 to None, run_after=None
[2025-03-06T23:50:05.648+0100] {processor.py:208} INFO - Processing /home/erij/Erij_Mazouz_4DS8_churn_ml_project/venv/lib/python3.8/site-packages/airflow/example_dags/example_subdag_operator.py took 0.079 seconds
[2025-03-06T23:51:02.030+0100] {processor.py:186} INFO - Started process (PID=57856) to work on /home/erij/Erij_Mazouz_4DS8_churn_ml_project/venv/lib/python3.8/site-packages/airflow/example_dags/example_subdag_operator.py
[2025-03-06T23:51:02.031+0100] {processor.py:914} INFO - Processing file /home/erij/Erij_Mazouz_4DS8_churn_ml_project/venv/lib/python3.8/site-packages/airflow/example_dags/example_subdag_operator.py for tasks to queue
[2025-03-06T23:51:02.033+0100] {logging_mixin.py:190} INFO - [2025-03-06T23:51:02.033+0100] {dagbag.py:588} INFO - Filling up the DagBag from /home/erij/Erij_Mazouz_4DS8_churn_ml_project/venv/lib/python3.8/site-packages/airflow/example_dags/example_subdag_operator.py
[2025-03-06T23:51:02.049+0100] {processor.py:925} INFO - DAG(s) 'example_subdag_operator.section-1', 'example_subdag_operator.section-2', 'example_subdag_operator' retrieved from /home/erij/Erij_Mazouz_4DS8_churn_ml_project/venv/lib/python3.8/site-packages/airflow/example_dags/example_subdag_operator.py
[2025-03-06T23:51:02.060+0100] {logging_mixin.py:190} INFO - [2025-03-06T23:51:02.060+0100] {dag.py:3239} INFO - Sync 3 DAGs
[2025-03-06T23:51:02.074+0100] {logging_mixin.py:190} INFO - [2025-03-06T23:51:02.074+0100] {dag.py:4180} INFO - Setting next_dagrun for example_subdag_operator to 2022-01-01 00:00:00+00:00, run_after=2022-01-01 00:00:00+00:00
[2025-03-06T23:51:02.076+0100] {logging_mixin.py:190} INFO - [2025-03-06T23:51:02.076+0100] {dag.py:4180} INFO - Setting next_dagrun for example_subdag_operator.section-1 to None, run_after=None
[2025-03-06T23:51:02.077+0100] {logging_mixin.py:190} INFO - [2025-03-06T23:51:02.077+0100] {dag.py:4180} INFO - Setting next_dagrun for example_subdag_operator.section-2 to None, run_after=None
[2025-03-06T23:51:02.081+0100] {logging_mixin.py:190} INFO - [2025-03-06T23:51:02.081+0100] {dag.py:3239} INFO - Sync 2 DAGs
[2025-03-06T23:51:02.083+0100] {logging_mixin.py:190} INFO - [2025-03-06T23:51:02.083+0100] {dag.py:4180} INFO - Setting next_dagrun for example_subdag_operator.section-1 to None, run_after=None
[2025-03-06T23:51:02.084+0100] {logging_mixin.py:190} INFO - [2025-03-06T23:51:02.084+0100] {dag.py:4180} INFO - Setting next_dagrun for example_subdag_operator.section-2 to None, run_after=None
[2025-03-06T23:51:02.095+0100] {processor.py:208} INFO - Processing /home/erij/Erij_Mazouz_4DS8_churn_ml_project/venv/lib/python3.8/site-packages/airflow/example_dags/example_subdag_operator.py took 0.069 seconds
[2025-03-06T23:51:56.901+0100] {processor.py:186} INFO - Started process (PID=57972) to work on /home/erij/Erij_Mazouz_4DS8_churn_ml_project/venv/lib/python3.8/site-packages/airflow/example_dags/example_subdag_operator.py
[2025-03-06T23:51:56.904+0100] {processor.py:914} INFO - Processing file /home/erij/Erij_Mazouz_4DS8_churn_ml_project/venv/lib/python3.8/site-packages/airflow/example_dags/example_subdag_operator.py for tasks to queue
[2025-03-06T23:51:56.906+0100] {logging_mixin.py:190} INFO - [2025-03-06T23:51:56.905+0100] {dagbag.py:588} INFO - Filling up the DagBag from /home/erij/Erij_Mazouz_4DS8_churn_ml_project/venv/lib/python3.8/site-packages/airflow/example_dags/example_subdag_operator.py
[2025-03-06T23:51:56.922+0100] {processor.py:925} INFO - DAG(s) 'example_subdag_operator.section-1', 'example_subdag_operator.section-2', 'example_subdag_operator' retrieved from /home/erij/Erij_Mazouz_4DS8_churn_ml_project/venv/lib/python3.8/site-packages/airflow/example_dags/example_subdag_operator.py
[2025-03-06T23:51:56.934+0100] {logging_mixin.py:190} INFO - [2025-03-06T23:51:56.934+0100] {dag.py:3239} INFO - Sync 3 DAGs
[2025-03-06T23:51:56.950+0100] {logging_mixin.py:190} INFO - [2025-03-06T23:51:56.950+0100] {dag.py:4180} INFO - Setting next_dagrun for example_subdag_operator to 2022-01-01 00:00:00+00:00, run_after=2022-01-01 00:00:00+00:00
[2025-03-06T23:51:56.952+0100] {logging_mixin.py:190} INFO - [2025-03-06T23:51:56.952+0100] {dag.py:4180} INFO - Setting next_dagrun for example_subdag_operator.section-1 to None, run_after=None
[2025-03-06T23:51:56.953+0100] {logging_mixin.py:190} INFO - [2025-03-06T23:51:56.952+0100] {dag.py:4180} INFO - Setting next_dagrun for example_subdag_operator.section-2 to None, run_after=None
[2025-03-06T23:51:56.957+0100] {logging_mixin.py:190} INFO - [2025-03-06T23:51:56.957+0100] {dag.py:3239} INFO - Sync 2 DAGs
[2025-03-06T23:51:56.959+0100] {logging_mixin.py:190} INFO - [2025-03-06T23:51:56.959+0100] {dag.py:4180} INFO - Setting next_dagrun for example_subdag_operator.section-1 to None, run_after=None
[2025-03-06T23:51:56.960+0100] {logging_mixin.py:190} INFO - [2025-03-06T23:51:56.960+0100] {dag.py:4180} INFO - Setting next_dagrun for example_subdag_operator.section-2 to None, run_after=None
[2025-03-06T23:51:56.972+0100] {processor.py:208} INFO - Processing /home/erij/Erij_Mazouz_4DS8_churn_ml_project/venv/lib/python3.8/site-packages/airflow/example_dags/example_subdag_operator.py took 0.076 seconds
[2025-03-06T23:52:53.355+0100] {processor.py:186} INFO - Started process (PID=58085) to work on /home/erij/Erij_Mazouz_4DS8_churn_ml_project/venv/lib/python3.8/site-packages/airflow/example_dags/example_subdag_operator.py
[2025-03-06T23:52:53.357+0100] {processor.py:914} INFO - Processing file /home/erij/Erij_Mazouz_4DS8_churn_ml_project/venv/lib/python3.8/site-packages/airflow/example_dags/example_subdag_operator.py for tasks to queue
[2025-03-06T23:52:53.359+0100] {logging_mixin.py:190} INFO - [2025-03-06T23:52:53.359+0100] {dagbag.py:588} INFO - Filling up the DagBag from /home/erij/Erij_Mazouz_4DS8_churn_ml_project/venv/lib/python3.8/site-packages/airflow/example_dags/example_subdag_operator.py
[2025-03-06T23:52:53.380+0100] {processor.py:925} INFO - DAG(s) 'example_subdag_operator.section-1', 'example_subdag_operator.section-2', 'example_subdag_operator' retrieved from /home/erij/Erij_Mazouz_4DS8_churn_ml_project/venv/lib/python3.8/site-packages/airflow/example_dags/example_subdag_operator.py
[2025-03-06T23:52:53.393+0100] {logging_mixin.py:190} INFO - [2025-03-06T23:52:53.393+0100] {dag.py:3239} INFO - Sync 3 DAGs
[2025-03-06T23:52:53.410+0100] {logging_mixin.py:190} INFO - [2025-03-06T23:52:53.410+0100] {dag.py:4180} INFO - Setting next_dagrun for example_subdag_operator to 2022-01-01 00:00:00+00:00, run_after=2022-01-01 00:00:00+00:00
[2025-03-06T23:52:53.413+0100] {logging_mixin.py:190} INFO - [2025-03-06T23:52:53.413+0100] {dag.py:4180} INFO - Setting next_dagrun for example_subdag_operator.section-1 to None, run_after=None
[2025-03-06T23:52:53.414+0100] {logging_mixin.py:190} INFO - [2025-03-06T23:52:53.413+0100] {dag.py:4180} INFO - Setting next_dagrun for example_subdag_operator.section-2 to None, run_after=None
[2025-03-06T23:52:53.418+0100] {logging_mixin.py:190} INFO - [2025-03-06T23:52:53.418+0100] {dag.py:3239} INFO - Sync 2 DAGs
[2025-03-06T23:52:53.421+0100] {logging_mixin.py:190} INFO - [2025-03-06T23:52:53.420+0100] {dag.py:4180} INFO - Setting next_dagrun for example_subdag_operator.section-1 to None, run_after=None
[2025-03-06T23:52:53.421+0100] {logging_mixin.py:190} INFO - [2025-03-06T23:52:53.421+0100] {dag.py:4180} INFO - Setting next_dagrun for example_subdag_operator.section-2 to None, run_after=None
[2025-03-06T23:52:53.434+0100] {processor.py:208} INFO - Processing /home/erij/Erij_Mazouz_4DS8_churn_ml_project/venv/lib/python3.8/site-packages/airflow/example_dags/example_subdag_operator.py took 0.085 seconds
[2025-03-06T23:53:49.978+0100] {processor.py:186} INFO - Started process (PID=58213) to work on /home/erij/Erij_Mazouz_4DS8_churn_ml_project/venv/lib/python3.8/site-packages/airflow/example_dags/example_subdag_operator.py
[2025-03-06T23:53:49.980+0100] {processor.py:914} INFO - Processing file /home/erij/Erij_Mazouz_4DS8_churn_ml_project/venv/lib/python3.8/site-packages/airflow/example_dags/example_subdag_operator.py for tasks to queue
[2025-03-06T23:53:49.982+0100] {logging_mixin.py:190} INFO - [2025-03-06T23:53:49.981+0100] {dagbag.py:588} INFO - Filling up the DagBag from /home/erij/Erij_Mazouz_4DS8_churn_ml_project/venv/lib/python3.8/site-packages/airflow/example_dags/example_subdag_operator.py
[2025-03-06T23:53:50.004+0100] {processor.py:925} INFO - DAG(s) 'example_subdag_operator.section-1', 'example_subdag_operator.section-2', 'example_subdag_operator' retrieved from /home/erij/Erij_Mazouz_4DS8_churn_ml_project/venv/lib/python3.8/site-packages/airflow/example_dags/example_subdag_operator.py
[2025-03-06T23:53:50.021+0100] {logging_mixin.py:190} INFO - [2025-03-06T23:53:50.020+0100] {dag.py:3239} INFO - Sync 3 DAGs
[2025-03-06T23:53:50.044+0100] {logging_mixin.py:190} INFO - [2025-03-06T23:53:50.044+0100] {dag.py:4180} INFO - Setting next_dagrun for example_subdag_operator to 2022-01-01 00:00:00+00:00, run_after=2022-01-01 00:00:00+00:00
[2025-03-06T23:53:50.047+0100] {logging_mixin.py:190} INFO - [2025-03-06T23:53:50.047+0100] {dag.py:4180} INFO - Setting next_dagrun for example_subdag_operator.section-1 to None, run_after=None
[2025-03-06T23:53:50.048+0100] {logging_mixin.py:190} INFO - [2025-03-06T23:53:50.048+0100] {dag.py:4180} INFO - Setting next_dagrun for example_subdag_operator.section-2 to None, run_after=None
[2025-03-06T23:53:50.054+0100] {logging_mixin.py:190} INFO - [2025-03-06T23:53:50.054+0100] {dag.py:3239} INFO - Sync 2 DAGs
[2025-03-06T23:53:50.059+0100] {logging_mixin.py:190} INFO - [2025-03-06T23:53:50.059+0100] {dag.py:4180} INFO - Setting next_dagrun for example_subdag_operator.section-1 to None, run_after=None
[2025-03-06T23:53:50.059+0100] {logging_mixin.py:190} INFO - [2025-03-06T23:53:50.059+0100] {dag.py:4180} INFO - Setting next_dagrun for example_subdag_operator.section-2 to None, run_after=None
[2025-03-06T23:53:50.073+0100] {processor.py:208} INFO - Processing /home/erij/Erij_Mazouz_4DS8_churn_ml_project/venv/lib/python3.8/site-packages/airflow/example_dags/example_subdag_operator.py took 0.100 seconds
[2025-03-06T23:54:47.859+0100] {processor.py:186} INFO - Started process (PID=58590) to work on /home/erij/Erij_Mazouz_4DS8_churn_ml_project/venv/lib/python3.8/site-packages/airflow/example_dags/example_subdag_operator.py
[2025-03-06T23:54:47.861+0100] {processor.py:914} INFO - Processing file /home/erij/Erij_Mazouz_4DS8_churn_ml_project/venv/lib/python3.8/site-packages/airflow/example_dags/example_subdag_operator.py for tasks to queue
[2025-03-06T23:54:47.863+0100] {logging_mixin.py:190} INFO - [2025-03-06T23:54:47.863+0100] {dagbag.py:588} INFO - Filling up the DagBag from /home/erij/Erij_Mazouz_4DS8_churn_ml_project/venv/lib/python3.8/site-packages/airflow/example_dags/example_subdag_operator.py
[2025-03-06T23:54:47.879+0100] {processor.py:925} INFO - DAG(s) 'example_subdag_operator.section-1', 'example_subdag_operator.section-2', 'example_subdag_operator' retrieved from /home/erij/Erij_Mazouz_4DS8_churn_ml_project/venv/lib/python3.8/site-packages/airflow/example_dags/example_subdag_operator.py
[2025-03-06T23:54:47.890+0100] {logging_mixin.py:190} INFO - [2025-03-06T23:54:47.890+0100] {dag.py:3239} INFO - Sync 3 DAGs
[2025-03-06T23:54:47.906+0100] {logging_mixin.py:190} INFO - [2025-03-06T23:54:47.905+0100] {dag.py:4180} INFO - Setting next_dagrun for example_subdag_operator to 2022-01-01 00:00:00+00:00, run_after=2022-01-01 00:00:00+00:00
[2025-03-06T23:54:47.908+0100] {logging_mixin.py:190} INFO - [2025-03-06T23:54:47.908+0100] {dag.py:4180} INFO - Setting next_dagrun for example_subdag_operator.section-1 to None, run_after=None
[2025-03-06T23:54:47.909+0100] {logging_mixin.py:190} INFO - [2025-03-06T23:54:47.908+0100] {dag.py:4180} INFO - Setting next_dagrun for example_subdag_operator.section-2 to None, run_after=None
[2025-03-06T23:54:47.913+0100] {logging_mixin.py:190} INFO - [2025-03-06T23:54:47.913+0100] {dag.py:3239} INFO - Sync 2 DAGs
[2025-03-06T23:54:47.916+0100] {logging_mixin.py:190} INFO - [2025-03-06T23:54:47.916+0100] {dag.py:4180} INFO - Setting next_dagrun for example_subdag_operator.section-1 to None, run_after=None
[2025-03-06T23:54:47.916+0100] {logging_mixin.py:190} INFO - [2025-03-06T23:54:47.916+0100] {dag.py:4180} INFO - Setting next_dagrun for example_subdag_operator.section-2 to None, run_after=None
[2025-03-06T23:54:47.930+0100] {processor.py:208} INFO - Processing /home/erij/Erij_Mazouz_4DS8_churn_ml_project/venv/lib/python3.8/site-packages/airflow/example_dags/example_subdag_operator.py took 0.075 seconds
[2025-03-06T23:55:45.645+0100] {processor.py:186} INFO - Started process (PID=59152) to work on /home/erij/Erij_Mazouz_4DS8_churn_ml_project/venv/lib/python3.8/site-packages/airflow/example_dags/example_subdag_operator.py
[2025-03-06T23:55:45.647+0100] {processor.py:914} INFO - Processing file /home/erij/Erij_Mazouz_4DS8_churn_ml_project/venv/lib/python3.8/site-packages/airflow/example_dags/example_subdag_operator.py for tasks to queue
[2025-03-06T23:55:45.648+0100] {logging_mixin.py:190} INFO - [2025-03-06T23:55:45.648+0100] {dagbag.py:588} INFO - Filling up the DagBag from /home/erij/Erij_Mazouz_4DS8_churn_ml_project/venv/lib/python3.8/site-packages/airflow/example_dags/example_subdag_operator.py
[2025-03-06T23:55:45.665+0100] {processor.py:925} INFO - DAG(s) 'example_subdag_operator.section-1', 'example_subdag_operator.section-2', 'example_subdag_operator' retrieved from /home/erij/Erij_Mazouz_4DS8_churn_ml_project/venv/lib/python3.8/site-packages/airflow/example_dags/example_subdag_operator.py
[2025-03-06T23:55:45.677+0100] {logging_mixin.py:190} INFO - [2025-03-06T23:55:45.677+0100] {dag.py:3239} INFO - Sync 3 DAGs
[2025-03-06T23:55:45.694+0100] {logging_mixin.py:190} INFO - [2025-03-06T23:55:45.694+0100] {dag.py:4180} INFO - Setting next_dagrun for example_subdag_operator to 2022-01-01 00:00:00+00:00, run_after=2022-01-01 00:00:00+00:00
[2025-03-06T23:55:45.697+0100] {logging_mixin.py:190} INFO - [2025-03-06T23:55:45.696+0100] {dag.py:4180} INFO - Setting next_dagrun for example_subdag_operator.section-1 to None, run_after=None
[2025-03-06T23:55:45.697+0100] {logging_mixin.py:190} INFO - [2025-03-06T23:55:45.697+0100] {dag.py:4180} INFO - Setting next_dagrun for example_subdag_operator.section-2 to None, run_after=None
[2025-03-06T23:55:45.701+0100] {logging_mixin.py:190} INFO - [2025-03-06T23:55:45.701+0100] {dag.py:3239} INFO - Sync 2 DAGs
[2025-03-06T23:55:45.703+0100] {logging_mixin.py:190} INFO - [2025-03-06T23:55:45.703+0100] {dag.py:4180} INFO - Setting next_dagrun for example_subdag_operator.section-1 to None, run_after=None
[2025-03-06T23:55:45.704+0100] {logging_mixin.py:190} INFO - [2025-03-06T23:55:45.704+0100] {dag.py:4180} INFO - Setting next_dagrun for example_subdag_operator.section-2 to None, run_after=None
[2025-03-06T23:55:45.717+0100] {processor.py:208} INFO - Processing /home/erij/Erij_Mazouz_4DS8_churn_ml_project/venv/lib/python3.8/site-packages/airflow/example_dags/example_subdag_operator.py took 0.076 seconds
[2025-03-06T23:56:42.708+0100] {processor.py:186} INFO - Started process (PID=59274) to work on /home/erij/Erij_Mazouz_4DS8_churn_ml_project/venv/lib/python3.8/site-packages/airflow/example_dags/example_subdag_operator.py
[2025-03-06T23:56:42.710+0100] {processor.py:914} INFO - Processing file /home/erij/Erij_Mazouz_4DS8_churn_ml_project/venv/lib/python3.8/site-packages/airflow/example_dags/example_subdag_operator.py for tasks to queue
[2025-03-06T23:56:42.712+0100] {logging_mixin.py:190} INFO - [2025-03-06T23:56:42.712+0100] {dagbag.py:588} INFO - Filling up the DagBag from /home/erij/Erij_Mazouz_4DS8_churn_ml_project/venv/lib/python3.8/site-packages/airflow/example_dags/example_subdag_operator.py
[2025-03-06T23:56:42.731+0100] {processor.py:925} INFO - DAG(s) 'example_subdag_operator.section-1', 'example_subdag_operator.section-2', 'example_subdag_operator' retrieved from /home/erij/Erij_Mazouz_4DS8_churn_ml_project/venv/lib/python3.8/site-packages/airflow/example_dags/example_subdag_operator.py
[2025-03-06T23:56:42.744+0100] {logging_mixin.py:190} INFO - [2025-03-06T23:56:42.743+0100] {dag.py:3239} INFO - Sync 3 DAGs
[2025-03-06T23:56:42.761+0100] {logging_mixin.py:190} INFO - [2025-03-06T23:56:42.760+0100] {dag.py:4180} INFO - Setting next_dagrun for example_subdag_operator to 2022-01-01 00:00:00+00:00, run_after=2022-01-01 00:00:00+00:00
[2025-03-06T23:56:42.764+0100] {logging_mixin.py:190} INFO - [2025-03-06T23:56:42.764+0100] {dag.py:4180} INFO - Setting next_dagrun for example_subdag_operator.section-1 to None, run_after=None
[2025-03-06T23:56:42.765+0100] {logging_mixin.py:190} INFO - [2025-03-06T23:56:42.764+0100] {dag.py:4180} INFO - Setting next_dagrun for example_subdag_operator.section-2 to None, run_after=None
[2025-03-06T23:56:42.769+0100] {logging_mixin.py:190} INFO - [2025-03-06T23:56:42.769+0100] {dag.py:3239} INFO - Sync 2 DAGs
[2025-03-06T23:56:42.772+0100] {logging_mixin.py:190} INFO - [2025-03-06T23:56:42.772+0100] {dag.py:4180} INFO - Setting next_dagrun for example_subdag_operator.section-1 to None, run_after=None
[2025-03-06T23:56:42.772+0100] {logging_mixin.py:190} INFO - [2025-03-06T23:56:42.772+0100] {dag.py:4180} INFO - Setting next_dagrun for example_subdag_operator.section-2 to None, run_after=None
[2025-03-06T23:56:42.785+0100] {processor.py:208} INFO - Processing /home/erij/Erij_Mazouz_4DS8_churn_ml_project/venv/lib/python3.8/site-packages/airflow/example_dags/example_subdag_operator.py took 0.083 seconds
[2025-03-06T23:57:35.906+0100] {processor.py:186} INFO - Started process (PID=59405) to work on /home/erij/Erij_Mazouz_4DS8_churn_ml_project/venv/lib/python3.8/site-packages/airflow/example_dags/example_subdag_operator.py
[2025-03-06T23:57:35.908+0100] {processor.py:914} INFO - Processing file /home/erij/Erij_Mazouz_4DS8_churn_ml_project/venv/lib/python3.8/site-packages/airflow/example_dags/example_subdag_operator.py for tasks to queue
[2025-03-06T23:57:35.910+0100] {logging_mixin.py:190} INFO - [2025-03-06T23:57:35.910+0100] {dagbag.py:588} INFO - Filling up the DagBag from /home/erij/Erij_Mazouz_4DS8_churn_ml_project/venv/lib/python3.8/site-packages/airflow/example_dags/example_subdag_operator.py
[2025-03-06T23:57:35.928+0100] {processor.py:925} INFO - DAG(s) 'example_subdag_operator.section-1', 'example_subdag_operator.section-2', 'example_subdag_operator' retrieved from /home/erij/Erij_Mazouz_4DS8_churn_ml_project/venv/lib/python3.8/site-packages/airflow/example_dags/example_subdag_operator.py
[2025-03-06T23:57:35.946+0100] {logging_mixin.py:190} INFO - [2025-03-06T23:57:35.945+0100] {dag.py:3239} INFO - Sync 3 DAGs
[2025-03-06T23:57:35.964+0100] {logging_mixin.py:190} INFO - [2025-03-06T23:57:35.964+0100] {dag.py:4180} INFO - Setting next_dagrun for example_subdag_operator to 2022-01-01 00:00:00+00:00, run_after=2022-01-01 00:00:00+00:00
[2025-03-06T23:57:35.967+0100] {logging_mixin.py:190} INFO - [2025-03-06T23:57:35.966+0100] {dag.py:4180} INFO - Setting next_dagrun for example_subdag_operator.section-1 to None, run_after=None
[2025-03-06T23:57:35.967+0100] {logging_mixin.py:190} INFO - [2025-03-06T23:57:35.967+0100] {dag.py:4180} INFO - Setting next_dagrun for example_subdag_operator.section-2 to None, run_after=None
[2025-03-06T23:57:35.972+0100] {logging_mixin.py:190} INFO - [2025-03-06T23:57:35.972+0100] {dag.py:3239} INFO - Sync 2 DAGs
[2025-03-06T23:57:35.975+0100] {logging_mixin.py:190} INFO - [2025-03-06T23:57:35.975+0100] {dag.py:4180} INFO - Setting next_dagrun for example_subdag_operator.section-1 to None, run_after=None
[2025-03-06T23:57:35.975+0100] {logging_mixin.py:190} INFO - [2025-03-06T23:57:35.975+0100] {dag.py:4180} INFO - Setting next_dagrun for example_subdag_operator.section-2 to None, run_after=None
[2025-03-06T23:57:35.989+0100] {processor.py:208} INFO - Processing /home/erij/Erij_Mazouz_4DS8_churn_ml_project/venv/lib/python3.8/site-packages/airflow/example_dags/example_subdag_operator.py took 0.088 seconds
[2025-03-06T23:58:30.931+0100] {processor.py:186} INFO - Started process (PID=59546) to work on /home/erij/Erij_Mazouz_4DS8_churn_ml_project/venv/lib/python3.8/site-packages/airflow/example_dags/example_subdag_operator.py
[2025-03-06T23:58:30.934+0100] {processor.py:914} INFO - Processing file /home/erij/Erij_Mazouz_4DS8_churn_ml_project/venv/lib/python3.8/site-packages/airflow/example_dags/example_subdag_operator.py for tasks to queue
[2025-03-06T23:58:30.936+0100] {logging_mixin.py:190} INFO - [2025-03-06T23:58:30.935+0100] {dagbag.py:588} INFO - Filling up the DagBag from /home/erij/Erij_Mazouz_4DS8_churn_ml_project/venv/lib/python3.8/site-packages/airflow/example_dags/example_subdag_operator.py
[2025-03-06T23:58:30.953+0100] {processor.py:925} INFO - DAG(s) 'example_subdag_operator.section-1', 'example_subdag_operator.section-2', 'example_subdag_operator' retrieved from /home/erij/Erij_Mazouz_4DS8_churn_ml_project/venv/lib/python3.8/site-packages/airflow/example_dags/example_subdag_operator.py
[2025-03-06T23:58:30.967+0100] {logging_mixin.py:190} INFO - [2025-03-06T23:58:30.967+0100] {dag.py:3239} INFO - Sync 3 DAGs
[2025-03-06T23:58:30.986+0100] {logging_mixin.py:190} INFO - [2025-03-06T23:58:30.986+0100] {dag.py:4180} INFO - Setting next_dagrun for example_subdag_operator to 2022-01-01 00:00:00+00:00, run_after=2022-01-01 00:00:00+00:00
[2025-03-06T23:58:30.989+0100] {logging_mixin.py:190} INFO - [2025-03-06T23:58:30.988+0100] {dag.py:4180} INFO - Setting next_dagrun for example_subdag_operator.section-1 to None, run_after=None
[2025-03-06T23:58:30.989+0100] {logging_mixin.py:190} INFO - [2025-03-06T23:58:30.989+0100] {dag.py:4180} INFO - Setting next_dagrun for example_subdag_operator.section-2 to None, run_after=None
[2025-03-06T23:58:30.993+0100] {logging_mixin.py:190} INFO - [2025-03-06T23:58:30.993+0100] {dag.py:3239} INFO - Sync 2 DAGs
[2025-03-06T23:58:30.996+0100] {logging_mixin.py:190} INFO - [2025-03-06T23:58:30.996+0100] {dag.py:4180} INFO - Setting next_dagrun for example_subdag_operator.section-1 to None, run_after=None
[2025-03-06T23:58:30.996+0100] {logging_mixin.py:190} INFO - [2025-03-06T23:58:30.996+0100] {dag.py:4180} INFO - Setting next_dagrun for example_subdag_operator.section-2 to None, run_after=None
[2025-03-06T23:58:31.008+0100] {processor.py:208} INFO - Processing /home/erij/Erij_Mazouz_4DS8_churn_ml_project/venv/lib/python3.8/site-packages/airflow/example_dags/example_subdag_operator.py took 0.081 seconds
[2025-03-06T23:59:20.639+0100] {processor.py:186} INFO - Started process (PID=59689) to work on /home/erij/Erij_Mazouz_4DS8_churn_ml_project/venv/lib/python3.8/site-packages/airflow/example_dags/example_subdag_operator.py
[2025-03-06T23:59:20.641+0100] {processor.py:914} INFO - Processing file /home/erij/Erij_Mazouz_4DS8_churn_ml_project/venv/lib/python3.8/site-packages/airflow/example_dags/example_subdag_operator.py for tasks to queue
[2025-03-06T23:59:20.643+0100] {logging_mixin.py:190} INFO - [2025-03-06T23:59:20.643+0100] {dagbag.py:588} INFO - Filling up the DagBag from /home/erij/Erij_Mazouz_4DS8_churn_ml_project/venv/lib/python3.8/site-packages/airflow/example_dags/example_subdag_operator.py
[2025-03-06T23:59:20.660+0100] {processor.py:925} INFO - DAG(s) 'example_subdag_operator.section-1', 'example_subdag_operator.section-2', 'example_subdag_operator' retrieved from /home/erij/Erij_Mazouz_4DS8_churn_ml_project/venv/lib/python3.8/site-packages/airflow/example_dags/example_subdag_operator.py
[2025-03-06T23:59:20.672+0100] {logging_mixin.py:190} INFO - [2025-03-06T23:59:20.672+0100] {dag.py:3239} INFO - Sync 3 DAGs
[2025-03-06T23:59:20.689+0100] {logging_mixin.py:190} INFO - [2025-03-06T23:59:20.688+0100] {dag.py:4180} INFO - Setting next_dagrun for example_subdag_operator to 2022-01-01 00:00:00+00:00, run_after=2022-01-01 00:00:00+00:00
[2025-03-06T23:59:20.691+0100] {logging_mixin.py:190} INFO - [2025-03-06T23:59:20.691+0100] {dag.py:4180} INFO - Setting next_dagrun for example_subdag_operator.section-1 to None, run_after=None
[2025-03-06T23:59:20.692+0100] {logging_mixin.py:190} INFO - [2025-03-06T23:59:20.692+0100] {dag.py:4180} INFO - Setting next_dagrun for example_subdag_operator.section-2 to None, run_after=None
[2025-03-06T23:59:20.696+0100] {logging_mixin.py:190} INFO - [2025-03-06T23:59:20.696+0100] {dag.py:3239} INFO - Sync 2 DAGs
[2025-03-06T23:59:20.699+0100] {logging_mixin.py:190} INFO - [2025-03-06T23:59:20.699+0100] {dag.py:4180} INFO - Setting next_dagrun for example_subdag_operator.section-1 to None, run_after=None
[2025-03-06T23:59:20.699+0100] {logging_mixin.py:190} INFO - [2025-03-06T23:59:20.699+0100] {dag.py:4180} INFO - Setting next_dagrun for example_subdag_operator.section-2 to None, run_after=None
[2025-03-06T23:59:20.712+0100] {processor.py:208} INFO - Processing /home/erij/Erij_Mazouz_4DS8_churn_ml_project/venv/lib/python3.8/site-packages/airflow/example_dags/example_subdag_operator.py took 0.077 seconds
[2025-03-07T00:00:13.263+0100] {processor.py:186} INFO - Started process (PID=59869) to work on /home/erij/Erij_Mazouz_4DS8_churn_ml_project/venv/lib/python3.8/site-packages/airflow/example_dags/example_subdag_operator.py
[2025-03-07T00:00:13.265+0100] {processor.py:914} INFO - Processing file /home/erij/Erij_Mazouz_4DS8_churn_ml_project/venv/lib/python3.8/site-packages/airflow/example_dags/example_subdag_operator.py for tasks to queue
[2025-03-07T00:00:13.267+0100] {logging_mixin.py:190} INFO - [2025-03-07T00:00:13.267+0100] {dagbag.py:588} INFO - Filling up the DagBag from /home/erij/Erij_Mazouz_4DS8_churn_ml_project/venv/lib/python3.8/site-packages/airflow/example_dags/example_subdag_operator.py
[2025-03-07T00:00:13.282+0100] {processor.py:925} INFO - DAG(s) 'example_subdag_operator.section-1', 'example_subdag_operator.section-2', 'example_subdag_operator' retrieved from /home/erij/Erij_Mazouz_4DS8_churn_ml_project/venv/lib/python3.8/site-packages/airflow/example_dags/example_subdag_operator.py
[2025-03-07T00:00:13.293+0100] {logging_mixin.py:190} INFO - [2025-03-07T00:00:13.293+0100] {dag.py:3239} INFO - Sync 3 DAGs
[2025-03-07T00:00:13.308+0100] {logging_mixin.py:190} INFO - [2025-03-07T00:00:13.308+0100] {dag.py:4180} INFO - Setting next_dagrun for example_subdag_operator to 2022-01-01 00:00:00+00:00, run_after=2022-01-01 00:00:00+00:00
[2025-03-07T00:00:13.311+0100] {logging_mixin.py:190} INFO - [2025-03-07T00:00:13.311+0100] {dag.py:4180} INFO - Setting next_dagrun for example_subdag_operator.section-1 to None, run_after=None
[2025-03-07T00:00:13.312+0100] {logging_mixin.py:190} INFO - [2025-03-07T00:00:13.312+0100] {dag.py:4180} INFO - Setting next_dagrun for example_subdag_operator.section-2 to None, run_after=None
[2025-03-07T00:00:13.316+0100] {logging_mixin.py:190} INFO - [2025-03-07T00:00:13.316+0100] {dag.py:3239} INFO - Sync 2 DAGs
[2025-03-07T00:00:13.319+0100] {logging_mixin.py:190} INFO - [2025-03-07T00:00:13.319+0100] {dag.py:4180} INFO - Setting next_dagrun for example_subdag_operator.section-1 to None, run_after=None
[2025-03-07T00:00:13.319+0100] {logging_mixin.py:190} INFO - [2025-03-07T00:00:13.319+0100] {dag.py:4180} INFO - Setting next_dagrun for example_subdag_operator.section-2 to None, run_after=None
[2025-03-07T00:00:13.332+0100] {processor.py:208} INFO - Processing /home/erij/Erij_Mazouz_4DS8_churn_ml_project/venv/lib/python3.8/site-packages/airflow/example_dags/example_subdag_operator.py took 0.074 seconds
[2025-03-07T00:01:06.185+0100] {processor.py:186} INFO - Started process (PID=60031) to work on /home/erij/Erij_Mazouz_4DS8_churn_ml_project/venv/lib/python3.8/site-packages/airflow/example_dags/example_subdag_operator.py
[2025-03-07T00:01:06.188+0100] {processor.py:914} INFO - Processing file /home/erij/Erij_Mazouz_4DS8_churn_ml_project/venv/lib/python3.8/site-packages/airflow/example_dags/example_subdag_operator.py for tasks to queue
[2025-03-07T00:01:06.189+0100] {logging_mixin.py:190} INFO - [2025-03-07T00:01:06.189+0100] {dagbag.py:588} INFO - Filling up the DagBag from /home/erij/Erij_Mazouz_4DS8_churn_ml_project/venv/lib/python3.8/site-packages/airflow/example_dags/example_subdag_operator.py
[2025-03-07T00:01:06.207+0100] {processor.py:925} INFO - DAG(s) 'example_subdag_operator.section-1', 'example_subdag_operator.section-2', 'example_subdag_operator' retrieved from /home/erij/Erij_Mazouz_4DS8_churn_ml_project/venv/lib/python3.8/site-packages/airflow/example_dags/example_subdag_operator.py
[2025-03-07T00:01:06.219+0100] {logging_mixin.py:190} INFO - [2025-03-07T00:01:06.219+0100] {dag.py:3239} INFO - Sync 3 DAGs
[2025-03-07T00:01:06.236+0100] {logging_mixin.py:190} INFO - [2025-03-07T00:01:06.235+0100] {dag.py:4180} INFO - Setting next_dagrun for example_subdag_operator to 2022-01-01 00:00:00+00:00, run_after=2022-01-01 00:00:00+00:00
[2025-03-07T00:01:06.238+0100] {logging_mixin.py:190} INFO - [2025-03-07T00:01:06.238+0100] {dag.py:4180} INFO - Setting next_dagrun for example_subdag_operator.section-1 to None, run_after=None
[2025-03-07T00:01:06.239+0100] {logging_mixin.py:190} INFO - [2025-03-07T00:01:06.238+0100] {dag.py:4180} INFO - Setting next_dagrun for example_subdag_operator.section-2 to None, run_after=None
[2025-03-07T00:01:06.243+0100] {logging_mixin.py:190} INFO - [2025-03-07T00:01:06.243+0100] {dag.py:3239} INFO - Sync 2 DAGs
[2025-03-07T00:01:06.245+0100] {logging_mixin.py:190} INFO - [2025-03-07T00:01:06.245+0100] {dag.py:4180} INFO - Setting next_dagrun for example_subdag_operator.section-1 to None, run_after=None
[2025-03-07T00:01:06.246+0100] {logging_mixin.py:190} INFO - [2025-03-07T00:01:06.245+0100] {dag.py:4180} INFO - Setting next_dagrun for example_subdag_operator.section-2 to None, run_after=None
[2025-03-07T00:01:06.258+0100] {processor.py:208} INFO - Processing /home/erij/Erij_Mazouz_4DS8_churn_ml_project/venv/lib/python3.8/site-packages/airflow/example_dags/example_subdag_operator.py took 0.078 seconds
[2025-03-07T00:02:01.202+0100] {processor.py:186} INFO - Started process (PID=60221) to work on /home/erij/Erij_Mazouz_4DS8_churn_ml_project/venv/lib/python3.8/site-packages/airflow/example_dags/example_subdag_operator.py
[2025-03-07T00:02:01.204+0100] {processor.py:914} INFO - Processing file /home/erij/Erij_Mazouz_4DS8_churn_ml_project/venv/lib/python3.8/site-packages/airflow/example_dags/example_subdag_operator.py for tasks to queue
[2025-03-07T00:02:01.206+0100] {logging_mixin.py:190} INFO - [2025-03-07T00:02:01.206+0100] {dagbag.py:588} INFO - Filling up the DagBag from /home/erij/Erij_Mazouz_4DS8_churn_ml_project/venv/lib/python3.8/site-packages/airflow/example_dags/example_subdag_operator.py
[2025-03-07T00:02:01.223+0100] {processor.py:925} INFO - DAG(s) 'example_subdag_operator.section-1', 'example_subdag_operator.section-2', 'example_subdag_operator' retrieved from /home/erij/Erij_Mazouz_4DS8_churn_ml_project/venv/lib/python3.8/site-packages/airflow/example_dags/example_subdag_operator.py
[2025-03-07T00:02:01.234+0100] {logging_mixin.py:190} INFO - [2025-03-07T00:02:01.234+0100] {dag.py:3239} INFO - Sync 3 DAGs
[2025-03-07T00:02:01.250+0100] {logging_mixin.py:190} INFO - [2025-03-07T00:02:01.250+0100] {dag.py:4180} INFO - Setting next_dagrun for example_subdag_operator to 2022-01-01 00:00:00+00:00, run_after=2022-01-01 00:00:00+00:00
[2025-03-07T00:02:01.252+0100] {logging_mixin.py:190} INFO - [2025-03-07T00:02:01.252+0100] {dag.py:4180} INFO - Setting next_dagrun for example_subdag_operator.section-1 to None, run_after=None
[2025-03-07T00:02:01.253+0100] {logging_mixin.py:190} INFO - [2025-03-07T00:02:01.253+0100] {dag.py:4180} INFO - Setting next_dagrun for example_subdag_operator.section-2 to None, run_after=None
[2025-03-07T00:02:01.257+0100] {logging_mixin.py:190} INFO - [2025-03-07T00:02:01.257+0100] {dag.py:3239} INFO - Sync 2 DAGs
[2025-03-07T00:02:01.260+0100] {logging_mixin.py:190} INFO - [2025-03-07T00:02:01.260+0100] {dag.py:4180} INFO - Setting next_dagrun for example_subdag_operator.section-1 to None, run_after=None
[2025-03-07T00:02:01.261+0100] {logging_mixin.py:190} INFO - [2025-03-07T00:02:01.260+0100] {dag.py:4180} INFO - Setting next_dagrun for example_subdag_operator.section-2 to None, run_after=None
[2025-03-07T00:02:01.273+0100] {processor.py:208} INFO - Processing /home/erij/Erij_Mazouz_4DS8_churn_ml_project/venv/lib/python3.8/site-packages/airflow/example_dags/example_subdag_operator.py took 0.076 seconds
[2025-03-07T00:02:59.030+0100] {processor.py:186} INFO - Started process (PID=60437) to work on /home/erij/Erij_Mazouz_4DS8_churn_ml_project/venv/lib/python3.8/site-packages/airflow/example_dags/example_subdag_operator.py
[2025-03-07T00:02:59.032+0100] {processor.py:914} INFO - Processing file /home/erij/Erij_Mazouz_4DS8_churn_ml_project/venv/lib/python3.8/site-packages/airflow/example_dags/example_subdag_operator.py for tasks to queue
[2025-03-07T00:02:59.034+0100] {logging_mixin.py:190} INFO - [2025-03-07T00:02:59.034+0100] {dagbag.py:588} INFO - Filling up the DagBag from /home/erij/Erij_Mazouz_4DS8_churn_ml_project/venv/lib/python3.8/site-packages/airflow/example_dags/example_subdag_operator.py
[2025-03-07T00:02:59.052+0100] {processor.py:925} INFO - DAG(s) 'example_subdag_operator.section-1', 'example_subdag_operator.section-2', 'example_subdag_operator' retrieved from /home/erij/Erij_Mazouz_4DS8_churn_ml_project/venv/lib/python3.8/site-packages/airflow/example_dags/example_subdag_operator.py
[2025-03-07T00:02:59.064+0100] {logging_mixin.py:190} INFO - [2025-03-07T00:02:59.064+0100] {dag.py:3239} INFO - Sync 3 DAGs
[2025-03-07T00:02:59.080+0100] {logging_mixin.py:190} INFO - [2025-03-07T00:02:59.080+0100] {dag.py:4180} INFO - Setting next_dagrun for example_subdag_operator to 2022-01-01 00:00:00+00:00, run_after=2022-01-01 00:00:00+00:00
[2025-03-07T00:02:59.082+0100] {logging_mixin.py:190} INFO - [2025-03-07T00:02:59.082+0100] {dag.py:4180} INFO - Setting next_dagrun for example_subdag_operator.section-1 to None, run_after=None
[2025-03-07T00:02:59.083+0100] {logging_mixin.py:190} INFO - [2025-03-07T00:02:59.083+0100] {dag.py:4180} INFO - Setting next_dagrun for example_subdag_operator.section-2 to None, run_after=None
[2025-03-07T00:02:59.087+0100] {logging_mixin.py:190} INFO - [2025-03-07T00:02:59.087+0100] {dag.py:3239} INFO - Sync 2 DAGs
[2025-03-07T00:02:59.090+0100] {logging_mixin.py:190} INFO - [2025-03-07T00:02:59.089+0100] {dag.py:4180} INFO - Setting next_dagrun for example_subdag_operator.section-1 to None, run_after=None
[2025-03-07T00:02:59.090+0100] {logging_mixin.py:190} INFO - [2025-03-07T00:02:59.090+0100] {dag.py:4180} INFO - Setting next_dagrun for example_subdag_operator.section-2 to None, run_after=None
[2025-03-07T00:02:59.102+0100] {processor.py:208} INFO - Processing /home/erij/Erij_Mazouz_4DS8_churn_ml_project/venv/lib/python3.8/site-packages/airflow/example_dags/example_subdag_operator.py took 0.077 seconds
