[2025-03-06T23:39:20.196+0100] {processor.py:186} INFO - Started process (PID=55930) to work on /home/erij/Erij_Mazouz_4DS8_churn_ml_project/venv/lib/python3.8/site-packages/airflow/example_dags/example_bash_decorator.py
[2025-03-06T23:39:20.196+0100] {processor.py:914} INFO - Processing file /home/erij/Erij_Mazouz_4DS8_churn_ml_project/venv/lib/python3.8/site-packages/airflow/example_dags/example_bash_decorator.py for tasks to queue
[2025-03-06T23:39:20.198+0100] {logging_mixin.py:190} INFO - [2025-03-06T23:39:20.198+0100] {dagbag.py:588} INFO - Filling up the DagBag from /home/erij/Erij_Mazouz_4DS8_churn_ml_project/venv/lib/python3.8/site-packages/airflow/example_dags/example_bash_decorator.py
[2025-03-06T23:39:20.216+0100] {processor.py:925} INFO - DAG(s) 'example_bash_decorator' retrieved from /home/erij/Erij_Mazouz_4DS8_churn_ml_project/venv/lib/python3.8/site-packages/airflow/example_dags/example_bash_decorator.py
[2025-03-06T23:39:20.292+0100] {logging_mixin.py:190} INFO - [2025-03-06T23:39:20.292+0100] {dag.py:3239} INFO - Sync 1 DAGs
[2025-03-06T23:39:20.300+0100] {logging_mixin.py:190} INFO - [2025-03-06T23:39:20.300+0100] {dag.py:4180} INFO - Setting next_dagrun for example_bash_decorator to None, run_after=None
[2025-03-06T23:39:20.318+0100] {processor.py:208} INFO - Processing /home/erij/Erij_Mazouz_4DS8_churn_ml_project/venv/lib/python3.8/site-packages/airflow/example_dags/example_bash_decorator.py took 0.127 seconds
[2025-03-06T23:40:46.537+0100] {processor.py:186} INFO - Started process (PID=56516) to work on /home/erij/Erij_Mazouz_4DS8_churn_ml_project/venv/lib/python3.8/site-packages/airflow/example_dags/example_bash_decorator.py
[2025-03-06T23:40:46.538+0100] {processor.py:914} INFO - Processing file /home/erij/Erij_Mazouz_4DS8_churn_ml_project/venv/lib/python3.8/site-packages/airflow/example_dags/example_bash_decorator.py for tasks to queue
[2025-03-06T23:40:46.540+0100] {logging_mixin.py:190} INFO - [2025-03-06T23:40:46.540+0100] {dagbag.py:588} INFO - Filling up the DagBag from /home/erij/Erij_Mazouz_4DS8_churn_ml_project/venv/lib/python3.8/site-packages/airflow/example_dags/example_bash_decorator.py
[2025-03-06T23:40:46.554+0100] {processor.py:925} INFO - DAG(s) 'example_bash_decorator' retrieved from /home/erij/Erij_Mazouz_4DS8_churn_ml_project/venv/lib/python3.8/site-packages/airflow/example_dags/example_bash_decorator.py
[2025-03-06T23:40:46.573+0100] {logging_mixin.py:190} INFO - [2025-03-06T23:40:46.572+0100] {dag.py:3239} INFO - Sync 1 DAGs
[2025-03-06T23:40:46.584+0100] {logging_mixin.py:190} INFO - [2025-03-06T23:40:46.584+0100] {dag.py:4180} INFO - Setting next_dagrun for example_bash_decorator to None, run_after=None
[2025-03-06T23:40:46.602+0100] {processor.py:208} INFO - Processing /home/erij/Erij_Mazouz_4DS8_churn_ml_project/venv/lib/python3.8/site-packages/airflow/example_dags/example_bash_decorator.py took 0.070 seconds
[2025-03-06T23:41:44.201+0100] {processor.py:186} INFO - Started process (PID=56645) to work on /home/erij/Erij_Mazouz_4DS8_churn_ml_project/venv/lib/python3.8/site-packages/airflow/example_dags/example_bash_decorator.py
[2025-03-06T23:41:44.203+0100] {processor.py:914} INFO - Processing file /home/erij/Erij_Mazouz_4DS8_churn_ml_project/venv/lib/python3.8/site-packages/airflow/example_dags/example_bash_decorator.py for tasks to queue
[2025-03-06T23:41:44.205+0100] {logging_mixin.py:190} INFO - [2025-03-06T23:41:44.205+0100] {dagbag.py:588} INFO - Filling up the DagBag from /home/erij/Erij_Mazouz_4DS8_churn_ml_project/venv/lib/python3.8/site-packages/airflow/example_dags/example_bash_decorator.py
[2025-03-06T23:41:44.220+0100] {processor.py:925} INFO - DAG(s) 'example_bash_decorator' retrieved from /home/erij/Erij_Mazouz_4DS8_churn_ml_project/venv/lib/python3.8/site-packages/airflow/example_dags/example_bash_decorator.py
[2025-03-06T23:41:44.236+0100] {logging_mixin.py:190} INFO - [2025-03-06T23:41:44.236+0100] {dag.py:3239} INFO - Sync 1 DAGs
[2025-03-06T23:41:44.248+0100] {logging_mixin.py:190} INFO - [2025-03-06T23:41:44.248+0100] {dag.py:4180} INFO - Setting next_dagrun for example_bash_decorator to None, run_after=None
[2025-03-06T23:41:44.267+0100] {processor.py:208} INFO - Processing /home/erij/Erij_Mazouz_4DS8_churn_ml_project/venv/lib/python3.8/site-packages/airflow/example_dags/example_bash_decorator.py took 0.071 seconds
[2025-03-06T23:42:39.099+0100] {processor.py:186} INFO - Started process (PID=56771) to work on /home/erij/Erij_Mazouz_4DS8_churn_ml_project/venv/lib/python3.8/site-packages/airflow/example_dags/example_bash_decorator.py
[2025-03-06T23:42:39.101+0100] {processor.py:914} INFO - Processing file /home/erij/Erij_Mazouz_4DS8_churn_ml_project/venv/lib/python3.8/site-packages/airflow/example_dags/example_bash_decorator.py for tasks to queue
[2025-03-06T23:42:39.102+0100] {logging_mixin.py:190} INFO - [2025-03-06T23:42:39.102+0100] {dagbag.py:588} INFO - Filling up the DagBag from /home/erij/Erij_Mazouz_4DS8_churn_ml_project/venv/lib/python3.8/site-packages/airflow/example_dags/example_bash_decorator.py
[2025-03-06T23:42:39.116+0100] {processor.py:925} INFO - DAG(s) 'example_bash_decorator' retrieved from /home/erij/Erij_Mazouz_4DS8_churn_ml_project/venv/lib/python3.8/site-packages/airflow/example_dags/example_bash_decorator.py
[2025-03-06T23:42:39.131+0100] {logging_mixin.py:190} INFO - [2025-03-06T23:42:39.131+0100] {dag.py:3239} INFO - Sync 1 DAGs
[2025-03-06T23:42:39.143+0100] {logging_mixin.py:190} INFO - [2025-03-06T23:42:39.142+0100] {dag.py:4180} INFO - Setting next_dagrun for example_bash_decorator to None, run_after=None
[2025-03-06T23:42:39.161+0100] {processor.py:208} INFO - Processing /home/erij/Erij_Mazouz_4DS8_churn_ml_project/venv/lib/python3.8/site-packages/airflow/example_dags/example_bash_decorator.py took 0.067 seconds
[2025-03-06T23:43:30.990+0100] {processor.py:186} INFO - Started process (PID=56891) to work on /home/erij/Erij_Mazouz_4DS8_churn_ml_project/venv/lib/python3.8/site-packages/airflow/example_dags/example_bash_decorator.py
[2025-03-06T23:43:30.993+0100] {processor.py:914} INFO - Processing file /home/erij/Erij_Mazouz_4DS8_churn_ml_project/venv/lib/python3.8/site-packages/airflow/example_dags/example_bash_decorator.py for tasks to queue
[2025-03-06T23:43:30.995+0100] {logging_mixin.py:190} INFO - [2025-03-06T23:43:30.994+0100] {dagbag.py:588} INFO - Filling up the DagBag from /home/erij/Erij_Mazouz_4DS8_churn_ml_project/venv/lib/python3.8/site-packages/airflow/example_dags/example_bash_decorator.py
[2025-03-06T23:43:31.008+0100] {processor.py:925} INFO - DAG(s) 'example_bash_decorator' retrieved from /home/erij/Erij_Mazouz_4DS8_churn_ml_project/venv/lib/python3.8/site-packages/airflow/example_dags/example_bash_decorator.py
[2025-03-06T23:43:31.023+0100] {logging_mixin.py:190} INFO - [2025-03-06T23:43:31.023+0100] {dag.py:3239} INFO - Sync 1 DAGs
[2025-03-06T23:43:31.034+0100] {logging_mixin.py:190} INFO - [2025-03-06T23:43:31.034+0100] {dag.py:4180} INFO - Setting next_dagrun for example_bash_decorator to None, run_after=None
[2025-03-06T23:43:31.053+0100] {processor.py:208} INFO - Processing /home/erij/Erij_Mazouz_4DS8_churn_ml_project/venv/lib/python3.8/site-packages/airflow/example_dags/example_bash_decorator.py took 0.067 seconds
[2025-03-06T23:44:22.416+0100] {processor.py:186} INFO - Started process (PID=56999) to work on /home/erij/Erij_Mazouz_4DS8_churn_ml_project/venv/lib/python3.8/site-packages/airflow/example_dags/example_bash_decorator.py
[2025-03-06T23:44:22.418+0100] {processor.py:914} INFO - Processing file /home/erij/Erij_Mazouz_4DS8_churn_ml_project/venv/lib/python3.8/site-packages/airflow/example_dags/example_bash_decorator.py for tasks to queue
[2025-03-06T23:44:22.420+0100] {logging_mixin.py:190} INFO - [2025-03-06T23:44:22.419+0100] {dagbag.py:588} INFO - Filling up the DagBag from /home/erij/Erij_Mazouz_4DS8_churn_ml_project/venv/lib/python3.8/site-packages/airflow/example_dags/example_bash_decorator.py
[2025-03-06T23:44:22.432+0100] {processor.py:925} INFO - DAG(s) 'example_bash_decorator' retrieved from /home/erij/Erij_Mazouz_4DS8_churn_ml_project/venv/lib/python3.8/site-packages/airflow/example_dags/example_bash_decorator.py
[2025-03-06T23:44:22.447+0100] {logging_mixin.py:190} INFO - [2025-03-06T23:44:22.446+0100] {dag.py:3239} INFO - Sync 1 DAGs
[2025-03-06T23:44:22.457+0100] {logging_mixin.py:190} INFO - [2025-03-06T23:44:22.457+0100] {dag.py:4180} INFO - Setting next_dagrun for example_bash_decorator to None, run_after=None
[2025-03-06T23:44:22.473+0100] {processor.py:208} INFO - Processing /home/erij/Erij_Mazouz_4DS8_churn_ml_project/venv/lib/python3.8/site-packages/airflow/example_dags/example_bash_decorator.py took 0.061 seconds
[2025-03-06T23:45:20.017+0100] {processor.py:186} INFO - Started process (PID=57165) to work on /home/erij/Erij_Mazouz_4DS8_churn_ml_project/venv/lib/python3.8/site-packages/airflow/example_dags/example_bash_decorator.py
[2025-03-06T23:45:20.020+0100] {processor.py:914} INFO - Processing file /home/erij/Erij_Mazouz_4DS8_churn_ml_project/venv/lib/python3.8/site-packages/airflow/example_dags/example_bash_decorator.py for tasks to queue
[2025-03-06T23:45:20.022+0100] {logging_mixin.py:190} INFO - [2025-03-06T23:45:20.021+0100] {dagbag.py:588} INFO - Filling up the DagBag from /home/erij/Erij_Mazouz_4DS8_churn_ml_project/venv/lib/python3.8/site-packages/airflow/example_dags/example_bash_decorator.py
[2025-03-06T23:45:20.035+0100] {processor.py:925} INFO - DAG(s) 'example_bash_decorator' retrieved from /home/erij/Erij_Mazouz_4DS8_churn_ml_project/venv/lib/python3.8/site-packages/airflow/example_dags/example_bash_decorator.py
[2025-03-06T23:45:20.050+0100] {logging_mixin.py:190} INFO - [2025-03-06T23:45:20.050+0100] {dag.py:3239} INFO - Sync 1 DAGs
[2025-03-06T23:45:20.061+0100] {logging_mixin.py:190} INFO - [2025-03-06T23:45:20.061+0100] {dag.py:4180} INFO - Setting next_dagrun for example_bash_decorator to None, run_after=None
[2025-03-06T23:45:20.103+0100] {processor.py:208} INFO - Processing /home/erij/Erij_Mazouz_4DS8_churn_ml_project/venv/lib/python3.8/site-packages/airflow/example_dags/example_bash_decorator.py took 0.091 seconds
[2025-03-06T23:46:18.154+0100] {processor.py:186} INFO - Started process (PID=57285) to work on /home/erij/Erij_Mazouz_4DS8_churn_ml_project/venv/lib/python3.8/site-packages/airflow/example_dags/example_bash_decorator.py
[2025-03-06T23:46:18.155+0100] {processor.py:914} INFO - Processing file /home/erij/Erij_Mazouz_4DS8_churn_ml_project/venv/lib/python3.8/site-packages/airflow/example_dags/example_bash_decorator.py for tasks to queue
[2025-03-06T23:46:18.157+0100] {logging_mixin.py:190} INFO - [2025-03-06T23:46:18.156+0100] {dagbag.py:588} INFO - Filling up the DagBag from /home/erij/Erij_Mazouz_4DS8_churn_ml_project/venv/lib/python3.8/site-packages/airflow/example_dags/example_bash_decorator.py
[2025-03-06T23:46:18.170+0100] {processor.py:925} INFO - DAG(s) 'example_bash_decorator' retrieved from /home/erij/Erij_Mazouz_4DS8_churn_ml_project/venv/lib/python3.8/site-packages/airflow/example_dags/example_bash_decorator.py
[2025-03-06T23:46:18.186+0100] {logging_mixin.py:190} INFO - [2025-03-06T23:46:18.185+0100] {dag.py:3239} INFO - Sync 1 DAGs
[2025-03-06T23:46:18.197+0100] {logging_mixin.py:190} INFO - [2025-03-06T23:46:18.196+0100] {dag.py:4180} INFO - Setting next_dagrun for example_bash_decorator to None, run_after=None
[2025-03-06T23:46:18.230+0100] {processor.py:208} INFO - Processing /home/erij/Erij_Mazouz_4DS8_churn_ml_project/venv/lib/python3.8/site-packages/airflow/example_dags/example_bash_decorator.py took 0.082 seconds
[2025-03-06T23:47:12.848+0100] {processor.py:186} INFO - Started process (PID=57394) to work on /home/erij/Erij_Mazouz_4DS8_churn_ml_project/venv/lib/python3.8/site-packages/airflow/example_dags/example_bash_decorator.py
[2025-03-06T23:47:12.850+0100] {processor.py:914} INFO - Processing file /home/erij/Erij_Mazouz_4DS8_churn_ml_project/venv/lib/python3.8/site-packages/airflow/example_dags/example_bash_decorator.py for tasks to queue
[2025-03-06T23:47:12.852+0100] {logging_mixin.py:190} INFO - [2025-03-06T23:47:12.852+0100] {dagbag.py:588} INFO - Filling up the DagBag from /home/erij/Erij_Mazouz_4DS8_churn_ml_project/venv/lib/python3.8/site-packages/airflow/example_dags/example_bash_decorator.py
[2025-03-06T23:47:12.864+0100] {processor.py:925} INFO - DAG(s) 'example_bash_decorator' retrieved from /home/erij/Erij_Mazouz_4DS8_churn_ml_project/venv/lib/python3.8/site-packages/airflow/example_dags/example_bash_decorator.py
[2025-03-06T23:47:12.877+0100] {logging_mixin.py:190} INFO - [2025-03-06T23:47:12.877+0100] {dag.py:3239} INFO - Sync 1 DAGs
[2025-03-06T23:47:12.886+0100] {logging_mixin.py:190} INFO - [2025-03-06T23:47:12.886+0100] {dag.py:4180} INFO - Setting next_dagrun for example_bash_decorator to None, run_after=None
[2025-03-06T23:47:12.902+0100] {processor.py:208} INFO - Processing /home/erij/Erij_Mazouz_4DS8_churn_ml_project/venv/lib/python3.8/site-packages/airflow/example_dags/example_bash_decorator.py took 0.059 seconds
[2025-03-06T23:48:11.809+0100] {processor.py:186} INFO - Started process (PID=57513) to work on /home/erij/Erij_Mazouz_4DS8_churn_ml_project/venv/lib/python3.8/site-packages/airflow/example_dags/example_bash_decorator.py
[2025-03-06T23:48:11.811+0100] {processor.py:914} INFO - Processing file /home/erij/Erij_Mazouz_4DS8_churn_ml_project/venv/lib/python3.8/site-packages/airflow/example_dags/example_bash_decorator.py for tasks to queue
[2025-03-06T23:48:11.813+0100] {logging_mixin.py:190} INFO - [2025-03-06T23:48:11.812+0100] {dagbag.py:588} INFO - Filling up the DagBag from /home/erij/Erij_Mazouz_4DS8_churn_ml_project/venv/lib/python3.8/site-packages/airflow/example_dags/example_bash_decorator.py
[2025-03-06T23:48:11.825+0100] {processor.py:925} INFO - DAG(s) 'example_bash_decorator' retrieved from /home/erij/Erij_Mazouz_4DS8_churn_ml_project/venv/lib/python3.8/site-packages/airflow/example_dags/example_bash_decorator.py
[2025-03-06T23:48:11.840+0100] {logging_mixin.py:190} INFO - [2025-03-06T23:48:11.840+0100] {dag.py:3239} INFO - Sync 1 DAGs
[2025-03-06T23:48:11.850+0100] {logging_mixin.py:190} INFO - [2025-03-06T23:48:11.850+0100] {dag.py:4180} INFO - Setting next_dagrun for example_bash_decorator to None, run_after=None
[2025-03-06T23:48:11.867+0100] {processor.py:208} INFO - Processing /home/erij/Erij_Mazouz_4DS8_churn_ml_project/venv/lib/python3.8/site-packages/airflow/example_dags/example_bash_decorator.py took 0.064 seconds
[2025-03-06T23:49:08.247+0100] {processor.py:186} INFO - Started process (PID=57631) to work on /home/erij/Erij_Mazouz_4DS8_churn_ml_project/venv/lib/python3.8/site-packages/airflow/example_dags/example_bash_decorator.py
[2025-03-06T23:49:08.249+0100] {processor.py:914} INFO - Processing file /home/erij/Erij_Mazouz_4DS8_churn_ml_project/venv/lib/python3.8/site-packages/airflow/example_dags/example_bash_decorator.py for tasks to queue
[2025-03-06T23:49:08.251+0100] {logging_mixin.py:190} INFO - [2025-03-06T23:49:08.251+0100] {dagbag.py:588} INFO - Filling up the DagBag from /home/erij/Erij_Mazouz_4DS8_churn_ml_project/venv/lib/python3.8/site-packages/airflow/example_dags/example_bash_decorator.py
[2025-03-06T23:49:08.263+0100] {processor.py:925} INFO - DAG(s) 'example_bash_decorator' retrieved from /home/erij/Erij_Mazouz_4DS8_churn_ml_project/venv/lib/python3.8/site-packages/airflow/example_dags/example_bash_decorator.py
[2025-03-06T23:49:08.278+0100] {logging_mixin.py:190} INFO - [2025-03-06T23:49:08.278+0100] {dag.py:3239} INFO - Sync 1 DAGs
[2025-03-06T23:49:08.288+0100] {logging_mixin.py:190} INFO - [2025-03-06T23:49:08.288+0100] {dag.py:4180} INFO - Setting next_dagrun for example_bash_decorator to None, run_after=None
[2025-03-06T23:49:08.306+0100] {processor.py:208} INFO - Processing /home/erij/Erij_Mazouz_4DS8_churn_ml_project/venv/lib/python3.8/site-packages/airflow/example_dags/example_bash_decorator.py took 0.064 seconds
[2025-03-06T23:50:01.576+0100] {processor.py:186} INFO - Started process (PID=57738) to work on /home/erij/Erij_Mazouz_4DS8_churn_ml_project/venv/lib/python3.8/site-packages/airflow/example_dags/example_bash_decorator.py
[2025-03-06T23:50:01.577+0100] {processor.py:914} INFO - Processing file /home/erij/Erij_Mazouz_4DS8_churn_ml_project/venv/lib/python3.8/site-packages/airflow/example_dags/example_bash_decorator.py for tasks to queue
[2025-03-06T23:50:01.578+0100] {logging_mixin.py:190} INFO - [2025-03-06T23:50:01.578+0100] {dagbag.py:588} INFO - Filling up the DagBag from /home/erij/Erij_Mazouz_4DS8_churn_ml_project/venv/lib/python3.8/site-packages/airflow/example_dags/example_bash_decorator.py
[2025-03-06T23:50:01.591+0100] {processor.py:925} INFO - DAG(s) 'example_bash_decorator' retrieved from /home/erij/Erij_Mazouz_4DS8_churn_ml_project/venv/lib/python3.8/site-packages/airflow/example_dags/example_bash_decorator.py
[2025-03-06T23:50:01.608+0100] {logging_mixin.py:190} INFO - [2025-03-06T23:50:01.608+0100] {dag.py:3239} INFO - Sync 1 DAGs
[2025-03-06T23:50:01.619+0100] {logging_mixin.py:190} INFO - [2025-03-06T23:50:01.618+0100] {dag.py:4180} INFO - Setting next_dagrun for example_bash_decorator to None, run_after=None
[2025-03-06T23:50:01.634+0100] {processor.py:208} INFO - Processing /home/erij/Erij_Mazouz_4DS8_churn_ml_project/venv/lib/python3.8/site-packages/airflow/example_dags/example_bash_decorator.py took 0.064 seconds
[2025-03-06T23:50:57.404+0100] {processor.py:186} INFO - Started process (PID=57852) to work on /home/erij/Erij_Mazouz_4DS8_churn_ml_project/venv/lib/python3.8/site-packages/airflow/example_dags/example_bash_decorator.py
[2025-03-06T23:50:57.406+0100] {processor.py:914} INFO - Processing file /home/erij/Erij_Mazouz_4DS8_churn_ml_project/venv/lib/python3.8/site-packages/airflow/example_dags/example_bash_decorator.py for tasks to queue
[2025-03-06T23:50:57.408+0100] {logging_mixin.py:190} INFO - [2025-03-06T23:50:57.407+0100] {dagbag.py:588} INFO - Filling up the DagBag from /home/erij/Erij_Mazouz_4DS8_churn_ml_project/venv/lib/python3.8/site-packages/airflow/example_dags/example_bash_decorator.py
[2025-03-06T23:50:57.421+0100] {processor.py:925} INFO - DAG(s) 'example_bash_decorator' retrieved from /home/erij/Erij_Mazouz_4DS8_churn_ml_project/venv/lib/python3.8/site-packages/airflow/example_dags/example_bash_decorator.py
[2025-03-06T23:50:57.436+0100] {logging_mixin.py:190} INFO - [2025-03-06T23:50:57.436+0100] {dag.py:3239} INFO - Sync 1 DAGs
[2025-03-06T23:50:57.447+0100] {logging_mixin.py:190} INFO - [2025-03-06T23:50:57.447+0100] {dag.py:4180} INFO - Setting next_dagrun for example_bash_decorator to None, run_after=None
[2025-03-06T23:50:57.466+0100] {processor.py:208} INFO - Processing /home/erij/Erij_Mazouz_4DS8_churn_ml_project/venv/lib/python3.8/site-packages/airflow/example_dags/example_bash_decorator.py took 0.067 seconds
[2025-03-06T23:51:52.769+0100] {processor.py:186} INFO - Started process (PID=57961) to work on /home/erij/Erij_Mazouz_4DS8_churn_ml_project/venv/lib/python3.8/site-packages/airflow/example_dags/example_bash_decorator.py
[2025-03-06T23:51:52.771+0100] {processor.py:914} INFO - Processing file /home/erij/Erij_Mazouz_4DS8_churn_ml_project/venv/lib/python3.8/site-packages/airflow/example_dags/example_bash_decorator.py for tasks to queue
[2025-03-06T23:51:52.772+0100] {logging_mixin.py:190} INFO - [2025-03-06T23:51:52.772+0100] {dagbag.py:588} INFO - Filling up the DagBag from /home/erij/Erij_Mazouz_4DS8_churn_ml_project/venv/lib/python3.8/site-packages/airflow/example_dags/example_bash_decorator.py
[2025-03-06T23:51:52.785+0100] {processor.py:925} INFO - DAG(s) 'example_bash_decorator' retrieved from /home/erij/Erij_Mazouz_4DS8_churn_ml_project/venv/lib/python3.8/site-packages/airflow/example_dags/example_bash_decorator.py
[2025-03-06T23:51:52.799+0100] {logging_mixin.py:190} INFO - [2025-03-06T23:51:52.799+0100] {dag.py:3239} INFO - Sync 1 DAGs
[2025-03-06T23:51:52.809+0100] {logging_mixin.py:190} INFO - [2025-03-06T23:51:52.809+0100] {dag.py:4180} INFO - Setting next_dagrun for example_bash_decorator to None, run_after=None
[2025-03-06T23:51:52.826+0100] {processor.py:208} INFO - Processing /home/erij/Erij_Mazouz_4DS8_churn_ml_project/venv/lib/python3.8/site-packages/airflow/example_dags/example_bash_decorator.py took 0.061 seconds
[2025-03-06T23:52:49.342+0100] {processor.py:186} INFO - Started process (PID=58081) to work on /home/erij/Erij_Mazouz_4DS8_churn_ml_project/venv/lib/python3.8/site-packages/airflow/example_dags/example_bash_decorator.py
[2025-03-06T23:52:49.344+0100] {processor.py:914} INFO - Processing file /home/erij/Erij_Mazouz_4DS8_churn_ml_project/venv/lib/python3.8/site-packages/airflow/example_dags/example_bash_decorator.py for tasks to queue
[2025-03-06T23:52:49.346+0100] {logging_mixin.py:190} INFO - [2025-03-06T23:52:49.346+0100] {dagbag.py:588} INFO - Filling up the DagBag from /home/erij/Erij_Mazouz_4DS8_churn_ml_project/venv/lib/python3.8/site-packages/airflow/example_dags/example_bash_decorator.py
[2025-03-06T23:52:49.363+0100] {processor.py:925} INFO - DAG(s) 'example_bash_decorator' retrieved from /home/erij/Erij_Mazouz_4DS8_churn_ml_project/venv/lib/python3.8/site-packages/airflow/example_dags/example_bash_decorator.py
[2025-03-06T23:52:49.381+0100] {logging_mixin.py:190} INFO - [2025-03-06T23:52:49.381+0100] {dag.py:3239} INFO - Sync 1 DAGs
[2025-03-06T23:52:49.392+0100] {logging_mixin.py:190} INFO - [2025-03-06T23:52:49.392+0100] {dag.py:4180} INFO - Setting next_dagrun for example_bash_decorator to None, run_after=None
[2025-03-06T23:52:49.412+0100] {processor.py:208} INFO - Processing /home/erij/Erij_Mazouz_4DS8_churn_ml_project/venv/lib/python3.8/site-packages/airflow/example_dags/example_bash_decorator.py took 0.076 seconds
[2025-03-06T23:53:46.183+0100] {processor.py:186} INFO - Started process (PID=58207) to work on /home/erij/Erij_Mazouz_4DS8_churn_ml_project/venv/lib/python3.8/site-packages/airflow/example_dags/example_bash_decorator.py
[2025-03-06T23:53:46.185+0100] {processor.py:914} INFO - Processing file /home/erij/Erij_Mazouz_4DS8_churn_ml_project/venv/lib/python3.8/site-packages/airflow/example_dags/example_bash_decorator.py for tasks to queue
[2025-03-06T23:53:46.187+0100] {logging_mixin.py:190} INFO - [2025-03-06T23:53:46.187+0100] {dagbag.py:588} INFO - Filling up the DagBag from /home/erij/Erij_Mazouz_4DS8_churn_ml_project/venv/lib/python3.8/site-packages/airflow/example_dags/example_bash_decorator.py
[2025-03-06T23:53:46.201+0100] {processor.py:925} INFO - DAG(s) 'example_bash_decorator' retrieved from /home/erij/Erij_Mazouz_4DS8_churn_ml_project/venv/lib/python3.8/site-packages/airflow/example_dags/example_bash_decorator.py
[2025-03-06T23:53:46.217+0100] {logging_mixin.py:190} INFO - [2025-03-06T23:53:46.217+0100] {dag.py:3239} INFO - Sync 1 DAGs
[2025-03-06T23:53:46.228+0100] {logging_mixin.py:190} INFO - [2025-03-06T23:53:46.228+0100] {dag.py:4180} INFO - Setting next_dagrun for example_bash_decorator to None, run_after=None
[2025-03-06T23:53:46.246+0100] {processor.py:208} INFO - Processing /home/erij/Erij_Mazouz_4DS8_churn_ml_project/venv/lib/python3.8/site-packages/airflow/example_dags/example_bash_decorator.py took 0.069 seconds
[2025-03-06T23:54:44.713+0100] {processor.py:186} INFO - Started process (PID=58586) to work on /home/erij/Erij_Mazouz_4DS8_churn_ml_project/venv/lib/python3.8/site-packages/airflow/example_dags/example_bash_decorator.py
[2025-03-06T23:54:44.715+0100] {processor.py:914} INFO - Processing file /home/erij/Erij_Mazouz_4DS8_churn_ml_project/venv/lib/python3.8/site-packages/airflow/example_dags/example_bash_decorator.py for tasks to queue
[2025-03-06T23:54:44.717+0100] {logging_mixin.py:190} INFO - [2025-03-06T23:54:44.716+0100] {dagbag.py:588} INFO - Filling up the DagBag from /home/erij/Erij_Mazouz_4DS8_churn_ml_project/venv/lib/python3.8/site-packages/airflow/example_dags/example_bash_decorator.py
[2025-03-06T23:54:44.729+0100] {processor.py:925} INFO - DAG(s) 'example_bash_decorator' retrieved from /home/erij/Erij_Mazouz_4DS8_churn_ml_project/venv/lib/python3.8/site-packages/airflow/example_dags/example_bash_decorator.py
[2025-03-06T23:54:44.743+0100] {logging_mixin.py:190} INFO - [2025-03-06T23:54:44.743+0100] {dag.py:3239} INFO - Sync 1 DAGs
[2025-03-06T23:54:44.753+0100] {logging_mixin.py:190} INFO - [2025-03-06T23:54:44.753+0100] {dag.py:4180} INFO - Setting next_dagrun for example_bash_decorator to None, run_after=None
[2025-03-06T23:54:44.771+0100] {processor.py:208} INFO - Processing /home/erij/Erij_Mazouz_4DS8_churn_ml_project/venv/lib/python3.8/site-packages/airflow/example_dags/example_bash_decorator.py took 0.063 seconds
[2025-03-06T23:55:41.695+0100] {processor.py:186} INFO - Started process (PID=59141) to work on /home/erij/Erij_Mazouz_4DS8_churn_ml_project/venv/lib/python3.8/site-packages/airflow/example_dags/example_bash_decorator.py
[2025-03-06T23:55:41.697+0100] {processor.py:914} INFO - Processing file /home/erij/Erij_Mazouz_4DS8_churn_ml_project/venv/lib/python3.8/site-packages/airflow/example_dags/example_bash_decorator.py for tasks to queue
[2025-03-06T23:55:41.699+0100] {logging_mixin.py:190} INFO - [2025-03-06T23:55:41.699+0100] {dagbag.py:588} INFO - Filling up the DagBag from /home/erij/Erij_Mazouz_4DS8_churn_ml_project/venv/lib/python3.8/site-packages/airflow/example_dags/example_bash_decorator.py
[2025-03-06T23:55:41.713+0100] {processor.py:925} INFO - DAG(s) 'example_bash_decorator' retrieved from /home/erij/Erij_Mazouz_4DS8_churn_ml_project/venv/lib/python3.8/site-packages/airflow/example_dags/example_bash_decorator.py
[2025-03-06T23:55:41.729+0100] {logging_mixin.py:190} INFO - [2025-03-06T23:55:41.729+0100] {dag.py:3239} INFO - Sync 1 DAGs
[2025-03-06T23:55:41.740+0100] {logging_mixin.py:190} INFO - [2025-03-06T23:55:41.740+0100] {dag.py:4180} INFO - Setting next_dagrun for example_bash_decorator to None, run_after=None
[2025-03-06T23:55:41.756+0100] {processor.py:208} INFO - Processing /home/erij/Erij_Mazouz_4DS8_churn_ml_project/venv/lib/python3.8/site-packages/airflow/example_dags/example_bash_decorator.py took 0.066 seconds
[2025-03-06T23:56:38.067+0100] {processor.py:186} INFO - Started process (PID=59270) to work on /home/erij/Erij_Mazouz_4DS8_churn_ml_project/venv/lib/python3.8/site-packages/airflow/example_dags/example_bash_decorator.py
[2025-03-06T23:56:38.069+0100] {processor.py:914} INFO - Processing file /home/erij/Erij_Mazouz_4DS8_churn_ml_project/venv/lib/python3.8/site-packages/airflow/example_dags/example_bash_decorator.py for tasks to queue
[2025-03-06T23:56:38.071+0100] {logging_mixin.py:190} INFO - [2025-03-06T23:56:38.071+0100] {dagbag.py:588} INFO - Filling up the DagBag from /home/erij/Erij_Mazouz_4DS8_churn_ml_project/venv/lib/python3.8/site-packages/airflow/example_dags/example_bash_decorator.py
[2025-03-06T23:56:38.085+0100] {processor.py:925} INFO - DAG(s) 'example_bash_decorator' retrieved from /home/erij/Erij_Mazouz_4DS8_churn_ml_project/venv/lib/python3.8/site-packages/airflow/example_dags/example_bash_decorator.py
[2025-03-06T23:56:38.099+0100] {logging_mixin.py:190} INFO - [2025-03-06T23:56:38.099+0100] {dag.py:3239} INFO - Sync 1 DAGs
[2025-03-06T23:56:38.110+0100] {logging_mixin.py:190} INFO - [2025-03-06T23:56:38.110+0100] {dag.py:4180} INFO - Setting next_dagrun for example_bash_decorator to None, run_after=None
[2025-03-06T23:56:38.127+0100] {processor.py:208} INFO - Processing /home/erij/Erij_Mazouz_4DS8_churn_ml_project/venv/lib/python3.8/site-packages/airflow/example_dags/example_bash_decorator.py took 0.065 seconds
[2025-03-06T23:57:32.805+0100] {processor.py:186} INFO - Started process (PID=59385) to work on /home/erij/Erij_Mazouz_4DS8_churn_ml_project/venv/lib/python3.8/site-packages/airflow/example_dags/example_bash_decorator.py
[2025-03-06T23:57:32.808+0100] {processor.py:914} INFO - Processing file /home/erij/Erij_Mazouz_4DS8_churn_ml_project/venv/lib/python3.8/site-packages/airflow/example_dags/example_bash_decorator.py for tasks to queue
[2025-03-06T23:57:32.810+0100] {logging_mixin.py:190} INFO - [2025-03-06T23:57:32.809+0100] {dagbag.py:588} INFO - Filling up the DagBag from /home/erij/Erij_Mazouz_4DS8_churn_ml_project/venv/lib/python3.8/site-packages/airflow/example_dags/example_bash_decorator.py
[2025-03-06T23:57:32.821+0100] {processor.py:925} INFO - DAG(s) 'example_bash_decorator' retrieved from /home/erij/Erij_Mazouz_4DS8_churn_ml_project/venv/lib/python3.8/site-packages/airflow/example_dags/example_bash_decorator.py
[2025-03-06T23:57:32.833+0100] {logging_mixin.py:190} INFO - [2025-03-06T23:57:32.833+0100] {dag.py:3239} INFO - Sync 1 DAGs
[2025-03-06T23:57:32.843+0100] {logging_mixin.py:190} INFO - [2025-03-06T23:57:32.843+0100] {dag.py:4180} INFO - Setting next_dagrun for example_bash_decorator to None, run_after=None
[2025-03-06T23:57:32.860+0100] {processor.py:208} INFO - Processing /home/erij/Erij_Mazouz_4DS8_churn_ml_project/venv/lib/python3.8/site-packages/airflow/example_dags/example_bash_decorator.py took 0.059 seconds
[2025-03-06T23:58:26.981+0100] {processor.py:186} INFO - Started process (PID=59538) to work on /home/erij/Erij_Mazouz_4DS8_churn_ml_project/venv/lib/python3.8/site-packages/airflow/example_dags/example_bash_decorator.py
[2025-03-06T23:58:26.983+0100] {processor.py:914} INFO - Processing file /home/erij/Erij_Mazouz_4DS8_churn_ml_project/venv/lib/python3.8/site-packages/airflow/example_dags/example_bash_decorator.py for tasks to queue
[2025-03-06T23:58:26.984+0100] {logging_mixin.py:190} INFO - [2025-03-06T23:58:26.984+0100] {dagbag.py:588} INFO - Filling up the DagBag from /home/erij/Erij_Mazouz_4DS8_churn_ml_project/venv/lib/python3.8/site-packages/airflow/example_dags/example_bash_decorator.py
[2025-03-06T23:58:26.997+0100] {processor.py:925} INFO - DAG(s) 'example_bash_decorator' retrieved from /home/erij/Erij_Mazouz_4DS8_churn_ml_project/venv/lib/python3.8/site-packages/airflow/example_dags/example_bash_decorator.py
[2025-03-06T23:58:27.011+0100] {logging_mixin.py:190} INFO - [2025-03-06T23:58:27.011+0100] {dag.py:3239} INFO - Sync 1 DAGs
[2025-03-06T23:58:27.022+0100] {logging_mixin.py:190} INFO - [2025-03-06T23:58:27.022+0100] {dag.py:4180} INFO - Setting next_dagrun for example_bash_decorator to None, run_after=None
[2025-03-06T23:58:27.038+0100] {processor.py:208} INFO - Processing /home/erij/Erij_Mazouz_4DS8_churn_ml_project/venv/lib/python3.8/site-packages/airflow/example_dags/example_bash_decorator.py took 0.063 seconds
[2025-03-06T23:59:18.904+0100] {processor.py:186} INFO - Started process (PID=59684) to work on /home/erij/Erij_Mazouz_4DS8_churn_ml_project/venv/lib/python3.8/site-packages/airflow/example_dags/example_bash_decorator.py
[2025-03-06T23:59:18.906+0100] {processor.py:914} INFO - Processing file /home/erij/Erij_Mazouz_4DS8_churn_ml_project/venv/lib/python3.8/site-packages/airflow/example_dags/example_bash_decorator.py for tasks to queue
[2025-03-06T23:59:18.908+0100] {logging_mixin.py:190} INFO - [2025-03-06T23:59:18.908+0100] {dagbag.py:588} INFO - Filling up the DagBag from /home/erij/Erij_Mazouz_4DS8_churn_ml_project/venv/lib/python3.8/site-packages/airflow/example_dags/example_bash_decorator.py
[2025-03-06T23:59:18.921+0100] {processor.py:925} INFO - DAG(s) 'example_bash_decorator' retrieved from /home/erij/Erij_Mazouz_4DS8_churn_ml_project/venv/lib/python3.8/site-packages/airflow/example_dags/example_bash_decorator.py
[2025-03-06T23:59:18.936+0100] {logging_mixin.py:190} INFO - [2025-03-06T23:59:18.936+0100] {dag.py:3239} INFO - Sync 1 DAGs
[2025-03-06T23:59:18.947+0100] {logging_mixin.py:190} INFO - [2025-03-06T23:59:18.947+0100] {dag.py:4180} INFO - Setting next_dagrun for example_bash_decorator to None, run_after=None
[2025-03-06T23:59:18.965+0100] {processor.py:208} INFO - Processing /home/erij/Erij_Mazouz_4DS8_churn_ml_project/venv/lib/python3.8/site-packages/airflow/example_dags/example_bash_decorator.py took 0.066 seconds
[2025-03-07T00:00:09.281+0100] {processor.py:186} INFO - Started process (PID=59862) to work on /home/erij/Erij_Mazouz_4DS8_churn_ml_project/venv/lib/python3.8/site-packages/airflow/example_dags/example_bash_decorator.py
[2025-03-07T00:00:09.283+0100] {processor.py:914} INFO - Processing file /home/erij/Erij_Mazouz_4DS8_churn_ml_project/venv/lib/python3.8/site-packages/airflow/example_dags/example_bash_decorator.py for tasks to queue
[2025-03-07T00:00:09.285+0100] {logging_mixin.py:190} INFO - [2025-03-07T00:00:09.285+0100] {dagbag.py:588} INFO - Filling up the DagBag from /home/erij/Erij_Mazouz_4DS8_churn_ml_project/venv/lib/python3.8/site-packages/airflow/example_dags/example_bash_decorator.py
[2025-03-07T00:00:09.297+0100] {processor.py:925} INFO - DAG(s) 'example_bash_decorator' retrieved from /home/erij/Erij_Mazouz_4DS8_churn_ml_project/venv/lib/python3.8/site-packages/airflow/example_dags/example_bash_decorator.py
[2025-03-07T00:00:09.311+0100] {logging_mixin.py:190} INFO - [2025-03-07T00:00:09.310+0100] {dag.py:3239} INFO - Sync 1 DAGs
[2025-03-07T00:00:09.321+0100] {logging_mixin.py:190} INFO - [2025-03-07T00:00:09.320+0100] {dag.py:4180} INFO - Setting next_dagrun for example_bash_decorator to None, run_after=None
[2025-03-07T00:00:09.337+0100] {processor.py:208} INFO - Processing /home/erij/Erij_Mazouz_4DS8_churn_ml_project/venv/lib/python3.8/site-packages/airflow/example_dags/example_bash_decorator.py took 0.061 seconds
[2025-03-07T00:01:02.297+0100] {processor.py:186} INFO - Started process (PID=60018) to work on /home/erij/Erij_Mazouz_4DS8_churn_ml_project/venv/lib/python3.8/site-packages/airflow/example_dags/example_bash_decorator.py
[2025-03-07T00:01:02.300+0100] {processor.py:914} INFO - Processing file /home/erij/Erij_Mazouz_4DS8_churn_ml_project/venv/lib/python3.8/site-packages/airflow/example_dags/example_bash_decorator.py for tasks to queue
[2025-03-07T00:01:02.302+0100] {logging_mixin.py:190} INFO - [2025-03-07T00:01:02.301+0100] {dagbag.py:588} INFO - Filling up the DagBag from /home/erij/Erij_Mazouz_4DS8_churn_ml_project/venv/lib/python3.8/site-packages/airflow/example_dags/example_bash_decorator.py
[2025-03-07T00:01:02.316+0100] {processor.py:925} INFO - DAG(s) 'example_bash_decorator' retrieved from /home/erij/Erij_Mazouz_4DS8_churn_ml_project/venv/lib/python3.8/site-packages/airflow/example_dags/example_bash_decorator.py
[2025-03-07T00:01:02.331+0100] {logging_mixin.py:190} INFO - [2025-03-07T00:01:02.331+0100] {dag.py:3239} INFO - Sync 1 DAGs
[2025-03-07T00:01:02.345+0100] {logging_mixin.py:190} INFO - [2025-03-07T00:01:02.345+0100] {dag.py:4180} INFO - Setting next_dagrun for example_bash_decorator to None, run_after=None
[2025-03-07T00:01:02.365+0100] {processor.py:208} INFO - Processing /home/erij/Erij_Mazouz_4DS8_churn_ml_project/venv/lib/python3.8/site-packages/airflow/example_dags/example_bash_decorator.py took 0.073 seconds
[2025-03-07T00:01:57.192+0100] {processor.py:186} INFO - Started process (PID=60190) to work on /home/erij/Erij_Mazouz_4DS8_churn_ml_project/venv/lib/python3.8/site-packages/airflow/example_dags/example_bash_decorator.py
[2025-03-07T00:01:57.194+0100] {processor.py:914} INFO - Processing file /home/erij/Erij_Mazouz_4DS8_churn_ml_project/venv/lib/python3.8/site-packages/airflow/example_dags/example_bash_decorator.py for tasks to queue
[2025-03-07T00:01:57.197+0100] {logging_mixin.py:190} INFO - [2025-03-07T00:01:57.196+0100] {dagbag.py:588} INFO - Filling up the DagBag from /home/erij/Erij_Mazouz_4DS8_churn_ml_project/venv/lib/python3.8/site-packages/airflow/example_dags/example_bash_decorator.py
[2025-03-07T00:01:57.213+0100] {processor.py:925} INFO - DAG(s) 'example_bash_decorator' retrieved from /home/erij/Erij_Mazouz_4DS8_churn_ml_project/venv/lib/python3.8/site-packages/airflow/example_dags/example_bash_decorator.py
[2025-03-07T00:01:57.231+0100] {logging_mixin.py:190} INFO - [2025-03-07T00:01:57.231+0100] {dag.py:3239} INFO - Sync 1 DAGs
[2025-03-07T00:01:57.244+0100] {logging_mixin.py:190} INFO - [2025-03-07T00:01:57.244+0100] {dag.py:4180} INFO - Setting next_dagrun for example_bash_decorator to None, run_after=None
[2025-03-07T00:01:57.262+0100] {processor.py:208} INFO - Processing /home/erij/Erij_Mazouz_4DS8_churn_ml_project/venv/lib/python3.8/site-packages/airflow/example_dags/example_bash_decorator.py took 0.077 seconds
[2025-03-07T00:02:54.711+0100] {processor.py:186} INFO - Started process (PID=60433) to work on /home/erij/Erij_Mazouz_4DS8_churn_ml_project/venv/lib/python3.8/site-packages/airflow/example_dags/example_bash_decorator.py
[2025-03-07T00:02:54.713+0100] {processor.py:914} INFO - Processing file /home/erij/Erij_Mazouz_4DS8_churn_ml_project/venv/lib/python3.8/site-packages/airflow/example_dags/example_bash_decorator.py for tasks to queue
[2025-03-07T00:02:54.715+0100] {logging_mixin.py:190} INFO - [2025-03-07T00:02:54.715+0100] {dagbag.py:588} INFO - Filling up the DagBag from /home/erij/Erij_Mazouz_4DS8_churn_ml_project/venv/lib/python3.8/site-packages/airflow/example_dags/example_bash_decorator.py
[2025-03-07T00:02:54.733+0100] {processor.py:925} INFO - DAG(s) 'example_bash_decorator' retrieved from /home/erij/Erij_Mazouz_4DS8_churn_ml_project/venv/lib/python3.8/site-packages/airflow/example_dags/example_bash_decorator.py
[2025-03-07T00:02:54.751+0100] {logging_mixin.py:190} INFO - [2025-03-07T00:02:54.751+0100] {dag.py:3239} INFO - Sync 1 DAGs
[2025-03-07T00:02:54.764+0100] {logging_mixin.py:190} INFO - [2025-03-07T00:02:54.764+0100] {dag.py:4180} INFO - Setting next_dagrun for example_bash_decorator to None, run_after=None
[2025-03-07T00:02:54.785+0100] {processor.py:208} INFO - Processing /home/erij/Erij_Mazouz_4DS8_churn_ml_project/venv/lib/python3.8/site-packages/airflow/example_dags/example_bash_decorator.py took 0.080 seconds
