[2025-03-06T23:39:34.546+0100] {processor.py:186} INFO - Started process (PID=56046) to work on /home/erij/Erij_Mazouz_4DS8_churn_ml_project/venv/lib/python3.8/site-packages/airflow/example_dags/example_kubernetes_executor.py
[2025-03-06T23:39:34.547+0100] {processor.py:914} INFO - Processing file /home/erij/Erij_Mazouz_4DS8_churn_ml_project/venv/lib/python3.8/site-packages/airflow/example_dags/example_kubernetes_executor.py for tasks to queue
[2025-03-06T23:39:34.551+0100] {logging_mixin.py:190} INFO - [2025-03-06T23:39:34.550+0100] {dagbag.py:588} INFO - Filling up the DagBag from /home/erij/Erij_Mazouz_4DS8_churn_ml_project/venv/lib/python3.8/site-packages/airflow/example_dags/example_kubernetes_executor.py
[2025-03-06T23:39:34.555+0100] {logging_mixin.py:190} INFO - [2025-03-06T23:39:34.555+0100] {example_kubernetes_executor.py:39} WARNING - The example_kubernetes_executor example DAG requires the kubernetes provider. Please install it with: pip install apache-airflow[cncf.kubernetes]
[2025-03-06T23:39:34.555+0100] {processor.py:927} WARNING - No viable dags retrieved from /home/erij/Erij_Mazouz_4DS8_churn_ml_project/venv/lib/python3.8/site-packages/airflow/example_dags/example_kubernetes_executor.py
[2025-03-06T23:39:34.568+0100] {processor.py:208} INFO - Processing /home/erij/Erij_Mazouz_4DS8_churn_ml_project/venv/lib/python3.8/site-packages/airflow/example_dags/example_kubernetes_executor.py took 0.029 seconds
[2025-03-06T23:41:03.119+0100] {processor.py:186} INFO - Started process (PID=56539) to work on /home/erij/Erij_Mazouz_4DS8_churn_ml_project/venv/lib/python3.8/site-packages/airflow/example_dags/example_kubernetes_executor.py
[2025-03-06T23:41:03.120+0100] {processor.py:914} INFO - Processing file /home/erij/Erij_Mazouz_4DS8_churn_ml_project/venv/lib/python3.8/site-packages/airflow/example_dags/example_kubernetes_executor.py for tasks to queue
[2025-03-06T23:41:03.123+0100] {logging_mixin.py:190} INFO - [2025-03-06T23:41:03.122+0100] {dagbag.py:588} INFO - Filling up the DagBag from /home/erij/Erij_Mazouz_4DS8_churn_ml_project/venv/lib/python3.8/site-packages/airflow/example_dags/example_kubernetes_executor.py
[2025-03-06T23:41:03.125+0100] {logging_mixin.py:190} INFO - [2025-03-06T23:41:03.125+0100] {example_kubernetes_executor.py:39} WARNING - The example_kubernetes_executor example DAG requires the kubernetes provider. Please install it with: pip install apache-airflow[cncf.kubernetes]
[2025-03-06T23:41:03.125+0100] {processor.py:927} WARNING - No viable dags retrieved from /home/erij/Erij_Mazouz_4DS8_churn_ml_project/venv/lib/python3.8/site-packages/airflow/example_dags/example_kubernetes_executor.py
[2025-03-06T23:41:03.133+0100] {processor.py:208} INFO - Processing /home/erij/Erij_Mazouz_4DS8_churn_ml_project/venv/lib/python3.8/site-packages/airflow/example_dags/example_kubernetes_executor.py took 0.019 seconds
[2025-03-06T23:41:59.671+0100] {processor.py:186} INFO - Started process (PID=56682) to work on /home/erij/Erij_Mazouz_4DS8_churn_ml_project/venv/lib/python3.8/site-packages/airflow/example_dags/example_kubernetes_executor.py
[2025-03-06T23:41:59.673+0100] {processor.py:914} INFO - Processing file /home/erij/Erij_Mazouz_4DS8_churn_ml_project/venv/lib/python3.8/site-packages/airflow/example_dags/example_kubernetes_executor.py for tasks to queue
[2025-03-06T23:41:59.675+0100] {logging_mixin.py:190} INFO - [2025-03-06T23:41:59.675+0100] {dagbag.py:588} INFO - Filling up the DagBag from /home/erij/Erij_Mazouz_4DS8_churn_ml_project/venv/lib/python3.8/site-packages/airflow/example_dags/example_kubernetes_executor.py
[2025-03-06T23:41:59.678+0100] {logging_mixin.py:190} INFO - [2025-03-06T23:41:59.677+0100] {example_kubernetes_executor.py:39} WARNING - The example_kubernetes_executor example DAG requires the kubernetes provider. Please install it with: pip install apache-airflow[cncf.kubernetes]
[2025-03-06T23:41:59.678+0100] {processor.py:927} WARNING - No viable dags retrieved from /home/erij/Erij_Mazouz_4DS8_churn_ml_project/venv/lib/python3.8/site-packages/airflow/example_dags/example_kubernetes_executor.py
[2025-03-06T23:41:59.685+0100] {processor.py:208} INFO - Processing /home/erij/Erij_Mazouz_4DS8_churn_ml_project/venv/lib/python3.8/site-packages/airflow/example_dags/example_kubernetes_executor.py took 0.019 seconds
[2025-03-06T23:42:53.755+0100] {processor.py:186} INFO - Started process (PID=56801) to work on /home/erij/Erij_Mazouz_4DS8_churn_ml_project/venv/lib/python3.8/site-packages/airflow/example_dags/example_kubernetes_executor.py
[2025-03-06T23:42:53.757+0100] {processor.py:914} INFO - Processing file /home/erij/Erij_Mazouz_4DS8_churn_ml_project/venv/lib/python3.8/site-packages/airflow/example_dags/example_kubernetes_executor.py for tasks to queue
[2025-03-06T23:42:53.759+0100] {logging_mixin.py:190} INFO - [2025-03-06T23:42:53.759+0100] {dagbag.py:588} INFO - Filling up the DagBag from /home/erij/Erij_Mazouz_4DS8_churn_ml_project/venv/lib/python3.8/site-packages/airflow/example_dags/example_kubernetes_executor.py
[2025-03-06T23:42:53.762+0100] {logging_mixin.py:190} INFO - [2025-03-06T23:42:53.762+0100] {example_kubernetes_executor.py:39} WARNING - The example_kubernetes_executor example DAG requires the kubernetes provider. Please install it with: pip install apache-airflow[cncf.kubernetes]
[2025-03-06T23:42:53.762+0100] {processor.py:927} WARNING - No viable dags retrieved from /home/erij/Erij_Mazouz_4DS8_churn_ml_project/venv/lib/python3.8/site-packages/airflow/example_dags/example_kubernetes_executor.py
[2025-03-06T23:42:53.770+0100] {processor.py:208} INFO - Processing /home/erij/Erij_Mazouz_4DS8_churn_ml_project/venv/lib/python3.8/site-packages/airflow/example_dags/example_kubernetes_executor.py took 0.019 seconds
[2025-03-06T23:43:46.415+0100] {processor.py:186} INFO - Started process (PID=56922) to work on /home/erij/Erij_Mazouz_4DS8_churn_ml_project/venv/lib/python3.8/site-packages/airflow/example_dags/example_kubernetes_executor.py
[2025-03-06T23:43:46.416+0100] {processor.py:914} INFO - Processing file /home/erij/Erij_Mazouz_4DS8_churn_ml_project/venv/lib/python3.8/site-packages/airflow/example_dags/example_kubernetes_executor.py for tasks to queue
[2025-03-06T23:43:46.418+0100] {logging_mixin.py:190} INFO - [2025-03-06T23:43:46.418+0100] {dagbag.py:588} INFO - Filling up the DagBag from /home/erij/Erij_Mazouz_4DS8_churn_ml_project/venv/lib/python3.8/site-packages/airflow/example_dags/example_kubernetes_executor.py
[2025-03-06T23:43:46.421+0100] {logging_mixin.py:190} INFO - [2025-03-06T23:43:46.420+0100] {example_kubernetes_executor.py:39} WARNING - The example_kubernetes_executor example DAG requires the kubernetes provider. Please install it with: pip install apache-airflow[cncf.kubernetes]
[2025-03-06T23:43:46.421+0100] {processor.py:927} WARNING - No viable dags retrieved from /home/erij/Erij_Mazouz_4DS8_churn_ml_project/venv/lib/python3.8/site-packages/airflow/example_dags/example_kubernetes_executor.py
[2025-03-06T23:43:46.428+0100] {processor.py:208} INFO - Processing /home/erij/Erij_Mazouz_4DS8_churn_ml_project/venv/lib/python3.8/site-packages/airflow/example_dags/example_kubernetes_executor.py took 0.018 seconds
[2025-03-06T23:44:59.968+0100] {processor.py:186} INFO - Started process (PID=57126) to work on /home/erij/Erij_Mazouz_4DS8_churn_ml_project/venv/lib/python3.8/site-packages/airflow/example_dags/example_kubernetes_executor.py
[2025-03-06T23:44:59.971+0100] {processor.py:914} INFO - Processing file /home/erij/Erij_Mazouz_4DS8_churn_ml_project/venv/lib/python3.8/site-packages/airflow/example_dags/example_kubernetes_executor.py for tasks to queue
[2025-03-06T23:44:59.972+0100] {logging_mixin.py:190} INFO - [2025-03-06T23:44:59.972+0100] {dagbag.py:588} INFO - Filling up the DagBag from /home/erij/Erij_Mazouz_4DS8_churn_ml_project/venv/lib/python3.8/site-packages/airflow/example_dags/example_kubernetes_executor.py
[2025-03-06T23:44:59.975+0100] {logging_mixin.py:190} INFO - [2025-03-06T23:44:59.975+0100] {example_kubernetes_executor.py:39} WARNING - The example_kubernetes_executor example DAG requires the kubernetes provider. Please install it with: pip install apache-airflow[cncf.kubernetes]
[2025-03-06T23:44:59.975+0100] {processor.py:927} WARNING - No viable dags retrieved from /home/erij/Erij_Mazouz_4DS8_churn_ml_project/venv/lib/python3.8/site-packages/airflow/example_dags/example_kubernetes_executor.py
[2025-03-06T23:44:59.982+0100] {processor.py:208} INFO - Processing /home/erij/Erij_Mazouz_4DS8_churn_ml_project/venv/lib/python3.8/site-packages/airflow/example_dags/example_kubernetes_executor.py took 0.019 seconds
[2025-03-06T23:45:57.425+0100] {processor.py:186} INFO - Started process (PID=57249) to work on /home/erij/Erij_Mazouz_4DS8_churn_ml_project/venv/lib/python3.8/site-packages/airflow/example_dags/example_kubernetes_executor.py
[2025-03-06T23:45:57.433+0100] {processor.py:914} INFO - Processing file /home/erij/Erij_Mazouz_4DS8_churn_ml_project/venv/lib/python3.8/site-packages/airflow/example_dags/example_kubernetes_executor.py for tasks to queue
[2025-03-06T23:45:57.435+0100] {logging_mixin.py:190} INFO - [2025-03-06T23:45:57.435+0100] {dagbag.py:588} INFO - Filling up the DagBag from /home/erij/Erij_Mazouz_4DS8_churn_ml_project/venv/lib/python3.8/site-packages/airflow/example_dags/example_kubernetes_executor.py
[2025-03-06T23:45:57.437+0100] {logging_mixin.py:190} INFO - [2025-03-06T23:45:57.437+0100] {example_kubernetes_executor.py:39} WARNING - The example_kubernetes_executor example DAG requires the kubernetes provider. Please install it with: pip install apache-airflow[cncf.kubernetes]
[2025-03-06T23:45:57.437+0100] {processor.py:927} WARNING - No viable dags retrieved from /home/erij/Erij_Mazouz_4DS8_churn_ml_project/venv/lib/python3.8/site-packages/airflow/example_dags/example_kubernetes_executor.py
[2025-03-06T23:45:57.445+0100] {processor.py:208} INFO - Processing /home/erij/Erij_Mazouz_4DS8_churn_ml_project/venv/lib/python3.8/site-packages/airflow/example_dags/example_kubernetes_executor.py took 0.026 seconds
[2025-03-06T23:46:54.882+0100] {processor.py:186} INFO - Started process (PID=57368) to work on /home/erij/Erij_Mazouz_4DS8_churn_ml_project/venv/lib/python3.8/site-packages/airflow/example_dags/example_kubernetes_executor.py
[2025-03-06T23:46:54.884+0100] {processor.py:914} INFO - Processing file /home/erij/Erij_Mazouz_4DS8_churn_ml_project/venv/lib/python3.8/site-packages/airflow/example_dags/example_kubernetes_executor.py for tasks to queue
[2025-03-06T23:46:54.886+0100] {logging_mixin.py:190} INFO - [2025-03-06T23:46:54.886+0100] {dagbag.py:588} INFO - Filling up the DagBag from /home/erij/Erij_Mazouz_4DS8_churn_ml_project/venv/lib/python3.8/site-packages/airflow/example_dags/example_kubernetes_executor.py
[2025-03-06T23:46:54.889+0100] {logging_mixin.py:190} INFO - [2025-03-06T23:46:54.888+0100] {example_kubernetes_executor.py:39} WARNING - The example_kubernetes_executor example DAG requires the kubernetes provider. Please install it with: pip install apache-airflow[cncf.kubernetes]
[2025-03-06T23:46:54.889+0100] {processor.py:927} WARNING - No viable dags retrieved from /home/erij/Erij_Mazouz_4DS8_churn_ml_project/venv/lib/python3.8/site-packages/airflow/example_dags/example_kubernetes_executor.py
[2025-03-06T23:46:54.896+0100] {processor.py:208} INFO - Processing /home/erij/Erij_Mazouz_4DS8_churn_ml_project/venv/lib/python3.8/site-packages/airflow/example_dags/example_kubernetes_executor.py took 0.019 seconds
[2025-03-06T23:47:50.107+0100] {processor.py:186} INFO - Started process (PID=57477) to work on /home/erij/Erij_Mazouz_4DS8_churn_ml_project/venv/lib/python3.8/site-packages/airflow/example_dags/example_kubernetes_executor.py
[2025-03-06T23:47:50.110+0100] {processor.py:914} INFO - Processing file /home/erij/Erij_Mazouz_4DS8_churn_ml_project/venv/lib/python3.8/site-packages/airflow/example_dags/example_kubernetes_executor.py for tasks to queue
[2025-03-06T23:47:50.113+0100] {logging_mixin.py:190} INFO - [2025-03-06T23:47:50.113+0100] {dagbag.py:588} INFO - Filling up the DagBag from /home/erij/Erij_Mazouz_4DS8_churn_ml_project/venv/lib/python3.8/site-packages/airflow/example_dags/example_kubernetes_executor.py
[2025-03-06T23:47:50.118+0100] {logging_mixin.py:190} INFO - [2025-03-06T23:47:50.118+0100] {example_kubernetes_executor.py:39} WARNING - The example_kubernetes_executor example DAG requires the kubernetes provider. Please install it with: pip install apache-airflow[cncf.kubernetes]
[2025-03-06T23:47:50.118+0100] {processor.py:927} WARNING - No viable dags retrieved from /home/erij/Erij_Mazouz_4DS8_churn_ml_project/venv/lib/python3.8/site-packages/airflow/example_dags/example_kubernetes_executor.py
[2025-03-06T23:47:50.128+0100] {processor.py:208} INFO - Processing /home/erij/Erij_Mazouz_4DS8_churn_ml_project/venv/lib/python3.8/site-packages/airflow/example_dags/example_kubernetes_executor.py took 0.027 seconds
[2025-03-06T23:48:47.970+0100] {processor.py:186} INFO - Started process (PID=57595) to work on /home/erij/Erij_Mazouz_4DS8_churn_ml_project/venv/lib/python3.8/site-packages/airflow/example_dags/example_kubernetes_executor.py
[2025-03-06T23:48:47.972+0100] {processor.py:914} INFO - Processing file /home/erij/Erij_Mazouz_4DS8_churn_ml_project/venv/lib/python3.8/site-packages/airflow/example_dags/example_kubernetes_executor.py for tasks to queue
[2025-03-06T23:48:47.974+0100] {logging_mixin.py:190} INFO - [2025-03-06T23:48:47.973+0100] {dagbag.py:588} INFO - Filling up the DagBag from /home/erij/Erij_Mazouz_4DS8_churn_ml_project/venv/lib/python3.8/site-packages/airflow/example_dags/example_kubernetes_executor.py
[2025-03-06T23:48:47.976+0100] {logging_mixin.py:190} INFO - [2025-03-06T23:48:47.976+0100] {example_kubernetes_executor.py:39} WARNING - The example_kubernetes_executor example DAG requires the kubernetes provider. Please install it with: pip install apache-airflow[cncf.kubernetes]
[2025-03-06T23:48:47.976+0100] {processor.py:927} WARNING - No viable dags retrieved from /home/erij/Erij_Mazouz_4DS8_churn_ml_project/venv/lib/python3.8/site-packages/airflow/example_dags/example_kubernetes_executor.py
[2025-03-06T23:48:47.984+0100] {processor.py:208} INFO - Processing /home/erij/Erij_Mazouz_4DS8_churn_ml_project/venv/lib/python3.8/site-packages/airflow/example_dags/example_kubernetes_executor.py took 0.020 seconds
[2025-03-06T23:49:44.166+0100] {processor.py:186} INFO - Started process (PID=57704) to work on /home/erij/Erij_Mazouz_4DS8_churn_ml_project/venv/lib/python3.8/site-packages/airflow/example_dags/example_kubernetes_executor.py
[2025-03-06T23:49:44.167+0100] {processor.py:914} INFO - Processing file /home/erij/Erij_Mazouz_4DS8_churn_ml_project/venv/lib/python3.8/site-packages/airflow/example_dags/example_kubernetes_executor.py for tasks to queue
[2025-03-06T23:49:44.169+0100] {logging_mixin.py:190} INFO - [2025-03-06T23:49:44.169+0100] {dagbag.py:588} INFO - Filling up the DagBag from /home/erij/Erij_Mazouz_4DS8_churn_ml_project/venv/lib/python3.8/site-packages/airflow/example_dags/example_kubernetes_executor.py
[2025-03-06T23:49:44.172+0100] {logging_mixin.py:190} INFO - [2025-03-06T23:49:44.172+0100] {example_kubernetes_executor.py:39} WARNING - The example_kubernetes_executor example DAG requires the kubernetes provider. Please install it with: pip install apache-airflow[cncf.kubernetes]
[2025-03-06T23:49:44.172+0100] {processor.py:927} WARNING - No viable dags retrieved from /home/erij/Erij_Mazouz_4DS8_churn_ml_project/venv/lib/python3.8/site-packages/airflow/example_dags/example_kubernetes_executor.py
[2025-03-06T23:49:44.182+0100] {processor.py:208} INFO - Processing /home/erij/Erij_Mazouz_4DS8_churn_ml_project/venv/lib/python3.8/site-packages/airflow/example_dags/example_kubernetes_executor.py took 0.022 seconds
[2025-03-06T23:50:38.269+0100] {processor.py:186} INFO - Started process (PID=57819) to work on /home/erij/Erij_Mazouz_4DS8_churn_ml_project/venv/lib/python3.8/site-packages/airflow/example_dags/example_kubernetes_executor.py
[2025-03-06T23:50:38.271+0100] {processor.py:914} INFO - Processing file /home/erij/Erij_Mazouz_4DS8_churn_ml_project/venv/lib/python3.8/site-packages/airflow/example_dags/example_kubernetes_executor.py for tasks to queue
[2025-03-06T23:50:38.273+0100] {logging_mixin.py:190} INFO - [2025-03-06T23:50:38.273+0100] {dagbag.py:588} INFO - Filling up the DagBag from /home/erij/Erij_Mazouz_4DS8_churn_ml_project/venv/lib/python3.8/site-packages/airflow/example_dags/example_kubernetes_executor.py
[2025-03-06T23:50:38.276+0100] {logging_mixin.py:190} INFO - [2025-03-06T23:50:38.276+0100] {example_kubernetes_executor.py:39} WARNING - The example_kubernetes_executor example DAG requires the kubernetes provider. Please install it with: pip install apache-airflow[cncf.kubernetes]
[2025-03-06T23:50:38.276+0100] {processor.py:927} WARNING - No viable dags retrieved from /home/erij/Erij_Mazouz_4DS8_churn_ml_project/venv/lib/python3.8/site-packages/airflow/example_dags/example_kubernetes_executor.py
[2025-03-06T23:50:38.283+0100] {processor.py:208} INFO - Processing /home/erij/Erij_Mazouz_4DS8_churn_ml_project/venv/lib/python3.8/site-packages/airflow/example_dags/example_kubernetes_executor.py took 0.019 seconds
[2025-03-06T23:51:33.949+0100] {processor.py:186} INFO - Started process (PID=57927) to work on /home/erij/Erij_Mazouz_4DS8_churn_ml_project/venv/lib/python3.8/site-packages/airflow/example_dags/example_kubernetes_executor.py
[2025-03-06T23:51:33.951+0100] {processor.py:914} INFO - Processing file /home/erij/Erij_Mazouz_4DS8_churn_ml_project/venv/lib/python3.8/site-packages/airflow/example_dags/example_kubernetes_executor.py for tasks to queue
[2025-03-06T23:51:33.952+0100] {logging_mixin.py:190} INFO - [2025-03-06T23:51:33.952+0100] {dagbag.py:588} INFO - Filling up the DagBag from /home/erij/Erij_Mazouz_4DS8_churn_ml_project/venv/lib/python3.8/site-packages/airflow/example_dags/example_kubernetes_executor.py
[2025-03-06T23:51:33.955+0100] {logging_mixin.py:190} INFO - [2025-03-06T23:51:33.955+0100] {example_kubernetes_executor.py:39} WARNING - The example_kubernetes_executor example DAG requires the kubernetes provider. Please install it with: pip install apache-airflow[cncf.kubernetes]
[2025-03-06T23:51:33.955+0100] {processor.py:927} WARNING - No viable dags retrieved from /home/erij/Erij_Mazouz_4DS8_churn_ml_project/venv/lib/python3.8/site-packages/airflow/example_dags/example_kubernetes_executor.py
[2025-03-06T23:51:33.962+0100] {processor.py:208} INFO - Processing /home/erij/Erij_Mazouz_4DS8_churn_ml_project/venv/lib/python3.8/site-packages/airflow/example_dags/example_kubernetes_executor.py took 0.019 seconds
[2025-03-06T23:52:29.574+0100] {processor.py:186} INFO - Started process (PID=58046) to work on /home/erij/Erij_Mazouz_4DS8_churn_ml_project/venv/lib/python3.8/site-packages/airflow/example_dags/example_kubernetes_executor.py
[2025-03-06T23:52:29.577+0100] {processor.py:914} INFO - Processing file /home/erij/Erij_Mazouz_4DS8_churn_ml_project/venv/lib/python3.8/site-packages/airflow/example_dags/example_kubernetes_executor.py for tasks to queue
[2025-03-06T23:52:29.579+0100] {logging_mixin.py:190} INFO - [2025-03-06T23:52:29.579+0100] {dagbag.py:588} INFO - Filling up the DagBag from /home/erij/Erij_Mazouz_4DS8_churn_ml_project/venv/lib/python3.8/site-packages/airflow/example_dags/example_kubernetes_executor.py
[2025-03-06T23:52:29.582+0100] {logging_mixin.py:190} INFO - [2025-03-06T23:52:29.581+0100] {example_kubernetes_executor.py:39} WARNING - The example_kubernetes_executor example DAG requires the kubernetes provider. Please install it with: pip install apache-airflow[cncf.kubernetes]
[2025-03-06T23:52:29.582+0100] {processor.py:927} WARNING - No viable dags retrieved from /home/erij/Erij_Mazouz_4DS8_churn_ml_project/venv/lib/python3.8/site-packages/airflow/example_dags/example_kubernetes_executor.py
[2025-03-06T23:52:29.590+0100] {processor.py:208} INFO - Processing /home/erij/Erij_Mazouz_4DS8_churn_ml_project/venv/lib/python3.8/site-packages/airflow/example_dags/example_kubernetes_executor.py took 0.022 seconds
[2025-03-06T23:53:27.035+0100] {processor.py:186} INFO - Started process (PID=58162) to work on /home/erij/Erij_Mazouz_4DS8_churn_ml_project/venv/lib/python3.8/site-packages/airflow/example_dags/example_kubernetes_executor.py
[2025-03-06T23:53:27.037+0100] {processor.py:914} INFO - Processing file /home/erij/Erij_Mazouz_4DS8_churn_ml_project/venv/lib/python3.8/site-packages/airflow/example_dags/example_kubernetes_executor.py for tasks to queue
[2025-03-06T23:53:27.039+0100] {logging_mixin.py:190} INFO - [2025-03-06T23:53:27.039+0100] {dagbag.py:588} INFO - Filling up the DagBag from /home/erij/Erij_Mazouz_4DS8_churn_ml_project/venv/lib/python3.8/site-packages/airflow/example_dags/example_kubernetes_executor.py
[2025-03-06T23:53:27.041+0100] {logging_mixin.py:190} INFO - [2025-03-06T23:53:27.041+0100] {example_kubernetes_executor.py:39} WARNING - The example_kubernetes_executor example DAG requires the kubernetes provider. Please install it with: pip install apache-airflow[cncf.kubernetes]
[2025-03-06T23:53:27.042+0100] {processor.py:927} WARNING - No viable dags retrieved from /home/erij/Erij_Mazouz_4DS8_churn_ml_project/venv/lib/python3.8/site-packages/airflow/example_dags/example_kubernetes_executor.py
[2025-03-06T23:53:27.049+0100] {processor.py:208} INFO - Processing /home/erij/Erij_Mazouz_4DS8_churn_ml_project/venv/lib/python3.8/site-packages/airflow/example_dags/example_kubernetes_executor.py took 0.020 seconds
[2025-03-06T23:54:23.850+0100] {processor.py:186} INFO - Started process (PID=58535) to work on /home/erij/Erij_Mazouz_4DS8_churn_ml_project/venv/lib/python3.8/site-packages/airflow/example_dags/example_kubernetes_executor.py
[2025-03-06T23:54:23.853+0100] {processor.py:914} INFO - Processing file /home/erij/Erij_Mazouz_4DS8_churn_ml_project/venv/lib/python3.8/site-packages/airflow/example_dags/example_kubernetes_executor.py for tasks to queue
[2025-03-06T23:54:23.856+0100] {logging_mixin.py:190} INFO - [2025-03-06T23:54:23.855+0100] {dagbag.py:588} INFO - Filling up the DagBag from /home/erij/Erij_Mazouz_4DS8_churn_ml_project/venv/lib/python3.8/site-packages/airflow/example_dags/example_kubernetes_executor.py
[2025-03-06T23:54:23.859+0100] {logging_mixin.py:190} INFO - [2025-03-06T23:54:23.858+0100] {example_kubernetes_executor.py:39} WARNING - The example_kubernetes_executor example DAG requires the kubernetes provider. Please install it with: pip install apache-airflow[cncf.kubernetes]
[2025-03-06T23:54:23.859+0100] {processor.py:927} WARNING - No viable dags retrieved from /home/erij/Erij_Mazouz_4DS8_churn_ml_project/venv/lib/python3.8/site-packages/airflow/example_dags/example_kubernetes_executor.py
[2025-03-06T23:54:23.866+0100] {processor.py:208} INFO - Processing /home/erij/Erij_Mazouz_4DS8_churn_ml_project/venv/lib/python3.8/site-packages/airflow/example_dags/example_kubernetes_executor.py took 0.022 seconds
[2025-03-06T23:55:22.327+0100] {processor.py:186} INFO - Started process (PID=59027) to work on /home/erij/Erij_Mazouz_4DS8_churn_ml_project/venv/lib/python3.8/site-packages/airflow/example_dags/example_kubernetes_executor.py
[2025-03-06T23:55:22.329+0100] {processor.py:914} INFO - Processing file /home/erij/Erij_Mazouz_4DS8_churn_ml_project/venv/lib/python3.8/site-packages/airflow/example_dags/example_kubernetes_executor.py for tasks to queue
[2025-03-06T23:55:22.331+0100] {logging_mixin.py:190} INFO - [2025-03-06T23:55:22.330+0100] {dagbag.py:588} INFO - Filling up the DagBag from /home/erij/Erij_Mazouz_4DS8_churn_ml_project/venv/lib/python3.8/site-packages/airflow/example_dags/example_kubernetes_executor.py
[2025-03-06T23:55:22.333+0100] {logging_mixin.py:190} INFO - [2025-03-06T23:55:22.333+0100] {example_kubernetes_executor.py:39} WARNING - The example_kubernetes_executor example DAG requires the kubernetes provider. Please install it with: pip install apache-airflow[cncf.kubernetes]
[2025-03-06T23:55:22.333+0100] {processor.py:927} WARNING - No viable dags retrieved from /home/erij/Erij_Mazouz_4DS8_churn_ml_project/venv/lib/python3.8/site-packages/airflow/example_dags/example_kubernetes_executor.py
[2025-03-06T23:55:22.341+0100] {processor.py:208} INFO - Processing /home/erij/Erij_Mazouz_4DS8_churn_ml_project/venv/lib/python3.8/site-packages/airflow/example_dags/example_kubernetes_executor.py took 0.019 seconds
[2025-03-06T23:56:22.632+0100] {processor.py:186} INFO - Started process (PID=59230) to work on /home/erij/Erij_Mazouz_4DS8_churn_ml_project/venv/lib/python3.8/site-packages/airflow/example_dags/example_kubernetes_executor.py
[2025-03-06T23:56:22.634+0100] {processor.py:914} INFO - Processing file /home/erij/Erij_Mazouz_4DS8_churn_ml_project/venv/lib/python3.8/site-packages/airflow/example_dags/example_kubernetes_executor.py for tasks to queue
[2025-03-06T23:56:22.636+0100] {logging_mixin.py:190} INFO - [2025-03-06T23:56:22.636+0100] {dagbag.py:588} INFO - Filling up the DagBag from /home/erij/Erij_Mazouz_4DS8_churn_ml_project/venv/lib/python3.8/site-packages/airflow/example_dags/example_kubernetes_executor.py
[2025-03-06T23:56:22.638+0100] {logging_mixin.py:190} INFO - [2025-03-06T23:56:22.638+0100] {example_kubernetes_executor.py:39} WARNING - The example_kubernetes_executor example DAG requires the kubernetes provider. Please install it with: pip install apache-airflow[cncf.kubernetes]
[2025-03-06T23:56:22.639+0100] {processor.py:927} WARNING - No viable dags retrieved from /home/erij/Erij_Mazouz_4DS8_churn_ml_project/venv/lib/python3.8/site-packages/airflow/example_dags/example_kubernetes_executor.py
[2025-03-06T23:56:22.646+0100] {processor.py:208} INFO - Processing /home/erij/Erij_Mazouz_4DS8_churn_ml_project/venv/lib/python3.8/site-packages/airflow/example_dags/example_kubernetes_executor.py took 0.018 seconds
[2025-03-06T23:57:18.190+0100] {processor.py:186} INFO - Started process (PID=59361) to work on /home/erij/Erij_Mazouz_4DS8_churn_ml_project/venv/lib/python3.8/site-packages/airflow/example_dags/example_kubernetes_executor.py
[2025-03-06T23:57:18.192+0100] {processor.py:914} INFO - Processing file /home/erij/Erij_Mazouz_4DS8_churn_ml_project/venv/lib/python3.8/site-packages/airflow/example_dags/example_kubernetes_executor.py for tasks to queue
[2025-03-06T23:57:18.194+0100] {logging_mixin.py:190} INFO - [2025-03-06T23:57:18.194+0100] {dagbag.py:588} INFO - Filling up the DagBag from /home/erij/Erij_Mazouz_4DS8_churn_ml_project/venv/lib/python3.8/site-packages/airflow/example_dags/example_kubernetes_executor.py
[2025-03-06T23:57:18.197+0100] {logging_mixin.py:190} INFO - [2025-03-06T23:57:18.197+0100] {example_kubernetes_executor.py:39} WARNING - The example_kubernetes_executor example DAG requires the kubernetes provider. Please install it with: pip install apache-airflow[cncf.kubernetes]
[2025-03-06T23:57:18.197+0100] {processor.py:927} WARNING - No viable dags retrieved from /home/erij/Erij_Mazouz_4DS8_churn_ml_project/venv/lib/python3.8/site-packages/airflow/example_dags/example_kubernetes_executor.py
[2025-03-06T23:57:18.205+0100] {processor.py:208} INFO - Processing /home/erij/Erij_Mazouz_4DS8_churn_ml_project/venv/lib/python3.8/site-packages/airflow/example_dags/example_kubernetes_executor.py took 0.021 seconds
[2025-03-06T23:58:14.267+0100] {processor.py:186} INFO - Started process (PID=59499) to work on /home/erij/Erij_Mazouz_4DS8_churn_ml_project/venv/lib/python3.8/site-packages/airflow/example_dags/example_kubernetes_executor.py
[2025-03-06T23:58:14.269+0100] {processor.py:914} INFO - Processing file /home/erij/Erij_Mazouz_4DS8_churn_ml_project/venv/lib/python3.8/site-packages/airflow/example_dags/example_kubernetes_executor.py for tasks to queue
[2025-03-06T23:58:14.271+0100] {logging_mixin.py:190} INFO - [2025-03-06T23:58:14.270+0100] {dagbag.py:588} INFO - Filling up the DagBag from /home/erij/Erij_Mazouz_4DS8_churn_ml_project/venv/lib/python3.8/site-packages/airflow/example_dags/example_kubernetes_executor.py
[2025-03-06T23:58:14.273+0100] {logging_mixin.py:190} INFO - [2025-03-06T23:58:14.273+0100] {example_kubernetes_executor.py:39} WARNING - The example_kubernetes_executor example DAG requires the kubernetes provider. Please install it with: pip install apache-airflow[cncf.kubernetes]
[2025-03-06T23:58:14.273+0100] {processor.py:927} WARNING - No viable dags retrieved from /home/erij/Erij_Mazouz_4DS8_churn_ml_project/venv/lib/python3.8/site-packages/airflow/example_dags/example_kubernetes_executor.py
[2025-03-06T23:58:14.280+0100] {processor.py:208} INFO - Processing /home/erij/Erij_Mazouz_4DS8_churn_ml_project/venv/lib/python3.8/site-packages/airflow/example_dags/example_kubernetes_executor.py took 0.017 seconds
[2025-03-06T23:59:05.223+0100] {processor.py:186} INFO - Started process (PID=59653) to work on /home/erij/Erij_Mazouz_4DS8_churn_ml_project/venv/lib/python3.8/site-packages/airflow/example_dags/example_kubernetes_executor.py
[2025-03-06T23:59:05.225+0100] {processor.py:914} INFO - Processing file /home/erij/Erij_Mazouz_4DS8_churn_ml_project/venv/lib/python3.8/site-packages/airflow/example_dags/example_kubernetes_executor.py for tasks to queue
[2025-03-06T23:59:05.227+0100] {logging_mixin.py:190} INFO - [2025-03-06T23:59:05.227+0100] {dagbag.py:588} INFO - Filling up the DagBag from /home/erij/Erij_Mazouz_4DS8_churn_ml_project/venv/lib/python3.8/site-packages/airflow/example_dags/example_kubernetes_executor.py
[2025-03-06T23:59:05.229+0100] {logging_mixin.py:190} INFO - [2025-03-06T23:59:05.229+0100] {example_kubernetes_executor.py:39} WARNING - The example_kubernetes_executor example DAG requires the kubernetes provider. Please install it with: pip install apache-airflow[cncf.kubernetes]
[2025-03-06T23:59:05.230+0100] {processor.py:927} WARNING - No viable dags retrieved from /home/erij/Erij_Mazouz_4DS8_churn_ml_project/venv/lib/python3.8/site-packages/airflow/example_dags/example_kubernetes_executor.py
[2025-03-06T23:59:05.237+0100] {processor.py:208} INFO - Processing /home/erij/Erij_Mazouz_4DS8_churn_ml_project/venv/lib/python3.8/site-packages/airflow/example_dags/example_kubernetes_executor.py took 0.018 seconds
[2025-03-06T23:59:56.641+0100] {processor.py:186} INFO - Started process (PID=59793) to work on /home/erij/Erij_Mazouz_4DS8_churn_ml_project/venv/lib/python3.8/site-packages/airflow/example_dags/example_kubernetes_executor.py
[2025-03-06T23:59:56.643+0100] {processor.py:914} INFO - Processing file /home/erij/Erij_Mazouz_4DS8_churn_ml_project/venv/lib/python3.8/site-packages/airflow/example_dags/example_kubernetes_executor.py for tasks to queue
[2025-03-06T23:59:56.645+0100] {logging_mixin.py:190} INFO - [2025-03-06T23:59:56.645+0100] {dagbag.py:588} INFO - Filling up the DagBag from /home/erij/Erij_Mazouz_4DS8_churn_ml_project/venv/lib/python3.8/site-packages/airflow/example_dags/example_kubernetes_executor.py
[2025-03-06T23:59:56.648+0100] {logging_mixin.py:190} INFO - [2025-03-06T23:59:56.648+0100] {example_kubernetes_executor.py:39} WARNING - The example_kubernetes_executor example DAG requires the kubernetes provider. Please install it with: pip install apache-airflow[cncf.kubernetes]
[2025-03-06T23:59:56.648+0100] {processor.py:927} WARNING - No viable dags retrieved from /home/erij/Erij_Mazouz_4DS8_churn_ml_project/venv/lib/python3.8/site-packages/airflow/example_dags/example_kubernetes_executor.py
[2025-03-06T23:59:56.655+0100] {processor.py:208} INFO - Processing /home/erij/Erij_Mazouz_4DS8_churn_ml_project/venv/lib/python3.8/site-packages/airflow/example_dags/example_kubernetes_executor.py took 0.020 seconds
[2025-03-07T00:00:49.141+0100] {processor.py:186} INFO - Started process (PID=59990) to work on /home/erij/Erij_Mazouz_4DS8_churn_ml_project/venv/lib/python3.8/site-packages/airflow/example_dags/example_kubernetes_executor.py
[2025-03-07T00:00:49.143+0100] {processor.py:914} INFO - Processing file /home/erij/Erij_Mazouz_4DS8_churn_ml_project/venv/lib/python3.8/site-packages/airflow/example_dags/example_kubernetes_executor.py for tasks to queue
[2025-03-07T00:00:49.145+0100] {logging_mixin.py:190} INFO - [2025-03-07T00:00:49.145+0100] {dagbag.py:588} INFO - Filling up the DagBag from /home/erij/Erij_Mazouz_4DS8_churn_ml_project/venv/lib/python3.8/site-packages/airflow/example_dags/example_kubernetes_executor.py
[2025-03-07T00:00:49.148+0100] {logging_mixin.py:190} INFO - [2025-03-07T00:00:49.148+0100] {example_kubernetes_executor.py:39} WARNING - The example_kubernetes_executor example DAG requires the kubernetes provider. Please install it with: pip install apache-airflow[cncf.kubernetes]
[2025-03-07T00:00:49.148+0100] {processor.py:927} WARNING - No viable dags retrieved from /home/erij/Erij_Mazouz_4DS8_churn_ml_project/venv/lib/python3.8/site-packages/airflow/example_dags/example_kubernetes_executor.py
[2025-03-07T00:00:49.157+0100] {processor.py:208} INFO - Processing /home/erij/Erij_Mazouz_4DS8_churn_ml_project/venv/lib/python3.8/site-packages/airflow/example_dags/example_kubernetes_executor.py took 0.021 seconds
[2025-03-07T00:01:42.516+0100] {processor.py:186} INFO - Started process (PID=60148) to work on /home/erij/Erij_Mazouz_4DS8_churn_ml_project/venv/lib/python3.8/site-packages/airflow/example_dags/example_kubernetes_executor.py
[2025-03-07T00:01:42.518+0100] {processor.py:914} INFO - Processing file /home/erij/Erij_Mazouz_4DS8_churn_ml_project/venv/lib/python3.8/site-packages/airflow/example_dags/example_kubernetes_executor.py for tasks to queue
[2025-03-07T00:01:42.519+0100] {logging_mixin.py:190} INFO - [2025-03-07T00:01:42.519+0100] {dagbag.py:588} INFO - Filling up the DagBag from /home/erij/Erij_Mazouz_4DS8_churn_ml_project/venv/lib/python3.8/site-packages/airflow/example_dags/example_kubernetes_executor.py
[2025-03-07T00:01:42.522+0100] {logging_mixin.py:190} INFO - [2025-03-07T00:01:42.522+0100] {example_kubernetes_executor.py:39} WARNING - The example_kubernetes_executor example DAG requires the kubernetes provider. Please install it with: pip install apache-airflow[cncf.kubernetes]
[2025-03-07T00:01:42.522+0100] {processor.py:927} WARNING - No viable dags retrieved from /home/erij/Erij_Mazouz_4DS8_churn_ml_project/venv/lib/python3.8/site-packages/airflow/example_dags/example_kubernetes_executor.py
[2025-03-07T00:01:42.530+0100] {processor.py:208} INFO - Processing /home/erij/Erij_Mazouz_4DS8_churn_ml_project/venv/lib/python3.8/site-packages/airflow/example_dags/example_kubernetes_executor.py took 0.019 seconds
[2025-03-07T00:02:38.456+0100] {processor.py:186} INFO - Started process (PID=60364) to work on /home/erij/Erij_Mazouz_4DS8_churn_ml_project/venv/lib/python3.8/site-packages/airflow/example_dags/example_kubernetes_executor.py
[2025-03-07T00:02:38.458+0100] {processor.py:914} INFO - Processing file /home/erij/Erij_Mazouz_4DS8_churn_ml_project/venv/lib/python3.8/site-packages/airflow/example_dags/example_kubernetes_executor.py for tasks to queue
[2025-03-07T00:02:38.460+0100] {logging_mixin.py:190} INFO - [2025-03-07T00:02:38.459+0100] {dagbag.py:588} INFO - Filling up the DagBag from /home/erij/Erij_Mazouz_4DS8_churn_ml_project/venv/lib/python3.8/site-packages/airflow/example_dags/example_kubernetes_executor.py
[2025-03-07T00:02:38.462+0100] {logging_mixin.py:190} INFO - [2025-03-07T00:02:38.462+0100] {example_kubernetes_executor.py:39} WARNING - The example_kubernetes_executor example DAG requires the kubernetes provider. Please install it with: pip install apache-airflow[cncf.kubernetes]
[2025-03-07T00:02:38.463+0100] {processor.py:927} WARNING - No viable dags retrieved from /home/erij/Erij_Mazouz_4DS8_churn_ml_project/venv/lib/python3.8/site-packages/airflow/example_dags/example_kubernetes_executor.py
[2025-03-07T00:02:38.471+0100] {processor.py:208} INFO - Processing /home/erij/Erij_Mazouz_4DS8_churn_ml_project/venv/lib/python3.8/site-packages/airflow/example_dags/example_kubernetes_executor.py took 0.020 seconds
