[2025-03-06T23:38:28.027+0100] {processor.py:186} INFO - Started process (PID=55538) to work on /home/erij/Erij_Mazouz_4DS8_churn_ml_project/venv/lib/python3.8/site-packages/airflow/example_dags/example_task_group.py
[2025-03-06T23:38:28.027+0100] {processor.py:914} INFO - Processing file /home/erij/Erij_Mazouz_4DS8_churn_ml_project/venv/lib/python3.8/site-packages/airflow/example_dags/example_task_group.py for tasks to queue
[2025-03-06T23:38:28.030+0100] {logging_mixin.py:190} INFO - [2025-03-06T23:38:28.029+0100] {dagbag.py:588} INFO - Filling up the DagBag from /home/erij/Erij_Mazouz_4DS8_churn_ml_project/venv/lib/python3.8/site-packages/airflow/example_dags/example_task_group.py
[2025-03-06T23:38:28.041+0100] {processor.py:925} INFO - DAG(s) 'example_task_group' retrieved from /home/erij/Erij_Mazouz_4DS8_churn_ml_project/venv/lib/python3.8/site-packages/airflow/example_dags/example_task_group.py
[2025-03-06T23:38:28.061+0100] {logging_mixin.py:190} INFO - [2025-03-06T23:38:28.060+0100] {dag.py:3239} INFO - Sync 1 DAGs
[2025-03-06T23:38:28.072+0100] {logging_mixin.py:190} INFO - [2025-03-06T23:38:28.072+0100] {dag.py:4180} INFO - Setting next_dagrun for example_task_group to None, run_after=None
[2025-03-06T23:38:28.093+0100] {processor.py:208} INFO - Processing /home/erij/Erij_Mazouz_4DS8_churn_ml_project/venv/lib/python3.8/site-packages/airflow/example_dags/example_task_group.py took 0.072 seconds
[2025-03-06T23:40:25.970+0100] {processor.py:186} INFO - Started process (PID=56469) to work on /home/erij/Erij_Mazouz_4DS8_churn_ml_project/venv/lib/python3.8/site-packages/airflow/example_dags/example_task_group.py
[2025-03-06T23:40:25.972+0100] {processor.py:914} INFO - Processing file /home/erij/Erij_Mazouz_4DS8_churn_ml_project/venv/lib/python3.8/site-packages/airflow/example_dags/example_task_group.py for tasks to queue
[2025-03-06T23:40:25.974+0100] {logging_mixin.py:190} INFO - [2025-03-06T23:40:25.974+0100] {dagbag.py:588} INFO - Filling up the DagBag from /home/erij/Erij_Mazouz_4DS8_churn_ml_project/venv/lib/python3.8/site-packages/airflow/example_dags/example_task_group.py
[2025-03-06T23:40:25.982+0100] {processor.py:925} INFO - DAG(s) 'example_task_group' retrieved from /home/erij/Erij_Mazouz_4DS8_churn_ml_project/venv/lib/python3.8/site-packages/airflow/example_dags/example_task_group.py
[2025-03-06T23:40:25.996+0100] {logging_mixin.py:190} INFO - [2025-03-06T23:40:25.996+0100] {dag.py:3239} INFO - Sync 1 DAGs
[2025-03-06T23:40:26.008+0100] {logging_mixin.py:190} INFO - [2025-03-06T23:40:26.008+0100] {dag.py:4180} INFO - Setting next_dagrun for example_task_group to None, run_after=None
[2025-03-06T23:40:26.025+0100] {processor.py:208} INFO - Processing /home/erij/Erij_Mazouz_4DS8_churn_ml_project/venv/lib/python3.8/site-packages/airflow/example_dags/example_task_group.py took 0.060 seconds
[2025-03-06T23:41:10.234+0100] {processor.py:186} INFO - Started process (PID=56567) to work on /home/erij/Erij_Mazouz_4DS8_churn_ml_project/venv/lib/python3.8/site-packages/airflow/example_dags/example_task_group.py
[2025-03-06T23:41:10.236+0100] {processor.py:914} INFO - Processing file /home/erij/Erij_Mazouz_4DS8_churn_ml_project/venv/lib/python3.8/site-packages/airflow/example_dags/example_task_group.py for tasks to queue
[2025-03-06T23:41:10.238+0100] {logging_mixin.py:190} INFO - [2025-03-06T23:41:10.238+0100] {dagbag.py:588} INFO - Filling up the DagBag from /home/erij/Erij_Mazouz_4DS8_churn_ml_project/venv/lib/python3.8/site-packages/airflow/example_dags/example_task_group.py
[2025-03-06T23:41:10.245+0100] {processor.py:925} INFO - DAG(s) 'example_task_group' retrieved from /home/erij/Erij_Mazouz_4DS8_churn_ml_project/venv/lib/python3.8/site-packages/airflow/example_dags/example_task_group.py
[2025-03-06T23:41:10.257+0100] {logging_mixin.py:190} INFO - [2025-03-06T23:41:10.257+0100] {dag.py:3239} INFO - Sync 1 DAGs
[2025-03-06T23:41:10.266+0100] {logging_mixin.py:190} INFO - [2025-03-06T23:41:10.266+0100] {dag.py:4180} INFO - Setting next_dagrun for example_task_group to None, run_after=None
[2025-03-06T23:41:10.283+0100] {processor.py:208} INFO - Processing /home/erij/Erij_Mazouz_4DS8_churn_ml_project/venv/lib/python3.8/site-packages/airflow/example_dags/example_task_group.py took 0.054 seconds
[2025-03-06T23:42:07.349+0100] {processor.py:186} INFO - Started process (PID=56710) to work on /home/erij/Erij_Mazouz_4DS8_churn_ml_project/venv/lib/python3.8/site-packages/airflow/example_dags/example_task_group.py
[2025-03-06T23:42:07.351+0100] {processor.py:914} INFO - Processing file /home/erij/Erij_Mazouz_4DS8_churn_ml_project/venv/lib/python3.8/site-packages/airflow/example_dags/example_task_group.py for tasks to queue
[2025-03-06T23:42:07.353+0100] {logging_mixin.py:190} INFO - [2025-03-06T23:42:07.353+0100] {dagbag.py:588} INFO - Filling up the DagBag from /home/erij/Erij_Mazouz_4DS8_churn_ml_project/venv/lib/python3.8/site-packages/airflow/example_dags/example_task_group.py
[2025-03-06T23:42:07.362+0100] {processor.py:925} INFO - DAG(s) 'example_task_group' retrieved from /home/erij/Erij_Mazouz_4DS8_churn_ml_project/venv/lib/python3.8/site-packages/airflow/example_dags/example_task_group.py
[2025-03-06T23:42:07.379+0100] {logging_mixin.py:190} INFO - [2025-03-06T23:42:07.378+0100] {dag.py:3239} INFO - Sync 1 DAGs
[2025-03-06T23:42:07.390+0100] {logging_mixin.py:190} INFO - [2025-03-06T23:42:07.390+0100] {dag.py:4180} INFO - Setting next_dagrun for example_task_group to None, run_after=None
[2025-03-06T23:42:07.408+0100] {processor.py:208} INFO - Processing /home/erij/Erij_Mazouz_4DS8_churn_ml_project/venv/lib/python3.8/site-packages/airflow/example_dags/example_task_group.py took 0.066 seconds
[2025-03-06T23:42:59.845+0100] {processor.py:186} INFO - Started process (PID=56829) to work on /home/erij/Erij_Mazouz_4DS8_churn_ml_project/venv/lib/python3.8/site-packages/airflow/example_dags/example_task_group.py
[2025-03-06T23:42:59.846+0100] {processor.py:914} INFO - Processing file /home/erij/Erij_Mazouz_4DS8_churn_ml_project/venv/lib/python3.8/site-packages/airflow/example_dags/example_task_group.py for tasks to queue
[2025-03-06T23:42:59.847+0100] {logging_mixin.py:190} INFO - [2025-03-06T23:42:59.847+0100] {dagbag.py:588} INFO - Filling up the DagBag from /home/erij/Erij_Mazouz_4DS8_churn_ml_project/venv/lib/python3.8/site-packages/airflow/example_dags/example_task_group.py
[2025-03-06T23:42:59.855+0100] {processor.py:925} INFO - DAG(s) 'example_task_group' retrieved from /home/erij/Erij_Mazouz_4DS8_churn_ml_project/venv/lib/python3.8/site-packages/airflow/example_dags/example_task_group.py
[2025-03-06T23:42:59.868+0100] {logging_mixin.py:190} INFO - [2025-03-06T23:42:59.868+0100] {dag.py:3239} INFO - Sync 1 DAGs
[2025-03-06T23:42:59.879+0100] {logging_mixin.py:190} INFO - [2025-03-06T23:42:59.879+0100] {dag.py:4180} INFO - Setting next_dagrun for example_task_group to None, run_after=None
[2025-03-06T23:42:59.897+0100] {processor.py:208} INFO - Processing /home/erij/Erij_Mazouz_4DS8_churn_ml_project/venv/lib/python3.8/site-packages/airflow/example_dags/example_task_group.py took 0.057 seconds
[2025-03-06T23:43:51.556+0100] {processor.py:186} INFO - Started process (PID=56941) to work on /home/erij/Erij_Mazouz_4DS8_churn_ml_project/venv/lib/python3.8/site-packages/airflow/example_dags/example_task_group.py
[2025-03-06T23:43:51.558+0100] {processor.py:914} INFO - Processing file /home/erij/Erij_Mazouz_4DS8_churn_ml_project/venv/lib/python3.8/site-packages/airflow/example_dags/example_task_group.py for tasks to queue
[2025-03-06T23:43:51.560+0100] {logging_mixin.py:190} INFO - [2025-03-06T23:43:51.560+0100] {dagbag.py:588} INFO - Filling up the DagBag from /home/erij/Erij_Mazouz_4DS8_churn_ml_project/venv/lib/python3.8/site-packages/airflow/example_dags/example_task_group.py
[2025-03-06T23:43:51.570+0100] {processor.py:925} INFO - DAG(s) 'example_task_group' retrieved from /home/erij/Erij_Mazouz_4DS8_churn_ml_project/venv/lib/python3.8/site-packages/airflow/example_dags/example_task_group.py
[2025-03-06T23:43:51.587+0100] {logging_mixin.py:190} INFO - [2025-03-06T23:43:51.587+0100] {dag.py:3239} INFO - Sync 1 DAGs
[2025-03-06T23:43:51.600+0100] {logging_mixin.py:190} INFO - [2025-03-06T23:43:51.600+0100] {dag.py:4180} INFO - Setting next_dagrun for example_task_group to None, run_after=None
[2025-03-06T23:43:51.619+0100] {processor.py:208} INFO - Processing /home/erij/Erij_Mazouz_4DS8_churn_ml_project/venv/lib/python3.8/site-packages/airflow/example_dags/example_task_group.py took 0.069 seconds
[2025-03-06T23:44:45.664+0100] {processor.py:186} INFO - Started process (PID=57104) to work on /home/erij/Erij_Mazouz_4DS8_churn_ml_project/venv/lib/python3.8/site-packages/airflow/example_dags/example_task_group.py
[2025-03-06T23:44:45.666+0100] {processor.py:914} INFO - Processing file /home/erij/Erij_Mazouz_4DS8_churn_ml_project/venv/lib/python3.8/site-packages/airflow/example_dags/example_task_group.py for tasks to queue
[2025-03-06T23:44:45.668+0100] {logging_mixin.py:190} INFO - [2025-03-06T23:44:45.668+0100] {dagbag.py:588} INFO - Filling up the DagBag from /home/erij/Erij_Mazouz_4DS8_churn_ml_project/venv/lib/python3.8/site-packages/airflow/example_dags/example_task_group.py
[2025-03-06T23:44:45.676+0100] {processor.py:925} INFO - DAG(s) 'example_task_group' retrieved from /home/erij/Erij_Mazouz_4DS8_churn_ml_project/venv/lib/python3.8/site-packages/airflow/example_dags/example_task_group.py
[2025-03-06T23:44:45.691+0100] {logging_mixin.py:190} INFO - [2025-03-06T23:44:45.690+0100] {dag.py:3239} INFO - Sync 1 DAGs
[2025-03-06T23:44:45.702+0100] {logging_mixin.py:190} INFO - [2025-03-06T23:44:45.702+0100] {dag.py:4180} INFO - Setting next_dagrun for example_task_group to None, run_after=None
[2025-03-06T23:44:45.721+0100] {processor.py:208} INFO - Processing /home/erij/Erij_Mazouz_4DS8_churn_ml_project/venv/lib/python3.8/site-packages/airflow/example_dags/example_task_group.py took 0.063 seconds
[2025-03-06T23:45:42.725+0100] {processor.py:186} INFO - Started process (PID=57220) to work on /home/erij/Erij_Mazouz_4DS8_churn_ml_project/venv/lib/python3.8/site-packages/airflow/example_dags/example_task_group.py
[2025-03-06T23:45:42.732+0100] {processor.py:914} INFO - Processing file /home/erij/Erij_Mazouz_4DS8_churn_ml_project/venv/lib/python3.8/site-packages/airflow/example_dags/example_task_group.py for tasks to queue
[2025-03-06T23:45:42.734+0100] {logging_mixin.py:190} INFO - [2025-03-06T23:45:42.734+0100] {dagbag.py:588} INFO - Filling up the DagBag from /home/erij/Erij_Mazouz_4DS8_churn_ml_project/venv/lib/python3.8/site-packages/airflow/example_dags/example_task_group.py
[2025-03-06T23:45:42.741+0100] {processor.py:925} INFO - DAG(s) 'example_task_group' retrieved from /home/erij/Erij_Mazouz_4DS8_churn_ml_project/venv/lib/python3.8/site-packages/airflow/example_dags/example_task_group.py
[2025-03-06T23:45:42.754+0100] {logging_mixin.py:190} INFO - [2025-03-06T23:45:42.753+0100] {dag.py:3239} INFO - Sync 1 DAGs
[2025-03-06T23:45:42.763+0100] {logging_mixin.py:190} INFO - [2025-03-06T23:45:42.763+0100] {dag.py:4180} INFO - Setting next_dagrun for example_task_group to None, run_after=None
[2025-03-06T23:45:42.809+0100] {processor.py:208} INFO - Processing /home/erij/Erij_Mazouz_4DS8_churn_ml_project/venv/lib/python3.8/site-packages/airflow/example_dags/example_task_group.py took 0.088 seconds
[2025-03-06T23:46:40.976+0100] {processor.py:186} INFO - Started process (PID=57336) to work on /home/erij/Erij_Mazouz_4DS8_churn_ml_project/venv/lib/python3.8/site-packages/airflow/example_dags/example_task_group.py
[2025-03-06T23:46:40.978+0100] {processor.py:914} INFO - Processing file /home/erij/Erij_Mazouz_4DS8_churn_ml_project/venv/lib/python3.8/site-packages/airflow/example_dags/example_task_group.py for tasks to queue
[2025-03-06T23:46:40.980+0100] {logging_mixin.py:190} INFO - [2025-03-06T23:46:40.979+0100] {dagbag.py:588} INFO - Filling up the DagBag from /home/erij/Erij_Mazouz_4DS8_churn_ml_project/venv/lib/python3.8/site-packages/airflow/example_dags/example_task_group.py
[2025-03-06T23:46:40.987+0100] {processor.py:925} INFO - DAG(s) 'example_task_group' retrieved from /home/erij/Erij_Mazouz_4DS8_churn_ml_project/venv/lib/python3.8/site-packages/airflow/example_dags/example_task_group.py
[2025-03-06T23:46:40.999+0100] {logging_mixin.py:190} INFO - [2025-03-06T23:46:40.999+0100] {dag.py:3239} INFO - Sync 1 DAGs
[2025-03-06T23:46:41.010+0100] {logging_mixin.py:190} INFO - [2025-03-06T23:46:41.009+0100] {dag.py:4180} INFO - Setting next_dagrun for example_task_group to None, run_after=None
[2025-03-06T23:46:41.028+0100] {processor.py:208} INFO - Processing /home/erij/Erij_Mazouz_4DS8_churn_ml_project/venv/lib/python3.8/site-packages/airflow/example_dags/example_task_group.py took 0.057 seconds
[2025-03-06T23:47:35.890+0100] {processor.py:186} INFO - Started process (PID=57455) to work on /home/erij/Erij_Mazouz_4DS8_churn_ml_project/venv/lib/python3.8/site-packages/airflow/example_dags/example_task_group.py
[2025-03-06T23:47:35.892+0100] {processor.py:914} INFO - Processing file /home/erij/Erij_Mazouz_4DS8_churn_ml_project/venv/lib/python3.8/site-packages/airflow/example_dags/example_task_group.py for tasks to queue
[2025-03-06T23:47:35.894+0100] {logging_mixin.py:190} INFO - [2025-03-06T23:47:35.893+0100] {dagbag.py:588} INFO - Filling up the DagBag from /home/erij/Erij_Mazouz_4DS8_churn_ml_project/venv/lib/python3.8/site-packages/airflow/example_dags/example_task_group.py
[2025-03-06T23:47:35.901+0100] {processor.py:925} INFO - DAG(s) 'example_task_group' retrieved from /home/erij/Erij_Mazouz_4DS8_churn_ml_project/venv/lib/python3.8/site-packages/airflow/example_dags/example_task_group.py
[2025-03-06T23:47:35.913+0100] {logging_mixin.py:190} INFO - [2025-03-06T23:47:35.913+0100] {dag.py:3239} INFO - Sync 1 DAGs
[2025-03-06T23:47:35.925+0100] {logging_mixin.py:190} INFO - [2025-03-06T23:47:35.924+0100] {dag.py:4180} INFO - Setting next_dagrun for example_task_group to None, run_after=None
[2025-03-06T23:47:35.943+0100] {processor.py:208} INFO - Processing /home/erij/Erij_Mazouz_4DS8_churn_ml_project/venv/lib/python3.8/site-packages/airflow/example_dags/example_task_group.py took 0.058 seconds
[2025-03-06T23:48:34.233+0100] {processor.py:186} INFO - Started process (PID=57565) to work on /home/erij/Erij_Mazouz_4DS8_churn_ml_project/venv/lib/python3.8/site-packages/airflow/example_dags/example_task_group.py
[2025-03-06T23:48:34.235+0100] {processor.py:914} INFO - Processing file /home/erij/Erij_Mazouz_4DS8_churn_ml_project/venv/lib/python3.8/site-packages/airflow/example_dags/example_task_group.py for tasks to queue
[2025-03-06T23:48:34.237+0100] {logging_mixin.py:190} INFO - [2025-03-06T23:48:34.236+0100] {dagbag.py:588} INFO - Filling up the DagBag from /home/erij/Erij_Mazouz_4DS8_churn_ml_project/venv/lib/python3.8/site-packages/airflow/example_dags/example_task_group.py
[2025-03-06T23:48:34.244+0100] {processor.py:925} INFO - DAG(s) 'example_task_group' retrieved from /home/erij/Erij_Mazouz_4DS8_churn_ml_project/venv/lib/python3.8/site-packages/airflow/example_dags/example_task_group.py
[2025-03-06T23:48:34.257+0100] {logging_mixin.py:190} INFO - [2025-03-06T23:48:34.257+0100] {dag.py:3239} INFO - Sync 1 DAGs
[2025-03-06T23:48:34.268+0100] {logging_mixin.py:190} INFO - [2025-03-06T23:48:34.267+0100] {dag.py:4180} INFO - Setting next_dagrun for example_task_group to None, run_after=None
[2025-03-06T23:48:34.285+0100] {processor.py:208} INFO - Processing /home/erij/Erij_Mazouz_4DS8_churn_ml_project/venv/lib/python3.8/site-packages/airflow/example_dags/example_task_group.py took 0.057 seconds
[2025-03-06T23:49:29.029+0100] {processor.py:186} INFO - Started process (PID=57682) to work on /home/erij/Erij_Mazouz_4DS8_churn_ml_project/venv/lib/python3.8/site-packages/airflow/example_dags/example_task_group.py
[2025-03-06T23:49:29.031+0100] {processor.py:914} INFO - Processing file /home/erij/Erij_Mazouz_4DS8_churn_ml_project/venv/lib/python3.8/site-packages/airflow/example_dags/example_task_group.py for tasks to queue
[2025-03-06T23:49:29.033+0100] {logging_mixin.py:190} INFO - [2025-03-06T23:49:29.033+0100] {dagbag.py:588} INFO - Filling up the DagBag from /home/erij/Erij_Mazouz_4DS8_churn_ml_project/venv/lib/python3.8/site-packages/airflow/example_dags/example_task_group.py
[2025-03-06T23:49:29.040+0100] {processor.py:925} INFO - DAG(s) 'example_task_group' retrieved from /home/erij/Erij_Mazouz_4DS8_churn_ml_project/venv/lib/python3.8/site-packages/airflow/example_dags/example_task_group.py
[2025-03-06T23:49:29.052+0100] {logging_mixin.py:190} INFO - [2025-03-06T23:49:29.052+0100] {dag.py:3239} INFO - Sync 1 DAGs
[2025-03-06T23:49:29.062+0100] {logging_mixin.py:190} INFO - [2025-03-06T23:49:29.062+0100] {dag.py:4180} INFO - Setting next_dagrun for example_task_group to None, run_after=None
[2025-03-06T23:49:29.080+0100] {processor.py:208} INFO - Processing /home/erij/Erij_Mazouz_4DS8_churn_ml_project/venv/lib/python3.8/site-packages/airflow/example_dags/example_task_group.py took 0.055 seconds
[2025-03-06T23:50:24.578+0100] {processor.py:186} INFO - Started process (PID=57796) to work on /home/erij/Erij_Mazouz_4DS8_churn_ml_project/venv/lib/python3.8/site-packages/airflow/example_dags/example_task_group.py
[2025-03-06T23:50:24.580+0100] {processor.py:914} INFO - Processing file /home/erij/Erij_Mazouz_4DS8_churn_ml_project/venv/lib/python3.8/site-packages/airflow/example_dags/example_task_group.py for tasks to queue
[2025-03-06T23:50:24.582+0100] {logging_mixin.py:190} INFO - [2025-03-06T23:50:24.581+0100] {dagbag.py:588} INFO - Filling up the DagBag from /home/erij/Erij_Mazouz_4DS8_churn_ml_project/venv/lib/python3.8/site-packages/airflow/example_dags/example_task_group.py
[2025-03-06T23:50:24.589+0100] {processor.py:925} INFO - DAG(s) 'example_task_group' retrieved from /home/erij/Erij_Mazouz_4DS8_churn_ml_project/venv/lib/python3.8/site-packages/airflow/example_dags/example_task_group.py
[2025-03-06T23:50:24.603+0100] {logging_mixin.py:190} INFO - [2025-03-06T23:50:24.603+0100] {dag.py:3239} INFO - Sync 1 DAGs
[2025-03-06T23:50:24.614+0100] {logging_mixin.py:190} INFO - [2025-03-06T23:50:24.614+0100] {dag.py:4180} INFO - Setting next_dagrun for example_task_group to None, run_after=None
[2025-03-06T23:50:24.632+0100] {processor.py:208} INFO - Processing /home/erij/Erij_Mazouz_4DS8_churn_ml_project/venv/lib/python3.8/site-packages/airflow/example_dags/example_task_group.py took 0.060 seconds
[2025-03-06T23:51:19.803+0100] {processor.py:186} INFO - Started process (PID=57905) to work on /home/erij/Erij_Mazouz_4DS8_churn_ml_project/venv/lib/python3.8/site-packages/airflow/example_dags/example_task_group.py
[2025-03-06T23:51:19.804+0100] {processor.py:914} INFO - Processing file /home/erij/Erij_Mazouz_4DS8_churn_ml_project/venv/lib/python3.8/site-packages/airflow/example_dags/example_task_group.py for tasks to queue
[2025-03-06T23:51:19.806+0100] {logging_mixin.py:190} INFO - [2025-03-06T23:51:19.806+0100] {dagbag.py:588} INFO - Filling up the DagBag from /home/erij/Erij_Mazouz_4DS8_churn_ml_project/venv/lib/python3.8/site-packages/airflow/example_dags/example_task_group.py
[2025-03-06T23:51:19.814+0100] {processor.py:925} INFO - DAG(s) 'example_task_group' retrieved from /home/erij/Erij_Mazouz_4DS8_churn_ml_project/venv/lib/python3.8/site-packages/airflow/example_dags/example_task_group.py
[2025-03-06T23:51:19.827+0100] {logging_mixin.py:190} INFO - [2025-03-06T23:51:19.827+0100] {dag.py:3239} INFO - Sync 1 DAGs
[2025-03-06T23:51:19.838+0100] {logging_mixin.py:190} INFO - [2025-03-06T23:51:19.838+0100] {dag.py:4180} INFO - Setting next_dagrun for example_task_group to None, run_after=None
[2025-03-06T23:51:19.856+0100] {processor.py:208} INFO - Processing /home/erij/Erij_Mazouz_4DS8_churn_ml_project/venv/lib/python3.8/site-packages/airflow/example_dags/example_task_group.py took 0.058 seconds
[2025-03-06T23:52:15.041+0100] {processor.py:186} INFO - Started process (PID=58024) to work on /home/erij/Erij_Mazouz_4DS8_churn_ml_project/venv/lib/python3.8/site-packages/airflow/example_dags/example_task_group.py
[2025-03-06T23:52:15.043+0100] {processor.py:914} INFO - Processing file /home/erij/Erij_Mazouz_4DS8_churn_ml_project/venv/lib/python3.8/site-packages/airflow/example_dags/example_task_group.py for tasks to queue
[2025-03-06T23:52:15.045+0100] {logging_mixin.py:190} INFO - [2025-03-06T23:52:15.044+0100] {dagbag.py:588} INFO - Filling up the DagBag from /home/erij/Erij_Mazouz_4DS8_churn_ml_project/venv/lib/python3.8/site-packages/airflow/example_dags/example_task_group.py
[2025-03-06T23:52:15.053+0100] {processor.py:925} INFO - DAG(s) 'example_task_group' retrieved from /home/erij/Erij_Mazouz_4DS8_churn_ml_project/venv/lib/python3.8/site-packages/airflow/example_dags/example_task_group.py
[2025-03-06T23:52:15.068+0100] {logging_mixin.py:190} INFO - [2025-03-06T23:52:15.068+0100] {dag.py:3239} INFO - Sync 1 DAGs
[2025-03-06T23:52:15.079+0100] {logging_mixin.py:190} INFO - [2025-03-06T23:52:15.079+0100] {dag.py:4180} INFO - Setting next_dagrun for example_task_group to None, run_after=None
[2025-03-06T23:52:15.096+0100] {processor.py:208} INFO - Processing /home/erij/Erij_Mazouz_4DS8_churn_ml_project/venv/lib/python3.8/site-packages/airflow/example_dags/example_task_group.py took 0.061 seconds
[2025-03-06T23:53:11.645+0100] {processor.py:186} INFO - Started process (PID=58133) to work on /home/erij/Erij_Mazouz_4DS8_churn_ml_project/venv/lib/python3.8/site-packages/airflow/example_dags/example_task_group.py
[2025-03-06T23:53:11.647+0100] {processor.py:914} INFO - Processing file /home/erij/Erij_Mazouz_4DS8_churn_ml_project/venv/lib/python3.8/site-packages/airflow/example_dags/example_task_group.py for tasks to queue
[2025-03-06T23:53:11.648+0100] {logging_mixin.py:190} INFO - [2025-03-06T23:53:11.648+0100] {dagbag.py:588} INFO - Filling up the DagBag from /home/erij/Erij_Mazouz_4DS8_churn_ml_project/venv/lib/python3.8/site-packages/airflow/example_dags/example_task_group.py
[2025-03-06T23:53:11.657+0100] {processor.py:925} INFO - DAG(s) 'example_task_group' retrieved from /home/erij/Erij_Mazouz_4DS8_churn_ml_project/venv/lib/python3.8/site-packages/airflow/example_dags/example_task_group.py
[2025-03-06T23:53:11.670+0100] {logging_mixin.py:190} INFO - [2025-03-06T23:53:11.670+0100] {dag.py:3239} INFO - Sync 1 DAGs
[2025-03-06T23:53:11.680+0100] {logging_mixin.py:190} INFO - [2025-03-06T23:53:11.680+0100] {dag.py:4180} INFO - Setting next_dagrun for example_task_group to None, run_after=None
[2025-03-06T23:53:11.699+0100] {processor.py:208} INFO - Processing /home/erij/Erij_Mazouz_4DS8_churn_ml_project/venv/lib/python3.8/site-packages/airflow/example_dags/example_task_group.py took 0.059 seconds
[2025-03-06T23:54:10.013+0100] {processor.py:186} INFO - Started process (PID=58273) to work on /home/erij/Erij_Mazouz_4DS8_churn_ml_project/venv/lib/python3.8/site-packages/airflow/example_dags/example_task_group.py
[2025-03-06T23:54:10.014+0100] {processor.py:914} INFO - Processing file /home/erij/Erij_Mazouz_4DS8_churn_ml_project/venv/lib/python3.8/site-packages/airflow/example_dags/example_task_group.py for tasks to queue
[2025-03-06T23:54:10.016+0100] {logging_mixin.py:190} INFO - [2025-03-06T23:54:10.016+0100] {dagbag.py:588} INFO - Filling up the DagBag from /home/erij/Erij_Mazouz_4DS8_churn_ml_project/venv/lib/python3.8/site-packages/airflow/example_dags/example_task_group.py
[2025-03-06T23:54:10.025+0100] {processor.py:925} INFO - DAG(s) 'example_task_group' retrieved from /home/erij/Erij_Mazouz_4DS8_churn_ml_project/venv/lib/python3.8/site-packages/airflow/example_dags/example_task_group.py
[2025-03-06T23:54:10.039+0100] {logging_mixin.py:190} INFO - [2025-03-06T23:54:10.039+0100] {dag.py:3239} INFO - Sync 1 DAGs
[2025-03-06T23:54:10.051+0100] {logging_mixin.py:190} INFO - [2025-03-06T23:54:10.051+0100] {dag.py:4180} INFO - Setting next_dagrun for example_task_group to None, run_after=None
[2025-03-06T23:54:10.071+0100] {processor.py:208} INFO - Processing /home/erij/Erij_Mazouz_4DS8_churn_ml_project/venv/lib/python3.8/site-packages/airflow/example_dags/example_task_group.py took 0.063 seconds
[2025-03-06T23:55:06.919+0100] {processor.py:186} INFO - Started process (PID=58908) to work on /home/erij/Erij_Mazouz_4DS8_churn_ml_project/venv/lib/python3.8/site-packages/airflow/example_dags/example_task_group.py
[2025-03-06T23:55:06.921+0100] {processor.py:914} INFO - Processing file /home/erij/Erij_Mazouz_4DS8_churn_ml_project/venv/lib/python3.8/site-packages/airflow/example_dags/example_task_group.py for tasks to queue
[2025-03-06T23:55:06.924+0100] {logging_mixin.py:190} INFO - [2025-03-06T23:55:06.924+0100] {dagbag.py:588} INFO - Filling up the DagBag from /home/erij/Erij_Mazouz_4DS8_churn_ml_project/venv/lib/python3.8/site-packages/airflow/example_dags/example_task_group.py
[2025-03-06T23:55:06.962+0100] {processor.py:925} INFO - DAG(s) 'example_task_group' retrieved from /home/erij/Erij_Mazouz_4DS8_churn_ml_project/venv/lib/python3.8/site-packages/airflow/example_dags/example_task_group.py
[2025-03-06T23:55:06.983+0100] {logging_mixin.py:190} INFO - [2025-03-06T23:55:06.983+0100] {dag.py:3239} INFO - Sync 1 DAGs
[2025-03-06T23:55:06.998+0100] {logging_mixin.py:190} INFO - [2025-03-06T23:55:06.998+0100] {dag.py:4180} INFO - Setting next_dagrun for example_task_group to None, run_after=None
[2025-03-06T23:55:07.021+0100] {processor.py:208} INFO - Processing /home/erij/Erij_Mazouz_4DS8_churn_ml_project/venv/lib/python3.8/site-packages/airflow/example_dags/example_task_group.py took 0.112 seconds
[2025-03-06T23:56:07.214+0100] {processor.py:186} INFO - Started process (PID=59204) to work on /home/erij/Erij_Mazouz_4DS8_churn_ml_project/venv/lib/python3.8/site-packages/airflow/example_dags/example_task_group.py
[2025-03-06T23:56:07.216+0100] {processor.py:914} INFO - Processing file /home/erij/Erij_Mazouz_4DS8_churn_ml_project/venv/lib/python3.8/site-packages/airflow/example_dags/example_task_group.py for tasks to queue
[2025-03-06T23:56:07.217+0100] {logging_mixin.py:190} INFO - [2025-03-06T23:56:07.217+0100] {dagbag.py:588} INFO - Filling up the DagBag from /home/erij/Erij_Mazouz_4DS8_churn_ml_project/venv/lib/python3.8/site-packages/airflow/example_dags/example_task_group.py
[2025-03-06T23:56:07.225+0100] {processor.py:925} INFO - DAG(s) 'example_task_group' retrieved from /home/erij/Erij_Mazouz_4DS8_churn_ml_project/venv/lib/python3.8/site-packages/airflow/example_dags/example_task_group.py
[2025-03-06T23:56:07.237+0100] {logging_mixin.py:190} INFO - [2025-03-06T23:56:07.237+0100] {dag.py:3239} INFO - Sync 1 DAGs
[2025-03-06T23:56:07.247+0100] {logging_mixin.py:190} INFO - [2025-03-06T23:56:07.247+0100] {dag.py:4180} INFO - Setting next_dagrun for example_task_group to None, run_after=None
[2025-03-06T23:56:07.263+0100] {processor.py:208} INFO - Processing /home/erij/Erij_Mazouz_4DS8_churn_ml_project/venv/lib/python3.8/site-packages/airflow/example_dags/example_task_group.py took 0.055 seconds
[2025-03-06T23:57:02.216+0100] {processor.py:186} INFO - Started process (PID=59327) to work on /home/erij/Erij_Mazouz_4DS8_churn_ml_project/venv/lib/python3.8/site-packages/airflow/example_dags/example_task_group.py
[2025-03-06T23:57:02.218+0100] {processor.py:914} INFO - Processing file /home/erij/Erij_Mazouz_4DS8_churn_ml_project/venv/lib/python3.8/site-packages/airflow/example_dags/example_task_group.py for tasks to queue
[2025-03-06T23:57:02.220+0100] {logging_mixin.py:190} INFO - [2025-03-06T23:57:02.219+0100] {dagbag.py:588} INFO - Filling up the DagBag from /home/erij/Erij_Mazouz_4DS8_churn_ml_project/venv/lib/python3.8/site-packages/airflow/example_dags/example_task_group.py
[2025-03-06T23:57:02.229+0100] {processor.py:925} INFO - DAG(s) 'example_task_group' retrieved from /home/erij/Erij_Mazouz_4DS8_churn_ml_project/venv/lib/python3.8/site-packages/airflow/example_dags/example_task_group.py
[2025-03-06T23:57:02.242+0100] {logging_mixin.py:190} INFO - [2025-03-06T23:57:02.242+0100] {dag.py:3239} INFO - Sync 1 DAGs
[2025-03-06T23:57:02.254+0100] {logging_mixin.py:190} INFO - [2025-03-06T23:57:02.253+0100] {dag.py:4180} INFO - Setting next_dagrun for example_task_group to None, run_after=None
[2025-03-06T23:57:02.271+0100] {processor.py:208} INFO - Processing /home/erij/Erij_Mazouz_4DS8_churn_ml_project/venv/lib/python3.8/site-packages/airflow/example_dags/example_task_group.py took 0.061 seconds
[2025-03-06T23:57:57.721+0100] {processor.py:186} INFO - Started process (PID=59462) to work on /home/erij/Erij_Mazouz_4DS8_churn_ml_project/venv/lib/python3.8/site-packages/airflow/example_dags/example_task_group.py
[2025-03-06T23:57:57.722+0100] {processor.py:914} INFO - Processing file /home/erij/Erij_Mazouz_4DS8_churn_ml_project/venv/lib/python3.8/site-packages/airflow/example_dags/example_task_group.py for tasks to queue
[2025-03-06T23:57:57.724+0100] {logging_mixin.py:190} INFO - [2025-03-06T23:57:57.724+0100] {dagbag.py:588} INFO - Filling up the DagBag from /home/erij/Erij_Mazouz_4DS8_churn_ml_project/venv/lib/python3.8/site-packages/airflow/example_dags/example_task_group.py
[2025-03-06T23:57:57.733+0100] {processor.py:925} INFO - DAG(s) 'example_task_group' retrieved from /home/erij/Erij_Mazouz_4DS8_churn_ml_project/venv/lib/python3.8/site-packages/airflow/example_dags/example_task_group.py
[2025-03-06T23:57:57.747+0100] {logging_mixin.py:190} INFO - [2025-03-06T23:57:57.747+0100] {dag.py:3239} INFO - Sync 1 DAGs
[2025-03-06T23:57:57.760+0100] {logging_mixin.py:190} INFO - [2025-03-06T23:57:57.760+0100] {dag.py:4180} INFO - Setting next_dagrun for example_task_group to None, run_after=None
[2025-03-06T23:57:57.780+0100] {processor.py:208} INFO - Processing /home/erij/Erij_Mazouz_4DS8_churn_ml_project/venv/lib/python3.8/site-packages/airflow/example_dags/example_task_group.py took 0.065 seconds
[2025-03-06T23:58:49.086+0100] {processor.py:186} INFO - Started process (PID=59609) to work on /home/erij/Erij_Mazouz_4DS8_churn_ml_project/venv/lib/python3.8/site-packages/airflow/example_dags/example_task_group.py
[2025-03-06T23:58:49.088+0100] {processor.py:914} INFO - Processing file /home/erij/Erij_Mazouz_4DS8_churn_ml_project/venv/lib/python3.8/site-packages/airflow/example_dags/example_task_group.py for tasks to queue
[2025-03-06T23:58:49.090+0100] {logging_mixin.py:190} INFO - [2025-03-06T23:58:49.090+0100] {dagbag.py:588} INFO - Filling up the DagBag from /home/erij/Erij_Mazouz_4DS8_churn_ml_project/venv/lib/python3.8/site-packages/airflow/example_dags/example_task_group.py
[2025-03-06T23:58:49.099+0100] {processor.py:925} INFO - DAG(s) 'example_task_group' retrieved from /home/erij/Erij_Mazouz_4DS8_churn_ml_project/venv/lib/python3.8/site-packages/airflow/example_dags/example_task_group.py
[2025-03-06T23:58:49.112+0100] {logging_mixin.py:190} INFO - [2025-03-06T23:58:49.112+0100] {dag.py:3239} INFO - Sync 1 DAGs
[2025-03-06T23:58:49.123+0100] {logging_mixin.py:190} INFO - [2025-03-06T23:58:49.123+0100] {dag.py:4180} INFO - Setting next_dagrun for example_task_group to None, run_after=None
[2025-03-06T23:58:49.141+0100] {processor.py:208} INFO - Processing /home/erij/Erij_Mazouz_4DS8_churn_ml_project/venv/lib/python3.8/site-packages/airflow/example_dags/example_task_group.py took 0.062 seconds
[2025-03-06T23:59:39.349+0100] {processor.py:186} INFO - Started process (PID=59751) to work on /home/erij/Erij_Mazouz_4DS8_churn_ml_project/venv/lib/python3.8/site-packages/airflow/example_dags/example_task_group.py
[2025-03-06T23:59:39.350+0100] {processor.py:914} INFO - Processing file /home/erij/Erij_Mazouz_4DS8_churn_ml_project/venv/lib/python3.8/site-packages/airflow/example_dags/example_task_group.py for tasks to queue
[2025-03-06T23:59:39.352+0100] {logging_mixin.py:190} INFO - [2025-03-06T23:59:39.352+0100] {dagbag.py:588} INFO - Filling up the DagBag from /home/erij/Erij_Mazouz_4DS8_churn_ml_project/venv/lib/python3.8/site-packages/airflow/example_dags/example_task_group.py
[2025-03-06T23:59:39.359+0100] {processor.py:925} INFO - DAG(s) 'example_task_group' retrieved from /home/erij/Erij_Mazouz_4DS8_churn_ml_project/venv/lib/python3.8/site-packages/airflow/example_dags/example_task_group.py
[2025-03-06T23:59:39.376+0100] {logging_mixin.py:190} INFO - [2025-03-06T23:59:39.375+0100] {dag.py:3239} INFO - Sync 1 DAGs
[2025-03-06T23:59:39.386+0100] {logging_mixin.py:190} INFO - [2025-03-06T23:59:39.386+0100] {dag.py:4180} INFO - Setting next_dagrun for example_task_group to None, run_after=None
[2025-03-06T23:59:39.403+0100] {processor.py:208} INFO - Processing /home/erij/Erij_Mazouz_4DS8_churn_ml_project/venv/lib/python3.8/site-packages/airflow/example_dags/example_task_group.py took 0.058 seconds
[2025-03-07T00:00:32.580+0100] {processor.py:186} INFO - Started process (PID=59937) to work on /home/erij/Erij_Mazouz_4DS8_churn_ml_project/venv/lib/python3.8/site-packages/airflow/example_dags/example_task_group.py
[2025-03-07T00:00:32.582+0100] {processor.py:914} INFO - Processing file /home/erij/Erij_Mazouz_4DS8_churn_ml_project/venv/lib/python3.8/site-packages/airflow/example_dags/example_task_group.py for tasks to queue
[2025-03-07T00:00:32.584+0100] {logging_mixin.py:190} INFO - [2025-03-07T00:00:32.583+0100] {dagbag.py:588} INFO - Filling up the DagBag from /home/erij/Erij_Mazouz_4DS8_churn_ml_project/venv/lib/python3.8/site-packages/airflow/example_dags/example_task_group.py
[2025-03-07T00:00:32.592+0100] {processor.py:925} INFO - DAG(s) 'example_task_group' retrieved from /home/erij/Erij_Mazouz_4DS8_churn_ml_project/venv/lib/python3.8/site-packages/airflow/example_dags/example_task_group.py
[2025-03-07T00:00:32.606+0100] {logging_mixin.py:190} INFO - [2025-03-07T00:00:32.606+0100] {dag.py:3239} INFO - Sync 1 DAGs
[2025-03-07T00:00:32.617+0100] {logging_mixin.py:190} INFO - [2025-03-07T00:00:32.617+0100] {dag.py:4180} INFO - Setting next_dagrun for example_task_group to None, run_after=None
[2025-03-07T00:00:32.637+0100] {processor.py:208} INFO - Processing /home/erij/Erij_Mazouz_4DS8_churn_ml_project/venv/lib/python3.8/site-packages/airflow/example_dags/example_task_group.py took 0.063 seconds
[2025-03-07T00:01:24.810+0100] {processor.py:186} INFO - Started process (PID=60116) to work on /home/erij/Erij_Mazouz_4DS8_churn_ml_project/venv/lib/python3.8/site-packages/airflow/example_dags/example_task_group.py
[2025-03-07T00:01:24.811+0100] {processor.py:914} INFO - Processing file /home/erij/Erij_Mazouz_4DS8_churn_ml_project/venv/lib/python3.8/site-packages/airflow/example_dags/example_task_group.py for tasks to queue
[2025-03-07T00:01:24.813+0100] {logging_mixin.py:190} INFO - [2025-03-07T00:01:24.813+0100] {dagbag.py:588} INFO - Filling up the DagBag from /home/erij/Erij_Mazouz_4DS8_churn_ml_project/venv/lib/python3.8/site-packages/airflow/example_dags/example_task_group.py
[2025-03-07T00:01:24.821+0100] {processor.py:925} INFO - DAG(s) 'example_task_group' retrieved from /home/erij/Erij_Mazouz_4DS8_churn_ml_project/venv/lib/python3.8/site-packages/airflow/example_dags/example_task_group.py
[2025-03-07T00:01:24.835+0100] {logging_mixin.py:190} INFO - [2025-03-07T00:01:24.834+0100] {dag.py:3239} INFO - Sync 1 DAGs
[2025-03-07T00:01:24.845+0100] {logging_mixin.py:190} INFO - [2025-03-07T00:01:24.845+0100] {dag.py:4180} INFO - Setting next_dagrun for example_task_group to None, run_after=None
[2025-03-07T00:01:24.861+0100] {processor.py:208} INFO - Processing /home/erij/Erij_Mazouz_4DS8_churn_ml_project/venv/lib/python3.8/site-packages/airflow/example_dags/example_task_group.py took 0.056 seconds
[2025-03-07T00:02:23.019+0100] {processor.py:186} INFO - Started process (PID=60326) to work on /home/erij/Erij_Mazouz_4DS8_churn_ml_project/venv/lib/python3.8/site-packages/airflow/example_dags/example_task_group.py
[2025-03-07T00:02:23.021+0100] {processor.py:914} INFO - Processing file /home/erij/Erij_Mazouz_4DS8_churn_ml_project/venv/lib/python3.8/site-packages/airflow/example_dags/example_task_group.py for tasks to queue
[2025-03-07T00:02:23.023+0100] {logging_mixin.py:190} INFO - [2025-03-07T00:02:23.023+0100] {dagbag.py:588} INFO - Filling up the DagBag from /home/erij/Erij_Mazouz_4DS8_churn_ml_project/venv/lib/python3.8/site-packages/airflow/example_dags/example_task_group.py
[2025-03-07T00:02:23.031+0100] {processor.py:925} INFO - DAG(s) 'example_task_group' retrieved from /home/erij/Erij_Mazouz_4DS8_churn_ml_project/venv/lib/python3.8/site-packages/airflow/example_dags/example_task_group.py
[2025-03-07T00:02:23.046+0100] {logging_mixin.py:190} INFO - [2025-03-07T00:02:23.045+0100] {dag.py:3239} INFO - Sync 1 DAGs
[2025-03-07T00:02:23.056+0100] {logging_mixin.py:190} INFO - [2025-03-07T00:02:23.055+0100] {dag.py:4180} INFO - Setting next_dagrun for example_task_group to None, run_after=None
[2025-03-07T00:02:23.073+0100] {processor.py:208} INFO - Processing /home/erij/Erij_Mazouz_4DS8_churn_ml_project/venv/lib/python3.8/site-packages/airflow/example_dags/example_task_group.py took 0.059 seconds
