[2025-03-06T23:39:21.623+0100] {processor.py:186} INFO - Started process (PID=55932) to work on /home/erij/Erij_Mazouz_4DS8_churn_ml_project/venv/lib/python3.8/site-packages/airflow/example_dags/example_dag_decorator.py
[2025-03-06T23:39:21.624+0100] {processor.py:914} INFO - Processing file /home/erij/Erij_Mazouz_4DS8_churn_ml_project/venv/lib/python3.8/site-packages/airflow/example_dags/example_dag_decorator.py for tasks to queue
[2025-03-06T23:39:21.626+0100] {logging_mixin.py:190} INFO - [2025-03-06T23:39:21.626+0100] {dagbag.py:588} INFO - Filling up the DagBag from /home/erij/Erij_Mazouz_4DS8_churn_ml_project/venv/lib/python3.8/site-packages/airflow/example_dags/example_dag_decorator.py
[2025-03-06T23:39:21.657+0100] {processor.py:925} INFO - DAG(s) 'example_dag_decorator' retrieved from /home/erij/Erij_Mazouz_4DS8_churn_ml_project/venv/lib/python3.8/site-packages/airflow/example_dags/example_dag_decorator.py
[2025-03-06T23:39:21.737+0100] {logging_mixin.py:190} INFO - [2025-03-06T23:39:21.737+0100] {dag.py:3239} INFO - Sync 1 DAGs
[2025-03-06T23:39:21.746+0100] {logging_mixin.py:190} INFO - [2025-03-06T23:39:21.746+0100] {dag.py:4180} INFO - Setting next_dagrun for example_dag_decorator to None, run_after=None
[2025-03-06T23:39:21.764+0100] {processor.py:208} INFO - Processing /home/erij/Erij_Mazouz_4DS8_churn_ml_project/venv/lib/python3.8/site-packages/airflow/example_dags/example_dag_decorator.py took 0.147 seconds
[2025-03-06T23:40:48.814+0100] {processor.py:186} INFO - Started process (PID=56518) to work on /home/erij/Erij_Mazouz_4DS8_churn_ml_project/venv/lib/python3.8/site-packages/airflow/example_dags/example_dag_decorator.py
[2025-03-06T23:40:48.816+0100] {processor.py:914} INFO - Processing file /home/erij/Erij_Mazouz_4DS8_churn_ml_project/venv/lib/python3.8/site-packages/airflow/example_dags/example_dag_decorator.py for tasks to queue
[2025-03-06T23:40:48.818+0100] {logging_mixin.py:190} INFO - [2025-03-06T23:40:48.818+0100] {dagbag.py:588} INFO - Filling up the DagBag from /home/erij/Erij_Mazouz_4DS8_churn_ml_project/venv/lib/python3.8/site-packages/airflow/example_dags/example_dag_decorator.py
[2025-03-06T23:40:48.851+0100] {processor.py:925} INFO - DAG(s) 'example_dag_decorator' retrieved from /home/erij/Erij_Mazouz_4DS8_churn_ml_project/venv/lib/python3.8/site-packages/airflow/example_dags/example_dag_decorator.py
[2025-03-06T23:40:48.935+0100] {logging_mixin.py:190} INFO - [2025-03-06T23:40:48.935+0100] {dag.py:3239} INFO - Sync 1 DAGs
[2025-03-06T23:40:48.947+0100] {logging_mixin.py:190} INFO - [2025-03-06T23:40:48.947+0100] {dag.py:4180} INFO - Setting next_dagrun for example_dag_decorator to None, run_after=None
[2025-03-06T23:40:48.967+0100] {processor.py:208} INFO - Processing /home/erij/Erij_Mazouz_4DS8_churn_ml_project/venv/lib/python3.8/site-packages/airflow/example_dags/example_dag_decorator.py took 0.158 seconds
[2025-03-06T23:41:46.464+0100] {processor.py:186} INFO - Started process (PID=56655) to work on /home/erij/Erij_Mazouz_4DS8_churn_ml_project/venv/lib/python3.8/site-packages/airflow/example_dags/example_dag_decorator.py
[2025-03-06T23:41:46.466+0100] {processor.py:914} INFO - Processing file /home/erij/Erij_Mazouz_4DS8_churn_ml_project/venv/lib/python3.8/site-packages/airflow/example_dags/example_dag_decorator.py for tasks to queue
[2025-03-06T23:41:46.468+0100] {logging_mixin.py:190} INFO - [2025-03-06T23:41:46.467+0100] {dagbag.py:588} INFO - Filling up the DagBag from /home/erij/Erij_Mazouz_4DS8_churn_ml_project/venv/lib/python3.8/site-packages/airflow/example_dags/example_dag_decorator.py
[2025-03-06T23:41:46.495+0100] {processor.py:925} INFO - DAG(s) 'example_dag_decorator' retrieved from /home/erij/Erij_Mazouz_4DS8_churn_ml_project/venv/lib/python3.8/site-packages/airflow/example_dags/example_dag_decorator.py
[2025-03-06T23:41:46.587+0100] {logging_mixin.py:190} INFO - [2025-03-06T23:41:46.587+0100] {dag.py:3239} INFO - Sync 1 DAGs
[2025-03-06T23:41:46.599+0100] {logging_mixin.py:190} INFO - [2025-03-06T23:41:46.599+0100] {dag.py:4180} INFO - Setting next_dagrun for example_dag_decorator to None, run_after=None
[2025-03-06T23:41:46.620+0100] {processor.py:208} INFO - Processing /home/erij/Erij_Mazouz_4DS8_churn_ml_project/venv/lib/python3.8/site-packages/airflow/example_dags/example_dag_decorator.py took 0.161 seconds
[2025-03-06T23:42:40.003+0100] {processor.py:186} INFO - Started process (PID=56773) to work on /home/erij/Erij_Mazouz_4DS8_churn_ml_project/venv/lib/python3.8/site-packages/airflow/example_dags/example_dag_decorator.py
[2025-03-06T23:42:40.005+0100] {processor.py:914} INFO - Processing file /home/erij/Erij_Mazouz_4DS8_churn_ml_project/venv/lib/python3.8/site-packages/airflow/example_dags/example_dag_decorator.py for tasks to queue
[2025-03-06T23:42:40.006+0100] {logging_mixin.py:190} INFO - [2025-03-06T23:42:40.006+0100] {dagbag.py:588} INFO - Filling up the DagBag from /home/erij/Erij_Mazouz_4DS8_churn_ml_project/venv/lib/python3.8/site-packages/airflow/example_dags/example_dag_decorator.py
[2025-03-06T23:42:40.036+0100] {processor.py:925} INFO - DAG(s) 'example_dag_decorator' retrieved from /home/erij/Erij_Mazouz_4DS8_churn_ml_project/venv/lib/python3.8/site-packages/airflow/example_dags/example_dag_decorator.py
[2025-03-06T23:42:40.116+0100] {logging_mixin.py:190} INFO - [2025-03-06T23:42:40.116+0100] {dag.py:3239} INFO - Sync 1 DAGs
[2025-03-06T23:42:40.126+0100] {logging_mixin.py:190} INFO - [2025-03-06T23:42:40.126+0100] {dag.py:4180} INFO - Setting next_dagrun for example_dag_decorator to None, run_after=None
[2025-03-06T23:42:40.146+0100] {processor.py:208} INFO - Processing /home/erij/Erij_Mazouz_4DS8_churn_ml_project/venv/lib/python3.8/site-packages/airflow/example_dags/example_dag_decorator.py took 0.148 seconds
[2025-03-06T23:43:33.265+0100] {processor.py:186} INFO - Started process (PID=56893) to work on /home/erij/Erij_Mazouz_4DS8_churn_ml_project/venv/lib/python3.8/site-packages/airflow/example_dags/example_dag_decorator.py
[2025-03-06T23:43:33.268+0100] {processor.py:914} INFO - Processing file /home/erij/Erij_Mazouz_4DS8_churn_ml_project/venv/lib/python3.8/site-packages/airflow/example_dags/example_dag_decorator.py for tasks to queue
[2025-03-06T23:43:33.269+0100] {logging_mixin.py:190} INFO - [2025-03-06T23:43:33.269+0100] {dagbag.py:588} INFO - Filling up the DagBag from /home/erij/Erij_Mazouz_4DS8_churn_ml_project/venv/lib/python3.8/site-packages/airflow/example_dags/example_dag_decorator.py
[2025-03-06T23:43:33.298+0100] {processor.py:925} INFO - DAG(s) 'example_dag_decorator' retrieved from /home/erij/Erij_Mazouz_4DS8_churn_ml_project/venv/lib/python3.8/site-packages/airflow/example_dags/example_dag_decorator.py
[2025-03-06T23:43:33.376+0100] {logging_mixin.py:190} INFO - [2025-03-06T23:43:33.376+0100] {dag.py:3239} INFO - Sync 1 DAGs
[2025-03-06T23:43:33.385+0100] {logging_mixin.py:190} INFO - [2025-03-06T23:43:33.385+0100] {dag.py:4180} INFO - Setting next_dagrun for example_dag_decorator to None, run_after=None
[2025-03-06T23:43:33.404+0100] {processor.py:208} INFO - Processing /home/erij/Erij_Mazouz_4DS8_churn_ml_project/venv/lib/python3.8/site-packages/airflow/example_dags/example_dag_decorator.py took 0.144 seconds
[2025-03-06T23:44:24.695+0100] {processor.py:186} INFO - Started process (PID=57010) to work on /home/erij/Erij_Mazouz_4DS8_churn_ml_project/venv/lib/python3.8/site-packages/airflow/example_dags/example_dag_decorator.py
[2025-03-06T23:44:24.698+0100] {processor.py:914} INFO - Processing file /home/erij/Erij_Mazouz_4DS8_churn_ml_project/venv/lib/python3.8/site-packages/airflow/example_dags/example_dag_decorator.py for tasks to queue
[2025-03-06T23:44:24.699+0100] {logging_mixin.py:190} INFO - [2025-03-06T23:44:24.699+0100] {dagbag.py:588} INFO - Filling up the DagBag from /home/erij/Erij_Mazouz_4DS8_churn_ml_project/venv/lib/python3.8/site-packages/airflow/example_dags/example_dag_decorator.py
[2025-03-06T23:44:24.730+0100] {processor.py:925} INFO - DAG(s) 'example_dag_decorator' retrieved from /home/erij/Erij_Mazouz_4DS8_churn_ml_project/venv/lib/python3.8/site-packages/airflow/example_dags/example_dag_decorator.py
[2025-03-06T23:44:24.807+0100] {logging_mixin.py:190} INFO - [2025-03-06T23:44:24.807+0100] {dag.py:3239} INFO - Sync 1 DAGs
[2025-03-06T23:44:24.816+0100] {logging_mixin.py:190} INFO - [2025-03-06T23:44:24.816+0100] {dag.py:4180} INFO - Setting next_dagrun for example_dag_decorator to None, run_after=None
[2025-03-06T23:44:24.836+0100] {processor.py:208} INFO - Processing /home/erij/Erij_Mazouz_4DS8_churn_ml_project/venv/lib/python3.8/site-packages/airflow/example_dags/example_dag_decorator.py took 0.146 seconds
[2025-03-06T23:45:21.775+0100] {processor.py:186} INFO - Started process (PID=57167) to work on /home/erij/Erij_Mazouz_4DS8_churn_ml_project/venv/lib/python3.8/site-packages/airflow/example_dags/example_dag_decorator.py
[2025-03-06T23:45:21.778+0100] {processor.py:914} INFO - Processing file /home/erij/Erij_Mazouz_4DS8_churn_ml_project/venv/lib/python3.8/site-packages/airflow/example_dags/example_dag_decorator.py for tasks to queue
[2025-03-06T23:45:21.779+0100] {logging_mixin.py:190} INFO - [2025-03-06T23:45:21.779+0100] {dagbag.py:588} INFO - Filling up the DagBag from /home/erij/Erij_Mazouz_4DS8_churn_ml_project/venv/lib/python3.8/site-packages/airflow/example_dags/example_dag_decorator.py
[2025-03-06T23:45:21.808+0100] {processor.py:925} INFO - DAG(s) 'example_dag_decorator' retrieved from /home/erij/Erij_Mazouz_4DS8_churn_ml_project/venv/lib/python3.8/site-packages/airflow/example_dags/example_dag_decorator.py
[2025-03-06T23:45:21.880+0100] {logging_mixin.py:190} INFO - [2025-03-06T23:45:21.880+0100] {dag.py:3239} INFO - Sync 1 DAGs
[2025-03-06T23:45:21.890+0100] {logging_mixin.py:190} INFO - [2025-03-06T23:45:21.890+0100] {dag.py:4180} INFO - Setting next_dagrun for example_dag_decorator to None, run_after=None
[2025-03-06T23:45:21.940+0100] {processor.py:208} INFO - Processing /home/erij/Erij_Mazouz_4DS8_churn_ml_project/venv/lib/python3.8/site-packages/airflow/example_dags/example_dag_decorator.py took 0.170 seconds
[2025-03-06T23:46:20.455+0100] {processor.py:186} INFO - Started process (PID=57287) to work on /home/erij/Erij_Mazouz_4DS8_churn_ml_project/venv/lib/python3.8/site-packages/airflow/example_dags/example_dag_decorator.py
[2025-03-06T23:46:20.471+0100] {processor.py:914} INFO - Processing file /home/erij/Erij_Mazouz_4DS8_churn_ml_project/venv/lib/python3.8/site-packages/airflow/example_dags/example_dag_decorator.py for tasks to queue
[2025-03-06T23:46:20.473+0100] {logging_mixin.py:190} INFO - [2025-03-06T23:46:20.472+0100] {dagbag.py:588} INFO - Filling up the DagBag from /home/erij/Erij_Mazouz_4DS8_churn_ml_project/venv/lib/python3.8/site-packages/airflow/example_dags/example_dag_decorator.py
[2025-03-06T23:46:20.501+0100] {processor.py:925} INFO - DAG(s) 'example_dag_decorator' retrieved from /home/erij/Erij_Mazouz_4DS8_churn_ml_project/venv/lib/python3.8/site-packages/airflow/example_dags/example_dag_decorator.py
[2025-03-06T23:46:20.573+0100] {logging_mixin.py:190} INFO - [2025-03-06T23:46:20.573+0100] {dag.py:3239} INFO - Sync 1 DAGs
[2025-03-06T23:46:20.582+0100] {logging_mixin.py:190} INFO - [2025-03-06T23:46:20.582+0100] {dag.py:4180} INFO - Setting next_dagrun for example_dag_decorator to None, run_after=None
[2025-03-06T23:46:20.637+0100] {processor.py:208} INFO - Processing /home/erij/Erij_Mazouz_4DS8_churn_ml_project/venv/lib/python3.8/site-packages/airflow/example_dags/example_dag_decorator.py took 0.188 seconds
[2025-03-06T23:47:15.084+0100] {processor.py:186} INFO - Started process (PID=57403) to work on /home/erij/Erij_Mazouz_4DS8_churn_ml_project/venv/lib/python3.8/site-packages/airflow/example_dags/example_dag_decorator.py
[2025-03-06T23:47:15.086+0100] {processor.py:914} INFO - Processing file /home/erij/Erij_Mazouz_4DS8_churn_ml_project/venv/lib/python3.8/site-packages/airflow/example_dags/example_dag_decorator.py for tasks to queue
[2025-03-06T23:47:15.088+0100] {logging_mixin.py:190} INFO - [2025-03-06T23:47:15.088+0100] {dagbag.py:588} INFO - Filling up the DagBag from /home/erij/Erij_Mazouz_4DS8_churn_ml_project/venv/lib/python3.8/site-packages/airflow/example_dags/example_dag_decorator.py
[2025-03-06T23:47:15.116+0100] {processor.py:925} INFO - DAG(s) 'example_dag_decorator' retrieved from /home/erij/Erij_Mazouz_4DS8_churn_ml_project/venv/lib/python3.8/site-packages/airflow/example_dags/example_dag_decorator.py
[2025-03-06T23:47:15.192+0100] {logging_mixin.py:190} INFO - [2025-03-06T23:47:15.192+0100] {dag.py:3239} INFO - Sync 1 DAGs
[2025-03-06T23:47:15.201+0100] {logging_mixin.py:190} INFO - [2025-03-06T23:47:15.201+0100] {dag.py:4180} INFO - Setting next_dagrun for example_dag_decorator to None, run_after=None
[2025-03-06T23:47:15.219+0100] {processor.py:208} INFO - Processing /home/erij/Erij_Mazouz_4DS8_churn_ml_project/venv/lib/python3.8/site-packages/airflow/example_dags/example_dag_decorator.py took 0.139 seconds
[2025-03-06T23:48:13.258+0100] {processor.py:186} INFO - Started process (PID=57515) to work on /home/erij/Erij_Mazouz_4DS8_churn_ml_project/venv/lib/python3.8/site-packages/airflow/example_dags/example_dag_decorator.py
[2025-03-06T23:48:13.261+0100] {processor.py:914} INFO - Processing file /home/erij/Erij_Mazouz_4DS8_churn_ml_project/venv/lib/python3.8/site-packages/airflow/example_dags/example_dag_decorator.py for tasks to queue
[2025-03-06T23:48:13.262+0100] {logging_mixin.py:190} INFO - [2025-03-06T23:48:13.262+0100] {dagbag.py:588} INFO - Filling up the DagBag from /home/erij/Erij_Mazouz_4DS8_churn_ml_project/venv/lib/python3.8/site-packages/airflow/example_dags/example_dag_decorator.py
[2025-03-06T23:48:13.289+0100] {processor.py:925} INFO - DAG(s) 'example_dag_decorator' retrieved from /home/erij/Erij_Mazouz_4DS8_churn_ml_project/venv/lib/python3.8/site-packages/airflow/example_dags/example_dag_decorator.py
[2025-03-06T23:48:13.357+0100] {logging_mixin.py:190} INFO - [2025-03-06T23:48:13.357+0100] {dag.py:3239} INFO - Sync 1 DAGs
[2025-03-06T23:48:13.365+0100] {logging_mixin.py:190} INFO - [2025-03-06T23:48:13.365+0100] {dag.py:4180} INFO - Setting next_dagrun for example_dag_decorator to None, run_after=None
[2025-03-06T23:48:13.383+0100] {processor.py:208} INFO - Processing /home/erij/Erij_Mazouz_4DS8_churn_ml_project/venv/lib/python3.8/site-packages/airflow/example_dags/example_dag_decorator.py took 0.130 seconds
[2025-03-06T23:49:10.187+0100] {processor.py:186} INFO - Started process (PID=57633) to work on /home/erij/Erij_Mazouz_4DS8_churn_ml_project/venv/lib/python3.8/site-packages/airflow/example_dags/example_dag_decorator.py
[2025-03-06T23:49:10.188+0100] {processor.py:914} INFO - Processing file /home/erij/Erij_Mazouz_4DS8_churn_ml_project/venv/lib/python3.8/site-packages/airflow/example_dags/example_dag_decorator.py for tasks to queue
[2025-03-06T23:49:10.189+0100] {logging_mixin.py:190} INFO - [2025-03-06T23:49:10.189+0100] {dagbag.py:588} INFO - Filling up the DagBag from /home/erij/Erij_Mazouz_4DS8_churn_ml_project/venv/lib/python3.8/site-packages/airflow/example_dags/example_dag_decorator.py
[2025-03-06T23:49:10.218+0100] {processor.py:925} INFO - DAG(s) 'example_dag_decorator' retrieved from /home/erij/Erij_Mazouz_4DS8_churn_ml_project/venv/lib/python3.8/site-packages/airflow/example_dags/example_dag_decorator.py
[2025-03-06T23:49:10.293+0100] {logging_mixin.py:190} INFO - [2025-03-06T23:49:10.293+0100] {dag.py:3239} INFO - Sync 1 DAGs
[2025-03-06T23:49:10.303+0100] {logging_mixin.py:190} INFO - [2025-03-06T23:49:10.302+0100] {dag.py:4180} INFO - Setting next_dagrun for example_dag_decorator to None, run_after=None
[2025-03-06T23:49:10.321+0100] {processor.py:208} INFO - Processing /home/erij/Erij_Mazouz_4DS8_churn_ml_project/venv/lib/python3.8/site-packages/airflow/example_dags/example_dag_decorator.py took 0.140 seconds
[2025-03-06T23:50:03.843+0100] {processor.py:186} INFO - Started process (PID=57740) to work on /home/erij/Erij_Mazouz_4DS8_churn_ml_project/venv/lib/python3.8/site-packages/airflow/example_dags/example_dag_decorator.py
[2025-03-06T23:50:03.844+0100] {processor.py:914} INFO - Processing file /home/erij/Erij_Mazouz_4DS8_churn_ml_project/venv/lib/python3.8/site-packages/airflow/example_dags/example_dag_decorator.py for tasks to queue
[2025-03-06T23:50:03.846+0100] {logging_mixin.py:190} INFO - [2025-03-06T23:50:03.845+0100] {dagbag.py:588} INFO - Filling up the DagBag from /home/erij/Erij_Mazouz_4DS8_churn_ml_project/venv/lib/python3.8/site-packages/airflow/example_dags/example_dag_decorator.py
[2025-03-06T23:50:03.875+0100] {processor.py:925} INFO - DAG(s) 'example_dag_decorator' retrieved from /home/erij/Erij_Mazouz_4DS8_churn_ml_project/venv/lib/python3.8/site-packages/airflow/example_dags/example_dag_decorator.py
[2025-03-06T23:50:03.950+0100] {logging_mixin.py:190} INFO - [2025-03-06T23:50:03.950+0100] {dag.py:3239} INFO - Sync 1 DAGs
[2025-03-06T23:50:03.960+0100] {logging_mixin.py:190} INFO - [2025-03-06T23:50:03.959+0100] {dag.py:4180} INFO - Setting next_dagrun for example_dag_decorator to None, run_after=None
[2025-03-06T23:50:03.976+0100] {processor.py:208} INFO - Processing /home/erij/Erij_Mazouz_4DS8_churn_ml_project/venv/lib/python3.8/site-packages/airflow/example_dags/example_dag_decorator.py took 0.139 seconds
[2025-03-06T23:50:59.666+0100] {processor.py:186} INFO - Started process (PID=57854) to work on /home/erij/Erij_Mazouz_4DS8_churn_ml_project/venv/lib/python3.8/site-packages/airflow/example_dags/example_dag_decorator.py
[2025-03-06T23:50:59.669+0100] {processor.py:914} INFO - Processing file /home/erij/Erij_Mazouz_4DS8_churn_ml_project/venv/lib/python3.8/site-packages/airflow/example_dags/example_dag_decorator.py for tasks to queue
[2025-03-06T23:50:59.670+0100] {logging_mixin.py:190} INFO - [2025-03-06T23:50:59.670+0100] {dagbag.py:588} INFO - Filling up the DagBag from /home/erij/Erij_Mazouz_4DS8_churn_ml_project/venv/lib/python3.8/site-packages/airflow/example_dags/example_dag_decorator.py
[2025-03-06T23:50:59.699+0100] {processor.py:925} INFO - DAG(s) 'example_dag_decorator' retrieved from /home/erij/Erij_Mazouz_4DS8_churn_ml_project/venv/lib/python3.8/site-packages/airflow/example_dags/example_dag_decorator.py
[2025-03-06T23:50:59.772+0100] {logging_mixin.py:190} INFO - [2025-03-06T23:50:59.772+0100] {dag.py:3239} INFO - Sync 1 DAGs
[2025-03-06T23:50:59.783+0100] {logging_mixin.py:190} INFO - [2025-03-06T23:50:59.782+0100] {dag.py:4180} INFO - Setting next_dagrun for example_dag_decorator to None, run_after=None
[2025-03-06T23:50:59.802+0100] {processor.py:208} INFO - Processing /home/erij/Erij_Mazouz_4DS8_churn_ml_project/venv/lib/python3.8/site-packages/airflow/example_dags/example_dag_decorator.py took 0.141 seconds
[2025-03-06T23:51:54.505+0100] {processor.py:186} INFO - Started process (PID=57970) to work on /home/erij/Erij_Mazouz_4DS8_churn_ml_project/venv/lib/python3.8/site-packages/airflow/example_dags/example_dag_decorator.py
[2025-03-06T23:51:54.507+0100] {processor.py:914} INFO - Processing file /home/erij/Erij_Mazouz_4DS8_churn_ml_project/venv/lib/python3.8/site-packages/airflow/example_dags/example_dag_decorator.py for tasks to queue
[2025-03-06T23:51:54.509+0100] {logging_mixin.py:190} INFO - [2025-03-06T23:51:54.508+0100] {dagbag.py:588} INFO - Filling up the DagBag from /home/erij/Erij_Mazouz_4DS8_churn_ml_project/venv/lib/python3.8/site-packages/airflow/example_dags/example_dag_decorator.py
[2025-03-06T23:51:54.538+0100] {processor.py:925} INFO - DAG(s) 'example_dag_decorator' retrieved from /home/erij/Erij_Mazouz_4DS8_churn_ml_project/venv/lib/python3.8/site-packages/airflow/example_dags/example_dag_decorator.py
[2025-03-06T23:51:54.609+0100] {logging_mixin.py:190} INFO - [2025-03-06T23:51:54.608+0100] {dag.py:3239} INFO - Sync 1 DAGs
[2025-03-06T23:51:54.620+0100] {logging_mixin.py:190} INFO - [2025-03-06T23:51:54.620+0100] {dag.py:4180} INFO - Setting next_dagrun for example_dag_decorator to None, run_after=None
[2025-03-06T23:51:54.639+0100] {processor.py:208} INFO - Processing /home/erij/Erij_Mazouz_4DS8_churn_ml_project/venv/lib/python3.8/site-packages/airflow/example_dags/example_dag_decorator.py took 0.139 seconds
[2025-03-06T23:52:50.978+0100] {processor.py:186} INFO - Started process (PID=58083) to work on /home/erij/Erij_Mazouz_4DS8_churn_ml_project/venv/lib/python3.8/site-packages/airflow/example_dags/example_dag_decorator.py
[2025-03-06T23:52:50.980+0100] {processor.py:914} INFO - Processing file /home/erij/Erij_Mazouz_4DS8_churn_ml_project/venv/lib/python3.8/site-packages/airflow/example_dags/example_dag_decorator.py for tasks to queue
[2025-03-06T23:52:50.982+0100] {logging_mixin.py:190} INFO - [2025-03-06T23:52:50.982+0100] {dagbag.py:588} INFO - Filling up the DagBag from /home/erij/Erij_Mazouz_4DS8_churn_ml_project/venv/lib/python3.8/site-packages/airflow/example_dags/example_dag_decorator.py
[2025-03-06T23:52:51.009+0100] {processor.py:925} INFO - DAG(s) 'example_dag_decorator' retrieved from /home/erij/Erij_Mazouz_4DS8_churn_ml_project/venv/lib/python3.8/site-packages/airflow/example_dags/example_dag_decorator.py
[2025-03-06T23:52:51.085+0100] {logging_mixin.py:190} INFO - [2025-03-06T23:52:51.085+0100] {dag.py:3239} INFO - Sync 1 DAGs
[2025-03-06T23:52:51.095+0100] {logging_mixin.py:190} INFO - [2025-03-06T23:52:51.094+0100] {dag.py:4180} INFO - Setting next_dagrun for example_dag_decorator to None, run_after=None
[2025-03-06T23:52:51.114+0100] {processor.py:208} INFO - Processing /home/erij/Erij_Mazouz_4DS8_churn_ml_project/venv/lib/python3.8/site-packages/airflow/example_dags/example_dag_decorator.py took 0.141 seconds
[2025-03-06T23:53:47.602+0100] {processor.py:186} INFO - Started process (PID=58210) to work on /home/erij/Erij_Mazouz_4DS8_churn_ml_project/venv/lib/python3.8/site-packages/airflow/example_dags/example_dag_decorator.py
[2025-03-06T23:53:47.604+0100] {processor.py:914} INFO - Processing file /home/erij/Erij_Mazouz_4DS8_churn_ml_project/venv/lib/python3.8/site-packages/airflow/example_dags/example_dag_decorator.py for tasks to queue
[2025-03-06T23:53:47.606+0100] {logging_mixin.py:190} INFO - [2025-03-06T23:53:47.606+0100] {dagbag.py:588} INFO - Filling up the DagBag from /home/erij/Erij_Mazouz_4DS8_churn_ml_project/venv/lib/python3.8/site-packages/airflow/example_dags/example_dag_decorator.py
[2025-03-06T23:53:47.638+0100] {processor.py:925} INFO - DAG(s) 'example_dag_decorator' retrieved from /home/erij/Erij_Mazouz_4DS8_churn_ml_project/venv/lib/python3.8/site-packages/airflow/example_dags/example_dag_decorator.py
[2025-03-06T23:53:47.714+0100] {logging_mixin.py:190} INFO - [2025-03-06T23:53:47.714+0100] {dag.py:3239} INFO - Sync 1 DAGs
[2025-03-06T23:53:47.725+0100] {logging_mixin.py:190} INFO - [2025-03-06T23:53:47.725+0100] {dag.py:4180} INFO - Setting next_dagrun for example_dag_decorator to None, run_after=None
[2025-03-06T23:53:47.745+0100] {processor.py:208} INFO - Processing /home/erij/Erij_Mazouz_4DS8_churn_ml_project/venv/lib/python3.8/site-packages/airflow/example_dags/example_dag_decorator.py took 0.147 seconds
[2025-03-06T23:54:46.017+0100] {processor.py:186} INFO - Started process (PID=58588) to work on /home/erij/Erij_Mazouz_4DS8_churn_ml_project/venv/lib/python3.8/site-packages/airflow/example_dags/example_dag_decorator.py
[2025-03-06T23:54:46.019+0100] {processor.py:914} INFO - Processing file /home/erij/Erij_Mazouz_4DS8_churn_ml_project/venv/lib/python3.8/site-packages/airflow/example_dags/example_dag_decorator.py for tasks to queue
[2025-03-06T23:54:46.021+0100] {logging_mixin.py:190} INFO - [2025-03-06T23:54:46.021+0100] {dagbag.py:588} INFO - Filling up the DagBag from /home/erij/Erij_Mazouz_4DS8_churn_ml_project/venv/lib/python3.8/site-packages/airflow/example_dags/example_dag_decorator.py
[2025-03-06T23:54:46.050+0100] {processor.py:925} INFO - DAG(s) 'example_dag_decorator' retrieved from /home/erij/Erij_Mazouz_4DS8_churn_ml_project/venv/lib/python3.8/site-packages/airflow/example_dags/example_dag_decorator.py
[2025-03-06T23:54:46.122+0100] {logging_mixin.py:190} INFO - [2025-03-06T23:54:46.122+0100] {dag.py:3239} INFO - Sync 1 DAGs
[2025-03-06T23:54:46.131+0100] {logging_mixin.py:190} INFO - [2025-03-06T23:54:46.131+0100] {dag.py:4180} INFO - Setting next_dagrun for example_dag_decorator to None, run_after=None
[2025-03-06T23:54:46.152+0100] {processor.py:208} INFO - Processing /home/erij/Erij_Mazouz_4DS8_churn_ml_project/venv/lib/python3.8/site-packages/airflow/example_dags/example_dag_decorator.py took 0.140 seconds
[2025-03-06T23:55:43.271+0100] {processor.py:186} INFO - Started process (PID=59143) to work on /home/erij/Erij_Mazouz_4DS8_churn_ml_project/venv/lib/python3.8/site-packages/airflow/example_dags/example_dag_decorator.py
[2025-03-06T23:55:43.274+0100] {processor.py:914} INFO - Processing file /home/erij/Erij_Mazouz_4DS8_churn_ml_project/venv/lib/python3.8/site-packages/airflow/example_dags/example_dag_decorator.py for tasks to queue
[2025-03-06T23:55:43.276+0100] {logging_mixin.py:190} INFO - [2025-03-06T23:55:43.275+0100] {dagbag.py:588} INFO - Filling up the DagBag from /home/erij/Erij_Mazouz_4DS8_churn_ml_project/venv/lib/python3.8/site-packages/airflow/example_dags/example_dag_decorator.py
[2025-03-06T23:55:43.308+0100] {processor.py:925} INFO - DAG(s) 'example_dag_decorator' retrieved from /home/erij/Erij_Mazouz_4DS8_churn_ml_project/venv/lib/python3.8/site-packages/airflow/example_dags/example_dag_decorator.py
[2025-03-06T23:55:43.390+0100] {logging_mixin.py:190} INFO - [2025-03-06T23:55:43.390+0100] {dag.py:3239} INFO - Sync 1 DAGs
[2025-03-06T23:55:43.399+0100] {logging_mixin.py:190} INFO - [2025-03-06T23:55:43.399+0100] {dag.py:4180} INFO - Setting next_dagrun for example_dag_decorator to None, run_after=None
[2025-03-06T23:55:43.419+0100] {processor.py:208} INFO - Processing /home/erij/Erij_Mazouz_4DS8_churn_ml_project/venv/lib/python3.8/site-packages/airflow/example_dags/example_dag_decorator.py took 0.153 seconds
[2025-03-06T23:56:40.341+0100] {processor.py:186} INFO - Started process (PID=59272) to work on /home/erij/Erij_Mazouz_4DS8_churn_ml_project/venv/lib/python3.8/site-packages/airflow/example_dags/example_dag_decorator.py
[2025-03-06T23:56:40.343+0100] {processor.py:914} INFO - Processing file /home/erij/Erij_Mazouz_4DS8_churn_ml_project/venv/lib/python3.8/site-packages/airflow/example_dags/example_dag_decorator.py for tasks to queue
[2025-03-06T23:56:40.345+0100] {logging_mixin.py:190} INFO - [2025-03-06T23:56:40.344+0100] {dagbag.py:588} INFO - Filling up the DagBag from /home/erij/Erij_Mazouz_4DS8_churn_ml_project/venv/lib/python3.8/site-packages/airflow/example_dags/example_dag_decorator.py
[2025-03-06T23:56:40.377+0100] {processor.py:925} INFO - DAG(s) 'example_dag_decorator' retrieved from /home/erij/Erij_Mazouz_4DS8_churn_ml_project/venv/lib/python3.8/site-packages/airflow/example_dags/example_dag_decorator.py
[2025-03-06T23:56:40.455+0100] {logging_mixin.py:190} INFO - [2025-03-06T23:56:40.455+0100] {dag.py:3239} INFO - Sync 1 DAGs
[2025-03-06T23:56:40.464+0100] {logging_mixin.py:190} INFO - [2025-03-06T23:56:40.464+0100] {dag.py:4180} INFO - Setting next_dagrun for example_dag_decorator to None, run_after=None
[2025-03-06T23:56:40.482+0100] {processor.py:208} INFO - Processing /home/erij/Erij_Mazouz_4DS8_churn_ml_project/venv/lib/python3.8/site-packages/airflow/example_dags/example_dag_decorator.py took 0.148 seconds
[2025-03-06T23:57:34.458+0100] {processor.py:186} INFO - Started process (PID=59394) to work on /home/erij/Erij_Mazouz_4DS8_churn_ml_project/venv/lib/python3.8/site-packages/airflow/example_dags/example_dag_decorator.py
[2025-03-06T23:57:34.460+0100] {processor.py:914} INFO - Processing file /home/erij/Erij_Mazouz_4DS8_churn_ml_project/venv/lib/python3.8/site-packages/airflow/example_dags/example_dag_decorator.py for tasks to queue
[2025-03-06T23:57:34.462+0100] {logging_mixin.py:190} INFO - [2025-03-06T23:57:34.462+0100] {dagbag.py:588} INFO - Filling up the DagBag from /home/erij/Erij_Mazouz_4DS8_churn_ml_project/venv/lib/python3.8/site-packages/airflow/example_dags/example_dag_decorator.py
[2025-03-06T23:57:34.492+0100] {processor.py:925} INFO - DAG(s) 'example_dag_decorator' retrieved from /home/erij/Erij_Mazouz_4DS8_churn_ml_project/venv/lib/python3.8/site-packages/airflow/example_dags/example_dag_decorator.py
[2025-03-06T23:57:34.566+0100] {logging_mixin.py:190} INFO - [2025-03-06T23:57:34.566+0100] {dag.py:3239} INFO - Sync 1 DAGs
[2025-03-06T23:57:34.574+0100] {logging_mixin.py:190} INFO - [2025-03-06T23:57:34.574+0100] {dag.py:4180} INFO - Setting next_dagrun for example_dag_decorator to None, run_after=None
[2025-03-06T23:57:34.592+0100] {processor.py:208} INFO - Processing /home/erij/Erij_Mazouz_4DS8_churn_ml_project/venv/lib/python3.8/site-packages/airflow/example_dags/example_dag_decorator.py took 0.139 seconds
[2025-03-06T23:58:28.562+0100] {processor.py:186} INFO - Started process (PID=59541) to work on /home/erij/Erij_Mazouz_4DS8_churn_ml_project/venv/lib/python3.8/site-packages/airflow/example_dags/example_dag_decorator.py
[2025-03-06T23:58:28.564+0100] {processor.py:914} INFO - Processing file /home/erij/Erij_Mazouz_4DS8_churn_ml_project/venv/lib/python3.8/site-packages/airflow/example_dags/example_dag_decorator.py for tasks to queue
[2025-03-06T23:58:28.565+0100] {logging_mixin.py:190} INFO - [2025-03-06T23:58:28.565+0100] {dagbag.py:588} INFO - Filling up the DagBag from /home/erij/Erij_Mazouz_4DS8_churn_ml_project/venv/lib/python3.8/site-packages/airflow/example_dags/example_dag_decorator.py
[2025-03-06T23:58:28.592+0100] {processor.py:925} INFO - DAG(s) 'example_dag_decorator' retrieved from /home/erij/Erij_Mazouz_4DS8_churn_ml_project/venv/lib/python3.8/site-packages/airflow/example_dags/example_dag_decorator.py
[2025-03-06T23:58:28.670+0100] {logging_mixin.py:190} INFO - [2025-03-06T23:58:28.670+0100] {dag.py:3239} INFO - Sync 1 DAGs
[2025-03-06T23:58:28.680+0100] {logging_mixin.py:190} INFO - [2025-03-06T23:58:28.680+0100] {dag.py:4180} INFO - Setting next_dagrun for example_dag_decorator to None, run_after=None
[2025-03-06T23:58:28.701+0100] {processor.py:208} INFO - Processing /home/erij/Erij_Mazouz_4DS8_churn_ml_project/venv/lib/python3.8/site-packages/airflow/example_dags/example_dag_decorator.py took 0.144 seconds
[2025-03-06T23:59:19.223+0100] {processor.py:186} INFO - Started process (PID=59686) to work on /home/erij/Erij_Mazouz_4DS8_churn_ml_project/venv/lib/python3.8/site-packages/airflow/example_dags/example_dag_decorator.py
[2025-03-06T23:59:19.225+0100] {processor.py:914} INFO - Processing file /home/erij/Erij_Mazouz_4DS8_churn_ml_project/venv/lib/python3.8/site-packages/airflow/example_dags/example_dag_decorator.py for tasks to queue
[2025-03-06T23:59:19.227+0100] {logging_mixin.py:190} INFO - [2025-03-06T23:59:19.227+0100] {dagbag.py:588} INFO - Filling up the DagBag from /home/erij/Erij_Mazouz_4DS8_churn_ml_project/venv/lib/python3.8/site-packages/airflow/example_dags/example_dag_decorator.py
[2025-03-06T23:59:19.260+0100] {processor.py:925} INFO - DAG(s) 'example_dag_decorator' retrieved from /home/erij/Erij_Mazouz_4DS8_churn_ml_project/venv/lib/python3.8/site-packages/airflow/example_dags/example_dag_decorator.py
[2025-03-06T23:59:19.343+0100] {logging_mixin.py:190} INFO - [2025-03-06T23:59:19.343+0100] {dag.py:3239} INFO - Sync 1 DAGs
[2025-03-06T23:59:19.354+0100] {logging_mixin.py:190} INFO - [2025-03-06T23:59:19.354+0100] {dag.py:4180} INFO - Setting next_dagrun for example_dag_decorator to None, run_after=None
[2025-03-06T23:59:19.373+0100] {processor.py:208} INFO - Processing /home/erij/Erij_Mazouz_4DS8_churn_ml_project/venv/lib/python3.8/site-packages/airflow/example_dags/example_dag_decorator.py took 0.155 seconds
[2025-03-07T00:00:10.891+0100] {processor.py:186} INFO - Started process (PID=59866) to work on /home/erij/Erij_Mazouz_4DS8_churn_ml_project/venv/lib/python3.8/site-packages/airflow/example_dags/example_dag_decorator.py
[2025-03-07T00:00:10.893+0100] {processor.py:914} INFO - Processing file /home/erij/Erij_Mazouz_4DS8_churn_ml_project/venv/lib/python3.8/site-packages/airflow/example_dags/example_dag_decorator.py for tasks to queue
[2025-03-07T00:00:10.895+0100] {logging_mixin.py:190} INFO - [2025-03-07T00:00:10.895+0100] {dagbag.py:588} INFO - Filling up the DagBag from /home/erij/Erij_Mazouz_4DS8_churn_ml_project/venv/lib/python3.8/site-packages/airflow/example_dags/example_dag_decorator.py
[2025-03-07T00:00:10.926+0100] {processor.py:925} INFO - DAG(s) 'example_dag_decorator' retrieved from /home/erij/Erij_Mazouz_4DS8_churn_ml_project/venv/lib/python3.8/site-packages/airflow/example_dags/example_dag_decorator.py
[2025-03-07T00:00:11.011+0100] {logging_mixin.py:190} INFO - [2025-03-07T00:00:11.011+0100] {dag.py:3239} INFO - Sync 1 DAGs
[2025-03-07T00:00:11.020+0100] {logging_mixin.py:190} INFO - [2025-03-07T00:00:11.020+0100] {dag.py:4180} INFO - Setting next_dagrun for example_dag_decorator to None, run_after=None
[2025-03-07T00:00:11.038+0100] {processor.py:208} INFO - Processing /home/erij/Erij_Mazouz_4DS8_churn_ml_project/venv/lib/python3.8/site-packages/airflow/example_dags/example_dag_decorator.py took 0.151 seconds
[2025-03-07T00:01:04.591+0100] {processor.py:186} INFO - Started process (PID=60029) to work on /home/erij/Erij_Mazouz_4DS8_churn_ml_project/venv/lib/python3.8/site-packages/airflow/example_dags/example_dag_decorator.py
[2025-03-07T00:01:04.594+0100] {processor.py:914} INFO - Processing file /home/erij/Erij_Mazouz_4DS8_churn_ml_project/venv/lib/python3.8/site-packages/airflow/example_dags/example_dag_decorator.py for tasks to queue
[2025-03-07T00:01:04.598+0100] {logging_mixin.py:190} INFO - [2025-03-07T00:01:04.598+0100] {dagbag.py:588} INFO - Filling up the DagBag from /home/erij/Erij_Mazouz_4DS8_churn_ml_project/venv/lib/python3.8/site-packages/airflow/example_dags/example_dag_decorator.py
[2025-03-07T00:01:04.641+0100] {processor.py:925} INFO - DAG(s) 'example_dag_decorator' retrieved from /home/erij/Erij_Mazouz_4DS8_churn_ml_project/venv/lib/python3.8/site-packages/airflow/example_dags/example_dag_decorator.py
[2025-03-07T00:01:04.792+0100] {logging_mixin.py:190} INFO - [2025-03-07T00:01:04.792+0100] {dag.py:3239} INFO - Sync 1 DAGs
[2025-03-07T00:01:04.808+0100] {logging_mixin.py:190} INFO - [2025-03-07T00:01:04.808+0100] {dag.py:4180} INFO - Setting next_dagrun for example_dag_decorator to None, run_after=None
[2025-03-07T00:01:04.833+0100] {processor.py:208} INFO - Processing /home/erij/Erij_Mazouz_4DS8_churn_ml_project/venv/lib/python3.8/site-packages/airflow/example_dags/example_dag_decorator.py took 0.251 seconds
[2025-03-07T00:01:59.453+0100] {processor.py:186} INFO - Started process (PID=60193) to work on /home/erij/Erij_Mazouz_4DS8_churn_ml_project/venv/lib/python3.8/site-packages/airflow/example_dags/example_dag_decorator.py
[2025-03-07T00:01:59.456+0100] {processor.py:914} INFO - Processing file /home/erij/Erij_Mazouz_4DS8_churn_ml_project/venv/lib/python3.8/site-packages/airflow/example_dags/example_dag_decorator.py for tasks to queue
[2025-03-07T00:01:59.458+0100] {logging_mixin.py:190} INFO - [2025-03-07T00:01:59.457+0100] {dagbag.py:588} INFO - Filling up the DagBag from /home/erij/Erij_Mazouz_4DS8_churn_ml_project/venv/lib/python3.8/site-packages/airflow/example_dags/example_dag_decorator.py
[2025-03-07T00:01:59.485+0100] {processor.py:925} INFO - DAG(s) 'example_dag_decorator' retrieved from /home/erij/Erij_Mazouz_4DS8_churn_ml_project/venv/lib/python3.8/site-packages/airflow/example_dags/example_dag_decorator.py
[2025-03-07T00:01:59.558+0100] {logging_mixin.py:190} INFO - [2025-03-07T00:01:59.558+0100] {dag.py:3239} INFO - Sync 1 DAGs
[2025-03-07T00:01:59.568+0100] {logging_mixin.py:190} INFO - [2025-03-07T00:01:59.568+0100] {dag.py:4180} INFO - Setting next_dagrun for example_dag_decorator to None, run_after=None
[2025-03-07T00:01:59.589+0100] {processor.py:208} INFO - Processing /home/erij/Erij_Mazouz_4DS8_churn_ml_project/venv/lib/python3.8/site-packages/airflow/example_dags/example_dag_decorator.py took 0.140 seconds
[2025-03-07T00:02:56.982+0100] {processor.py:186} INFO - Started process (PID=60435) to work on /home/erij/Erij_Mazouz_4DS8_churn_ml_project/venv/lib/python3.8/site-packages/airflow/example_dags/example_dag_decorator.py
[2025-03-07T00:02:56.984+0100] {processor.py:914} INFO - Processing file /home/erij/Erij_Mazouz_4DS8_churn_ml_project/venv/lib/python3.8/site-packages/airflow/example_dags/example_dag_decorator.py for tasks to queue
[2025-03-07T00:02:56.986+0100] {logging_mixin.py:190} INFO - [2025-03-07T00:02:56.985+0100] {dagbag.py:588} INFO - Filling up the DagBag from /home/erij/Erij_Mazouz_4DS8_churn_ml_project/venv/lib/python3.8/site-packages/airflow/example_dags/example_dag_decorator.py
[2025-03-07T00:02:57.020+0100] {processor.py:925} INFO - DAG(s) 'example_dag_decorator' retrieved from /home/erij/Erij_Mazouz_4DS8_churn_ml_project/venv/lib/python3.8/site-packages/airflow/example_dags/example_dag_decorator.py
[2025-03-07T00:02:57.121+0100] {logging_mixin.py:190} INFO - [2025-03-07T00:02:57.121+0100] {dag.py:3239} INFO - Sync 1 DAGs
[2025-03-07T00:02:57.131+0100] {logging_mixin.py:190} INFO - [2025-03-07T00:02:57.131+0100] {dag.py:4180} INFO - Setting next_dagrun for example_dag_decorator to None, run_after=None
[2025-03-07T00:02:57.154+0100] {processor.py:208} INFO - Processing /home/erij/Erij_Mazouz_4DS8_churn_ml_project/venv/lib/python3.8/site-packages/airflow/example_dags/example_dag_decorator.py took 0.179 seconds
