[2025-03-06T23:40:07.403+0100] {processor.py:186} INFO - Started process (PID=56344) to work on /home/erij/Erij_Mazouz_4DS8_churn_ml_project/venv/lib/python3.8/site-packages/airflow/example_dags/example_params_trigger_ui.py
[2025-03-06T23:40:07.404+0100] {processor.py:914} INFO - Processing file /home/erij/Erij_Mazouz_4DS8_churn_ml_project/venv/lib/python3.8/site-packages/airflow/example_dags/example_params_trigger_ui.py for tasks to queue
[2025-03-06T23:40:07.406+0100] {logging_mixin.py:190} INFO - [2025-03-06T23:40:07.405+0100] {dagbag.py:588} INFO - Filling up the DagBag from /home/erij/Erij_Mazouz_4DS8_churn_ml_project/venv/lib/python3.8/site-packages/airflow/example_dags/example_params_trigger_ui.py
[2025-03-06T23:40:07.416+0100] {processor.py:925} INFO - DAG(s) 'example_params_trigger_ui' retrieved from /home/erij/Erij_Mazouz_4DS8_churn_ml_project/venv/lib/python3.8/site-packages/airflow/example_dags/example_params_trigger_ui.py
[2025-03-06T23:40:07.458+0100] {logging_mixin.py:190} INFO - [2025-03-06T23:40:07.458+0100] {dag.py:3239} INFO - Sync 1 DAGs
[2025-03-06T23:40:07.470+0100] {logging_mixin.py:190} INFO - [2025-03-06T23:40:07.470+0100] {dag.py:4180} INFO - Setting next_dagrun for example_params_trigger_ui to None, run_after=None
[2025-03-06T23:40:07.490+0100] {processor.py:208} INFO - Processing /home/erij/Erij_Mazouz_4DS8_churn_ml_project/venv/lib/python3.8/site-packages/airflow/example_dags/example_params_trigger_ui.py took 0.093 seconds
[2025-03-06T23:41:26.500+0100] {processor.py:186} INFO - Started process (PID=56606) to work on /home/erij/Erij_Mazouz_4DS8_churn_ml_project/venv/lib/python3.8/site-packages/airflow/example_dags/example_params_trigger_ui.py
[2025-03-06T23:41:26.503+0100] {processor.py:914} INFO - Processing file /home/erij/Erij_Mazouz_4DS8_churn_ml_project/venv/lib/python3.8/site-packages/airflow/example_dags/example_params_trigger_ui.py for tasks to queue
[2025-03-06T23:41:26.505+0100] {logging_mixin.py:190} INFO - [2025-03-06T23:41:26.504+0100] {dagbag.py:588} INFO - Filling up the DagBag from /home/erij/Erij_Mazouz_4DS8_churn_ml_project/venv/lib/python3.8/site-packages/airflow/example_dags/example_params_trigger_ui.py
[2025-03-06T23:41:26.517+0100] {processor.py:925} INFO - DAG(s) 'example_params_trigger_ui' retrieved from /home/erij/Erij_Mazouz_4DS8_churn_ml_project/venv/lib/python3.8/site-packages/airflow/example_dags/example_params_trigger_ui.py
[2025-03-06T23:41:26.564+0100] {logging_mixin.py:190} INFO - [2025-03-06T23:41:26.563+0100] {dag.py:3239} INFO - Sync 1 DAGs
[2025-03-06T23:41:26.576+0100] {logging_mixin.py:190} INFO - [2025-03-06T23:41:26.576+0100] {dag.py:4180} INFO - Setting next_dagrun for example_params_trigger_ui to None, run_after=None
[2025-03-06T23:41:26.597+0100] {processor.py:208} INFO - Processing /home/erij/Erij_Mazouz_4DS8_churn_ml_project/venv/lib/python3.8/site-packages/airflow/example_dags/example_params_trigger_ui.py took 0.102 seconds
[2025-03-06T23:42:22.121+0100] {processor.py:186} INFO - Started process (PID=56739) to work on /home/erij/Erij_Mazouz_4DS8_churn_ml_project/venv/lib/python3.8/site-packages/airflow/example_dags/example_params_trigger_ui.py
[2025-03-06T23:42:22.123+0100] {processor.py:914} INFO - Processing file /home/erij/Erij_Mazouz_4DS8_churn_ml_project/venv/lib/python3.8/site-packages/airflow/example_dags/example_params_trigger_ui.py for tasks to queue
[2025-03-06T23:42:22.125+0100] {logging_mixin.py:190} INFO - [2025-03-06T23:42:22.124+0100] {dagbag.py:588} INFO - Filling up the DagBag from /home/erij/Erij_Mazouz_4DS8_churn_ml_project/venv/lib/python3.8/site-packages/airflow/example_dags/example_params_trigger_ui.py
[2025-03-06T23:42:22.134+0100] {processor.py:925} INFO - DAG(s) 'example_params_trigger_ui' retrieved from /home/erij/Erij_Mazouz_4DS8_churn_ml_project/venv/lib/python3.8/site-packages/airflow/example_dags/example_params_trigger_ui.py
[2025-03-06T23:42:22.192+0100] {logging_mixin.py:190} INFO - [2025-03-06T23:42:22.192+0100] {dag.py:3239} INFO - Sync 1 DAGs
[2025-03-06T23:42:22.209+0100] {logging_mixin.py:190} INFO - [2025-03-06T23:42:22.209+0100] {dag.py:4180} INFO - Setting next_dagrun for example_params_trigger_ui to None, run_after=None
[2025-03-06T23:42:22.230+0100] {processor.py:208} INFO - Processing /home/erij/Erij_Mazouz_4DS8_churn_ml_project/venv/lib/python3.8/site-packages/airflow/example_dags/example_params_trigger_ui.py took 0.114 seconds
[2025-03-06T23:43:20.106+0100] {processor.py:186} INFO - Started process (PID=56869) to work on /home/erij/Erij_Mazouz_4DS8_churn_ml_project/venv/lib/python3.8/site-packages/airflow/example_dags/example_params_trigger_ui.py
[2025-03-06T23:43:20.108+0100] {processor.py:914} INFO - Processing file /home/erij/Erij_Mazouz_4DS8_churn_ml_project/venv/lib/python3.8/site-packages/airflow/example_dags/example_params_trigger_ui.py for tasks to queue
[2025-03-06T23:43:20.110+0100] {logging_mixin.py:190} INFO - [2025-03-06T23:43:20.109+0100] {dagbag.py:588} INFO - Filling up the DagBag from /home/erij/Erij_Mazouz_4DS8_churn_ml_project/venv/lib/python3.8/site-packages/airflow/example_dags/example_params_trigger_ui.py
[2025-03-06T23:43:20.119+0100] {processor.py:925} INFO - DAG(s) 'example_params_trigger_ui' retrieved from /home/erij/Erij_Mazouz_4DS8_churn_ml_project/venv/lib/python3.8/site-packages/airflow/example_dags/example_params_trigger_ui.py
[2025-03-06T23:43:20.153+0100] {logging_mixin.py:190} INFO - [2025-03-06T23:43:20.153+0100] {dag.py:3239} INFO - Sync 1 DAGs
[2025-03-06T23:43:20.164+0100] {logging_mixin.py:190} INFO - [2025-03-06T23:43:20.163+0100] {dag.py:4180} INFO - Setting next_dagrun for example_params_trigger_ui to None, run_after=None
[2025-03-06T23:43:20.181+0100] {processor.py:208} INFO - Processing /home/erij/Erij_Mazouz_4DS8_churn_ml_project/venv/lib/python3.8/site-packages/airflow/example_dags/example_params_trigger_ui.py took 0.081 seconds
[2025-03-06T23:44:37.956+0100] {processor.py:186} INFO - Started process (PID=57075) to work on /home/erij/Erij_Mazouz_4DS8_churn_ml_project/venv/lib/python3.8/site-packages/airflow/example_dags/example_params_trigger_ui.py
[2025-03-06T23:44:37.958+0100] {processor.py:914} INFO - Processing file /home/erij/Erij_Mazouz_4DS8_churn_ml_project/venv/lib/python3.8/site-packages/airflow/example_dags/example_params_trigger_ui.py for tasks to queue
[2025-03-06T23:44:37.960+0100] {logging_mixin.py:190} INFO - [2025-03-06T23:44:37.960+0100] {dagbag.py:588} INFO - Filling up the DagBag from /home/erij/Erij_Mazouz_4DS8_churn_ml_project/venv/lib/python3.8/site-packages/airflow/example_dags/example_params_trigger_ui.py
[2025-03-06T23:44:37.970+0100] {processor.py:925} INFO - DAG(s) 'example_params_trigger_ui' retrieved from /home/erij/Erij_Mazouz_4DS8_churn_ml_project/venv/lib/python3.8/site-packages/airflow/example_dags/example_params_trigger_ui.py
[2025-03-06T23:44:38.008+0100] {logging_mixin.py:190} INFO - [2025-03-06T23:44:38.008+0100] {dag.py:3239} INFO - Sync 1 DAGs
[2025-03-06T23:44:38.019+0100] {logging_mixin.py:190} INFO - [2025-03-06T23:44:38.019+0100] {dag.py:4180} INFO - Setting next_dagrun for example_params_trigger_ui to None, run_after=None
[2025-03-06T23:44:38.050+0100] {processor.py:208} INFO - Processing /home/erij/Erij_Mazouz_4DS8_churn_ml_project/venv/lib/python3.8/site-packages/airflow/example_dags/example_params_trigger_ui.py took 0.099 seconds
[2025-03-06T23:45:33.726+0100] {processor.py:186} INFO - Started process (PID=57189) to work on /home/erij/Erij_Mazouz_4DS8_churn_ml_project/venv/lib/python3.8/site-packages/airflow/example_dags/example_params_trigger_ui.py
[2025-03-06T23:45:33.731+0100] {processor.py:914} INFO - Processing file /home/erij/Erij_Mazouz_4DS8_churn_ml_project/venv/lib/python3.8/site-packages/airflow/example_dags/example_params_trigger_ui.py for tasks to queue
[2025-03-06T23:45:33.733+0100] {logging_mixin.py:190} INFO - [2025-03-06T23:45:33.732+0100] {dagbag.py:588} INFO - Filling up the DagBag from /home/erij/Erij_Mazouz_4DS8_churn_ml_project/venv/lib/python3.8/site-packages/airflow/example_dags/example_params_trigger_ui.py
[2025-03-06T23:45:33.742+0100] {processor.py:925} INFO - DAG(s) 'example_params_trigger_ui' retrieved from /home/erij/Erij_Mazouz_4DS8_churn_ml_project/venv/lib/python3.8/site-packages/airflow/example_dags/example_params_trigger_ui.py
[2025-03-06T23:45:33.775+0100] {logging_mixin.py:190} INFO - [2025-03-06T23:45:33.774+0100] {dag.py:3239} INFO - Sync 1 DAGs
[2025-03-06T23:45:33.785+0100] {logging_mixin.py:190} INFO - [2025-03-06T23:45:33.785+0100] {dag.py:4180} INFO - Setting next_dagrun for example_params_trigger_ui to None, run_after=None
[2025-03-06T23:45:33.852+0100] {processor.py:208} INFO - Processing /home/erij/Erij_Mazouz_4DS8_churn_ml_project/venv/lib/python3.8/site-packages/airflow/example_dags/example_params_trigger_ui.py took 0.131 seconds
[2025-03-06T23:46:33.110+0100] {processor.py:186} INFO - Started process (PID=57307) to work on /home/erij/Erij_Mazouz_4DS8_churn_ml_project/venv/lib/python3.8/site-packages/airflow/example_dags/example_params_trigger_ui.py
[2025-03-06T23:46:33.113+0100] {processor.py:914} INFO - Processing file /home/erij/Erij_Mazouz_4DS8_churn_ml_project/venv/lib/python3.8/site-packages/airflow/example_dags/example_params_trigger_ui.py for tasks to queue
[2025-03-06T23:46:33.114+0100] {logging_mixin.py:190} INFO - [2025-03-06T23:46:33.114+0100] {dagbag.py:588} INFO - Filling up the DagBag from /home/erij/Erij_Mazouz_4DS8_churn_ml_project/venv/lib/python3.8/site-packages/airflow/example_dags/example_params_trigger_ui.py
[2025-03-06T23:46:33.124+0100] {processor.py:925} INFO - DAG(s) 'example_params_trigger_ui' retrieved from /home/erij/Erij_Mazouz_4DS8_churn_ml_project/venv/lib/python3.8/site-packages/airflow/example_dags/example_params_trigger_ui.py
[2025-03-06T23:46:33.160+0100] {logging_mixin.py:190} INFO - [2025-03-06T23:46:33.160+0100] {dag.py:3239} INFO - Sync 1 DAGs
[2025-03-06T23:46:33.171+0100] {logging_mixin.py:190} INFO - [2025-03-06T23:46:33.171+0100] {dag.py:4180} INFO - Setting next_dagrun for example_params_trigger_ui to None, run_after=None
[2025-03-06T23:46:33.190+0100] {processor.py:208} INFO - Processing /home/erij/Erij_Mazouz_4DS8_churn_ml_project/venv/lib/python3.8/site-packages/airflow/example_dags/example_params_trigger_ui.py took 0.085 seconds
[2025-03-06T23:47:27.987+0100] {processor.py:186} INFO - Started process (PID=57423) to work on /home/erij/Erij_Mazouz_4DS8_churn_ml_project/venv/lib/python3.8/site-packages/airflow/example_dags/example_params_trigger_ui.py
[2025-03-06T23:47:27.989+0100] {processor.py:914} INFO - Processing file /home/erij/Erij_Mazouz_4DS8_churn_ml_project/venv/lib/python3.8/site-packages/airflow/example_dags/example_params_trigger_ui.py for tasks to queue
[2025-03-06T23:47:27.991+0100] {logging_mixin.py:190} INFO - [2025-03-06T23:47:27.991+0100] {dagbag.py:588} INFO - Filling up the DagBag from /home/erij/Erij_Mazouz_4DS8_churn_ml_project/venv/lib/python3.8/site-packages/airflow/example_dags/example_params_trigger_ui.py
[2025-03-06T23:47:28.001+0100] {processor.py:925} INFO - DAG(s) 'example_params_trigger_ui' retrieved from /home/erij/Erij_Mazouz_4DS8_churn_ml_project/venv/lib/python3.8/site-packages/airflow/example_dags/example_params_trigger_ui.py
[2025-03-06T23:47:28.035+0100] {logging_mixin.py:190} INFO - [2025-03-06T23:47:28.035+0100] {dag.py:3239} INFO - Sync 1 DAGs
[2025-03-06T23:47:28.045+0100] {logging_mixin.py:190} INFO - [2025-03-06T23:47:28.044+0100] {dag.py:4180} INFO - Setting next_dagrun for example_params_trigger_ui to None, run_after=None
[2025-03-06T23:47:28.062+0100] {processor.py:208} INFO - Processing /home/erij/Erij_Mazouz_4DS8_churn_ml_project/venv/lib/python3.8/site-packages/airflow/example_dags/example_params_trigger_ui.py took 0.080 seconds
[2025-03-06T23:48:25.340+0100] {processor.py:186} INFO - Started process (PID=57543) to work on /home/erij/Erij_Mazouz_4DS8_churn_ml_project/venv/lib/python3.8/site-packages/airflow/example_dags/example_params_trigger_ui.py
[2025-03-06T23:48:25.341+0100] {processor.py:914} INFO - Processing file /home/erij/Erij_Mazouz_4DS8_churn_ml_project/venv/lib/python3.8/site-packages/airflow/example_dags/example_params_trigger_ui.py for tasks to queue
[2025-03-06T23:48:25.343+0100] {logging_mixin.py:190} INFO - [2025-03-06T23:48:25.342+0100] {dagbag.py:588} INFO - Filling up the DagBag from /home/erij/Erij_Mazouz_4DS8_churn_ml_project/venv/lib/python3.8/site-packages/airflow/example_dags/example_params_trigger_ui.py
[2025-03-06T23:48:25.354+0100] {processor.py:925} INFO - DAG(s) 'example_params_trigger_ui' retrieved from /home/erij/Erij_Mazouz_4DS8_churn_ml_project/venv/lib/python3.8/site-packages/airflow/example_dags/example_params_trigger_ui.py
[2025-03-06T23:48:25.415+0100] {logging_mixin.py:190} INFO - [2025-03-06T23:48:25.415+0100] {dag.py:3239} INFO - Sync 1 DAGs
[2025-03-06T23:48:25.432+0100] {logging_mixin.py:190} INFO - [2025-03-06T23:48:25.432+0100] {dag.py:4180} INFO - Setting next_dagrun for example_params_trigger_ui to None, run_after=None
[2025-03-06T23:48:25.452+0100] {processor.py:208} INFO - Processing /home/erij/Erij_Mazouz_4DS8_churn_ml_project/venv/lib/python3.8/site-packages/airflow/example_dags/example_params_trigger_ui.py took 0.118 seconds
[2025-03-06T23:49:22.832+0100] {processor.py:186} INFO - Started process (PID=57653) to work on /home/erij/Erij_Mazouz_4DS8_churn_ml_project/venv/lib/python3.8/site-packages/airflow/example_dags/example_params_trigger_ui.py
[2025-03-06T23:49:22.834+0100] {processor.py:914} INFO - Processing file /home/erij/Erij_Mazouz_4DS8_churn_ml_project/venv/lib/python3.8/site-packages/airflow/example_dags/example_params_trigger_ui.py for tasks to queue
[2025-03-06T23:49:22.837+0100] {logging_mixin.py:190} INFO - [2025-03-06T23:49:22.836+0100] {dagbag.py:588} INFO - Filling up the DagBag from /home/erij/Erij_Mazouz_4DS8_churn_ml_project/venv/lib/python3.8/site-packages/airflow/example_dags/example_params_trigger_ui.py
[2025-03-06T23:49:22.846+0100] {processor.py:925} INFO - DAG(s) 'example_params_trigger_ui' retrieved from /home/erij/Erij_Mazouz_4DS8_churn_ml_project/venv/lib/python3.8/site-packages/airflow/example_dags/example_params_trigger_ui.py
[2025-03-06T23:49:22.880+0100] {logging_mixin.py:190} INFO - [2025-03-06T23:49:22.880+0100] {dag.py:3239} INFO - Sync 1 DAGs
[2025-03-06T23:49:22.891+0100] {logging_mixin.py:190} INFO - [2025-03-06T23:49:22.890+0100] {dag.py:4180} INFO - Setting next_dagrun for example_params_trigger_ui to None, run_after=None
[2025-03-06T23:49:22.909+0100] {processor.py:208} INFO - Processing /home/erij/Erij_Mazouz_4DS8_churn_ml_project/venv/lib/python3.8/site-packages/airflow/example_dags/example_params_trigger_ui.py took 0.081 seconds
[2025-03-06T23:50:15.859+0100] {processor.py:186} INFO - Started process (PID=57767) to work on /home/erij/Erij_Mazouz_4DS8_churn_ml_project/venv/lib/python3.8/site-packages/airflow/example_dags/example_params_trigger_ui.py
[2025-03-06T23:50:15.861+0100] {processor.py:914} INFO - Processing file /home/erij/Erij_Mazouz_4DS8_churn_ml_project/venv/lib/python3.8/site-packages/airflow/example_dags/example_params_trigger_ui.py for tasks to queue
[2025-03-06T23:50:15.863+0100] {logging_mixin.py:190} INFO - [2025-03-06T23:50:15.863+0100] {dagbag.py:588} INFO - Filling up the DagBag from /home/erij/Erij_Mazouz_4DS8_churn_ml_project/venv/lib/python3.8/site-packages/airflow/example_dags/example_params_trigger_ui.py
[2025-03-06T23:50:15.873+0100] {processor.py:925} INFO - DAG(s) 'example_params_trigger_ui' retrieved from /home/erij/Erij_Mazouz_4DS8_churn_ml_project/venv/lib/python3.8/site-packages/airflow/example_dags/example_params_trigger_ui.py
[2025-03-06T23:50:15.910+0100] {logging_mixin.py:190} INFO - [2025-03-06T23:50:15.909+0100] {dag.py:3239} INFO - Sync 1 DAGs
[2025-03-06T23:50:15.921+0100] {logging_mixin.py:190} INFO - [2025-03-06T23:50:15.921+0100] {dag.py:4180} INFO - Setting next_dagrun for example_params_trigger_ui to None, run_after=None
[2025-03-06T23:50:15.940+0100] {processor.py:208} INFO - Processing /home/erij/Erij_Mazouz_4DS8_churn_ml_project/venv/lib/python3.8/site-packages/airflow/example_dags/example_params_trigger_ui.py took 0.087 seconds
[2025-03-06T23:51:12.320+0100] {processor.py:186} INFO - Started process (PID=57875) to work on /home/erij/Erij_Mazouz_4DS8_churn_ml_project/venv/lib/python3.8/site-packages/airflow/example_dags/example_params_trigger_ui.py
[2025-03-06T23:51:12.322+0100] {processor.py:914} INFO - Processing file /home/erij/Erij_Mazouz_4DS8_churn_ml_project/venv/lib/python3.8/site-packages/airflow/example_dags/example_params_trigger_ui.py for tasks to queue
[2025-03-06T23:51:12.324+0100] {logging_mixin.py:190} INFO - [2025-03-06T23:51:12.324+0100] {dagbag.py:588} INFO - Filling up the DagBag from /home/erij/Erij_Mazouz_4DS8_churn_ml_project/venv/lib/python3.8/site-packages/airflow/example_dags/example_params_trigger_ui.py
[2025-03-06T23:51:12.334+0100] {processor.py:925} INFO - DAG(s) 'example_params_trigger_ui' retrieved from /home/erij/Erij_Mazouz_4DS8_churn_ml_project/venv/lib/python3.8/site-packages/airflow/example_dags/example_params_trigger_ui.py
[2025-03-06T23:51:12.368+0100] {logging_mixin.py:190} INFO - [2025-03-06T23:51:12.368+0100] {dag.py:3239} INFO - Sync 1 DAGs
[2025-03-06T23:51:12.381+0100] {logging_mixin.py:190} INFO - [2025-03-06T23:51:12.380+0100] {dag.py:4180} INFO - Setting next_dagrun for example_params_trigger_ui to None, run_after=None
[2025-03-06T23:51:12.400+0100] {processor.py:208} INFO - Processing /home/erij/Erij_Mazouz_4DS8_churn_ml_project/venv/lib/python3.8/site-packages/airflow/example_dags/example_params_trigger_ui.py took 0.086 seconds
[2025-03-06T23:52:08.268+0100] {processor.py:186} INFO - Started process (PID=57991) to work on /home/erij/Erij_Mazouz_4DS8_churn_ml_project/venv/lib/python3.8/site-packages/airflow/example_dags/example_params_trigger_ui.py
[2025-03-06T23:52:08.270+0100] {processor.py:914} INFO - Processing file /home/erij/Erij_Mazouz_4DS8_churn_ml_project/venv/lib/python3.8/site-packages/airflow/example_dags/example_params_trigger_ui.py for tasks to queue
[2025-03-06T23:52:08.273+0100] {logging_mixin.py:190} INFO - [2025-03-06T23:52:08.273+0100] {dagbag.py:588} INFO - Filling up the DagBag from /home/erij/Erij_Mazouz_4DS8_churn_ml_project/venv/lib/python3.8/site-packages/airflow/example_dags/example_params_trigger_ui.py
[2025-03-06T23:52:08.286+0100] {processor.py:925} INFO - DAG(s) 'example_params_trigger_ui' retrieved from /home/erij/Erij_Mazouz_4DS8_churn_ml_project/venv/lib/python3.8/site-packages/airflow/example_dags/example_params_trigger_ui.py
[2025-03-06T23:52:08.337+0100] {logging_mixin.py:190} INFO - [2025-03-06T23:52:08.336+0100] {dag.py:3239} INFO - Sync 1 DAGs
[2025-03-06T23:52:08.348+0100] {logging_mixin.py:190} INFO - [2025-03-06T23:52:08.348+0100] {dag.py:4180} INFO - Setting next_dagrun for example_params_trigger_ui to None, run_after=None
[2025-03-06T23:52:08.374+0100] {processor.py:208} INFO - Processing /home/erij/Erij_Mazouz_4DS8_churn_ml_project/venv/lib/python3.8/site-packages/airflow/example_dags/example_params_trigger_ui.py took 0.112 seconds
[2025-03-06T23:53:03.739+0100] {processor.py:186} INFO - Started process (PID=58103) to work on /home/erij/Erij_Mazouz_4DS8_churn_ml_project/venv/lib/python3.8/site-packages/airflow/example_dags/example_params_trigger_ui.py
[2025-03-06T23:53:03.740+0100] {processor.py:914} INFO - Processing file /home/erij/Erij_Mazouz_4DS8_churn_ml_project/venv/lib/python3.8/site-packages/airflow/example_dags/example_params_trigger_ui.py for tasks to queue
[2025-03-06T23:53:03.742+0100] {logging_mixin.py:190} INFO - [2025-03-06T23:53:03.742+0100] {dagbag.py:588} INFO - Filling up the DagBag from /home/erij/Erij_Mazouz_4DS8_churn_ml_project/venv/lib/python3.8/site-packages/airflow/example_dags/example_params_trigger_ui.py
[2025-03-06T23:53:03.753+0100] {processor.py:925} INFO - DAG(s) 'example_params_trigger_ui' retrieved from /home/erij/Erij_Mazouz_4DS8_churn_ml_project/venv/lib/python3.8/site-packages/airflow/example_dags/example_params_trigger_ui.py
[2025-03-06T23:53:03.792+0100] {logging_mixin.py:190} INFO - [2025-03-06T23:53:03.792+0100] {dag.py:3239} INFO - Sync 1 DAGs
[2025-03-06T23:53:03.803+0100] {logging_mixin.py:190} INFO - [2025-03-06T23:53:03.803+0100] {dag.py:4180} INFO - Setting next_dagrun for example_params_trigger_ui to None, run_after=None
[2025-03-06T23:53:03.822+0100] {processor.py:208} INFO - Processing /home/erij/Erij_Mazouz_4DS8_churn_ml_project/venv/lib/python3.8/site-packages/airflow/example_dags/example_params_trigger_ui.py took 0.089 seconds
[2025-03-06T23:54:01.316+0100] {processor.py:186} INFO - Started process (PID=58239) to work on /home/erij/Erij_Mazouz_4DS8_churn_ml_project/venv/lib/python3.8/site-packages/airflow/example_dags/example_params_trigger_ui.py
[2025-03-06T23:54:01.317+0100] {processor.py:914} INFO - Processing file /home/erij/Erij_Mazouz_4DS8_churn_ml_project/venv/lib/python3.8/site-packages/airflow/example_dags/example_params_trigger_ui.py for tasks to queue
[2025-03-06T23:54:01.319+0100] {logging_mixin.py:190} INFO - [2025-03-06T23:54:01.319+0100] {dagbag.py:588} INFO - Filling up the DagBag from /home/erij/Erij_Mazouz_4DS8_churn_ml_project/venv/lib/python3.8/site-packages/airflow/example_dags/example_params_trigger_ui.py
[2025-03-06T23:54:01.329+0100] {processor.py:925} INFO - DAG(s) 'example_params_trigger_ui' retrieved from /home/erij/Erij_Mazouz_4DS8_churn_ml_project/venv/lib/python3.8/site-packages/airflow/example_dags/example_params_trigger_ui.py
[2025-03-06T23:54:01.366+0100] {logging_mixin.py:190} INFO - [2025-03-06T23:54:01.366+0100] {dag.py:3239} INFO - Sync 1 DAGs
[2025-03-06T23:54:01.378+0100] {logging_mixin.py:190} INFO - [2025-03-06T23:54:01.377+0100] {dag.py:4180} INFO - Setting next_dagrun for example_params_trigger_ui to None, run_after=None
[2025-03-06T23:54:01.396+0100] {processor.py:208} INFO - Processing /home/erij/Erij_Mazouz_4DS8_churn_ml_project/venv/lib/python3.8/site-packages/airflow/example_dags/example_params_trigger_ui.py took 0.085 seconds
[2025-03-06T23:54:58.660+0100] {processor.py:186} INFO - Started process (PID=58608) to work on /home/erij/Erij_Mazouz_4DS8_churn_ml_project/venv/lib/python3.8/site-packages/airflow/example_dags/example_params_trigger_ui.py
[2025-03-06T23:54:58.663+0100] {processor.py:914} INFO - Processing file /home/erij/Erij_Mazouz_4DS8_churn_ml_project/venv/lib/python3.8/site-packages/airflow/example_dags/example_params_trigger_ui.py for tasks to queue
[2025-03-06T23:54:58.665+0100] {logging_mixin.py:190} INFO - [2025-03-06T23:54:58.664+0100] {dagbag.py:588} INFO - Filling up the DagBag from /home/erij/Erij_Mazouz_4DS8_churn_ml_project/venv/lib/python3.8/site-packages/airflow/example_dags/example_params_trigger_ui.py
[2025-03-06T23:54:58.673+0100] {processor.py:925} INFO - DAG(s) 'example_params_trigger_ui' retrieved from /home/erij/Erij_Mazouz_4DS8_churn_ml_project/venv/lib/python3.8/site-packages/airflow/example_dags/example_params_trigger_ui.py
[2025-03-06T23:54:58.706+0100] {logging_mixin.py:190} INFO - [2025-03-06T23:54:58.706+0100] {dag.py:3239} INFO - Sync 1 DAGs
[2025-03-06T23:54:58.717+0100] {logging_mixin.py:190} INFO - [2025-03-06T23:54:58.717+0100] {dag.py:4180} INFO - Setting next_dagrun for example_params_trigger_ui to None, run_after=None
[2025-03-06T23:54:58.736+0100] {processor.py:208} INFO - Processing /home/erij/Erij_Mazouz_4DS8_churn_ml_project/venv/lib/python3.8/site-packages/airflow/example_dags/example_params_trigger_ui.py took 0.080 seconds
[2025-03-06T23:55:57.013+0100] {processor.py:186} INFO - Started process (PID=59173) to work on /home/erij/Erij_Mazouz_4DS8_churn_ml_project/venv/lib/python3.8/site-packages/airflow/example_dags/example_params_trigger_ui.py
[2025-03-06T23:55:57.015+0100] {processor.py:914} INFO - Processing file /home/erij/Erij_Mazouz_4DS8_churn_ml_project/venv/lib/python3.8/site-packages/airflow/example_dags/example_params_trigger_ui.py for tasks to queue
[2025-03-06T23:55:57.017+0100] {logging_mixin.py:190} INFO - [2025-03-06T23:55:57.017+0100] {dagbag.py:588} INFO - Filling up the DagBag from /home/erij/Erij_Mazouz_4DS8_churn_ml_project/venv/lib/python3.8/site-packages/airflow/example_dags/example_params_trigger_ui.py
[2025-03-06T23:55:57.026+0100] {processor.py:925} INFO - DAG(s) 'example_params_trigger_ui' retrieved from /home/erij/Erij_Mazouz_4DS8_churn_ml_project/venv/lib/python3.8/site-packages/airflow/example_dags/example_params_trigger_ui.py
[2025-03-06T23:55:57.059+0100] {logging_mixin.py:190} INFO - [2025-03-06T23:55:57.059+0100] {dag.py:3239} INFO - Sync 1 DAGs
[2025-03-06T23:55:57.070+0100] {logging_mixin.py:190} INFO - [2025-03-06T23:55:57.070+0100] {dag.py:4180} INFO - Setting next_dagrun for example_params_trigger_ui to None, run_after=None
[2025-03-06T23:55:57.088+0100] {processor.py:208} INFO - Processing /home/erij/Erij_Mazouz_4DS8_churn_ml_project/venv/lib/python3.8/site-packages/airflow/example_dags/example_params_trigger_ui.py took 0.079 seconds
[2025-03-06T23:56:52.994+0100] {processor.py:186} INFO - Started process (PID=59297) to work on /home/erij/Erij_Mazouz_4DS8_churn_ml_project/venv/lib/python3.8/site-packages/airflow/example_dags/example_params_trigger_ui.py
[2025-03-06T23:56:52.996+0100] {processor.py:914} INFO - Processing file /home/erij/Erij_Mazouz_4DS8_churn_ml_project/venv/lib/python3.8/site-packages/airflow/example_dags/example_params_trigger_ui.py for tasks to queue
[2025-03-06T23:56:52.998+0100] {logging_mixin.py:190} INFO - [2025-03-06T23:56:52.998+0100] {dagbag.py:588} INFO - Filling up the DagBag from /home/erij/Erij_Mazouz_4DS8_churn_ml_project/venv/lib/python3.8/site-packages/airflow/example_dags/example_params_trigger_ui.py
[2025-03-06T23:56:53.008+0100] {processor.py:925} INFO - DAG(s) 'example_params_trigger_ui' retrieved from /home/erij/Erij_Mazouz_4DS8_churn_ml_project/venv/lib/python3.8/site-packages/airflow/example_dags/example_params_trigger_ui.py
[2025-03-06T23:56:53.043+0100] {logging_mixin.py:190} INFO - [2025-03-06T23:56:53.043+0100] {dag.py:3239} INFO - Sync 1 DAGs
[2025-03-06T23:56:53.055+0100] {logging_mixin.py:190} INFO - [2025-03-06T23:56:53.054+0100] {dag.py:4180} INFO - Setting next_dagrun for example_params_trigger_ui to None, run_after=None
[2025-03-06T23:56:53.071+0100] {processor.py:208} INFO - Processing /home/erij/Erij_Mazouz_4DS8_churn_ml_project/venv/lib/python3.8/site-packages/airflow/example_dags/example_params_trigger_ui.py took 0.082 seconds
[2025-03-06T23:57:47.296+0100] {processor.py:186} INFO - Started process (PID=59425) to work on /home/erij/Erij_Mazouz_4DS8_churn_ml_project/venv/lib/python3.8/site-packages/airflow/example_dags/example_params_trigger_ui.py
[2025-03-06T23:57:47.297+0100] {processor.py:914} INFO - Processing file /home/erij/Erij_Mazouz_4DS8_churn_ml_project/venv/lib/python3.8/site-packages/airflow/example_dags/example_params_trigger_ui.py for tasks to queue
[2025-03-06T23:57:47.299+0100] {logging_mixin.py:190} INFO - [2025-03-06T23:57:47.299+0100] {dagbag.py:588} INFO - Filling up the DagBag from /home/erij/Erij_Mazouz_4DS8_churn_ml_project/venv/lib/python3.8/site-packages/airflow/example_dags/example_params_trigger_ui.py
[2025-03-06T23:57:47.309+0100] {processor.py:925} INFO - DAG(s) 'example_params_trigger_ui' retrieved from /home/erij/Erij_Mazouz_4DS8_churn_ml_project/venv/lib/python3.8/site-packages/airflow/example_dags/example_params_trigger_ui.py
[2025-03-06T23:57:47.346+0100] {logging_mixin.py:190} INFO - [2025-03-06T23:57:47.346+0100] {dag.py:3239} INFO - Sync 1 DAGs
[2025-03-06T23:57:47.358+0100] {logging_mixin.py:190} INFO - [2025-03-06T23:57:47.358+0100] {dag.py:4180} INFO - Setting next_dagrun for example_params_trigger_ui to None, run_after=None
[2025-03-06T23:57:47.378+0100] {processor.py:208} INFO - Processing /home/erij/Erij_Mazouz_4DS8_churn_ml_project/venv/lib/python3.8/site-packages/airflow/example_dags/example_params_trigger_ui.py took 0.087 seconds
[2025-03-06T23:58:41.206+0100] {processor.py:186} INFO - Started process (PID=59576) to work on /home/erij/Erij_Mazouz_4DS8_churn_ml_project/venv/lib/python3.8/site-packages/airflow/example_dags/example_params_trigger_ui.py
[2025-03-06T23:58:41.209+0100] {processor.py:914} INFO - Processing file /home/erij/Erij_Mazouz_4DS8_churn_ml_project/venv/lib/python3.8/site-packages/airflow/example_dags/example_params_trigger_ui.py for tasks to queue
[2025-03-06T23:58:41.210+0100] {logging_mixin.py:190} INFO - [2025-03-06T23:58:41.210+0100] {dagbag.py:588} INFO - Filling up the DagBag from /home/erij/Erij_Mazouz_4DS8_churn_ml_project/venv/lib/python3.8/site-packages/airflow/example_dags/example_params_trigger_ui.py
[2025-03-06T23:58:41.219+0100] {processor.py:925} INFO - DAG(s) 'example_params_trigger_ui' retrieved from /home/erij/Erij_Mazouz_4DS8_churn_ml_project/venv/lib/python3.8/site-packages/airflow/example_dags/example_params_trigger_ui.py
[2025-03-06T23:58:41.251+0100] {logging_mixin.py:190} INFO - [2025-03-06T23:58:41.250+0100] {dag.py:3239} INFO - Sync 1 DAGs
[2025-03-06T23:58:41.260+0100] {logging_mixin.py:190} INFO - [2025-03-06T23:58:41.260+0100] {dag.py:4180} INFO - Setting next_dagrun for example_params_trigger_ui to None, run_after=None
[2025-03-06T23:58:41.277+0100] {processor.py:208} INFO - Processing /home/erij/Erij_Mazouz_4DS8_churn_ml_project/venv/lib/python3.8/site-packages/airflow/example_dags/example_params_trigger_ui.py took 0.076 seconds
[2025-03-06T23:59:34.320+0100] {processor.py:186} INFO - Started process (PID=59720) to work on /home/erij/Erij_Mazouz_4DS8_churn_ml_project/venv/lib/python3.8/site-packages/airflow/example_dags/example_params_trigger_ui.py
[2025-03-06T23:59:34.323+0100] {processor.py:914} INFO - Processing file /home/erij/Erij_Mazouz_4DS8_churn_ml_project/venv/lib/python3.8/site-packages/airflow/example_dags/example_params_trigger_ui.py for tasks to queue
[2025-03-06T23:59:34.324+0100] {logging_mixin.py:190} INFO - [2025-03-06T23:59:34.324+0100] {dagbag.py:588} INFO - Filling up the DagBag from /home/erij/Erij_Mazouz_4DS8_churn_ml_project/venv/lib/python3.8/site-packages/airflow/example_dags/example_params_trigger_ui.py
[2025-03-06T23:59:34.333+0100] {processor.py:925} INFO - DAG(s) 'example_params_trigger_ui' retrieved from /home/erij/Erij_Mazouz_4DS8_churn_ml_project/venv/lib/python3.8/site-packages/airflow/example_dags/example_params_trigger_ui.py
[2025-03-06T23:59:34.368+0100] {logging_mixin.py:190} INFO - [2025-03-06T23:59:34.368+0100] {dag.py:3239} INFO - Sync 1 DAGs
[2025-03-06T23:59:34.380+0100] {logging_mixin.py:190} INFO - [2025-03-06T23:59:34.380+0100] {dag.py:4180} INFO - Setting next_dagrun for example_params_trigger_ui to None, run_after=None
[2025-03-06T23:59:34.400+0100] {processor.py:208} INFO - Processing /home/erij/Erij_Mazouz_4DS8_churn_ml_project/venv/lib/python3.8/site-packages/airflow/example_dags/example_params_trigger_ui.py took 0.085 seconds
[2025-03-07T00:00:51.712+0100] {processor.py:186} INFO - Started process (PID=59994) to work on /home/erij/Erij_Mazouz_4DS8_churn_ml_project/venv/lib/python3.8/site-packages/airflow/example_dags/example_params_trigger_ui.py
[2025-03-07T00:00:51.713+0100] {processor.py:914} INFO - Processing file /home/erij/Erij_Mazouz_4DS8_churn_ml_project/venv/lib/python3.8/site-packages/airflow/example_dags/example_params_trigger_ui.py for tasks to queue
[2025-03-07T00:00:51.716+0100] {logging_mixin.py:190} INFO - [2025-03-07T00:00:51.715+0100] {dagbag.py:588} INFO - Filling up the DagBag from /home/erij/Erij_Mazouz_4DS8_churn_ml_project/venv/lib/python3.8/site-packages/airflow/example_dags/example_params_trigger_ui.py
[2025-03-07T00:00:51.727+0100] {processor.py:925} INFO - DAG(s) 'example_params_trigger_ui' retrieved from /home/erij/Erij_Mazouz_4DS8_churn_ml_project/venv/lib/python3.8/site-packages/airflow/example_dags/example_params_trigger_ui.py
[2025-03-07T00:00:51.773+0100] {logging_mixin.py:190} INFO - [2025-03-07T00:00:51.773+0100] {dag.py:3239} INFO - Sync 1 DAGs
[2025-03-07T00:00:51.786+0100] {logging_mixin.py:190} INFO - [2025-03-07T00:00:51.786+0100] {dag.py:4180} INFO - Setting next_dagrun for example_params_trigger_ui to None, run_after=None
[2025-03-07T00:00:51.814+0100] {processor.py:208} INFO - Processing /home/erij/Erij_Mazouz_4DS8_churn_ml_project/venv/lib/python3.8/site-packages/airflow/example_dags/example_params_trigger_ui.py took 0.108 seconds
[2025-03-07T00:01:45.879+0100] {processor.py:186} INFO - Started process (PID=60158) to work on /home/erij/Erij_Mazouz_4DS8_churn_ml_project/venv/lib/python3.8/site-packages/airflow/example_dags/example_params_trigger_ui.py
[2025-03-07T00:01:45.882+0100] {processor.py:914} INFO - Processing file /home/erij/Erij_Mazouz_4DS8_churn_ml_project/venv/lib/python3.8/site-packages/airflow/example_dags/example_params_trigger_ui.py for tasks to queue
[2025-03-07T00:01:45.883+0100] {logging_mixin.py:190} INFO - [2025-03-07T00:01:45.883+0100] {dagbag.py:588} INFO - Filling up the DagBag from /home/erij/Erij_Mazouz_4DS8_churn_ml_project/venv/lib/python3.8/site-packages/airflow/example_dags/example_params_trigger_ui.py
[2025-03-07T00:01:45.893+0100] {processor.py:925} INFO - DAG(s) 'example_params_trigger_ui' retrieved from /home/erij/Erij_Mazouz_4DS8_churn_ml_project/venv/lib/python3.8/site-packages/airflow/example_dags/example_params_trigger_ui.py
[2025-03-07T00:01:45.935+0100] {logging_mixin.py:190} INFO - [2025-03-07T00:01:45.935+0100] {dag.py:3239} INFO - Sync 1 DAGs
[2025-03-07T00:01:45.949+0100] {logging_mixin.py:190} INFO - [2025-03-07T00:01:45.949+0100] {dag.py:4180} INFO - Setting next_dagrun for example_params_trigger_ui to None, run_after=None
[2025-03-07T00:01:45.970+0100] {processor.py:208} INFO - Processing /home/erij/Erij_Mazouz_4DS8_churn_ml_project/venv/lib/python3.8/site-packages/airflow/example_dags/example_params_trigger_ui.py took 0.098 seconds
[2025-03-07T00:02:41.850+0100] {processor.py:186} INFO - Started process (PID=60367) to work on /home/erij/Erij_Mazouz_4DS8_churn_ml_project/venv/lib/python3.8/site-packages/airflow/example_dags/example_params_trigger_ui.py
[2025-03-07T00:02:41.853+0100] {processor.py:914} INFO - Processing file /home/erij/Erij_Mazouz_4DS8_churn_ml_project/venv/lib/python3.8/site-packages/airflow/example_dags/example_params_trigger_ui.py for tasks to queue
[2025-03-07T00:02:41.855+0100] {logging_mixin.py:190} INFO - [2025-03-07T00:02:41.855+0100] {dagbag.py:588} INFO - Filling up the DagBag from /home/erij/Erij_Mazouz_4DS8_churn_ml_project/venv/lib/python3.8/site-packages/airflow/example_dags/example_params_trigger_ui.py
[2025-03-07T00:02:41.865+0100] {processor.py:925} INFO - DAG(s) 'example_params_trigger_ui' retrieved from /home/erij/Erij_Mazouz_4DS8_churn_ml_project/venv/lib/python3.8/site-packages/airflow/example_dags/example_params_trigger_ui.py
[2025-03-07T00:02:41.903+0100] {logging_mixin.py:190} INFO - [2025-03-07T00:02:41.902+0100] {dag.py:3239} INFO - Sync 1 DAGs
[2025-03-07T00:02:41.914+0100] {logging_mixin.py:190} INFO - [2025-03-07T00:02:41.914+0100] {dag.py:4180} INFO - Setting next_dagrun for example_params_trigger_ui to None, run_after=None
[2025-03-07T00:02:41.933+0100] {processor.py:208} INFO - Processing /home/erij/Erij_Mazouz_4DS8_churn_ml_project/venv/lib/python3.8/site-packages/airflow/example_dags/example_params_trigger_ui.py took 0.087 seconds
