[2025-03-06T23:39:22.862+0100] {processor.py:186} INFO - Started process (PID=55933) to work on /home/erij/Erij_Mazouz_4DS8_churn_ml_project/venv/lib/python3.8/site-packages/airflow/example_dags/example_skip_dag.py
[2025-03-06T23:39:22.863+0100] {processor.py:914} INFO - Processing file /home/erij/Erij_Mazouz_4DS8_churn_ml_project/venv/lib/python3.8/site-packages/airflow/example_dags/example_skip_dag.py for tasks to queue
[2025-03-06T23:39:22.865+0100] {logging_mixin.py:190} INFO - [2025-03-06T23:39:22.864+0100] {dagbag.py:588} INFO - Filling up the DagBag from /home/erij/Erij_Mazouz_4DS8_churn_ml_project/venv/lib/python3.8/site-packages/airflow/example_dags/example_skip_dag.py
[2025-03-06T23:39:22.872+0100] {processor.py:925} INFO - DAG(s) 'example_skip_dag' retrieved from /home/erij/Erij_Mazouz_4DS8_churn_ml_project/venv/lib/python3.8/site-packages/airflow/example_dags/example_skip_dag.py
[2025-03-06T23:39:22.885+0100] {logging_mixin.py:190} INFO - [2025-03-06T23:39:22.884+0100] {dag.py:3239} INFO - Sync 1 DAGs
[2025-03-06T23:39:22.900+0100] {logging_mixin.py:190} INFO - [2025-03-06T23:39:22.900+0100] {dag.py:4180} INFO - Setting next_dagrun for example_skip_dag to 2025-03-05 00:00:00+00:00, run_after=2025-03-06 00:00:00+00:00
[2025-03-06T23:39:22.919+0100] {processor.py:208} INFO - Processing /home/erij/Erij_Mazouz_4DS8_churn_ml_project/venv/lib/python3.8/site-packages/airflow/example_dags/example_skip_dag.py took 0.061 seconds
[2025-03-06T23:40:50.050+0100] {processor.py:186} INFO - Started process (PID=56519) to work on /home/erij/Erij_Mazouz_4DS8_churn_ml_project/venv/lib/python3.8/site-packages/airflow/example_dags/example_skip_dag.py
[2025-03-06T23:40:50.051+0100] {processor.py:914} INFO - Processing file /home/erij/Erij_Mazouz_4DS8_churn_ml_project/venv/lib/python3.8/site-packages/airflow/example_dags/example_skip_dag.py for tasks to queue
[2025-03-06T23:40:50.053+0100] {logging_mixin.py:190} INFO - [2025-03-06T23:40:50.052+0100] {dagbag.py:588} INFO - Filling up the DagBag from /home/erij/Erij_Mazouz_4DS8_churn_ml_project/venv/lib/python3.8/site-packages/airflow/example_dags/example_skip_dag.py
[2025-03-06T23:40:50.060+0100] {processor.py:925} INFO - DAG(s) 'example_skip_dag' retrieved from /home/erij/Erij_Mazouz_4DS8_churn_ml_project/venv/lib/python3.8/site-packages/airflow/example_dags/example_skip_dag.py
[2025-03-06T23:40:50.075+0100] {logging_mixin.py:190} INFO - [2025-03-06T23:40:50.075+0100] {dag.py:3239} INFO - Sync 1 DAGs
[2025-03-06T23:40:50.094+0100] {logging_mixin.py:190} INFO - [2025-03-06T23:40:50.093+0100] {dag.py:4180} INFO - Setting next_dagrun for example_skip_dag to 2025-03-05 00:00:00+00:00, run_after=2025-03-06 00:00:00+00:00
[2025-03-06T23:40:50.112+0100] {processor.py:208} INFO - Processing /home/erij/Erij_Mazouz_4DS8_churn_ml_project/venv/lib/python3.8/site-packages/airflow/example_dags/example_skip_dag.py took 0.068 seconds
[2025-03-06T23:41:47.698+0100] {processor.py:186} INFO - Started process (PID=56656) to work on /home/erij/Erij_Mazouz_4DS8_churn_ml_project/venv/lib/python3.8/site-packages/airflow/example_dags/example_skip_dag.py
[2025-03-06T23:41:47.700+0100] {processor.py:914} INFO - Processing file /home/erij/Erij_Mazouz_4DS8_churn_ml_project/venv/lib/python3.8/site-packages/airflow/example_dags/example_skip_dag.py for tasks to queue
[2025-03-06T23:41:47.702+0100] {logging_mixin.py:190} INFO - [2025-03-06T23:41:47.702+0100] {dagbag.py:588} INFO - Filling up the DagBag from /home/erij/Erij_Mazouz_4DS8_churn_ml_project/venv/lib/python3.8/site-packages/airflow/example_dags/example_skip_dag.py
[2025-03-06T23:41:47.710+0100] {processor.py:925} INFO - DAG(s) 'example_skip_dag' retrieved from /home/erij/Erij_Mazouz_4DS8_churn_ml_project/venv/lib/python3.8/site-packages/airflow/example_dags/example_skip_dag.py
[2025-03-06T23:41:47.724+0100] {logging_mixin.py:190} INFO - [2025-03-06T23:41:47.724+0100] {dag.py:3239} INFO - Sync 1 DAGs
[2025-03-06T23:41:47.742+0100] {logging_mixin.py:190} INFO - [2025-03-06T23:41:47.742+0100] {dag.py:4180} INFO - Setting next_dagrun for example_skip_dag to 2025-03-05 00:00:00+00:00, run_after=2025-03-06 00:00:00+00:00
[2025-03-06T23:41:47.760+0100] {processor.py:208} INFO - Processing /home/erij/Erij_Mazouz_4DS8_churn_ml_project/venv/lib/python3.8/site-packages/airflow/example_dags/example_skip_dag.py took 0.067 seconds
[2025-03-06T23:42:41.238+0100] {processor.py:186} INFO - Started process (PID=56774) to work on /home/erij/Erij_Mazouz_4DS8_churn_ml_project/venv/lib/python3.8/site-packages/airflow/example_dags/example_skip_dag.py
[2025-03-06T23:42:41.240+0100] {processor.py:914} INFO - Processing file /home/erij/Erij_Mazouz_4DS8_churn_ml_project/venv/lib/python3.8/site-packages/airflow/example_dags/example_skip_dag.py for tasks to queue
[2025-03-06T23:42:41.242+0100] {logging_mixin.py:190} INFO - [2025-03-06T23:42:41.242+0100] {dagbag.py:588} INFO - Filling up the DagBag from /home/erij/Erij_Mazouz_4DS8_churn_ml_project/venv/lib/python3.8/site-packages/airflow/example_dags/example_skip_dag.py
[2025-03-06T23:42:41.250+0100] {processor.py:925} INFO - DAG(s) 'example_skip_dag' retrieved from /home/erij/Erij_Mazouz_4DS8_churn_ml_project/venv/lib/python3.8/site-packages/airflow/example_dags/example_skip_dag.py
[2025-03-06T23:42:41.264+0100] {logging_mixin.py:190} INFO - [2025-03-06T23:42:41.263+0100] {dag.py:3239} INFO - Sync 1 DAGs
[2025-03-06T23:42:41.281+0100] {logging_mixin.py:190} INFO - [2025-03-06T23:42:41.281+0100] {dag.py:4180} INFO - Setting next_dagrun for example_skip_dag to 2025-03-05 00:00:00+00:00, run_after=2025-03-06 00:00:00+00:00
[2025-03-06T23:42:41.299+0100] {processor.py:208} INFO - Processing /home/erij/Erij_Mazouz_4DS8_churn_ml_project/venv/lib/python3.8/site-packages/airflow/example_dags/example_skip_dag.py took 0.066 seconds
[2025-03-06T23:43:34.497+0100] {processor.py:186} INFO - Started process (PID=56901) to work on /home/erij/Erij_Mazouz_4DS8_churn_ml_project/venv/lib/python3.8/site-packages/airflow/example_dags/example_skip_dag.py
[2025-03-06T23:43:34.499+0100] {processor.py:914} INFO - Processing file /home/erij/Erij_Mazouz_4DS8_churn_ml_project/venv/lib/python3.8/site-packages/airflow/example_dags/example_skip_dag.py for tasks to queue
[2025-03-06T23:43:34.501+0100] {logging_mixin.py:190} INFO - [2025-03-06T23:43:34.501+0100] {dagbag.py:588} INFO - Filling up the DagBag from /home/erij/Erij_Mazouz_4DS8_churn_ml_project/venv/lib/python3.8/site-packages/airflow/example_dags/example_skip_dag.py
[2025-03-06T23:43:34.508+0100] {processor.py:925} INFO - DAG(s) 'example_skip_dag' retrieved from /home/erij/Erij_Mazouz_4DS8_churn_ml_project/venv/lib/python3.8/site-packages/airflow/example_dags/example_skip_dag.py
[2025-03-06T23:43:34.521+0100] {logging_mixin.py:190} INFO - [2025-03-06T23:43:34.521+0100] {dag.py:3239} INFO - Sync 1 DAGs
[2025-03-06T23:43:34.538+0100] {logging_mixin.py:190} INFO - [2025-03-06T23:43:34.538+0100] {dag.py:4180} INFO - Setting next_dagrun for example_skip_dag to 2025-03-05 00:00:00+00:00, run_after=2025-03-06 00:00:00+00:00
[2025-03-06T23:43:34.557+0100] {processor.py:208} INFO - Processing /home/erij/Erij_Mazouz_4DS8_churn_ml_project/venv/lib/python3.8/site-packages/airflow/example_dags/example_skip_dag.py took 0.065 seconds
[2025-03-06T23:44:25.929+0100] {processor.py:186} INFO - Started process (PID=57011) to work on /home/erij/Erij_Mazouz_4DS8_churn_ml_project/venv/lib/python3.8/site-packages/airflow/example_dags/example_skip_dag.py
[2025-03-06T23:44:25.932+0100] {processor.py:914} INFO - Processing file /home/erij/Erij_Mazouz_4DS8_churn_ml_project/venv/lib/python3.8/site-packages/airflow/example_dags/example_skip_dag.py for tasks to queue
[2025-03-06T23:44:25.934+0100] {logging_mixin.py:190} INFO - [2025-03-06T23:44:25.933+0100] {dagbag.py:588} INFO - Filling up the DagBag from /home/erij/Erij_Mazouz_4DS8_churn_ml_project/venv/lib/python3.8/site-packages/airflow/example_dags/example_skip_dag.py
[2025-03-06T23:44:25.941+0100] {processor.py:925} INFO - DAG(s) 'example_skip_dag' retrieved from /home/erij/Erij_Mazouz_4DS8_churn_ml_project/venv/lib/python3.8/site-packages/airflow/example_dags/example_skip_dag.py
[2025-03-06T23:44:25.956+0100] {logging_mixin.py:190} INFO - [2025-03-06T23:44:25.956+0100] {dag.py:3239} INFO - Sync 1 DAGs
[2025-03-06T23:44:25.973+0100] {logging_mixin.py:190} INFO - [2025-03-06T23:44:25.973+0100] {dag.py:4180} INFO - Setting next_dagrun for example_skip_dag to 2025-03-05 00:00:00+00:00, run_after=2025-03-06 00:00:00+00:00
[2025-03-06T23:44:25.989+0100] {processor.py:208} INFO - Processing /home/erij/Erij_Mazouz_4DS8_churn_ml_project/venv/lib/python3.8/site-packages/airflow/example_dags/example_skip_dag.py took 0.066 seconds
[2025-03-06T23:45:22.358+0100] {processor.py:186} INFO - Started process (PID=57168) to work on /home/erij/Erij_Mazouz_4DS8_churn_ml_project/venv/lib/python3.8/site-packages/airflow/example_dags/example_skip_dag.py
[2025-03-06T23:45:22.361+0100] {processor.py:914} INFO - Processing file /home/erij/Erij_Mazouz_4DS8_churn_ml_project/venv/lib/python3.8/site-packages/airflow/example_dags/example_skip_dag.py for tasks to queue
[2025-03-06T23:45:22.362+0100] {logging_mixin.py:190} INFO - [2025-03-06T23:45:22.362+0100] {dagbag.py:588} INFO - Filling up the DagBag from /home/erij/Erij_Mazouz_4DS8_churn_ml_project/venv/lib/python3.8/site-packages/airflow/example_dags/example_skip_dag.py
[2025-03-06T23:45:22.370+0100] {processor.py:925} INFO - DAG(s) 'example_skip_dag' retrieved from /home/erij/Erij_Mazouz_4DS8_churn_ml_project/venv/lib/python3.8/site-packages/airflow/example_dags/example_skip_dag.py
[2025-03-06T23:45:22.386+0100] {logging_mixin.py:190} INFO - [2025-03-06T23:45:22.386+0100] {dag.py:3239} INFO - Sync 1 DAGs
[2025-03-06T23:45:22.402+0100] {logging_mixin.py:190} INFO - [2025-03-06T23:45:22.402+0100] {dag.py:4180} INFO - Setting next_dagrun for example_skip_dag to 2025-03-05 00:00:00+00:00, run_after=2025-03-06 00:00:00+00:00
[2025-03-06T23:45:22.427+0100] {processor.py:208} INFO - Processing /home/erij/Erij_Mazouz_4DS8_churn_ml_project/venv/lib/python3.8/site-packages/airflow/example_dags/example_skip_dag.py took 0.075 seconds
[2025-03-06T23:46:21.688+0100] {processor.py:186} INFO - Started process (PID=57288) to work on /home/erij/Erij_Mazouz_4DS8_churn_ml_project/venv/lib/python3.8/site-packages/airflow/example_dags/example_skip_dag.py
[2025-03-06T23:46:21.717+0100] {processor.py:914} INFO - Processing file /home/erij/Erij_Mazouz_4DS8_churn_ml_project/venv/lib/python3.8/site-packages/airflow/example_dags/example_skip_dag.py for tasks to queue
[2025-03-06T23:46:21.719+0100] {logging_mixin.py:190} INFO - [2025-03-06T23:46:21.719+0100] {dagbag.py:588} INFO - Filling up the DagBag from /home/erij/Erij_Mazouz_4DS8_churn_ml_project/venv/lib/python3.8/site-packages/airflow/example_dags/example_skip_dag.py
[2025-03-06T23:46:21.726+0100] {processor.py:925} INFO - DAG(s) 'example_skip_dag' retrieved from /home/erij/Erij_Mazouz_4DS8_churn_ml_project/venv/lib/python3.8/site-packages/airflow/example_dags/example_skip_dag.py
[2025-03-06T23:46:21.738+0100] {logging_mixin.py:190} INFO - [2025-03-06T23:46:21.738+0100] {dag.py:3239} INFO - Sync 1 DAGs
[2025-03-06T23:46:21.753+0100] {logging_mixin.py:190} INFO - [2025-03-06T23:46:21.753+0100] {dag.py:4180} INFO - Setting next_dagrun for example_skip_dag to 2025-03-05 00:00:00+00:00, run_after=2025-03-06 00:00:00+00:00
[2025-03-06T23:46:21.786+0100] {processor.py:208} INFO - Processing /home/erij/Erij_Mazouz_4DS8_churn_ml_project/venv/lib/python3.8/site-packages/airflow/example_dags/example_skip_dag.py took 0.103 seconds
[2025-03-06T23:47:15.833+0100] {processor.py:186} INFO - Started process (PID=57404) to work on /home/erij/Erij_Mazouz_4DS8_churn_ml_project/venv/lib/python3.8/site-packages/airflow/example_dags/example_skip_dag.py
[2025-03-06T23:47:15.834+0100] {processor.py:914} INFO - Processing file /home/erij/Erij_Mazouz_4DS8_churn_ml_project/venv/lib/python3.8/site-packages/airflow/example_dags/example_skip_dag.py for tasks to queue
[2025-03-06T23:47:15.836+0100] {logging_mixin.py:190} INFO - [2025-03-06T23:47:15.836+0100] {dagbag.py:588} INFO - Filling up the DagBag from /home/erij/Erij_Mazouz_4DS8_churn_ml_project/venv/lib/python3.8/site-packages/airflow/example_dags/example_skip_dag.py
[2025-03-06T23:47:15.843+0100] {processor.py:925} INFO - DAG(s) 'example_skip_dag' retrieved from /home/erij/Erij_Mazouz_4DS8_churn_ml_project/venv/lib/python3.8/site-packages/airflow/example_dags/example_skip_dag.py
[2025-03-06T23:47:15.856+0100] {logging_mixin.py:190} INFO - [2025-03-06T23:47:15.856+0100] {dag.py:3239} INFO - Sync 1 DAGs
[2025-03-06T23:47:15.872+0100] {logging_mixin.py:190} INFO - [2025-03-06T23:47:15.872+0100] {dag.py:4180} INFO - Setting next_dagrun for example_skip_dag to 2025-03-05 00:00:00+00:00, run_after=2025-03-06 00:00:00+00:00
[2025-03-06T23:47:15.890+0100] {processor.py:208} INFO - Processing /home/erij/Erij_Mazouz_4DS8_churn_ml_project/venv/lib/python3.8/site-packages/airflow/example_dags/example_skip_dag.py took 0.063 seconds
[2025-03-06T23:48:14.492+0100] {processor.py:186} INFO - Started process (PID=57523) to work on /home/erij/Erij_Mazouz_4DS8_churn_ml_project/venv/lib/python3.8/site-packages/airflow/example_dags/example_skip_dag.py
[2025-03-06T23:48:14.494+0100] {processor.py:914} INFO - Processing file /home/erij/Erij_Mazouz_4DS8_churn_ml_project/venv/lib/python3.8/site-packages/airflow/example_dags/example_skip_dag.py for tasks to queue
[2025-03-06T23:48:14.496+0100] {logging_mixin.py:190} INFO - [2025-03-06T23:48:14.495+0100] {dagbag.py:588} INFO - Filling up the DagBag from /home/erij/Erij_Mazouz_4DS8_churn_ml_project/venv/lib/python3.8/site-packages/airflow/example_dags/example_skip_dag.py
[2025-03-06T23:48:14.502+0100] {processor.py:925} INFO - DAG(s) 'example_skip_dag' retrieved from /home/erij/Erij_Mazouz_4DS8_churn_ml_project/venv/lib/python3.8/site-packages/airflow/example_dags/example_skip_dag.py
[2025-03-06T23:48:14.515+0100] {logging_mixin.py:190} INFO - [2025-03-06T23:48:14.515+0100] {dag.py:3239} INFO - Sync 1 DAGs
[2025-03-06T23:48:14.530+0100] {logging_mixin.py:190} INFO - [2025-03-06T23:48:14.530+0100] {dag.py:4180} INFO - Setting next_dagrun for example_skip_dag to 2025-03-05 00:00:00+00:00, run_after=2025-03-06 00:00:00+00:00
[2025-03-06T23:48:14.548+0100] {processor.py:208} INFO - Processing /home/erij/Erij_Mazouz_4DS8_churn_ml_project/venv/lib/python3.8/site-packages/airflow/example_dags/example_skip_dag.py took 0.061 seconds
[2025-03-06T23:49:11.418+0100] {processor.py:186} INFO - Started process (PID=57634) to work on /home/erij/Erij_Mazouz_4DS8_churn_ml_project/venv/lib/python3.8/site-packages/airflow/example_dags/example_skip_dag.py
[2025-03-06T23:49:11.420+0100] {processor.py:914} INFO - Processing file /home/erij/Erij_Mazouz_4DS8_churn_ml_project/venv/lib/python3.8/site-packages/airflow/example_dags/example_skip_dag.py for tasks to queue
[2025-03-06T23:49:11.422+0100] {logging_mixin.py:190} INFO - [2025-03-06T23:49:11.421+0100] {dagbag.py:588} INFO - Filling up the DagBag from /home/erij/Erij_Mazouz_4DS8_churn_ml_project/venv/lib/python3.8/site-packages/airflow/example_dags/example_skip_dag.py
[2025-03-06T23:49:11.428+0100] {processor.py:925} INFO - DAG(s) 'example_skip_dag' retrieved from /home/erij/Erij_Mazouz_4DS8_churn_ml_project/venv/lib/python3.8/site-packages/airflow/example_dags/example_skip_dag.py
[2025-03-06T23:49:11.441+0100] {logging_mixin.py:190} INFO - [2025-03-06T23:49:11.441+0100] {dag.py:3239} INFO - Sync 1 DAGs
[2025-03-06T23:49:11.457+0100] {logging_mixin.py:190} INFO - [2025-03-06T23:49:11.457+0100] {dag.py:4180} INFO - Setting next_dagrun for example_skip_dag to 2025-03-05 00:00:00+00:00, run_after=2025-03-06 00:00:00+00:00
[2025-03-06T23:49:11.475+0100] {processor.py:208} INFO - Processing /home/erij/Erij_Mazouz_4DS8_churn_ml_project/venv/lib/python3.8/site-packages/airflow/example_dags/example_skip_dag.py took 0.062 seconds
[2025-03-06T23:50:05.077+0100] {processor.py:186} INFO - Started process (PID=57748) to work on /home/erij/Erij_Mazouz_4DS8_churn_ml_project/venv/lib/python3.8/site-packages/airflow/example_dags/example_skip_dag.py
[2025-03-06T23:50:05.078+0100] {processor.py:914} INFO - Processing file /home/erij/Erij_Mazouz_4DS8_churn_ml_project/venv/lib/python3.8/site-packages/airflow/example_dags/example_skip_dag.py for tasks to queue
[2025-03-06T23:50:05.080+0100] {logging_mixin.py:190} INFO - [2025-03-06T23:50:05.079+0100] {dagbag.py:588} INFO - Filling up the DagBag from /home/erij/Erij_Mazouz_4DS8_churn_ml_project/venv/lib/python3.8/site-packages/airflow/example_dags/example_skip_dag.py
[2025-03-06T23:50:05.087+0100] {processor.py:925} INFO - DAG(s) 'example_skip_dag' retrieved from /home/erij/Erij_Mazouz_4DS8_churn_ml_project/venv/lib/python3.8/site-packages/airflow/example_dags/example_skip_dag.py
[2025-03-06T23:50:05.100+0100] {logging_mixin.py:190} INFO - [2025-03-06T23:50:05.100+0100] {dag.py:3239} INFO - Sync 1 DAGs
[2025-03-06T23:50:05.117+0100] {logging_mixin.py:190} INFO - [2025-03-06T23:50:05.116+0100] {dag.py:4180} INFO - Setting next_dagrun for example_skip_dag to 2025-03-05 00:00:00+00:00, run_after=2025-03-06 00:00:00+00:00
[2025-03-06T23:50:05.134+0100] {processor.py:208} INFO - Processing /home/erij/Erij_Mazouz_4DS8_churn_ml_project/venv/lib/python3.8/site-packages/airflow/example_dags/example_skip_dag.py took 0.063 seconds
[2025-03-06T23:51:00.900+0100] {processor.py:186} INFO - Started process (PID=57855) to work on /home/erij/Erij_Mazouz_4DS8_churn_ml_project/venv/lib/python3.8/site-packages/airflow/example_dags/example_skip_dag.py
[2025-03-06T23:51:00.901+0100] {processor.py:914} INFO - Processing file /home/erij/Erij_Mazouz_4DS8_churn_ml_project/venv/lib/python3.8/site-packages/airflow/example_dags/example_skip_dag.py for tasks to queue
[2025-03-06T23:51:00.903+0100] {logging_mixin.py:190} INFO - [2025-03-06T23:51:00.903+0100] {dagbag.py:588} INFO - Filling up the DagBag from /home/erij/Erij_Mazouz_4DS8_churn_ml_project/venv/lib/python3.8/site-packages/airflow/example_dags/example_skip_dag.py
[2025-03-06T23:51:00.910+0100] {processor.py:925} INFO - DAG(s) 'example_skip_dag' retrieved from /home/erij/Erij_Mazouz_4DS8_churn_ml_project/venv/lib/python3.8/site-packages/airflow/example_dags/example_skip_dag.py
[2025-03-06T23:51:00.924+0100] {logging_mixin.py:190} INFO - [2025-03-06T23:51:00.924+0100] {dag.py:3239} INFO - Sync 1 DAGs
[2025-03-06T23:51:00.941+0100] {logging_mixin.py:190} INFO - [2025-03-06T23:51:00.941+0100] {dag.py:4180} INFO - Setting next_dagrun for example_skip_dag to 2025-03-05 00:00:00+00:00, run_after=2025-03-06 00:00:00+00:00
[2025-03-06T23:51:00.959+0100] {processor.py:208} INFO - Processing /home/erij/Erij_Mazouz_4DS8_churn_ml_project/venv/lib/python3.8/site-packages/airflow/example_dags/example_skip_dag.py took 0.064 seconds
[2025-03-06T23:51:55.772+0100] {processor.py:186} INFO - Started process (PID=57971) to work on /home/erij/Erij_Mazouz_4DS8_churn_ml_project/venv/lib/python3.8/site-packages/airflow/example_dags/example_skip_dag.py
[2025-03-06T23:51:55.774+0100] {processor.py:914} INFO - Processing file /home/erij/Erij_Mazouz_4DS8_churn_ml_project/venv/lib/python3.8/site-packages/airflow/example_dags/example_skip_dag.py for tasks to queue
[2025-03-06T23:51:55.776+0100] {logging_mixin.py:190} INFO - [2025-03-06T23:51:55.776+0100] {dagbag.py:588} INFO - Filling up the DagBag from /home/erij/Erij_Mazouz_4DS8_churn_ml_project/venv/lib/python3.8/site-packages/airflow/example_dags/example_skip_dag.py
[2025-03-06T23:51:55.782+0100] {processor.py:925} INFO - DAG(s) 'example_skip_dag' retrieved from /home/erij/Erij_Mazouz_4DS8_churn_ml_project/venv/lib/python3.8/site-packages/airflow/example_dags/example_skip_dag.py
[2025-03-06T23:51:55.794+0100] {logging_mixin.py:190} INFO - [2025-03-06T23:51:55.794+0100] {dag.py:3239} INFO - Sync 1 DAGs
[2025-03-06T23:51:55.809+0100] {logging_mixin.py:190} INFO - [2025-03-06T23:51:55.809+0100] {dag.py:4180} INFO - Setting next_dagrun for example_skip_dag to 2025-03-05 00:00:00+00:00, run_after=2025-03-06 00:00:00+00:00
[2025-03-06T23:51:55.827+0100] {processor.py:208} INFO - Processing /home/erij/Erij_Mazouz_4DS8_churn_ml_project/venv/lib/python3.8/site-packages/airflow/example_dags/example_skip_dag.py took 0.060 seconds
[2025-03-06T23:52:52.221+0100] {processor.py:186} INFO - Started process (PID=58084) to work on /home/erij/Erij_Mazouz_4DS8_churn_ml_project/venv/lib/python3.8/site-packages/airflow/example_dags/example_skip_dag.py
[2025-03-06T23:52:52.222+0100] {processor.py:914} INFO - Processing file /home/erij/Erij_Mazouz_4DS8_churn_ml_project/venv/lib/python3.8/site-packages/airflow/example_dags/example_skip_dag.py for tasks to queue
[2025-03-06T23:52:52.224+0100] {logging_mixin.py:190} INFO - [2025-03-06T23:52:52.224+0100] {dagbag.py:588} INFO - Filling up the DagBag from /home/erij/Erij_Mazouz_4DS8_churn_ml_project/venv/lib/python3.8/site-packages/airflow/example_dags/example_skip_dag.py
[2025-03-06T23:52:52.231+0100] {processor.py:925} INFO - DAG(s) 'example_skip_dag' retrieved from /home/erij/Erij_Mazouz_4DS8_churn_ml_project/venv/lib/python3.8/site-packages/airflow/example_dags/example_skip_dag.py
[2025-03-06T23:52:52.245+0100] {logging_mixin.py:190} INFO - [2025-03-06T23:52:52.245+0100] {dag.py:3239} INFO - Sync 1 DAGs
[2025-03-06T23:52:52.262+0100] {logging_mixin.py:190} INFO - [2025-03-06T23:52:52.261+0100] {dag.py:4180} INFO - Setting next_dagrun for example_skip_dag to 2025-03-05 00:00:00+00:00, run_after=2025-03-06 00:00:00+00:00
[2025-03-06T23:52:52.282+0100] {processor.py:208} INFO - Processing /home/erij/Erij_Mazouz_4DS8_churn_ml_project/venv/lib/python3.8/site-packages/airflow/example_dags/example_skip_dag.py took 0.066 seconds
[2025-03-06T23:53:48.847+0100] {processor.py:186} INFO - Started process (PID=58212) to work on /home/erij/Erij_Mazouz_4DS8_churn_ml_project/venv/lib/python3.8/site-packages/airflow/example_dags/example_skip_dag.py
[2025-03-06T23:53:48.848+0100] {processor.py:914} INFO - Processing file /home/erij/Erij_Mazouz_4DS8_churn_ml_project/venv/lib/python3.8/site-packages/airflow/example_dags/example_skip_dag.py for tasks to queue
[2025-03-06T23:53:48.850+0100] {logging_mixin.py:190} INFO - [2025-03-06T23:53:48.850+0100] {dagbag.py:588} INFO - Filling up the DagBag from /home/erij/Erij_Mazouz_4DS8_churn_ml_project/venv/lib/python3.8/site-packages/airflow/example_dags/example_skip_dag.py
[2025-03-06T23:53:48.857+0100] {processor.py:925} INFO - DAG(s) 'example_skip_dag' retrieved from /home/erij/Erij_Mazouz_4DS8_churn_ml_project/venv/lib/python3.8/site-packages/airflow/example_dags/example_skip_dag.py
[2025-03-06T23:53:48.871+0100] {logging_mixin.py:190} INFO - [2025-03-06T23:53:48.871+0100] {dag.py:3239} INFO - Sync 1 DAGs
[2025-03-06T23:53:48.888+0100] {logging_mixin.py:190} INFO - [2025-03-06T23:53:48.887+0100] {dag.py:4180} INFO - Setting next_dagrun for example_skip_dag to 2025-03-05 00:00:00+00:00, run_after=2025-03-06 00:00:00+00:00
[2025-03-06T23:53:48.907+0100] {processor.py:208} INFO - Processing /home/erij/Erij_Mazouz_4DS8_churn_ml_project/venv/lib/python3.8/site-packages/airflow/example_dags/example_skip_dag.py took 0.065 seconds
[2025-03-06T23:54:46.692+0100] {processor.py:186} INFO - Started process (PID=58589) to work on /home/erij/Erij_Mazouz_4DS8_churn_ml_project/venv/lib/python3.8/site-packages/airflow/example_dags/example_skip_dag.py
[2025-03-06T23:54:46.694+0100] {processor.py:914} INFO - Processing file /home/erij/Erij_Mazouz_4DS8_churn_ml_project/venv/lib/python3.8/site-packages/airflow/example_dags/example_skip_dag.py for tasks to queue
[2025-03-06T23:54:46.696+0100] {logging_mixin.py:190} INFO - [2025-03-06T23:54:46.696+0100] {dagbag.py:588} INFO - Filling up the DagBag from /home/erij/Erij_Mazouz_4DS8_churn_ml_project/venv/lib/python3.8/site-packages/airflow/example_dags/example_skip_dag.py
[2025-03-06T23:54:46.703+0100] {processor.py:925} INFO - DAG(s) 'example_skip_dag' retrieved from /home/erij/Erij_Mazouz_4DS8_churn_ml_project/venv/lib/python3.8/site-packages/airflow/example_dags/example_skip_dag.py
[2025-03-06T23:54:46.715+0100] {logging_mixin.py:190} INFO - [2025-03-06T23:54:46.715+0100] {dag.py:3239} INFO - Sync 1 DAGs
[2025-03-06T23:54:46.731+0100] {logging_mixin.py:190} INFO - [2025-03-06T23:54:46.730+0100] {dag.py:4180} INFO - Setting next_dagrun for example_skip_dag to 2025-03-05 00:00:00+00:00, run_after=2025-03-06 00:00:00+00:00
[2025-03-06T23:54:46.747+0100] {processor.py:208} INFO - Processing /home/erij/Erij_Mazouz_4DS8_churn_ml_project/venv/lib/python3.8/site-packages/airflow/example_dags/example_skip_dag.py took 0.061 seconds
[2025-03-06T23:55:44.514+0100] {processor.py:186} INFO - Started process (PID=59151) to work on /home/erij/Erij_Mazouz_4DS8_churn_ml_project/venv/lib/python3.8/site-packages/airflow/example_dags/example_skip_dag.py
[2025-03-06T23:55:44.516+0100] {processor.py:914} INFO - Processing file /home/erij/Erij_Mazouz_4DS8_churn_ml_project/venv/lib/python3.8/site-packages/airflow/example_dags/example_skip_dag.py for tasks to queue
[2025-03-06T23:55:44.518+0100] {logging_mixin.py:190} INFO - [2025-03-06T23:55:44.517+0100] {dagbag.py:588} INFO - Filling up the DagBag from /home/erij/Erij_Mazouz_4DS8_churn_ml_project/venv/lib/python3.8/site-packages/airflow/example_dags/example_skip_dag.py
[2025-03-06T23:55:44.525+0100] {processor.py:925} INFO - DAG(s) 'example_skip_dag' retrieved from /home/erij/Erij_Mazouz_4DS8_churn_ml_project/venv/lib/python3.8/site-packages/airflow/example_dags/example_skip_dag.py
[2025-03-06T23:55:44.538+0100] {logging_mixin.py:190} INFO - [2025-03-06T23:55:44.538+0100] {dag.py:3239} INFO - Sync 1 DAGs
[2025-03-06T23:55:44.553+0100] {logging_mixin.py:190} INFO - [2025-03-06T23:55:44.553+0100] {dag.py:4180} INFO - Setting next_dagrun for example_skip_dag to 2025-03-05 00:00:00+00:00, run_after=2025-03-06 00:00:00+00:00
[2025-03-06T23:55:44.570+0100] {processor.py:208} INFO - Processing /home/erij/Erij_Mazouz_4DS8_churn_ml_project/venv/lib/python3.8/site-packages/airflow/example_dags/example_skip_dag.py took 0.061 seconds
[2025-03-06T23:56:41.574+0100] {processor.py:186} INFO - Started process (PID=59273) to work on /home/erij/Erij_Mazouz_4DS8_churn_ml_project/venv/lib/python3.8/site-packages/airflow/example_dags/example_skip_dag.py
[2025-03-06T23:56:41.576+0100] {processor.py:914} INFO - Processing file /home/erij/Erij_Mazouz_4DS8_churn_ml_project/venv/lib/python3.8/site-packages/airflow/example_dags/example_skip_dag.py for tasks to queue
[2025-03-06T23:56:41.577+0100] {logging_mixin.py:190} INFO - [2025-03-06T23:56:41.577+0100] {dagbag.py:588} INFO - Filling up the DagBag from /home/erij/Erij_Mazouz_4DS8_churn_ml_project/venv/lib/python3.8/site-packages/airflow/example_dags/example_skip_dag.py
[2025-03-06T23:56:41.584+0100] {processor.py:925} INFO - DAG(s) 'example_skip_dag' retrieved from /home/erij/Erij_Mazouz_4DS8_churn_ml_project/venv/lib/python3.8/site-packages/airflow/example_dags/example_skip_dag.py
[2025-03-06T23:56:41.598+0100] {logging_mixin.py:190} INFO - [2025-03-06T23:56:41.597+0100] {dag.py:3239} INFO - Sync 1 DAGs
[2025-03-06T23:56:41.615+0100] {logging_mixin.py:190} INFO - [2025-03-06T23:56:41.614+0100] {dag.py:4180} INFO - Setting next_dagrun for example_skip_dag to 2025-03-05 00:00:00+00:00, run_after=2025-03-06 00:00:00+00:00
[2025-03-06T23:56:41.630+0100] {processor.py:208} INFO - Processing /home/erij/Erij_Mazouz_4DS8_churn_ml_project/venv/lib/python3.8/site-packages/airflow/example_dags/example_skip_dag.py took 0.061 seconds
[2025-03-06T23:57:34.776+0100] {processor.py:186} INFO - Started process (PID=59395) to work on /home/erij/Erij_Mazouz_4DS8_churn_ml_project/venv/lib/python3.8/site-packages/airflow/example_dags/example_skip_dag.py
[2025-03-06T23:57:34.779+0100] {processor.py:914} INFO - Processing file /home/erij/Erij_Mazouz_4DS8_churn_ml_project/venv/lib/python3.8/site-packages/airflow/example_dags/example_skip_dag.py for tasks to queue
[2025-03-06T23:57:34.781+0100] {logging_mixin.py:190} INFO - [2025-03-06T23:57:34.780+0100] {dagbag.py:588} INFO - Filling up the DagBag from /home/erij/Erij_Mazouz_4DS8_churn_ml_project/venv/lib/python3.8/site-packages/airflow/example_dags/example_skip_dag.py
[2025-03-06T23:57:34.789+0100] {processor.py:925} INFO - DAG(s) 'example_skip_dag' retrieved from /home/erij/Erij_Mazouz_4DS8_churn_ml_project/venv/lib/python3.8/site-packages/airflow/example_dags/example_skip_dag.py
[2025-03-06T23:57:34.804+0100] {logging_mixin.py:190} INFO - [2025-03-06T23:57:34.804+0100] {dag.py:3239} INFO - Sync 1 DAGs
[2025-03-06T23:57:34.822+0100] {logging_mixin.py:190} INFO - [2025-03-06T23:57:34.821+0100] {dag.py:4180} INFO - Setting next_dagrun for example_skip_dag to 2025-03-05 00:00:00+00:00, run_after=2025-03-06 00:00:00+00:00
[2025-03-06T23:57:34.839+0100] {processor.py:208} INFO - Processing /home/erij/Erij_Mazouz_4DS8_churn_ml_project/venv/lib/python3.8/site-packages/airflow/example_dags/example_skip_dag.py took 0.068 seconds
[2025-03-06T23:58:29.792+0100] {processor.py:186} INFO - Started process (PID=59543) to work on /home/erij/Erij_Mazouz_4DS8_churn_ml_project/venv/lib/python3.8/site-packages/airflow/example_dags/example_skip_dag.py
[2025-03-06T23:58:29.794+0100] {processor.py:914} INFO - Processing file /home/erij/Erij_Mazouz_4DS8_churn_ml_project/venv/lib/python3.8/site-packages/airflow/example_dags/example_skip_dag.py for tasks to queue
[2025-03-06T23:58:29.796+0100] {logging_mixin.py:190} INFO - [2025-03-06T23:58:29.796+0100] {dagbag.py:588} INFO - Filling up the DagBag from /home/erij/Erij_Mazouz_4DS8_churn_ml_project/venv/lib/python3.8/site-packages/airflow/example_dags/example_skip_dag.py
[2025-03-06T23:58:29.803+0100] {processor.py:925} INFO - DAG(s) 'example_skip_dag' retrieved from /home/erij/Erij_Mazouz_4DS8_churn_ml_project/venv/lib/python3.8/site-packages/airflow/example_dags/example_skip_dag.py
[2025-03-06T23:58:29.815+0100] {logging_mixin.py:190} INFO - [2025-03-06T23:58:29.815+0100] {dag.py:3239} INFO - Sync 1 DAGs
[2025-03-06T23:58:29.831+0100] {logging_mixin.py:190} INFO - [2025-03-06T23:58:29.831+0100] {dag.py:4180} INFO - Setting next_dagrun for example_skip_dag to 2025-03-05 00:00:00+00:00, run_after=2025-03-06 00:00:00+00:00
[2025-03-06T23:58:29.848+0100] {processor.py:208} INFO - Processing /home/erij/Erij_Mazouz_4DS8_churn_ml_project/venv/lib/python3.8/site-packages/airflow/example_dags/example_skip_dag.py took 0.060 seconds
[2025-03-06T23:59:19.498+0100] {processor.py:186} INFO - Started process (PID=59688) to work on /home/erij/Erij_Mazouz_4DS8_churn_ml_project/venv/lib/python3.8/site-packages/airflow/example_dags/example_skip_dag.py
[2025-03-06T23:59:19.501+0100] {processor.py:914} INFO - Processing file /home/erij/Erij_Mazouz_4DS8_churn_ml_project/venv/lib/python3.8/site-packages/airflow/example_dags/example_skip_dag.py for tasks to queue
[2025-03-06T23:59:19.502+0100] {logging_mixin.py:190} INFO - [2025-03-06T23:59:19.502+0100] {dagbag.py:588} INFO - Filling up the DagBag from /home/erij/Erij_Mazouz_4DS8_churn_ml_project/venv/lib/python3.8/site-packages/airflow/example_dags/example_skip_dag.py
[2025-03-06T23:59:19.509+0100] {processor.py:925} INFO - DAG(s) 'example_skip_dag' retrieved from /home/erij/Erij_Mazouz_4DS8_churn_ml_project/venv/lib/python3.8/site-packages/airflow/example_dags/example_skip_dag.py
[2025-03-06T23:59:19.523+0100] {logging_mixin.py:190} INFO - [2025-03-06T23:59:19.523+0100] {dag.py:3239} INFO - Sync 1 DAGs
[2025-03-06T23:59:19.540+0100] {logging_mixin.py:190} INFO - [2025-03-06T23:59:19.540+0100] {dag.py:4180} INFO - Setting next_dagrun for example_skip_dag to 2025-03-05 00:00:00+00:00, run_after=2025-03-06 00:00:00+00:00
[2025-03-06T23:59:19.558+0100] {processor.py:208} INFO - Processing /home/erij/Erij_Mazouz_4DS8_churn_ml_project/venv/lib/python3.8/site-packages/airflow/example_dags/example_skip_dag.py took 0.065 seconds
[2025-03-07T00:00:12.132+0100] {processor.py:186} INFO - Started process (PID=59868) to work on /home/erij/Erij_Mazouz_4DS8_churn_ml_project/venv/lib/python3.8/site-packages/airflow/example_dags/example_skip_dag.py
[2025-03-07T00:00:12.134+0100] {processor.py:914} INFO - Processing file /home/erij/Erij_Mazouz_4DS8_churn_ml_project/venv/lib/python3.8/site-packages/airflow/example_dags/example_skip_dag.py for tasks to queue
[2025-03-07T00:00:12.136+0100] {logging_mixin.py:190} INFO - [2025-03-07T00:00:12.136+0100] {dagbag.py:588} INFO - Filling up the DagBag from /home/erij/Erij_Mazouz_4DS8_churn_ml_project/venv/lib/python3.8/site-packages/airflow/example_dags/example_skip_dag.py
[2025-03-07T00:00:12.143+0100] {processor.py:925} INFO - DAG(s) 'example_skip_dag' retrieved from /home/erij/Erij_Mazouz_4DS8_churn_ml_project/venv/lib/python3.8/site-packages/airflow/example_dags/example_skip_dag.py
[2025-03-07T00:00:12.158+0100] {logging_mixin.py:190} INFO - [2025-03-07T00:00:12.157+0100] {dag.py:3239} INFO - Sync 1 DAGs
[2025-03-07T00:00:12.175+0100] {logging_mixin.py:190} INFO - [2025-03-07T00:00:12.175+0100] {dag.py:4180} INFO - Setting next_dagrun for example_skip_dag to 2025-03-05 00:00:00+00:00, run_after=2025-03-06 00:00:00+00:00
[2025-03-07T00:00:12.193+0100] {processor.py:208} INFO - Processing /home/erij/Erij_Mazouz_4DS8_churn_ml_project/venv/lib/python3.8/site-packages/airflow/example_dags/example_skip_dag.py took 0.066 seconds
[2025-03-07T00:01:05.049+0100] {processor.py:186} INFO - Started process (PID=60030) to work on /home/erij/Erij_Mazouz_4DS8_churn_ml_project/venv/lib/python3.8/site-packages/airflow/example_dags/example_skip_dag.py
[2025-03-07T00:01:05.051+0100] {processor.py:914} INFO - Processing file /home/erij/Erij_Mazouz_4DS8_churn_ml_project/venv/lib/python3.8/site-packages/airflow/example_dags/example_skip_dag.py for tasks to queue
[2025-03-07T00:01:05.053+0100] {logging_mixin.py:190} INFO - [2025-03-07T00:01:05.053+0100] {dagbag.py:588} INFO - Filling up the DagBag from /home/erij/Erij_Mazouz_4DS8_churn_ml_project/venv/lib/python3.8/site-packages/airflow/example_dags/example_skip_dag.py
[2025-03-07T00:01:05.061+0100] {processor.py:925} INFO - DAG(s) 'example_skip_dag' retrieved from /home/erij/Erij_Mazouz_4DS8_churn_ml_project/venv/lib/python3.8/site-packages/airflow/example_dags/example_skip_dag.py
[2025-03-07T00:01:05.077+0100] {logging_mixin.py:190} INFO - [2025-03-07T00:01:05.076+0100] {dag.py:3239} INFO - Sync 1 DAGs
[2025-03-07T00:01:05.099+0100] {logging_mixin.py:190} INFO - [2025-03-07T00:01:05.099+0100] {dag.py:4180} INFO - Setting next_dagrun for example_skip_dag to 2025-03-05 00:00:00+00:00, run_after=2025-03-06 00:00:00+00:00
[2025-03-07T00:01:05.120+0100] {processor.py:208} INFO - Processing /home/erij/Erij_Mazouz_4DS8_churn_ml_project/venv/lib/python3.8/site-packages/airflow/example_dags/example_skip_dag.py took 0.077 seconds
[2025-03-07T00:02:00.058+0100] {processor.py:186} INFO - Started process (PID=60219) to work on /home/erij/Erij_Mazouz_4DS8_churn_ml_project/venv/lib/python3.8/site-packages/airflow/example_dags/example_skip_dag.py
[2025-03-07T00:02:00.060+0100] {processor.py:914} INFO - Processing file /home/erij/Erij_Mazouz_4DS8_churn_ml_project/venv/lib/python3.8/site-packages/airflow/example_dags/example_skip_dag.py for tasks to queue
[2025-03-07T00:02:00.062+0100] {logging_mixin.py:190} INFO - [2025-03-07T00:02:00.062+0100] {dagbag.py:588} INFO - Filling up the DagBag from /home/erij/Erij_Mazouz_4DS8_churn_ml_project/venv/lib/python3.8/site-packages/airflow/example_dags/example_skip_dag.py
[2025-03-07T00:02:00.069+0100] {processor.py:925} INFO - DAG(s) 'example_skip_dag' retrieved from /home/erij/Erij_Mazouz_4DS8_churn_ml_project/venv/lib/python3.8/site-packages/airflow/example_dags/example_skip_dag.py
[2025-03-07T00:02:00.083+0100] {logging_mixin.py:190} INFO - [2025-03-07T00:02:00.083+0100] {dag.py:3239} INFO - Sync 1 DAGs
[2025-03-07T00:02:00.101+0100] {logging_mixin.py:190} INFO - [2025-03-07T00:02:00.101+0100] {dag.py:4180} INFO - Setting next_dagrun for example_skip_dag to 2025-03-05 00:00:00+00:00, run_after=2025-03-06 00:00:00+00:00
[2025-03-07T00:02:00.120+0100] {processor.py:208} INFO - Processing /home/erij/Erij_Mazouz_4DS8_churn_ml_project/venv/lib/python3.8/site-packages/airflow/example_dags/example_skip_dag.py took 0.068 seconds
[2025-03-07T00:02:57.888+0100] {processor.py:186} INFO - Started process (PID=60436) to work on /home/erij/Erij_Mazouz_4DS8_churn_ml_project/venv/lib/python3.8/site-packages/airflow/example_dags/example_skip_dag.py
[2025-03-07T00:02:57.889+0100] {processor.py:914} INFO - Processing file /home/erij/Erij_Mazouz_4DS8_churn_ml_project/venv/lib/python3.8/site-packages/airflow/example_dags/example_skip_dag.py for tasks to queue
[2025-03-07T00:02:57.891+0100] {logging_mixin.py:190} INFO - [2025-03-07T00:02:57.891+0100] {dagbag.py:588} INFO - Filling up the DagBag from /home/erij/Erij_Mazouz_4DS8_churn_ml_project/venv/lib/python3.8/site-packages/airflow/example_dags/example_skip_dag.py
[2025-03-07T00:02:57.899+0100] {processor.py:925} INFO - DAG(s) 'example_skip_dag' retrieved from /home/erij/Erij_Mazouz_4DS8_churn_ml_project/venv/lib/python3.8/site-packages/airflow/example_dags/example_skip_dag.py
[2025-03-07T00:02:57.914+0100] {logging_mixin.py:190} INFO - [2025-03-07T00:02:57.914+0100] {dag.py:3239} INFO - Sync 1 DAGs
[2025-03-07T00:02:57.934+0100] {logging_mixin.py:190} INFO - [2025-03-07T00:02:57.934+0100] {dag.py:4180} INFO - Setting next_dagrun for example_skip_dag to 2025-03-05 00:00:00+00:00, run_after=2025-03-06 00:00:00+00:00
[2025-03-07T00:02:57.954+0100] {processor.py:208} INFO - Processing /home/erij/Erij_Mazouz_4DS8_churn_ml_project/venv/lib/python3.8/site-packages/airflow/example_dags/example_skip_dag.py took 0.072 seconds
