[2025-03-06T23:38:55.775+0100] {processor.py:186} INFO - Started process (PID=55811) to work on /home/erij/Erij_Mazouz_4DS8_churn_ml_project/venv/lib/python3.8/site-packages/airflow/example_dags/example_display_name.py
[2025-03-06T23:38:55.776+0100] {processor.py:914} INFO - Processing file /home/erij/Erij_Mazouz_4DS8_churn_ml_project/venv/lib/python3.8/site-packages/airflow/example_dags/example_display_name.py for tasks to queue
[2025-03-06T23:38:55.777+0100] {logging_mixin.py:190} INFO - [2025-03-06T23:38:55.777+0100] {dagbag.py:588} INFO - Filling up the DagBag from /home/erij/Erij_Mazouz_4DS8_churn_ml_project/venv/lib/python3.8/site-packages/airflow/example_dags/example_display_name.py
[2025-03-06T23:38:55.785+0100] {processor.py:925} INFO - DAG(s) 'example_display_name' retrieved from /home/erij/Erij_Mazouz_4DS8_churn_ml_project/venv/lib/python3.8/site-packages/airflow/example_dags/example_display_name.py
[2025-03-06T23:38:55.798+0100] {logging_mixin.py:190} INFO - [2025-03-06T23:38:55.798+0100] {dag.py:3239} INFO - Sync 1 DAGs
[2025-03-06T23:38:55.811+0100] {logging_mixin.py:190} INFO - [2025-03-06T23:38:55.811+0100] {dag.py:4180} INFO - Setting next_dagrun for example_display_name to None, run_after=None
[2025-03-06T23:38:55.831+0100] {processor.py:208} INFO - Processing /home/erij/Erij_Mazouz_4DS8_churn_ml_project/venv/lib/python3.8/site-packages/airflow/example_dags/example_display_name.py took 0.062 seconds
[2025-03-06T23:40:30.939+0100] {processor.py:186} INFO - Started process (PID=56476) to work on /home/erij/Erij_Mazouz_4DS8_churn_ml_project/venv/lib/python3.8/site-packages/airflow/example_dags/example_display_name.py
[2025-03-06T23:40:30.940+0100] {processor.py:914} INFO - Processing file /home/erij/Erij_Mazouz_4DS8_churn_ml_project/venv/lib/python3.8/site-packages/airflow/example_dags/example_display_name.py for tasks to queue
[2025-03-06T23:40:30.942+0100] {logging_mixin.py:190} INFO - [2025-03-06T23:40:30.942+0100] {dagbag.py:588} INFO - Filling up the DagBag from /home/erij/Erij_Mazouz_4DS8_churn_ml_project/venv/lib/python3.8/site-packages/airflow/example_dags/example_display_name.py
[2025-03-06T23:40:30.950+0100] {processor.py:925} INFO - DAG(s) 'example_display_name' retrieved from /home/erij/Erij_Mazouz_4DS8_churn_ml_project/venv/lib/python3.8/site-packages/airflow/example_dags/example_display_name.py
[2025-03-06T23:40:30.963+0100] {logging_mixin.py:190} INFO - [2025-03-06T23:40:30.962+0100] {dag.py:3239} INFO - Sync 1 DAGs
[2025-03-06T23:40:30.974+0100] {logging_mixin.py:190} INFO - [2025-03-06T23:40:30.974+0100] {dag.py:4180} INFO - Setting next_dagrun for example_display_name to None, run_after=None
[2025-03-06T23:40:30.994+0100] {processor.py:208} INFO - Processing /home/erij/Erij_Mazouz_4DS8_churn_ml_project/venv/lib/python3.8/site-packages/airflow/example_dags/example_display_name.py took 0.060 seconds
[2025-03-06T23:41:15.677+0100] {processor.py:186} INFO - Started process (PID=56581) to work on /home/erij/Erij_Mazouz_4DS8_churn_ml_project/venv/lib/python3.8/site-packages/airflow/example_dags/example_display_name.py
[2025-03-06T23:41:15.679+0100] {processor.py:914} INFO - Processing file /home/erij/Erij_Mazouz_4DS8_churn_ml_project/venv/lib/python3.8/site-packages/airflow/example_dags/example_display_name.py for tasks to queue
[2025-03-06T23:41:15.681+0100] {logging_mixin.py:190} INFO - [2025-03-06T23:41:15.680+0100] {dagbag.py:588} INFO - Filling up the DagBag from /home/erij/Erij_Mazouz_4DS8_churn_ml_project/venv/lib/python3.8/site-packages/airflow/example_dags/example_display_name.py
[2025-03-06T23:41:15.688+0100] {processor.py:925} INFO - DAG(s) 'example_display_name' retrieved from /home/erij/Erij_Mazouz_4DS8_churn_ml_project/venv/lib/python3.8/site-packages/airflow/example_dags/example_display_name.py
[2025-03-06T23:41:15.700+0100] {logging_mixin.py:190} INFO - [2025-03-06T23:41:15.700+0100] {dag.py:3239} INFO - Sync 1 DAGs
[2025-03-06T23:41:15.713+0100] {logging_mixin.py:190} INFO - [2025-03-06T23:41:15.713+0100] {dag.py:4180} INFO - Setting next_dagrun for example_display_name to None, run_after=None
[2025-03-06T23:41:15.731+0100] {processor.py:208} INFO - Processing /home/erij/Erij_Mazouz_4DS8_churn_ml_project/venv/lib/python3.8/site-packages/airflow/example_dags/example_display_name.py took 0.059 seconds
[2025-03-06T23:42:10.952+0100] {processor.py:186} INFO - Started process (PID=56719) to work on /home/erij/Erij_Mazouz_4DS8_churn_ml_project/venv/lib/python3.8/site-packages/airflow/example_dags/example_display_name.py
[2025-03-06T23:42:10.954+0100] {processor.py:914} INFO - Processing file /home/erij/Erij_Mazouz_4DS8_churn_ml_project/venv/lib/python3.8/site-packages/airflow/example_dags/example_display_name.py for tasks to queue
[2025-03-06T23:42:10.957+0100] {logging_mixin.py:190} INFO - [2025-03-06T23:42:10.957+0100] {dagbag.py:588} INFO - Filling up the DagBag from /home/erij/Erij_Mazouz_4DS8_churn_ml_project/venv/lib/python3.8/site-packages/airflow/example_dags/example_display_name.py
[2025-03-06T23:42:10.966+0100] {processor.py:925} INFO - DAG(s) 'example_display_name' retrieved from /home/erij/Erij_Mazouz_4DS8_churn_ml_project/venv/lib/python3.8/site-packages/airflow/example_dags/example_display_name.py
[2025-03-06T23:42:10.983+0100] {logging_mixin.py:190} INFO - [2025-03-06T23:42:10.983+0100] {dag.py:3239} INFO - Sync 1 DAGs
[2025-03-06T23:42:10.997+0100] {logging_mixin.py:190} INFO - [2025-03-06T23:42:10.997+0100] {dag.py:4180} INFO - Setting next_dagrun for example_display_name to None, run_after=None
[2025-03-06T23:42:11.014+0100] {processor.py:208} INFO - Processing /home/erij/Erij_Mazouz_4DS8_churn_ml_project/venv/lib/python3.8/site-packages/airflow/example_dags/example_display_name.py took 0.068 seconds
[2025-03-06T23:43:04.818+0100] {processor.py:186} INFO - Started process (PID=56843) to work on /home/erij/Erij_Mazouz_4DS8_churn_ml_project/venv/lib/python3.8/site-packages/airflow/example_dags/example_display_name.py
[2025-03-06T23:43:04.820+0100] {processor.py:914} INFO - Processing file /home/erij/Erij_Mazouz_4DS8_churn_ml_project/venv/lib/python3.8/site-packages/airflow/example_dags/example_display_name.py for tasks to queue
[2025-03-06T23:43:04.822+0100] {logging_mixin.py:190} INFO - [2025-03-06T23:43:04.822+0100] {dagbag.py:588} INFO - Filling up the DagBag from /home/erij/Erij_Mazouz_4DS8_churn_ml_project/venv/lib/python3.8/site-packages/airflow/example_dags/example_display_name.py
[2025-03-06T23:43:04.828+0100] {processor.py:925} INFO - DAG(s) 'example_display_name' retrieved from /home/erij/Erij_Mazouz_4DS8_churn_ml_project/venv/lib/python3.8/site-packages/airflow/example_dags/example_display_name.py
[2025-03-06T23:43:04.839+0100] {logging_mixin.py:190} INFO - [2025-03-06T23:43:04.839+0100] {dag.py:3239} INFO - Sync 1 DAGs
[2025-03-06T23:43:04.851+0100] {logging_mixin.py:190} INFO - [2025-03-06T23:43:04.850+0100] {dag.py:4180} INFO - Setting next_dagrun for example_display_name to None, run_after=None
[2025-03-06T23:43:04.868+0100] {processor.py:208} INFO - Processing /home/erij/Erij_Mazouz_4DS8_churn_ml_project/venv/lib/python3.8/site-packages/airflow/example_dags/example_display_name.py took 0.056 seconds
[2025-03-06T23:43:56.698+0100] {processor.py:186} INFO - Started process (PID=56955) to work on /home/erij/Erij_Mazouz_4DS8_churn_ml_project/venv/lib/python3.8/site-packages/airflow/example_dags/example_display_name.py
[2025-03-06T23:43:56.701+0100] {processor.py:914} INFO - Processing file /home/erij/Erij_Mazouz_4DS8_churn_ml_project/venv/lib/python3.8/site-packages/airflow/example_dags/example_display_name.py for tasks to queue
[2025-03-06T23:43:56.702+0100] {logging_mixin.py:190} INFO - [2025-03-06T23:43:56.702+0100] {dagbag.py:588} INFO - Filling up the DagBag from /home/erij/Erij_Mazouz_4DS8_churn_ml_project/venv/lib/python3.8/site-packages/airflow/example_dags/example_display_name.py
[2025-03-06T23:43:56.709+0100] {processor.py:925} INFO - DAG(s) 'example_display_name' retrieved from /home/erij/Erij_Mazouz_4DS8_churn_ml_project/venv/lib/python3.8/site-packages/airflow/example_dags/example_display_name.py
[2025-03-06T23:43:56.721+0100] {logging_mixin.py:190} INFO - [2025-03-06T23:43:56.721+0100] {dag.py:3239} INFO - Sync 1 DAGs
[2025-03-06T23:43:56.732+0100] {logging_mixin.py:190} INFO - [2025-03-06T23:43:56.732+0100] {dag.py:4180} INFO - Setting next_dagrun for example_display_name to None, run_after=None
[2025-03-06T23:43:56.749+0100] {processor.py:208} INFO - Processing /home/erij/Erij_Mazouz_4DS8_churn_ml_project/venv/lib/python3.8/site-packages/airflow/example_dags/example_display_name.py took 0.056 seconds
[2025-03-06T23:44:50.816+0100] {processor.py:186} INFO - Started process (PID=57109) to work on /home/erij/Erij_Mazouz_4DS8_churn_ml_project/venv/lib/python3.8/site-packages/airflow/example_dags/example_display_name.py
[2025-03-06T23:44:50.819+0100] {processor.py:914} INFO - Processing file /home/erij/Erij_Mazouz_4DS8_churn_ml_project/venv/lib/python3.8/site-packages/airflow/example_dags/example_display_name.py for tasks to queue
[2025-03-06T23:44:50.820+0100] {logging_mixin.py:190} INFO - [2025-03-06T23:44:50.820+0100] {dagbag.py:588} INFO - Filling up the DagBag from /home/erij/Erij_Mazouz_4DS8_churn_ml_project/venv/lib/python3.8/site-packages/airflow/example_dags/example_display_name.py
[2025-03-06T23:44:50.827+0100] {processor.py:925} INFO - DAG(s) 'example_display_name' retrieved from /home/erij/Erij_Mazouz_4DS8_churn_ml_project/venv/lib/python3.8/site-packages/airflow/example_dags/example_display_name.py
[2025-03-06T23:44:50.838+0100] {logging_mixin.py:190} INFO - [2025-03-06T23:44:50.838+0100] {dag.py:3239} INFO - Sync 1 DAGs
[2025-03-06T23:44:50.849+0100] {logging_mixin.py:190} INFO - [2025-03-06T23:44:50.848+0100] {dag.py:4180} INFO - Setting next_dagrun for example_display_name to None, run_after=None
[2025-03-06T23:44:50.873+0100] {processor.py:208} INFO - Processing /home/erij/Erij_Mazouz_4DS8_churn_ml_project/venv/lib/python3.8/site-packages/airflow/example_dags/example_display_name.py took 0.062 seconds
[2025-03-06T23:45:48.263+0100] {processor.py:186} INFO - Started process (PID=57232) to work on /home/erij/Erij_Mazouz_4DS8_churn_ml_project/venv/lib/python3.8/site-packages/airflow/example_dags/example_display_name.py
[2025-03-06T23:45:48.266+0100] {processor.py:914} INFO - Processing file /home/erij/Erij_Mazouz_4DS8_churn_ml_project/venv/lib/python3.8/site-packages/airflow/example_dags/example_display_name.py for tasks to queue
[2025-03-06T23:45:48.268+0100] {logging_mixin.py:190} INFO - [2025-03-06T23:45:48.267+0100] {dagbag.py:588} INFO - Filling up the DagBag from /home/erij/Erij_Mazouz_4DS8_churn_ml_project/venv/lib/python3.8/site-packages/airflow/example_dags/example_display_name.py
[2025-03-06T23:45:48.275+0100] {processor.py:925} INFO - DAG(s) 'example_display_name' retrieved from /home/erij/Erij_Mazouz_4DS8_churn_ml_project/venv/lib/python3.8/site-packages/airflow/example_dags/example_display_name.py
[2025-03-06T23:45:48.286+0100] {logging_mixin.py:190} INFO - [2025-03-06T23:45:48.285+0100] {dag.py:3239} INFO - Sync 1 DAGs
[2025-03-06T23:45:48.296+0100] {logging_mixin.py:190} INFO - [2025-03-06T23:45:48.296+0100] {dag.py:4180} INFO - Setting next_dagrun for example_display_name to None, run_after=None
[2025-03-06T23:45:48.326+0100] {processor.py:208} INFO - Processing /home/erij/Erij_Mazouz_4DS8_churn_ml_project/venv/lib/python3.8/site-packages/airflow/example_dags/example_display_name.py took 0.069 seconds
[2025-03-06T23:46:44.975+0100] {processor.py:186} INFO - Started process (PID=57349) to work on /home/erij/Erij_Mazouz_4DS8_churn_ml_project/venv/lib/python3.8/site-packages/airflow/example_dags/example_display_name.py
[2025-03-06T23:46:44.977+0100] {processor.py:914} INFO - Processing file /home/erij/Erij_Mazouz_4DS8_churn_ml_project/venv/lib/python3.8/site-packages/airflow/example_dags/example_display_name.py for tasks to queue
[2025-03-06T23:46:44.979+0100] {logging_mixin.py:190} INFO - [2025-03-06T23:46:44.979+0100] {dagbag.py:588} INFO - Filling up the DagBag from /home/erij/Erij_Mazouz_4DS8_churn_ml_project/venv/lib/python3.8/site-packages/airflow/example_dags/example_display_name.py
[2025-03-06T23:46:44.986+0100] {processor.py:925} INFO - DAG(s) 'example_display_name' retrieved from /home/erij/Erij_Mazouz_4DS8_churn_ml_project/venv/lib/python3.8/site-packages/airflow/example_dags/example_display_name.py
[2025-03-06T23:46:44.997+0100] {logging_mixin.py:190} INFO - [2025-03-06T23:46:44.997+0100] {dag.py:3239} INFO - Sync 1 DAGs
[2025-03-06T23:46:45.009+0100] {logging_mixin.py:190} INFO - [2025-03-06T23:46:45.008+0100] {dag.py:4180} INFO - Setting next_dagrun for example_display_name to None, run_after=None
[2025-03-06T23:46:45.028+0100] {processor.py:208} INFO - Processing /home/erij/Erij_Mazouz_4DS8_churn_ml_project/venv/lib/python3.8/site-packages/airflow/example_dags/example_display_name.py took 0.058 seconds
[2025-03-06T23:47:40.940+0100] {processor.py:186} INFO - Started process (PID=57460) to work on /home/erij/Erij_Mazouz_4DS8_churn_ml_project/venv/lib/python3.8/site-packages/airflow/example_dags/example_display_name.py
[2025-03-06T23:47:40.942+0100] {processor.py:914} INFO - Processing file /home/erij/Erij_Mazouz_4DS8_churn_ml_project/venv/lib/python3.8/site-packages/airflow/example_dags/example_display_name.py for tasks to queue
[2025-03-06T23:47:40.944+0100] {logging_mixin.py:190} INFO - [2025-03-06T23:47:40.943+0100] {dagbag.py:588} INFO - Filling up the DagBag from /home/erij/Erij_Mazouz_4DS8_churn_ml_project/venv/lib/python3.8/site-packages/airflow/example_dags/example_display_name.py
[2025-03-06T23:47:40.951+0100] {processor.py:925} INFO - DAG(s) 'example_display_name' retrieved from /home/erij/Erij_Mazouz_4DS8_churn_ml_project/venv/lib/python3.8/site-packages/airflow/example_dags/example_display_name.py
[2025-03-06T23:47:40.963+0100] {logging_mixin.py:190} INFO - [2025-03-06T23:47:40.962+0100] {dag.py:3239} INFO - Sync 1 DAGs
[2025-03-06T23:47:40.974+0100] {logging_mixin.py:190} INFO - [2025-03-06T23:47:40.974+0100] {dag.py:4180} INFO - Setting next_dagrun for example_display_name to None, run_after=None
[2025-03-06T23:47:40.991+0100] {processor.py:208} INFO - Processing /home/erij/Erij_Mazouz_4DS8_churn_ml_project/venv/lib/python3.8/site-packages/airflow/example_dags/example_display_name.py took 0.057 seconds
[2025-03-06T23:48:38.232+0100] {processor.py:186} INFO - Started process (PID=57577) to work on /home/erij/Erij_Mazouz_4DS8_churn_ml_project/venv/lib/python3.8/site-packages/airflow/example_dags/example_display_name.py
[2025-03-06T23:48:38.234+0100] {processor.py:914} INFO - Processing file /home/erij/Erij_Mazouz_4DS8_churn_ml_project/venv/lib/python3.8/site-packages/airflow/example_dags/example_display_name.py for tasks to queue
[2025-03-06T23:48:38.236+0100] {logging_mixin.py:190} INFO - [2025-03-06T23:48:38.236+0100] {dagbag.py:588} INFO - Filling up the DagBag from /home/erij/Erij_Mazouz_4DS8_churn_ml_project/venv/lib/python3.8/site-packages/airflow/example_dags/example_display_name.py
[2025-03-06T23:48:38.243+0100] {processor.py:925} INFO - DAG(s) 'example_display_name' retrieved from /home/erij/Erij_Mazouz_4DS8_churn_ml_project/venv/lib/python3.8/site-packages/airflow/example_dags/example_display_name.py
[2025-03-06T23:48:38.254+0100] {logging_mixin.py:190} INFO - [2025-03-06T23:48:38.254+0100] {dag.py:3239} INFO - Sync 1 DAGs
[2025-03-06T23:48:38.266+0100] {logging_mixin.py:190} INFO - [2025-03-06T23:48:38.266+0100] {dag.py:4180} INFO - Setting next_dagrun for example_display_name to None, run_after=None
[2025-03-06T23:48:38.284+0100] {processor.py:208} INFO - Processing /home/erij/Erij_Mazouz_4DS8_churn_ml_project/venv/lib/python3.8/site-packages/airflow/example_dags/example_display_name.py took 0.057 seconds
[2025-03-06T23:49:34.140+0100] {processor.py:186} INFO - Started process (PID=57687) to work on /home/erij/Erij_Mazouz_4DS8_churn_ml_project/venv/lib/python3.8/site-packages/airflow/example_dags/example_display_name.py
[2025-03-06T23:49:34.142+0100] {processor.py:914} INFO - Processing file /home/erij/Erij_Mazouz_4DS8_churn_ml_project/venv/lib/python3.8/site-packages/airflow/example_dags/example_display_name.py for tasks to queue
[2025-03-06T23:49:34.144+0100] {logging_mixin.py:190} INFO - [2025-03-06T23:49:34.144+0100] {dagbag.py:588} INFO - Filling up the DagBag from /home/erij/Erij_Mazouz_4DS8_churn_ml_project/venv/lib/python3.8/site-packages/airflow/example_dags/example_display_name.py
[2025-03-06T23:49:34.151+0100] {processor.py:925} INFO - DAG(s) 'example_display_name' retrieved from /home/erij/Erij_Mazouz_4DS8_churn_ml_project/venv/lib/python3.8/site-packages/airflow/example_dags/example_display_name.py
[2025-03-06T23:49:34.162+0100] {logging_mixin.py:190} INFO - [2025-03-06T23:49:34.162+0100] {dag.py:3239} INFO - Sync 1 DAGs
[2025-03-06T23:49:34.173+0100] {logging_mixin.py:190} INFO - [2025-03-06T23:49:34.172+0100] {dag.py:4180} INFO - Setting next_dagrun for example_display_name to None, run_after=None
[2025-03-06T23:49:34.190+0100] {processor.py:208} INFO - Processing /home/erij/Erij_Mazouz_4DS8_churn_ml_project/venv/lib/python3.8/site-packages/airflow/example_dags/example_display_name.py took 0.055 seconds
[2025-03-06T23:50:29.263+0100] {processor.py:186} INFO - Started process (PID=57801) to work on /home/erij/Erij_Mazouz_4DS8_churn_ml_project/venv/lib/python3.8/site-packages/airflow/example_dags/example_display_name.py
[2025-03-06T23:50:29.265+0100] {processor.py:914} INFO - Processing file /home/erij/Erij_Mazouz_4DS8_churn_ml_project/venv/lib/python3.8/site-packages/airflow/example_dags/example_display_name.py for tasks to queue
[2025-03-06T23:50:29.266+0100] {logging_mixin.py:190} INFO - [2025-03-06T23:50:29.266+0100] {dagbag.py:588} INFO - Filling up the DagBag from /home/erij/Erij_Mazouz_4DS8_churn_ml_project/venv/lib/python3.8/site-packages/airflow/example_dags/example_display_name.py
[2025-03-06T23:50:29.273+0100] {processor.py:925} INFO - DAG(s) 'example_display_name' retrieved from /home/erij/Erij_Mazouz_4DS8_churn_ml_project/venv/lib/python3.8/site-packages/airflow/example_dags/example_display_name.py
[2025-03-06T23:50:29.284+0100] {logging_mixin.py:190} INFO - [2025-03-06T23:50:29.284+0100] {dag.py:3239} INFO - Sync 1 DAGs
[2025-03-06T23:50:29.295+0100] {logging_mixin.py:190} INFO - [2025-03-06T23:50:29.295+0100] {dag.py:4180} INFO - Setting next_dagrun for example_display_name to None, run_after=None
[2025-03-06T23:50:29.312+0100] {processor.py:208} INFO - Processing /home/erij/Erij_Mazouz_4DS8_churn_ml_project/venv/lib/python3.8/site-packages/airflow/example_dags/example_display_name.py took 0.054 seconds
[2025-03-06T23:51:23.800+0100] {processor.py:186} INFO - Started process (PID=57910) to work on /home/erij/Erij_Mazouz_4DS8_churn_ml_project/venv/lib/python3.8/site-packages/airflow/example_dags/example_display_name.py
[2025-03-06T23:51:23.803+0100] {processor.py:914} INFO - Processing file /home/erij/Erij_Mazouz_4DS8_churn_ml_project/venv/lib/python3.8/site-packages/airflow/example_dags/example_display_name.py for tasks to queue
[2025-03-06T23:51:23.804+0100] {logging_mixin.py:190} INFO - [2025-03-06T23:51:23.804+0100] {dagbag.py:588} INFO - Filling up the DagBag from /home/erij/Erij_Mazouz_4DS8_churn_ml_project/venv/lib/python3.8/site-packages/airflow/example_dags/example_display_name.py
[2025-03-06T23:51:23.811+0100] {processor.py:925} INFO - DAG(s) 'example_display_name' retrieved from /home/erij/Erij_Mazouz_4DS8_churn_ml_project/venv/lib/python3.8/site-packages/airflow/example_dags/example_display_name.py
[2025-03-06T23:51:23.822+0100] {logging_mixin.py:190} INFO - [2025-03-06T23:51:23.822+0100] {dag.py:3239} INFO - Sync 1 DAGs
[2025-03-06T23:51:23.832+0100] {logging_mixin.py:190} INFO - [2025-03-06T23:51:23.832+0100] {dag.py:4180} INFO - Setting next_dagrun for example_display_name to None, run_after=None
[2025-03-06T23:51:23.850+0100] {processor.py:208} INFO - Processing /home/erij/Erij_Mazouz_4DS8_churn_ml_project/venv/lib/python3.8/site-packages/airflow/example_dags/example_display_name.py took 0.055 seconds
[2025-03-06T23:52:19.439+0100] {processor.py:186} INFO - Started process (PID=58029) to work on /home/erij/Erij_Mazouz_4DS8_churn_ml_project/venv/lib/python3.8/site-packages/airflow/example_dags/example_display_name.py
[2025-03-06T23:52:19.441+0100] {processor.py:914} INFO - Processing file /home/erij/Erij_Mazouz_4DS8_churn_ml_project/venv/lib/python3.8/site-packages/airflow/example_dags/example_display_name.py for tasks to queue
[2025-03-06T23:52:19.443+0100] {logging_mixin.py:190} INFO - [2025-03-06T23:52:19.443+0100] {dagbag.py:588} INFO - Filling up the DagBag from /home/erij/Erij_Mazouz_4DS8_churn_ml_project/venv/lib/python3.8/site-packages/airflow/example_dags/example_display_name.py
[2025-03-06T23:52:19.450+0100] {processor.py:925} INFO - DAG(s) 'example_display_name' retrieved from /home/erij/Erij_Mazouz_4DS8_churn_ml_project/venv/lib/python3.8/site-packages/airflow/example_dags/example_display_name.py
[2025-03-06T23:52:19.462+0100] {logging_mixin.py:190} INFO - [2025-03-06T23:52:19.462+0100] {dag.py:3239} INFO - Sync 1 DAGs
[2025-03-06T23:52:19.474+0100] {logging_mixin.py:190} INFO - [2025-03-06T23:52:19.473+0100] {dag.py:4180} INFO - Setting next_dagrun for example_display_name to None, run_after=None
[2025-03-06T23:52:19.493+0100] {processor.py:208} INFO - Processing /home/erij/Erij_Mazouz_4DS8_churn_ml_project/venv/lib/python3.8/site-packages/airflow/example_dags/example_display_name.py took 0.059 seconds
[2025-03-06T23:53:16.791+0100] {processor.py:186} INFO - Started process (PID=58145) to work on /home/erij/Erij_Mazouz_4DS8_churn_ml_project/venv/lib/python3.8/site-packages/airflow/example_dags/example_display_name.py
[2025-03-06T23:53:16.793+0100] {processor.py:914} INFO - Processing file /home/erij/Erij_Mazouz_4DS8_churn_ml_project/venv/lib/python3.8/site-packages/airflow/example_dags/example_display_name.py for tasks to queue
[2025-03-06T23:53:16.796+0100] {logging_mixin.py:190} INFO - [2025-03-06T23:53:16.796+0100] {dagbag.py:588} INFO - Filling up the DagBag from /home/erij/Erij_Mazouz_4DS8_churn_ml_project/venv/lib/python3.8/site-packages/airflow/example_dags/example_display_name.py
[2025-03-06T23:53:16.810+0100] {processor.py:925} INFO - DAG(s) 'example_display_name' retrieved from /home/erij/Erij_Mazouz_4DS8_churn_ml_project/venv/lib/python3.8/site-packages/airflow/example_dags/example_display_name.py
[2025-03-06T23:53:16.830+0100] {logging_mixin.py:190} INFO - [2025-03-06T23:53:16.830+0100] {dag.py:3239} INFO - Sync 1 DAGs
[2025-03-06T23:53:16.851+0100] {logging_mixin.py:190} INFO - [2025-03-06T23:53:16.851+0100] {dag.py:4180} INFO - Setting next_dagrun for example_display_name to None, run_after=None
[2025-03-06T23:53:16.875+0100] {processor.py:208} INFO - Processing /home/erij/Erij_Mazouz_4DS8_churn_ml_project/venv/lib/python3.8/site-packages/airflow/example_dags/example_display_name.py took 0.093 seconds
[2025-03-06T23:54:15.153+0100] {processor.py:186} INFO - Started process (PID=58288) to work on /home/erij/Erij_Mazouz_4DS8_churn_ml_project/venv/lib/python3.8/site-packages/airflow/example_dags/example_display_name.py
[2025-03-06T23:54:15.156+0100] {processor.py:914} INFO - Processing file /home/erij/Erij_Mazouz_4DS8_churn_ml_project/venv/lib/python3.8/site-packages/airflow/example_dags/example_display_name.py for tasks to queue
[2025-03-06T23:54:15.157+0100] {logging_mixin.py:190} INFO - [2025-03-06T23:54:15.157+0100] {dagbag.py:588} INFO - Filling up the DagBag from /home/erij/Erij_Mazouz_4DS8_churn_ml_project/venv/lib/python3.8/site-packages/airflow/example_dags/example_display_name.py
[2025-03-06T23:54:15.164+0100] {processor.py:925} INFO - DAG(s) 'example_display_name' retrieved from /home/erij/Erij_Mazouz_4DS8_churn_ml_project/venv/lib/python3.8/site-packages/airflow/example_dags/example_display_name.py
[2025-03-06T23:54:15.176+0100] {logging_mixin.py:190} INFO - [2025-03-06T23:54:15.176+0100] {dag.py:3239} INFO - Sync 1 DAGs
[2025-03-06T23:54:15.186+0100] {logging_mixin.py:190} INFO - [2025-03-06T23:54:15.185+0100] {dag.py:4180} INFO - Setting next_dagrun for example_display_name to None, run_after=None
[2025-03-06T23:54:15.204+0100] {processor.py:208} INFO - Processing /home/erij/Erij_Mazouz_4DS8_churn_ml_project/venv/lib/python3.8/site-packages/airflow/example_dags/example_display_name.py took 0.055 seconds
[2025-03-06T23:55:12.040+0100] {processor.py:186} INFO - Started process (PID=59005) to work on /home/erij/Erij_Mazouz_4DS8_churn_ml_project/venv/lib/python3.8/site-packages/airflow/example_dags/example_display_name.py
[2025-03-06T23:55:12.042+0100] {processor.py:914} INFO - Processing file /home/erij/Erij_Mazouz_4DS8_churn_ml_project/venv/lib/python3.8/site-packages/airflow/example_dags/example_display_name.py for tasks to queue
[2025-03-06T23:55:12.044+0100] {logging_mixin.py:190} INFO - [2025-03-06T23:55:12.044+0100] {dagbag.py:588} INFO - Filling up the DagBag from /home/erij/Erij_Mazouz_4DS8_churn_ml_project/venv/lib/python3.8/site-packages/airflow/example_dags/example_display_name.py
[2025-03-06T23:55:12.050+0100] {processor.py:925} INFO - DAG(s) 'example_display_name' retrieved from /home/erij/Erij_Mazouz_4DS8_churn_ml_project/venv/lib/python3.8/site-packages/airflow/example_dags/example_display_name.py
[2025-03-06T23:55:12.061+0100] {logging_mixin.py:190} INFO - [2025-03-06T23:55:12.060+0100] {dag.py:3239} INFO - Sync 1 DAGs
[2025-03-06T23:55:12.072+0100] {logging_mixin.py:190} INFO - [2025-03-06T23:55:12.071+0100] {dag.py:4180} INFO - Setting next_dagrun for example_display_name to None, run_after=None
[2025-03-06T23:55:12.090+0100] {processor.py:208} INFO - Processing /home/erij/Erij_Mazouz_4DS8_churn_ml_project/venv/lib/python3.8/site-packages/airflow/example_dags/example_display_name.py took 0.055 seconds
[2025-03-06T23:56:12.351+0100] {processor.py:186} INFO - Started process (PID=59211) to work on /home/erij/Erij_Mazouz_4DS8_churn_ml_project/venv/lib/python3.8/site-packages/airflow/example_dags/example_display_name.py
[2025-03-06T23:56:12.353+0100] {processor.py:914} INFO - Processing file /home/erij/Erij_Mazouz_4DS8_churn_ml_project/venv/lib/python3.8/site-packages/airflow/example_dags/example_display_name.py for tasks to queue
[2025-03-06T23:56:12.356+0100] {logging_mixin.py:190} INFO - [2025-03-06T23:56:12.355+0100] {dagbag.py:588} INFO - Filling up the DagBag from /home/erij/Erij_Mazouz_4DS8_churn_ml_project/venv/lib/python3.8/site-packages/airflow/example_dags/example_display_name.py
[2025-03-06T23:56:12.362+0100] {processor.py:925} INFO - DAG(s) 'example_display_name' retrieved from /home/erij/Erij_Mazouz_4DS8_churn_ml_project/venv/lib/python3.8/site-packages/airflow/example_dags/example_display_name.py
[2025-03-06T23:56:12.374+0100] {logging_mixin.py:190} INFO - [2025-03-06T23:56:12.374+0100] {dag.py:3239} INFO - Sync 1 DAGs
[2025-03-06T23:56:12.385+0100] {logging_mixin.py:190} INFO - [2025-03-06T23:56:12.385+0100] {dag.py:4180} INFO - Setting next_dagrun for example_display_name to None, run_after=None
[2025-03-06T23:56:12.403+0100] {processor.py:208} INFO - Processing /home/erij/Erij_Mazouz_4DS8_churn_ml_project/venv/lib/python3.8/site-packages/airflow/example_dags/example_display_name.py took 0.057 seconds
[2025-03-06T23:57:06.600+0100] {processor.py:186} INFO - Started process (PID=59339) to work on /home/erij/Erij_Mazouz_4DS8_churn_ml_project/venv/lib/python3.8/site-packages/airflow/example_dags/example_display_name.py
[2025-03-06T23:57:06.602+0100] {processor.py:914} INFO - Processing file /home/erij/Erij_Mazouz_4DS8_churn_ml_project/venv/lib/python3.8/site-packages/airflow/example_dags/example_display_name.py for tasks to queue
[2025-03-06T23:57:06.604+0100] {logging_mixin.py:190} INFO - [2025-03-06T23:57:06.604+0100] {dagbag.py:588} INFO - Filling up the DagBag from /home/erij/Erij_Mazouz_4DS8_churn_ml_project/venv/lib/python3.8/site-packages/airflow/example_dags/example_display_name.py
[2025-03-06T23:57:06.612+0100] {processor.py:925} INFO - DAG(s) 'example_display_name' retrieved from /home/erij/Erij_Mazouz_4DS8_churn_ml_project/venv/lib/python3.8/site-packages/airflow/example_dags/example_display_name.py
[2025-03-06T23:57:06.626+0100] {logging_mixin.py:190} INFO - [2025-03-06T23:57:06.626+0100] {dag.py:3239} INFO - Sync 1 DAGs
[2025-03-06T23:57:06.638+0100] {logging_mixin.py:190} INFO - [2025-03-06T23:57:06.638+0100] {dag.py:4180} INFO - Setting next_dagrun for example_display_name to None, run_after=None
[2025-03-06T23:57:06.657+0100] {processor.py:208} INFO - Processing /home/erij/Erij_Mazouz_4DS8_churn_ml_project/venv/lib/python3.8/site-packages/airflow/example_dags/example_display_name.py took 0.064 seconds
[2025-03-06T23:58:02.858+0100] {processor.py:186} INFO - Started process (PID=59469) to work on /home/erij/Erij_Mazouz_4DS8_churn_ml_project/venv/lib/python3.8/site-packages/airflow/example_dags/example_display_name.py
[2025-03-06T23:58:02.860+0100] {processor.py:914} INFO - Processing file /home/erij/Erij_Mazouz_4DS8_churn_ml_project/venv/lib/python3.8/site-packages/airflow/example_dags/example_display_name.py for tasks to queue
[2025-03-06T23:58:02.862+0100] {logging_mixin.py:190} INFO - [2025-03-06T23:58:02.861+0100] {dagbag.py:588} INFO - Filling up the DagBag from /home/erij/Erij_Mazouz_4DS8_churn_ml_project/venv/lib/python3.8/site-packages/airflow/example_dags/example_display_name.py
[2025-03-06T23:58:02.868+0100] {processor.py:925} INFO - DAG(s) 'example_display_name' retrieved from /home/erij/Erij_Mazouz_4DS8_churn_ml_project/venv/lib/python3.8/site-packages/airflow/example_dags/example_display_name.py
[2025-03-06T23:58:02.880+0100] {logging_mixin.py:190} INFO - [2025-03-06T23:58:02.880+0100] {dag.py:3239} INFO - Sync 1 DAGs
[2025-03-06T23:58:02.891+0100] {logging_mixin.py:190} INFO - [2025-03-06T23:58:02.891+0100] {dag.py:4180} INFO - Setting next_dagrun for example_display_name to None, run_after=None
[2025-03-06T23:58:02.908+0100] {processor.py:208} INFO - Processing /home/erij/Erij_Mazouz_4DS8_churn_ml_project/venv/lib/python3.8/site-packages/airflow/example_dags/example_display_name.py took 0.055 seconds
[2025-03-06T23:58:53.801+0100] {processor.py:186} INFO - Started process (PID=59618) to work on /home/erij/Erij_Mazouz_4DS8_churn_ml_project/venv/lib/python3.8/site-packages/airflow/example_dags/example_display_name.py
[2025-03-06T23:58:53.803+0100] {processor.py:914} INFO - Processing file /home/erij/Erij_Mazouz_4DS8_churn_ml_project/venv/lib/python3.8/site-packages/airflow/example_dags/example_display_name.py for tasks to queue
[2025-03-06T23:58:53.805+0100] {logging_mixin.py:190} INFO - [2025-03-06T23:58:53.805+0100] {dagbag.py:588} INFO - Filling up the DagBag from /home/erij/Erij_Mazouz_4DS8_churn_ml_project/venv/lib/python3.8/site-packages/airflow/example_dags/example_display_name.py
[2025-03-06T23:58:53.813+0100] {processor.py:925} INFO - DAG(s) 'example_display_name' retrieved from /home/erij/Erij_Mazouz_4DS8_churn_ml_project/venv/lib/python3.8/site-packages/airflow/example_dags/example_display_name.py
[2025-03-06T23:58:53.826+0100] {logging_mixin.py:190} INFO - [2025-03-06T23:58:53.825+0100] {dag.py:3239} INFO - Sync 1 DAGs
[2025-03-06T23:58:53.838+0100] {logging_mixin.py:190} INFO - [2025-03-06T23:58:53.838+0100] {dag.py:4180} INFO - Setting next_dagrun for example_display_name to None, run_after=None
[2025-03-06T23:58:53.857+0100] {processor.py:208} INFO - Processing /home/erij/Erij_Mazouz_4DS8_churn_ml_project/venv/lib/python3.8/site-packages/airflow/example_dags/example_display_name.py took 0.063 seconds
[2025-03-06T23:59:44.604+0100] {processor.py:186} INFO - Started process (PID=59767) to work on /home/erij/Erij_Mazouz_4DS8_churn_ml_project/venv/lib/python3.8/site-packages/airflow/example_dags/example_display_name.py
[2025-03-06T23:59:44.606+0100] {processor.py:914} INFO - Processing file /home/erij/Erij_Mazouz_4DS8_churn_ml_project/venv/lib/python3.8/site-packages/airflow/example_dags/example_display_name.py for tasks to queue
[2025-03-06T23:59:44.608+0100] {logging_mixin.py:190} INFO - [2025-03-06T23:59:44.608+0100] {dagbag.py:588} INFO - Filling up the DagBag from /home/erij/Erij_Mazouz_4DS8_churn_ml_project/venv/lib/python3.8/site-packages/airflow/example_dags/example_display_name.py
[2025-03-06T23:59:44.615+0100] {processor.py:925} INFO - DAG(s) 'example_display_name' retrieved from /home/erij/Erij_Mazouz_4DS8_churn_ml_project/venv/lib/python3.8/site-packages/airflow/example_dags/example_display_name.py
[2025-03-06T23:59:44.626+0100] {logging_mixin.py:190} INFO - [2025-03-06T23:59:44.625+0100] {dag.py:3239} INFO - Sync 1 DAGs
[2025-03-06T23:59:44.636+0100] {logging_mixin.py:190} INFO - [2025-03-06T23:59:44.635+0100] {dag.py:4180} INFO - Setting next_dagrun for example_display_name to None, run_after=None
[2025-03-06T23:59:44.652+0100] {processor.py:208} INFO - Processing /home/erij/Erij_Mazouz_4DS8_churn_ml_project/venv/lib/python3.8/site-packages/airflow/example_dags/example_display_name.py took 0.053 seconds
[2025-03-07T00:00:37.718+0100] {processor.py:186} INFO - Started process (PID=59964) to work on /home/erij/Erij_Mazouz_4DS8_churn_ml_project/venv/lib/python3.8/site-packages/airflow/example_dags/example_display_name.py
[2025-03-07T00:00:37.720+0100] {processor.py:914} INFO - Processing file /home/erij/Erij_Mazouz_4DS8_churn_ml_project/venv/lib/python3.8/site-packages/airflow/example_dags/example_display_name.py for tasks to queue
[2025-03-07T00:00:37.722+0100] {logging_mixin.py:190} INFO - [2025-03-07T00:00:37.722+0100] {dagbag.py:588} INFO - Filling up the DagBag from /home/erij/Erij_Mazouz_4DS8_churn_ml_project/venv/lib/python3.8/site-packages/airflow/example_dags/example_display_name.py
[2025-03-07T00:00:37.729+0100] {processor.py:925} INFO - DAG(s) 'example_display_name' retrieved from /home/erij/Erij_Mazouz_4DS8_churn_ml_project/venv/lib/python3.8/site-packages/airflow/example_dags/example_display_name.py
[2025-03-07T00:00:37.743+0100] {logging_mixin.py:190} INFO - [2025-03-07T00:00:37.743+0100] {dag.py:3239} INFO - Sync 1 DAGs
[2025-03-07T00:00:37.756+0100] {logging_mixin.py:190} INFO - [2025-03-07T00:00:37.755+0100] {dag.py:4180} INFO - Setting next_dagrun for example_display_name to None, run_after=None
[2025-03-07T00:00:37.776+0100] {processor.py:208} INFO - Processing /home/erij/Erij_Mazouz_4DS8_churn_ml_project/venv/lib/python3.8/site-packages/airflow/example_dags/example_display_name.py took 0.064 seconds
[2025-03-07T00:01:30.437+0100] {processor.py:186} INFO - Started process (PID=60125) to work on /home/erij/Erij_Mazouz_4DS8_churn_ml_project/venv/lib/python3.8/site-packages/airflow/example_dags/example_display_name.py
[2025-03-07T00:01:30.438+0100] {processor.py:914} INFO - Processing file /home/erij/Erij_Mazouz_4DS8_churn_ml_project/venv/lib/python3.8/site-packages/airflow/example_dags/example_display_name.py for tasks to queue
[2025-03-07T00:01:30.441+0100] {logging_mixin.py:190} INFO - [2025-03-07T00:01:30.441+0100] {dagbag.py:588} INFO - Filling up the DagBag from /home/erij/Erij_Mazouz_4DS8_churn_ml_project/venv/lib/python3.8/site-packages/airflow/example_dags/example_display_name.py
[2025-03-07T00:01:30.448+0100] {processor.py:925} INFO - DAG(s) 'example_display_name' retrieved from /home/erij/Erij_Mazouz_4DS8_churn_ml_project/venv/lib/python3.8/site-packages/airflow/example_dags/example_display_name.py
[2025-03-07T00:01:30.462+0100] {logging_mixin.py:190} INFO - [2025-03-07T00:01:30.461+0100] {dag.py:3239} INFO - Sync 1 DAGs
[2025-03-07T00:01:30.473+0100] {logging_mixin.py:190} INFO - [2025-03-07T00:01:30.473+0100] {dag.py:4180} INFO - Setting next_dagrun for example_display_name to None, run_after=None
[2025-03-07T00:01:30.492+0100] {processor.py:208} INFO - Processing /home/erij/Erij_Mazouz_4DS8_churn_ml_project/venv/lib/python3.8/site-packages/airflow/example_dags/example_display_name.py took 0.060 seconds
[2025-03-07T00:02:27.022+0100] {processor.py:186} INFO - Started process (PID=60344) to work on /home/erij/Erij_Mazouz_4DS8_churn_ml_project/venv/lib/python3.8/site-packages/airflow/example_dags/example_display_name.py
[2025-03-07T00:02:27.024+0100] {processor.py:914} INFO - Processing file /home/erij/Erij_Mazouz_4DS8_churn_ml_project/venv/lib/python3.8/site-packages/airflow/example_dags/example_display_name.py for tasks to queue
[2025-03-07T00:02:27.026+0100] {logging_mixin.py:190} INFO - [2025-03-07T00:02:27.026+0100] {dagbag.py:588} INFO - Filling up the DagBag from /home/erij/Erij_Mazouz_4DS8_churn_ml_project/venv/lib/python3.8/site-packages/airflow/example_dags/example_display_name.py
[2025-03-07T00:02:27.033+0100] {processor.py:925} INFO - DAG(s) 'example_display_name' retrieved from /home/erij/Erij_Mazouz_4DS8_churn_ml_project/venv/lib/python3.8/site-packages/airflow/example_dags/example_display_name.py
[2025-03-07T00:02:27.045+0100] {logging_mixin.py:190} INFO - [2025-03-07T00:02:27.044+0100] {dag.py:3239} INFO - Sync 1 DAGs
[2025-03-07T00:02:27.056+0100] {logging_mixin.py:190} INFO - [2025-03-07T00:02:27.055+0100] {dag.py:4180} INFO - Setting next_dagrun for example_display_name to None, run_after=None
[2025-03-07T00:02:27.074+0100] {processor.py:208} INFO - Processing /home/erij/Erij_Mazouz_4DS8_churn_ml_project/venv/lib/python3.8/site-packages/airflow/example_dags/example_display_name.py took 0.058 seconds
