[2025-03-06T23:38:41.082+0100] {processor.py:186} INFO - Started process (PID=55663) to work on /home/erij/Erij_Mazouz_4DS8_churn_ml_project/venv/lib/python3.8/site-packages/airflow/example_dags/example_external_task_marker_dag.py
[2025-03-06T23:38:41.083+0100] {processor.py:914} INFO - Processing file /home/erij/Erij_Mazouz_4DS8_churn_ml_project/venv/lib/python3.8/site-packages/airflow/example_dags/example_external_task_marker_dag.py for tasks to queue
[2025-03-06T23:38:41.086+0100] {logging_mixin.py:190} INFO - [2025-03-06T23:38:41.086+0100] {dagbag.py:588} INFO - Filling up the DagBag from /home/erij/Erij_Mazouz_4DS8_churn_ml_project/venv/lib/python3.8/site-packages/airflow/example_dags/example_external_task_marker_dag.py
[2025-03-06T23:38:41.097+0100] {processor.py:925} INFO - DAG(s) 'example_external_task_marker_parent', 'example_external_task_marker_child' retrieved from /home/erij/Erij_Mazouz_4DS8_churn_ml_project/venv/lib/python3.8/site-packages/airflow/example_dags/example_external_task_marker_dag.py
[2025-03-06T23:38:41.120+0100] {logging_mixin.py:190} INFO - [2025-03-06T23:38:41.120+0100] {dag.py:3239} INFO - Sync 2 DAGs
[2025-03-06T23:38:41.135+0100] {logging_mixin.py:190} INFO - [2025-03-06T23:38:41.134+0100] {dag.py:4180} INFO - Setting next_dagrun for example_external_task_marker_child to None, run_after=None
[2025-03-06T23:38:41.138+0100] {logging_mixin.py:190} INFO - [2025-03-06T23:38:41.138+0100] {dag.py:4180} INFO - Setting next_dagrun for example_external_task_marker_parent to None, run_after=None
[2025-03-06T23:38:41.158+0100] {processor.py:208} INFO - Processing /home/erij/Erij_Mazouz_4DS8_churn_ml_project/venv/lib/python3.8/site-packages/airflow/example_dags/example_external_task_marker_dag.py took 0.085 seconds
[2025-03-06T23:40:27.531+0100] {processor.py:186} INFO - Started process (PID=56471) to work on /home/erij/Erij_Mazouz_4DS8_churn_ml_project/venv/lib/python3.8/site-packages/airflow/example_dags/example_external_task_marker_dag.py
[2025-03-06T23:40:27.532+0100] {processor.py:914} INFO - Processing file /home/erij/Erij_Mazouz_4DS8_churn_ml_project/venv/lib/python3.8/site-packages/airflow/example_dags/example_external_task_marker_dag.py for tasks to queue
[2025-03-06T23:40:27.534+0100] {logging_mixin.py:190} INFO - [2025-03-06T23:40:27.534+0100] {dagbag.py:588} INFO - Filling up the DagBag from /home/erij/Erij_Mazouz_4DS8_churn_ml_project/venv/lib/python3.8/site-packages/airflow/example_dags/example_external_task_marker_dag.py
[2025-03-06T23:40:27.542+0100] {processor.py:925} INFO - DAG(s) 'example_external_task_marker_child', 'example_external_task_marker_parent' retrieved from /home/erij/Erij_Mazouz_4DS8_churn_ml_project/venv/lib/python3.8/site-packages/airflow/example_dags/example_external_task_marker_dag.py
[2025-03-06T23:40:27.561+0100] {logging_mixin.py:190} INFO - [2025-03-06T23:40:27.560+0100] {dag.py:3239} INFO - Sync 2 DAGs
[2025-03-06T23:40:27.574+0100] {logging_mixin.py:190} INFO - [2025-03-06T23:40:27.574+0100] {dag.py:4180} INFO - Setting next_dagrun for example_external_task_marker_child to None, run_after=None
[2025-03-06T23:40:27.577+0100] {logging_mixin.py:190} INFO - [2025-03-06T23:40:27.576+0100] {dag.py:4180} INFO - Setting next_dagrun for example_external_task_marker_parent to None, run_after=None
[2025-03-06T23:40:27.592+0100] {processor.py:208} INFO - Processing /home/erij/Erij_Mazouz_4DS8_churn_ml_project/venv/lib/python3.8/site-packages/airflow/example_dags/example_external_task_marker_dag.py took 0.066 seconds
[2025-03-06T23:41:12.258+0100] {processor.py:186} INFO - Started process (PID=56570) to work on /home/erij/Erij_Mazouz_4DS8_churn_ml_project/venv/lib/python3.8/site-packages/airflow/example_dags/example_external_task_marker_dag.py
[2025-03-06T23:41:12.261+0100] {processor.py:914} INFO - Processing file /home/erij/Erij_Mazouz_4DS8_churn_ml_project/venv/lib/python3.8/site-packages/airflow/example_dags/example_external_task_marker_dag.py for tasks to queue
[2025-03-06T23:41:12.263+0100] {logging_mixin.py:190} INFO - [2025-03-06T23:41:12.263+0100] {dagbag.py:588} INFO - Filling up the DagBag from /home/erij/Erij_Mazouz_4DS8_churn_ml_project/venv/lib/python3.8/site-packages/airflow/example_dags/example_external_task_marker_dag.py
[2025-03-06T23:41:12.271+0100] {processor.py:925} INFO - DAG(s) 'example_external_task_marker_parent', 'example_external_task_marker_child' retrieved from /home/erij/Erij_Mazouz_4DS8_churn_ml_project/venv/lib/python3.8/site-packages/airflow/example_dags/example_external_task_marker_dag.py
[2025-03-06T23:41:12.288+0100] {logging_mixin.py:190} INFO - [2025-03-06T23:41:12.287+0100] {dag.py:3239} INFO - Sync 2 DAGs
[2025-03-06T23:41:12.300+0100] {logging_mixin.py:190} INFO - [2025-03-06T23:41:12.299+0100] {dag.py:4180} INFO - Setting next_dagrun for example_external_task_marker_child to None, run_after=None
[2025-03-06T23:41:12.302+0100] {logging_mixin.py:190} INFO - [2025-03-06T23:41:12.302+0100] {dag.py:4180} INFO - Setting next_dagrun for example_external_task_marker_parent to None, run_after=None
[2025-03-06T23:41:12.318+0100] {processor.py:208} INFO - Processing /home/erij/Erij_Mazouz_4DS8_churn_ml_project/venv/lib/python3.8/site-packages/airflow/example_dags/example_external_task_marker_dag.py took 0.066 seconds
[2025-03-06T23:42:08.810+0100] {processor.py:186} INFO - Started process (PID=56712) to work on /home/erij/Erij_Mazouz_4DS8_churn_ml_project/venv/lib/python3.8/site-packages/airflow/example_dags/example_external_task_marker_dag.py
[2025-03-06T23:42:08.811+0100] {processor.py:914} INFO - Processing file /home/erij/Erij_Mazouz_4DS8_churn_ml_project/venv/lib/python3.8/site-packages/airflow/example_dags/example_external_task_marker_dag.py for tasks to queue
[2025-03-06T23:42:08.813+0100] {logging_mixin.py:190} INFO - [2025-03-06T23:42:08.813+0100] {dagbag.py:588} INFO - Filling up the DagBag from /home/erij/Erij_Mazouz_4DS8_churn_ml_project/venv/lib/python3.8/site-packages/airflow/example_dags/example_external_task_marker_dag.py
[2025-03-06T23:42:08.821+0100] {processor.py:925} INFO - DAG(s) 'example_external_task_marker_child', 'example_external_task_marker_parent' retrieved from /home/erij/Erij_Mazouz_4DS8_churn_ml_project/venv/lib/python3.8/site-packages/airflow/example_dags/example_external_task_marker_dag.py
[2025-03-06T23:42:08.837+0100] {logging_mixin.py:190} INFO - [2025-03-06T23:42:08.837+0100] {dag.py:3239} INFO - Sync 2 DAGs
[2025-03-06T23:42:08.850+0100] {logging_mixin.py:190} INFO - [2025-03-06T23:42:08.849+0100] {dag.py:4180} INFO - Setting next_dagrun for example_external_task_marker_child to None, run_after=None
[2025-03-06T23:42:08.852+0100] {logging_mixin.py:190} INFO - [2025-03-06T23:42:08.852+0100] {dag.py:4180} INFO - Setting next_dagrun for example_external_task_marker_parent to None, run_after=None
[2025-03-06T23:42:08.871+0100] {processor.py:208} INFO - Processing /home/erij/Erij_Mazouz_4DS8_churn_ml_project/venv/lib/python3.8/site-packages/airflow/example_dags/example_external_task_marker_dag.py took 0.066 seconds
[2025-03-06T23:43:01.425+0100] {processor.py:186} INFO - Started process (PID=56831) to work on /home/erij/Erij_Mazouz_4DS8_churn_ml_project/venv/lib/python3.8/site-packages/airflow/example_dags/example_external_task_marker_dag.py
[2025-03-06T23:43:01.427+0100] {processor.py:914} INFO - Processing file /home/erij/Erij_Mazouz_4DS8_churn_ml_project/venv/lib/python3.8/site-packages/airflow/example_dags/example_external_task_marker_dag.py for tasks to queue
[2025-03-06T23:43:01.429+0100] {logging_mixin.py:190} INFO - [2025-03-06T23:43:01.428+0100] {dagbag.py:588} INFO - Filling up the DagBag from /home/erij/Erij_Mazouz_4DS8_churn_ml_project/venv/lib/python3.8/site-packages/airflow/example_dags/example_external_task_marker_dag.py
[2025-03-06T23:43:01.435+0100] {processor.py:925} INFO - DAG(s) 'example_external_task_marker_child', 'example_external_task_marker_parent' retrieved from /home/erij/Erij_Mazouz_4DS8_churn_ml_project/venv/lib/python3.8/site-packages/airflow/example_dags/example_external_task_marker_dag.py
[2025-03-06T23:43:01.449+0100] {logging_mixin.py:190} INFO - [2025-03-06T23:43:01.449+0100] {dag.py:3239} INFO - Sync 2 DAGs
[2025-03-06T23:43:01.459+0100] {logging_mixin.py:190} INFO - [2025-03-06T23:43:01.459+0100] {dag.py:4180} INFO - Setting next_dagrun for example_external_task_marker_child to None, run_after=None
[2025-03-06T23:43:01.461+0100] {logging_mixin.py:190} INFO - [2025-03-06T23:43:01.461+0100] {dag.py:4180} INFO - Setting next_dagrun for example_external_task_marker_parent to None, run_after=None
[2025-03-06T23:43:01.477+0100] {processor.py:208} INFO - Processing /home/erij/Erij_Mazouz_4DS8_churn_ml_project/venv/lib/python3.8/site-packages/airflow/example_dags/example_external_task_marker_dag.py took 0.057 seconds
[2025-03-06T23:43:53.832+0100] {processor.py:186} INFO - Started process (PID=56944) to work on /home/erij/Erij_Mazouz_4DS8_churn_ml_project/venv/lib/python3.8/site-packages/airflow/example_dags/example_external_task_marker_dag.py
[2025-03-06T23:43:53.833+0100] {processor.py:914} INFO - Processing file /home/erij/Erij_Mazouz_4DS8_churn_ml_project/venv/lib/python3.8/site-packages/airflow/example_dags/example_external_task_marker_dag.py for tasks to queue
[2025-03-06T23:43:53.835+0100] {logging_mixin.py:190} INFO - [2025-03-06T23:43:53.835+0100] {dagbag.py:588} INFO - Filling up the DagBag from /home/erij/Erij_Mazouz_4DS8_churn_ml_project/venv/lib/python3.8/site-packages/airflow/example_dags/example_external_task_marker_dag.py
[2025-03-06T23:43:53.843+0100] {processor.py:925} INFO - DAG(s) 'example_external_task_marker_child', 'example_external_task_marker_parent' retrieved from /home/erij/Erij_Mazouz_4DS8_churn_ml_project/venv/lib/python3.8/site-packages/airflow/example_dags/example_external_task_marker_dag.py
[2025-03-06T23:43:53.861+0100] {logging_mixin.py:190} INFO - [2025-03-06T23:43:53.861+0100] {dag.py:3239} INFO - Sync 2 DAGs
[2025-03-06T23:43:53.874+0100] {logging_mixin.py:190} INFO - [2025-03-06T23:43:53.873+0100] {dag.py:4180} INFO - Setting next_dagrun for example_external_task_marker_child to None, run_after=None
[2025-03-06T23:43:53.877+0100] {logging_mixin.py:190} INFO - [2025-03-06T23:43:53.877+0100] {dag.py:4180} INFO - Setting next_dagrun for example_external_task_marker_parent to None, run_after=None
[2025-03-06T23:43:53.896+0100] {processor.py:208} INFO - Processing /home/erij/Erij_Mazouz_4DS8_churn_ml_project/venv/lib/python3.8/site-packages/airflow/example_dags/example_external_task_marker_dag.py took 0.070 seconds
[2025-03-06T23:44:47.930+0100] {processor.py:186} INFO - Started process (PID=57106) to work on /home/erij/Erij_Mazouz_4DS8_churn_ml_project/venv/lib/python3.8/site-packages/airflow/example_dags/example_external_task_marker_dag.py
[2025-03-06T23:44:47.933+0100] {processor.py:914} INFO - Processing file /home/erij/Erij_Mazouz_4DS8_churn_ml_project/venv/lib/python3.8/site-packages/airflow/example_dags/example_external_task_marker_dag.py for tasks to queue
[2025-03-06T23:44:47.935+0100] {logging_mixin.py:190} INFO - [2025-03-06T23:44:47.935+0100] {dagbag.py:588} INFO - Filling up the DagBag from /home/erij/Erij_Mazouz_4DS8_churn_ml_project/venv/lib/python3.8/site-packages/airflow/example_dags/example_external_task_marker_dag.py
[2025-03-06T23:44:47.941+0100] {processor.py:925} INFO - DAG(s) 'example_external_task_marker_parent', 'example_external_task_marker_child' retrieved from /home/erij/Erij_Mazouz_4DS8_churn_ml_project/venv/lib/python3.8/site-packages/airflow/example_dags/example_external_task_marker_dag.py
[2025-03-06T23:44:47.954+0100] {logging_mixin.py:190} INFO - [2025-03-06T23:44:47.954+0100] {dag.py:3239} INFO - Sync 2 DAGs
[2025-03-06T23:44:47.965+0100] {logging_mixin.py:190} INFO - [2025-03-06T23:44:47.964+0100] {dag.py:4180} INFO - Setting next_dagrun for example_external_task_marker_child to None, run_after=None
[2025-03-06T23:44:47.967+0100] {logging_mixin.py:190} INFO - [2025-03-06T23:44:47.967+0100] {dag.py:4180} INFO - Setting next_dagrun for example_external_task_marker_parent to None, run_after=None
[2025-03-06T23:44:47.992+0100] {processor.py:208} INFO - Processing /home/erij/Erij_Mazouz_4DS8_churn_ml_project/venv/lib/python3.8/site-packages/airflow/example_dags/example_external_task_marker_dag.py took 0.066 seconds
[2025-03-06T23:45:44.989+0100] {processor.py:186} INFO - Started process (PID=57229) to work on /home/erij/Erij_Mazouz_4DS8_churn_ml_project/venv/lib/python3.8/site-packages/airflow/example_dags/example_external_task_marker_dag.py
[2025-03-06T23:45:44.991+0100] {processor.py:914} INFO - Processing file /home/erij/Erij_Mazouz_4DS8_churn_ml_project/venv/lib/python3.8/site-packages/airflow/example_dags/example_external_task_marker_dag.py for tasks to queue
[2025-03-06T23:45:44.993+0100] {logging_mixin.py:190} INFO - [2025-03-06T23:45:44.993+0100] {dagbag.py:588} INFO - Filling up the DagBag from /home/erij/Erij_Mazouz_4DS8_churn_ml_project/venv/lib/python3.8/site-packages/airflow/example_dags/example_external_task_marker_dag.py
[2025-03-06T23:45:45.000+0100] {processor.py:925} INFO - DAG(s) 'example_external_task_marker_parent', 'example_external_task_marker_child' retrieved from /home/erij/Erij_Mazouz_4DS8_churn_ml_project/venv/lib/python3.8/site-packages/airflow/example_dags/example_external_task_marker_dag.py
[2025-03-06T23:45:45.013+0100] {logging_mixin.py:190} INFO - [2025-03-06T23:45:45.013+0100] {dag.py:3239} INFO - Sync 2 DAGs
[2025-03-06T23:45:45.023+0100] {logging_mixin.py:190} INFO - [2025-03-06T23:45:45.023+0100] {dag.py:4180} INFO - Setting next_dagrun for example_external_task_marker_child to None, run_after=None
[2025-03-06T23:45:45.026+0100] {logging_mixin.py:190} INFO - [2025-03-06T23:45:45.026+0100] {dag.py:4180} INFO - Setting next_dagrun for example_external_task_marker_parent to None, run_after=None
[2025-03-06T23:45:45.057+0100] {processor.py:208} INFO - Processing /home/erij/Erij_Mazouz_4DS8_churn_ml_project/venv/lib/python3.8/site-packages/airflow/example_dags/example_external_task_marker_dag.py took 0.073 seconds
[2025-03-06T23:46:42.574+0100] {processor.py:186} INFO - Started process (PID=57338) to work on /home/erij/Erij_Mazouz_4DS8_churn_ml_project/venv/lib/python3.8/site-packages/airflow/example_dags/example_external_task_marker_dag.py
[2025-03-06T23:46:42.577+0100] {processor.py:914} INFO - Processing file /home/erij/Erij_Mazouz_4DS8_churn_ml_project/venv/lib/python3.8/site-packages/airflow/example_dags/example_external_task_marker_dag.py for tasks to queue
[2025-03-06T23:46:42.579+0100] {logging_mixin.py:190} INFO - [2025-03-06T23:46:42.578+0100] {dagbag.py:588} INFO - Filling up the DagBag from /home/erij/Erij_Mazouz_4DS8_churn_ml_project/venv/lib/python3.8/site-packages/airflow/example_dags/example_external_task_marker_dag.py
[2025-03-06T23:46:42.585+0100] {processor.py:925} INFO - DAG(s) 'example_external_task_marker_parent', 'example_external_task_marker_child' retrieved from /home/erij/Erij_Mazouz_4DS8_churn_ml_project/venv/lib/python3.8/site-packages/airflow/example_dags/example_external_task_marker_dag.py
[2025-03-06T23:46:42.597+0100] {logging_mixin.py:190} INFO - [2025-03-06T23:46:42.597+0100] {dag.py:3239} INFO - Sync 2 DAGs
[2025-03-06T23:46:42.607+0100] {logging_mixin.py:190} INFO - [2025-03-06T23:46:42.607+0100] {dag.py:4180} INFO - Setting next_dagrun for example_external_task_marker_child to None, run_after=None
[2025-03-06T23:46:42.609+0100] {logging_mixin.py:190} INFO - [2025-03-06T23:46:42.609+0100] {dag.py:4180} INFO - Setting next_dagrun for example_external_task_marker_parent to None, run_after=None
[2025-03-06T23:46:42.624+0100] {processor.py:208} INFO - Processing /home/erij/Erij_Mazouz_4DS8_churn_ml_project/venv/lib/python3.8/site-packages/airflow/example_dags/example_external_task_marker_dag.py took 0.054 seconds
[2025-03-06T23:47:37.540+0100] {processor.py:186} INFO - Started process (PID=57457) to work on /home/erij/Erij_Mazouz_4DS8_churn_ml_project/venv/lib/python3.8/site-packages/airflow/example_dags/example_external_task_marker_dag.py
[2025-03-06T23:47:37.542+0100] {processor.py:914} INFO - Processing file /home/erij/Erij_Mazouz_4DS8_churn_ml_project/venv/lib/python3.8/site-packages/airflow/example_dags/example_external_task_marker_dag.py for tasks to queue
[2025-03-06T23:47:37.543+0100] {logging_mixin.py:190} INFO - [2025-03-06T23:47:37.543+0100] {dagbag.py:588} INFO - Filling up the DagBag from /home/erij/Erij_Mazouz_4DS8_churn_ml_project/venv/lib/python3.8/site-packages/airflow/example_dags/example_external_task_marker_dag.py
[2025-03-06T23:47:37.551+0100] {processor.py:925} INFO - DAG(s) 'example_external_task_marker_parent', 'example_external_task_marker_child' retrieved from /home/erij/Erij_Mazouz_4DS8_churn_ml_project/venv/lib/python3.8/site-packages/airflow/example_dags/example_external_task_marker_dag.py
[2025-03-06T23:47:37.564+0100] {logging_mixin.py:190} INFO - [2025-03-06T23:47:37.564+0100] {dag.py:3239} INFO - Sync 2 DAGs
[2025-03-06T23:47:37.575+0100] {logging_mixin.py:190} INFO - [2025-03-06T23:47:37.575+0100] {dag.py:4180} INFO - Setting next_dagrun for example_external_task_marker_child to None, run_after=None
[2025-03-06T23:47:37.578+0100] {logging_mixin.py:190} INFO - [2025-03-06T23:47:37.577+0100] {dag.py:4180} INFO - Setting next_dagrun for example_external_task_marker_parent to None, run_after=None
[2025-03-06T23:47:37.594+0100] {processor.py:208} INFO - Processing /home/erij/Erij_Mazouz_4DS8_churn_ml_project/venv/lib/python3.8/site-packages/airflow/example_dags/example_external_task_marker_dag.py took 0.059 seconds
[2025-03-06T23:48:35.571+0100] {processor.py:186} INFO - Started process (PID=57574) to work on /home/erij/Erij_Mazouz_4DS8_churn_ml_project/venv/lib/python3.8/site-packages/airflow/example_dags/example_external_task_marker_dag.py
[2025-03-06T23:48:35.573+0100] {processor.py:914} INFO - Processing file /home/erij/Erij_Mazouz_4DS8_churn_ml_project/venv/lib/python3.8/site-packages/airflow/example_dags/example_external_task_marker_dag.py for tasks to queue
[2025-03-06T23:48:35.575+0100] {logging_mixin.py:190} INFO - [2025-03-06T23:48:35.575+0100] {dagbag.py:588} INFO - Filling up the DagBag from /home/erij/Erij_Mazouz_4DS8_churn_ml_project/venv/lib/python3.8/site-packages/airflow/example_dags/example_external_task_marker_dag.py
[2025-03-06T23:48:35.582+0100] {processor.py:925} INFO - DAG(s) 'example_external_task_marker_parent', 'example_external_task_marker_child' retrieved from /home/erij/Erij_Mazouz_4DS8_churn_ml_project/venv/lib/python3.8/site-packages/airflow/example_dags/example_external_task_marker_dag.py
[2025-03-06T23:48:35.595+0100] {logging_mixin.py:190} INFO - [2025-03-06T23:48:35.594+0100] {dag.py:3239} INFO - Sync 2 DAGs
[2025-03-06T23:48:35.605+0100] {logging_mixin.py:190} INFO - [2025-03-06T23:48:35.604+0100] {dag.py:4180} INFO - Setting next_dagrun for example_external_task_marker_child to None, run_after=None
[2025-03-06T23:48:35.607+0100] {logging_mixin.py:190} INFO - [2025-03-06T23:48:35.607+0100] {dag.py:4180} INFO - Setting next_dagrun for example_external_task_marker_parent to None, run_after=None
[2025-03-06T23:48:35.623+0100] {processor.py:208} INFO - Processing /home/erij/Erij_Mazouz_4DS8_churn_ml_project/venv/lib/python3.8/site-packages/airflow/example_dags/example_external_task_marker_dag.py took 0.056 seconds
[2025-03-06T23:49:30.748+0100] {processor.py:186} INFO - Started process (PID=57684) to work on /home/erij/Erij_Mazouz_4DS8_churn_ml_project/venv/lib/python3.8/site-packages/airflow/example_dags/example_external_task_marker_dag.py
[2025-03-06T23:49:30.749+0100] {processor.py:914} INFO - Processing file /home/erij/Erij_Mazouz_4DS8_churn_ml_project/venv/lib/python3.8/site-packages/airflow/example_dags/example_external_task_marker_dag.py for tasks to queue
[2025-03-06T23:49:30.751+0100] {logging_mixin.py:190} INFO - [2025-03-06T23:49:30.751+0100] {dagbag.py:588} INFO - Filling up the DagBag from /home/erij/Erij_Mazouz_4DS8_churn_ml_project/venv/lib/python3.8/site-packages/airflow/example_dags/example_external_task_marker_dag.py
[2025-03-06T23:49:30.758+0100] {processor.py:925} INFO - DAG(s) 'example_external_task_marker_child', 'example_external_task_marker_parent' retrieved from /home/erij/Erij_Mazouz_4DS8_churn_ml_project/venv/lib/python3.8/site-packages/airflow/example_dags/example_external_task_marker_dag.py
[2025-03-06T23:49:30.773+0100] {logging_mixin.py:190} INFO - [2025-03-06T23:49:30.772+0100] {dag.py:3239} INFO - Sync 2 DAGs
[2025-03-06T23:49:30.784+0100] {logging_mixin.py:190} INFO - [2025-03-06T23:49:30.784+0100] {dag.py:4180} INFO - Setting next_dagrun for example_external_task_marker_child to None, run_after=None
[2025-03-06T23:49:30.787+0100] {logging_mixin.py:190} INFO - [2025-03-06T23:49:30.786+0100] {dag.py:4180} INFO - Setting next_dagrun for example_external_task_marker_parent to None, run_after=None
[2025-03-06T23:49:30.804+0100] {processor.py:208} INFO - Processing /home/erij/Erij_Mazouz_4DS8_churn_ml_project/venv/lib/python3.8/site-packages/airflow/example_dags/example_external_task_marker_dag.py took 0.061 seconds
[2025-03-06T23:50:26.137+0100] {processor.py:186} INFO - Started process (PID=57798) to work on /home/erij/Erij_Mazouz_4DS8_churn_ml_project/venv/lib/python3.8/site-packages/airflow/example_dags/example_external_task_marker_dag.py
[2025-03-06T23:50:26.140+0100] {processor.py:914} INFO - Processing file /home/erij/Erij_Mazouz_4DS8_churn_ml_project/venv/lib/python3.8/site-packages/airflow/example_dags/example_external_task_marker_dag.py for tasks to queue
[2025-03-06T23:50:26.142+0100] {logging_mixin.py:190} INFO - [2025-03-06T23:50:26.141+0100] {dagbag.py:588} INFO - Filling up the DagBag from /home/erij/Erij_Mazouz_4DS8_churn_ml_project/venv/lib/python3.8/site-packages/airflow/example_dags/example_external_task_marker_dag.py
[2025-03-06T23:50:26.148+0100] {processor.py:925} INFO - DAG(s) 'example_external_task_marker_parent', 'example_external_task_marker_child' retrieved from /home/erij/Erij_Mazouz_4DS8_churn_ml_project/venv/lib/python3.8/site-packages/airflow/example_dags/example_external_task_marker_dag.py
[2025-03-06T23:50:26.163+0100] {logging_mixin.py:190} INFO - [2025-03-06T23:50:26.162+0100] {dag.py:3239} INFO - Sync 2 DAGs
[2025-03-06T23:50:26.174+0100] {logging_mixin.py:190} INFO - [2025-03-06T23:50:26.174+0100] {dag.py:4180} INFO - Setting next_dagrun for example_external_task_marker_child to None, run_after=None
[2025-03-06T23:50:26.176+0100] {logging_mixin.py:190} INFO - [2025-03-06T23:50:26.176+0100] {dag.py:4180} INFO - Setting next_dagrun for example_external_task_marker_parent to None, run_after=None
[2025-03-06T23:50:26.193+0100] {processor.py:208} INFO - Processing /home/erij/Erij_Mazouz_4DS8_churn_ml_project/venv/lib/python3.8/site-packages/airflow/example_dags/example_external_task_marker_dag.py took 0.061 seconds
[2025-03-06T23:51:22.066+0100] {processor.py:186} INFO - Started process (PID=57907) to work on /home/erij/Erij_Mazouz_4DS8_churn_ml_project/venv/lib/python3.8/site-packages/airflow/example_dags/example_external_task_marker_dag.py
[2025-03-06T23:51:22.068+0100] {processor.py:914} INFO - Processing file /home/erij/Erij_Mazouz_4DS8_churn_ml_project/venv/lib/python3.8/site-packages/airflow/example_dags/example_external_task_marker_dag.py for tasks to queue
[2025-03-06T23:51:22.070+0100] {logging_mixin.py:190} INFO - [2025-03-06T23:51:22.070+0100] {dagbag.py:588} INFO - Filling up the DagBag from /home/erij/Erij_Mazouz_4DS8_churn_ml_project/venv/lib/python3.8/site-packages/airflow/example_dags/example_external_task_marker_dag.py
[2025-03-06T23:51:22.078+0100] {processor.py:925} INFO - DAG(s) 'example_external_task_marker_parent', 'example_external_task_marker_child' retrieved from /home/erij/Erij_Mazouz_4DS8_churn_ml_project/venv/lib/python3.8/site-packages/airflow/example_dags/example_external_task_marker_dag.py
[2025-03-06T23:51:22.093+0100] {logging_mixin.py:190} INFO - [2025-03-06T23:51:22.093+0100] {dag.py:3239} INFO - Sync 2 DAGs
[2025-03-06T23:51:22.106+0100] {logging_mixin.py:190} INFO - [2025-03-06T23:51:22.105+0100] {dag.py:4180} INFO - Setting next_dagrun for example_external_task_marker_child to None, run_after=None
[2025-03-06T23:51:22.109+0100] {logging_mixin.py:190} INFO - [2025-03-06T23:51:22.108+0100] {dag.py:4180} INFO - Setting next_dagrun for example_external_task_marker_parent to None, run_after=None
[2025-03-06T23:51:22.127+0100] {processor.py:208} INFO - Processing /home/erij/Erij_Mazouz_4DS8_churn_ml_project/venv/lib/python3.8/site-packages/airflow/example_dags/example_external_task_marker_dag.py took 0.066 seconds
[2025-03-06T23:52:16.501+0100] {processor.py:186} INFO - Started process (PID=58026) to work on /home/erij/Erij_Mazouz_4DS8_churn_ml_project/venv/lib/python3.8/site-packages/airflow/example_dags/example_external_task_marker_dag.py
[2025-03-06T23:52:16.503+0100] {processor.py:914} INFO - Processing file /home/erij/Erij_Mazouz_4DS8_churn_ml_project/venv/lib/python3.8/site-packages/airflow/example_dags/example_external_task_marker_dag.py for tasks to queue
[2025-03-06T23:52:16.505+0100] {logging_mixin.py:190} INFO - [2025-03-06T23:52:16.505+0100] {dagbag.py:588} INFO - Filling up the DagBag from /home/erij/Erij_Mazouz_4DS8_churn_ml_project/venv/lib/python3.8/site-packages/airflow/example_dags/example_external_task_marker_dag.py
[2025-03-06T23:52:16.512+0100] {processor.py:925} INFO - DAG(s) 'example_external_task_marker_child', 'example_external_task_marker_parent' retrieved from /home/erij/Erij_Mazouz_4DS8_churn_ml_project/venv/lib/python3.8/site-packages/airflow/example_dags/example_external_task_marker_dag.py
[2025-03-06T23:52:16.527+0100] {logging_mixin.py:190} INFO - [2025-03-06T23:52:16.526+0100] {dag.py:3239} INFO - Sync 2 DAGs
[2025-03-06T23:52:16.538+0100] {logging_mixin.py:190} INFO - [2025-03-06T23:52:16.538+0100] {dag.py:4180} INFO - Setting next_dagrun for example_external_task_marker_child to None, run_after=None
[2025-03-06T23:52:16.541+0100] {logging_mixin.py:190} INFO - [2025-03-06T23:52:16.540+0100] {dag.py:4180} INFO - Setting next_dagrun for example_external_task_marker_parent to None, run_after=None
[2025-03-06T23:52:16.557+0100] {processor.py:208} INFO - Processing /home/erij/Erij_Mazouz_4DS8_churn_ml_project/venv/lib/python3.8/site-packages/airflow/example_dags/example_external_task_marker_dag.py took 0.061 seconds
[2025-03-06T23:53:13.920+0100] {processor.py:186} INFO - Started process (PID=58135) to work on /home/erij/Erij_Mazouz_4DS8_churn_ml_project/venv/lib/python3.8/site-packages/airflow/example_dags/example_external_task_marker_dag.py
[2025-03-06T23:53:13.923+0100] {processor.py:914} INFO - Processing file /home/erij/Erij_Mazouz_4DS8_churn_ml_project/venv/lib/python3.8/site-packages/airflow/example_dags/example_external_task_marker_dag.py for tasks to queue
[2025-03-06T23:53:13.925+0100] {logging_mixin.py:190} INFO - [2025-03-06T23:53:13.924+0100] {dagbag.py:588} INFO - Filling up the DagBag from /home/erij/Erij_Mazouz_4DS8_churn_ml_project/venv/lib/python3.8/site-packages/airflow/example_dags/example_external_task_marker_dag.py
[2025-03-06T23:53:13.933+0100] {processor.py:925} INFO - DAG(s) 'example_external_task_marker_parent', 'example_external_task_marker_child' retrieved from /home/erij/Erij_Mazouz_4DS8_churn_ml_project/venv/lib/python3.8/site-packages/airflow/example_dags/example_external_task_marker_dag.py
[2025-03-06T23:53:13.948+0100] {logging_mixin.py:190} INFO - [2025-03-06T23:53:13.948+0100] {dag.py:3239} INFO - Sync 2 DAGs
[2025-03-06T23:53:13.960+0100] {logging_mixin.py:190} INFO - [2025-03-06T23:53:13.960+0100] {dag.py:4180} INFO - Setting next_dagrun for example_external_task_marker_child to None, run_after=None
[2025-03-06T23:53:13.963+0100] {logging_mixin.py:190} INFO - [2025-03-06T23:53:13.963+0100] {dag.py:4180} INFO - Setting next_dagrun for example_external_task_marker_parent to None, run_after=None
[2025-03-06T23:53:13.980+0100] {processor.py:208} INFO - Processing /home/erij/Erij_Mazouz_4DS8_churn_ml_project/venv/lib/python3.8/site-packages/airflow/example_dags/example_external_task_marker_dag.py took 0.066 seconds
[2025-03-06T23:54:12.026+0100] {processor.py:186} INFO - Started process (PID=58276) to work on /home/erij/Erij_Mazouz_4DS8_churn_ml_project/venv/lib/python3.8/site-packages/airflow/example_dags/example_external_task_marker_dag.py
[2025-03-06T23:54:12.029+0100] {processor.py:914} INFO - Processing file /home/erij/Erij_Mazouz_4DS8_churn_ml_project/venv/lib/python3.8/site-packages/airflow/example_dags/example_external_task_marker_dag.py for tasks to queue
[2025-03-06T23:54:12.030+0100] {logging_mixin.py:190} INFO - [2025-03-06T23:54:12.030+0100] {dagbag.py:588} INFO - Filling up the DagBag from /home/erij/Erij_Mazouz_4DS8_churn_ml_project/venv/lib/python3.8/site-packages/airflow/example_dags/example_external_task_marker_dag.py
[2025-03-06T23:54:12.038+0100] {processor.py:925} INFO - DAG(s) 'example_external_task_marker_child', 'example_external_task_marker_parent' retrieved from /home/erij/Erij_Mazouz_4DS8_churn_ml_project/venv/lib/python3.8/site-packages/airflow/example_dags/example_external_task_marker_dag.py
[2025-03-06T23:54:12.052+0100] {logging_mixin.py:190} INFO - [2025-03-06T23:54:12.052+0100] {dag.py:3239} INFO - Sync 2 DAGs
[2025-03-06T23:54:12.063+0100] {logging_mixin.py:190} INFO - [2025-03-06T23:54:12.063+0100] {dag.py:4180} INFO - Setting next_dagrun for example_external_task_marker_child to None, run_after=None
[2025-03-06T23:54:12.065+0100] {logging_mixin.py:190} INFO - [2025-03-06T23:54:12.065+0100] {dag.py:4180} INFO - Setting next_dagrun for example_external_task_marker_parent to None, run_after=None
[2025-03-06T23:54:12.082+0100] {processor.py:208} INFO - Processing /home/erij/Erij_Mazouz_4DS8_churn_ml_project/venv/lib/python3.8/site-packages/airflow/example_dags/example_external_task_marker_dag.py took 0.061 seconds
[2025-03-06T23:55:09.400+0100] {processor.py:186} INFO - Started process (PID=59002) to work on /home/erij/Erij_Mazouz_4DS8_churn_ml_project/venv/lib/python3.8/site-packages/airflow/example_dags/example_external_task_marker_dag.py
[2025-03-06T23:55:09.403+0100] {processor.py:914} INFO - Processing file /home/erij/Erij_Mazouz_4DS8_churn_ml_project/venv/lib/python3.8/site-packages/airflow/example_dags/example_external_task_marker_dag.py for tasks to queue
[2025-03-06T23:55:09.406+0100] {logging_mixin.py:190} INFO - [2025-03-06T23:55:09.406+0100] {dagbag.py:588} INFO - Filling up the DagBag from /home/erij/Erij_Mazouz_4DS8_churn_ml_project/venv/lib/python3.8/site-packages/airflow/example_dags/example_external_task_marker_dag.py
[2025-03-06T23:55:09.418+0100] {processor.py:925} INFO - DAG(s) 'example_external_task_marker_child', 'example_external_task_marker_parent' retrieved from /home/erij/Erij_Mazouz_4DS8_churn_ml_project/venv/lib/python3.8/site-packages/airflow/example_dags/example_external_task_marker_dag.py
[2025-03-06T23:55:09.441+0100] {logging_mixin.py:190} INFO - [2025-03-06T23:55:09.441+0100] {dag.py:3239} INFO - Sync 2 DAGs
[2025-03-06T23:55:09.458+0100] {logging_mixin.py:190} INFO - [2025-03-06T23:55:09.458+0100] {dag.py:4180} INFO - Setting next_dagrun for example_external_task_marker_child to None, run_after=None
[2025-03-06T23:55:09.461+0100] {logging_mixin.py:190} INFO - [2025-03-06T23:55:09.461+0100] {dag.py:4180} INFO - Setting next_dagrun for example_external_task_marker_parent to None, run_after=None
[2025-03-06T23:55:09.481+0100] {processor.py:208} INFO - Processing /home/erij/Erij_Mazouz_4DS8_churn_ml_project/venv/lib/python3.8/site-packages/airflow/example_dags/example_external_task_marker_dag.py took 0.090 seconds
[2025-03-06T23:56:09.483+0100] {processor.py:186} INFO - Started process (PID=59206) to work on /home/erij/Erij_Mazouz_4DS8_churn_ml_project/venv/lib/python3.8/site-packages/airflow/example_dags/example_external_task_marker_dag.py
[2025-03-06T23:56:09.484+0100] {processor.py:914} INFO - Processing file /home/erij/Erij_Mazouz_4DS8_churn_ml_project/venv/lib/python3.8/site-packages/airflow/example_dags/example_external_task_marker_dag.py for tasks to queue
[2025-03-06T23:56:09.486+0100] {logging_mixin.py:190} INFO - [2025-03-06T23:56:09.485+0100] {dagbag.py:588} INFO - Filling up the DagBag from /home/erij/Erij_Mazouz_4DS8_churn_ml_project/venv/lib/python3.8/site-packages/airflow/example_dags/example_external_task_marker_dag.py
[2025-03-06T23:56:09.492+0100] {processor.py:925} INFO - DAG(s) 'example_external_task_marker_parent', 'example_external_task_marker_child' retrieved from /home/erij/Erij_Mazouz_4DS8_churn_ml_project/venv/lib/python3.8/site-packages/airflow/example_dags/example_external_task_marker_dag.py
[2025-03-06T23:56:09.505+0100] {logging_mixin.py:190} INFO - [2025-03-06T23:56:09.505+0100] {dag.py:3239} INFO - Sync 2 DAGs
[2025-03-06T23:56:09.514+0100] {logging_mixin.py:190} INFO - [2025-03-06T23:56:09.514+0100] {dag.py:4180} INFO - Setting next_dagrun for example_external_task_marker_child to None, run_after=None
[2025-03-06T23:56:09.516+0100] {logging_mixin.py:190} INFO - [2025-03-06T23:56:09.516+0100] {dag.py:4180} INFO - Setting next_dagrun for example_external_task_marker_parent to None, run_after=None
[2025-03-06T23:56:09.531+0100] {processor.py:208} INFO - Processing /home/erij/Erij_Mazouz_4DS8_churn_ml_project/venv/lib/python3.8/site-packages/airflow/example_dags/example_external_task_marker_dag.py took 0.053 seconds
[2025-03-06T23:57:03.776+0100] {processor.py:186} INFO - Started process (PID=59329) to work on /home/erij/Erij_Mazouz_4DS8_churn_ml_project/venv/lib/python3.8/site-packages/airflow/example_dags/example_external_task_marker_dag.py
[2025-03-06T23:57:03.778+0100] {processor.py:914} INFO - Processing file /home/erij/Erij_Mazouz_4DS8_churn_ml_project/venv/lib/python3.8/site-packages/airflow/example_dags/example_external_task_marker_dag.py for tasks to queue
[2025-03-06T23:57:03.780+0100] {logging_mixin.py:190} INFO - [2025-03-06T23:57:03.780+0100] {dagbag.py:588} INFO - Filling up the DagBag from /home/erij/Erij_Mazouz_4DS8_churn_ml_project/venv/lib/python3.8/site-packages/airflow/example_dags/example_external_task_marker_dag.py
[2025-03-06T23:57:03.787+0100] {processor.py:925} INFO - DAG(s) 'example_external_task_marker_child', 'example_external_task_marker_parent' retrieved from /home/erij/Erij_Mazouz_4DS8_churn_ml_project/venv/lib/python3.8/site-packages/airflow/example_dags/example_external_task_marker_dag.py
[2025-03-06T23:57:03.803+0100] {logging_mixin.py:190} INFO - [2025-03-06T23:57:03.803+0100] {dag.py:3239} INFO - Sync 2 DAGs
[2025-03-06T23:57:03.815+0100] {logging_mixin.py:190} INFO - [2025-03-06T23:57:03.815+0100] {dag.py:4180} INFO - Setting next_dagrun for example_external_task_marker_child to None, run_after=None
[2025-03-06T23:57:03.818+0100] {logging_mixin.py:190} INFO - [2025-03-06T23:57:03.817+0100] {dag.py:4180} INFO - Setting next_dagrun for example_external_task_marker_parent to None, run_after=None
[2025-03-06T23:57:03.834+0100] {processor.py:208} INFO - Processing /home/erij/Erij_Mazouz_4DS8_churn_ml_project/venv/lib/python3.8/site-packages/airflow/example_dags/example_external_task_marker_dag.py took 0.063 seconds
[2025-03-06T23:57:59.992+0100] {processor.py:186} INFO - Started process (PID=59464) to work on /home/erij/Erij_Mazouz_4DS8_churn_ml_project/venv/lib/python3.8/site-packages/airflow/example_dags/example_external_task_marker_dag.py
[2025-03-06T23:57:59.994+0100] {processor.py:914} INFO - Processing file /home/erij/Erij_Mazouz_4DS8_churn_ml_project/venv/lib/python3.8/site-packages/airflow/example_dags/example_external_task_marker_dag.py for tasks to queue
[2025-03-06T23:57:59.996+0100] {logging_mixin.py:190} INFO - [2025-03-06T23:57:59.995+0100] {dagbag.py:588} INFO - Filling up the DagBag from /home/erij/Erij_Mazouz_4DS8_churn_ml_project/venv/lib/python3.8/site-packages/airflow/example_dags/example_external_task_marker_dag.py
[2025-03-06T23:58:00.002+0100] {processor.py:925} INFO - DAG(s) 'example_external_task_marker_parent', 'example_external_task_marker_child' retrieved from /home/erij/Erij_Mazouz_4DS8_churn_ml_project/venv/lib/python3.8/site-packages/airflow/example_dags/example_external_task_marker_dag.py
[2025-03-06T23:58:00.017+0100] {logging_mixin.py:190} INFO - [2025-03-06T23:58:00.016+0100] {dag.py:3239} INFO - Sync 2 DAGs
[2025-03-06T23:58:00.028+0100] {logging_mixin.py:190} INFO - [2025-03-06T23:58:00.027+0100] {dag.py:4180} INFO - Setting next_dagrun for example_external_task_marker_child to None, run_after=None
[2025-03-06T23:58:00.030+0100] {logging_mixin.py:190} INFO - [2025-03-06T23:58:00.030+0100] {dag.py:4180} INFO - Setting next_dagrun for example_external_task_marker_parent to None, run_after=None
[2025-03-06T23:58:00.046+0100] {processor.py:208} INFO - Processing /home/erij/Erij_Mazouz_4DS8_churn_ml_project/venv/lib/python3.8/site-packages/airflow/example_dags/example_external_task_marker_dag.py took 0.059 seconds
[2025-03-06T23:58:51.349+0100] {processor.py:186} INFO - Started process (PID=59614) to work on /home/erij/Erij_Mazouz_4DS8_churn_ml_project/venv/lib/python3.8/site-packages/airflow/example_dags/example_external_task_marker_dag.py
[2025-03-06T23:58:51.351+0100] {processor.py:914} INFO - Processing file /home/erij/Erij_Mazouz_4DS8_churn_ml_project/venv/lib/python3.8/site-packages/airflow/example_dags/example_external_task_marker_dag.py for tasks to queue
[2025-03-06T23:58:51.353+0100] {logging_mixin.py:190} INFO - [2025-03-06T23:58:51.352+0100] {dagbag.py:588} INFO - Filling up the DagBag from /home/erij/Erij_Mazouz_4DS8_churn_ml_project/venv/lib/python3.8/site-packages/airflow/example_dags/example_external_task_marker_dag.py
[2025-03-06T23:58:51.360+0100] {processor.py:925} INFO - DAG(s) 'example_external_task_marker_child', 'example_external_task_marker_parent' retrieved from /home/erij/Erij_Mazouz_4DS8_churn_ml_project/venv/lib/python3.8/site-packages/airflow/example_dags/example_external_task_marker_dag.py
[2025-03-06T23:58:51.375+0100] {logging_mixin.py:190} INFO - [2025-03-06T23:58:51.375+0100] {dag.py:3239} INFO - Sync 2 DAGs
[2025-03-06T23:58:51.385+0100] {logging_mixin.py:190} INFO - [2025-03-06T23:58:51.385+0100] {dag.py:4180} INFO - Setting next_dagrun for example_external_task_marker_child to None, run_after=None
[2025-03-06T23:58:51.388+0100] {logging_mixin.py:190} INFO - [2025-03-06T23:58:51.387+0100] {dag.py:4180} INFO - Setting next_dagrun for example_external_task_marker_parent to None, run_after=None
[2025-03-06T23:58:51.402+0100] {processor.py:208} INFO - Processing /home/erij/Erij_Mazouz_4DS8_churn_ml_project/venv/lib/python3.8/site-packages/airflow/example_dags/example_external_task_marker_dag.py took 0.059 seconds
[2025-03-06T23:59:41.207+0100] {processor.py:186} INFO - Started process (PID=59754) to work on /home/erij/Erij_Mazouz_4DS8_churn_ml_project/venv/lib/python3.8/site-packages/airflow/example_dags/example_external_task_marker_dag.py
[2025-03-06T23:59:41.210+0100] {processor.py:914} INFO - Processing file /home/erij/Erij_Mazouz_4DS8_churn_ml_project/venv/lib/python3.8/site-packages/airflow/example_dags/example_external_task_marker_dag.py for tasks to queue
[2025-03-06T23:59:41.212+0100] {logging_mixin.py:190} INFO - [2025-03-06T23:59:41.211+0100] {dagbag.py:588} INFO - Filling up the DagBag from /home/erij/Erij_Mazouz_4DS8_churn_ml_project/venv/lib/python3.8/site-packages/airflow/example_dags/example_external_task_marker_dag.py
[2025-03-06T23:59:41.218+0100] {processor.py:925} INFO - DAG(s) 'example_external_task_marker_child', 'example_external_task_marker_parent' retrieved from /home/erij/Erij_Mazouz_4DS8_churn_ml_project/venv/lib/python3.8/site-packages/airflow/example_dags/example_external_task_marker_dag.py
[2025-03-06T23:59:41.230+0100] {logging_mixin.py:190} INFO - [2025-03-06T23:59:41.230+0100] {dag.py:3239} INFO - Sync 2 DAGs
[2025-03-06T23:59:41.240+0100] {logging_mixin.py:190} INFO - [2025-03-06T23:59:41.240+0100] {dag.py:4180} INFO - Setting next_dagrun for example_external_task_marker_child to None, run_after=None
[2025-03-06T23:59:41.242+0100] {logging_mixin.py:190} INFO - [2025-03-06T23:59:41.242+0100] {dag.py:4180} INFO - Setting next_dagrun for example_external_task_marker_parent to None, run_after=None
[2025-03-06T23:59:41.260+0100] {processor.py:208} INFO - Processing /home/erij/Erij_Mazouz_4DS8_churn_ml_project/venv/lib/python3.8/site-packages/airflow/example_dags/example_external_task_marker_dag.py took 0.057 seconds
[2025-03-07T00:00:34.780+0100] {processor.py:186} INFO - Started process (PID=59948) to work on /home/erij/Erij_Mazouz_4DS8_churn_ml_project/venv/lib/python3.8/site-packages/airflow/example_dags/example_external_task_marker_dag.py
[2025-03-07T00:00:34.782+0100] {processor.py:914} INFO - Processing file /home/erij/Erij_Mazouz_4DS8_churn_ml_project/venv/lib/python3.8/site-packages/airflow/example_dags/example_external_task_marker_dag.py for tasks to queue
[2025-03-07T00:00:34.784+0100] {logging_mixin.py:190} INFO - [2025-03-07T00:00:34.784+0100] {dagbag.py:588} INFO - Filling up the DagBag from /home/erij/Erij_Mazouz_4DS8_churn_ml_project/venv/lib/python3.8/site-packages/airflow/example_dags/example_external_task_marker_dag.py
[2025-03-07T00:00:34.792+0100] {processor.py:925} INFO - DAG(s) 'example_external_task_marker_parent', 'example_external_task_marker_child' retrieved from /home/erij/Erij_Mazouz_4DS8_churn_ml_project/venv/lib/python3.8/site-packages/airflow/example_dags/example_external_task_marker_dag.py
[2025-03-07T00:00:34.808+0100] {logging_mixin.py:190} INFO - [2025-03-07T00:00:34.807+0100] {dag.py:3239} INFO - Sync 2 DAGs
[2025-03-07T00:00:34.822+0100] {logging_mixin.py:190} INFO - [2025-03-07T00:00:34.822+0100] {dag.py:4180} INFO - Setting next_dagrun for example_external_task_marker_child to None, run_after=None
[2025-03-07T00:00:34.825+0100] {logging_mixin.py:190} INFO - [2025-03-07T00:00:34.825+0100] {dag.py:4180} INFO - Setting next_dagrun for example_external_task_marker_parent to None, run_after=None
[2025-03-07T00:00:34.845+0100] {processor.py:208} INFO - Processing /home/erij/Erij_Mazouz_4DS8_churn_ml_project/venv/lib/python3.8/site-packages/airflow/example_dags/example_external_task_marker_dag.py took 0.070 seconds
[2025-03-07T00:01:27.079+0100] {processor.py:186} INFO - Started process (PID=60118) to work on /home/erij/Erij_Mazouz_4DS8_churn_ml_project/venv/lib/python3.8/site-packages/airflow/example_dags/example_external_task_marker_dag.py
[2025-03-07T00:01:27.081+0100] {processor.py:914} INFO - Processing file /home/erij/Erij_Mazouz_4DS8_churn_ml_project/venv/lib/python3.8/site-packages/airflow/example_dags/example_external_task_marker_dag.py for tasks to queue
[2025-03-07T00:01:27.082+0100] {logging_mixin.py:190} INFO - [2025-03-07T00:01:27.082+0100] {dagbag.py:588} INFO - Filling up the DagBag from /home/erij/Erij_Mazouz_4DS8_churn_ml_project/venv/lib/python3.8/site-packages/airflow/example_dags/example_external_task_marker_dag.py
[2025-03-07T00:01:27.089+0100] {processor.py:925} INFO - DAG(s) 'example_external_task_marker_child', 'example_external_task_marker_parent' retrieved from /home/erij/Erij_Mazouz_4DS8_churn_ml_project/venv/lib/python3.8/site-packages/airflow/example_dags/example_external_task_marker_dag.py
[2025-03-07T00:01:27.103+0100] {logging_mixin.py:190} INFO - [2025-03-07T00:01:27.102+0100] {dag.py:3239} INFO - Sync 2 DAGs
[2025-03-07T00:01:27.113+0100] {logging_mixin.py:190} INFO - [2025-03-07T00:01:27.113+0100] {dag.py:4180} INFO - Setting next_dagrun for example_external_task_marker_child to None, run_after=None
[2025-03-07T00:01:27.115+0100] {logging_mixin.py:190} INFO - [2025-03-07T00:01:27.115+0100] {dag.py:4180} INFO - Setting next_dagrun for example_external_task_marker_parent to None, run_after=None
[2025-03-07T00:01:27.131+0100] {processor.py:208} INFO - Processing /home/erij/Erij_Mazouz_4DS8_churn_ml_project/venv/lib/python3.8/site-packages/airflow/example_dags/example_external_task_marker_dag.py took 0.057 seconds
[2025-03-07T00:02:24.187+0100] {processor.py:186} INFO - Started process (PID=60328) to work on /home/erij/Erij_Mazouz_4DS8_churn_ml_project/venv/lib/python3.8/site-packages/airflow/example_dags/example_external_task_marker_dag.py
[2025-03-07T00:02:24.190+0100] {processor.py:914} INFO - Processing file /home/erij/Erij_Mazouz_4DS8_churn_ml_project/venv/lib/python3.8/site-packages/airflow/example_dags/example_external_task_marker_dag.py for tasks to queue
[2025-03-07T00:02:24.191+0100] {logging_mixin.py:190} INFO - [2025-03-07T00:02:24.191+0100] {dagbag.py:588} INFO - Filling up the DagBag from /home/erij/Erij_Mazouz_4DS8_churn_ml_project/venv/lib/python3.8/site-packages/airflow/example_dags/example_external_task_marker_dag.py
[2025-03-07T00:02:24.198+0100] {processor.py:925} INFO - DAG(s) 'example_external_task_marker_child', 'example_external_task_marker_parent' retrieved from /home/erij/Erij_Mazouz_4DS8_churn_ml_project/venv/lib/python3.8/site-packages/airflow/example_dags/example_external_task_marker_dag.py
[2025-03-07T00:02:24.212+0100] {logging_mixin.py:190} INFO - [2025-03-07T00:02:24.212+0100] {dag.py:3239} INFO - Sync 2 DAGs
[2025-03-07T00:02:24.225+0100] {logging_mixin.py:190} INFO - [2025-03-07T00:02:24.225+0100] {dag.py:4180} INFO - Setting next_dagrun for example_external_task_marker_child to None, run_after=None
[2025-03-07T00:02:24.227+0100] {logging_mixin.py:190} INFO - [2025-03-07T00:02:24.227+0100] {dag.py:4180} INFO - Setting next_dagrun for example_external_task_marker_parent to None, run_after=None
[2025-03-07T00:02:24.242+0100] {processor.py:208} INFO - Processing /home/erij/Erij_Mazouz_4DS8_churn_ml_project/venv/lib/python3.8/site-packages/airflow/example_dags/example_external_task_marker_dag.py took 0.060 seconds
