[2025-03-06T23:39:00.671+0100] {processor.py:186} INFO - Started process (PID=55851) to work on /home/erij/Erij_Mazouz_4DS8_churn_ml_project/venv/lib/python3.8/site-packages/airflow/example_dags/example_bash_operator.py
[2025-03-06T23:39:00.672+0100] {processor.py:914} INFO - Processing file /home/erij/Erij_Mazouz_4DS8_churn_ml_project/venv/lib/python3.8/site-packages/airflow/example_dags/example_bash_operator.py for tasks to queue
[2025-03-06T23:39:00.675+0100] {logging_mixin.py:190} INFO - [2025-03-06T23:39:00.674+0100] {dagbag.py:588} INFO - Filling up the DagBag from /home/erij/Erij_Mazouz_4DS8_churn_ml_project/venv/lib/python3.8/site-packages/airflow/example_dags/example_bash_operator.py
[2025-03-06T23:39:00.688+0100] {processor.py:925} INFO - DAG(s) 'example_bash_operator' retrieved from /home/erij/Erij_Mazouz_4DS8_churn_ml_project/venv/lib/python3.8/site-packages/airflow/example_dags/example_bash_operator.py
[2025-03-06T23:39:00.708+0100] {logging_mixin.py:190} INFO - [2025-03-06T23:39:00.707+0100] {dag.py:3239} INFO - Sync 1 DAGs
[2025-03-06T23:39:00.728+0100] {logging_mixin.py:190} INFO - [2025-03-06T23:39:00.727+0100] {dag.py:4180} INFO - Setting next_dagrun for example_bash_operator to 2025-03-05 00:00:00+00:00, run_after=2025-03-06 00:00:00+00:00
[2025-03-06T23:39:00.748+0100] {processor.py:208} INFO - Processing /home/erij/Erij_Mazouz_4DS8_churn_ml_project/venv/lib/python3.8/site-packages/airflow/example_dags/example_bash_operator.py took 0.083 seconds
[2025-03-06T23:40:31.112+0100] {processor.py:186} INFO - Started process (PID=56477) to work on /home/erij/Erij_Mazouz_4DS8_churn_ml_project/venv/lib/python3.8/site-packages/airflow/example_dags/example_bash_operator.py
[2025-03-06T23:40:31.114+0100] {processor.py:914} INFO - Processing file /home/erij/Erij_Mazouz_4DS8_churn_ml_project/venv/lib/python3.8/site-packages/airflow/example_dags/example_bash_operator.py for tasks to queue
[2025-03-06T23:40:31.115+0100] {logging_mixin.py:190} INFO - [2025-03-06T23:40:31.115+0100] {dagbag.py:588} INFO - Filling up the DagBag from /home/erij/Erij_Mazouz_4DS8_churn_ml_project/venv/lib/python3.8/site-packages/airflow/example_dags/example_bash_operator.py
[2025-03-06T23:40:31.129+0100] {processor.py:925} INFO - DAG(s) 'example_bash_operator' retrieved from /home/erij/Erij_Mazouz_4DS8_churn_ml_project/venv/lib/python3.8/site-packages/airflow/example_dags/example_bash_operator.py
[2025-03-06T23:40:31.148+0100] {logging_mixin.py:190} INFO - [2025-03-06T23:40:31.148+0100] {dag.py:3239} INFO - Sync 1 DAGs
[2025-03-06T23:40:31.166+0100] {logging_mixin.py:190} INFO - [2025-03-06T23:40:31.166+0100] {dag.py:4180} INFO - Setting next_dagrun for example_bash_operator to 2025-03-05 00:00:00+00:00, run_after=2025-03-06 00:00:00+00:00
[2025-03-06T23:40:31.183+0100] {processor.py:208} INFO - Processing /home/erij/Erij_Mazouz_4DS8_churn_ml_project/venv/lib/python3.8/site-packages/airflow/example_dags/example_bash_operator.py took 0.076 seconds
[2025-03-06T23:41:16.805+0100] {processor.py:186} INFO - Started process (PID=56582) to work on /home/erij/Erij_Mazouz_4DS8_churn_ml_project/venv/lib/python3.8/site-packages/airflow/example_dags/example_bash_operator.py
[2025-03-06T23:41:16.808+0100] {processor.py:914} INFO - Processing file /home/erij/Erij_Mazouz_4DS8_churn_ml_project/venv/lib/python3.8/site-packages/airflow/example_dags/example_bash_operator.py for tasks to queue
[2025-03-06T23:41:16.809+0100] {logging_mixin.py:190} INFO - [2025-03-06T23:41:16.809+0100] {dagbag.py:588} INFO - Filling up the DagBag from /home/erij/Erij_Mazouz_4DS8_churn_ml_project/venv/lib/python3.8/site-packages/airflow/example_dags/example_bash_operator.py
[2025-03-06T23:41:16.820+0100] {processor.py:925} INFO - DAG(s) 'example_bash_operator' retrieved from /home/erij/Erij_Mazouz_4DS8_churn_ml_project/venv/lib/python3.8/site-packages/airflow/example_dags/example_bash_operator.py
[2025-03-06T23:41:16.837+0100] {logging_mixin.py:190} INFO - [2025-03-06T23:41:16.837+0100] {dag.py:3239} INFO - Sync 1 DAGs
[2025-03-06T23:41:16.853+0100] {logging_mixin.py:190} INFO - [2025-03-06T23:41:16.853+0100] {dag.py:4180} INFO - Setting next_dagrun for example_bash_operator to 2025-03-05 00:00:00+00:00, run_after=2025-03-06 00:00:00+00:00
[2025-03-06T23:41:16.870+0100] {processor.py:208} INFO - Processing /home/erij/Erij_Mazouz_4DS8_churn_ml_project/venv/lib/python3.8/site-packages/airflow/example_dags/example_bash_operator.py took 0.070 seconds
[2025-03-06T23:42:12.088+0100] {processor.py:186} INFO - Started process (PID=56720) to work on /home/erij/Erij_Mazouz_4DS8_churn_ml_project/venv/lib/python3.8/site-packages/airflow/example_dags/example_bash_operator.py
[2025-03-06T23:42:12.091+0100] {processor.py:914} INFO - Processing file /home/erij/Erij_Mazouz_4DS8_churn_ml_project/venv/lib/python3.8/site-packages/airflow/example_dags/example_bash_operator.py for tasks to queue
[2025-03-06T23:42:12.094+0100] {logging_mixin.py:190} INFO - [2025-03-06T23:42:12.093+0100] {dagbag.py:588} INFO - Filling up the DagBag from /home/erij/Erij_Mazouz_4DS8_churn_ml_project/venv/lib/python3.8/site-packages/airflow/example_dags/example_bash_operator.py
[2025-03-06T23:42:12.107+0100] {processor.py:925} INFO - DAG(s) 'example_bash_operator' retrieved from /home/erij/Erij_Mazouz_4DS8_churn_ml_project/venv/lib/python3.8/site-packages/airflow/example_dags/example_bash_operator.py
[2025-03-06T23:42:12.128+0100] {logging_mixin.py:190} INFO - [2025-03-06T23:42:12.128+0100] {dag.py:3239} INFO - Sync 1 DAGs
[2025-03-06T23:42:12.149+0100] {logging_mixin.py:190} INFO - [2025-03-06T23:42:12.149+0100] {dag.py:4180} INFO - Setting next_dagrun for example_bash_operator to 2025-03-05 00:00:00+00:00, run_after=2025-03-06 00:00:00+00:00
[2025-03-06T23:42:12.171+0100] {processor.py:208} INFO - Processing /home/erij/Erij_Mazouz_4DS8_churn_ml_project/venv/lib/python3.8/site-packages/airflow/example_dags/example_bash_operator.py took 0.091 seconds
[2025-03-06T23:43:05.424+0100] {processor.py:186} INFO - Started process (PID=56844) to work on /home/erij/Erij_Mazouz_4DS8_churn_ml_project/venv/lib/python3.8/site-packages/airflow/example_dags/example_bash_operator.py
[2025-03-06T23:43:05.425+0100] {processor.py:914} INFO - Processing file /home/erij/Erij_Mazouz_4DS8_churn_ml_project/venv/lib/python3.8/site-packages/airflow/example_dags/example_bash_operator.py for tasks to queue
[2025-03-06T23:43:05.427+0100] {logging_mixin.py:190} INFO - [2025-03-06T23:43:05.427+0100] {dagbag.py:588} INFO - Filling up the DagBag from /home/erij/Erij_Mazouz_4DS8_churn_ml_project/venv/lib/python3.8/site-packages/airflow/example_dags/example_bash_operator.py
[2025-03-06T23:43:05.440+0100] {processor.py:925} INFO - DAG(s) 'example_bash_operator' retrieved from /home/erij/Erij_Mazouz_4DS8_churn_ml_project/venv/lib/python3.8/site-packages/airflow/example_dags/example_bash_operator.py
[2025-03-06T23:43:05.459+0100] {logging_mixin.py:190} INFO - [2025-03-06T23:43:05.459+0100] {dag.py:3239} INFO - Sync 1 DAGs
[2025-03-06T23:43:05.476+0100] {logging_mixin.py:190} INFO - [2025-03-06T23:43:05.476+0100] {dag.py:4180} INFO - Setting next_dagrun for example_bash_operator to 2025-03-05 00:00:00+00:00, run_after=2025-03-06 00:00:00+00:00
[2025-03-06T23:43:05.495+0100] {processor.py:208} INFO - Processing /home/erij/Erij_Mazouz_4DS8_churn_ml_project/venv/lib/python3.8/site-packages/airflow/example_dags/example_bash_operator.py took 0.076 seconds
[2025-03-06T23:43:57.841+0100] {processor.py:186} INFO - Started process (PID=56956) to work on /home/erij/Erij_Mazouz_4DS8_churn_ml_project/venv/lib/python3.8/site-packages/airflow/example_dags/example_bash_operator.py
[2025-03-06T23:43:57.843+0100] {processor.py:914} INFO - Processing file /home/erij/Erij_Mazouz_4DS8_churn_ml_project/venv/lib/python3.8/site-packages/airflow/example_dags/example_bash_operator.py for tasks to queue
[2025-03-06T23:43:57.846+0100] {logging_mixin.py:190} INFO - [2025-03-06T23:43:57.846+0100] {dagbag.py:588} INFO - Filling up the DagBag from /home/erij/Erij_Mazouz_4DS8_churn_ml_project/venv/lib/python3.8/site-packages/airflow/example_dags/example_bash_operator.py
[2025-03-06T23:43:57.859+0100] {processor.py:925} INFO - DAG(s) 'example_bash_operator' retrieved from /home/erij/Erij_Mazouz_4DS8_churn_ml_project/venv/lib/python3.8/site-packages/airflow/example_dags/example_bash_operator.py
[2025-03-06T23:43:57.879+0100] {logging_mixin.py:190} INFO - [2025-03-06T23:43:57.879+0100] {dag.py:3239} INFO - Sync 1 DAGs
[2025-03-06T23:43:57.897+0100] {logging_mixin.py:190} INFO - [2025-03-06T23:43:57.897+0100] {dag.py:4180} INFO - Setting next_dagrun for example_bash_operator to 2025-03-05 00:00:00+00:00, run_after=2025-03-06 00:00:00+00:00
[2025-03-06T23:43:57.914+0100] {processor.py:208} INFO - Processing /home/erij/Erij_Mazouz_4DS8_churn_ml_project/venv/lib/python3.8/site-packages/airflow/example_dags/example_bash_operator.py took 0.079 seconds
[2025-03-06T23:44:51.924+0100] {processor.py:186} INFO - Started process (PID=57110) to work on /home/erij/Erij_Mazouz_4DS8_churn_ml_project/venv/lib/python3.8/site-packages/airflow/example_dags/example_bash_operator.py
[2025-03-06T23:44:51.925+0100] {processor.py:914} INFO - Processing file /home/erij/Erij_Mazouz_4DS8_churn_ml_project/venv/lib/python3.8/site-packages/airflow/example_dags/example_bash_operator.py for tasks to queue
[2025-03-06T23:44:51.927+0100] {logging_mixin.py:190} INFO - [2025-03-06T23:44:51.927+0100] {dagbag.py:588} INFO - Filling up the DagBag from /home/erij/Erij_Mazouz_4DS8_churn_ml_project/venv/lib/python3.8/site-packages/airflow/example_dags/example_bash_operator.py
[2025-03-06T23:44:51.938+0100] {processor.py:925} INFO - DAG(s) 'example_bash_operator' retrieved from /home/erij/Erij_Mazouz_4DS8_churn_ml_project/venv/lib/python3.8/site-packages/airflow/example_dags/example_bash_operator.py
[2025-03-06T23:44:51.957+0100] {logging_mixin.py:190} INFO - [2025-03-06T23:44:51.957+0100] {dag.py:3239} INFO - Sync 1 DAGs
[2025-03-06T23:44:51.974+0100] {logging_mixin.py:190} INFO - [2025-03-06T23:44:51.973+0100] {dag.py:4180} INFO - Setting next_dagrun for example_bash_operator to 2025-03-05 00:00:00+00:00, run_after=2025-03-06 00:00:00+00:00
[2025-03-06T23:44:52.008+0100] {processor.py:208} INFO - Processing /home/erij/Erij_Mazouz_4DS8_churn_ml_project/venv/lib/python3.8/site-packages/airflow/example_dags/example_bash_operator.py took 0.089 seconds
[2025-03-06T23:45:49.394+0100] {processor.py:186} INFO - Started process (PID=57233) to work on /home/erij/Erij_Mazouz_4DS8_churn_ml_project/venv/lib/python3.8/site-packages/airflow/example_dags/example_bash_operator.py
[2025-03-06T23:45:49.402+0100] {processor.py:914} INFO - Processing file /home/erij/Erij_Mazouz_4DS8_churn_ml_project/venv/lib/python3.8/site-packages/airflow/example_dags/example_bash_operator.py for tasks to queue
[2025-03-06T23:45:49.404+0100] {logging_mixin.py:190} INFO - [2025-03-06T23:45:49.404+0100] {dagbag.py:588} INFO - Filling up the DagBag from /home/erij/Erij_Mazouz_4DS8_churn_ml_project/venv/lib/python3.8/site-packages/airflow/example_dags/example_bash_operator.py
[2025-03-06T23:45:49.415+0100] {processor.py:925} INFO - DAG(s) 'example_bash_operator' retrieved from /home/erij/Erij_Mazouz_4DS8_churn_ml_project/venv/lib/python3.8/site-packages/airflow/example_dags/example_bash_operator.py
[2025-03-06T23:45:49.432+0100] {logging_mixin.py:190} INFO - [2025-03-06T23:45:49.432+0100] {dag.py:3239} INFO - Sync 1 DAGs
[2025-03-06T23:45:49.449+0100] {logging_mixin.py:190} INFO - [2025-03-06T23:45:49.449+0100] {dag.py:4180} INFO - Setting next_dagrun for example_bash_operator to 2025-03-05 00:00:00+00:00, run_after=2025-03-06 00:00:00+00:00
[2025-03-06T23:45:49.473+0100] {processor.py:208} INFO - Processing /home/erij/Erij_Mazouz_4DS8_churn_ml_project/venv/lib/python3.8/site-packages/airflow/example_dags/example_bash_operator.py took 0.084 seconds
[2025-03-06T23:46:46.118+0100] {processor.py:186} INFO - Started process (PID=57352) to work on /home/erij/Erij_Mazouz_4DS8_churn_ml_project/venv/lib/python3.8/site-packages/airflow/example_dags/example_bash_operator.py
[2025-03-06T23:46:46.120+0100] {processor.py:914} INFO - Processing file /home/erij/Erij_Mazouz_4DS8_churn_ml_project/venv/lib/python3.8/site-packages/airflow/example_dags/example_bash_operator.py for tasks to queue
[2025-03-06T23:46:46.121+0100] {logging_mixin.py:190} INFO - [2025-03-06T23:46:46.121+0100] {dagbag.py:588} INFO - Filling up the DagBag from /home/erij/Erij_Mazouz_4DS8_churn_ml_project/venv/lib/python3.8/site-packages/airflow/example_dags/example_bash_operator.py
[2025-03-06T23:46:46.133+0100] {processor.py:925} INFO - DAG(s) 'example_bash_operator' retrieved from /home/erij/Erij_Mazouz_4DS8_churn_ml_project/venv/lib/python3.8/site-packages/airflow/example_dags/example_bash_operator.py
[2025-03-06T23:46:46.151+0100] {logging_mixin.py:190} INFO - [2025-03-06T23:46:46.151+0100] {dag.py:3239} INFO - Sync 1 DAGs
[2025-03-06T23:46:46.168+0100] {logging_mixin.py:190} INFO - [2025-03-06T23:46:46.168+0100] {dag.py:4180} INFO - Setting next_dagrun for example_bash_operator to 2025-03-05 00:00:00+00:00, run_after=2025-03-06 00:00:00+00:00
[2025-03-06T23:46:46.183+0100] {processor.py:208} INFO - Processing /home/erij/Erij_Mazouz_4DS8_churn_ml_project/venv/lib/python3.8/site-packages/airflow/example_dags/example_bash_operator.py took 0.070 seconds
[2025-03-06T23:47:41.563+0100] {processor.py:186} INFO - Started process (PID=57461) to work on /home/erij/Erij_Mazouz_4DS8_churn_ml_project/venv/lib/python3.8/site-packages/airflow/example_dags/example_bash_operator.py
[2025-03-06T23:47:41.565+0100] {processor.py:914} INFO - Processing file /home/erij/Erij_Mazouz_4DS8_churn_ml_project/venv/lib/python3.8/site-packages/airflow/example_dags/example_bash_operator.py for tasks to queue
[2025-03-06T23:47:41.567+0100] {logging_mixin.py:190} INFO - [2025-03-06T23:47:41.566+0100] {dagbag.py:588} INFO - Filling up the DagBag from /home/erij/Erij_Mazouz_4DS8_churn_ml_project/venv/lib/python3.8/site-packages/airflow/example_dags/example_bash_operator.py
[2025-03-06T23:47:41.578+0100] {processor.py:925} INFO - DAG(s) 'example_bash_operator' retrieved from /home/erij/Erij_Mazouz_4DS8_churn_ml_project/venv/lib/python3.8/site-packages/airflow/example_dags/example_bash_operator.py
[2025-03-06T23:47:41.597+0100] {logging_mixin.py:190} INFO - [2025-03-06T23:47:41.597+0100] {dag.py:3239} INFO - Sync 1 DAGs
[2025-03-06T23:47:41.615+0100] {logging_mixin.py:190} INFO - [2025-03-06T23:47:41.615+0100] {dag.py:4180} INFO - Setting next_dagrun for example_bash_operator to 2025-03-05 00:00:00+00:00, run_after=2025-03-06 00:00:00+00:00
[2025-03-06T23:47:41.633+0100] {processor.py:208} INFO - Processing /home/erij/Erij_Mazouz_4DS8_churn_ml_project/venv/lib/python3.8/site-packages/airflow/example_dags/example_bash_operator.py took 0.075 seconds
[2025-03-06T23:48:39.379+0100] {processor.py:186} INFO - Started process (PID=57579) to work on /home/erij/Erij_Mazouz_4DS8_churn_ml_project/venv/lib/python3.8/site-packages/airflow/example_dags/example_bash_operator.py
[2025-03-06T23:48:39.381+0100] {processor.py:914} INFO - Processing file /home/erij/Erij_Mazouz_4DS8_churn_ml_project/venv/lib/python3.8/site-packages/airflow/example_dags/example_bash_operator.py for tasks to queue
[2025-03-06T23:48:39.382+0100] {logging_mixin.py:190} INFO - [2025-03-06T23:48:39.382+0100] {dagbag.py:588} INFO - Filling up the DagBag from /home/erij/Erij_Mazouz_4DS8_churn_ml_project/venv/lib/python3.8/site-packages/airflow/example_dags/example_bash_operator.py
[2025-03-06T23:48:39.395+0100] {processor.py:925} INFO - DAG(s) 'example_bash_operator' retrieved from /home/erij/Erij_Mazouz_4DS8_churn_ml_project/venv/lib/python3.8/site-packages/airflow/example_dags/example_bash_operator.py
[2025-03-06T23:48:39.415+0100] {logging_mixin.py:190} INFO - [2025-03-06T23:48:39.415+0100] {dag.py:3239} INFO - Sync 1 DAGs
[2025-03-06T23:48:39.432+0100] {logging_mixin.py:190} INFO - [2025-03-06T23:48:39.432+0100] {dag.py:4180} INFO - Setting next_dagrun for example_bash_operator to 2025-03-05 00:00:00+00:00, run_after=2025-03-06 00:00:00+00:00
[2025-03-06T23:48:39.450+0100] {processor.py:208} INFO - Processing /home/erij/Erij_Mazouz_4DS8_churn_ml_project/venv/lib/python3.8/site-packages/airflow/example_dags/example_bash_operator.py took 0.076 seconds
[2025-03-06T23:49:34.747+0100] {processor.py:186} INFO - Started process (PID=57695) to work on /home/erij/Erij_Mazouz_4DS8_churn_ml_project/venv/lib/python3.8/site-packages/airflow/example_dags/example_bash_operator.py
[2025-03-06T23:49:34.749+0100] {processor.py:914} INFO - Processing file /home/erij/Erij_Mazouz_4DS8_churn_ml_project/venv/lib/python3.8/site-packages/airflow/example_dags/example_bash_operator.py for tasks to queue
[2025-03-06T23:49:34.750+0100] {logging_mixin.py:190} INFO - [2025-03-06T23:49:34.750+0100] {dagbag.py:588} INFO - Filling up the DagBag from /home/erij/Erij_Mazouz_4DS8_churn_ml_project/venv/lib/python3.8/site-packages/airflow/example_dags/example_bash_operator.py
[2025-03-06T23:49:34.762+0100] {processor.py:925} INFO - DAG(s) 'example_bash_operator' retrieved from /home/erij/Erij_Mazouz_4DS8_churn_ml_project/venv/lib/python3.8/site-packages/airflow/example_dags/example_bash_operator.py
[2025-03-06T23:49:34.780+0100] {logging_mixin.py:190} INFO - [2025-03-06T23:49:34.780+0100] {dag.py:3239} INFO - Sync 1 DAGs
[2025-03-06T23:49:34.798+0100] {logging_mixin.py:190} INFO - [2025-03-06T23:49:34.797+0100] {dag.py:4180} INFO - Setting next_dagrun for example_bash_operator to 2025-03-05 00:00:00+00:00, run_after=2025-03-06 00:00:00+00:00
[2025-03-06T23:49:34.815+0100] {processor.py:208} INFO - Processing /home/erij/Erij_Mazouz_4DS8_churn_ml_project/venv/lib/python3.8/site-packages/airflow/example_dags/example_bash_operator.py took 0.072 seconds
[2025-03-06T23:50:29.565+0100] {processor.py:186} INFO - Started process (PID=57802) to work on /home/erij/Erij_Mazouz_4DS8_churn_ml_project/venv/lib/python3.8/site-packages/airflow/example_dags/example_bash_operator.py
[2025-03-06T23:50:29.567+0100] {processor.py:914} INFO - Processing file /home/erij/Erij_Mazouz_4DS8_churn_ml_project/venv/lib/python3.8/site-packages/airflow/example_dags/example_bash_operator.py for tasks to queue
[2025-03-06T23:50:29.569+0100] {logging_mixin.py:190} INFO - [2025-03-06T23:50:29.569+0100] {dagbag.py:588} INFO - Filling up the DagBag from /home/erij/Erij_Mazouz_4DS8_churn_ml_project/venv/lib/python3.8/site-packages/airflow/example_dags/example_bash_operator.py
[2025-03-06T23:50:29.580+0100] {processor.py:925} INFO - DAG(s) 'example_bash_operator' retrieved from /home/erij/Erij_Mazouz_4DS8_churn_ml_project/venv/lib/python3.8/site-packages/airflow/example_dags/example_bash_operator.py
[2025-03-06T23:50:29.597+0100] {logging_mixin.py:190} INFO - [2025-03-06T23:50:29.596+0100] {dag.py:3239} INFO - Sync 1 DAGs
[2025-03-06T23:50:29.613+0100] {logging_mixin.py:190} INFO - [2025-03-06T23:50:29.613+0100] {dag.py:4180} INFO - Setting next_dagrun for example_bash_operator to 2025-03-05 00:00:00+00:00, run_after=2025-03-06 00:00:00+00:00
[2025-03-06T23:50:29.631+0100] {processor.py:208} INFO - Processing /home/erij/Erij_Mazouz_4DS8_churn_ml_project/venv/lib/python3.8/site-packages/airflow/example_dags/example_bash_operator.py took 0.071 seconds
[2025-03-06T23:51:24.941+0100] {processor.py:186} INFO - Started process (PID=57918) to work on /home/erij/Erij_Mazouz_4DS8_churn_ml_project/venv/lib/python3.8/site-packages/airflow/example_dags/example_bash_operator.py
[2025-03-06T23:51:24.944+0100] {processor.py:914} INFO - Processing file /home/erij/Erij_Mazouz_4DS8_churn_ml_project/venv/lib/python3.8/site-packages/airflow/example_dags/example_bash_operator.py for tasks to queue
[2025-03-06T23:51:24.946+0100] {logging_mixin.py:190} INFO - [2025-03-06T23:51:24.945+0100] {dagbag.py:588} INFO - Filling up the DagBag from /home/erij/Erij_Mazouz_4DS8_churn_ml_project/venv/lib/python3.8/site-packages/airflow/example_dags/example_bash_operator.py
[2025-03-06T23:51:24.957+0100] {processor.py:925} INFO - DAG(s) 'example_bash_operator' retrieved from /home/erij/Erij_Mazouz_4DS8_churn_ml_project/venv/lib/python3.8/site-packages/airflow/example_dags/example_bash_operator.py
[2025-03-06T23:51:24.975+0100] {logging_mixin.py:190} INFO - [2025-03-06T23:51:24.975+0100] {dag.py:3239} INFO - Sync 1 DAGs
[2025-03-06T23:51:24.992+0100] {logging_mixin.py:190} INFO - [2025-03-06T23:51:24.992+0100] {dag.py:4180} INFO - Setting next_dagrun for example_bash_operator to 2025-03-05 00:00:00+00:00, run_after=2025-03-06 00:00:00+00:00
[2025-03-06T23:51:25.008+0100] {processor.py:208} INFO - Processing /home/erij/Erij_Mazouz_4DS8_churn_ml_project/venv/lib/python3.8/site-packages/airflow/example_dags/example_bash_operator.py took 0.072 seconds
[2025-03-06T23:52:20.208+0100] {processor.py:186} INFO - Started process (PID=58030) to work on /home/erij/Erij_Mazouz_4DS8_churn_ml_project/venv/lib/python3.8/site-packages/airflow/example_dags/example_bash_operator.py
[2025-03-06T23:52:20.211+0100] {processor.py:914} INFO - Processing file /home/erij/Erij_Mazouz_4DS8_churn_ml_project/venv/lib/python3.8/site-packages/airflow/example_dags/example_bash_operator.py for tasks to queue
[2025-03-06T23:52:20.212+0100] {logging_mixin.py:190} INFO - [2025-03-06T23:52:20.212+0100] {dagbag.py:588} INFO - Filling up the DagBag from /home/erij/Erij_Mazouz_4DS8_churn_ml_project/venv/lib/python3.8/site-packages/airflow/example_dags/example_bash_operator.py
[2025-03-06T23:52:20.224+0100] {processor.py:925} INFO - DAG(s) 'example_bash_operator' retrieved from /home/erij/Erij_Mazouz_4DS8_churn_ml_project/venv/lib/python3.8/site-packages/airflow/example_dags/example_bash_operator.py
[2025-03-06T23:52:20.242+0100] {logging_mixin.py:190} INFO - [2025-03-06T23:52:20.242+0100] {dag.py:3239} INFO - Sync 1 DAGs
[2025-03-06T23:52:20.260+0100] {logging_mixin.py:190} INFO - [2025-03-06T23:52:20.260+0100] {dag.py:4180} INFO - Setting next_dagrun for example_bash_operator to 2025-03-05 00:00:00+00:00, run_after=2025-03-06 00:00:00+00:00
[2025-03-06T23:52:20.279+0100] {processor.py:208} INFO - Processing /home/erij/Erij_Mazouz_4DS8_churn_ml_project/venv/lib/python3.8/site-packages/airflow/example_dags/example_bash_operator.py took 0.075 seconds
[2025-03-06T23:53:17.932+0100] {processor.py:186} INFO - Started process (PID=58146) to work on /home/erij/Erij_Mazouz_4DS8_churn_ml_project/venv/lib/python3.8/site-packages/airflow/example_dags/example_bash_operator.py
[2025-03-06T23:53:17.934+0100] {processor.py:914} INFO - Processing file /home/erij/Erij_Mazouz_4DS8_churn_ml_project/venv/lib/python3.8/site-packages/airflow/example_dags/example_bash_operator.py for tasks to queue
[2025-03-06T23:53:17.937+0100] {logging_mixin.py:190} INFO - [2025-03-06T23:53:17.936+0100] {dagbag.py:588} INFO - Filling up the DagBag from /home/erij/Erij_Mazouz_4DS8_churn_ml_project/venv/lib/python3.8/site-packages/airflow/example_dags/example_bash_operator.py
[2025-03-06T23:53:17.949+0100] {processor.py:925} INFO - DAG(s) 'example_bash_operator' retrieved from /home/erij/Erij_Mazouz_4DS8_churn_ml_project/venv/lib/python3.8/site-packages/airflow/example_dags/example_bash_operator.py
[2025-03-06T23:53:17.967+0100] {logging_mixin.py:190} INFO - [2025-03-06T23:53:17.967+0100] {dag.py:3239} INFO - Sync 1 DAGs
[2025-03-06T23:53:17.984+0100] {logging_mixin.py:190} INFO - [2025-03-06T23:53:17.983+0100] {dag.py:4180} INFO - Setting next_dagrun for example_bash_operator to 2025-03-05 00:00:00+00:00, run_after=2025-03-06 00:00:00+00:00
[2025-03-06T23:53:18.000+0100] {processor.py:208} INFO - Processing /home/erij/Erij_Mazouz_4DS8_churn_ml_project/venv/lib/python3.8/site-packages/airflow/example_dags/example_bash_operator.py took 0.074 seconds
[2025-03-06T23:54:16.321+0100] {processor.py:186} INFO - Started process (PID=58293) to work on /home/erij/Erij_Mazouz_4DS8_churn_ml_project/venv/lib/python3.8/site-packages/airflow/example_dags/example_bash_operator.py
[2025-03-06T23:54:16.323+0100] {processor.py:914} INFO - Processing file /home/erij/Erij_Mazouz_4DS8_churn_ml_project/venv/lib/python3.8/site-packages/airflow/example_dags/example_bash_operator.py for tasks to queue
[2025-03-06T23:54:16.325+0100] {logging_mixin.py:190} INFO - [2025-03-06T23:54:16.325+0100] {dagbag.py:588} INFO - Filling up the DagBag from /home/erij/Erij_Mazouz_4DS8_churn_ml_project/venv/lib/python3.8/site-packages/airflow/example_dags/example_bash_operator.py
[2025-03-06T23:54:16.339+0100] {processor.py:925} INFO - DAG(s) 'example_bash_operator' retrieved from /home/erij/Erij_Mazouz_4DS8_churn_ml_project/venv/lib/python3.8/site-packages/airflow/example_dags/example_bash_operator.py
[2025-03-06T23:54:16.369+0100] {logging_mixin.py:190} INFO - [2025-03-06T23:54:16.369+0100] {dag.py:3239} INFO - Sync 1 DAGs
[2025-03-06T23:54:16.402+0100] {logging_mixin.py:190} INFO - [2025-03-06T23:54:16.402+0100] {dag.py:4180} INFO - Setting next_dagrun for example_bash_operator to 2025-03-05 00:00:00+00:00, run_after=2025-03-06 00:00:00+00:00
[2025-03-06T23:54:16.423+0100] {processor.py:208} INFO - Processing /home/erij/Erij_Mazouz_4DS8_churn_ml_project/venv/lib/python3.8/site-packages/airflow/example_dags/example_bash_operator.py took 0.108 seconds
[2025-03-06T23:55:12.856+0100] {processor.py:186} INFO - Started process (PID=59006) to work on /home/erij/Erij_Mazouz_4DS8_churn_ml_project/venv/lib/python3.8/site-packages/airflow/example_dags/example_bash_operator.py
[2025-03-06T23:55:12.858+0100] {processor.py:914} INFO - Processing file /home/erij/Erij_Mazouz_4DS8_churn_ml_project/venv/lib/python3.8/site-packages/airflow/example_dags/example_bash_operator.py for tasks to queue
[2025-03-06T23:55:12.860+0100] {logging_mixin.py:190} INFO - [2025-03-06T23:55:12.860+0100] {dagbag.py:588} INFO - Filling up the DagBag from /home/erij/Erij_Mazouz_4DS8_churn_ml_project/venv/lib/python3.8/site-packages/airflow/example_dags/example_bash_operator.py
[2025-03-06T23:55:12.877+0100] {processor.py:925} INFO - DAG(s) 'example_bash_operator' retrieved from /home/erij/Erij_Mazouz_4DS8_churn_ml_project/venv/lib/python3.8/site-packages/airflow/example_dags/example_bash_operator.py
[2025-03-06T23:55:12.899+0100] {logging_mixin.py:190} INFO - [2025-03-06T23:55:12.899+0100] {dag.py:3239} INFO - Sync 1 DAGs
[2025-03-06T23:55:12.920+0100] {logging_mixin.py:190} INFO - [2025-03-06T23:55:12.920+0100] {dag.py:4180} INFO - Setting next_dagrun for example_bash_operator to 2025-03-05 00:00:00+00:00, run_after=2025-03-06 00:00:00+00:00
[2025-03-06T23:55:12.937+0100] {processor.py:208} INFO - Processing /home/erij/Erij_Mazouz_4DS8_churn_ml_project/venv/lib/python3.8/site-packages/airflow/example_dags/example_bash_operator.py took 0.086 seconds
[2025-03-06T23:56:13.492+0100] {processor.py:186} INFO - Started process (PID=59212) to work on /home/erij/Erij_Mazouz_4DS8_churn_ml_project/venv/lib/python3.8/site-packages/airflow/example_dags/example_bash_operator.py
[2025-03-06T23:56:13.494+0100] {processor.py:914} INFO - Processing file /home/erij/Erij_Mazouz_4DS8_churn_ml_project/venv/lib/python3.8/site-packages/airflow/example_dags/example_bash_operator.py for tasks to queue
[2025-03-06T23:56:13.496+0100] {logging_mixin.py:190} INFO - [2025-03-06T23:56:13.495+0100] {dagbag.py:588} INFO - Filling up the DagBag from /home/erij/Erij_Mazouz_4DS8_churn_ml_project/venv/lib/python3.8/site-packages/airflow/example_dags/example_bash_operator.py
[2025-03-06T23:56:13.507+0100] {processor.py:925} INFO - DAG(s) 'example_bash_operator' retrieved from /home/erij/Erij_Mazouz_4DS8_churn_ml_project/venv/lib/python3.8/site-packages/airflow/example_dags/example_bash_operator.py
[2025-03-06T23:56:13.524+0100] {logging_mixin.py:190} INFO - [2025-03-06T23:56:13.524+0100] {dag.py:3239} INFO - Sync 1 DAGs
[2025-03-06T23:56:13.540+0100] {logging_mixin.py:190} INFO - [2025-03-06T23:56:13.540+0100] {dag.py:4180} INFO - Setting next_dagrun for example_bash_operator to 2025-03-05 00:00:00+00:00, run_after=2025-03-06 00:00:00+00:00
[2025-03-06T23:56:13.558+0100] {processor.py:208} INFO - Processing /home/erij/Erij_Mazouz_4DS8_churn_ml_project/venv/lib/python3.8/site-packages/airflow/example_dags/example_bash_operator.py took 0.071 seconds
[2025-03-06T23:57:07.736+0100] {processor.py:186} INFO - Started process (PID=59340) to work on /home/erij/Erij_Mazouz_4DS8_churn_ml_project/venv/lib/python3.8/site-packages/airflow/example_dags/example_bash_operator.py
[2025-03-06T23:57:07.737+0100] {processor.py:914} INFO - Processing file /home/erij/Erij_Mazouz_4DS8_churn_ml_project/venv/lib/python3.8/site-packages/airflow/example_dags/example_bash_operator.py for tasks to queue
[2025-03-06T23:57:07.739+0100] {logging_mixin.py:190} INFO - [2025-03-06T23:57:07.739+0100] {dagbag.py:588} INFO - Filling up the DagBag from /home/erij/Erij_Mazouz_4DS8_churn_ml_project/venv/lib/python3.8/site-packages/airflow/example_dags/example_bash_operator.py
[2025-03-06T23:57:07.752+0100] {processor.py:925} INFO - DAG(s) 'example_bash_operator' retrieved from /home/erij/Erij_Mazouz_4DS8_churn_ml_project/venv/lib/python3.8/site-packages/airflow/example_dags/example_bash_operator.py
[2025-03-06T23:57:07.773+0100] {logging_mixin.py:190} INFO - [2025-03-06T23:57:07.773+0100] {dag.py:3239} INFO - Sync 1 DAGs
[2025-03-06T23:57:07.792+0100] {logging_mixin.py:190} INFO - [2025-03-06T23:57:07.792+0100] {dag.py:4180} INFO - Setting next_dagrun for example_bash_operator to 2025-03-05 00:00:00+00:00, run_after=2025-03-06 00:00:00+00:00
[2025-03-06T23:57:07.811+0100] {processor.py:208} INFO - Processing /home/erij/Erij_Mazouz_4DS8_churn_ml_project/venv/lib/python3.8/site-packages/airflow/example_dags/example_bash_operator.py took 0.082 seconds
[2025-03-06T23:58:03.678+0100] {processor.py:186} INFO - Started process (PID=59472) to work on /home/erij/Erij_Mazouz_4DS8_churn_ml_project/venv/lib/python3.8/site-packages/airflow/example_dags/example_bash_operator.py
[2025-03-06T23:58:03.679+0100] {processor.py:914} INFO - Processing file /home/erij/Erij_Mazouz_4DS8_churn_ml_project/venv/lib/python3.8/site-packages/airflow/example_dags/example_bash_operator.py for tasks to queue
[2025-03-06T23:58:03.681+0100] {logging_mixin.py:190} INFO - [2025-03-06T23:58:03.681+0100] {dagbag.py:588} INFO - Filling up the DagBag from /home/erij/Erij_Mazouz_4DS8_churn_ml_project/venv/lib/python3.8/site-packages/airflow/example_dags/example_bash_operator.py
[2025-03-06T23:58:03.694+0100] {processor.py:925} INFO - DAG(s) 'example_bash_operator' retrieved from /home/erij/Erij_Mazouz_4DS8_churn_ml_project/venv/lib/python3.8/site-packages/airflow/example_dags/example_bash_operator.py
[2025-03-06T23:58:03.716+0100] {logging_mixin.py:190} INFO - [2025-03-06T23:58:03.716+0100] {dag.py:3239} INFO - Sync 1 DAGs
[2025-03-06T23:58:03.737+0100] {logging_mixin.py:190} INFO - [2025-03-06T23:58:03.737+0100] {dag.py:4180} INFO - Setting next_dagrun for example_bash_operator to 2025-03-05 00:00:00+00:00, run_after=2025-03-06 00:00:00+00:00
[2025-03-06T23:58:03.758+0100] {processor.py:208} INFO - Processing /home/erij/Erij_Mazouz_4DS8_churn_ml_project/venv/lib/python3.8/site-packages/airflow/example_dags/example_bash_operator.py took 0.086 seconds
[2025-03-06T23:58:54.943+0100] {processor.py:186} INFO - Started process (PID=59626) to work on /home/erij/Erij_Mazouz_4DS8_churn_ml_project/venv/lib/python3.8/site-packages/airflow/example_dags/example_bash_operator.py
[2025-03-06T23:58:54.945+0100] {processor.py:914} INFO - Processing file /home/erij/Erij_Mazouz_4DS8_churn_ml_project/venv/lib/python3.8/site-packages/airflow/example_dags/example_bash_operator.py for tasks to queue
[2025-03-06T23:58:54.947+0100] {logging_mixin.py:190} INFO - [2025-03-06T23:58:54.947+0100] {dagbag.py:588} INFO - Filling up the DagBag from /home/erij/Erij_Mazouz_4DS8_churn_ml_project/venv/lib/python3.8/site-packages/airflow/example_dags/example_bash_operator.py
[2025-03-06T23:58:54.960+0100] {processor.py:925} INFO - DAG(s) 'example_bash_operator' retrieved from /home/erij/Erij_Mazouz_4DS8_churn_ml_project/venv/lib/python3.8/site-packages/airflow/example_dags/example_bash_operator.py
[2025-03-06T23:58:54.979+0100] {logging_mixin.py:190} INFO - [2025-03-06T23:58:54.979+0100] {dag.py:3239} INFO - Sync 1 DAGs
[2025-03-06T23:58:54.997+0100] {logging_mixin.py:190} INFO - [2025-03-06T23:58:54.997+0100] {dag.py:4180} INFO - Setting next_dagrun for example_bash_operator to 2025-03-05 00:00:00+00:00, run_after=2025-03-06 00:00:00+00:00
[2025-03-06T23:58:55.016+0100] {processor.py:208} INFO - Processing /home/erij/Erij_Mazouz_4DS8_churn_ml_project/venv/lib/python3.8/site-packages/airflow/example_dags/example_bash_operator.py took 0.078 seconds
[2025-03-06T23:59:45.211+0100] {processor.py:186} INFO - Started process (PID=59768) to work on /home/erij/Erij_Mazouz_4DS8_churn_ml_project/venv/lib/python3.8/site-packages/airflow/example_dags/example_bash_operator.py
[2025-03-06T23:59:45.213+0100] {processor.py:914} INFO - Processing file /home/erij/Erij_Mazouz_4DS8_churn_ml_project/venv/lib/python3.8/site-packages/airflow/example_dags/example_bash_operator.py for tasks to queue
[2025-03-06T23:59:45.216+0100] {logging_mixin.py:190} INFO - [2025-03-06T23:59:45.214+0100] {dagbag.py:588} INFO - Filling up the DagBag from /home/erij/Erij_Mazouz_4DS8_churn_ml_project/venv/lib/python3.8/site-packages/airflow/example_dags/example_bash_operator.py
[2025-03-06T23:59:45.229+0100] {processor.py:925} INFO - DAG(s) 'example_bash_operator' retrieved from /home/erij/Erij_Mazouz_4DS8_churn_ml_project/venv/lib/python3.8/site-packages/airflow/example_dags/example_bash_operator.py
[2025-03-06T23:59:45.248+0100] {logging_mixin.py:190} INFO - [2025-03-06T23:59:45.247+0100] {dag.py:3239} INFO - Sync 1 DAGs
[2025-03-06T23:59:45.266+0100] {logging_mixin.py:190} INFO - [2025-03-06T23:59:45.266+0100] {dag.py:4180} INFO - Setting next_dagrun for example_bash_operator to 2025-03-05 00:00:00+00:00, run_after=2025-03-06 00:00:00+00:00
[2025-03-06T23:59:45.283+0100] {processor.py:208} INFO - Processing /home/erij/Erij_Mazouz_4DS8_churn_ml_project/venv/lib/python3.8/site-packages/airflow/example_dags/example_bash_operator.py took 0.079 seconds
[2025-03-07T00:00:38.858+0100] {processor.py:186} INFO - Started process (PID=59966) to work on /home/erij/Erij_Mazouz_4DS8_churn_ml_project/venv/lib/python3.8/site-packages/airflow/example_dags/example_bash_operator.py
[2025-03-07T00:00:38.860+0100] {processor.py:914} INFO - Processing file /home/erij/Erij_Mazouz_4DS8_churn_ml_project/venv/lib/python3.8/site-packages/airflow/example_dags/example_bash_operator.py for tasks to queue
[2025-03-07T00:00:38.862+0100] {logging_mixin.py:190} INFO - [2025-03-07T00:00:38.861+0100] {dagbag.py:588} INFO - Filling up the DagBag from /home/erij/Erij_Mazouz_4DS8_churn_ml_project/venv/lib/python3.8/site-packages/airflow/example_dags/example_bash_operator.py
[2025-03-07T00:00:38.873+0100] {processor.py:925} INFO - DAG(s) 'example_bash_operator' retrieved from /home/erij/Erij_Mazouz_4DS8_churn_ml_project/venv/lib/python3.8/site-packages/airflow/example_dags/example_bash_operator.py
[2025-03-07T00:00:38.892+0100] {logging_mixin.py:190} INFO - [2025-03-07T00:00:38.892+0100] {dag.py:3239} INFO - Sync 1 DAGs
[2025-03-07T00:00:38.909+0100] {logging_mixin.py:190} INFO - [2025-03-07T00:00:38.909+0100] {dag.py:4180} INFO - Setting next_dagrun for example_bash_operator to 2025-03-05 00:00:00+00:00, run_after=2025-03-06 00:00:00+00:00
[2025-03-07T00:00:38.925+0100] {processor.py:208} INFO - Processing /home/erij/Erij_Mazouz_4DS8_churn_ml_project/venv/lib/python3.8/site-packages/airflow/example_dags/example_bash_operator.py took 0.073 seconds
[2025-03-07T00:01:31.579+0100] {processor.py:186} INFO - Started process (PID=60127) to work on /home/erij/Erij_Mazouz_4DS8_churn_ml_project/venv/lib/python3.8/site-packages/airflow/example_dags/example_bash_operator.py
[2025-03-07T00:01:31.581+0100] {processor.py:914} INFO - Processing file /home/erij/Erij_Mazouz_4DS8_churn_ml_project/venv/lib/python3.8/site-packages/airflow/example_dags/example_bash_operator.py for tasks to queue
[2025-03-07T00:01:31.583+0100] {logging_mixin.py:190} INFO - [2025-03-07T00:01:31.583+0100] {dagbag.py:588} INFO - Filling up the DagBag from /home/erij/Erij_Mazouz_4DS8_churn_ml_project/venv/lib/python3.8/site-packages/airflow/example_dags/example_bash_operator.py
[2025-03-07T00:01:31.595+0100] {processor.py:925} INFO - DAG(s) 'example_bash_operator' retrieved from /home/erij/Erij_Mazouz_4DS8_churn_ml_project/venv/lib/python3.8/site-packages/airflow/example_dags/example_bash_operator.py
[2025-03-07T00:01:31.615+0100] {logging_mixin.py:190} INFO - [2025-03-07T00:01:31.615+0100] {dag.py:3239} INFO - Sync 1 DAGs
[2025-03-07T00:01:31.635+0100] {logging_mixin.py:190} INFO - [2025-03-07T00:01:31.635+0100] {dag.py:4180} INFO - Setting next_dagrun for example_bash_operator to 2025-03-05 00:00:00+00:00, run_after=2025-03-06 00:00:00+00:00
[2025-03-07T00:01:31.655+0100] {processor.py:208} INFO - Processing /home/erij/Erij_Mazouz_4DS8_churn_ml_project/venv/lib/python3.8/site-packages/airflow/example_dags/example_bash_operator.py took 0.081 seconds
[2025-03-07T00:02:28.164+0100] {processor.py:186} INFO - Started process (PID=60345) to work on /home/erij/Erij_Mazouz_4DS8_churn_ml_project/venv/lib/python3.8/site-packages/airflow/example_dags/example_bash_operator.py
[2025-03-07T00:02:28.166+0100] {processor.py:914} INFO - Processing file /home/erij/Erij_Mazouz_4DS8_churn_ml_project/venv/lib/python3.8/site-packages/airflow/example_dags/example_bash_operator.py for tasks to queue
[2025-03-07T00:02:28.168+0100] {logging_mixin.py:190} INFO - [2025-03-07T00:02:28.168+0100] {dagbag.py:588} INFO - Filling up the DagBag from /home/erij/Erij_Mazouz_4DS8_churn_ml_project/venv/lib/python3.8/site-packages/airflow/example_dags/example_bash_operator.py
[2025-03-07T00:02:28.181+0100] {processor.py:925} INFO - DAG(s) 'example_bash_operator' retrieved from /home/erij/Erij_Mazouz_4DS8_churn_ml_project/venv/lib/python3.8/site-packages/airflow/example_dags/example_bash_operator.py
[2025-03-07T00:02:28.201+0100] {logging_mixin.py:190} INFO - [2025-03-07T00:02:28.200+0100] {dag.py:3239} INFO - Sync 1 DAGs
[2025-03-07T00:02:28.219+0100] {logging_mixin.py:190} INFO - [2025-03-07T00:02:28.218+0100] {dag.py:4180} INFO - Setting next_dagrun for example_bash_operator to 2025-03-05 00:00:00+00:00, run_after=2025-03-06 00:00:00+00:00
[2025-03-07T00:02:28.237+0100] {processor.py:208} INFO - Processing /home/erij/Erij_Mazouz_4DS8_churn_ml_project/venv/lib/python3.8/site-packages/airflow/example_dags/example_bash_operator.py took 0.078 seconds
