[2025-03-06T23:39:09.720+0100] {processor.py:186} INFO - Started process (PID=55906) to work on /home/erij/Erij_Mazouz_4DS8_churn_ml_project/venv/lib/python3.8/site-packages/airflow/example_dags/tutorial_objectstorage.py
[2025-03-06T23:39:09.721+0100] {processor.py:914} INFO - Processing file /home/erij/Erij_Mazouz_4DS8_churn_ml_project/venv/lib/python3.8/site-packages/airflow/example_dags/tutorial_objectstorage.py for tasks to queue
[2025-03-06T23:39:09.723+0100] {logging_mixin.py:190} INFO - [2025-03-06T23:39:09.722+0100] {dagbag.py:588} INFO - Filling up the DagBag from /home/erij/Erij_Mazouz_4DS8_churn_ml_project/venv/lib/python3.8/site-packages/airflow/example_dags/tutorial_objectstorage.py
[2025-03-06T23:39:09.731+0100] {processor.py:925} INFO - DAG(s) 'tutorial_objectstorage' retrieved from /home/erij/Erij_Mazouz_4DS8_churn_ml_project/venv/lib/python3.8/site-packages/airflow/example_dags/tutorial_objectstorage.py
[2025-03-06T23:39:09.745+0100] {logging_mixin.py:190} INFO - [2025-03-06T23:39:09.745+0100] {dag.py:3239} INFO - Sync 1 DAGs
[2025-03-06T23:39:09.755+0100] {logging_mixin.py:190} INFO - [2025-03-06T23:39:09.755+0100] {dag.py:4180} INFO - Setting next_dagrun for tutorial_objectstorage to None, run_after=None
[2025-03-06T23:39:09.774+0100] {processor.py:208} INFO - Processing /home/erij/Erij_Mazouz_4DS8_churn_ml_project/venv/lib/python3.8/site-packages/airflow/example_dags/tutorial_objectstorage.py took 0.060 seconds
[2025-03-06T23:40:36.252+0100] {processor.py:186} INFO - Started process (PID=56489) to work on /home/erij/Erij_Mazouz_4DS8_churn_ml_project/venv/lib/python3.8/site-packages/airflow/example_dags/tutorial_objectstorage.py
[2025-03-06T23:40:36.254+0100] {processor.py:914} INFO - Processing file /home/erij/Erij_Mazouz_4DS8_churn_ml_project/venv/lib/python3.8/site-packages/airflow/example_dags/tutorial_objectstorage.py for tasks to queue
[2025-03-06T23:40:36.256+0100] {logging_mixin.py:190} INFO - [2025-03-06T23:40:36.256+0100] {dagbag.py:588} INFO - Filling up the DagBag from /home/erij/Erij_Mazouz_4DS8_churn_ml_project/venv/lib/python3.8/site-packages/airflow/example_dags/tutorial_objectstorage.py
[2025-03-06T23:40:36.266+0100] {processor.py:925} INFO - DAG(s) 'tutorial_objectstorage' retrieved from /home/erij/Erij_Mazouz_4DS8_churn_ml_project/venv/lib/python3.8/site-packages/airflow/example_dags/tutorial_objectstorage.py
[2025-03-06T23:40:36.279+0100] {logging_mixin.py:190} INFO - [2025-03-06T23:40:36.278+0100] {dag.py:3239} INFO - Sync 1 DAGs
[2025-03-06T23:40:36.290+0100] {logging_mixin.py:190} INFO - [2025-03-06T23:40:36.290+0100] {dag.py:4180} INFO - Setting next_dagrun for tutorial_objectstorage to None, run_after=None
[2025-03-06T23:40:36.307+0100] {processor.py:208} INFO - Processing /home/erij/Erij_Mazouz_4DS8_churn_ml_project/venv/lib/python3.8/site-packages/airflow/example_dags/tutorial_objectstorage.py took 0.060 seconds
[2025-03-06T23:41:21.547+0100] {processor.py:186} INFO - Started process (PID=56590) to work on /home/erij/Erij_Mazouz_4DS8_churn_ml_project/venv/lib/python3.8/site-packages/airflow/example_dags/tutorial_objectstorage.py
[2025-03-06T23:41:21.549+0100] {processor.py:914} INFO - Processing file /home/erij/Erij_Mazouz_4DS8_churn_ml_project/venv/lib/python3.8/site-packages/airflow/example_dags/tutorial_objectstorage.py for tasks to queue
[2025-03-06T23:41:21.551+0100] {logging_mixin.py:190} INFO - [2025-03-06T23:41:21.551+0100] {dagbag.py:588} INFO - Filling up the DagBag from /home/erij/Erij_Mazouz_4DS8_churn_ml_project/venv/lib/python3.8/site-packages/airflow/example_dags/tutorial_objectstorage.py
[2025-03-06T23:41:21.558+0100] {processor.py:925} INFO - DAG(s) 'tutorial_objectstorage' retrieved from /home/erij/Erij_Mazouz_4DS8_churn_ml_project/venv/lib/python3.8/site-packages/airflow/example_dags/tutorial_objectstorage.py
[2025-03-06T23:41:21.568+0100] {logging_mixin.py:190} INFO - [2025-03-06T23:41:21.568+0100] {dag.py:3239} INFO - Sync 1 DAGs
[2025-03-06T23:41:21.579+0100] {logging_mixin.py:190} INFO - [2025-03-06T23:41:21.579+0100] {dag.py:4180} INFO - Setting next_dagrun for tutorial_objectstorage to None, run_after=None
[2025-03-06T23:41:21.595+0100] {processor.py:208} INFO - Processing /home/erij/Erij_Mazouz_4DS8_churn_ml_project/venv/lib/python3.8/site-packages/airflow/example_dags/tutorial_objectstorage.py took 0.053 seconds
[2025-03-06T23:42:17.365+0100] {processor.py:186} INFO - Started process (PID=56733) to work on /home/erij/Erij_Mazouz_4DS8_churn_ml_project/venv/lib/python3.8/site-packages/airflow/example_dags/tutorial_objectstorage.py
[2025-03-06T23:42:17.367+0100] {processor.py:914} INFO - Processing file /home/erij/Erij_Mazouz_4DS8_churn_ml_project/venv/lib/python3.8/site-packages/airflow/example_dags/tutorial_objectstorage.py for tasks to queue
[2025-03-06T23:42:17.370+0100] {logging_mixin.py:190} INFO - [2025-03-06T23:42:17.370+0100] {dagbag.py:588} INFO - Filling up the DagBag from /home/erij/Erij_Mazouz_4DS8_churn_ml_project/venv/lib/python3.8/site-packages/airflow/example_dags/tutorial_objectstorage.py
[2025-03-06T23:42:17.379+0100] {processor.py:925} INFO - DAG(s) 'tutorial_objectstorage' retrieved from /home/erij/Erij_Mazouz_4DS8_churn_ml_project/venv/lib/python3.8/site-packages/airflow/example_dags/tutorial_objectstorage.py
[2025-03-06T23:42:17.393+0100] {logging_mixin.py:190} INFO - [2025-03-06T23:42:17.392+0100] {dag.py:3239} INFO - Sync 1 DAGs
[2025-03-06T23:42:17.405+0100] {logging_mixin.py:190} INFO - [2025-03-06T23:42:17.404+0100] {dag.py:4180} INFO - Setting next_dagrun for tutorial_objectstorage to None, run_after=None
[2025-03-06T23:42:17.424+0100] {processor.py:208} INFO - Processing /home/erij/Erij_Mazouz_4DS8_churn_ml_project/venv/lib/python3.8/site-packages/airflow/example_dags/tutorial_objectstorage.py took 0.065 seconds
[2025-03-06T23:43:10.276+0100] {processor.py:186} INFO - Started process (PID=56849) to work on /home/erij/Erij_Mazouz_4DS8_churn_ml_project/venv/lib/python3.8/site-packages/airflow/example_dags/tutorial_objectstorage.py
[2025-03-06T23:43:10.279+0100] {processor.py:914} INFO - Processing file /home/erij/Erij_Mazouz_4DS8_churn_ml_project/venv/lib/python3.8/site-packages/airflow/example_dags/tutorial_objectstorage.py for tasks to queue
[2025-03-06T23:43:10.280+0100] {logging_mixin.py:190} INFO - [2025-03-06T23:43:10.280+0100] {dagbag.py:588} INFO - Filling up the DagBag from /home/erij/Erij_Mazouz_4DS8_churn_ml_project/venv/lib/python3.8/site-packages/airflow/example_dags/tutorial_objectstorage.py
[2025-03-06T23:43:10.289+0100] {processor.py:925} INFO - DAG(s) 'tutorial_objectstorage' retrieved from /home/erij/Erij_Mazouz_4DS8_churn_ml_project/venv/lib/python3.8/site-packages/airflow/example_dags/tutorial_objectstorage.py
[2025-03-06T23:43:10.300+0100] {logging_mixin.py:190} INFO - [2025-03-06T23:43:10.300+0100] {dag.py:3239} INFO - Sync 1 DAGs
[2025-03-06T23:43:10.312+0100] {logging_mixin.py:190} INFO - [2025-03-06T23:43:10.311+0100] {dag.py:4180} INFO - Setting next_dagrun for tutorial_objectstorage to None, run_after=None
[2025-03-06T23:43:10.330+0100] {processor.py:208} INFO - Processing /home/erij/Erij_Mazouz_4DS8_churn_ml_project/venv/lib/python3.8/site-packages/airflow/example_dags/tutorial_objectstorage.py took 0.059 seconds
[2025-03-06T23:44:02.981+0100] {processor.py:186} INFO - Started process (PID=56964) to work on /home/erij/Erij_Mazouz_4DS8_churn_ml_project/venv/lib/python3.8/site-packages/airflow/example_dags/tutorial_objectstorage.py
[2025-03-06T23:44:02.984+0100] {processor.py:914} INFO - Processing file /home/erij/Erij_Mazouz_4DS8_churn_ml_project/venv/lib/python3.8/site-packages/airflow/example_dags/tutorial_objectstorage.py for tasks to queue
[2025-03-06T23:44:02.985+0100] {logging_mixin.py:190} INFO - [2025-03-06T23:44:02.985+0100] {dagbag.py:588} INFO - Filling up the DagBag from /home/erij/Erij_Mazouz_4DS8_churn_ml_project/venv/lib/python3.8/site-packages/airflow/example_dags/tutorial_objectstorage.py
[2025-03-06T23:44:02.994+0100] {processor.py:925} INFO - DAG(s) 'tutorial_objectstorage' retrieved from /home/erij/Erij_Mazouz_4DS8_churn_ml_project/venv/lib/python3.8/site-packages/airflow/example_dags/tutorial_objectstorage.py
[2025-03-06T23:44:03.006+0100] {logging_mixin.py:190} INFO - [2025-03-06T23:44:03.006+0100] {dag.py:3239} INFO - Sync 1 DAGs
[2025-03-06T23:44:03.017+0100] {logging_mixin.py:190} INFO - [2025-03-06T23:44:03.017+0100] {dag.py:4180} INFO - Setting next_dagrun for tutorial_objectstorage to None, run_after=None
[2025-03-06T23:44:03.035+0100] {processor.py:208} INFO - Processing /home/erij/Erij_Mazouz_4DS8_churn_ml_project/venv/lib/python3.8/site-packages/airflow/example_dags/tutorial_objectstorage.py took 0.059 seconds
[2025-03-06T23:44:56.194+0100] {processor.py:186} INFO - Started process (PID=57122) to work on /home/erij/Erij_Mazouz_4DS8_churn_ml_project/venv/lib/python3.8/site-packages/airflow/example_dags/tutorial_objectstorage.py
[2025-03-06T23:44:56.197+0100] {processor.py:914} INFO - Processing file /home/erij/Erij_Mazouz_4DS8_churn_ml_project/venv/lib/python3.8/site-packages/airflow/example_dags/tutorial_objectstorage.py for tasks to queue
[2025-03-06T23:44:56.199+0100] {logging_mixin.py:190} INFO - [2025-03-06T23:44:56.199+0100] {dagbag.py:588} INFO - Filling up the DagBag from /home/erij/Erij_Mazouz_4DS8_churn_ml_project/venv/lib/python3.8/site-packages/airflow/example_dags/tutorial_objectstorage.py
[2025-03-06T23:44:56.207+0100] {processor.py:925} INFO - DAG(s) 'tutorial_objectstorage' retrieved from /home/erij/Erij_Mazouz_4DS8_churn_ml_project/venv/lib/python3.8/site-packages/airflow/example_dags/tutorial_objectstorage.py
[2025-03-06T23:44:56.218+0100] {logging_mixin.py:190} INFO - [2025-03-06T23:44:56.218+0100] {dag.py:3239} INFO - Sync 1 DAGs
[2025-03-06T23:44:56.228+0100] {logging_mixin.py:190} INFO - [2025-03-06T23:44:56.228+0100] {dag.py:4180} INFO - Setting next_dagrun for tutorial_objectstorage to None, run_after=None
[2025-03-06T23:44:56.250+0100] {processor.py:208} INFO - Processing /home/erij/Erij_Mazouz_4DS8_churn_ml_project/venv/lib/python3.8/site-packages/airflow/example_dags/tutorial_objectstorage.py took 0.061 seconds
[2025-03-06T23:45:53.992+0100] {processor.py:186} INFO - Started process (PID=57238) to work on /home/erij/Erij_Mazouz_4DS8_churn_ml_project/venv/lib/python3.8/site-packages/airflow/example_dags/tutorial_objectstorage.py
[2025-03-06T23:45:53.993+0100] {processor.py:914} INFO - Processing file /home/erij/Erij_Mazouz_4DS8_churn_ml_project/venv/lib/python3.8/site-packages/airflow/example_dags/tutorial_objectstorage.py for tasks to queue
[2025-03-06T23:45:53.994+0100] {logging_mixin.py:190} INFO - [2025-03-06T23:45:53.994+0100] {dagbag.py:588} INFO - Filling up the DagBag from /home/erij/Erij_Mazouz_4DS8_churn_ml_project/venv/lib/python3.8/site-packages/airflow/example_dags/tutorial_objectstorage.py
[2025-03-06T23:45:54.002+0100] {processor.py:925} INFO - DAG(s) 'tutorial_objectstorage' retrieved from /home/erij/Erij_Mazouz_4DS8_churn_ml_project/venv/lib/python3.8/site-packages/airflow/example_dags/tutorial_objectstorage.py
[2025-03-06T23:45:54.013+0100] {logging_mixin.py:190} INFO - [2025-03-06T23:45:54.013+0100] {dag.py:3239} INFO - Sync 1 DAGs
[2025-03-06T23:45:54.025+0100] {logging_mixin.py:190} INFO - [2025-03-06T23:45:54.025+0100] {dag.py:4180} INFO - Setting next_dagrun for tutorial_objectstorage to None, run_after=None
[2025-03-06T23:45:54.055+0100] {processor.py:208} INFO - Processing /home/erij/Erij_Mazouz_4DS8_churn_ml_project/venv/lib/python3.8/site-packages/airflow/example_dags/tutorial_objectstorage.py took 0.069 seconds
[2025-03-06T23:46:51.258+0100] {processor.py:186} INFO - Started process (PID=57357) to work on /home/erij/Erij_Mazouz_4DS8_churn_ml_project/venv/lib/python3.8/site-packages/airflow/example_dags/tutorial_objectstorage.py
[2025-03-06T23:46:51.259+0100] {processor.py:914} INFO - Processing file /home/erij/Erij_Mazouz_4DS8_churn_ml_project/venv/lib/python3.8/site-packages/airflow/example_dags/tutorial_objectstorage.py for tasks to queue
[2025-03-06T23:46:51.261+0100] {logging_mixin.py:190} INFO - [2025-03-06T23:46:51.261+0100] {dagbag.py:588} INFO - Filling up the DagBag from /home/erij/Erij_Mazouz_4DS8_churn_ml_project/venv/lib/python3.8/site-packages/airflow/example_dags/tutorial_objectstorage.py
[2025-03-06T23:46:51.269+0100] {processor.py:925} INFO - DAG(s) 'tutorial_objectstorage' retrieved from /home/erij/Erij_Mazouz_4DS8_churn_ml_project/venv/lib/python3.8/site-packages/airflow/example_dags/tutorial_objectstorage.py
[2025-03-06T23:46:51.281+0100] {logging_mixin.py:190} INFO - [2025-03-06T23:46:51.281+0100] {dag.py:3239} INFO - Sync 1 DAGs
[2025-03-06T23:46:51.292+0100] {logging_mixin.py:190} INFO - [2025-03-06T23:46:51.292+0100] {dag.py:4180} INFO - Setting next_dagrun for tutorial_objectstorage to None, run_after=None
[2025-03-06T23:46:51.310+0100] {processor.py:208} INFO - Processing /home/erij/Erij_Mazouz_4DS8_churn_ml_project/venv/lib/python3.8/site-packages/airflow/example_dags/tutorial_objectstorage.py took 0.057 seconds
[2025-03-06T23:47:46.027+0100] {processor.py:186} INFO - Started process (PID=57473) to work on /home/erij/Erij_Mazouz_4DS8_churn_ml_project/venv/lib/python3.8/site-packages/airflow/example_dags/tutorial_objectstorage.py
[2025-03-06T23:47:46.030+0100] {processor.py:914} INFO - Processing file /home/erij/Erij_Mazouz_4DS8_churn_ml_project/venv/lib/python3.8/site-packages/airflow/example_dags/tutorial_objectstorage.py for tasks to queue
[2025-03-06T23:47:46.031+0100] {logging_mixin.py:190} INFO - [2025-03-06T23:47:46.031+0100] {dagbag.py:588} INFO - Filling up the DagBag from /home/erij/Erij_Mazouz_4DS8_churn_ml_project/venv/lib/python3.8/site-packages/airflow/example_dags/tutorial_objectstorage.py
[2025-03-06T23:47:46.040+0100] {processor.py:925} INFO - DAG(s) 'tutorial_objectstorage' retrieved from /home/erij/Erij_Mazouz_4DS8_churn_ml_project/venv/lib/python3.8/site-packages/airflow/example_dags/tutorial_objectstorage.py
[2025-03-06T23:47:46.051+0100] {logging_mixin.py:190} INFO - [2025-03-06T23:47:46.050+0100] {dag.py:3239} INFO - Sync 1 DAGs
[2025-03-06T23:47:46.061+0100] {logging_mixin.py:190} INFO - [2025-03-06T23:47:46.061+0100] {dag.py:4180} INFO - Setting next_dagrun for tutorial_objectstorage to None, run_after=None
[2025-03-06T23:47:46.079+0100] {processor.py:208} INFO - Processing /home/erij/Erij_Mazouz_4DS8_churn_ml_project/venv/lib/python3.8/site-packages/airflow/example_dags/tutorial_objectstorage.py took 0.056 seconds
[2025-03-06T23:48:43.628+0100] {processor.py:186} INFO - Started process (PID=57584) to work on /home/erij/Erij_Mazouz_4DS8_churn_ml_project/venv/lib/python3.8/site-packages/airflow/example_dags/tutorial_objectstorage.py
[2025-03-06T23:48:43.631+0100] {processor.py:914} INFO - Processing file /home/erij/Erij_Mazouz_4DS8_churn_ml_project/venv/lib/python3.8/site-packages/airflow/example_dags/tutorial_objectstorage.py for tasks to queue
[2025-03-06T23:48:43.639+0100] {logging_mixin.py:190} INFO - [2025-03-06T23:48:43.638+0100] {dagbag.py:588} INFO - Filling up the DagBag from /home/erij/Erij_Mazouz_4DS8_churn_ml_project/venv/lib/python3.8/site-packages/airflow/example_dags/tutorial_objectstorage.py
[2025-03-06T23:48:43.652+0100] {processor.py:925} INFO - DAG(s) 'tutorial_objectstorage' retrieved from /home/erij/Erij_Mazouz_4DS8_churn_ml_project/venv/lib/python3.8/site-packages/airflow/example_dags/tutorial_objectstorage.py
[2025-03-06T23:48:43.662+0100] {logging_mixin.py:190} INFO - [2025-03-06T23:48:43.662+0100] {dag.py:3239} INFO - Sync 1 DAGs
[2025-03-06T23:48:43.672+0100] {logging_mixin.py:190} INFO - [2025-03-06T23:48:43.672+0100] {dag.py:4180} INFO - Setting next_dagrun for tutorial_objectstorage to None, run_after=None
[2025-03-06T23:48:43.689+0100] {processor.py:208} INFO - Processing /home/erij/Erij_Mazouz_4DS8_churn_ml_project/venv/lib/python3.8/site-packages/airflow/example_dags/tutorial_objectstorage.py took 0.067 seconds
[2025-03-06T23:49:39.892+0100] {processor.py:186} INFO - Started process (PID=57700) to work on /home/erij/Erij_Mazouz_4DS8_churn_ml_project/venv/lib/python3.8/site-packages/airflow/example_dags/tutorial_objectstorage.py
[2025-03-06T23:49:39.893+0100] {processor.py:914} INFO - Processing file /home/erij/Erij_Mazouz_4DS8_churn_ml_project/venv/lib/python3.8/site-packages/airflow/example_dags/tutorial_objectstorage.py for tasks to queue
[2025-03-06T23:49:39.895+0100] {logging_mixin.py:190} INFO - [2025-03-06T23:49:39.895+0100] {dagbag.py:588} INFO - Filling up the DagBag from /home/erij/Erij_Mazouz_4DS8_churn_ml_project/venv/lib/python3.8/site-packages/airflow/example_dags/tutorial_objectstorage.py
[2025-03-06T23:49:39.905+0100] {processor.py:925} INFO - DAG(s) 'tutorial_objectstorage' retrieved from /home/erij/Erij_Mazouz_4DS8_churn_ml_project/venv/lib/python3.8/site-packages/airflow/example_dags/tutorial_objectstorage.py
[2025-03-06T23:49:39.919+0100] {logging_mixin.py:190} INFO - [2025-03-06T23:49:39.919+0100] {dag.py:3239} INFO - Sync 1 DAGs
[2025-03-06T23:49:39.933+0100] {logging_mixin.py:190} INFO - [2025-03-06T23:49:39.933+0100] {dag.py:4180} INFO - Setting next_dagrun for tutorial_objectstorage to None, run_after=None
[2025-03-06T23:49:39.954+0100] {processor.py:208} INFO - Processing /home/erij/Erij_Mazouz_4DS8_churn_ml_project/venv/lib/python3.8/site-packages/airflow/example_dags/tutorial_objectstorage.py took 0.069 seconds
[2025-03-06T23:50:34.682+0100] {processor.py:186} INFO - Started process (PID=57815) to work on /home/erij/Erij_Mazouz_4DS8_churn_ml_project/venv/lib/python3.8/site-packages/airflow/example_dags/tutorial_objectstorage.py
[2025-03-06T23:50:34.684+0100] {processor.py:914} INFO - Processing file /home/erij/Erij_Mazouz_4DS8_churn_ml_project/venv/lib/python3.8/site-packages/airflow/example_dags/tutorial_objectstorage.py for tasks to queue
[2025-03-06T23:50:34.686+0100] {logging_mixin.py:190} INFO - [2025-03-06T23:50:34.686+0100] {dagbag.py:588} INFO - Filling up the DagBag from /home/erij/Erij_Mazouz_4DS8_churn_ml_project/venv/lib/python3.8/site-packages/airflow/example_dags/tutorial_objectstorage.py
[2025-03-06T23:50:34.694+0100] {processor.py:925} INFO - DAG(s) 'tutorial_objectstorage' retrieved from /home/erij/Erij_Mazouz_4DS8_churn_ml_project/venv/lib/python3.8/site-packages/airflow/example_dags/tutorial_objectstorage.py
[2025-03-06T23:50:34.705+0100] {logging_mixin.py:190} INFO - [2025-03-06T23:50:34.705+0100] {dag.py:3239} INFO - Sync 1 DAGs
[2025-03-06T23:50:34.717+0100] {logging_mixin.py:190} INFO - [2025-03-06T23:50:34.717+0100] {dag.py:4180} INFO - Setting next_dagrun for tutorial_objectstorage to None, run_after=None
[2025-03-06T23:50:34.735+0100] {processor.py:208} INFO - Processing /home/erij/Erij_Mazouz_4DS8_churn_ml_project/venv/lib/python3.8/site-packages/airflow/example_dags/tutorial_objectstorage.py took 0.058 seconds
[2025-03-06T23:51:29.949+0100] {processor.py:186} INFO - Started process (PID=57923) to work on /home/erij/Erij_Mazouz_4DS8_churn_ml_project/venv/lib/python3.8/site-packages/airflow/example_dags/tutorial_objectstorage.py
[2025-03-06T23:51:29.951+0100] {processor.py:914} INFO - Processing file /home/erij/Erij_Mazouz_4DS8_churn_ml_project/venv/lib/python3.8/site-packages/airflow/example_dags/tutorial_objectstorage.py for tasks to queue
[2025-03-06T23:51:29.952+0100] {logging_mixin.py:190} INFO - [2025-03-06T23:51:29.952+0100] {dagbag.py:588} INFO - Filling up the DagBag from /home/erij/Erij_Mazouz_4DS8_churn_ml_project/venv/lib/python3.8/site-packages/airflow/example_dags/tutorial_objectstorage.py
[2025-03-06T23:51:29.961+0100] {processor.py:925} INFO - DAG(s) 'tutorial_objectstorage' retrieved from /home/erij/Erij_Mazouz_4DS8_churn_ml_project/venv/lib/python3.8/site-packages/airflow/example_dags/tutorial_objectstorage.py
[2025-03-06T23:51:29.973+0100] {logging_mixin.py:190} INFO - [2025-03-06T23:51:29.973+0100] {dag.py:3239} INFO - Sync 1 DAGs
[2025-03-06T23:51:29.984+0100] {logging_mixin.py:190} INFO - [2025-03-06T23:51:29.984+0100] {dag.py:4180} INFO - Setting next_dagrun for tutorial_objectstorage to None, run_after=None
[2025-03-06T23:51:30.002+0100] {processor.py:208} INFO - Processing /home/erij/Erij_Mazouz_4DS8_churn_ml_project/venv/lib/python3.8/site-packages/airflow/example_dags/tutorial_objectstorage.py took 0.058 seconds
[2025-03-06T23:52:25.353+0100] {processor.py:186} INFO - Started process (PID=58042) to work on /home/erij/Erij_Mazouz_4DS8_churn_ml_project/venv/lib/python3.8/site-packages/airflow/example_dags/tutorial_objectstorage.py
[2025-03-06T23:52:25.355+0100] {processor.py:914} INFO - Processing file /home/erij/Erij_Mazouz_4DS8_churn_ml_project/venv/lib/python3.8/site-packages/airflow/example_dags/tutorial_objectstorage.py for tasks to queue
[2025-03-06T23:52:25.357+0100] {logging_mixin.py:190} INFO - [2025-03-06T23:52:25.357+0100] {dagbag.py:588} INFO - Filling up the DagBag from /home/erij/Erij_Mazouz_4DS8_churn_ml_project/venv/lib/python3.8/site-packages/airflow/example_dags/tutorial_objectstorage.py
[2025-03-06T23:52:25.364+0100] {processor.py:925} INFO - DAG(s) 'tutorial_objectstorage' retrieved from /home/erij/Erij_Mazouz_4DS8_churn_ml_project/venv/lib/python3.8/site-packages/airflow/example_dags/tutorial_objectstorage.py
[2025-03-06T23:52:25.377+0100] {logging_mixin.py:190} INFO - [2025-03-06T23:52:25.377+0100] {dag.py:3239} INFO - Sync 1 DAGs
[2025-03-06T23:52:25.388+0100] {logging_mixin.py:190} INFO - [2025-03-06T23:52:25.388+0100] {dag.py:4180} INFO - Setting next_dagrun for tutorial_objectstorage to None, run_after=None
[2025-03-06T23:52:25.406+0100] {processor.py:208} INFO - Processing /home/erij/Erij_Mazouz_4DS8_churn_ml_project/venv/lib/python3.8/site-packages/airflow/example_dags/tutorial_objectstorage.py took 0.058 seconds
[2025-03-06T23:53:23.063+0100] {processor.py:186} INFO - Started process (PID=58151) to work on /home/erij/Erij_Mazouz_4DS8_churn_ml_project/venv/lib/python3.8/site-packages/airflow/example_dags/tutorial_objectstorage.py
[2025-03-06T23:53:23.065+0100] {processor.py:914} INFO - Processing file /home/erij/Erij_Mazouz_4DS8_churn_ml_project/venv/lib/python3.8/site-packages/airflow/example_dags/tutorial_objectstorage.py for tasks to queue
[2025-03-06T23:53:23.067+0100] {logging_mixin.py:190} INFO - [2025-03-06T23:53:23.067+0100] {dagbag.py:588} INFO - Filling up the DagBag from /home/erij/Erij_Mazouz_4DS8_churn_ml_project/venv/lib/python3.8/site-packages/airflow/example_dags/tutorial_objectstorage.py
[2025-03-06T23:53:23.078+0100] {processor.py:925} INFO - DAG(s) 'tutorial_objectstorage' retrieved from /home/erij/Erij_Mazouz_4DS8_churn_ml_project/venv/lib/python3.8/site-packages/airflow/example_dags/tutorial_objectstorage.py
[2025-03-06T23:53:23.089+0100] {logging_mixin.py:190} INFO - [2025-03-06T23:53:23.089+0100] {dag.py:3239} INFO - Sync 1 DAGs
[2025-03-06T23:53:23.101+0100] {logging_mixin.py:190} INFO - [2025-03-06T23:53:23.101+0100] {dag.py:4180} INFO - Setting next_dagrun for tutorial_objectstorage to None, run_after=None
[2025-03-06T23:53:23.118+0100] {processor.py:208} INFO - Processing /home/erij/Erij_Mazouz_4DS8_churn_ml_project/venv/lib/python3.8/site-packages/airflow/example_dags/tutorial_objectstorage.py took 0.062 seconds
[2025-03-06T23:54:21.425+0100] {processor.py:186} INFO - Started process (PID=58531) to work on /home/erij/Erij_Mazouz_4DS8_churn_ml_project/venv/lib/python3.8/site-packages/airflow/example_dags/tutorial_objectstorage.py
[2025-03-06T23:54:21.426+0100] {processor.py:914} INFO - Processing file /home/erij/Erij_Mazouz_4DS8_churn_ml_project/venv/lib/python3.8/site-packages/airflow/example_dags/tutorial_objectstorage.py for tasks to queue
[2025-03-06T23:54:21.428+0100] {logging_mixin.py:190} INFO - [2025-03-06T23:54:21.428+0100] {dagbag.py:588} INFO - Filling up the DagBag from /home/erij/Erij_Mazouz_4DS8_churn_ml_project/venv/lib/python3.8/site-packages/airflow/example_dags/tutorial_objectstorage.py
[2025-03-06T23:54:21.436+0100] {processor.py:925} INFO - DAG(s) 'tutorial_objectstorage' retrieved from /home/erij/Erij_Mazouz_4DS8_churn_ml_project/venv/lib/python3.8/site-packages/airflow/example_dags/tutorial_objectstorage.py
[2025-03-06T23:54:21.449+0100] {logging_mixin.py:190} INFO - [2025-03-06T23:54:21.449+0100] {dag.py:3239} INFO - Sync 1 DAGs
[2025-03-06T23:54:21.459+0100] {logging_mixin.py:190} INFO - [2025-03-06T23:54:21.458+0100] {dag.py:4180} INFO - Setting next_dagrun for tutorial_objectstorage to None, run_after=None
[2025-03-06T23:54:21.476+0100] {processor.py:208} INFO - Processing /home/erij/Erij_Mazouz_4DS8_churn_ml_project/venv/lib/python3.8/site-packages/airflow/example_dags/tutorial_objectstorage.py took 0.056 seconds
[2025-03-06T23:55:18.243+0100] {processor.py:186} INFO - Started process (PID=59020) to work on /home/erij/Erij_Mazouz_4DS8_churn_ml_project/venv/lib/python3.8/site-packages/airflow/example_dags/tutorial_objectstorage.py
[2025-03-06T23:55:18.245+0100] {processor.py:914} INFO - Processing file /home/erij/Erij_Mazouz_4DS8_churn_ml_project/venv/lib/python3.8/site-packages/airflow/example_dags/tutorial_objectstorage.py for tasks to queue
[2025-03-06T23:55:18.247+0100] {logging_mixin.py:190} INFO - [2025-03-06T23:55:18.246+0100] {dagbag.py:588} INFO - Filling up the DagBag from /home/erij/Erij_Mazouz_4DS8_churn_ml_project/venv/lib/python3.8/site-packages/airflow/example_dags/tutorial_objectstorage.py
[2025-03-06T23:55:18.255+0100] {processor.py:925} INFO - DAG(s) 'tutorial_objectstorage' retrieved from /home/erij/Erij_Mazouz_4DS8_churn_ml_project/venv/lib/python3.8/site-packages/airflow/example_dags/tutorial_objectstorage.py
[2025-03-06T23:55:18.271+0100] {logging_mixin.py:190} INFO - [2025-03-06T23:55:18.271+0100] {dag.py:3239} INFO - Sync 1 DAGs
[2025-03-06T23:55:18.284+0100] {logging_mixin.py:190} INFO - [2025-03-06T23:55:18.284+0100] {dag.py:4180} INFO - Setting next_dagrun for tutorial_objectstorage to None, run_after=None
[2025-03-06T23:55:18.304+0100] {processor.py:208} INFO - Processing /home/erij/Erij_Mazouz_4DS8_churn_ml_project/venv/lib/python3.8/site-packages/airflow/example_dags/tutorial_objectstorage.py took 0.067 seconds
[2025-03-06T23:56:17.490+0100] {processor.py:186} INFO - Started process (PID=59224) to work on /home/erij/Erij_Mazouz_4DS8_churn_ml_project/venv/lib/python3.8/site-packages/airflow/example_dags/tutorial_objectstorage.py
[2025-03-06T23:56:17.493+0100] {processor.py:914} INFO - Processing file /home/erij/Erij_Mazouz_4DS8_churn_ml_project/venv/lib/python3.8/site-packages/airflow/example_dags/tutorial_objectstorage.py for tasks to queue
[2025-03-06T23:56:17.495+0100] {logging_mixin.py:190} INFO - [2025-03-06T23:56:17.494+0100] {dagbag.py:588} INFO - Filling up the DagBag from /home/erij/Erij_Mazouz_4DS8_churn_ml_project/venv/lib/python3.8/site-packages/airflow/example_dags/tutorial_objectstorage.py
[2025-03-06T23:56:17.502+0100] {processor.py:925} INFO - DAG(s) 'tutorial_objectstorage' retrieved from /home/erij/Erij_Mazouz_4DS8_churn_ml_project/venv/lib/python3.8/site-packages/airflow/example_dags/tutorial_objectstorage.py
[2025-03-06T23:56:17.512+0100] {logging_mixin.py:190} INFO - [2025-03-06T23:56:17.512+0100] {dag.py:3239} INFO - Sync 1 DAGs
[2025-03-06T23:56:17.522+0100] {logging_mixin.py:190} INFO - [2025-03-06T23:56:17.522+0100] {dag.py:4180} INFO - Setting next_dagrun for tutorial_objectstorage to None, run_after=None
[2025-03-06T23:56:17.538+0100] {processor.py:208} INFO - Processing /home/erij/Erij_Mazouz_4DS8_churn_ml_project/venv/lib/python3.8/site-packages/airflow/example_dags/tutorial_objectstorage.py took 0.053 seconds
[2025-03-06T23:57:13.416+0100] {processor.py:186} INFO - Started process (PID=59347) to work on /home/erij/Erij_Mazouz_4DS8_churn_ml_project/venv/lib/python3.8/site-packages/airflow/example_dags/tutorial_objectstorage.py
[2025-03-06T23:57:13.418+0100] {processor.py:914} INFO - Processing file /home/erij/Erij_Mazouz_4DS8_churn_ml_project/venv/lib/python3.8/site-packages/airflow/example_dags/tutorial_objectstorage.py for tasks to queue
[2025-03-06T23:57:13.420+0100] {logging_mixin.py:190} INFO - [2025-03-06T23:57:13.419+0100] {dagbag.py:588} INFO - Filling up the DagBag from /home/erij/Erij_Mazouz_4DS8_churn_ml_project/venv/lib/python3.8/site-packages/airflow/example_dags/tutorial_objectstorage.py
[2025-03-06T23:57:13.428+0100] {processor.py:925} INFO - DAG(s) 'tutorial_objectstorage' retrieved from /home/erij/Erij_Mazouz_4DS8_churn_ml_project/venv/lib/python3.8/site-packages/airflow/example_dags/tutorial_objectstorage.py
[2025-03-06T23:57:13.441+0100] {logging_mixin.py:190} INFO - [2025-03-06T23:57:13.441+0100] {dag.py:3239} INFO - Sync 1 DAGs
[2025-03-06T23:57:13.455+0100] {logging_mixin.py:190} INFO - [2025-03-06T23:57:13.454+0100] {dag.py:4180} INFO - Setting next_dagrun for tutorial_objectstorage to None, run_after=None
[2025-03-06T23:57:13.474+0100] {processor.py:208} INFO - Processing /home/erij/Erij_Mazouz_4DS8_churn_ml_project/venv/lib/python3.8/site-packages/airflow/example_dags/tutorial_objectstorage.py took 0.064 seconds
[2025-03-06T23:58:07.997+0100] {processor.py:186} INFO - Started process (PID=59489) to work on /home/erij/Erij_Mazouz_4DS8_churn_ml_project/venv/lib/python3.8/site-packages/airflow/example_dags/tutorial_objectstorage.py
[2025-03-06T23:58:07.999+0100] {processor.py:914} INFO - Processing file /home/erij/Erij_Mazouz_4DS8_churn_ml_project/venv/lib/python3.8/site-packages/airflow/example_dags/tutorial_objectstorage.py for tasks to queue
[2025-03-06T23:58:08.001+0100] {logging_mixin.py:190} INFO - [2025-03-06T23:58:08.000+0100] {dagbag.py:588} INFO - Filling up the DagBag from /home/erij/Erij_Mazouz_4DS8_churn_ml_project/venv/lib/python3.8/site-packages/airflow/example_dags/tutorial_objectstorage.py
[2025-03-06T23:58:08.009+0100] {processor.py:925} INFO - DAG(s) 'tutorial_objectstorage' retrieved from /home/erij/Erij_Mazouz_4DS8_churn_ml_project/venv/lib/python3.8/site-packages/airflow/example_dags/tutorial_objectstorage.py
[2025-03-06T23:58:08.020+0100] {logging_mixin.py:190} INFO - [2025-03-06T23:58:08.020+0100] {dag.py:3239} INFO - Sync 1 DAGs
[2025-03-06T23:58:08.032+0100] {logging_mixin.py:190} INFO - [2025-03-06T23:58:08.031+0100] {dag.py:4180} INFO - Setting next_dagrun for tutorial_objectstorage to None, run_after=None
[2025-03-06T23:58:08.049+0100] {processor.py:208} INFO - Processing /home/erij/Erij_Mazouz_4DS8_churn_ml_project/venv/lib/python3.8/site-packages/airflow/example_dags/tutorial_objectstorage.py took 0.059 seconds
[2025-03-06T23:58:58.940+0100] {processor.py:186} INFO - Started process (PID=59633) to work on /home/erij/Erij_Mazouz_4DS8_churn_ml_project/venv/lib/python3.8/site-packages/airflow/example_dags/tutorial_objectstorage.py
[2025-03-06T23:58:58.942+0100] {processor.py:914} INFO - Processing file /home/erij/Erij_Mazouz_4DS8_churn_ml_project/venv/lib/python3.8/site-packages/airflow/example_dags/tutorial_objectstorage.py for tasks to queue
[2025-03-06T23:58:58.944+0100] {logging_mixin.py:190} INFO - [2025-03-06T23:58:58.943+0100] {dagbag.py:588} INFO - Filling up the DagBag from /home/erij/Erij_Mazouz_4DS8_churn_ml_project/venv/lib/python3.8/site-packages/airflow/example_dags/tutorial_objectstorage.py
[2025-03-06T23:58:58.951+0100] {processor.py:925} INFO - DAG(s) 'tutorial_objectstorage' retrieved from /home/erij/Erij_Mazouz_4DS8_churn_ml_project/venv/lib/python3.8/site-packages/airflow/example_dags/tutorial_objectstorage.py
[2025-03-06T23:58:58.962+0100] {logging_mixin.py:190} INFO - [2025-03-06T23:58:58.961+0100] {dag.py:3239} INFO - Sync 1 DAGs
[2025-03-06T23:58:58.971+0100] {logging_mixin.py:190} INFO - [2025-03-06T23:58:58.971+0100] {dag.py:4180} INFO - Setting next_dagrun for tutorial_objectstorage to None, run_after=None
[2025-03-06T23:58:58.987+0100] {processor.py:208} INFO - Processing /home/erij/Erij_Mazouz_4DS8_churn_ml_project/venv/lib/python3.8/site-packages/airflow/example_dags/tutorial_objectstorage.py took 0.052 seconds
[2025-03-06T23:59:50.353+0100] {processor.py:186} INFO - Started process (PID=59776) to work on /home/erij/Erij_Mazouz_4DS8_churn_ml_project/venv/lib/python3.8/site-packages/airflow/example_dags/tutorial_objectstorage.py
[2025-03-06T23:59:50.355+0100] {processor.py:914} INFO - Processing file /home/erij/Erij_Mazouz_4DS8_churn_ml_project/venv/lib/python3.8/site-packages/airflow/example_dags/tutorial_objectstorage.py for tasks to queue
[2025-03-06T23:59:50.357+0100] {logging_mixin.py:190} INFO - [2025-03-06T23:59:50.356+0100] {dagbag.py:588} INFO - Filling up the DagBag from /home/erij/Erij_Mazouz_4DS8_churn_ml_project/venv/lib/python3.8/site-packages/airflow/example_dags/tutorial_objectstorage.py
[2025-03-06T23:59:50.366+0100] {processor.py:925} INFO - DAG(s) 'tutorial_objectstorage' retrieved from /home/erij/Erij_Mazouz_4DS8_churn_ml_project/venv/lib/python3.8/site-packages/airflow/example_dags/tutorial_objectstorage.py
[2025-03-06T23:59:50.380+0100] {logging_mixin.py:190} INFO - [2025-03-06T23:59:50.380+0100] {dag.py:3239} INFO - Sync 1 DAGs
[2025-03-06T23:59:50.391+0100] {logging_mixin.py:190} INFO - [2025-03-06T23:59:50.391+0100] {dag.py:4180} INFO - Setting next_dagrun for tutorial_objectstorage to None, run_after=None
[2025-03-06T23:59:50.409+0100] {processor.py:208} INFO - Processing /home/erij/Erij_Mazouz_4DS8_churn_ml_project/venv/lib/python3.8/site-packages/airflow/example_dags/tutorial_objectstorage.py took 0.061 seconds
[2025-03-07T00:00:42.864+0100] {processor.py:186} INFO - Started process (PID=59973) to work on /home/erij/Erij_Mazouz_4DS8_churn_ml_project/venv/lib/python3.8/site-packages/airflow/example_dags/tutorial_objectstorage.py
[2025-03-07T00:00:42.866+0100] {processor.py:914} INFO - Processing file /home/erij/Erij_Mazouz_4DS8_churn_ml_project/venv/lib/python3.8/site-packages/airflow/example_dags/tutorial_objectstorage.py for tasks to queue
[2025-03-07T00:00:42.868+0100] {logging_mixin.py:190} INFO - [2025-03-07T00:00:42.868+0100] {dagbag.py:588} INFO - Filling up the DagBag from /home/erij/Erij_Mazouz_4DS8_churn_ml_project/venv/lib/python3.8/site-packages/airflow/example_dags/tutorial_objectstorage.py
[2025-03-07T00:00:42.875+0100] {processor.py:925} INFO - DAG(s) 'tutorial_objectstorage' retrieved from /home/erij/Erij_Mazouz_4DS8_churn_ml_project/venv/lib/python3.8/site-packages/airflow/example_dags/tutorial_objectstorage.py
[2025-03-07T00:00:42.887+0100] {logging_mixin.py:190} INFO - [2025-03-07T00:00:42.886+0100] {dag.py:3239} INFO - Sync 1 DAGs
[2025-03-07T00:00:42.900+0100] {logging_mixin.py:190} INFO - [2025-03-07T00:00:42.900+0100] {dag.py:4180} INFO - Setting next_dagrun for tutorial_objectstorage to None, run_after=None
[2025-03-07T00:00:42.919+0100] {processor.py:208} INFO - Processing /home/erij/Erij_Mazouz_4DS8_churn_ml_project/venv/lib/python3.8/site-packages/airflow/example_dags/tutorial_objectstorage.py took 0.062 seconds
[2025-03-07T00:01:36.453+0100] {processor.py:186} INFO - Started process (PID=60139) to work on /home/erij/Erij_Mazouz_4DS8_churn_ml_project/venv/lib/python3.8/site-packages/airflow/example_dags/tutorial_objectstorage.py
[2025-03-07T00:01:36.455+0100] {processor.py:914} INFO - Processing file /home/erij/Erij_Mazouz_4DS8_churn_ml_project/venv/lib/python3.8/site-packages/airflow/example_dags/tutorial_objectstorage.py for tasks to queue
[2025-03-07T00:01:36.458+0100] {logging_mixin.py:190} INFO - [2025-03-07T00:01:36.457+0100] {dagbag.py:588} INFO - Filling up the DagBag from /home/erij/Erij_Mazouz_4DS8_churn_ml_project/venv/lib/python3.8/site-packages/airflow/example_dags/tutorial_objectstorage.py
[2025-03-07T00:01:36.471+0100] {processor.py:925} INFO - DAG(s) 'tutorial_objectstorage' retrieved from /home/erij/Erij_Mazouz_4DS8_churn_ml_project/venv/lib/python3.8/site-packages/airflow/example_dags/tutorial_objectstorage.py
[2025-03-07T00:01:36.486+0100] {logging_mixin.py:190} INFO - [2025-03-07T00:01:36.485+0100] {dag.py:3239} INFO - Sync 1 DAGs
[2025-03-07T00:01:36.496+0100] {logging_mixin.py:190} INFO - [2025-03-07T00:01:36.496+0100] {dag.py:4180} INFO - Setting next_dagrun for tutorial_objectstorage to None, run_after=None
[2025-03-07T00:01:36.514+0100] {processor.py:208} INFO - Processing /home/erij/Erij_Mazouz_4DS8_churn_ml_project/venv/lib/python3.8/site-packages/airflow/example_dags/tutorial_objectstorage.py took 0.066 seconds
[2025-03-07T00:02:33.307+0100] {processor.py:186} INFO - Started process (PID=60350) to work on /home/erij/Erij_Mazouz_4DS8_churn_ml_project/venv/lib/python3.8/site-packages/airflow/example_dags/tutorial_objectstorage.py
[2025-03-07T00:02:33.310+0100] {processor.py:914} INFO - Processing file /home/erij/Erij_Mazouz_4DS8_churn_ml_project/venv/lib/python3.8/site-packages/airflow/example_dags/tutorial_objectstorage.py for tasks to queue
[2025-03-07T00:02:33.312+0100] {logging_mixin.py:190} INFO - [2025-03-07T00:02:33.311+0100] {dagbag.py:588} INFO - Filling up the DagBag from /home/erij/Erij_Mazouz_4DS8_churn_ml_project/venv/lib/python3.8/site-packages/airflow/example_dags/tutorial_objectstorage.py
[2025-03-07T00:02:33.320+0100] {processor.py:925} INFO - DAG(s) 'tutorial_objectstorage' retrieved from /home/erij/Erij_Mazouz_4DS8_churn_ml_project/venv/lib/python3.8/site-packages/airflow/example_dags/tutorial_objectstorage.py
[2025-03-07T00:02:33.331+0100] {logging_mixin.py:190} INFO - [2025-03-07T00:02:33.331+0100] {dag.py:3239} INFO - Sync 1 DAGs
[2025-03-07T00:02:33.342+0100] {logging_mixin.py:190} INFO - [2025-03-07T00:02:33.342+0100] {dag.py:4180} INFO - Setting next_dagrun for tutorial_objectstorage to None, run_after=None
[2025-03-07T00:02:33.358+0100] {processor.py:208} INFO - Processing /home/erij/Erij_Mazouz_4DS8_churn_ml_project/venv/lib/python3.8/site-packages/airflow/example_dags/tutorial_objectstorage.py took 0.058 seconds
