[2025-03-06T23:39:36.834+0100] {processor.py:186} INFO - Started process (PID=56048) to work on /home/erij/Erij_Mazouz_4DS8_churn_ml_project/venv/lib/python3.8/site-packages/airflow/example_dags/tutorial_taskflow_templates.py
[2025-03-06T23:39:36.835+0100] {processor.py:914} INFO - Processing file /home/erij/Erij_Mazouz_4DS8_churn_ml_project/venv/lib/python3.8/site-packages/airflow/example_dags/tutorial_taskflow_templates.py for tasks to queue
[2025-03-06T23:39:36.837+0100] {logging_mixin.py:190} INFO - [2025-03-06T23:39:36.837+0100] {dagbag.py:588} INFO - Filling up the DagBag from /home/erij/Erij_Mazouz_4DS8_churn_ml_project/venv/lib/python3.8/site-packages/airflow/example_dags/tutorial_taskflow_templates.py
[2025-03-06T23:39:36.850+0100] {processor.py:925} INFO - DAG(s) 'tutorial_taskflow_templates' retrieved from /home/erij/Erij_Mazouz_4DS8_churn_ml_project/venv/lib/python3.8/site-packages/airflow/example_dags/tutorial_taskflow_templates.py
[2025-03-06T23:39:36.866+0100] {logging_mixin.py:190} INFO - [2025-03-06T23:39:36.865+0100] {dag.py:3239} INFO - Sync 1 DAGs
[2025-03-06T23:39:36.888+0100] {logging_mixin.py:190} INFO - [2025-03-06T23:39:36.888+0100] {dag.py:4180} INFO - Setting next_dagrun for tutorial_taskflow_templates to 2025-03-05 00:00:00+00:00, run_after=2025-03-06 00:00:00+00:00
[2025-03-06T23:39:36.910+0100] {processor.py:208} INFO - Processing /home/erij/Erij_Mazouz_4DS8_churn_ml_project/venv/lib/python3.8/site-packages/airflow/example_dags/tutorial_taskflow_templates.py took 0.081 seconds
[2025-03-06T23:41:05.383+0100] {processor.py:186} INFO - Started process (PID=56548) to work on /home/erij/Erij_Mazouz_4DS8_churn_ml_project/venv/lib/python3.8/site-packages/airflow/example_dags/tutorial_taskflow_templates.py
[2025-03-06T23:41:05.385+0100] {processor.py:914} INFO - Processing file /home/erij/Erij_Mazouz_4DS8_churn_ml_project/venv/lib/python3.8/site-packages/airflow/example_dags/tutorial_taskflow_templates.py for tasks to queue
[2025-03-06T23:41:05.387+0100] {logging_mixin.py:190} INFO - [2025-03-06T23:41:05.386+0100] {dagbag.py:588} INFO - Filling up the DagBag from /home/erij/Erij_Mazouz_4DS8_churn_ml_project/venv/lib/python3.8/site-packages/airflow/example_dags/tutorial_taskflow_templates.py
[2025-03-06T23:41:05.399+0100] {processor.py:925} INFO - DAG(s) 'tutorial_taskflow_templates' retrieved from /home/erij/Erij_Mazouz_4DS8_churn_ml_project/venv/lib/python3.8/site-packages/airflow/example_dags/tutorial_taskflow_templates.py
[2025-03-06T23:41:05.413+0100] {logging_mixin.py:190} INFO - [2025-03-06T23:41:05.412+0100] {dag.py:3239} INFO - Sync 1 DAGs
[2025-03-06T23:41:05.432+0100] {logging_mixin.py:190} INFO - [2025-03-06T23:41:05.432+0100] {dag.py:4180} INFO - Setting next_dagrun for tutorial_taskflow_templates to 2025-03-05 00:00:00+00:00, run_after=2025-03-06 00:00:00+00:00
[2025-03-06T23:41:05.448+0100] {processor.py:208} INFO - Processing /home/erij/Erij_Mazouz_4DS8_churn_ml_project/venv/lib/python3.8/site-packages/airflow/example_dags/tutorial_taskflow_templates.py took 0.070 seconds
[2025-03-06T23:42:01.948+0100] {processor.py:186} INFO - Started process (PID=56684) to work on /home/erij/Erij_Mazouz_4DS8_churn_ml_project/venv/lib/python3.8/site-packages/airflow/example_dags/tutorial_taskflow_templates.py
[2025-03-06T23:42:01.950+0100] {processor.py:914} INFO - Processing file /home/erij/Erij_Mazouz_4DS8_churn_ml_project/venv/lib/python3.8/site-packages/airflow/example_dags/tutorial_taskflow_templates.py for tasks to queue
[2025-03-06T23:42:01.952+0100] {logging_mixin.py:190} INFO - [2025-03-06T23:42:01.952+0100] {dagbag.py:588} INFO - Filling up the DagBag from /home/erij/Erij_Mazouz_4DS8_churn_ml_project/venv/lib/python3.8/site-packages/airflow/example_dags/tutorial_taskflow_templates.py
[2025-03-06T23:42:01.965+0100] {processor.py:925} INFO - DAG(s) 'tutorial_taskflow_templates' retrieved from /home/erij/Erij_Mazouz_4DS8_churn_ml_project/venv/lib/python3.8/site-packages/airflow/example_dags/tutorial_taskflow_templates.py
[2025-03-06T23:42:01.980+0100] {logging_mixin.py:190} INFO - [2025-03-06T23:42:01.980+0100] {dag.py:3239} INFO - Sync 1 DAGs
[2025-03-06T23:42:02.001+0100] {logging_mixin.py:190} INFO - [2025-03-06T23:42:02.000+0100] {dag.py:4180} INFO - Setting next_dagrun for tutorial_taskflow_templates to 2025-03-05 00:00:00+00:00, run_after=2025-03-06 00:00:00+00:00
[2025-03-06T23:42:02.020+0100] {processor.py:208} INFO - Processing /home/erij/Erij_Mazouz_4DS8_churn_ml_project/venv/lib/python3.8/site-packages/airflow/example_dags/tutorial_taskflow_templates.py took 0.078 seconds
[2025-03-06T23:43:13.834+0100] {processor.py:186} INFO - Started process (PID=56853) to work on /home/erij/Erij_Mazouz_4DS8_churn_ml_project/venv/lib/python3.8/site-packages/airflow/example_dags/tutorial_taskflow_templates.py
[2025-03-06T23:43:13.836+0100] {processor.py:914} INFO - Processing file /home/erij/Erij_Mazouz_4DS8_churn_ml_project/venv/lib/python3.8/site-packages/airflow/example_dags/tutorial_taskflow_templates.py for tasks to queue
[2025-03-06T23:43:13.838+0100] {logging_mixin.py:190} INFO - [2025-03-06T23:43:13.838+0100] {dagbag.py:588} INFO - Filling up the DagBag from /home/erij/Erij_Mazouz_4DS8_churn_ml_project/venv/lib/python3.8/site-packages/airflow/example_dags/tutorial_taskflow_templates.py
[2025-03-06T23:43:13.850+0100] {processor.py:925} INFO - DAG(s) 'tutorial_taskflow_templates' retrieved from /home/erij/Erij_Mazouz_4DS8_churn_ml_project/venv/lib/python3.8/site-packages/airflow/example_dags/tutorial_taskflow_templates.py
[2025-03-06T23:43:13.863+0100] {logging_mixin.py:190} INFO - [2025-03-06T23:43:13.862+0100] {dag.py:3239} INFO - Sync 1 DAGs
[2025-03-06T23:43:13.880+0100] {logging_mixin.py:190} INFO - [2025-03-06T23:43:13.880+0100] {dag.py:4180} INFO - Setting next_dagrun for tutorial_taskflow_templates to 2025-03-05 00:00:00+00:00, run_after=2025-03-06 00:00:00+00:00
[2025-03-06T23:43:13.898+0100] {processor.py:208} INFO - Processing /home/erij/Erij_Mazouz_4DS8_churn_ml_project/venv/lib/python3.8/site-packages/airflow/example_dags/tutorial_taskflow_templates.py took 0.069 seconds
[2025-03-06T23:44:06.985+0100] {processor.py:186} INFO - Started process (PID=56975) to work on /home/erij/Erij_Mazouz_4DS8_churn_ml_project/venv/lib/python3.8/site-packages/airflow/example_dags/tutorial_taskflow_templates.py
[2025-03-06T23:44:06.988+0100] {processor.py:914} INFO - Processing file /home/erij/Erij_Mazouz_4DS8_churn_ml_project/venv/lib/python3.8/site-packages/airflow/example_dags/tutorial_taskflow_templates.py for tasks to queue
[2025-03-06T23:44:06.990+0100] {logging_mixin.py:190} INFO - [2025-03-06T23:44:06.990+0100] {dagbag.py:588} INFO - Filling up the DagBag from /home/erij/Erij_Mazouz_4DS8_churn_ml_project/venv/lib/python3.8/site-packages/airflow/example_dags/tutorial_taskflow_templates.py
[2025-03-06T23:44:07.001+0100] {processor.py:925} INFO - DAG(s) 'tutorial_taskflow_templates' retrieved from /home/erij/Erij_Mazouz_4DS8_churn_ml_project/venv/lib/python3.8/site-packages/airflow/example_dags/tutorial_taskflow_templates.py
[2025-03-06T23:44:07.012+0100] {logging_mixin.py:190} INFO - [2025-03-06T23:44:07.012+0100] {dag.py:3239} INFO - Sync 1 DAGs
[2025-03-06T23:44:07.029+0100] {logging_mixin.py:190} INFO - [2025-03-06T23:44:07.028+0100] {dag.py:4180} INFO - Setting next_dagrun for tutorial_taskflow_templates to 2025-03-05 00:00:00+00:00, run_after=2025-03-06 00:00:00+00:00
[2025-03-06T23:44:07.047+0100] {processor.py:208} INFO - Processing /home/erij/Erij_Mazouz_4DS8_churn_ml_project/venv/lib/python3.8/site-packages/airflow/example_dags/tutorial_taskflow_templates.py took 0.067 seconds
[2025-03-06T23:45:02.056+0100] {processor.py:186} INFO - Started process (PID=57131) to work on /home/erij/Erij_Mazouz_4DS8_churn_ml_project/venv/lib/python3.8/site-packages/airflow/example_dags/tutorial_taskflow_templates.py
[2025-03-06T23:45:02.057+0100] {processor.py:914} INFO - Processing file /home/erij/Erij_Mazouz_4DS8_churn_ml_project/venv/lib/python3.8/site-packages/airflow/example_dags/tutorial_taskflow_templates.py for tasks to queue
[2025-03-06T23:45:02.059+0100] {logging_mixin.py:190} INFO - [2025-03-06T23:45:02.059+0100] {dagbag.py:588} INFO - Filling up the DagBag from /home/erij/Erij_Mazouz_4DS8_churn_ml_project/venv/lib/python3.8/site-packages/airflow/example_dags/tutorial_taskflow_templates.py
[2025-03-06T23:45:02.070+0100] {processor.py:925} INFO - DAG(s) 'tutorial_taskflow_templates' retrieved from /home/erij/Erij_Mazouz_4DS8_churn_ml_project/venv/lib/python3.8/site-packages/airflow/example_dags/tutorial_taskflow_templates.py
[2025-03-06T23:45:02.081+0100] {logging_mixin.py:190} INFO - [2025-03-06T23:45:02.081+0100] {dag.py:3239} INFO - Sync 1 DAGs
[2025-03-06T23:45:02.097+0100] {logging_mixin.py:190} INFO - [2025-03-06T23:45:02.097+0100] {dag.py:4180} INFO - Setting next_dagrun for tutorial_taskflow_templates to 2025-03-05 00:00:00+00:00, run_after=2025-03-06 00:00:00+00:00
[2025-03-06T23:45:02.121+0100] {processor.py:208} INFO - Processing /home/erij/Erij_Mazouz_4DS8_churn_ml_project/venv/lib/python3.8/site-packages/airflow/example_dags/tutorial_taskflow_templates.py took 0.070 seconds
[2025-03-06T23:45:59.709+0100] {processor.py:186} INFO - Started process (PID=57252) to work on /home/erij/Erij_Mazouz_4DS8_churn_ml_project/venv/lib/python3.8/site-packages/airflow/example_dags/tutorial_taskflow_templates.py
[2025-03-06T23:45:59.711+0100] {processor.py:914} INFO - Processing file /home/erij/Erij_Mazouz_4DS8_churn_ml_project/venv/lib/python3.8/site-packages/airflow/example_dags/tutorial_taskflow_templates.py for tasks to queue
[2025-03-06T23:45:59.713+0100] {logging_mixin.py:190} INFO - [2025-03-06T23:45:59.712+0100] {dagbag.py:588} INFO - Filling up the DagBag from /home/erij/Erij_Mazouz_4DS8_churn_ml_project/venv/lib/python3.8/site-packages/airflow/example_dags/tutorial_taskflow_templates.py
[2025-03-06T23:45:59.724+0100] {processor.py:925} INFO - DAG(s) 'tutorial_taskflow_templates' retrieved from /home/erij/Erij_Mazouz_4DS8_churn_ml_project/venv/lib/python3.8/site-packages/airflow/example_dags/tutorial_taskflow_templates.py
[2025-03-06T23:45:59.738+0100] {logging_mixin.py:190} INFO - [2025-03-06T23:45:59.738+0100] {dag.py:3239} INFO - Sync 1 DAGs
[2025-03-06T23:45:59.756+0100] {logging_mixin.py:190} INFO - [2025-03-06T23:45:59.756+0100] {dag.py:4180} INFO - Setting next_dagrun for tutorial_taskflow_templates to 2025-03-05 00:00:00+00:00, run_after=2025-03-06 00:00:00+00:00
[2025-03-06T23:45:59.798+0100] {processor.py:208} INFO - Processing /home/erij/Erij_Mazouz_4DS8_churn_ml_project/venv/lib/python3.8/site-packages/airflow/example_dags/tutorial_taskflow_templates.py took 0.094 seconds
[2025-03-06T23:46:56.402+0100] {processor.py:186} INFO - Started process (PID=57370) to work on /home/erij/Erij_Mazouz_4DS8_churn_ml_project/venv/lib/python3.8/site-packages/airflow/example_dags/tutorial_taskflow_templates.py
[2025-03-06T23:46:56.404+0100] {processor.py:914} INFO - Processing file /home/erij/Erij_Mazouz_4DS8_churn_ml_project/venv/lib/python3.8/site-packages/airflow/example_dags/tutorial_taskflow_templates.py for tasks to queue
[2025-03-06T23:46:56.406+0100] {logging_mixin.py:190} INFO - [2025-03-06T23:46:56.406+0100] {dagbag.py:588} INFO - Filling up the DagBag from /home/erij/Erij_Mazouz_4DS8_churn_ml_project/venv/lib/python3.8/site-packages/airflow/example_dags/tutorial_taskflow_templates.py
[2025-03-06T23:46:56.418+0100] {processor.py:925} INFO - DAG(s) 'tutorial_taskflow_templates' retrieved from /home/erij/Erij_Mazouz_4DS8_churn_ml_project/venv/lib/python3.8/site-packages/airflow/example_dags/tutorial_taskflow_templates.py
[2025-03-06T23:46:56.430+0100] {logging_mixin.py:190} INFO - [2025-03-06T23:46:56.430+0100] {dag.py:3239} INFO - Sync 1 DAGs
[2025-03-06T23:46:56.448+0100] {logging_mixin.py:190} INFO - [2025-03-06T23:46:56.448+0100] {dag.py:4180} INFO - Setting next_dagrun for tutorial_taskflow_templates to 2025-03-05 00:00:00+00:00, run_after=2025-03-06 00:00:00+00:00
[2025-03-06T23:46:56.466+0100] {processor.py:208} INFO - Processing /home/erij/Erij_Mazouz_4DS8_churn_ml_project/venv/lib/python3.8/site-packages/airflow/example_dags/tutorial_taskflow_templates.py took 0.069 seconds
[2025-03-06T23:47:51.844+0100] {processor.py:186} INFO - Started process (PID=57479) to work on /home/erij/Erij_Mazouz_4DS8_churn_ml_project/venv/lib/python3.8/site-packages/airflow/example_dags/tutorial_taskflow_templates.py
[2025-03-06T23:47:51.846+0100] {processor.py:914} INFO - Processing file /home/erij/Erij_Mazouz_4DS8_churn_ml_project/venv/lib/python3.8/site-packages/airflow/example_dags/tutorial_taskflow_templates.py for tasks to queue
[2025-03-06T23:47:51.848+0100] {logging_mixin.py:190} INFO - [2025-03-06T23:47:51.847+0100] {dagbag.py:588} INFO - Filling up the DagBag from /home/erij/Erij_Mazouz_4DS8_churn_ml_project/venv/lib/python3.8/site-packages/airflow/example_dags/tutorial_taskflow_templates.py
[2025-03-06T23:47:51.861+0100] {processor.py:925} INFO - DAG(s) 'tutorial_taskflow_templates' retrieved from /home/erij/Erij_Mazouz_4DS8_churn_ml_project/venv/lib/python3.8/site-packages/airflow/example_dags/tutorial_taskflow_templates.py
[2025-03-06T23:47:51.875+0100] {logging_mixin.py:190} INFO - [2025-03-06T23:47:51.875+0100] {dag.py:3239} INFO - Sync 1 DAGs
[2025-03-06T23:47:51.895+0100] {logging_mixin.py:190} INFO - [2025-03-06T23:47:51.894+0100] {dag.py:4180} INFO - Setting next_dagrun for tutorial_taskflow_templates to 2025-03-05 00:00:00+00:00, run_after=2025-03-06 00:00:00+00:00
[2025-03-06T23:47:51.912+0100] {processor.py:208} INFO - Processing /home/erij/Erij_Mazouz_4DS8_churn_ml_project/venv/lib/python3.8/site-packages/airflow/example_dags/tutorial_taskflow_templates.py took 0.074 seconds
[2025-03-06T23:48:49.657+0100] {processor.py:186} INFO - Started process (PID=57597) to work on /home/erij/Erij_Mazouz_4DS8_churn_ml_project/venv/lib/python3.8/site-packages/airflow/example_dags/tutorial_taskflow_templates.py
[2025-03-06T23:48:49.659+0100] {processor.py:914} INFO - Processing file /home/erij/Erij_Mazouz_4DS8_churn_ml_project/venv/lib/python3.8/site-packages/airflow/example_dags/tutorial_taskflow_templates.py for tasks to queue
[2025-03-06T23:48:49.661+0100] {logging_mixin.py:190} INFO - [2025-03-06T23:48:49.661+0100] {dagbag.py:588} INFO - Filling up the DagBag from /home/erij/Erij_Mazouz_4DS8_churn_ml_project/venv/lib/python3.8/site-packages/airflow/example_dags/tutorial_taskflow_templates.py
[2025-03-06T23:48:49.673+0100] {processor.py:925} INFO - DAG(s) 'tutorial_taskflow_templates' retrieved from /home/erij/Erij_Mazouz_4DS8_churn_ml_project/venv/lib/python3.8/site-packages/airflow/example_dags/tutorial_taskflow_templates.py
[2025-03-06T23:48:49.685+0100] {logging_mixin.py:190} INFO - [2025-03-06T23:48:49.685+0100] {dag.py:3239} INFO - Sync 1 DAGs
[2025-03-06T23:48:49.702+0100] {logging_mixin.py:190} INFO - [2025-03-06T23:48:49.702+0100] {dag.py:4180} INFO - Setting next_dagrun for tutorial_taskflow_templates to 2025-03-05 00:00:00+00:00, run_after=2025-03-06 00:00:00+00:00
[2025-03-06T23:48:49.721+0100] {processor.py:208} INFO - Processing /home/erij/Erij_Mazouz_4DS8_churn_ml_project/venv/lib/python3.8/site-packages/airflow/example_dags/tutorial_taskflow_templates.py took 0.069 seconds
[2025-03-06T23:49:46.183+0100] {processor.py:186} INFO - Started process (PID=57714) to work on /home/erij/Erij_Mazouz_4DS8_churn_ml_project/venv/lib/python3.8/site-packages/airflow/example_dags/tutorial_taskflow_templates.py
[2025-03-06T23:49:46.186+0100] {processor.py:914} INFO - Processing file /home/erij/Erij_Mazouz_4DS8_churn_ml_project/venv/lib/python3.8/site-packages/airflow/example_dags/tutorial_taskflow_templates.py for tasks to queue
[2025-03-06T23:49:46.188+0100] {logging_mixin.py:190} INFO - [2025-03-06T23:49:46.188+0100] {dagbag.py:588} INFO - Filling up the DagBag from /home/erij/Erij_Mazouz_4DS8_churn_ml_project/venv/lib/python3.8/site-packages/airflow/example_dags/tutorial_taskflow_templates.py
[2025-03-06T23:49:46.203+0100] {processor.py:925} INFO - DAG(s) 'tutorial_taskflow_templates' retrieved from /home/erij/Erij_Mazouz_4DS8_churn_ml_project/venv/lib/python3.8/site-packages/airflow/example_dags/tutorial_taskflow_templates.py
[2025-03-06T23:49:46.219+0100] {logging_mixin.py:190} INFO - [2025-03-06T23:49:46.219+0100] {dag.py:3239} INFO - Sync 1 DAGs
[2025-03-06T23:49:46.242+0100] {logging_mixin.py:190} INFO - [2025-03-06T23:49:46.241+0100] {dag.py:4180} INFO - Setting next_dagrun for tutorial_taskflow_templates to 2025-03-05 00:00:00+00:00, run_after=2025-03-06 00:00:00+00:00
[2025-03-06T23:49:46.262+0100] {processor.py:208} INFO - Processing /home/erij/Erij_Mazouz_4DS8_churn_ml_project/venv/lib/python3.8/site-packages/airflow/example_dags/tutorial_taskflow_templates.py took 0.086 seconds
[2025-03-06T23:50:40.539+0100] {processor.py:186} INFO - Started process (PID=57821) to work on /home/erij/Erij_Mazouz_4DS8_churn_ml_project/venv/lib/python3.8/site-packages/airflow/example_dags/tutorial_taskflow_templates.py
[2025-03-06T23:50:40.541+0100] {processor.py:914} INFO - Processing file /home/erij/Erij_Mazouz_4DS8_churn_ml_project/venv/lib/python3.8/site-packages/airflow/example_dags/tutorial_taskflow_templates.py for tasks to queue
[2025-03-06T23:50:40.543+0100] {logging_mixin.py:190} INFO - [2025-03-06T23:50:40.543+0100] {dagbag.py:588} INFO - Filling up the DagBag from /home/erij/Erij_Mazouz_4DS8_churn_ml_project/venv/lib/python3.8/site-packages/airflow/example_dags/tutorial_taskflow_templates.py
[2025-03-06T23:50:40.554+0100] {processor.py:925} INFO - DAG(s) 'tutorial_taskflow_templates' retrieved from /home/erij/Erij_Mazouz_4DS8_churn_ml_project/venv/lib/python3.8/site-packages/airflow/example_dags/tutorial_taskflow_templates.py
[2025-03-06T23:50:40.565+0100] {logging_mixin.py:190} INFO - [2025-03-06T23:50:40.565+0100] {dag.py:3239} INFO - Sync 1 DAGs
[2025-03-06T23:50:40.581+0100] {logging_mixin.py:190} INFO - [2025-03-06T23:50:40.581+0100] {dag.py:4180} INFO - Setting next_dagrun for tutorial_taskflow_templates to 2025-03-05 00:00:00+00:00, run_after=2025-03-06 00:00:00+00:00
[2025-03-06T23:50:40.597+0100] {processor.py:208} INFO - Processing /home/erij/Erij_Mazouz_4DS8_churn_ml_project/venv/lib/python3.8/site-packages/airflow/example_dags/tutorial_taskflow_templates.py took 0.063 seconds
[2025-03-06T23:51:36.224+0100] {processor.py:186} INFO - Started process (PID=57936) to work on /home/erij/Erij_Mazouz_4DS8_churn_ml_project/venv/lib/python3.8/site-packages/airflow/example_dags/tutorial_taskflow_templates.py
[2025-03-06T23:51:36.226+0100] {processor.py:914} INFO - Processing file /home/erij/Erij_Mazouz_4DS8_churn_ml_project/venv/lib/python3.8/site-packages/airflow/example_dags/tutorial_taskflow_templates.py for tasks to queue
[2025-03-06T23:51:36.228+0100] {logging_mixin.py:190} INFO - [2025-03-06T23:51:36.228+0100] {dagbag.py:588} INFO - Filling up the DagBag from /home/erij/Erij_Mazouz_4DS8_churn_ml_project/venv/lib/python3.8/site-packages/airflow/example_dags/tutorial_taskflow_templates.py
[2025-03-06T23:51:36.241+0100] {processor.py:925} INFO - DAG(s) 'tutorial_taskflow_templates' retrieved from /home/erij/Erij_Mazouz_4DS8_churn_ml_project/venv/lib/python3.8/site-packages/airflow/example_dags/tutorial_taskflow_templates.py
[2025-03-06T23:51:36.254+0100] {logging_mixin.py:190} INFO - [2025-03-06T23:51:36.254+0100] {dag.py:3239} INFO - Sync 1 DAGs
[2025-03-06T23:51:36.272+0100] {logging_mixin.py:190} INFO - [2025-03-06T23:51:36.272+0100] {dag.py:4180} INFO - Setting next_dagrun for tutorial_taskflow_templates to 2025-03-05 00:00:00+00:00, run_after=2025-03-06 00:00:00+00:00
[2025-03-06T23:51:36.290+0100] {processor.py:208} INFO - Processing /home/erij/Erij_Mazouz_4DS8_churn_ml_project/venv/lib/python3.8/site-packages/airflow/example_dags/tutorial_taskflow_templates.py took 0.071 seconds
[2025-03-06T23:52:31.644+0100] {processor.py:186} INFO - Started process (PID=58048) to work on /home/erij/Erij_Mazouz_4DS8_churn_ml_project/venv/lib/python3.8/site-packages/airflow/example_dags/tutorial_taskflow_templates.py
[2025-03-06T23:52:31.647+0100] {processor.py:914} INFO - Processing file /home/erij/Erij_Mazouz_4DS8_churn_ml_project/venv/lib/python3.8/site-packages/airflow/example_dags/tutorial_taskflow_templates.py for tasks to queue
[2025-03-06T23:52:31.648+0100] {logging_mixin.py:190} INFO - [2025-03-06T23:52:31.648+0100] {dagbag.py:588} INFO - Filling up the DagBag from /home/erij/Erij_Mazouz_4DS8_churn_ml_project/venv/lib/python3.8/site-packages/airflow/example_dags/tutorial_taskflow_templates.py
[2025-03-06T23:52:31.659+0100] {processor.py:925} INFO - DAG(s) 'tutorial_taskflow_templates' retrieved from /home/erij/Erij_Mazouz_4DS8_churn_ml_project/venv/lib/python3.8/site-packages/airflow/example_dags/tutorial_taskflow_templates.py
[2025-03-06T23:52:31.672+0100] {logging_mixin.py:190} INFO - [2025-03-06T23:52:31.672+0100] {dag.py:3239} INFO - Sync 1 DAGs
[2025-03-06T23:52:31.688+0100] {logging_mixin.py:190} INFO - [2025-03-06T23:52:31.688+0100] {dag.py:4180} INFO - Setting next_dagrun for tutorial_taskflow_templates to 2025-03-05 00:00:00+00:00, run_after=2025-03-06 00:00:00+00:00
[2025-03-06T23:52:31.705+0100] {processor.py:208} INFO - Processing /home/erij/Erij_Mazouz_4DS8_churn_ml_project/venv/lib/python3.8/site-packages/airflow/example_dags/tutorial_taskflow_templates.py took 0.067 seconds
[2025-03-06T23:53:29.317+0100] {processor.py:186} INFO - Started process (PID=58164) to work on /home/erij/Erij_Mazouz_4DS8_churn_ml_project/venv/lib/python3.8/site-packages/airflow/example_dags/tutorial_taskflow_templates.py
[2025-03-06T23:53:29.318+0100] {processor.py:914} INFO - Processing file /home/erij/Erij_Mazouz_4DS8_churn_ml_project/venv/lib/python3.8/site-packages/airflow/example_dags/tutorial_taskflow_templates.py for tasks to queue
[2025-03-06T23:53:29.320+0100] {logging_mixin.py:190} INFO - [2025-03-06T23:53:29.320+0100] {dagbag.py:588} INFO - Filling up the DagBag from /home/erij/Erij_Mazouz_4DS8_churn_ml_project/venv/lib/python3.8/site-packages/airflow/example_dags/tutorial_taskflow_templates.py
[2025-03-06T23:53:29.333+0100] {processor.py:925} INFO - DAG(s) 'tutorial_taskflow_templates' retrieved from /home/erij/Erij_Mazouz_4DS8_churn_ml_project/venv/lib/python3.8/site-packages/airflow/example_dags/tutorial_taskflow_templates.py
[2025-03-06T23:53:29.354+0100] {logging_mixin.py:190} INFO - [2025-03-06T23:53:29.353+0100] {dag.py:3239} INFO - Sync 1 DAGs
[2025-03-06T23:53:29.377+0100] {logging_mixin.py:190} INFO - [2025-03-06T23:53:29.377+0100] {dag.py:4180} INFO - Setting next_dagrun for tutorial_taskflow_templates to 2025-03-05 00:00:00+00:00, run_after=2025-03-06 00:00:00+00:00
[2025-03-06T23:53:29.395+0100] {processor.py:208} INFO - Processing /home/erij/Erij_Mazouz_4DS8_churn_ml_project/venv/lib/python3.8/site-packages/airflow/example_dags/tutorial_taskflow_templates.py took 0.083 seconds
[2025-03-06T23:54:25.436+0100] {processor.py:186} INFO - Started process (PID=58544) to work on /home/erij/Erij_Mazouz_4DS8_churn_ml_project/venv/lib/python3.8/site-packages/airflow/example_dags/tutorial_taskflow_templates.py
[2025-03-06T23:54:25.437+0100] {processor.py:914} INFO - Processing file /home/erij/Erij_Mazouz_4DS8_churn_ml_project/venv/lib/python3.8/site-packages/airflow/example_dags/tutorial_taskflow_templates.py for tasks to queue
[2025-03-06T23:54:25.440+0100] {logging_mixin.py:190} INFO - [2025-03-06T23:54:25.439+0100] {dagbag.py:588} INFO - Filling up the DagBag from /home/erij/Erij_Mazouz_4DS8_churn_ml_project/venv/lib/python3.8/site-packages/airflow/example_dags/tutorial_taskflow_templates.py
[2025-03-06T23:54:25.454+0100] {processor.py:925} INFO - DAG(s) 'tutorial_taskflow_templates' retrieved from /home/erij/Erij_Mazouz_4DS8_churn_ml_project/venv/lib/python3.8/site-packages/airflow/example_dags/tutorial_taskflow_templates.py
[2025-03-06T23:54:25.468+0100] {logging_mixin.py:190} INFO - [2025-03-06T23:54:25.467+0100] {dag.py:3239} INFO - Sync 1 DAGs
[2025-03-06T23:54:25.488+0100] {logging_mixin.py:190} INFO - [2025-03-06T23:54:25.487+0100] {dag.py:4180} INFO - Setting next_dagrun for tutorial_taskflow_templates to 2025-03-05 00:00:00+00:00, run_after=2025-03-06 00:00:00+00:00
[2025-03-06T23:54:25.509+0100] {processor.py:208} INFO - Processing /home/erij/Erij_Mazouz_4DS8_churn_ml_project/venv/lib/python3.8/site-packages/airflow/example_dags/tutorial_taskflow_templates.py took 0.079 seconds
[2025-03-06T23:55:23.990+0100] {processor.py:186} INFO - Started process (PID=59029) to work on /home/erij/Erij_Mazouz_4DS8_churn_ml_project/venv/lib/python3.8/site-packages/airflow/example_dags/tutorial_taskflow_templates.py
[2025-03-06T23:55:23.991+0100] {processor.py:914} INFO - Processing file /home/erij/Erij_Mazouz_4DS8_churn_ml_project/venv/lib/python3.8/site-packages/airflow/example_dags/tutorial_taskflow_templates.py for tasks to queue
[2025-03-06T23:55:23.992+0100] {logging_mixin.py:190} INFO - [2025-03-06T23:55:23.992+0100] {dagbag.py:588} INFO - Filling up the DagBag from /home/erij/Erij_Mazouz_4DS8_churn_ml_project/venv/lib/python3.8/site-packages/airflow/example_dags/tutorial_taskflow_templates.py
[2025-03-06T23:55:24.003+0100] {processor.py:925} INFO - DAG(s) 'tutorial_taskflow_templates' retrieved from /home/erij/Erij_Mazouz_4DS8_churn_ml_project/venv/lib/python3.8/site-packages/airflow/example_dags/tutorial_taskflow_templates.py
[2025-03-06T23:55:24.014+0100] {logging_mixin.py:190} INFO - [2025-03-06T23:55:24.014+0100] {dag.py:3239} INFO - Sync 1 DAGs
[2025-03-06T23:55:24.033+0100] {logging_mixin.py:190} INFO - [2025-03-06T23:55:24.033+0100] {dag.py:4180} INFO - Setting next_dagrun for tutorial_taskflow_templates to 2025-03-05 00:00:00+00:00, run_after=2025-03-06 00:00:00+00:00
[2025-03-06T23:55:24.054+0100] {processor.py:208} INFO - Processing /home/erij/Erij_Mazouz_4DS8_churn_ml_project/venv/lib/python3.8/site-packages/airflow/example_dags/tutorial_taskflow_templates.py took 0.069 seconds
[2025-03-06T23:56:24.124+0100] {processor.py:186} INFO - Started process (PID=59232) to work on /home/erij/Erij_Mazouz_4DS8_churn_ml_project/venv/lib/python3.8/site-packages/airflow/example_dags/tutorial_taskflow_templates.py
[2025-03-06T23:56:24.126+0100] {processor.py:914} INFO - Processing file /home/erij/Erij_Mazouz_4DS8_churn_ml_project/venv/lib/python3.8/site-packages/airflow/example_dags/tutorial_taskflow_templates.py for tasks to queue
[2025-03-06T23:56:24.128+0100] {logging_mixin.py:190} INFO - [2025-03-06T23:56:24.128+0100] {dagbag.py:588} INFO - Filling up the DagBag from /home/erij/Erij_Mazouz_4DS8_churn_ml_project/venv/lib/python3.8/site-packages/airflow/example_dags/tutorial_taskflow_templates.py
[2025-03-06T23:56:24.139+0100] {processor.py:925} INFO - DAG(s) 'tutorial_taskflow_templates' retrieved from /home/erij/Erij_Mazouz_4DS8_churn_ml_project/venv/lib/python3.8/site-packages/airflow/example_dags/tutorial_taskflow_templates.py
[2025-03-06T23:56:24.153+0100] {logging_mixin.py:190} INFO - [2025-03-06T23:56:24.153+0100] {dag.py:3239} INFO - Sync 1 DAGs
[2025-03-06T23:56:24.171+0100] {logging_mixin.py:190} INFO - [2025-03-06T23:56:24.170+0100] {dag.py:4180} INFO - Setting next_dagrun for tutorial_taskflow_templates to 2025-03-05 00:00:00+00:00, run_after=2025-03-06 00:00:00+00:00
[2025-03-06T23:56:24.188+0100] {processor.py:208} INFO - Processing /home/erij/Erij_Mazouz_4DS8_churn_ml_project/venv/lib/python3.8/site-packages/airflow/example_dags/tutorial_taskflow_templates.py took 0.069 seconds
[2025-03-06T23:57:20.303+0100] {processor.py:186} INFO - Started process (PID=59363) to work on /home/erij/Erij_Mazouz_4DS8_churn_ml_project/venv/lib/python3.8/site-packages/airflow/example_dags/tutorial_taskflow_templates.py
[2025-03-06T23:57:20.304+0100] {processor.py:914} INFO - Processing file /home/erij/Erij_Mazouz_4DS8_churn_ml_project/venv/lib/python3.8/site-packages/airflow/example_dags/tutorial_taskflow_templates.py for tasks to queue
[2025-03-06T23:57:20.306+0100] {logging_mixin.py:190} INFO - [2025-03-06T23:57:20.306+0100] {dagbag.py:588} INFO - Filling up the DagBag from /home/erij/Erij_Mazouz_4DS8_churn_ml_project/venv/lib/python3.8/site-packages/airflow/example_dags/tutorial_taskflow_templates.py
[2025-03-06T23:57:20.319+0100] {processor.py:925} INFO - DAG(s) 'tutorial_taskflow_templates' retrieved from /home/erij/Erij_Mazouz_4DS8_churn_ml_project/venv/lib/python3.8/site-packages/airflow/example_dags/tutorial_taskflow_templates.py
[2025-03-06T23:57:20.334+0100] {logging_mixin.py:190} INFO - [2025-03-06T23:57:20.333+0100] {dag.py:3239} INFO - Sync 1 DAGs
[2025-03-06T23:57:20.354+0100] {logging_mixin.py:190} INFO - [2025-03-06T23:57:20.354+0100] {dag.py:4180} INFO - Setting next_dagrun for tutorial_taskflow_templates to 2025-03-05 00:00:00+00:00, run_after=2025-03-06 00:00:00+00:00
[2025-03-06T23:57:20.377+0100] {processor.py:208} INFO - Processing /home/erij/Erij_Mazouz_4DS8_churn_ml_project/venv/lib/python3.8/site-packages/airflow/example_dags/tutorial_taskflow_templates.py took 0.081 seconds
[2025-03-06T23:58:16.545+0100] {processor.py:186} INFO - Started process (PID=59509) to work on /home/erij/Erij_Mazouz_4DS8_churn_ml_project/venv/lib/python3.8/site-packages/airflow/example_dags/tutorial_taskflow_templates.py
[2025-03-06T23:58:16.547+0100] {processor.py:914} INFO - Processing file /home/erij/Erij_Mazouz_4DS8_churn_ml_project/venv/lib/python3.8/site-packages/airflow/example_dags/tutorial_taskflow_templates.py for tasks to queue
[2025-03-06T23:58:16.549+0100] {logging_mixin.py:190} INFO - [2025-03-06T23:58:16.548+0100] {dagbag.py:588} INFO - Filling up the DagBag from /home/erij/Erij_Mazouz_4DS8_churn_ml_project/venv/lib/python3.8/site-packages/airflow/example_dags/tutorial_taskflow_templates.py
[2025-03-06T23:58:16.560+0100] {processor.py:925} INFO - DAG(s) 'tutorial_taskflow_templates' retrieved from /home/erij/Erij_Mazouz_4DS8_churn_ml_project/venv/lib/python3.8/site-packages/airflow/example_dags/tutorial_taskflow_templates.py
[2025-03-06T23:58:16.572+0100] {logging_mixin.py:190} INFO - [2025-03-06T23:58:16.572+0100] {dag.py:3239} INFO - Sync 1 DAGs
[2025-03-06T23:58:16.588+0100] {logging_mixin.py:190} INFO - [2025-03-06T23:58:16.588+0100] {dag.py:4180} INFO - Setting next_dagrun for tutorial_taskflow_templates to 2025-03-05 00:00:00+00:00, run_after=2025-03-06 00:00:00+00:00
[2025-03-06T23:58:16.608+0100] {processor.py:208} INFO - Processing /home/erij/Erij_Mazouz_4DS8_churn_ml_project/venv/lib/python3.8/site-packages/airflow/example_dags/tutorial_taskflow_templates.py took 0.067 seconds
[2025-03-06T23:59:07.485+0100] {processor.py:186} INFO - Started process (PID=59657) to work on /home/erij/Erij_Mazouz_4DS8_churn_ml_project/venv/lib/python3.8/site-packages/airflow/example_dags/tutorial_taskflow_templates.py
[2025-03-06T23:59:07.487+0100] {processor.py:914} INFO - Processing file /home/erij/Erij_Mazouz_4DS8_churn_ml_project/venv/lib/python3.8/site-packages/airflow/example_dags/tutorial_taskflow_templates.py for tasks to queue
[2025-03-06T23:59:07.489+0100] {logging_mixin.py:190} INFO - [2025-03-06T23:59:07.489+0100] {dagbag.py:588} INFO - Filling up the DagBag from /home/erij/Erij_Mazouz_4DS8_churn_ml_project/venv/lib/python3.8/site-packages/airflow/example_dags/tutorial_taskflow_templates.py
[2025-03-06T23:59:07.501+0100] {processor.py:925} INFO - DAG(s) 'tutorial_taskflow_templates' retrieved from /home/erij/Erij_Mazouz_4DS8_churn_ml_project/venv/lib/python3.8/site-packages/airflow/example_dags/tutorial_taskflow_templates.py
[2025-03-06T23:59:07.514+0100] {logging_mixin.py:190} INFO - [2025-03-06T23:59:07.514+0100] {dag.py:3239} INFO - Sync 1 DAGs
[2025-03-06T23:59:07.532+0100] {logging_mixin.py:190} INFO - [2025-03-06T23:59:07.532+0100] {dag.py:4180} INFO - Setting next_dagrun for tutorial_taskflow_templates to 2025-03-05 00:00:00+00:00, run_after=2025-03-06 00:00:00+00:00
[2025-03-06T23:59:07.551+0100] {processor.py:208} INFO - Processing /home/erij/Erij_Mazouz_4DS8_churn_ml_project/venv/lib/python3.8/site-packages/airflow/example_dags/tutorial_taskflow_templates.py took 0.071 seconds
[2025-03-07T00:00:23.648+0100] {processor.py:186} INFO - Started process (PID=59900) to work on /home/erij/Erij_Mazouz_4DS8_churn_ml_project/venv/lib/python3.8/site-packages/airflow/example_dags/tutorial_taskflow_templates.py
[2025-03-07T00:00:23.649+0100] {processor.py:914} INFO - Processing file /home/erij/Erij_Mazouz_4DS8_churn_ml_project/venv/lib/python3.8/site-packages/airflow/example_dags/tutorial_taskflow_templates.py for tasks to queue
[2025-03-07T00:00:23.650+0100] {logging_mixin.py:190} INFO - [2025-03-07T00:00:23.650+0100] {dagbag.py:588} INFO - Filling up the DagBag from /home/erij/Erij_Mazouz_4DS8_churn_ml_project/venv/lib/python3.8/site-packages/airflow/example_dags/tutorial_taskflow_templates.py
[2025-03-07T00:00:23.663+0100] {processor.py:925} INFO - DAG(s) 'tutorial_taskflow_templates' retrieved from /home/erij/Erij_Mazouz_4DS8_churn_ml_project/venv/lib/python3.8/site-packages/airflow/example_dags/tutorial_taskflow_templates.py
[2025-03-07T00:00:23.675+0100] {logging_mixin.py:190} INFO - [2025-03-07T00:00:23.675+0100] {dag.py:3239} INFO - Sync 1 DAGs
[2025-03-07T00:00:23.693+0100] {logging_mixin.py:190} INFO - [2025-03-07T00:00:23.693+0100] {dag.py:4180} INFO - Setting next_dagrun for tutorial_taskflow_templates to 2025-03-05 00:00:00+00:00, run_after=2025-03-06 00:00:00+00:00
[2025-03-07T00:00:23.709+0100] {processor.py:208} INFO - Processing /home/erij/Erij_Mazouz_4DS8_churn_ml_project/venv/lib/python3.8/site-packages/airflow/example_dags/tutorial_taskflow_templates.py took 0.067 seconds
[2025-03-07T00:01:17.119+0100] {processor.py:186} INFO - Started process (PID=60084) to work on /home/erij/Erij_Mazouz_4DS8_churn_ml_project/venv/lib/python3.8/site-packages/airflow/example_dags/tutorial_taskflow_templates.py
[2025-03-07T00:01:17.122+0100] {processor.py:914} INFO - Processing file /home/erij/Erij_Mazouz_4DS8_churn_ml_project/venv/lib/python3.8/site-packages/airflow/example_dags/tutorial_taskflow_templates.py for tasks to queue
[2025-03-07T00:01:17.124+0100] {logging_mixin.py:190} INFO - [2025-03-07T00:01:17.123+0100] {dagbag.py:588} INFO - Filling up the DagBag from /home/erij/Erij_Mazouz_4DS8_churn_ml_project/venv/lib/python3.8/site-packages/airflow/example_dags/tutorial_taskflow_templates.py
[2025-03-07T00:01:17.135+0100] {processor.py:925} INFO - DAG(s) 'tutorial_taskflow_templates' retrieved from /home/erij/Erij_Mazouz_4DS8_churn_ml_project/venv/lib/python3.8/site-packages/airflow/example_dags/tutorial_taskflow_templates.py
[2025-03-07T00:01:17.150+0100] {logging_mixin.py:190} INFO - [2025-03-07T00:01:17.149+0100] {dag.py:3239} INFO - Sync 1 DAGs
[2025-03-07T00:01:17.178+0100] {logging_mixin.py:190} INFO - [2025-03-07T00:01:17.177+0100] {dag.py:4180} INFO - Setting next_dagrun for tutorial_taskflow_templates to 2025-03-05 00:00:00+00:00, run_after=2025-03-06 00:00:00+00:00
[2025-03-07T00:01:17.196+0100] {processor.py:208} INFO - Processing /home/erij/Erij_Mazouz_4DS8_churn_ml_project/venv/lib/python3.8/site-packages/airflow/example_dags/tutorial_taskflow_templates.py took 0.084 seconds
[2025-03-07T00:02:11.373+0100] {processor.py:186} INFO - Started process (PID=60247) to work on /home/erij/Erij_Mazouz_4DS8_churn_ml_project/venv/lib/python3.8/site-packages/airflow/example_dags/tutorial_taskflow_templates.py
[2025-03-07T00:02:11.374+0100] {processor.py:914} INFO - Processing file /home/erij/Erij_Mazouz_4DS8_churn_ml_project/venv/lib/python3.8/site-packages/airflow/example_dags/tutorial_taskflow_templates.py for tasks to queue
[2025-03-07T00:02:11.376+0100] {logging_mixin.py:190} INFO - [2025-03-07T00:02:11.376+0100] {dagbag.py:588} INFO - Filling up the DagBag from /home/erij/Erij_Mazouz_4DS8_churn_ml_project/venv/lib/python3.8/site-packages/airflow/example_dags/tutorial_taskflow_templates.py
[2025-03-07T00:02:11.387+0100] {processor.py:925} INFO - DAG(s) 'tutorial_taskflow_templates' retrieved from /home/erij/Erij_Mazouz_4DS8_churn_ml_project/venv/lib/python3.8/site-packages/airflow/example_dags/tutorial_taskflow_templates.py
[2025-03-07T00:02:11.398+0100] {logging_mixin.py:190} INFO - [2025-03-07T00:02:11.398+0100] {dag.py:3239} INFO - Sync 1 DAGs
[2025-03-07T00:02:11.413+0100] {logging_mixin.py:190} INFO - [2025-03-07T00:02:11.413+0100] {dag.py:4180} INFO - Setting next_dagrun for tutorial_taskflow_templates to 2025-03-05 00:00:00+00:00, run_after=2025-03-06 00:00:00+00:00
[2025-03-07T00:02:11.430+0100] {processor.py:208} INFO - Processing /home/erij/Erij_Mazouz_4DS8_churn_ml_project/venv/lib/python3.8/site-packages/airflow/example_dags/tutorial_taskflow_templates.py took 0.061 seconds
