[2025-03-06T23:39:09.937+0100] {processor.py:186} INFO - Started process (PID=55907) to work on /home/erij/Erij_Mazouz_4DS8_churn_ml_project/venv/lib/python3.8/site-packages/airflow/example_dags/tutorial_taskflow_api.py
[2025-03-06T23:39:09.938+0100] {processor.py:914} INFO - Processing file /home/erij/Erij_Mazouz_4DS8_churn_ml_project/venv/lib/python3.8/site-packages/airflow/example_dags/tutorial_taskflow_api.py for tasks to queue
[2025-03-06T23:39:09.940+0100] {logging_mixin.py:190} INFO - [2025-03-06T23:39:09.940+0100] {dagbag.py:588} INFO - Filling up the DagBag from /home/erij/Erij_Mazouz_4DS8_churn_ml_project/venv/lib/python3.8/site-packages/airflow/example_dags/tutorial_taskflow_api.py
[2025-03-06T23:39:09.947+0100] {processor.py:925} INFO - DAG(s) 'tutorial_taskflow_api' retrieved from /home/erij/Erij_Mazouz_4DS8_churn_ml_project/venv/lib/python3.8/site-packages/airflow/example_dags/tutorial_taskflow_api.py
[2025-03-06T23:39:09.960+0100] {logging_mixin.py:190} INFO - [2025-03-06T23:39:09.959+0100] {dag.py:3239} INFO - Sync 1 DAGs
[2025-03-06T23:39:09.972+0100] {logging_mixin.py:190} INFO - [2025-03-06T23:39:09.972+0100] {dag.py:4180} INFO - Setting next_dagrun for tutorial_taskflow_api to None, run_after=None
[2025-03-06T23:39:09.992+0100] {processor.py:208} INFO - Processing /home/erij/Erij_Mazouz_4DS8_churn_ml_project/venv/lib/python3.8/site-packages/airflow/example_dags/tutorial_taskflow_api.py took 0.060 seconds
[2025-03-06T23:40:37.395+0100] {processor.py:186} INFO - Started process (PID=56490) to work on /home/erij/Erij_Mazouz_4DS8_churn_ml_project/venv/lib/python3.8/site-packages/airflow/example_dags/tutorial_taskflow_api.py
[2025-03-06T23:40:37.397+0100] {processor.py:914} INFO - Processing file /home/erij/Erij_Mazouz_4DS8_churn_ml_project/venv/lib/python3.8/site-packages/airflow/example_dags/tutorial_taskflow_api.py for tasks to queue
[2025-03-06T23:40:37.399+0100] {logging_mixin.py:190} INFO - [2025-03-06T23:40:37.399+0100] {dagbag.py:588} INFO - Filling up the DagBag from /home/erij/Erij_Mazouz_4DS8_churn_ml_project/venv/lib/python3.8/site-packages/airflow/example_dags/tutorial_taskflow_api.py
[2025-03-06T23:40:37.406+0100] {processor.py:925} INFO - DAG(s) 'tutorial_taskflow_api' retrieved from /home/erij/Erij_Mazouz_4DS8_churn_ml_project/venv/lib/python3.8/site-packages/airflow/example_dags/tutorial_taskflow_api.py
[2025-03-06T23:40:37.418+0100] {logging_mixin.py:190} INFO - [2025-03-06T23:40:37.417+0100] {dag.py:3239} INFO - Sync 1 DAGs
[2025-03-06T23:40:37.428+0100] {logging_mixin.py:190} INFO - [2025-03-06T23:40:37.428+0100] {dag.py:4180} INFO - Setting next_dagrun for tutorial_taskflow_api to None, run_after=None
[2025-03-06T23:40:37.445+0100] {processor.py:208} INFO - Processing /home/erij/Erij_Mazouz_4DS8_churn_ml_project/venv/lib/python3.8/site-packages/airflow/example_dags/tutorial_taskflow_api.py took 0.055 seconds
[2025-03-06T23:41:21.987+0100] {processor.py:186} INFO - Started process (PID=56591) to work on /home/erij/Erij_Mazouz_4DS8_churn_ml_project/venv/lib/python3.8/site-packages/airflow/example_dags/tutorial_taskflow_api.py
[2025-03-06T23:41:21.989+0100] {processor.py:914} INFO - Processing file /home/erij/Erij_Mazouz_4DS8_churn_ml_project/venv/lib/python3.8/site-packages/airflow/example_dags/tutorial_taskflow_api.py for tasks to queue
[2025-03-06T23:41:21.991+0100] {logging_mixin.py:190} INFO - [2025-03-06T23:41:21.991+0100] {dagbag.py:588} INFO - Filling up the DagBag from /home/erij/Erij_Mazouz_4DS8_churn_ml_project/venv/lib/python3.8/site-packages/airflow/example_dags/tutorial_taskflow_api.py
[2025-03-06T23:41:21.998+0100] {processor.py:925} INFO - DAG(s) 'tutorial_taskflow_api' retrieved from /home/erij/Erij_Mazouz_4DS8_churn_ml_project/venv/lib/python3.8/site-packages/airflow/example_dags/tutorial_taskflow_api.py
[2025-03-06T23:41:22.009+0100] {logging_mixin.py:190} INFO - [2025-03-06T23:41:22.009+0100] {dag.py:3239} INFO - Sync 1 DAGs
[2025-03-06T23:41:22.019+0100] {logging_mixin.py:190} INFO - [2025-03-06T23:41:22.019+0100] {dag.py:4180} INFO - Setting next_dagrun for tutorial_taskflow_api to None, run_after=None
[2025-03-06T23:41:22.036+0100] {processor.py:208} INFO - Processing /home/erij/Erij_Mazouz_4DS8_churn_ml_project/venv/lib/python3.8/site-packages/airflow/example_dags/tutorial_taskflow_api.py took 0.054 seconds
[2025-03-06T23:42:18.502+0100] {processor.py:186} INFO - Started process (PID=56734) to work on /home/erij/Erij_Mazouz_4DS8_churn_ml_project/venv/lib/python3.8/site-packages/airflow/example_dags/tutorial_taskflow_api.py
[2025-03-06T23:42:18.504+0100] {processor.py:914} INFO - Processing file /home/erij/Erij_Mazouz_4DS8_churn_ml_project/venv/lib/python3.8/site-packages/airflow/example_dags/tutorial_taskflow_api.py for tasks to queue
[2025-03-06T23:42:18.506+0100] {logging_mixin.py:190} INFO - [2025-03-06T23:42:18.506+0100] {dagbag.py:588} INFO - Filling up the DagBag from /home/erij/Erij_Mazouz_4DS8_churn_ml_project/venv/lib/python3.8/site-packages/airflow/example_dags/tutorial_taskflow_api.py
[2025-03-06T23:42:18.514+0100] {processor.py:925} INFO - DAG(s) 'tutorial_taskflow_api' retrieved from /home/erij/Erij_Mazouz_4DS8_churn_ml_project/venv/lib/python3.8/site-packages/airflow/example_dags/tutorial_taskflow_api.py
[2025-03-06T23:42:18.528+0100] {logging_mixin.py:190} INFO - [2025-03-06T23:42:18.527+0100] {dag.py:3239} INFO - Sync 1 DAGs
[2025-03-06T23:42:18.539+0100] {logging_mixin.py:190} INFO - [2025-03-06T23:42:18.539+0100] {dag.py:4180} INFO - Setting next_dagrun for tutorial_taskflow_api to None, run_after=None
[2025-03-06T23:42:18.555+0100] {processor.py:208} INFO - Processing /home/erij/Erij_Mazouz_4DS8_churn_ml_project/venv/lib/python3.8/site-packages/airflow/example_dags/tutorial_taskflow_api.py took 0.059 seconds
[2025-03-06T23:43:10.427+0100] {processor.py:186} INFO - Started process (PID=56850) to work on /home/erij/Erij_Mazouz_4DS8_churn_ml_project/venv/lib/python3.8/site-packages/airflow/example_dags/tutorial_taskflow_api.py
[2025-03-06T23:43:10.429+0100] {processor.py:914} INFO - Processing file /home/erij/Erij_Mazouz_4DS8_churn_ml_project/venv/lib/python3.8/site-packages/airflow/example_dags/tutorial_taskflow_api.py for tasks to queue
[2025-03-06T23:43:10.431+0100] {logging_mixin.py:190} INFO - [2025-03-06T23:43:10.430+0100] {dagbag.py:588} INFO - Filling up the DagBag from /home/erij/Erij_Mazouz_4DS8_churn_ml_project/venv/lib/python3.8/site-packages/airflow/example_dags/tutorial_taskflow_api.py
[2025-03-06T23:43:10.444+0100] {processor.py:925} INFO - DAG(s) 'tutorial_taskflow_api' retrieved from /home/erij/Erij_Mazouz_4DS8_churn_ml_project/venv/lib/python3.8/site-packages/airflow/example_dags/tutorial_taskflow_api.py
[2025-03-06T23:43:10.459+0100] {logging_mixin.py:190} INFO - [2025-03-06T23:43:10.459+0100] {dag.py:3239} INFO - Sync 1 DAGs
[2025-03-06T23:43:10.473+0100] {logging_mixin.py:190} INFO - [2025-03-06T23:43:10.473+0100] {dag.py:4180} INFO - Setting next_dagrun for tutorial_taskflow_api to None, run_after=None
[2025-03-06T23:43:10.493+0100] {processor.py:208} INFO - Processing /home/erij/Erij_Mazouz_4DS8_churn_ml_project/venv/lib/python3.8/site-packages/airflow/example_dags/tutorial_taskflow_api.py took 0.071 seconds
[2025-03-06T23:44:04.113+0100] {processor.py:186} INFO - Started process (PID=56965) to work on /home/erij/Erij_Mazouz_4DS8_churn_ml_project/venv/lib/python3.8/site-packages/airflow/example_dags/tutorial_taskflow_api.py
[2025-03-06T23:44:04.115+0100] {processor.py:914} INFO - Processing file /home/erij/Erij_Mazouz_4DS8_churn_ml_project/venv/lib/python3.8/site-packages/airflow/example_dags/tutorial_taskflow_api.py for tasks to queue
[2025-03-06T23:44:04.117+0100] {logging_mixin.py:190} INFO - [2025-03-06T23:44:04.117+0100] {dagbag.py:588} INFO - Filling up the DagBag from /home/erij/Erij_Mazouz_4DS8_churn_ml_project/venv/lib/python3.8/site-packages/airflow/example_dags/tutorial_taskflow_api.py
[2025-03-06T23:44:04.125+0100] {processor.py:925} INFO - DAG(s) 'tutorial_taskflow_api' retrieved from /home/erij/Erij_Mazouz_4DS8_churn_ml_project/venv/lib/python3.8/site-packages/airflow/example_dags/tutorial_taskflow_api.py
[2025-03-06T23:44:04.136+0100] {logging_mixin.py:190} INFO - [2025-03-06T23:44:04.136+0100] {dag.py:3239} INFO - Sync 1 DAGs
[2025-03-06T23:44:04.146+0100] {logging_mixin.py:190} INFO - [2025-03-06T23:44:04.146+0100] {dag.py:4180} INFO - Setting next_dagrun for tutorial_taskflow_api to None, run_after=None
[2025-03-06T23:44:04.164+0100] {processor.py:208} INFO - Processing /home/erij/Erij_Mazouz_4DS8_churn_ml_project/venv/lib/python3.8/site-packages/airflow/example_dags/tutorial_taskflow_api.py took 0.056 seconds
[2025-03-06T23:44:57.326+0100] {processor.py:186} INFO - Started process (PID=57123) to work on /home/erij/Erij_Mazouz_4DS8_churn_ml_project/venv/lib/python3.8/site-packages/airflow/example_dags/tutorial_taskflow_api.py
[2025-03-06T23:44:57.328+0100] {processor.py:914} INFO - Processing file /home/erij/Erij_Mazouz_4DS8_churn_ml_project/venv/lib/python3.8/site-packages/airflow/example_dags/tutorial_taskflow_api.py for tasks to queue
[2025-03-06T23:44:57.330+0100] {logging_mixin.py:190} INFO - [2025-03-06T23:44:57.329+0100] {dagbag.py:588} INFO - Filling up the DagBag from /home/erij/Erij_Mazouz_4DS8_churn_ml_project/venv/lib/python3.8/site-packages/airflow/example_dags/tutorial_taskflow_api.py
[2025-03-06T23:44:57.337+0100] {processor.py:925} INFO - DAG(s) 'tutorial_taskflow_api' retrieved from /home/erij/Erij_Mazouz_4DS8_churn_ml_project/venv/lib/python3.8/site-packages/airflow/example_dags/tutorial_taskflow_api.py
[2025-03-06T23:44:57.350+0100] {logging_mixin.py:190} INFO - [2025-03-06T23:44:57.349+0100] {dag.py:3239} INFO - Sync 1 DAGs
[2025-03-06T23:44:57.361+0100] {logging_mixin.py:190} INFO - [2025-03-06T23:44:57.361+0100] {dag.py:4180} INFO - Setting next_dagrun for tutorial_taskflow_api to None, run_after=None
[2025-03-06T23:44:57.386+0100] {processor.py:208} INFO - Processing /home/erij/Erij_Mazouz_4DS8_churn_ml_project/venv/lib/python3.8/site-packages/airflow/example_dags/tutorial_taskflow_api.py took 0.066 seconds
[2025-03-06T23:45:55.122+0100] {processor.py:186} INFO - Started process (PID=57246) to work on /home/erij/Erij_Mazouz_4DS8_churn_ml_project/venv/lib/python3.8/site-packages/airflow/example_dags/tutorial_taskflow_api.py
[2025-03-06T23:45:55.124+0100] {processor.py:914} INFO - Processing file /home/erij/Erij_Mazouz_4DS8_churn_ml_project/venv/lib/python3.8/site-packages/airflow/example_dags/tutorial_taskflow_api.py for tasks to queue
[2025-03-06T23:45:55.126+0100] {logging_mixin.py:190} INFO - [2025-03-06T23:45:55.126+0100] {dagbag.py:588} INFO - Filling up the DagBag from /home/erij/Erij_Mazouz_4DS8_churn_ml_project/venv/lib/python3.8/site-packages/airflow/example_dags/tutorial_taskflow_api.py
[2025-03-06T23:45:55.133+0100] {processor.py:925} INFO - DAG(s) 'tutorial_taskflow_api' retrieved from /home/erij/Erij_Mazouz_4DS8_churn_ml_project/venv/lib/python3.8/site-packages/airflow/example_dags/tutorial_taskflow_api.py
[2025-03-06T23:45:55.146+0100] {logging_mixin.py:190} INFO - [2025-03-06T23:45:55.146+0100] {dag.py:3239} INFO - Sync 1 DAGs
[2025-03-06T23:45:55.156+0100] {logging_mixin.py:190} INFO - [2025-03-06T23:45:55.156+0100] {dag.py:4180} INFO - Setting next_dagrun for tutorial_taskflow_api to None, run_after=None
[2025-03-06T23:45:55.185+0100] {processor.py:208} INFO - Processing /home/erij/Erij_Mazouz_4DS8_churn_ml_project/venv/lib/python3.8/site-packages/airflow/example_dags/tutorial_taskflow_api.py took 0.068 seconds
[2025-03-06T23:46:52.389+0100] {processor.py:186} INFO - Started process (PID=57358) to work on /home/erij/Erij_Mazouz_4DS8_churn_ml_project/venv/lib/python3.8/site-packages/airflow/example_dags/tutorial_taskflow_api.py
[2025-03-06T23:46:52.392+0100] {processor.py:914} INFO - Processing file /home/erij/Erij_Mazouz_4DS8_churn_ml_project/venv/lib/python3.8/site-packages/airflow/example_dags/tutorial_taskflow_api.py for tasks to queue
[2025-03-06T23:46:52.394+0100] {logging_mixin.py:190} INFO - [2025-03-06T23:46:52.394+0100] {dagbag.py:588} INFO - Filling up the DagBag from /home/erij/Erij_Mazouz_4DS8_churn_ml_project/venv/lib/python3.8/site-packages/airflow/example_dags/tutorial_taskflow_api.py
[2025-03-06T23:46:52.401+0100] {processor.py:925} INFO - DAG(s) 'tutorial_taskflow_api' retrieved from /home/erij/Erij_Mazouz_4DS8_churn_ml_project/venv/lib/python3.8/site-packages/airflow/example_dags/tutorial_taskflow_api.py
[2025-03-06T23:46:52.411+0100] {logging_mixin.py:190} INFO - [2025-03-06T23:46:52.411+0100] {dag.py:3239} INFO - Sync 1 DAGs
[2025-03-06T23:46:52.421+0100] {logging_mixin.py:190} INFO - [2025-03-06T23:46:52.421+0100] {dag.py:4180} INFO - Setting next_dagrun for tutorial_taskflow_api to None, run_after=None
[2025-03-06T23:46:52.438+0100] {processor.py:208} INFO - Processing /home/erij/Erij_Mazouz_4DS8_churn_ml_project/venv/lib/python3.8/site-packages/airflow/example_dags/tutorial_taskflow_api.py took 0.054 seconds
[2025-03-06T23:47:46.700+0100] {processor.py:186} INFO - Started process (PID=57474) to work on /home/erij/Erij_Mazouz_4DS8_churn_ml_project/venv/lib/python3.8/site-packages/airflow/example_dags/tutorial_taskflow_api.py
[2025-03-06T23:47:46.703+0100] {processor.py:914} INFO - Processing file /home/erij/Erij_Mazouz_4DS8_churn_ml_project/venv/lib/python3.8/site-packages/airflow/example_dags/tutorial_taskflow_api.py for tasks to queue
[2025-03-06T23:47:46.704+0100] {logging_mixin.py:190} INFO - [2025-03-06T23:47:46.704+0100] {dagbag.py:588} INFO - Filling up the DagBag from /home/erij/Erij_Mazouz_4DS8_churn_ml_project/venv/lib/python3.8/site-packages/airflow/example_dags/tutorial_taskflow_api.py
[2025-03-06T23:47:46.711+0100] {processor.py:925} INFO - DAG(s) 'tutorial_taskflow_api' retrieved from /home/erij/Erij_Mazouz_4DS8_churn_ml_project/venv/lib/python3.8/site-packages/airflow/example_dags/tutorial_taskflow_api.py
[2025-03-06T23:47:46.722+0100] {logging_mixin.py:190} INFO - [2025-03-06T23:47:46.722+0100] {dag.py:3239} INFO - Sync 1 DAGs
[2025-03-06T23:47:46.732+0100] {logging_mixin.py:190} INFO - [2025-03-06T23:47:46.732+0100] {dag.py:4180} INFO - Setting next_dagrun for tutorial_taskflow_api to None, run_after=None
[2025-03-06T23:47:46.749+0100] {processor.py:208} INFO - Processing /home/erij/Erij_Mazouz_4DS8_churn_ml_project/venv/lib/python3.8/site-packages/airflow/example_dags/tutorial_taskflow_api.py took 0.054 seconds
[2025-03-06T23:48:44.775+0100] {processor.py:186} INFO - Started process (PID=57592) to work on /home/erij/Erij_Mazouz_4DS8_churn_ml_project/venv/lib/python3.8/site-packages/airflow/example_dags/tutorial_taskflow_api.py
[2025-03-06T23:48:44.777+0100] {processor.py:914} INFO - Processing file /home/erij/Erij_Mazouz_4DS8_churn_ml_project/venv/lib/python3.8/site-packages/airflow/example_dags/tutorial_taskflow_api.py for tasks to queue
[2025-03-06T23:48:44.778+0100] {logging_mixin.py:190} INFO - [2025-03-06T23:48:44.778+0100] {dagbag.py:588} INFO - Filling up the DagBag from /home/erij/Erij_Mazouz_4DS8_churn_ml_project/venv/lib/python3.8/site-packages/airflow/example_dags/tutorial_taskflow_api.py
[2025-03-06T23:48:44.785+0100] {processor.py:925} INFO - DAG(s) 'tutorial_taskflow_api' retrieved from /home/erij/Erij_Mazouz_4DS8_churn_ml_project/venv/lib/python3.8/site-packages/airflow/example_dags/tutorial_taskflow_api.py
[2025-03-06T23:48:44.797+0100] {logging_mixin.py:190} INFO - [2025-03-06T23:48:44.796+0100] {dag.py:3239} INFO - Sync 1 DAGs
[2025-03-06T23:48:44.807+0100] {logging_mixin.py:190} INFO - [2025-03-06T23:48:44.807+0100] {dag.py:4180} INFO - Setting next_dagrun for tutorial_taskflow_api to None, run_after=None
[2025-03-06T23:48:44.825+0100] {processor.py:208} INFO - Processing /home/erij/Erij_Mazouz_4DS8_churn_ml_project/venv/lib/python3.8/site-packages/airflow/example_dags/tutorial_taskflow_api.py took 0.055 seconds
[2025-03-06T23:49:41.034+0100] {processor.py:186} INFO - Started process (PID=57701) to work on /home/erij/Erij_Mazouz_4DS8_churn_ml_project/venv/lib/python3.8/site-packages/airflow/example_dags/tutorial_taskflow_api.py
[2025-03-06T23:49:41.035+0100] {processor.py:914} INFO - Processing file /home/erij/Erij_Mazouz_4DS8_churn_ml_project/venv/lib/python3.8/site-packages/airflow/example_dags/tutorial_taskflow_api.py for tasks to queue
[2025-03-06T23:49:41.037+0100] {logging_mixin.py:190} INFO - [2025-03-06T23:49:41.036+0100] {dagbag.py:588} INFO - Filling up the DagBag from /home/erij/Erij_Mazouz_4DS8_churn_ml_project/venv/lib/python3.8/site-packages/airflow/example_dags/tutorial_taskflow_api.py
[2025-03-06T23:49:41.045+0100] {processor.py:925} INFO - DAG(s) 'tutorial_taskflow_api' retrieved from /home/erij/Erij_Mazouz_4DS8_churn_ml_project/venv/lib/python3.8/site-packages/airflow/example_dags/tutorial_taskflow_api.py
[2025-03-06T23:49:41.058+0100] {logging_mixin.py:190} INFO - [2025-03-06T23:49:41.058+0100] {dag.py:3239} INFO - Sync 1 DAGs
[2025-03-06T23:49:41.070+0100] {logging_mixin.py:190} INFO - [2025-03-06T23:49:41.070+0100] {dag.py:4180} INFO - Setting next_dagrun for tutorial_taskflow_api to None, run_after=None
[2025-03-06T23:49:41.089+0100] {processor.py:208} INFO - Processing /home/erij/Erij_Mazouz_4DS8_churn_ml_project/venv/lib/python3.8/site-packages/airflow/example_dags/tutorial_taskflow_api.py took 0.060 seconds
[2025-03-06T23:50:35.814+0100] {processor.py:186} INFO - Started process (PID=57816) to work on /home/erij/Erij_Mazouz_4DS8_churn_ml_project/venv/lib/python3.8/site-packages/airflow/example_dags/tutorial_taskflow_api.py
[2025-03-06T23:50:35.816+0100] {processor.py:914} INFO - Processing file /home/erij/Erij_Mazouz_4DS8_churn_ml_project/venv/lib/python3.8/site-packages/airflow/example_dags/tutorial_taskflow_api.py for tasks to queue
[2025-03-06T23:50:35.818+0100] {logging_mixin.py:190} INFO - [2025-03-06T23:50:35.818+0100] {dagbag.py:588} INFO - Filling up the DagBag from /home/erij/Erij_Mazouz_4DS8_churn_ml_project/venv/lib/python3.8/site-packages/airflow/example_dags/tutorial_taskflow_api.py
[2025-03-06T23:50:35.826+0100] {processor.py:925} INFO - DAG(s) 'tutorial_taskflow_api' retrieved from /home/erij/Erij_Mazouz_4DS8_churn_ml_project/venv/lib/python3.8/site-packages/airflow/example_dags/tutorial_taskflow_api.py
[2025-03-06T23:50:35.839+0100] {logging_mixin.py:190} INFO - [2025-03-06T23:50:35.839+0100] {dag.py:3239} INFO - Sync 1 DAGs
[2025-03-06T23:50:35.851+0100] {logging_mixin.py:190} INFO - [2025-03-06T23:50:35.851+0100] {dag.py:4180} INFO - Setting next_dagrun for tutorial_taskflow_api to None, run_after=None
[2025-03-06T23:50:35.870+0100] {processor.py:208} INFO - Processing /home/erij/Erij_Mazouz_4DS8_churn_ml_project/venv/lib/python3.8/site-packages/airflow/example_dags/tutorial_taskflow_api.py took 0.061 seconds
[2025-03-06T23:51:31.085+0100] {processor.py:186} INFO - Started process (PID=57924) to work on /home/erij/Erij_Mazouz_4DS8_churn_ml_project/venv/lib/python3.8/site-packages/airflow/example_dags/tutorial_taskflow_api.py
[2025-03-06T23:51:31.087+0100] {processor.py:914} INFO - Processing file /home/erij/Erij_Mazouz_4DS8_churn_ml_project/venv/lib/python3.8/site-packages/airflow/example_dags/tutorial_taskflow_api.py for tasks to queue
[2025-03-06T23:51:31.090+0100] {logging_mixin.py:190} INFO - [2025-03-06T23:51:31.090+0100] {dagbag.py:588} INFO - Filling up the DagBag from /home/erij/Erij_Mazouz_4DS8_churn_ml_project/venv/lib/python3.8/site-packages/airflow/example_dags/tutorial_taskflow_api.py
[2025-03-06T23:51:31.098+0100] {processor.py:925} INFO - DAG(s) 'tutorial_taskflow_api' retrieved from /home/erij/Erij_Mazouz_4DS8_churn_ml_project/venv/lib/python3.8/site-packages/airflow/example_dags/tutorial_taskflow_api.py
[2025-03-06T23:51:31.111+0100] {logging_mixin.py:190} INFO - [2025-03-06T23:51:31.111+0100] {dag.py:3239} INFO - Sync 1 DAGs
[2025-03-06T23:51:31.123+0100] {logging_mixin.py:190} INFO - [2025-03-06T23:51:31.123+0100] {dag.py:4180} INFO - Setting next_dagrun for tutorial_taskflow_api to None, run_after=None
[2025-03-06T23:51:31.140+0100] {processor.py:208} INFO - Processing /home/erij/Erij_Mazouz_4DS8_churn_ml_project/venv/lib/python3.8/site-packages/airflow/example_dags/tutorial_taskflow_api.py took 0.061 seconds
[2025-03-06T23:52:26.497+0100] {processor.py:186} INFO - Started process (PID=58043) to work on /home/erij/Erij_Mazouz_4DS8_churn_ml_project/venv/lib/python3.8/site-packages/airflow/example_dags/tutorial_taskflow_api.py
[2025-03-06T23:52:26.499+0100] {processor.py:914} INFO - Processing file /home/erij/Erij_Mazouz_4DS8_churn_ml_project/venv/lib/python3.8/site-packages/airflow/example_dags/tutorial_taskflow_api.py for tasks to queue
[2025-03-06T23:52:26.501+0100] {logging_mixin.py:190} INFO - [2025-03-06T23:52:26.501+0100] {dagbag.py:588} INFO - Filling up the DagBag from /home/erij/Erij_Mazouz_4DS8_churn_ml_project/venv/lib/python3.8/site-packages/airflow/example_dags/tutorial_taskflow_api.py
[2025-03-06T23:52:26.509+0100] {processor.py:925} INFO - DAG(s) 'tutorial_taskflow_api' retrieved from /home/erij/Erij_Mazouz_4DS8_churn_ml_project/venv/lib/python3.8/site-packages/airflow/example_dags/tutorial_taskflow_api.py
[2025-03-06T23:52:26.521+0100] {logging_mixin.py:190} INFO - [2025-03-06T23:52:26.521+0100] {dag.py:3239} INFO - Sync 1 DAGs
[2025-03-06T23:52:26.532+0100] {logging_mixin.py:190} INFO - [2025-03-06T23:52:26.532+0100] {dag.py:4180} INFO - Setting next_dagrun for tutorial_taskflow_api to None, run_after=None
[2025-03-06T23:52:26.553+0100] {processor.py:208} INFO - Processing /home/erij/Erij_Mazouz_4DS8_churn_ml_project/venv/lib/python3.8/site-packages/airflow/example_dags/tutorial_taskflow_api.py took 0.060 seconds
[2025-03-06T23:53:23.715+0100] {processor.py:186} INFO - Started process (PID=58152) to work on /home/erij/Erij_Mazouz_4DS8_churn_ml_project/venv/lib/python3.8/site-packages/airflow/example_dags/tutorial_taskflow_api.py
[2025-03-06T23:53:23.717+0100] {processor.py:914} INFO - Processing file /home/erij/Erij_Mazouz_4DS8_churn_ml_project/venv/lib/python3.8/site-packages/airflow/example_dags/tutorial_taskflow_api.py for tasks to queue
[2025-03-06T23:53:23.720+0100] {logging_mixin.py:190} INFO - [2025-03-06T23:53:23.719+0100] {dagbag.py:588} INFO - Filling up the DagBag from /home/erij/Erij_Mazouz_4DS8_churn_ml_project/venv/lib/python3.8/site-packages/airflow/example_dags/tutorial_taskflow_api.py
[2025-03-06T23:53:23.730+0100] {processor.py:925} INFO - DAG(s) 'tutorial_taskflow_api' retrieved from /home/erij/Erij_Mazouz_4DS8_churn_ml_project/venv/lib/python3.8/site-packages/airflow/example_dags/tutorial_taskflow_api.py
[2025-03-06T23:53:23.743+0100] {logging_mixin.py:190} INFO - [2025-03-06T23:53:23.743+0100] {dag.py:3239} INFO - Sync 1 DAGs
[2025-03-06T23:53:23.757+0100] {logging_mixin.py:190} INFO - [2025-03-06T23:53:23.757+0100] {dag.py:4180} INFO - Setting next_dagrun for tutorial_taskflow_api to None, run_after=None
[2025-03-06T23:53:23.775+0100] {processor.py:208} INFO - Processing /home/erij/Erij_Mazouz_4DS8_churn_ml_project/venv/lib/python3.8/site-packages/airflow/example_dags/tutorial_taskflow_api.py took 0.066 seconds
[2025-03-06T23:54:22.168+0100] {processor.py:186} INFO - Started process (PID=58532) to work on /home/erij/Erij_Mazouz_4DS8_churn_ml_project/venv/lib/python3.8/site-packages/airflow/example_dags/tutorial_taskflow_api.py
[2025-03-06T23:54:22.170+0100] {processor.py:914} INFO - Processing file /home/erij/Erij_Mazouz_4DS8_churn_ml_project/venv/lib/python3.8/site-packages/airflow/example_dags/tutorial_taskflow_api.py for tasks to queue
[2025-03-06T23:54:22.172+0100] {logging_mixin.py:190} INFO - [2025-03-06T23:54:22.172+0100] {dagbag.py:588} INFO - Filling up the DagBag from /home/erij/Erij_Mazouz_4DS8_churn_ml_project/venv/lib/python3.8/site-packages/airflow/example_dags/tutorial_taskflow_api.py
[2025-03-06T23:54:22.180+0100] {processor.py:925} INFO - DAG(s) 'tutorial_taskflow_api' retrieved from /home/erij/Erij_Mazouz_4DS8_churn_ml_project/venv/lib/python3.8/site-packages/airflow/example_dags/tutorial_taskflow_api.py
[2025-03-06T23:54:22.193+0100] {logging_mixin.py:190} INFO - [2025-03-06T23:54:22.193+0100] {dag.py:3239} INFO - Sync 1 DAGs
[2025-03-06T23:54:22.205+0100] {logging_mixin.py:190} INFO - [2025-03-06T23:54:22.204+0100] {dag.py:4180} INFO - Setting next_dagrun for tutorial_taskflow_api to None, run_after=None
[2025-03-06T23:54:22.222+0100] {processor.py:208} INFO - Processing /home/erij/Erij_Mazouz_4DS8_churn_ml_project/venv/lib/python3.8/site-packages/airflow/example_dags/tutorial_taskflow_api.py took 0.060 seconds
[2025-03-06T23:55:19.377+0100] {processor.py:186} INFO - Started process (PID=59021) to work on /home/erij/Erij_Mazouz_4DS8_churn_ml_project/venv/lib/python3.8/site-packages/airflow/example_dags/tutorial_taskflow_api.py
[2025-03-06T23:55:19.378+0100] {processor.py:914} INFO - Processing file /home/erij/Erij_Mazouz_4DS8_churn_ml_project/venv/lib/python3.8/site-packages/airflow/example_dags/tutorial_taskflow_api.py for tasks to queue
[2025-03-06T23:55:19.380+0100] {logging_mixin.py:190} INFO - [2025-03-06T23:55:19.380+0100] {dagbag.py:588} INFO - Filling up the DagBag from /home/erij/Erij_Mazouz_4DS8_churn_ml_project/venv/lib/python3.8/site-packages/airflow/example_dags/tutorial_taskflow_api.py
[2025-03-06T23:55:19.389+0100] {processor.py:925} INFO - DAG(s) 'tutorial_taskflow_api' retrieved from /home/erij/Erij_Mazouz_4DS8_churn_ml_project/venv/lib/python3.8/site-packages/airflow/example_dags/tutorial_taskflow_api.py
[2025-03-06T23:55:19.403+0100] {logging_mixin.py:190} INFO - [2025-03-06T23:55:19.403+0100] {dag.py:3239} INFO - Sync 1 DAGs
[2025-03-06T23:55:19.416+0100] {logging_mixin.py:190} INFO - [2025-03-06T23:55:19.416+0100] {dag.py:4180} INFO - Setting next_dagrun for tutorial_taskflow_api to None, run_after=None
[2025-03-06T23:55:19.435+0100] {processor.py:208} INFO - Processing /home/erij/Erij_Mazouz_4DS8_churn_ml_project/venv/lib/python3.8/site-packages/airflow/example_dags/tutorial_taskflow_api.py took 0.063 seconds
[2025-03-06T23:56:17.642+0100] {processor.py:186} INFO - Started process (PID=59225) to work on /home/erij/Erij_Mazouz_4DS8_churn_ml_project/venv/lib/python3.8/site-packages/airflow/example_dags/tutorial_taskflow_api.py
[2025-03-06T23:56:17.643+0100] {processor.py:914} INFO - Processing file /home/erij/Erij_Mazouz_4DS8_churn_ml_project/venv/lib/python3.8/site-packages/airflow/example_dags/tutorial_taskflow_api.py for tasks to queue
[2025-03-06T23:56:17.644+0100] {logging_mixin.py:190} INFO - [2025-03-06T23:56:17.644+0100] {dagbag.py:588} INFO - Filling up the DagBag from /home/erij/Erij_Mazouz_4DS8_churn_ml_project/venv/lib/python3.8/site-packages/airflow/example_dags/tutorial_taskflow_api.py
[2025-03-06T23:56:17.651+0100] {processor.py:925} INFO - DAG(s) 'tutorial_taskflow_api' retrieved from /home/erij/Erij_Mazouz_4DS8_churn_ml_project/venv/lib/python3.8/site-packages/airflow/example_dags/tutorial_taskflow_api.py
[2025-03-06T23:56:17.661+0100] {logging_mixin.py:190} INFO - [2025-03-06T23:56:17.661+0100] {dag.py:3239} INFO - Sync 1 DAGs
[2025-03-06T23:56:17.672+0100] {logging_mixin.py:190} INFO - [2025-03-06T23:56:17.672+0100] {dag.py:4180} INFO - Setting next_dagrun for tutorial_taskflow_api to None, run_after=None
[2025-03-06T23:56:17.689+0100] {processor.py:208} INFO - Processing /home/erij/Erij_Mazouz_4DS8_churn_ml_project/venv/lib/python3.8/site-packages/airflow/example_dags/tutorial_taskflow_api.py took 0.052 seconds
[2025-03-06T23:57:14.011+0100] {processor.py:186} INFO - Started process (PID=59348) to work on /home/erij/Erij_Mazouz_4DS8_churn_ml_project/venv/lib/python3.8/site-packages/airflow/example_dags/tutorial_taskflow_api.py
[2025-03-06T23:57:14.013+0100] {processor.py:914} INFO - Processing file /home/erij/Erij_Mazouz_4DS8_churn_ml_project/venv/lib/python3.8/site-packages/airflow/example_dags/tutorial_taskflow_api.py for tasks to queue
[2025-03-06T23:57:14.015+0100] {logging_mixin.py:190} INFO - [2025-03-06T23:57:14.015+0100] {dagbag.py:588} INFO - Filling up the DagBag from /home/erij/Erij_Mazouz_4DS8_churn_ml_project/venv/lib/python3.8/site-packages/airflow/example_dags/tutorial_taskflow_api.py
[2025-03-06T23:57:14.022+0100] {processor.py:925} INFO - DAG(s) 'tutorial_taskflow_api' retrieved from /home/erij/Erij_Mazouz_4DS8_churn_ml_project/venv/lib/python3.8/site-packages/airflow/example_dags/tutorial_taskflow_api.py
[2025-03-06T23:57:14.035+0100] {logging_mixin.py:190} INFO - [2025-03-06T23:57:14.034+0100] {dag.py:3239} INFO - Sync 1 DAGs
[2025-03-06T23:57:14.047+0100] {logging_mixin.py:190} INFO - [2025-03-06T23:57:14.046+0100] {dag.py:4180} INFO - Setting next_dagrun for tutorial_taskflow_api to None, run_after=None
[2025-03-06T23:57:14.063+0100] {processor.py:208} INFO - Processing /home/erij/Erij_Mazouz_4DS8_churn_ml_project/venv/lib/python3.8/site-packages/airflow/example_dags/tutorial_taskflow_api.py took 0.056 seconds
[2025-03-06T23:58:09.129+0100] {processor.py:186} INFO - Started process (PID=59491) to work on /home/erij/Erij_Mazouz_4DS8_churn_ml_project/venv/lib/python3.8/site-packages/airflow/example_dags/tutorial_taskflow_api.py
[2025-03-06T23:58:09.131+0100] {processor.py:914} INFO - Processing file /home/erij/Erij_Mazouz_4DS8_churn_ml_project/venv/lib/python3.8/site-packages/airflow/example_dags/tutorial_taskflow_api.py for tasks to queue
[2025-03-06T23:58:09.133+0100] {logging_mixin.py:190} INFO - [2025-03-06T23:58:09.133+0100] {dagbag.py:588} INFO - Filling up the DagBag from /home/erij/Erij_Mazouz_4DS8_churn_ml_project/venv/lib/python3.8/site-packages/airflow/example_dags/tutorial_taskflow_api.py
[2025-03-06T23:58:09.140+0100] {processor.py:925} INFO - DAG(s) 'tutorial_taskflow_api' retrieved from /home/erij/Erij_Mazouz_4DS8_churn_ml_project/venv/lib/python3.8/site-packages/airflow/example_dags/tutorial_taskflow_api.py
[2025-03-06T23:58:09.154+0100] {logging_mixin.py:190} INFO - [2025-03-06T23:58:09.154+0100] {dag.py:3239} INFO - Sync 1 DAGs
[2025-03-06T23:58:09.165+0100] {logging_mixin.py:190} INFO - [2025-03-06T23:58:09.165+0100] {dag.py:4180} INFO - Setting next_dagrun for tutorial_taskflow_api to None, run_after=None
[2025-03-06T23:58:09.184+0100] {processor.py:208} INFO - Processing /home/erij/Erij_Mazouz_4DS8_churn_ml_project/venv/lib/python3.8/site-packages/airflow/example_dags/tutorial_taskflow_api.py took 0.061 seconds
[2025-03-06T23:59:00.081+0100] {processor.py:186} INFO - Started process (PID=59635) to work on /home/erij/Erij_Mazouz_4DS8_churn_ml_project/venv/lib/python3.8/site-packages/airflow/example_dags/tutorial_taskflow_api.py
[2025-03-06T23:59:00.084+0100] {processor.py:914} INFO - Processing file /home/erij/Erij_Mazouz_4DS8_churn_ml_project/venv/lib/python3.8/site-packages/airflow/example_dags/tutorial_taskflow_api.py for tasks to queue
[2025-03-06T23:59:00.086+0100] {logging_mixin.py:190} INFO - [2025-03-06T23:59:00.086+0100] {dagbag.py:588} INFO - Filling up the DagBag from /home/erij/Erij_Mazouz_4DS8_churn_ml_project/venv/lib/python3.8/site-packages/airflow/example_dags/tutorial_taskflow_api.py
[2025-03-06T23:59:00.094+0100] {processor.py:925} INFO - DAG(s) 'tutorial_taskflow_api' retrieved from /home/erij/Erij_Mazouz_4DS8_churn_ml_project/venv/lib/python3.8/site-packages/airflow/example_dags/tutorial_taskflow_api.py
[2025-03-06T23:59:00.107+0100] {logging_mixin.py:190} INFO - [2025-03-06T23:59:00.107+0100] {dag.py:3239} INFO - Sync 1 DAGs
[2025-03-06T23:59:00.118+0100] {logging_mixin.py:190} INFO - [2025-03-06T23:59:00.118+0100] {dag.py:4180} INFO - Setting next_dagrun for tutorial_taskflow_api to None, run_after=None
[2025-03-06T23:59:00.134+0100] {processor.py:208} INFO - Processing /home/erij/Erij_Mazouz_4DS8_churn_ml_project/venv/lib/python3.8/site-packages/airflow/example_dags/tutorial_taskflow_api.py took 0.059 seconds
[2025-03-06T23:59:51.494+0100] {processor.py:186} INFO - Started process (PID=59778) to work on /home/erij/Erij_Mazouz_4DS8_churn_ml_project/venv/lib/python3.8/site-packages/airflow/example_dags/tutorial_taskflow_api.py
[2025-03-06T23:59:51.497+0100] {processor.py:914} INFO - Processing file /home/erij/Erij_Mazouz_4DS8_churn_ml_project/venv/lib/python3.8/site-packages/airflow/example_dags/tutorial_taskflow_api.py for tasks to queue
[2025-03-06T23:59:51.498+0100] {logging_mixin.py:190} INFO - [2025-03-06T23:59:51.498+0100] {dagbag.py:588} INFO - Filling up the DagBag from /home/erij/Erij_Mazouz_4DS8_churn_ml_project/venv/lib/python3.8/site-packages/airflow/example_dags/tutorial_taskflow_api.py
[2025-03-06T23:59:51.506+0100] {processor.py:925} INFO - DAG(s) 'tutorial_taskflow_api' retrieved from /home/erij/Erij_Mazouz_4DS8_churn_ml_project/venv/lib/python3.8/site-packages/airflow/example_dags/tutorial_taskflow_api.py
[2025-03-06T23:59:51.517+0100] {logging_mixin.py:190} INFO - [2025-03-06T23:59:51.517+0100] {dag.py:3239} INFO - Sync 1 DAGs
[2025-03-06T23:59:51.527+0100] {logging_mixin.py:190} INFO - [2025-03-06T23:59:51.527+0100] {dag.py:4180} INFO - Setting next_dagrun for tutorial_taskflow_api to None, run_after=None
[2025-03-06T23:59:51.546+0100] {processor.py:208} INFO - Processing /home/erij/Erij_Mazouz_4DS8_churn_ml_project/venv/lib/python3.8/site-packages/airflow/example_dags/tutorial_taskflow_api.py took 0.057 seconds
[2025-03-07T00:00:43.995+0100] {processor.py:186} INFO - Started process (PID=59976) to work on /home/erij/Erij_Mazouz_4DS8_churn_ml_project/venv/lib/python3.8/site-packages/airflow/example_dags/tutorial_taskflow_api.py
[2025-03-07T00:00:43.997+0100] {processor.py:914} INFO - Processing file /home/erij/Erij_Mazouz_4DS8_churn_ml_project/venv/lib/python3.8/site-packages/airflow/example_dags/tutorial_taskflow_api.py for tasks to queue
[2025-03-07T00:00:43.999+0100] {logging_mixin.py:190} INFO - [2025-03-07T00:00:43.999+0100] {dagbag.py:588} INFO - Filling up the DagBag from /home/erij/Erij_Mazouz_4DS8_churn_ml_project/venv/lib/python3.8/site-packages/airflow/example_dags/tutorial_taskflow_api.py
[2025-03-07T00:00:44.007+0100] {processor.py:925} INFO - DAG(s) 'tutorial_taskflow_api' retrieved from /home/erij/Erij_Mazouz_4DS8_churn_ml_project/venv/lib/python3.8/site-packages/airflow/example_dags/tutorial_taskflow_api.py
[2025-03-07T00:00:44.019+0100] {logging_mixin.py:190} INFO - [2025-03-07T00:00:44.019+0100] {dag.py:3239} INFO - Sync 1 DAGs
[2025-03-07T00:00:44.030+0100] {logging_mixin.py:190} INFO - [2025-03-07T00:00:44.030+0100] {dag.py:4180} INFO - Setting next_dagrun for tutorial_taskflow_api to None, run_after=None
[2025-03-07T00:00:44.048+0100] {processor.py:208} INFO - Processing /home/erij/Erij_Mazouz_4DS8_churn_ml_project/venv/lib/python3.8/site-packages/airflow/example_dags/tutorial_taskflow_api.py took 0.058 seconds
[2025-03-07T00:01:37.587+0100] {processor.py:186} INFO - Started process (PID=60140) to work on /home/erij/Erij_Mazouz_4DS8_churn_ml_project/venv/lib/python3.8/site-packages/airflow/example_dags/tutorial_taskflow_api.py
[2025-03-07T00:01:37.589+0100] {processor.py:914} INFO - Processing file /home/erij/Erij_Mazouz_4DS8_churn_ml_project/venv/lib/python3.8/site-packages/airflow/example_dags/tutorial_taskflow_api.py for tasks to queue
[2025-03-07T00:01:37.591+0100] {logging_mixin.py:190} INFO - [2025-03-07T00:01:37.591+0100] {dagbag.py:588} INFO - Filling up the DagBag from /home/erij/Erij_Mazouz_4DS8_churn_ml_project/venv/lib/python3.8/site-packages/airflow/example_dags/tutorial_taskflow_api.py
[2025-03-07T00:01:37.599+0100] {processor.py:925} INFO - DAG(s) 'tutorial_taskflow_api' retrieved from /home/erij/Erij_Mazouz_4DS8_churn_ml_project/venv/lib/python3.8/site-packages/airflow/example_dags/tutorial_taskflow_api.py
[2025-03-07T00:01:37.613+0100] {logging_mixin.py:190} INFO - [2025-03-07T00:01:37.613+0100] {dag.py:3239} INFO - Sync 1 DAGs
[2025-03-07T00:01:37.626+0100] {logging_mixin.py:190} INFO - [2025-03-07T00:01:37.626+0100] {dag.py:4180} INFO - Setting next_dagrun for tutorial_taskflow_api to None, run_after=None
[2025-03-07T00:01:37.647+0100] {processor.py:208} INFO - Processing /home/erij/Erij_Mazouz_4DS8_churn_ml_project/venv/lib/python3.8/site-packages/airflow/example_dags/tutorial_taskflow_api.py took 0.067 seconds
[2025-03-07T00:02:34.444+0100] {processor.py:186} INFO - Started process (PID=60359) to work on /home/erij/Erij_Mazouz_4DS8_churn_ml_project/venv/lib/python3.8/site-packages/airflow/example_dags/tutorial_taskflow_api.py
[2025-03-07T00:02:34.446+0100] {processor.py:914} INFO - Processing file /home/erij/Erij_Mazouz_4DS8_churn_ml_project/venv/lib/python3.8/site-packages/airflow/example_dags/tutorial_taskflow_api.py for tasks to queue
[2025-03-07T00:02:34.448+0100] {logging_mixin.py:190} INFO - [2025-03-07T00:02:34.448+0100] {dagbag.py:588} INFO - Filling up the DagBag from /home/erij/Erij_Mazouz_4DS8_churn_ml_project/venv/lib/python3.8/site-packages/airflow/example_dags/tutorial_taskflow_api.py
[2025-03-07T00:02:34.456+0100] {processor.py:925} INFO - DAG(s) 'tutorial_taskflow_api' retrieved from /home/erij/Erij_Mazouz_4DS8_churn_ml_project/venv/lib/python3.8/site-packages/airflow/example_dags/tutorial_taskflow_api.py
[2025-03-07T00:02:34.470+0100] {logging_mixin.py:190} INFO - [2025-03-07T00:02:34.470+0100] {dag.py:3239} INFO - Sync 1 DAGs
[2025-03-07T00:02:34.483+0100] {logging_mixin.py:190} INFO - [2025-03-07T00:02:34.482+0100] {dag.py:4180} INFO - Setting next_dagrun for tutorial_taskflow_api to None, run_after=None
[2025-03-07T00:02:34.502+0100] {processor.py:208} INFO - Processing /home/erij/Erij_Mazouz_4DS8_churn_ml_project/venv/lib/python3.8/site-packages/airflow/example_dags/tutorial_taskflow_api.py took 0.064 seconds
