[2025-02-28T22:30:41.992+0100] {local_task_job_runner.py:123} INFO - ::group::Pre task execution logs
[2025-02-28T22:30:42.002+0100] {taskinstance.py:2614} INFO - Dependencies all met for dep_context=non-requeueable deps ti=<TaskInstance: ml_project_dag.evaluate_model manual__2025-02-28T21:30:18.868329+00:00 [queued]>
[2025-02-28T22:30:42.008+0100] {taskinstance.py:2614} INFO - Dependencies all met for dep_context=requeueable deps ti=<TaskInstance: ml_project_dag.evaluate_model manual__2025-02-28T21:30:18.868329+00:00 [queued]>
[2025-02-28T22:30:42.008+0100] {taskinstance.py:2867} INFO - Starting attempt 1 of 1
[2025-02-28T22:30:42.022+0100] {taskinstance.py:2890} INFO - Executing <Task(PythonOperator): evaluate_model> on 2025-02-28 21:30:18.868329+00:00
[2025-02-28T22:30:42.026+0100] {standard_task_runner.py:72} INFO - Started process 3570 to run task
[2025-02-28T22:30:42.031+0100] {standard_task_runner.py:104} INFO - Running: ['airflow', 'tasks', 'run', 'ml_project_dag', 'evaluate_model', 'manual__2025-02-28T21:30:18.868329+00:00', '--job-id', '79', '--raw', '--subdir', 'DAGS_FOLDER/ml_project_dag.py', '--cfg-path', '/tmp/tmpyf63cxoe']
[2025-02-28T22:30:42.031+0100] {standard_task_runner.py:105} INFO - Job 79: Subtask evaluate_model
[2025-02-28T22:30:42.064+0100] {task_command.py:467} INFO - Running <TaskInstance: ml_project_dag.evaluate_model manual__2025-02-28T21:30:18.868329+00:00 [running]> on host LAPTOP-M4D67JM4.
[2025-02-28T22:30:42.115+0100] {taskinstance.py:3134} INFO - Exporting env vars: AIRFLOW_CTX_DAG_OWNER='airflow' AIRFLOW_CTX_DAG_ID='ml_project_dag' AIRFLOW_CTX_TASK_ID='evaluate_model' AIRFLOW_CTX_EXECUTION_DATE='2025-02-28T21:30:18.868329+00:00' AIRFLOW_CTX_TRY_NUMBER='1' AIRFLOW_CTX_DAG_RUN_ID='manual__2025-02-28T21:30:18.868329+00:00'
[2025-02-28T22:30:42.116+0100] {logging_mixin.py:190} INFO - Task instance is in running state
[2025-02-28T22:30:42.116+0100] {logging_mixin.py:190} INFO -  Previous state of the Task instance: queued
[2025-02-28T22:30:42.117+0100] {logging_mixin.py:190} INFO - Current task name:evaluate_model state:running start_date:2025-02-28 21:30:42.002928+00:00
[2025-02-28T22:30:42.117+0100] {logging_mixin.py:190} INFO - Dag name:ml_project_dag and current dag run status:running
[2025-02-28T22:30:42.117+0100] {taskinstance.py:732} INFO - ::endgroup::
[2025-02-28T22:30:42.280+0100] {logging_mixin.py:190} WARNING - /home/erij/Erij_Mazouz_4DS8_churn_ml_project/venv/lib/python3.8/site-packages/sklearn/metrics/_plot/confusion_matrix.py:136 UserWarning: Starting a Matplotlib GUI outside of the main thread will likely fail.
[2025-02-28T22:30:42.526+0100] {logging_mixin.py:190} INFO - Accuracy score: 86.55804480651732
[2025-02-28T22:30:42.527+0100] {logging_mixin.py:190} INFO - Classification Report:
              precision    recall  f1-score   support

           0       0.92      0.93      0.92       425
           1       0.50      0.45      0.48        66

    accuracy                           0.87       491
   macro avg       0.71      0.69      0.70       491
weighted avg       0.86      0.87      0.86       491
[2025-02-28T22:30:42.527+0100] {logging_mixin.py:190} INFO - Confusion matrix saved as 'confusion_matrix.png'
[2025-02-28T22:30:42.527+0100] {logging_mixin.py:190} INFO - Accuracy: 0.8655804480651731
[2025-02-28T22:30:42.527+0100] {logging_mixin.py:190} INFO - Classification Report:
              precision    recall  f1-score   support

           0       0.92      0.93      0.92       425
           1       0.50      0.45      0.48        66

    accuracy                           0.87       491
   macro avg       0.71      0.69      0.70       491
weighted avg       0.86      0.87      0.86       491
[2025-02-28T22:30:42.528+0100] {python.py:240} INFO - Done. Returned value was: None
[2025-02-28T22:30:42.535+0100] {taskinstance.py:341} INFO - ::group::Post task execution logs
[2025-02-28T22:30:42.536+0100] {taskinstance.py:353} INFO - Marking task as SUCCESS. dag_id=ml_project_dag, task_id=evaluate_model, run_id=manual__2025-02-28T21:30:18.868329+00:00, execution_date=20250228T213018, start_date=20250228T213042, end_date=20250228T213042
[2025-02-28T22:30:42.558+0100] {logging_mixin.py:190} INFO - Task instance in success state
[2025-02-28T22:30:42.558+0100] {logging_mixin.py:190} INFO -  Previous state of the Task instance: running
[2025-02-28T22:30:42.558+0100] {logging_mixin.py:190} INFO - Dag name:ml_project_dag queued_at:2025-02-28 21:30:18.879922+00:00
[2025-02-28T22:30:42.559+0100] {logging_mixin.py:190} INFO - Task hostname:LAPTOP-M4D67JM4. operator:PythonOperator
[2025-02-28T22:30:42.606+0100] {local_task_job_runner.py:266} INFO - Task exited with return code 0
[2025-02-28T22:30:42.618+0100] {taskinstance.py:3901} INFO - 1 downstream tasks scheduled from follow-on schedule check
[2025-02-28T22:30:42.625+0100] {local_task_job_runner.py:245} INFO - ::endgroup::
