[2025-03-01T00:10:51.304+0100] {local_task_job_runner.py:123} INFO - ::group::Pre task execution logs
[2025-03-01T00:10:51.312+0100] {taskinstance.py:2614} INFO - Dependencies all met for dep_context=non-requeueable deps ti=<TaskInstance: ml_project_dag.cleanup manual__2025-02-28T23:10:14.700480+00:00 [queued]>
[2025-03-01T00:10:51.317+0100] {taskinstance.py:2614} INFO - Dependencies all met for dep_context=requeueable deps ti=<TaskInstance: ml_project_dag.cleanup manual__2025-02-28T23:10:14.700480+00:00 [queued]>
[2025-03-01T00:10:51.317+0100] {taskinstance.py:2867} INFO - Starting attempt 1 of 1
[2025-03-01T00:10:51.329+0100] {taskinstance.py:2890} INFO - Executing <Task(PythonOperator): cleanup> on 2025-02-28 23:10:14.700480+00:00
[2025-03-01T00:10:51.334+0100] {standard_task_runner.py:72} INFO - Started process 14483 to run task
[2025-03-01T00:10:51.338+0100] {standard_task_runner.py:104} INFO - Running: ['airflow', 'tasks', 'run', 'ml_project_dag', 'cleanup', 'manual__2025-02-28T23:10:14.700480+00:00', '--job-id', '109', '--raw', '--subdir', 'DAGS_FOLDER/ml_project_dag.py', '--cfg-path', '/tmp/tmpftbs5xq9']
[2025-03-01T00:10:51.339+0100] {standard_task_runner.py:105} INFO - Job 109: Subtask cleanup
[2025-03-01T00:10:51.377+0100] {task_command.py:467} INFO - Running <TaskInstance: ml_project_dag.cleanup manual__2025-02-28T23:10:14.700480+00:00 [running]> on host LAPTOP-M4D67JM4.
[2025-03-01T00:10:51.428+0100] {taskinstance.py:3134} INFO - Exporting env vars: AIRFLOW_CTX_DAG_OWNER='airflow' AIRFLOW_CTX_DAG_ID='ml_project_dag' AIRFLOW_CTX_TASK_ID='cleanup' AIRFLOW_CTX_EXECUTION_DATE='2025-02-28T23:10:14.700480+00:00' AIRFLOW_CTX_TRY_NUMBER='1' AIRFLOW_CTX_DAG_RUN_ID='manual__2025-02-28T23:10:14.700480+00:00'
[2025-03-01T00:10:51.429+0100] {logging_mixin.py:190} INFO - Task instance is in running state
[2025-03-01T00:10:51.430+0100] {logging_mixin.py:190} INFO -  Previous state of the Task instance: queued
[2025-03-01T00:10:51.430+0100] {logging_mixin.py:190} INFO - Current task name:cleanup state:running start_date:2025-02-28 23:10:51.313008+00:00
[2025-03-01T00:10:51.430+0100] {logging_mixin.py:190} INFO - Dag name:ml_project_dag and current dag run status:running
[2025-03-01T00:10:51.430+0100] {taskinstance.py:732} INFO - ::endgroup::
[2025-03-01T00:10:51.432+0100] {logging_mixin.py:190} INFO - Cleanup complete.
[2025-03-01T00:10:51.432+0100] {python.py:240} INFO - Done. Returned value was: None
[2025-03-01T00:10:51.435+0100] {taskinstance.py:341} INFO - ::group::Post task execution logs
[2025-03-01T00:10:51.436+0100] {taskinstance.py:353} INFO - Marking task as SUCCESS. dag_id=ml_project_dag, task_id=cleanup, run_id=manual__2025-02-28T23:10:14.700480+00:00, execution_date=20250228T231014, start_date=20250228T231051, end_date=20250228T231051
[2025-03-01T00:10:51.453+0100] {logging_mixin.py:190} INFO - Task instance in success state
[2025-03-01T00:10:51.454+0100] {logging_mixin.py:190} INFO -  Previous state of the Task instance: running
[2025-03-01T00:10:51.454+0100] {logging_mixin.py:190} INFO - Dag name:ml_project_dag queued_at:2025-02-28 23:10:14.711039+00:00
[2025-03-01T00:10:51.454+0100] {logging_mixin.py:190} INFO - Task hostname:LAPTOP-M4D67JM4. operator:PythonOperator
[2025-03-01T00:10:51.471+0100] {local_task_job_runner.py:266} INFO - Task exited with return code 0
[2025-03-01T00:10:51.479+0100] {taskinstance.py:3901} INFO - 0 downstream tasks scheduled from follow-on schedule check
[2025-03-01T00:10:51.480+0100] {local_task_job_runner.py:245} INFO - ::endgroup::
